<?xml version="1.0" encoding="utf-8"?><xliff xmlns:sdl="http://sdl.com/FileTypes/SdlXliff/1.0" xmlns="urn:oasis:names:tc:xliff:document:1.2" version="1.2" sdl:version="1.0"><doc-info xmlns="http://sdl.com/FileTypes/SdlXliff/1.0"><rep-defs><rep-def id="zt1NaShNL1y3obUtdRpDDFKARP8="><entry tu="8231da12-e097-4d52-96b4-4bb1b1f2963e" seg="2"/><entry tu="5678349a-5f67-43eb-8e86-7a2ec7cc8d04" seg="5"/></rep-def><rep-def id="cB2t4xcluf7LdgtNT0nXhjfTz3s="><entry tu="456dacf3-6388-4e07-8d7a-fda730ecf634" seg="39"/><entry tu="a21ddd16-a004-4ef8-a073-3c8220d96884" seg="43"/></rep-def><rep-def id="USR5XwKfLFcrOJ1rQ73aXqBN9SA="><entry tu="456dacf3-6388-4e07-8d7a-fda730ecf634" seg="41"/><entry tu="a21ddd16-a004-4ef8-a073-3c8220d96884" seg="45"/></rep-def><rep-def id="QBOwMNmFD8m8jxj4EXOhE+Iikfo="><entry tu="6d5b7633-4e7b-4786-9e6d-fcedd102eee7" seg="88"/><entry tu="6d5b7633-4e7b-4786-9e6d-fcedd102eee7" seg="89"/></rep-def><rep-def id="tuQPdAIecXzVSlokt5jtW7uCzgI="><entry tu="7a83fdaa-5056-4597-bfe8-b6e11b519f2c" seg="285"/><entry tu="d87f8c1e-3f2f-4fa6-b691-44628c5ffbb1" seg="289"/></rep-def><rep-def id="2UttsJllA6H20fa/iPIfC744M24="><entry tu="b0ee44c9-7db8-4eaf-bfcc-5576719508c1" seg="8"/><entry tu="59fec342-3305-4112-85f7-19977e1f0a6a" seg="340"/><entry tu="28324d62-b0cb-41eb-b15d-504126374de2" seg="433"/><entry tu="90b65b01-f396-4718-8895-6626b6e94d53" seg="434"/><entry tu="f760f0a9-8dca-44f1-9950-348a51b64445" seg="456"/><entry tu="b99f1350-2f36-4596-8f0b-7d583cb118bb" seg="457"/><entry tu="ee0750fd-aaea-4a37-a606-12c07ac811c3" seg="556"/></rep-def><rep-def id="IRx+ZuX+4FhIWaSY41kmDT6cRgo="><entry tu="986433f5-3d6c-4929-a344-5dcd6fb0480a" seg="342"/><entry tu="25166e11-1191-4d57-9776-3f3c567fe0c8" seg="349"/><entry tu="457153ba-d609-47ae-b6e7-16869552391b" seg="353"/><entry tu="699f0338-a4e4-49dd-949b-409c63085d49" seg="370"/><entry tu="e9aed1a9-6717-4b08-a222-cff26e05b4ce" seg="378"/><entry tu="11ae2c63-1093-48f1-bbca-772fda0c3e8f" seg="386"/><entry tu="bd9a20cd-3a63-4bda-ba52-67825746bade" seg="392"/><entry tu="53b9d749-e368-4b56-b1aa-c2a853afe989" seg="465"/><entry tu="844ce965-90c8-4d82-bd7f-e0eb6f3a63af" seg="515"/><entry tu="b2cb7092-7259-4fd9-aa2f-c06f7809b37c" seg="520"/><entry tu="b2cb7092-7259-4fd9-aa2f-c06f7809b37c" seg="530"/><entry tu="4cf855b0-2d6c-4fd4-b9dd-35d18ce02929" seg="539"/><entry tu="0410560e-0504-402e-ba00-b55a00cd6af1" seg="545"/></rep-def><rep-def id="OWqGrqrVomxVhJ/owXA45TsAqBg="><entry tu="457153ba-d609-47ae-b6e7-16869552391b" seg="362"/><entry tu="457153ba-d609-47ae-b6e7-16869552391b" seg="365"/><entry tu="457153ba-d609-47ae-b6e7-16869552391b" seg="367"/></rep-def><rep-def id="OAiKOtoT3TpLJp3wLGTo311lPsA="><entry tu="92da3ffc-b8b9-4787-8019-d0c7e1458861" seg="369"/><entry tu="81bd6daf-9b96-4f0f-8857-0a6ce080c441" seg="384"/><entry tu="e87cefb9-91b4-4a5e-92b4-2a4dc431a2e2" seg="401"/></rep-def><rep-def id="l9glTMJEtv4oP11hQIpV937zb4w="><entry tu="cecc65d3-56fc-487d-b003-23cbbd93f224" seg="404"/><entry tu="471abc18-b22c-40ec-a370-5ba2f8b5c03d" seg="405"/><entry tu="2d3b18ae-f490-415a-81fb-dde8811fd8ec" seg="406"/><entry tu="65dfb0be-d309-44d2-b051-2e1f9a734422" seg="407"/></rep-def><rep-def id="HdA4Ru8s6n5M6n4NgUokl9Cdqvs="><entry tu="901164d7-3b70-4191-9243-3e54b55b2748" seg="410"/><entry tu="300c390e-0b64-4088-bc37-e83cd938b6f2" seg="411"/><entry tu="0da70997-2387-4fff-9d11-c83299a6f34a" seg="412"/><entry tu="7e7c73b5-70ea-4c0f-9be3-0fe9438ece42" seg="413"/><entry tu="64017a2c-7548-41e6-a6fe-0bd93278f54a" seg="416"/><entry tu="8c02308f-a336-4b79-abe0-0cf9c66369eb" seg="417"/><entry tu="ba762bcf-90aa-45d0-aab7-606b1d9231a3" seg="418"/><entry tu="24f65c9f-bcb1-4c19-a93c-f03e03448c49" seg="419"/><entry tu="96b77416-ce84-48cc-8c9d-999e77bab550" seg="422"/><entry tu="864bf5a1-bb3f-4a9f-98da-029b34529252" seg="423"/><entry tu="5d3cf8f7-4402-474a-b5e6-5a783e80ac62" seg="424"/><entry tu="bbed12e4-c985-46b9-8d4d-c5e71083c40b" seg="425"/><entry tu="ddae6a0e-c0d6-4ac2-b230-da1d4c02aeea" seg="428"/><entry tu="d1a55a1e-7314-4107-ac90-58ca913d6373" seg="429"/><entry tu="2de7412f-886d-4fd6-874e-9fe741abb6a4" seg="430"/><entry tu="6c4d3fbb-1fde-43ce-bcb9-7506bee59d1d" seg="431"/><entry tu="48fef2ce-4411-4faa-8314-74f259e55de4" seg="435"/><entry tu="5630861d-be11-41ae-bbf6-4d1c28867dc6" seg="436"/><entry tu="15b7c25d-66aa-46ef-a2ab-11149453f8ff" seg="438"/><entry tu="ee63a023-b49c-4c1c-9598-4d570d36bdad" seg="439"/><entry tu="71788f36-fd01-4b32-a2ef-6991577d18db" seg="440"/><entry tu="e4e8cc12-4507-4b04-af83-57a4a3e35ca2" seg="441"/><entry tu="2edc699e-a702-423c-8eb3-6b2de7a5a9cc" seg="444"/><entry tu="fb6bff53-f245-4417-bf88-fa17a37444d7" seg="445"/><entry tu="a26e4392-f478-4dd5-8869-fa7acb84a3f9" seg="446"/><entry tu="9a4f9448-2c2f-4637-8d5e-7393de164939" seg="447"/><entry tu="d7771b53-7e95-40ae-8782-ef86a1c57588" seg="451"/><entry tu="3128e1b5-b75c-4493-a607-1b4d254ed43f" seg="452"/><entry tu="7ffbe22a-ddb6-4a14-b96b-b6d85f32d0bf" seg="453"/><entry tu="f9474abe-4c4b-401b-9d17-be57f868d686" seg="454"/><entry tu="d1e2e22d-b1d2-45f5-a690-b03e527670c7" seg="458"/><entry tu="c6e8336a-ae66-4b45-b218-d6bcef1660ec" seg="459"/><entry tu="911aaf11-9a0a-4b48-905e-3324b9ebeeba" seg="461"/><entry tu="6ec90ed3-e71b-4f3d-83d3-ce36d343c116" seg="462"/><entry tu="e6a6904b-d639-424f-9bc2-c9ee9fb49f33" seg="463"/><entry tu="98ece8b1-d0b0-4711-af2a-c9f2a8a53161" seg="464"/><entry tu="2439bd8e-558d-4662-ac08-0f8c668808cf" seg="482"/><entry tu="0ec5967c-4333-4137-b858-a9c9ccbbb390" seg="483"/><entry tu="164c48c8-eaab-437b-ac0b-794a984d5825" seg="484"/><entry tu="39b149ef-cd7e-4990-af41-d8ae115ebc22" seg="485"/><entry tu="44d4e32f-7ef8-4ffb-92d5-4b3d23f6e135" seg="487"/><entry tu="9904d0ac-a22e-4523-8c99-a4850c68c1e3" seg="488"/><entry tu="8da41ad2-9f4a-4373-9f87-3e74e40915d5" seg="489"/><entry tu="a7a7cd11-e54b-401b-a6e8-d5dac8e6b521" seg="490"/><entry tu="db64aaf9-3cd6-4be2-8663-060f8300537d" seg="494"/><entry tu="1cf7a8de-9b0a-4ea0-97f8-3f1057ef85b4" seg="495"/><entry tu="9fd42737-cff4-489c-8a0f-e513f4ded59d" seg="496"/><entry tu="5382b28d-5beb-423f-82a4-25fef81ea6ea" seg="497"/><entry tu="e4658ce5-5823-4931-bddc-aee5c0bc443c" seg="499"/><entry tu="e6a3813a-0532-4632-b180-f3f8c2c770c8" seg="500"/><entry tu="bd97fbcc-1831-4a6c-a3cf-fdea8efb2e90" seg="501"/><entry tu="797eba54-e035-4a9d-a97c-e29c2976ede2" seg="502"/><entry tu="b1022be9-9b9e-489c-8229-7010c1c0ed83" seg="505"/><entry tu="1404aa61-3f39-47f2-b633-0beac6b97390" seg="506"/><entry tu="18bd20a2-a629-4b82-a818-0f919a84a1ac" seg="507"/><entry tu="5c6815fe-34a7-4f57-aa99-d9cf9b38396b" seg="508"/><entry tu="e587088b-2159-4713-958d-01384d39d16b" seg="511"/><entry tu="50bec0df-1d82-4e3e-bee4-9f2a03d8392f" seg="512"/><entry tu="5e938c24-47e0-4f12-bedd-74a0642e2d62" seg="513"/><entry tu="802aa64d-148a-47b9-b7c6-fb5192806984" seg="514"/></rep-def><rep-def id="ZNKkWL5n4d1dAVbikbjplfDmUDc="><entry tu="ffe50719-7103-45de-85d4-3a150565a9df" seg="408"/><entry tu="9c86fe68-395b-4074-acd1-ddf749e275ca" seg="414"/><entry tu="a7e30570-e1b1-467f-a14e-cb21fc56b6ba" seg="420"/><entry tu="4e9355e0-b292-47f8-9393-46bd0c9d6ea4" seg="426"/></rep-def><rep-def id="vrAbeQzPbO3B8dIj0yGgGPH42HA="><entry tu="ffe50719-7103-45de-85d4-3a150565a9df" seg="409"/><entry tu="a7e30570-e1b1-467f-a14e-cb21fc56b6ba" seg="421"/><entry tu="4e9355e0-b292-47f8-9393-46bd0c9d6ea4" seg="427"/><entry tu="6e40f8cc-b4db-43a0-bda9-e6e46b67f9d1" seg="443"/><entry tu="4d93261e-d1d3-4491-b9d8-5bb588874579" seg="450"/></rep-def><rep-def id="rLx/4xlu1d3fYvUrYJvxCa6FZrA="><entry tu="78bfec50-aaf2-47fe-ae9f-ad83393e25b1" seg="432"/><entry tu="f73a4735-bfcc-485b-be19-8657c0d56978" seg="437"/><entry tu="d9abbf04-2c48-4de1-81c8-210ac9faebf2" seg="455"/><entry tu="146adaff-7e28-4517-b60b-aad288ce265d" seg="460"/></rep-def><rep-def id="FpWFxdmfMkz7MF0L8GRxTwVnroA="><entry tu="4f97630b-4def-4aa4-aaa5-74889c41a619" seg="402"/><entry tu="f59bd6f9-e623-4209-84ff-a4ae14abb398" seg="470"/></rep-def><rep-def id="791DGqa0K23BWepoAAP1xhXvwZk="><entry tu="67eff42e-3e18-48d4-a350-af5da2a41c1e" seg="471"/><entry tu="f19cb03a-3f56-4415-995d-5c1163a38012" seg="472"/></rep-def><rep-def id="zExw08ye1ibWLbHJEtVwCbkgGI4="><entry tu="def3c06d-8b19-43d1-b614-d102b3286808" seg="476"/><entry tu="44a3ab2b-99c7-456c-85c9-b3ebcbb88f66" seg="477"/><entry tu="c3aaf224-625c-4587-b4f4-ec5b9a5c04fd" seg="478"/><entry tu="dd4dc77e-e7fb-4003-ba4d-455330f7a2ba" seg="479"/></rep-def><rep-def id="kvDb2IoakeVV5COiU7UJZ5iVYjA="><entry tu="014daa53-8dfb-4162-b0eb-117cff623cba" seg="571"/><entry tu="fceae8d4-b73e-4af3-b514-056a4e7d7112" seg="573"/><entry tu="50d92d89-0737-48b5-ad52-96b0f4281e21" seg="576"/><entry tu="6b6e687e-02e2-4904-ad55-8d9dc1002e4c" seg="578"/><entry tu="967b1dbf-b4ee-4b71-a30c-f7464942f6f7" seg="580"/><entry tu="74838454-8c2a-42a8-9124-19b48a7cce50" seg="582"/><entry tu="0b98204c-f7fb-4a97-b22a-1c2213d7de25" seg="587"/><entry tu="2185337b-919f-41f5-9018-6cdad20baba9" seg="589"/><entry tu="8ff50d30-3bb0-49b1-a226-dacf7c1a6344" seg="591"/><entry tu="c5ea7989-b42a-4657-8de3-3a04840e42a8" seg="593"/><entry tu="ca7a1e69-24e8-4767-bdfa-603b74379d2c" seg="596"/></rep-def><rep-def id="2yulyTeW6T982c/0BZoFWR+LeX0="><entry tu="648ed1ea-21c5-41cd-bd67-5f3bb1108bfa" seg="570"/><entry tu="22963e0f-ac6d-4062-bf9c-c2b391902e4c" seg="603"/></rep-def></rep-defs></doc-info><file original="D:\Sherif Files\Translation\Clients\2017 Projects\171273\171273\en-US\PCT-Application_FRC4-95635(2).docx" datatype="x-sdlfilterframework2" source-language="en-US" target-language="ar-EG"><header><reference><internal-file form="base64">UEsDBBQAAAAIAGusR0vKi6E/OdYBAJkIAwARAAAAMGIwb2kxd2guaW80LmRvY3jst2NzLlzUrRnb
tm3v2LZt646d7Ng2d2zbtm3btpN+Tnd1VXfV+QfnHR9mrbXm13nNsYaiDCgYGhAEEBQQEBAx0Okz
3VskMBCQGSQQECoQFIiOiL2di5mdi4Gqp4OZsx6DB8CWqAAMhCoPCATof/R/tLrUZBQGBJF6st4I
M7sz3fqDmEMH+keVpIYI61xKzZo/x27uPl7lPdmk/VHy9TObWHdtKDJeIGD1xFnvhLSSGuwWjJDT
p6TNIpP/RusfeGOAo4lHLuBIrqOA4D7V1noVFgchIW8EJ8shbYOeEmf5YxDXI8CpOV02C3o9g7uT
fKKA323Kn8ZarBBhRdcfGH7voB4Zaxs/deXN2lASTPQVjLqaFKew7OuWswSonrKSuqsexAgLj6kp
pFNh2pUF3HfDqB3X9RltldK6OUhrjFfcBnsUGnmRE+PAxNUKq2TPVqfpbthWQCfhYe4kTZ20T+SN
aNjObMIJ59Gfs5TTalM1yvnMhWVcMHsI6+9Iym1bkuw1BDt4QtrsmHsKkgniQnBMxWCcMPnaTw8j
PoiTtjdb0rXUx2R2zINhrSeG0T9COxOJMTPkx3DZluHKEeEragp0WnxqzuMlFc3ktzLMCb34hXd3
t6Fzl/Qh8FYcJtWgR3xc+Sjim0E/iF7v6tx8DWa+X1Cu/0IAAf3+ggL9/xEmSMBpvf3vJP8fobD/
IWzgZGbrzMjwv+r/oPs/+l+qSuy3HmSCE7wN+g6a71ba6McqlGc0mdvEWoeE0pGSRd1cs179+eZd
WwPROzeSmFxYTJrzcv4n7rqXrHeHk6oGH9kNvfKuP6jz2eUBlBLSVczsseJwAJd18mL+PUEqRT0R
FKWFHjmLA5HwFp4+3Yd6TCP6clwKa0VCPbtkQtZYmOOotvqa7sual8G8vGItqeMNWcEn1hOK3zGD
7QtjLlCfxkofHzew06A3pHqR1MYSY039TIdjy8RI/i/BuAoG565r/sKrsLd0OCKEDjofOoLx08dc
F0X75zTyBFuA45ZYq8lg3x73n57QI/D/jg+HVa5Ujf86o//RgwcEBexu72TK+P9AYmpv4gr4z+3+
l839v8AA/wcM8P/xuz5lV36ACS3sVs4nrPi1BpfqBzoI12Sg+gA0+dlWdjWnhC+8qxseDAskhgI+
7Zue7/Ry9cSW80cd8AC+wl4Gm1qKLSOYRoWrh3n198PpsQ9FQlhmviA0sLqv/v7sw/oNppqod3wa
9xDFQKwzcDpiCvW05l8QCoMY6IZf+RyNkK+VjZ3oO7X1XjcdrsNmdb84JHtSBF16tuSuXwfLXdqG
ppoc9KwmA5ol93zgn4nXF/CQ6gCYEkEOY9SXBUQVVt/MfMKkfuCE1ssXrE2y5+YZ4i0DcRGChbmo
igB1ehfyqlUL9LHfZ4OClBFj6BnPxoptJNUyKxpzwOlVJxXs+qxJji7jElzV6IbKVQHSEBEFmGV5
QgdmnVwgQUEkUW+rM/rlMcWUCJI7MzaN6Ae5MSa4nKkj9YzAFNIwQDacfGon1lyFEi6AV9+c97n1
MILwy1dcAOh/N5hUsHq05T5AQJ4k4EDI/73834P5/x3Jq79WsVvqqTe/kF18SCA4CiDC+WNSKq3b
kjZ14GuphuUdd3NziBBBCY7Z/6aIWUV6u+Ir+JZAPjTo9+gHaD1PeU63JmUgSFnMpI5lKSuBaIMG
sz1O7gV+HknkAhvbqmRz/rpa2HN3og5pJTPKuj0sZ/d2eXv+3mfnVQzaIlN4Yvi5WuBruP88Xv5+
9/4cfp2TxGWyzVz4h45VlJ6KPS1nq+lhKhDylhWo/QtdZmNXytB4b8gR9/wgMmCQQxPgnJ0cDvpe
34n+pZngjayMPPHGMLcwcpUIk/kjMRnFWZg12SU7mOmbSom4UMcLiPxk80JeMbdDUam1uloX4ZH9
Wc4umcq5QHrdDrybUNGK/zHZpaplqe160FXwt/BRHIGuJp6tSKHeAHztzJ+dTCA4tdigWlgZ5/Iw
viAIXOPyMg46f5Ti39FMGozJWJHQ7vId7FzBGICJtP2paQi++edGbmXZ4Haw68q2s3+D/3cL6PMb
ODJJ4ZNzN9VTpakwQwH3Ws3tYgTE3G9I8yPhu1ottyW9tbKOCE62sLRWvqEL7hS6OpxfS7CUAKjq
1kcOzSKHceWtFWomF2VY++tpGV97cnCwsDCI52UhCwXz9eUlp9vngIE/Ls0oaanN+W26f/4+oftx
xDtdwlflILcCilQbnS8Z6990/yD2Tl9cLg4dve3F1wwoL86xFr7Bklx6V0ra28UsMp8vBoXBdsZp
8KgPfBw+5QmZSYGVfZhatNFxgnIJo8FCHjofSpjaX92Mu0qeW1kcjf64e887lZzQDF7+VXQyT6vR
rPvfI7fnfv1tgSaNHCPN2w3Q7KeATZ7QDd5xATdXFw8Dwl7Px+9Ki9Fb/e4fZo/3j9K96ftOTIGe
QdJmXqosrP3D1IHRSsLfqL39ZwX7XIjZ0l92+B2C3s/eUQGCX5foX4jdn+PpzsO990vCXvgd39eD
UQEI2wsH/fNeN0Kprqp79QRU8G0eL9tWM0J84usPoY1Ojdsev/smUOFVt/p8OA2/75fOwz+MOZCz
+r93J6WY9rsLufb6Pr/fUe72Gek93z/PBkG5/90P3q6jEopi/RmYHj/M7jRAEve2FRhjd78Fl9g5
f1J/Pjk8xII5OFOzRgX4EX097m86V2d3IZ4GDHZ6SHA+bzoxRf39sIzOYf2qH0tjuoGYufdDdO2B
NttNS1Tt9Xm9n5XFupH9xYE+JIEC5ScM4ntUlEbUdHOG3Xt8rQ5MkY8m8/SH+yuvonsCxhv3MmEC
G9dNtpfhUcFqaS2+bHnve8+nu18NpN8+r4x3eQLdDvOy5ZLZbLIh0ekYooBSVQYSIn/oDsgirBKM
WqAW2vSPoxngHaITSmBUosn9KN+5xAuvhzwu/u3AX7Ag2IQW3ZGNuMmJo4b4OOMYkvNQ0B8CQfB1
NNE9Ju8MiHiaWRMYQJzPIgVH0TCePskzsIoZCd/FGj2y2NPYksoGfg3QWSYrrwQdLxI6ai2XcLhk
SYmZSQ2eZC0mQMbwnjXe5dkPnD0F99HiYs+PhfNDkm70ckWfmS2ki6GjmfVYksgcCy1F4FbDiiTz
aEECpcdrRiv+kvVAKYvcqbAgGobGU5tEJELwTxDJytbD2KCCVz4XTBXW/TvVYif2FfbOn3w6paEw
zt1FvOQtHl3gjSANVOFNQj6YJ2fqCtdzfyqEScJ5JdG+DvY1+4qTSmYWl2qrCc4wy9fDNmKp7ye/
dQh0ncmAzs7yIt9i4Y86l9rYHqgLQ2KsDk+RAzkJYoNTb4Sy7OOqpo8yrjt7TInw8GdvHPXRGtVS
ZH/MPSyLxVwjjdNKM99Z4ow2w1r2HL/CX4wMghsCN2E0Ni99g27JyQ4L/rc37HJUPn6GybExF22E
rvrE5yDqhSOmGTpZ3N8v7ql1coehEMglh5lGcbQ/GNkjIkwbfe8ZuEXW9uXvf0bWlJtNeWr/A3m/
lLC1benk7uA8tq1DtECU6HkU65Ab/6cCW2fxi87cgegKTRmE9wGplAlchVe4xUxlgZYcupJ9CJKg
ShKnACh+MqpOnzli3uim5UhZNGEreSfptaRfBiMW+RR5WLZPOTNuBTctPi4Dg3Ohj8UtCULYWio7
vU1GLYnuHQT+D6LMbSIKY4Eb8nXBCLo5UCz+v8ViZSo60y/OdEpPF2ll/tzA1uqbjCX4+ck61ciu
qL37hzABSWwT+AKjtfpZ2W7zTN7+aDX5CgXRN+qjbE4V/MWERxzaH68mJO7dhKoY0+vD8Y19eBZK
TfB/IdEsEPMN4RQgiePq5nbBRc1vZzJ4N47EMswCG+H4+9FloWW785FDrCR0edhzCZZ4mRUllxnv
xfdnSugpRkIbvOEI1QzDubIS6o4ToLbp5FdZHaqJ6ao7g965+EG5fL4ub1/75FhfYnP3mYcbEgN7
ddLby1ndWn8iTpv7S/az59zJ6YHdyq3uVlOkjAmhL3gVhiQxGNOY31DvK9XoRjjNAgPyKaHGIj7R
h0YYZGH4O149Xmb9NGPyxmKgsIIhj7nbZCQdlEP3XItiycDHz+GrbLEWiadJ+FmRs6ZM4erGvVGV
ZNSJq0mZy4H1O1MSYBQBNXYEjcQJ7Z8gNsN9b94kbZLSuzSM05AOJ6LpzNkv9r0/19f/le5mPHMZ
54VkWbXk86TMsoTctfWR/OJ96mCojXAhOBwjcvlCS5oCYKHExUwMcTLCRCYaboHKmvGPdK8UIelb
7IPPa7UP2Vm6CCWcZqPRduS79Dk6geH1wJcuDxGyB9wP0VLp24ySknsQN+W4F3EwU2dCjJj0Ru2y
eUqMoQ/HdFisKDlOynyp/jKEyaS2EkSizNYHhILpN0kIka8FpN4+jRAr93r/AroRHeX0Q6UgPLHq
XWJr/G08pUnkNPh3cvhVvS0SsPXkmhObftaoZqJYUTnMd8+WiYh4NRf6H0EmiAfppY7oDAgNRdIw
XoYVQlBTdqI141BrbJF0M7kFTgkY/dyyTyqwkC6FC8vmzLMh63uSd+QOqjJHnmVeinGlI2H9YJQk
lposlFD2TKYgy4x4kn/1JFDqglHWf3RGetlCJcXj/WfALDwX9gqNANeOwkkn5VpKEO/njnnSth75
scJff4aQyOwWQELi+pNEDRJdLJfHt98Gav8CctPAVLDtp6HLmmQbif5hloxNkDMP4+FR8wZwqe4M
Cdldia/Mtoi01iJU5kDYRlreRtrU9nIW4MTeIWQP8sYKj50NSdRL56aMYMOl833M6tzvsaq2g5yK
VZn3W5wjxAxD2zPeWIbf4DJhXaFDgPGJ8IUVSMEiv0AXrPcI+XyhNUDClfrjeAmUhUvjaNuNCepG
XAwA6aBFIL+wOiUlZPnw/vH0CLpK8DSGuJfG/1BcDrlCBaWSuefUZC3cI8j/HVhYdyWORSTc5bNi
EpHWmmalfre8SCULS91D1UJqqCwKBH9jwEcW6CWhA7bNfmTRuXiBkZ2sQBlgqPIVKFO865VdhhT9
eFm2VXk0bCTk4Q+GwjkIM4OvUK4VZvY4Wy8mjqjQQhCHIAeryWGN18z0A3aTmLQ8x78GIBwaa+GA
MQiC98u1Um0UXLkLBaun4Nkz+MDLGsmrC4s9f8zCw6sOu8JvXvPqnxoiZztKJP5J7Iqj8IyziwfC
x6AgFjKqHnknimhEbUNKbwrAmU+zmA9b+iUzMprxKoKkVuE0VNlC4v0MVoTLpnnSdEw5J87povJf
skDKySehDaiK5CSJ2fTxVwupQYcrbKLSq6D8I/YtJ8yluBBEx40xx8DE98Pd30Bs0kA5nIhucwKF
PBZoVg4sOp78kW2aTKPZQD86n8Slhyc1LinNn5PM28NVJHpVjz6pWH02tDLrideYSWwdq6KFCX9p
U3XKNQ6c8UTJvOYSZloluTfG+obKrK6UKP+vXFPQSVJGDo9+4Uy2gAEboIuuZmM/DRtOLleS2lgx
Jpa3Fv+9pu+DkQnmYiy6jxwiQBCSu4WHxi9/0Ta1FNVmBGekCiGBPolKapzyh7Iys9jVeA8PU5Co
CTDYNWFPMEPAyqZfyfomObveHMCU38ojPEmuCTqUh2lHQYbMolbVgDbp+RTyGIlvUacR0XXEVUB0
ZwlmzH52925ieQQg8vi9QLpjbF2rfntpkVIZO18le/A2LVxN53BOnL/iw22VBJE9fR/Yk6SsmwWM
5yN3+qCTt2+cG3sHEbKj6+yEn/SDDSN3bvLy1nd1X9vJkLaaHd/t8Tg5urhygURISQ8/iumWOK51
3GsZbydMg9KnfOOsPHG0oUi2ZaMR83pOv+8wuPssJ8uApFTixUvSp5XwXH9Ikxp1XD987+Qs5P37
BtITXjqBsibChzUmEU7xTNT8xoxV5j0uhrUjxrvyP+Hhpw+i3ETt67yZxge7RywNWE0FiTU1JSP9
VWZp8AsaD9f+4ZuykA4k5gd/lbDFr3/ONL7s/xSI5unXOdnTC1j3mvPqq0IHfzLCzXRd72BzsyNY
Pa27l6oO8NxZ6t/h6PZXcGm6+ivPJGM/obUY14ZGYmyvCt8gV7CA5uqn87n6vdfaNxmE+uIBizPl
FlpnoCLa5orEjlI8iyCMKB9cTCebXmDaV1qftO6CKOmKVFSu8mJ7dFMac6WYUpIOrmS6ymefuKgf
vwbF98tyZoUefG1wM58gYRFnLsTiV1f1+y/4cm/DjymFcJ9AN3PsuN+zvzgolPC7I8KUNAR7aOkN
U/QWdLP0KUKBQHS+TDzGemkfozAMnLlZVvI+jREAIaSKXJ8CDinr/DW/3C0thlIgGqTuTHtIxXDB
JL0UX/88XU2xuquyHnMpsvVHSwwOzSjGi7DUanno+gXhta6qbRuYNm+yuD1c70kd14Tgv1+aXmQs
j3A9AtqeUGx7P028P0gnynwA6mvAxnzGkzvks+81gbrnR4r6Hgz8ereLuyYpG934LBdmaRpe0yQa
+ByrlkgitAUjc5fVPgWB4SYldsQugMKXh3dDwiCYRF/bzJhU6Aj1PL+ZhMc2UZLEMN98samt+FDX
2coybdbzj9Hv9k1jtcgW0O/6bWuX/eY4g4PJQwyMpCbIgtmjp1qaMlD5Q778vqI1YXsyBSIZPWza
1qdmIhMPoqTlFgUKsVkB8VtZfF9Hls2dE6MR/marzWxd41BCfvTC0+BrPzO1gcBi/P5BdF8S0Izx
8kvDAFh9UQ6IJ3t/NrAq0k6TY3fi0o4jFMODptMbB0obdP/KIDV3NFYi9/lwNodal62/N8gagonl
/XdDOAdbM1yxIhkydG0OdMIfMDwmmo0tAhx67Zi3e/BqAr+PviV7aVTGoNNo6pCUQqCKjY5aHFJV
iYfPcDH3cQOKhqSBdDlV+CN4Y9JWKHTsHRA5bMZD5UoBqmud+DWTeEtq03ZQW7g42+a5NkvJfWeI
6Z3FPA83HOTjd7mlKUEQSmsBlyzWGCRvXOKX+8+940r70v4dZpmhh9c/U/zV19FrtwtEAjnVfLqn
SxeZdLOLYkfLkGR2zhcOlX3hjmRs2PytMM9GC3kFljaQQjvdb0DmgoHf4/O2J50BZCIht9fTFI07
09D0qMJgLKmJz2MHEuG+BUjds9pWhJGtIPel/kwQfLCT7DmOvvMEqjp914Jl7uFrnq1QJ81cq1kX
tqoozCghOgpoLxbSaAg/hgWGsN35JsKCux+qtXjTP9MRHsTWIAG70v0KxOYaQAd6dnfI4fZsSPav
GFe31KaEXiBb+xIwDrkUPfB97WO2Ke9Ir0Wdg/DANyZFnUrDBNTvPQOfSoaJRcR5KeqAK8U6Inpy
pqAyYrb9CbADud2MOkGBz/R+Xw+JGa156gfTv+YNrsLhSMeVvNALdQzTYne79jgkJ+65296MtWZC
ukeYVE4nu76+9mji4kj8iki+bcADYPnwXlTAWEqTAjAnd8wDmWiFZJQTCn8pFAkg5kxCdo3RLTwD
xRWzN3e3vAVA7ugh9vQIHCCuRcCvJfygXM25KGJQYwOAymMvl7kjWEX3ddsupnVFaWb/GVRZzuWE
knqSvQVEYet8Ca7vC1TAHMEDf7yXBq1VW9m9b+G8QvJK2f9j3QuJasDeli7sq/N74vdogZGxItPM
NyhUFni+aw1gvSCwFhl6EjqlMhjZilOCIJrAZkRuc5Jf0rYeDYMVWWKmg1EmYqWnjrZWXC6vHxZg
VtJcEVI5whsQPkWXqUTujDbLIePiyWl5bziI4qRvI7LAVXRbZwDjYaoQJwpGxhJNr78Yh1eIv32r
QKhQ2yFby3HtPObassPpP2IcxngaJUYPSSZs7mmP4DDZPw4tkz9jVMeRIXnqX6YvNnNMw8whlxZO
ukjd84WdD0IAVgyPsvQ7N9BPcPVM4tK0elDumEGanSrtt+HyQbgubEySHuHtvv4jKBPO+QGdcqSi
TUvT4Ry8GAzKBDXxVuQ5CKj+s0SboijEqFhBAzfNkOmTbENt09podQfqFlgHC5QH8VVKzK1m9YWJ
29BWGfObQH4HY7hfmn0Z1vc09qk59MXRQ1uQzwlW3ZuTQB2XjHwvj76q+6rUrp9SJg0l2FC9ENmV
LNjb6WEIzi1B5Vsbl0tAAOOGHImEsWslNZ8tRXTVJZJ3c9eVLnsIbUMHKXwFlCAYrOx/0C8K9SBN
stTNtMtp0jCywNRKaXXJ6o/GjXJQF4X8wMCt2qPDnrLyJw2ibW6XTSoOFAQrIT3e6VOXPFkben3B
aQhVXQhDgiwhSDQpemaahpk8hm2+2VtmZfqEdz51eb5Fxg6ynI+FaMFdnfXgMXw2TnIhQubGjj59
1NGH76mFJdxsbcKaa8aeOuEP/5dQxFHomsocDJUv6ACcjOAZVJiHKJuF2CNGn1lM/DkMFTzGKYXi
MdohiNRmaSMSg0S5e89YYShwX4gUDHYfkGWpONJSuvWx7NG1sph2glK9bPTE8Ryz5ObMKWf5A0K2
E59tCNG21WTd1nt6IRoo8v3aVU+qKWJliigusyd54MaEJt6YHCTk9rpyqxsxaqvtJnBcTsbE720T
+oZOpksx4nU2WhTLFdkcHcRVai8vPvs8tvtLap5QH+C4CdgIFc3NWdqCw7Bi2fcv7/TipHzY7DHZ
CUP/wlqMQjg8EnlYuKONAHpexcgSXjONsbKZ9I8YrsnHdX/ztShv4vSmLIe7BwShTADObHYrEQDR
kwBjmE4IC6ZDPMDwztkka7HPyRwU172pdvkK0hHf+tayKejEtqiyxz8D2nFAuYC8m26Gfvb14bkj
u0PM4qKYYjPmMHQlOyx8MTTzkCqmMu8wu6BCiAGsUaBAL5SJ7Oa702wZf6rbt695cmPSWutmYarm
yej9jg09WiqdXmbJ7fbMLGw6gjv2CYAGmyspTZberC35zTuEsQ/hdMZRt+wauWd8KjuqDSLmh75Q
nGqFhEj1E4XgkEXHqBBvX6AP7Y66j2D8mnieQRTPIJ4oiG2+93ldiLoqMRnIref05LaQapkriVK/
YAQFQclMGVbQSmrQ9U88YKV1ABSQjYuN0iTMRVDw28VMEL4ImpU8hJuYfWePk2MavCmHo0rclcJR
xsdcylwwqfaweGqVNp4oZo1f1u2PeT1MRXfKZRk801VPrqi1aR2Di1xWU9MeLeIdD7exM/ow8w1a
naIhos1I3wW23Np74EWnwKycE5QBpcQDmx1cFMIF7J+Cuh+R36StGDiwt+40jMBnxJsJJKSUBVQE
PNarzbjmB/Odp9mvm9XvwKgK/CvuGbGkPzPxaIV0xOHvFNcZe8c78JjT91ijOxcbm9cAONpSkDz+
V2v0e2YWg5qG6icARHBDOm1KofSnN06xDzw6gQ3EqYMYXPpXK7uvOC7MFcio1xzck8r7w52iuXXS
OfOl2OraDeCstylxVNN5btpulPlnICmUYqMEcs87jgs4Fx1aVdYSui3AESoRbVzUN1sF6aEQ+y9D
0H+p1wh5MpMkIPRxZzEMMN4w+CNDuo4/ftOTuE27tA+ATrEKKrXXAN+x6UqqD74YC+oZaxi9GCC1
ji6rB2fndlpFUvhHEIPFajwVzgw6deQwFI3MakdszrTpH+iqVfwxicZQrcQooFj+o2znMvRe9XE4
f6gVnxlu52xeBZ/frlz+OZnG8bgyknLTXuN2N5NqsmjZF1e9K7cY09wpUTnidmRcGdoiuAHdDDDq
q9AcJk87S1qrkaYlIb3CdWiTxWksIzPtvWQtZqSGhsu5RXDb5KSP9+x7h6Nvg2G5Ipz+eY/by1gL
Mzok8Il0eAz7Y3I8hZyKiLDppo+P1MIP1ItTDRmijGCE4sNE/peUs6F4gR7VUyXsuhi+gDeYnnsH
Kr4Vm6h19Akf7zpU+dQzqzaomLoykywO1mce4a3BhIvyAXfreqA+SP+zjw96JxGGKN9VUuc8X2Od
K9raeQS7yakQf2tb8a6HUqgzg6Iku1wgdNCKlmHPPjsMBX0Bobj3VAore+dQiv38T2krZ4nsX0bs
NRD10nzCmeezUG4J5TWW8awHitF9Rw5V/NT5ixxu1fanjlGdQYPM9IAQBscuIRVJoM5R/nsxPt/y
UrqIueuoJyRQ8YafPqFxQWO4kDFQwfT2Ps2DuyVCuHR2az0ZQRcdZALgVcUkNjRhn8qaILHMTJqD
ofShL2FjYBJfMAjvypfg/bA1wRhulq6kCDIfVIp/QxEGauXJHvQ6+Z3eqwaM+M2wZ0tmZa1rBmB+
wMKiKAnQvlxl0UI6cfhhR/dRL+LpJUNMG4dqEswnePry2M7WuXqtn+3HjrQpckGn8BZyE+CMrVZA
n3A0iSSmrswNeUoUXmtpt/h5UkA5TTLnLao8kG+AMIY0u3rgJJo0gwd+FC6XaPgA67zmTXn4VY2y
1nog/uF5hkcuIZurB7drfuhX93o1ECS47JmsidkzQsERYriV0mwfq0vs9/0ID6iS2mn+TZOg64RP
KF6WV0+yLQtFx4C8JGdoSA768tSBcb9w6N7bcvoqMmLksYnRKX1ZqSqyTvtjU2QhZCUdItAmount
FJCLSu5YWGuVTHxWmMHGEuOTtFihce9qy7H88B6Q0gY3syICLILZBAwZHIOmgqCTF97EMs/6kzCF
NnAEZTHi5Bzzd8+SE7Yr4IRRysByofqTUmTU2UmsewAbJxwOHoENa0NMcJaMHFJBBjA7MliEBDda
z7BZMhxU5C2Its4gUsy+TDL6vs6Fm+PAQMIecyuzIHF9hHHGIK4ynZWmOqYZv1c8JWpVBAgIoSYh
J6dBztmeioFBSWmo+DEx48pPZVXXho9IJ8DMU54LEVMA1b64WD2cnOLfK2KIQ0pb1S4ojCcYHu+U
1Jg3HTs+3jduKllJbOyfSLubxsdzwxO+AzgOo+ZxVz6nF5Hbx73GC67naJ5sqfuUsy1JMuFWYh79
0dvUUExxY9tX899bv7ek+hxpJ7GrTGnucEV4beOSa+bncSZUMFHF1tLHeIXT+5VFzyGJR48zy9DY
w2YTpiT4wPWRakRAHq7Oz0rXjvvkNrfBKatMva5f/uJeeqzxOHnGgodR5tMPzHt9Dvak1W+2WDm5
+OLRRim50nVwnSYMSjAwyG/xBKSfwNCVNw8z/ndMxjWjXPpyha0eSHpD4d9ffqkwaA1CJ9puMN5+
wDay91dLK/MuVKJToQK7qavkPEUmYxD6BW97ZsCUlYp28POauZBa8n6mPkVwnhmaZL5ipxqYAIOj
ATXd/AQ8p7J/lRL3KqtB/fRFhkUzToNUvzH5LrpZ89FkquMEyGwJH8xBc5JRXb1Nzd+rKRZzWEbA
tGTUZOYKcVMC6M0rAQTtx8Fy7yHSWTN5GfyMyePXWk3o/ksG2Jg3f/tt1mG8i1b1VavqRA8VvCAk
cuZ1GOpguerYfXB3BypK3W2OxmsRu/ICbWU6ceL9IJ9bGWsbnhQRKDw3kHB3vhUARLpQ1v3StWw7
YnFm5eRRrbbkQrDd3YarZRaOM6cqzv/6eaUWjaKUtyv13KgYLMNoyuyfCRTWyPJX8EC+S2ARPw+M
7V+o1Bta8Q2rdHp4LwyWkn4RqKd2PSj6doI7wis3DFuU/JWJ29g89qtfSci2SVOOk9i/6tEX/taw
7xcLDQQV6ihuIA4SpefB9vgQVhdKdh/sytc6Cs2IFrdBhy2cpS1vNZo+UoMqPiU9L/DNC4mmJfLa
VPn0dVJMb2nnm1Z3FKbsR6M+keZ43pBJhaNxFDW3NhjH5DHTD2O6k9kxze/iZWCqN8iqIGPc7JWQ
jyXOWZTdfCyKwkDP9fjnS9e4Q6C4W20yOpFKvTGwMNuonqYWXq559BFaQyecYLPnO/ToxdkhrYDo
LIlnmPlK0SP1uVqV3vXVzsNg023t3ZdVLcllKHXaPiJb7S6cNEfVLVvsMJJERR/lESRLiu8CtoZx
tlruZ7nKn4FWvO2XZR1UyWE3wIcFI1WkCw7vZLvGMAo42DJQCQvyPCoY3yDCdEqEFpgxJcsQdqIq
6i6FStUK+mgUi08fSMgcoeuG3be4vocr5BGFcn9cDyGcUtq1zutJy63hcqS1S4GxarImNvN4tKkT
WdLnbVCrbo2XTQR8b+J8VzWuBBgTwBAZ9QIHxnAGOOytLfuMuoULfjUFxNRtYj+/AW06u//fMHlz
Sg1CV2Uze6hMAFBYJYRZYfQZQ7AGF9mOtvGdRxaeGb1p6mtIOuXYmBhy5HL89QS89iRdwMKBqFsw
CAW2Dn8F6o6c/Qhm2W5EoRLreBPm1ranOGlnUK+wWYMELycXjfDg0DTfuy4fjwxihTe+X1iZ55ss
gBgZtx5KxlVeJn4jXGldtcxOF9sVIpKyJsZsdP2uP8DJ+rZxAqwFhvqjXk20KG63C8bXCxWPbyhs
mRDRArW26EzQeKwnN/DBY3KNtBkn21dEvncw6FWvCfkwAq24oN17+ZQMzh2WucFF4gn63vVRJ8js
k7urlaTfX+xfD5jTNDx4J9xGkNNd6jdNivtQEv+yVS2Nfl9xesqBZLbw6kiCFhRxvDpQUdyxuPZo
8xuKaOnRKtGAp6t698NQEOE4bfuGry15Uep5najGMXWRUX4AjfNNVcmJI0JJp93nGAwO+rzSADfv
FkZSnc5RYMXBcC2zr4cxUGmuFEGQFlaL/iM5oweuFthZ6Kp3AS27EQ1CnGsBSBrqbWrFUwWCzUbW
6exRQ7Jzgds/a1NY04uQFsMSeF7DLCeE50E+1lL8fpOJwDL5PIm9iATYIch6+SQzOZDskcVzK1VX
JMvhAWgIaz7jmZtxiA9kegklY8XkOmgZPd6nSPtZdg/VPOt4g/q5+YQZPuot4fdlghfoAAEViYpV
WWKXson9692K5icK6+b0ccwkpanevcHhxaTztM3+U+fRvavbnecvBnCf+OBG3PMb97hdX+/ZcuW5
nDwxeUKC7UOyBs81XcGvu5ECzLup/qezM4IPW06brsmdJqdxBIfGuZfNWr/GeoYt7wNTNRmoKfve
n78HS7ZKKd2t62xtiVXEVac1KuBGz6KSM4Ibj093liTGWZjRTP8mewWyHRlzryJnb+UI79fQR8v1
X65+EozNN3GL9TGN1/GFpSrFFTQplmNtUFeMC1MiuHZNc/K8YeDnYtc/VyBQk3FMowi/iUhLqyWM
tHASqVNCBkUvKJ7NKzTqKry2DbnH1Xs+4sxQjVAJm9qqUzTfzMpt0hhPS84iBrMHlcKvao2dV7Px
WEP0U2e44NEodwl4owf1bWFWhgzm0VU+XneI1OAah1OV5OucELocFcO9ZAFlky6h9xg//s8Tea2D
sWrw0dKgzYUEhqocrlIqGN5E+ho0GVCQq6C804YD/Sjziz8PQfGmhwpCtBR2znEePC+r/JdcmqKw
Ar7IOp1mnRCQTJ093oRtQ0Ur7D8WjiqV4GXjq9YGuMGOVJ52BOBvcYvTffn1FLhWAqovRd+cCjlP
wnSQ7x9UbLHCh3lzZZ5h6pZ4F3p5nJ1ybI+RRe7pjRfCDJC6Ax+KvnouFB9Z4tzoF4DcAxkdau40
kvt1b9+dmB9z77Zjo644pG6uRl7o1Z3wYD/cWifUS7bQ8enqbwYiGtN/sRNdBcNmpfcHBGvm6QuA
1EKFgYscNQP2J6gRnk7SbpcgeKsLNx0saG3cD7q90SjO0O0xVpJy3GDnvM7ZCwnM8QD+ZUiSnZRU
mwv+cQmtU7wjUKZKu9Cm32dJB4nD9cIcgF+4zwZaao7WiqkltVf5b8Lzx5UFQNky6BZyvGlti+xW
LtsDH5G0c/QAblpXSLTY0XL1BK6ej7TFAYWV6Cj8VDVQ+iMs4DBmubnHIcRM6E7L5Tsa1Pi0v3Bd
4Dc/YA3/d/3uMM7iwPZQRHez0XkkGL7RrbNOiM/5kPbNPCLAmSC16StpzcW0IngjQsaRXdRrck38
AijTpOvcYliD1j6rKoGb9kXFPfuiqr+1HTGIgV0T+aRlmApaja4sr5CsH9m/BRGYtBSLa/jwtX8S
fneI4VVvtUsGKAruGk3LFHeIkPmRKlxLeBLCLKYx5cjSxHYzBLmFx24D1iCOFSrgy10Xx42b1gS1
vHC4/lMiqWmrKuJNPMLFC8V7WpsmuKMlbIHNo2VCbqip3v7rfCPC7JvBU0HHiBQpGJpd4kXwytw5
TscZZ0BuMAoMdfMGENNE7S7Aa15We0M21n75B3AJnIXTYdJMQQJVj98tydfaFtvYyCz5/Ujq2NbK
u78H8M6LnBltFQOwj19EH9NQ5PHtow3EislbDJDomN+Cz65hYzgSz9i9ouEiAd4CWqC99lqhHgjP
JDY1k5IDa3iPnq8aHCZhQ0EBKZT33yTQ+zCXUNhuARjQvFTBlLvZ1f5HQ941FvIlFhqZiu2Aqnwo
ip4A0MZ0MhTZS0fHPpqfyR7NkRKNKD2G/HnizyJ4HkPq6ylVZMJnMEfFeKe3ayq6NvV0X335G6tl
93Jf2voCAhhOgxk2D/J9IpAXwBP5+WCguy8cBUNstI2pbuZTqtTnKK07zLUjaiJabXtwuMvd7Qq4
lTMIw6BTDVJ4HkkHgjfgsgiI/GSo+Uw1Zh6dMmMyiPj8D/UXT2psgjwRutjSmGzTzLEg9Hth/vvY
LPxGTVbF3lBSQGoPQ+nu+riIovWk61rwtg749I04HKZAWF3CeJAOiJaBkbRX5e87j3Ts6cgC35w4
l9FIR1TkVrh6xNzX0FR7ITWfqImqbi7SD+QmBs9MetoYG11rkLqnkprO8aOXmvB4CFXNRv4JJ4MR
KpgzjMoPp5SI6BJi4rVtBHkCA+GxvSqimuFVGJQzU3XOwDEl3KevqfSJW0UYbI+ec9G6mWoVjgpr
a2J0ZWpC+Wgs4lNPJErEg35E3BESjujHnEM2HnjBvqSB+/IpvaFNKkgph0fr9modgn5cgFNDGDzv
mUcgm9YQiKiQJehmESO6Z01tS9sYB6g8IVvTStoqPr5IFNKN+CNY3WNKPrmNYyAMeISkXQT5STwk
jrahXxd9pYrqPaKzST/dH6Be+tQObbxIwR5a2HWiN6BE/IVCEYTWthEgqSvoSuoXk5bC6QDBQGB1
1jvSUW5z7LgHtyuBtEmGzsi9mIbJ3CVCtyG5cFzXOev4Q0XRlI2QdAzJOVBkGnOp8O4aqTIMupfK
IH8kq1YnxCvIjCXdhlbZafQw4mxnH0gc1Mp5ZR9XQJ/hzmS1SWI4cd0cHYbQZMUlr2NW6rD3NGrj
PmUrXhITN0xGNfUqTqqVy8TNnu9T7N9R+AMEoMlg28TMqSK5jcpETgf5HOrgEWpFtABMEhfrQcN6
s9OGSw5x3h6kdonyutrj5wedLx1J0GStTVdOdrtSpCqpkKlM29+3cOePO6FJrHY7+rs1WYpO7Hp7
HnzGRR88XRdgp8W9mKQuin4aAcr4ZVFp8vMG0oi+eGlRdmnhu4HIIi6ufqm8Cc9JfqQH6dyLIXlm
68BWPVRe4QkWHUQ+HHDBQAiy+OG5luHFhZLeqmpRS8U8rJAtpHKJLdwiUyq3pXD6ejU/svPhpCtR
fscCsmDZBD9dw2aMucbb5oXg6eH9LUN4I3/meEgCNDguihkKxdcizjDBmbz1etQLOcXUcf+qP2Te
zBp1YrAOqXWXcwJM6hVKbFdjgi+0tqFlmxV38hL3eiGP6UNSCC0F0ANcFcN3G9oiqX9XUIgURF11
iko90a/OTxP9Ne4aiatnWYW1OyaTdWbEcpmITlNJY0fKE8jW5ed0VNS8tFr9xRm1NMsjaWuspFIv
45io6Kwckd5wwHL9L143OZBrPCQFemUdAxS1ZLk3IyPi6d4snd5M7R/u7vllwN9cmTydXFxCNkiy
jJdH6l3QOeDpjuBl9CBmoRaRK1rY+ZOUJHzw0GuEQmRws6RE14Aym3AERJa0NHE0P+TheX0cXI+s
cNIS7vbu6NigWT3dkl28+lrlRTHP5NxTRYGBqvrUchIZdRjRTN7gWxqewxddCrXy/QQja6/H7anK
OJtjldyZ2DxtgsIEnvpmBBQe52wG9zvkpiwOy3+j5P+amhYaeoZ3sF70OhwtQEQTIVKJVE0O/MNG
C1sZGCq6pJ/+t7lgTX7GJJVwoVJtyOOsMTtIRvqvRYN4/zybqlTh0k4uKI2mkttgQl2rUU9HR1eX
770iQqzdslDZcTOuZq+jHZAL4Vnw9+mGEZ7vK+C5wTuppaPsxbqOHC/7g8I+e6hIo3QhOaDWIRmU
UuSEXNSwe2yDTbqkAxaQ6vZZUEQ5cfnZ+BkmCn9oLVY5bzso5YCT2AEVkbbjik9m5bTgstziJuzT
JFzsfXlzCLsgn75ZPqF9woxP89AotVamzqYqC/rYYFhG6h/FaUlSwqoF+CyaDCU7ePg9U0n/i7sN
WhWbkJOLHgBIG7DORn5ASrY/t27DT8uL8sRmOVg7aahnGrMXDIjrxxfE4hofk4rd4aHZUWVGhnCj
azbFJUIn3+9o9lu3y/Jp3owPpIec4d4/lSI2Fxg7QPUGFgouS7868kMwl2xPxZF+YVZJ0FnhYrCj
/b22usvErNkvSHSIIHY7109FvA9qYI1Nm7EmGctbogDmE7txVi/1lBJ4h2CsH9bydRbNQw5g85tv
afcXwnLgvBqdalVxvYy+Kmvluezhy+BLkcdVh/T+MOUQPoJKiFtDHuHXTKKT+5enBVMwiBQxyKAD
XREwVy2kxwzVzRa2fnxG8BQEa2kj1CgG5yBOx8gyEyRmx8EylVzaRuUkyjmLnJ478gp4w4MUJvbd
JGq83GTRzVsCQ/S1EjOWtzDOTYAH036MrraKBeWvPpQDTXCqS8BRp0vPnw8S5V1vokFAwyxM4QdV
HMXthvTGNu7nFo/HQiHgtIEsdu7HsuJoo3BsDYTfgfAmM8d+ZLqAnJWvU29th9AIzU5L5by6Zl3V
lmprupcxJTj3If3b9vy0X+9QJRNJglhP2uvrmtU5Pl+HB7LQx3iTVUvP3/oMClA0hPwFaereI1uE
kScMC8So521kjlN2qlRihnjVrgWQK37XHQFGTEYV4syV9zOp182voyvxCXcvASsfqLrU1+uqUVYy
9Ea1ps+CxgoyR0Pty/jeGtD2bah/URrOXbJE6NxyUwZH2/2+ctBShuutMEYlJexY8df35bwLqE8Z
BmaGXXSFPOJbouKRkCJWYXrDWwT/wQ5dakaAp+uEGfAw2CrFaTnuUG/rr4fnPIhrpKqdtnGeZlQh
pJhtVxHi2sj5BpMQZ0SJpAAuhJfRxBqq0zrIraVHbM52t7TicrCs+qvTqAmclh44yoTUsumPs/+8
x5O12tMG7QLz5o7D1Lnb64jjhn8dOJpafefnz13FSQyAdDfGU6mIzgoSSTmd5zLfNYA91+cNSoO3
FeMizdtnSi8YGzG+hHH+2WIlRYmVfMuId6jVkb5cGBjyz6rIbSzd2x43Kl9Rwy/lJklLtWSplEor
o2MW3oX6+180723KiOueQj8H0ULeMmWWRTGizvwHYTGbhaLGm29e7NgU6BfdVzPjPP1FoS0lCySO
TyZEtDuVZeLf8uLEmB7sBJQm9445AeOq/smkJtQUuY/4AsUgU6VBdTc9tKZkNc5Zr7SaDqVMWVqc
nA/Gv0C2w7HI+TQQNWvFDCwY092NjKO1Mo2n2IP/6RVTDTHjx7rhJfQoupCysD5Idipv7txtaft4
eAMbq1sVbrWRdyvvhYAnqKS7RBz594DU+rb05pP0GIs6DCC0gPnKEdAwWsmriPm6NQNleLTKwWFR
rtIThMry4Iw1Bu2XEEm+CHNf/+IE8SrmQ/GuGFnPsN4UZsXR3rHS0ZxoKc/TIQiOifC6Fb+Pl1FX
NAST7uDKbxMyVEmW0XnFeIs0LGoKOnUuLgdFPyp0Stskpwe04glzoHlXR9fwZ52rfJ8IQn0B/W8m
qgATTRqoQ/6l5Le1RSuLQG1adQTz6yY7teg+s4kxGXhjGJQtKRgwFYbjuDl8kWFnonlKkb+3GCo3
nFvSff/CoLGgmCHEIzOKCyf9uAjc5AfyzJ7EypxoZRcboaFdwo+EWwkVnWyiYGTCPF2H8L0N6jz6
qHNYxY4lujKFN4cNHhmiwffCEPMDEb36pLg/dXhuYfFPZ0dVkyKG07KLZ58EBnodBleTduZ0DBVH
wdpVvts5FgYSI/JLBxteQS4FuUGGa6Grv5GkBHwLAap9GirpjtM3T9uDhWlybpZQC7aeusUc8yPH
2jg8pTkptOkGyfITdTbbewHPlhnejC/U/Qs5c54nZOt9hPiBQ9R/28kdNAk+xhnHsJYZlIrHmi04
vlLgSSpw9HNNFSY6BrAdOpFapaezZPHWXCf94amHM/zTQ5kGi+qveMcmy6w4Nq5GclbvMLVDSV1Q
67bCZjw4RgP4tgX3MkWUJOq5oyOE5g2aAtnTOfFn86Dh+TepYpjCSCNlx7Ekg6lGzFxbpWhnYaKh
yhxSveYSaHTFThWYMVf1T12ADfcwj6hG/NPrkmEwGtaNSYCX9+NUoC5+VOHMYD5YTR58Uw55WOjh
MlRdjvJ7s9bP+/O/8hrjsyB6CztE4MKKJz7VNZP+nmBFmBX8mjmfPiptospmijLgitTfVqBiHC6G
mk0zjI2x0VmPwVdps4wU6Jwuqkk6EHhIVWXQKBI/FDMRtS5v3gbFGBnZaU3p0ZKtsnJe3c8opcnW
ZFc/5k3Cpi6V6EVgnKC8rg8LhjS6Uh275XE0ouBGXaNPFD0yyxKXBTafGesa0MBFbhyc119erQw/
ioPc1Cn2gNDDM2UOWMrjjsJah3BMD8r3jCkW57wAZYgTv0w30cBL58wimG+q49tUHA770mElB3DI
U1bUf3718Nda/YFFLWGGlMnPD/W24di+VXDxGBfNkkkql3jC13pRbNsrxE6zTx1ixjTsnM6clAet
YbuZUlnRd83ImMBc8x72z1CsI00NOtFjZjQrdR4Y/4zgalZ2jkpDAEAchLdGkPqdUXL9lmlDea86
If7AEG79U8nZnfNC1Sm6ZogRcNDN39V5mQ1BhiQV93GM5vxSMRz6GQMSd/htZAUiftuG2C+6qftm
Pqox8e7vB1XCtrVLwiHIjihE7yGyiLH+KTsRWKA6ofXiY5RJ3M3yov4Lqey7UJm+cIvV4Kqe8B2W
BPHKNyDAh2PkseQK6br9F+3amGQtiNmlxqqbCSAdQV8gYMpyYV2NS01tbBbidkXbwyPs8X3wQMVz
7Xp2MX9Wc2sjg23xx02ngqsYUXCCBR83EUBmiRI3diXoqXK8YShO6HTrlubQ2rHKTGuTr42bOZ8R
njs+D+PVHwI204QJAi/mxY+LC6fsghsLeVpCyNuzOWyeDlabovNs+9TuTIwlzcSEEtMoKl4bNXw2
ffvKuc6SsToGD2ZlmT6uvlDMMwDqE57VOqTQ5/rqqN0VNfN3G0S62KxUVx9vR85lCHXR4nK8q2HV
V2ZL0SNpkcU7ACK18EkoDbjGTBtwBkIgEc8rSrMZOZGzvvJ4AUb/VHoVouL495yeWA2uRZlaZJtN
/y4esTCntiXpiGClcjfldE7BuW758PQ/lxCVzBOOQ5M+0ackDiqnWGS+zp/viB1mJWJTqPLo5J0z
Trlqax+0XWTMpp+WKvxLJb7idzm8GvTab7Pp6436ip3oOJusF5dwgsMMOCseHFwPVFWq5y5cBdIY
bC9aE6sdiDGwDM3WYfE6HCXaFLM2r2Bi6d/AaV5pBy+bZmI8RNvyZN2rR91hMR4KRw7D2XcIEW2I
mKh7bwhdC2UA6PfkvTiNf4Qvl9PkHJM0O8FTRC+gGhSjL3fJIVyl1LRXnLrjdG0Hin9DA5pDAJZ/
OD/C/7QS2IeCPgM+UilaLPty4EvsydFp5YWgmwGOobD419NFXQpmJf1RsE0DwC3H2jIq4mYpzuiJ
eUfm1pMCr6byAo12gvysYwbNDZSKigV7zPo9CcMdxONurddRltWLbSp34IymULAz8nMUzdFG6Uss
qgALIuxAh8S+lhIR4dJb/3BBMHCIv6kLbclFOQVSUTRtnwfXWd4aggv1YYe5GFLuml4EbpnKiFq4
9Nd/WiYGat745fRwZ3IJ+jIRIPRRSM9e6c1SonverXRl1l/lr4hkwgPx+Q9J6OdbRI2U6vEdYlcM
sBatPRmKfZZNt3gLeEzHkLX7GBlh6hsxrTjL98N42krxglqzFWKFnzQCsJhlQjYjJEL/XmK/FGZ3
n3W6vriNXB043qKAMuCA6zUZXhZOp3hg1NkX57933+u1qWJ217JVaZrVtICkWVu8NpDLetChMZOs
EQVaHS8AXA24zQzikQ6xf9p2ApqrgzSyoIZN+c3bUjf7SMpXEC8B+4k+lmyBJkbBxo0U7qfHfzZR
/gbr6+xMYu+x07qwDjZhViKyfoSjtWJSM8is+xQBP26icH3VxRAx90oCtM+TmOD1r1kYhbWr5n6T
4Tk2MjY3aLG1FKc0skDuxfYDkVAGVfwR4CK4zyXX7fnM/HykviURVYuraG0t/au7vlEF09KN0Qv4
ICk5kNBPCHv49hag4vvJkSjPgMrdY9e+1ojPG4XBeP1cgWBtp1d2knuQe7hkUu8sNT3R5WJgahBs
aRgg5atckUvllDOOM6sNE6u9MKEutO23VkHQnhB974+9UXFK6B6lE/vXFxMKVbTR+8+ODYj14rPc
3BgGaCCYgtDbH73SHYgBq4Kd3ejqYJVS+BayXMgh0NiGwgoiBHU2uWDvwx9g5ldUZDReA9ebWHnv
xkl0SiJLveti8R1Fs3GTa03uyMtvFP1bR8jeXqKbYX0BX4JukDJv4sXtyl6JtqaF3e5VRyL1KF8t
Gr3WRfetOSO367IaNTUDqnq6yZ3QtS9oyFRBhMVHhtRFw7CCWUM+fRLqVgUWSKiNdZG031JEYx6a
4yX4I28ThZCBwws+cffkZF2GVGkhv34vPaGtgEKt11o6kKcBCFOt3B9JBdg1+QUMS5zC8XPvgKAD
/wLLKMrkssRkwLME/tbu3U8Dz+zUTWIy1TupvPGfoIJ6Ufq0yW1Pc/NTG3vcxtchFhYtoHsKj+RD
Uds7ugC66IVWWXAAjwMVh6sMqH97Jr3ml3mKSbfCnfoK1D6MqFRh4u/YO3lsyvwpDI/2X2DeIhIR
eHa0Xc3t0SosjehVhS53tys1k9ZNrcHVZIbs7pQy2qhiUz+pzxcfghIl7zMeaGqPRCLr9Uj15lKN
im0Zh+Srhr/4txMYGzJmUWNY/45Zxkbq/jJ+WwbrvE/DUUJZ9NPllmJX4j2XqstCAB5ruaP1aBFY
Dv768W6uDZKX2EW3pxc38r2PgIYIu0TNaHNZR1AQTR0gP5uCv3p1Ubz1GV8kUQF80BA+ojBCYir1
i2SS4ZFYOeU3BpVKmkFchgzfdQX581MgWtMzHYSThzcinD1WT9FkLY4TeS5rp+ZrNh1qFq9IMdWw
ze6off4Rg83XUMbAa0G4ZVt/p5b+FPcoAoYlj0xoM+Cu8a/ah7o0XJnxhjNv58l3BjsqlyIhRLPs
V8pprJc6WE6bFjWXaoeHwf36rAJDyTAmWXqE2WJN9Jl30jlT8SzEZNL1bf9oR/yXfCjzpOJqLame
vlwSFpW9xuYrRQzF2ZKZK2t1xSNCbXpXKOueLjRF+tc79WF/r35XUA0Sup//HKUeQnroC8Iqc+ua
BU2E9oyFch/Q44BGnWUv4Go9JHlqg3nqm1B33dqfsIS7jNREpVRg8P60b38GyGg9VJexwjX4W+0Q
OuJgNvQGwmu45Dj+25lTAfM5Xlcg3z2B51CdWL6gzuuFuTwlc/PLVFMZmUAKE1IbZLX1gdDDk7gb
LRgd3rLyQ4ZhV2NR8xi0LrzX7Ejhrafx/9LaL6OiCWhAuEDPuWQIwI9I1bsuMisgUbWshPcqhP+w
JOKf99Lbpn/XwB3OZDzC7UQx1qd0SShnr44FTf9StwsiFMdxEBdRjb8Ypafp96tcyXUSIKvHJNC2
gQ9C35U1O2fatWb2mTL6tTzs+1rXR0aoJy0jpRkeJvV+bmu4GeoLIiNjFu7QjL/ftXLgitJcG6vZ
fT9UAgFzTe1n73cv4tPZA8HDBPDQMO6JuysFQ7nRvYyjf2rzPlIO6Di5Goe/0Xed2R4USljc6XbY
T3iolZK8cIvK/180mlN4JdCyrTtJJ+nYtpOVFdu2bds2O7Zt27Ztdmzb1t37nHve5ttfc46qb9ao
r/bQ8YWVxatm5lWPxMjwyXIC+ajveqKXEhNXh67R1vVOsweLC6Qds9npvhCQhajLVp+RBf3tJZas
3JBwNbAn0G6H/rxl3Fat9pyuf0v2tpdB0i4gZp4755Bbl2AVs00WWWPIEhvHq7JuZaWJR5eGkdV0
E3fhTx1dbXdsGv0QnzNQnGCazlm4eHex1Gon3Qpzmx1VV2TpwvJgXa6Um99xHz4ZULKjZYX6ZTxM
u8cFVmEzULczFUdMh+RMhjPFj2hoqLqHDPZL5Lu81yvJ2gPQ6YeCQ/fOYCpHga3T7ZCLHV5L9RC/
aP80mgiq4zWqksgmwRzUlngtlqUB3/wPPfyb8BdsD13ao71W4vJlEZi5KOxmd25ys1Z5eN1O7AQH
eXbuY1+8zM5qjAB1tyJ1rKRIT5pnt58nbjcvOzmXqkBoax5/NzCbQwjYQlbyt4YvMti9HV6KUshu
nrXRUwtxYGpil+KOhw535suRvrHOVwTATf7a/rF0tifeOk21Oeg38MFaLvCWZEEDI/yI1xSX6Q2Z
jlK8JVE7OLyc30SovQOwp6H5RqAAhuTaGXANf/oSFmgn6AIBiHeNiZEiphlGmqqaumQPQq9xDgfu
PUR/qmIKH7cOFyNrWuYY9pls1K5wS5034odbn5fNZ4FH4vay8not42lAvK5vdaVGMdWrcx2UJ2Ny
Y6aFVj+H827x6/W+2y8wpo4TS1PMd+mPEwLOQIMD0Mh3OKVjWod5azgfdjHQuH7AFyjiM3KJK+P5
MhnOjNWqWlVQ691bxBFxwvdb7uv/RWlGHWymzOUT/DR+5aByEyt6vr8ZHkaoZe4stJzNm79wfW3f
lrFZc8QyGhCR8Yhps5AMlSEuIK0VNFU3bVVnYAKPWEXMGw56UzYmYdFpHdtjIuihZlgMnqfIfbIw
gU1nzdaXtAmxBRn0QugpPunAs2ZA2u07DFtCNFf5zbIVDgF9zMtEy4KTTWLucAFXsa/UbXcQiZG+
eAQxhzJwtZYj3JQKw77AZoSdmAp0XFlo+mlSIcM3C2Jt9EUk7u/9PgMNzB9PUc51BLrvj9JH5j98
EwFtLbUKyFMtqOvelkvzl+ZjRq+oYg49oeX5a8RHzrQXlMSLa8qmZcQGvey9FCkp/44NGQ5Wu/xL
CfbKmtI9dc5HWGR+17MYEuikP5WyGmx8Wi+nIdf/2gSmrw55bIsbMy42h1SNaZGgP19/NgdTJbOE
/YjWyVdbWaILMLNwBFA7hWGoha4UMqrZPdZC1K8URHbFTJgq7ksiAQqK6jTsxXk2gN63Q3plfgnT
YVKtp2wbY9h6CaQmT9isau2ztb4WuwqhSdDefz63c4u4a8jE2etto3enLXhbw70pml5qDccgrF/q
WB5GuOGVQHgG0G/AwiUZq1cP66PB8FVrCoUl5e2JxNar40d+GeG5FkgI3zTaRf9dUA/XCe/WW7bN
vA/F3eo0Cr68m8bVCrgxEW46+Dc9ZDee0BMb2KtUBR2WjTbxxihk0fYEQyYXe1dIZm16uayn2qW6
XdXzLVzsXvzan3tcKlmhhbV7KisfylEg+FP50SHDT1lIcfPnTy8J2JvsQjkGKLKbkm8xZFgXobax
eICEGanRoSLmHDqRQN2zcot5FDyUtu7s8UOnWDhrR+EyqVnjeL9v6coFgevHZ5auhdhZqzx3oNwL
YDB1qaFAvAsufLDispzUjoX/XrYhuDmjWvweoHIUspBvFf2sW+2Y8grXvVawaCG6Cm1qmjGjuNAQ
tpDcktyCAFCwYf27hnLnrrF4bbDVRgQH3jNGdsExTixVyB0VV2DsQvRqLop0X32qa5FSOq4iX7RH
KlUs7q/tmyqSOtTiN1EQZssHc0+fZ5ZDDpOA1Us7kIZZpyFKGbfNSBEp/XukM+WVz8QpS2aBQW/0
4AGYdicWA33Ld8Qa+mGKVRJJdWbQ+OklKkmW9nck5lf0jUzbIe+El7GX7I5NCDoUhKufRjfdMNQU
PWeIfVqyElooL+mkKO4wu7sircQvYZY/Z15gk6s7Jsd9hqpXNdiOVjAQiZ+kuFLMNhlEjQOytdFq
Nvmj3mpT+WVIOYJQbYIzmTDAhy2/qRT7lCs8uHKfrFIRzlHtPGtPAyeK3cOY8Gvaqxd6ka6Umwsv
oUs6qeHINLk3rhXtWZNfia+Ogt4U4eyA7OciXNJEOrPH75qgoSgn+YSJDzXDcUAhWXfAmCkSuYJm
WLMjvolwuIUpmJwlGdUbs8AKIbgWfJrmJ5pZtkZCQP+2O6bR7e4IeuJpCPZmMXYx44wf+wE3qlrB
rbQrvmMWEoW6BKJ48e7BlQCuKeT2hc4xnPiYJPuoIChpJTadd2Cg6o3+3PlLjJ0b7EAZsINpj+oQ
2V6fUXjRPwN2kWBwnC1Ark8jqdpd/voWumployc/vlYNqXwFQUI+pAOieMLyAdmG6uwdDWq3XbNB
ok+WKLdeVty9rJEh+2P2QoRQdhdklP6BY47KjB9UhNV4yurnNRoVeEHi7+Fsx0tUzefwXdziYbRh
/xem5l98MQfVj/c/hT2E07zpUXbAqVp/Pqzw0SobcNR2koK7hYyQTY3/HmuYyfUQcgz4eAaNKElb
FZVEhdOI1ky3QZtU2SVZS3LNgE53NPzLZSRo7qqalKUty7PVCKVbUklh+kqSTY+86NJkmZpL/shV
woNCZknVMH0ZVuF7uqI4A6nyrZXy4xEOm/Ba/rQM2l17jWulUm7z2kBLphC25EEi4kr5D1/ab8lf
6NYbUUILPxP60B9ODyRf1xscVOzWfSJqNaLESaln2DduHLwC3o7JeitMYRXZqeEc01/WHRtPenDn
UMiWFlv+Jv58GCjOFoIeJi3S1Uma5AaCXShDSnNTnHR3yBqcYm3Qfnei0KzF1ejf8s5+g6fb3pv8
rYvlZPcq5rP9s0T/FHegi9YW4juE5++fOT06ef+FabWJFucpyENR3LESMckclKmrUnvrVwdWbadF
m4CAGDyzGTg8USC5yXQnvkuAYn+/n8+CLk8sqt28jMM1k1+QuU2QbkxM2nmaUEmdHfs+mN+VPaW6
PSw66zV/SzxwR5mrTbpI9lCaNQTrAP/q28vIGS9LywYhgcesR5WBP2Wl4SFxXY/B6H0Gc2oRwir1
XKs651G0d3f0jO7tmG1tb2u8nJbbobBd2toYZNkHRARBWZQNDxFAka51WFlZY7DhMdBooEjvVldR
KkykHj+hRpwbNGk7hfqLYcOy2KUD0xbD+CmcmTbEA40j6AA0vR46bRtn3xoKCpm/D+xo3muj1rYv
rouXDHGDrYAvJkJal50Z6xGBBt0+ObSBzSPIhi0ih6/I8NRVnUtC0/CdqJfoz6LSBSb4Fe6ab60a
hCUZmmC5ZBdpPNGpS0eKSKomynvLv2t1aTqNmmWbIdOZVA/LahKFw6iM5GyGWQfWQ5njI+BprbJe
jGvGBnVv2RKWs+lotXdTeMwayj8FCwLK0lPonhx46Fnem0ob/rpUDS+FYyoDqi/TrMmhYofF5B9W
RiwfTG67DIUZFupVEMQYojJo0qBE5tFmEyvxwzJKDxg2X2/tpZZVVJvaeMEUKlDzLWGzTM8zHcZN
aV2pT1L2VFO1k3UjJIocCVkrKpcrwSb++DACL0v/KQJ6xY31vjL4PJabt4omDclZwA8Vxier1drB
aztZz1TscdUioAfUwhwfLfiad7F++1vbRizlHm2j5EbayAZSnfFo77fcTX+y0dso2sURK5WI/d1p
DLvNrprCFEaUJevXCGSntycvGZKEjr6Abt/2snpT81Z51/65M/zLuFgtKSzZghm9Kp8+2iSwT1nC
LoH0abBDOKP0G2btiquh8TbhudE8f7kJcswIR0zQ26Qf3kPrIE33o3BvLFEqKf94rigALGGK/XhX
Q90cMZf0/ALXCjG0hRBGMMB7NbdI/xVbjhiPTBRCqMbbddv7Y9lMY/3G9ddzJqbRFUYmkmEjK2BF
0gpCBo0K8Ujy3UH/kyZxhswCUUwc8gjXXcl1/EzVQ7/8ZI4E8WUS2/mjIZqQqXzPsDawIK+hKDlE
hbp5c6j22mYxlbmeY1RJIhPiIskv40oFfejJHpJMGKH8axRAtFE1AjYvPWE4ojrTSLw/k16FthQ6
cl0rGPgrro3XqrvCoTjDoZQHKIWFwFUHeC/MyogtxB+AjLRU+vdjcYGLQUXsbp2UM41tD3Y8Zsgl
y00k+5bnn5FT2NF2vi+UFgh0GJMYUrTDBOpRTj54lUJM3v2K5ykoiPkzl03Wf/6Geoc6HPP1NrBc
SK//WjLa9xQe9AiDTJyqYY+GIeV1WD8diPRhET613G/jTwm5QrgnapslEm+DHvVjFi+VNH0e6PPd
hWfmsVB/wTcIlYRF0LjXeOWBEKBRniqgi2UmwtwQ1zxgjWxQOpUfBmyQn4LjqxUXmweyb4J6pkXv
JZ5bsweRkDO2B90bDX4X8Xfuazv4yvMFl5yxO7u9j/9BI1J8H8Jefv9LrHohBP0Vgl//AzBSCdbz
R8V+vmD5p3CeVa2y2XTpWwDYha6DpJu3/lFFGwoDG2qIncSmNoTZBQGjFZZMR/Wu3DGbXapotsNJ
HxkM2afh1mjHJTCJvd9kZtgVBQb1819kRSz/ssQd18g3EJ9CGXVJ1m4JC7AX7D5pqjxCeTx9l8zB
K4hB0Ao88L1wZx/i2p/Mc1m96njTYjLY5IzXz3m8pJr6652/5x+ieyJxHVqbyR3Lrlo3/5LG6/Ex
oqFit4T1Q8w0czjb9+uKBAbX+Iae/lI59bdYwmF92zcFCBXfXMI/d5pCOPgvRCqV4oV9LNnPVhd5
qJN+A6TnS841qk1HySCeE0noohRunt3dKPcW/mbzY5+sdD8MdwTObL+fXug7A3sxbxkXmGUaziem
05XTbsUqOmkREXSFGdPuFKYkhxYdVMKZ/new11eOw/zdhff8yCOLdFkeDYXuYeu28NHd6eXv77fQ
q0haFdjherm3DcWISa0oHL+nkjMKXuoN4F0m3M0M/mXsjia5OH51RpAVur4VjptT5j1HQLLR5y9+
OAV5VzhXH2uEbKliSkFkoIH3Xc5yFqtZmHZkUGnNGgsH9IIZpQYJPDVM0f0hCsp0jT0tgioZf8Yt
bI0aL5bNos+aoW2sFolk7Jp9RtHKr6jLkc+W+BdAeXRV4wG1+UheikpMmeWqaUT02AnbxKJNlKkN
flalG6/cLkq9XGshGU2Eq4ht4OGlmrVlMq92SfMlby29DRQzEHsDTaonokAEZcEc/9oFwGniN8yL
axx2TN9NRKV3LLORNec00udKUyq2+usngSQdtyWf8NP8IlKzvtOV0nTY11TMNvvgfuY5i++jaT09
H9MWXoBGFNS3KoucHJU0MbGjWZuEyjM2aND1yBt83nxlZZjien14T236BEstd2SUWaAc14qUjmDj
c87xhGvmUnEDeqVKTkpvgj7ZwJXLLwMFl2ympbwadiSxjc8zyxwaYGnrqu8gaIr0UeBWrDKcsTWX
2czIZBGzWpC8AcYjMR5tgLPOjgif4yC0qwCeQAafaxFZ45+alrVUcdiioJ6n9a1pMN6vB5OVJ+WJ
rd0RgSoi2UotpqVpNVwRTTw072eNHC9UO+RF9DdCV7UK950mGF7YvYQ9kZGU5mDhiohtwc9eoa9F
I89VYAYdN0vGF8aTglRelN4nigT3OWJxmANvE9u9WsbEKJ6JoQcfF6+JU0wnhTZTMm+6zd67tXHn
DB8+Fj5U81b67pmw6wnTbpjUVCuszXqXhLSBqBjnnK3QhKRjf+1H3F1bZxafqDpIBaAppOUTxylk
rMxpixQveUmKi5/cmHAX/R2Kkuw8yoEqax6tqGDQnWtJ/0j8eVrZNL7W9E+WCizqKn5JO3dsw/Ak
8ixr46Bc/IV8LiKBU7bWDCXoJp43Z5htBgM8xYBG5Ci+dYDK3sZkxtC4MX4G02loWDUfQY+D+Ydn
3Ssx6BgWnM4H6Qr8pNUJ4HT+K1aKqArx+jlfewKdw74jTTnzaHCXGioZB8qeJI1amVfrXtSDpNlu
4RuoKzkDQnR2BNjw9ADTipC+wW9BwjmatFlQNsJtpgjZtGqttks5B61wSMyJZqG6k9ER1dAdo26Q
WBi1WNILPuKxGum3PlLZhIi3ijIgz3dYFM1J22B1nWM3Kgzrubhb0YPXjtTQEJV6u2SbMrOjzl28
Ws+Tq7W0//qn1ZYCEwzD2ILXr2zmkAupdIrXiDVlOSlpGmnWlsOgXRjkvzWzhEp/qod8jgZxCdD1
gFfUwmYGwG72gMfjTSKY1qx+dtq+HZlmYcPqTKM/mgtI9V8ouOl7Fz5OVCgSB3fxzUymXWA27l+l
IqOrq6Vk8XVagLrd69g1GkWG+AQxiXfMrA6YyThw47tBW6ko3jdpbRA8XKqAT7PFi3E4SSZeTzoN
0Y1aLEcCT0hSNADCjoJ3hrYyESY18V6e3J0DpfVLiRq5JNI9dlGlNZrehNV4ZA7Tij0i+3+56GKp
U/YO9qQucVJZ5SVNS3EhzcJSceyrskn7iXcAGreQz8gyBbsRVxMtx9QT32S4F2N8nZSEVdAnu47S
ph54g4njmmc5JyZOJwwEv+nR8fItFJAuD3dCGZgO5IS71GMnYBe7UhJxH2YdyB4VyVnYuBj7Ul29
6dhiqoFl/Eq+qx5rF03mrTFyOu9DGKcoJaF8cwjNmNHNY7Av8KAmHCmmkF7ob6eusDL0481B5ddI
HVtEV0iAiM5EJQ+kaY9MTUlIIo7ZsVXavg0T3gpoYYywUdhTbftf+mf5JB29bWGDq4ylC4/kl94m
St0diRCQFbxyrPhBhxVKVaycUfmbBepSARvucmuiVwfZq8PCgX7xP81hBb2FzzAPnTh6wzWtE/LU
gboZzLAYaYNAHe0I6ZbsN8SZXzlid0KMgWI/yf63cBW+3BuZJNUTs7CZrIwMqV7bpsFT6zmmR1gt
CPCyLxY4xcq10IxWl3ndkiO24FwIM9yNTxarSdb4xj7yf5AOOnEgVWR7MOpoP4JaFJZzr4y1tiwi
GPdtGSzXYXGTDsBdBx9t0gdTDbhIZ3LUOIMqWCJocWmSM7U+KCuFVD6eddZ5j1HeQ3BZTXsffyUB
Uw822AOjNsbyPdzReH8KOj4GwQ5VrVIUQ6phO60Kr7rLG8pK2uz2Z2zB6gcSJbdGLLiS3ZcUkopW
BkKlhKo+VMZyZQCXjAj5aPm2yZ2luAT0vtm0yJfs6GP4+XrUIdqq6fUOxEepydloVwvEAwQqB/ZG
nWYhYXVBHaJcVaKczjqv1vpr2BVa9dp9A6/jDz6e9cM9M55tEGAJZlLKwxBbeN6x1da+66xnl9Pr
7rWM9zHp+oV5Yz8p8b1k1U1WVnN6u5tjVlXJT6phQvGUtv0xHvDL7YQMACQZ6RJ8o+IhwZOGFdS6
5mmulJflFjQlygjpVPw80rDSdidazxBGsf1wcx9+1+94X0oO5C4M3DzUAuAn5p0UWr3shjf8tVn0
EkXJGEqYGuosB79S1OIrUspuXg7tWKP/Vw0N2T7Pgq1Lv+VXlgKCQjoHc6DH5g6h1FBIkEfW8MXn
krilqbQ0rIX/JVQNsLQ5m96DCuO95Cl25efl8OqttnaHGq0M3fOxlKN/RtgSEtFKaxz3N6SHTrJw
Kulf0pVE1ySgfRWUDYOQqLEzWCx0ZkR9JsRiZ4wTZT6ZmeJzoaR8I7Lz54kSjVynPcY9ZrPPP/UK
/iHni6Yv65Lc6EW4tyFeQ3Mv3ru85bNnrcFCIbXoXwwr8jfmuEgD9trrjGekWdnJwB8I1GKGmHqB
Yg/aPliytGsS/UKB6lRDJUJWnPGrlDi/568BH/LWYQ5F6Wzq0Y5W/WZkOSjDo9n1Y4rtKWIOuM+Y
XMBfgYlGZfVnTr8Mv3q+kqg9Q1CTA30JVlIUOgMlEyEShfW7Wy4EGPJyIHS4c/upvu02zAl7/TbH
Tm6nESq4EW1GzCHUXVaMIq5ihOeflukZWLJim9NL2ohgpg7pFelS7zGMy2TKFcZQmbOIEdoNsSQs
6MEvKYbodcX21SkREN9rF4Sppla/8qHaoZ2LhBJ1uHhXZ2oiaFrrTHbAXlA7ldaRp+ELcsh0T1HC
QHCDEi6YMpFSo5EX71azA6Lgo3fa2De7ZMQvYPZ381KvxP691MW4Wa7P6uWQG65ZdL9zTItD2veI
m+9A5cvBYzvs+7tuMatnRBGdqCBAWaUsQf5qS6PM0SdZDqPCDE5wuTKejEJN9jbZxDKQ8MouvhAs
uRAgphJTgati1dBK/vI+u5WxWbn43Jju+4D9dw3NpeSIN7vh07EjTH2wqOLPGfvBawBKKsyJoiNa
dSIzv3EMdRRH8WQYmszcGCtcITBtHzMdmD379rjfQHSOqQ3uQDwqeHR8efiy6Ha8osfb9f3yIzk3
gBURnM50RjJK5G8D+4O2hXNI80DU0U+QeoFmGuk9gJ0RWTn0uuY5s5da/nb01Wnrt3p286Sb0dqE
ClMOFsU7a+FPKmVYj7KPE0Idf01f/dOFazYUdqqynTSv6X4vh2zpQsvReIy3EiYgfm07bGob25ax
6llF8JrsV7+nvcJaBHZjPxKfgCxnmArGoFiysUbgCqsw9bvDSAAVxREklNL/zO8kil0BKb31xCt0
tJOuV2LmIx3zBEimKU6H/2tgup9KWOIPWUHsQ+odrN0AFSyB+W+618Xyn8fKnyCXwb5jOgtJeqy9
aQS6kK/Bg0H85j+pfF3spwTOkD4GmEsR/DjotcU0beMwgc3eBrcFdFN/fiQnHbBzzMjxf24LPgam
zI3uByMf0g7abQJvW6kL7t9I4XcIR565Cyf7J6Xaf6syTeohi2WiDn8effviFxC7bpNzT5+yhSOX
1q4d9fjcWTTskGBv5kLcXYoUV6oJIGEK/gPryNgA+XkleDw72kSI5PVxtGukzoCvouqZ014dP28f
BxR0nRpWbN6Y21DzfdkWNvrFymMvzXC8175wSu6/ZbJL0GO9Wjekzjujzis16I2EtlG4h+/rirD3
j8JYvnNV075XfPZ9pejsac0443d1tY+VvGbqaqfhkPsX40n/8lyXlP44unoA0vlG2JeQ+eT1z2O6
gwRW6jlxYa8MwYtB9BGc+dkqaFydu+mP7v11ODQoAByyWUSUR8hhFCmG3E8vrOW0Drl/wDqSaKNx
Z7r2NfwTxWAbk8WpbaV1b1eHSABKBso1tjBDCf/czsrE+54u56ugiQ+4yWvAI3GZ7AdOapmQKJx0
MvLVFdRnE7tM87Upe1bEHldeZ0H+yJ9APJ1cNV0+IP3eOhf/ZH0JZILLE55eGPhddlWi67o1abM+
CZfzoVvzo/3ieBNOTeRuhxy7TzyMdcSO1jS2j8cBDufR9c39GvcscOe+cpnl7e7V02mD8gx4txJ4
h5XUcDVGEbVmz8xRkmv6aUjG58C7eIyVYQpdWc7AzPVb3V146gBkefiEwvme5cdJtXs4vS9uO5zU
OdWx5XUCdg5nJoKZ/hxxLEAq3CYOGjlSMD08tTVEpqEOnGSJEzJNOYYZhVqjJ3jtgYrdaToF5sP1
pBOD6WSEZKUEA+E6JW1wykip1crXMyYngKYiWcodYp5iQ0we0YqVLGxL4KmJInO4bracV4EHJE7h
Rz/tL7a5fOKtKgD7wwWLFwRPHM0V8WLH0Twu665CmUpBrzDsi7LufNTfdTZ6NF2cEBeh1GCo9xZM
gqxpiywy1SYRVl1Vk+4tCv7iWXFawGWVY6aTIDZvDMAjAL3LhUyUXSedfGhG7InnkOWrSw3dOWq5
qfsESXHd+4XmvMqs9Bw/2wHetfzWsYbQrHadFElLDuBmYc3zkL1nrTej3M+rZ7hsLYKktt3KSQP3
Xqu86SLXcXDH3NDRn3VB/KB5bLKUmfvBdgTMTWnc7DYxlFUjL9E+QLq+ebbr3jGRW1Y72kbZ5LFM
253gyn5zO99iLWm8ulmqb9ty/DHqVuqNLhuFqOiXzWf25xQgprZSQy0Zw/6rzlXCYuyb6TraKVkx
fzBeOVun5j40f/dvC3mETQJJbgb5y/35WKCXD9O1Orxug+v6yVPI93vwctqnmY3tsaV/m/tV8fmY
ZPMB/HI6M0ziatry+H3hoGN4isX72rRG4MMjg12dJdrahhhVm3SZZUL+hsa55Zpbpm21ho8ntsbr
IucSmfruFzvRcse5V/aXgFmsz/lNBHHbyAx4RzMqeNTes9tIc/Z2BI/uc1ojgySRIYzt+2C3fcco
Wpkj5SbUee+hCGq+Jel/TKwpxfFAAu/jA+TiEeXnWY1KH3V8cFdvRqKkL0rhbwwbxg4epq/lbM/B
r3w4U4gRkEPw40msaGgUpgnCfTdzPYHOOYuMyx/LmYDGolAfi9IL2i/0T+/nmh1B/oov35QmeXsM
ERo2BRi6+pAJnv06v8PhC1fOnfRGt24ddmN4zmNpjN1JWn59Wv1oR5GBjm74PRuCu01WEHtwnag5
ww1AOfinghrV6LiWYncIRlR2g2OVF77cFdKN4idUCBzuslFqRfk6EVRyJAwqCg3AxHrvXCZRWHIy
gvJPQnFlj3k21Zqg5Xr2HRRMWGBjoSBIDpI6H191Et61M9P+cZHYimK52sDA9ue90oaz3NDuTK5c
tQhdzjy1LINpfWctN/bgZOU34QtntuvK1Iln32xr1artnY21kgdCTucEl3cN4AaHtlSbrSSTFFOk
7GL5IrfpNFfp0ynET5eh8/RJb0XHzqajiSKG+ALB4KXGjffSuZTyRv64oZV9d5Ci0i/2Q45ty0/y
hSTWggzrO8X6QIdrqbtR5iuH5dHLqme5xinqKLN0EMgPPCJxyDGRvBhzMZK6UR++W65o59CqCYh5
KgiDvmEFpdbQ3ccTGFZxiHVeF3tUtCHw9dnAlpUv8r+5fAphBy78E5QR+GW/VcIO0+h4zbbxpdDI
AwsWhquljmZUKYq2xwX6C6BiLjdlr7617m4gPt1OtV1cVI6QCAR8TJm0KcK1HB89MKw9+3NSKYZb
1Pero+WeitYGdKBd90WKymkG8eyfVtiCP1Fz72vygvcK9vrZL2GxK9m/7NZ9SDhcCj1RM/8n02vt
b4s/oUfbTmBe0ViREt/RnD+eikeHFSsbdvRkQEjIQi/+zLJjksDYw7Mt9bi+dCYTFl/PT7AoqJHl
FTq+VfVcKVgq0aVsLBDwvtB8CWS35E4/rnSp81ZEtlR2T+Aj/nQ945SGCM9F6FWaubU6dhC1jCzz
JFXT2xz8Cm91p8tLk/Xaad/S18Ctne88ki7dd+iYdlyzMkeUOyDdJREzB3oU63M+++AAc2623k71
oxzzomSK9wqJkAjFWidC8EcnFkS7qhI7v01pKWeO+oMIjsLAWvE96jFJzm1MRG3Saht7f7M/5Bls
a2vjb//y+QDf5Jb7avm6aMxwhMKeQUJWx46aR8GNuPetx0VWy/CXUqp19D56ncb9OW13+hw8mbjb
KYqcYortoELmPsRGuq6pAm1R5vh8okex9dyB6KuQultEdfqXu5GtKUBrxYmWyRRfkuXi8YI8ZTJs
4WU7BsBiF+KF1u26WGDGbU/esUlW0wdv3Qnt/mtHlCOmzX29IcpLPbS90UBV/A2nmZXX0Yxb2lFB
kFzjb9bygFBsCFm9TVS7HAIweNxw0si+GC1vexqisv659zoZKyuUFHh0Ce2eWFJ3BhX00cINzWPl
3gZlgZ88ON/Zqi5+yzk1tKWbfkEwRoWuEqPI/5rMmOA/HyZP3tM9XUD77BgsMcFuQUgqp1L6YE3P
GLpSe113+FHtCSHUm1yJgdi16jDUc1udltww8Prw+D2xklT7RaLQUA2EWmpjov0+mhVJ/fWM1fAz
/FdhfJ8OD6ud54tbLHLF7MbXy+37o/PB74duhqjiVbNrtAiI0FRPfpEpAuEWrXy6Owi+cqBaTXN4
+Fm0cX35Mivd6sZ8mZmNvfpxdc2X25ZkQjX5PtoApCdfw++QISHKWaIOfc2hoc0+7GGEG0XrlAwx
GpoJv0G7NoTnHUlfq0s7wCfgZFLvnUyhqZckbNszYRaKaor9gZ/i1tAeTmAx+joQmQiuylboVSxk
KKj/McxFRJ7d3P/VusftZz52j1HALF3hc5ko5E8SIgqgFA3/MsqMTfBTUFvhI0yL76E9aQ4uyPUj
oncA0/WzoO+B+rzphZBKenbg0xlim1/9cRd1/mBFtCHu4K98T/QWw4L0s37FolO8gImVWYz1bYGg
8EZJXXvn6T5WXFD162+9H2WCJyv/vKa1T9R4f6C6g/+5QngbUShnhOCz4DO5wySgO6N7IiK5gftw
DbZM7YTs9n042v7SmmTfPIjMoGwHq+CrUrTYOyX/0AC1r9GT/V0zL4OI3hZ74k7PbR/r5hZ0X/th
ehZGYeDzt3ZbdM3k0FMIUyauPm+outRCVNN0Rk+RHhBftp/JRuhOy0/MTd5wMehfLjS8sAp2Q16j
FBex5s634zT5FRNC8Ogube2Cfw+lP6oTLIFqnJw5Az8bMysbXJI45OeWPeZJ2dka+V6U/k0SAz+l
C3sBF5ULZQRjjgAxKqONhRuWMnXR5oo4C1Ln1q4HYtVLqd+LrL8WJPgRyMas1f5my+SocX3P861y
LU6RS3jXvf8AhfyDD3tAy6iKNVJIH+X5QDdOD6Ti+T3ihmJSxVerVDhRRSEaAGjMKZ/Cdj1si4Es
S+8KZ4mYLtlAy4yYlhs57qcwUDoqMVSqf2uv83iUWFVuL19VtvaltXZ1uHC1349teqZzEIP2qAM/
3vVH2Dmk4IqZGyNgVddP4qu6gwR/ZztBtIsxPoOb1hoKFbcs5LgQPzeC+5G7MRFNRxR44Lrqap23
ptBA7fKOQdKfvmnm0Dg/E6v5QhlYylG0XzEF6VbgPJ95ppIcJcYcn4IkYXt1QB1ZJOyPfmD+2Rve
q0fwqI9WKeKFI3RdHwwFUWithxYG3zcCvRMnKwBV+Pva/HfVhqBSWHkw2vAcicFlCd96BPVbnIvv
lmthkGLVKBbXoINrCb+yTlV9x0d7JdPa+ytm1chGpMvMNFaHpfs7t+jVd3Hujpull7emSP6hMkNP
BfPc9AEJ6htKao4g9IqzsY0J0aWxnF+ZkJcckcD8SSG87L9nfMTOrVBOQWXSinxRgWXYikKbfTi/
onyCNzwoQTBDtJWIi9qQiyuIVUl+4Mx32d7PWfcUOdhlnU+dxaF7FvqW15RB5ZvKdC0A2qXxrfp0
ePRqZtC/zEsGvAD0DomtrDs5YguAjBYeMVTrP7StbzJYzHj3Rqwg8MTMv8y3CQH4jA/xPXQj/dPc
C6hBW9GDW8GBRq6C7NtPO8L+zt2etG7oxW/5yBSNGS3/emIIrX5Wa+6toFyaPmZrXOOemy4hVoh/
/e1aBolA87uAUSG+TNybmxQ+hoVCGI4FukIMfFngpVyFkP3xc2UrH0J9uHn//foANEPnbmWFefLM
I2VGJVQliGoAH8mgN7uMsSJOUZwHRLw8SVEqcv8WKXm0Bp1Pda8kz1NbHo55Wd2huu27dG/dBK2y
WMRFPfgo8a9J68fcENWywX9vJyZseJPv65UcHiEssk9C7FBm8dXxoyTPAyjzxJMxUNamrvkxaNv2
Lbkff4NawHz5OK7a4MLm3SAd+Z4gb2d05JZNxCRwWs0YehUx1UjEdOksR36ksmZj0RP6W8bvDaql
zNIHQEQL0yMIE8tYrnXFHl4qNKzwaqNRR/s/qZgw/08qMfe+73ULgis+gkHqjfDMJXuyMztR5fK7
L2rZHuyd5dfvvs7lpV2I2pIQQD+ficaiBQEvbJilpTwhAJFgnjf/CQwtDHqoFmGov0XSDICUi4aI
piQn3OaSq3nbiL3zX4jccHMKgvJ/Ho6XYqDJO09QkuiJlLBYUZKoOM4ySNnOysM9WQkaAL78JeBS
Vw0L9i0uxHfPhRyELYP63whDrap/l/1RCvLRxdhOQe7YoC9eLzOUZFgOK9+b4DgGlKIqRZTLDSq3
Fg6boSlDV4yCL+triTN9jzUbJnkDdJYy/SQ66uw+4lgSz+T5van9zWWH3unOaza4vh8syI11erXb
YFR/Vfl/PsnQZ1PEc1jyjd/tcH4d+2DO3fqly+wraM8FBlhwS8nED3P9d3sw0Rw9/Y10+uxHAxcb
dPj/LN8GowFntqgGJqREA3O/CiJFf5gnjOPDf0wg0lHw2bz9tIio4esg6UTJyRIKT1VYg4b80BlQ
fOqM4DjD9s+IR0Z0QX2+Rv6JHLFTPC1j4sPjMXk3vW0Fggw9Do4n2D4IiIEdtrwb82/PJ8pIWDgi
ybJctlK+Kxeu7MLt3SKVN0fNL8cRneQdvea5G27oyFeAZIoN7PpUI3PUSCQsyYS7MbPPA+EBRl/f
qSL+W/xI+3ghqE1kOJTomYrxfjqB984LR2wDccnzKTP0QPhVeTvB+R6Y3BVByDZtt+8aoXpSoi9T
RXBxsChx3fnvr/pqsXCVFY9qYTW6lXDf72D6PrgQPPJoFRffpE9s4CL4P1HfjjC7/3yWd0DJhFYQ
vsnziyezt5gs3q3XRkrB5J7bVeav01Ir+wE2nSEN3c8cw5f+IoxVu6NYM4uGtBlAbyfMpnHKt7dk
3svOd5zdliOs77rvxD4Dr+6C3rmQqK+3O9BOqdOykVK1Bp+l5Qre67PpaVIb0uPpPm9x1ZPQZzJu
S/zmOiDx37OKnUPrE6Sv6yYeznNgaCj3GfVFzF8UlFuoQdcK50xzimZOBLXmpXP6gLLHK2cwjaOS
wtGD8ty/K3z7p8DUSFNh0vlX7rYo2UbKV8rF9wOvfxjYwiCJU+hNAVzpLra1ZdoiRyQGNxc2C7lt
IS5sjib15Y+ekJ4qVI4Ikt8hReJ3JFfO0ZfO04GGsfkF2MH6i1fQAsG7PETu74h/DLnMUQNkWql/
owW8BO2uBRKW4VAE5wnexhO+WjL9vhOzvb1xwIkXt/pI07rMAGu2ApDI3yxjvOhmk0ZacMPgE3ou
G3uI9fEgVy0Zl5NPngjXAiByYjHNY8Q4vVaK6/Gac2SyP2U/xqQvmjtupnCX0iqmBNIHv9IG69he
0dMCMzySOSid2tic2K/5CI7nfCit5mTqGiBM4F6M4WYtleqzWXZju2r8/m6MaWpuSCzY67FEOs1O
dOQkaHwCxQdEkFHnV7MMcsyGwZoCTWHeljcoO6M2C8Pp0AVUuQnU73kq2ChfeQvlzgc3nB6ysWim
WWBGQymPLa/U2kvnOtkeO0IRuN5lrk6g2YI3uvf+8XmugthZxqu2UW1ew7UKnPy1V6KuHZDZc9Vr
e4JffxIatbIfJLA4FfPFERC32viyARn+4vpHpjZZHqAr8GOe54c2vy9n4cmbevSIT98VWa3IU+VS
x3NwH9x67mCJqpxSA/zaBn6p2wREsIpspDL2E3DD2lqiKP8vTddsg+pRa7eEVSA4c+Bqe6H6B80m
4Ov7byGXmxhTh4L6v6q/WiSt14FeIi+todeLIvfzXRGmHtpAAkJlhfa1MmmbDh2TigJblHNfmcXP
uwj4yiQlqlL3jZBW4yY/hRdLnmSFhVTKxKPHw+40lPwQDW4zRLWdAwEztgoEEZOm+yivhyjbEwFV
8qd8ynVUmxfRjfl5ob4SfFTwzICrb32vtE7FLwpoVvCNr6exGdOmvdimB7DeaPyi5quv+ggFa6fc
TbBjN4Yj81dTvKmf3VuZJ/iyIflwB7twB/wggsI7MGVmuAE12u9XbW24sYmR5Oid3Gi3zkDIW3sW
Qur/8sQ27gL7SiCM/4uT+isDN/Y/LLgxLe/CV5Krzz67QkgLG68Vy5EIj2HvA1xfmaneXDEDb6TQ
Y0aYGnz0jNrSL6p7VI8X0e3ZbrdjyEWfMN9KV0WRLOLr7bCL1s5RhMBMbEk0W+hWr4HqFVWl8v+I
+jy8WzLf8l/lU5XIWy+3bsWw3+N3RBEX1l39Ipud2bmdnU+u5a3OzEC6BT82Ap83mGciRZ7dXVBQ
1SIq6YR75bDUPG0zDaXqnzzqli0Q8E8l5TdKAiQFmkGUB2mokjMFitGlwZMDLJnK8EnLl2TL8xTl
bX4v7z6vynxikeVKYsyygyiA3FX/GtiURhllOtFIEltTedwf/Sm47viayS2BSC5l/LxIhXHrh/ZH
i+vtgSp5IGUcvaLg+NYq3fFOEyaXRBfJmpH2NCggzNq1m6lNPij0GiZxwjs0xTfBsGCNHiHPSSeE
lRgAb6RnXHFgYAB3YZ1doMemO4Uij4UWij6DtLTqHJ/u+91YzxHHFZJ9cwvbwzAWwS4MY5fgyHfU
FvjeZ5YRO+z87/jvolAY0iH5WMH74P8ML2BlXyXu35L4Cg3SZM8UHkFFJvA6ZE81ePClEyCMbmE+
7JvkHtryPDrCT9H2I9W3v/k2bjaOufvyPY5bm2zg//86iTWmNnd0ImGiWImHcvYKGL4Gr0TtWWve
rhnEojPDwQpdLi9ciilqOnFYOKH5b9+RyRHmlwcP/tzRee6McamxqmSbGos+LM0YjCbZY2ISNCia
mkLSvXh9QgnJVsVMYuh0xv2sjikjT+uNrENy2QQRXeOlxTYTiuqeANdq961bvpT2N7UP1UhcIyLB
VIKSpTXiQozY8zbF9HzGwfGoa6dUrK0ZJzRsikJnhbRC2VH61EvX51A8ocG0NAfcuZzI9dLIrCCo
1bsZrHm2u9r/HcmTYx5ZsBr+imOHGjEyLRnCBGOKtvNvV/DMRswkCmHAX2SeVzFULyTFFHOUUoiL
iwiqJ73Ti3S3XrhkTCt2Mqx2MsyPX/PIFSwBP1Z5XCGegFksxFqt5p6//55AKdfDBnXHfl18IoUP
7lyn2P0HJO6PA25RI94MIgKiRx5/gDRhbgaHj/AYu80CCdaaJxCyT0Op3x6KVWjyyc3GjOYcoH1o
t3fuLYT7hBJYKDxxpFklqfOwRdyS4jkRoMZkpX/e7jmf+JgOYDtAFBRr2ZjtrMWA2IWw9RKmll+r
ssYRCf5E4r0B0MgJp/Rp6d9u91mKcJTkMLDEyHgQgfCGuDtSCM4I5WdylXNjg4Qg4XL/aVGKsFzo
5Clzd3dE85DTFLhxUPCUzJgLzHO2gQy2guMz47aTU+UWGUP5na4dk3VppeP3gBwaC+JE+uwiKIYA
HQ+sDOecQMdbECZUQ+LoWn0KQItmbudWLIpQ6U6+INC9CISccvaKW+qE5zFntMp4LJn2iVnrz3b4
WxFUYzCwQSdICnmyKY9Zj7mKlOgL+ZEZj0ydVl7slUET+d9grCmy9rjIvp8Sbrk2b6vUFgq1gUxY
CE4ogZm6zo9XKU8S+lFju1SOFls6s8tjChaPX06ErhmWuguLcfo/9KEa3YeMNq85JufuSkqNBMVJ
MHcyWCa8NZECFqhF/3AV7Lk8dSidfGjL1FmmhYvbMYeWIpx1UWPXm7XJy2s+g0IM2QDgn3DpcKxh
IhSS2lMsOiw/b5HXyT6bvuUJoQELm/KTWOlLJ0MNtrukNOjxof68QO9hC9kC11zeXhIqHzz+GOQ+
2lOLI9M8u2MH1InjBA8SHoRM0H8g73gosuEgM7ThdY7y+EyDXWEFQ9dfUzN0tVMIJTv4uApa+1Ry
3iLInhM3UZc/s9vJVy3RxvN6RBCYhCBLLcZSupyYYDGc6fBxMYGuEF/MCEXiEsHyAHiMtfPaCbbD
yeMcLRVt0oj4LPaCS08JIO2w5syW3Rb0Z+w1qbuM55CZL3X3QIWw8QwHDCwNBoxnHrAMsOgt4Imu
oQeKrZKFuRbHFwXOWpJ/QTrJwSJKfenOUJ3zUOC1RMYgkHX92s3kHLonEboq12pG62PvR7Cd5dqH
+XRjsEqk6XoQbtG0QiZl6+50jyx4XfXxNHkrTiV7EDcl+i9HXyxXiW3woHyKUO9X1x37VN8Kyr/J
onMaF27SkkIVDrfrkMneZqyyw+QoiX97+He78WOmcZiICI94TQL+ClPhJ0AMiwo6/P4lLJPf37LR
dvp1lqPobpye4BN6ATY6j+J+9ASoe9sUD7EpowiiTW2Iwsxdy2dmV0SZIqJ7NOjr5hE8ikqT9vrI
4WAJrk74SyE1R3hUTwzwpppNqreLPOdcCswHKvPEzrTZQdaKl+ymK38xY8/QvTmNJPaTqh4eaf8s
xVET7NrewWLg/mYkOiEiFVi6/7CVLGBIG2/PsEnZgCeH1oxx9KCk5Q9g/rVIqBoJ0liUOcKYKR0d
MAST64EI+MeirwPWXPN3MVCNSRZeZVo+yE/nGLRosIEWREg3Ml4AA5TYTQz72w36DCKZWyErRk4o
A+VhbhvU0NIxf3g4RdqzORxLRg5iMpw5HeMmhECPs+p1pC5Ocbyjc1+DahPivFChD7lgxU1xqqxD
z105/yng50QvtL/t+01WZJNyAxw7BhmxCHnu924hnrvWBeniWvy3X3KyJXxH5JimV4s64HwtCUj3
CIFOyUYnI5zX1NNl+PiYlE7EVbglXlt6NJXCtOJ4/N3vdLwYyPKr+JldG15SY+dCoUbR3FL+Ps0S
Y3qikvYBer9iPZxs0CRONtW4V6C9q9Zt1TqjDxtdvzt/Z/mqMsFKGmd1PVnloh7wUeHeXmrLrroi
7i+9XIGhmpoAbqeLHTq/MQ1PAsawhbEVrn3dxZBDelRxgR301bivDviU6OBBj33Xhb44u0htrWAy
r5/jn6vfzCQyZWLMTtZW6Zfv8hK44bRbe8aNBJdOIYN6R1Dk4AtaSkA+kNKHm58EeVp1v0hixj1d
uReoduuHQ9E4G9ATJunnYeGKYuKztxUu289zS9D9w0uyLZARir0WszW+we64bd7IJcGkh7gdcUYo
8acxgpMkEq3a1VuoiGAC+h8ozZ8mXQmM06emDkd4OGhSsEM27HM07iQvebgymPfNPzkQzOiQRBvx
c/IVOTb+Fvn4xMWKUw1YSwRHh0Ce5hIol1jPGWtHXM5+UF57kzQhAx2WKYlkZN9rJSZTS4PlRLzK
aVMmpalfa8kQh6piyR/ty+5LQWlhbSGeFiKPqHF3/ykFs2/NjMhzbivweRhyQ96TGHt36vQJoDFo
Ab5+MtJz6fzxojH38ghvq+cW07+LjM00yXaczxUPqwWJP+39wgugcRxCi1LPsAvcRaMJKP9wDBxl
k4ZGFgaiwRdz75+ni2a3KV1EzMIo5S3BkBUHxP5EjQNmDSQOoqQrxIceJWQrsMYpKUI5HMDa4sI3
CwO2h7L0YxBs/l6RbxVBbCxzeY1NbPYeb7Iy+wlNv8zVTZjG/tk7LjFxQWfAQVwcQg29qd35crAS
OXba/n2LcZglnqVwCi2bIeO7hUAo/q+CT7jtz0N8OdFct1tPu6kl7wldUU2p631bjoepsKdpFIIo
49sK34ycM1cxRZ0ThV8e26kDCwqsNlsLGC84srU7tfy2AcyaWNAlyxo4bUBS87NnDlwRsia7FTtZ
Ser97xNd0qPeHWc1Fpo++ZUNQtoIP5kljJgg8bclM4HzkJgujLHfwp+KXs0OmRkqUBRIa2p/L4gE
e6ayteDgkBzIsU7eLajLW7hAbemTn8RcG+C3/zWJSsWNuoJbKsTvpUJ3TPcUDqRpejnJlSSbwKTQ
WI+i71aaG8IC97J0KUqliSnaSE6PuVv7RxiXFL4SFsPWNduIrTv1mdW3ckD9t02h29hbUe3pUX/9
otDgJheNkeG5TlkYPpytSxU8CVLN08Wm5mTvYr/5cVVFuOeB9xv9Ix4p5sjClSS7GEuoamxpay8o
wBghklQDf3F4VlixtcV73GQts68jhZ3CnENkgYjWVfGIRIznVkVuxtKewo+qqcVxs2egiQs6PHQj
l702RbxN3PMUVrth1sB06gQeOrfjIkoyeUXzjPDrQxfd1/VTf8Z2vzlp1LMsF0Hy/FNyuX+BPTcG
em0/Xjt4+65Ns6BtGK93Y5ydo3lsnaJBl4OxhRh20VhEPVME85kqOTaYxdDaKE4lCUZCni/gxyAR
GZhCgmyTeDB/WnbUxreF9cJ6+lpk7wcXaQzw0dcpZTIqJi21Ka2HFfo87LLofupKAusmavSv9LnF
swvH5LGjFmXy2NXtbtHpWkyII8tXTUTcfwZHolrKQVd4F00jYSMvgFQAGwXdAv2a+7sdFzuSXHYe
+BSMoR9nJ83kUnHuQo/OnKIP7P9PDTK/hY5qZBkOGshyhf+RkFdf1VrlY+CIL/212FTBY/4W0wgV
L/IbWVxeEq5kfJ13qeggz5kAChtVkVYnenMVL1bkyXD/XnVqf+D3E3tKD620prabwiyDdP18j7fG
Nl156+kgcZ+pbEdQq8LogkSDPewEzY4yVx4KlqluGJzzdRidFFIK3bvz/F0Q7vyFsxtwC+vE1siQ
U5Z+UhA/m9aowPWuXJlDmXe+810Z7dc2GC6kozVWsAkq5CjlTKsR6rVm+vKXfzdEgwr/8wc3BwJY
kchOYX6thZ7Bx2yGPc/W8o0yg4CEQYgjVIov8Ovyd38lWFnNjjh56rRxwZlg/B+LgFFfxBJKepnD
RgLN+j47yFs4RlJZfEJjdXTL+Ed+9PVvwxMtC+zoig54zBTrd/LoICudwc2TgALAadvu1hz8Hgw0
zg0/egUOFZxOMJqDaUoFfXGFaH6YzFpI3Pth4RSJE7frCQiLehdKfHJt5F/PyU8yqbmUPDfS0+dU
tG90AQzdk64Afo6Q3vQF6n4flWWanfzLgCWZr9ZomdPCpYiy+SWRvjAE8bAB/tTzIxK9ZQN8dlOD
ARaQsmIFAHqJuQ5K6JuoaiyZp9QjF7LPB/W/6326VcxBcJYOWcoRkCFbsVB7vLo/roYXbJxZ2MaU
fEgvM1EQXDJAA42B9fi6d7mQupbq5XqLrtOiLdEPoXkXQhUF6V4/46TLTvWc6IQv7ayGtfU4/lMY
xSClrOigwXANMVqr/eWH0NK/FzcSiFpDWkN8rPsrMXWaT2B4fbqkMH4wP6KvOG5T2JUn0RjC2AJJ
HUGIstCM11kNwWqeQZFM5OyTuhxq0GCIYhpF9rW3BpLGm1cS1uofV/p/N3GUGRYHeFnX7bq/nzfY
W8gnAjan8pEYZSREqDvJuslc5eOTwFqAWxodG/HXM8Ct6vktZqFHwZSxaNtFNQf9KjIGKUOuhNU3
g0T17NncRctSRnQ/JTEk2kg8PvU/MREb9m3FCZDy48N/YQo6rJ3JE6EN6vJVPG35nA0FduDnqM3t
954YrceCamx9rxB6fKlce3S1F+ic8363hqTY+ilIxh+No+d09je68Xfi4LdySsTvNZVi5hUXgBUX
lEwL0W2mQgrpKZTNFcnR0nbGuHEUljk2PZUchABCP9ostS7pDHNOeereeRt+PUHxwZV+HCLcSHza
4E1inabv8KY4/eudE7Yw4pDjXzf8efOhLYJ+X8ipaGCS/OFJds5s7R81DPJ2yTKm4Se+Ve5n4XY5
Scwgf+D3W87vUmm0oWOwPjtNX1SgvAlY9fflkhyPVTDDhrWHdUN6BnZG6AlEaYDW/Z4zBe07jPAg
byTVtqQejROq7lEp8rFRbFqv4crWGOOzG1vxNFZzs6nNcce2t0H06qng0VtuQJmUdTWhsKFjM563
nf8+mNN93WQvXycrjHDnfuUEIcnWjNKKasU+2AgNjZBEeDRn7XU6Cdv6ALFywtXRgTvzmmyxg+Vq
vfXbvtXj0xSw8Sg/hP78ozWmyWVl17JlYJs+yGQGb9TdjHu7NQUqryHhKYFdKeMk4dGZdUxOuAAX
Ls5prb1GpuzBjxaqmdo6pj8RdkdKDP8pZN+r5dhw/RLavsN2o0PvaLYi40qd9oNOpHzzObU5j7cy
8fGN1vnBwoRRx00U+Ia097SqU0KXt+eMNY8sHAR0eqC4HwMbZ288LReQE8rR9FlOuVhpzf3uwvd1
tN3mzPX1O/h8vnZ9/T5+5vPrKf/nVH/q5VqTEh0A25PMr/birU6rb9TccwVsKiE3vV64e72akBXI
WqNyT0WR/aWQTIJpuXp+2OenueHx1R+9mN+bsofsA64S0vTXW5u95F+2oole0jzgPPkvKWYxgVOQ
tYR76+MCIFjGFiSAS1HEK3WL9/9R9xZgVXXb3viiu0u6S1K6N4iUCCjdISKxpTu3itKdEpIiDdIN
ItIgSHd3d7P3f/uee+736jn39cb5vud/t8/0gbXmHnOM34g55pxjsdJSh+YtyXztbJh8GUqVUSKs
jgJ7YxTlBw29yWa4cbey0tdnafwKilKXqtVV+42I0zDyzP0rnG+olJMS/FTL4yA2LgHHeJM7REqS
ewpCaiY8rpjYshQio0UcPL6Lvd9bzEd8LeYOnnxgpOjrZj6HTTyigG0qQbohgxzkpGdbsH/6XnNK
io/DrQgAgIIKAIR/f6/5c3t7Fzt7FwvnHy82L4prVV3mxQ/Y5zjEjd4vJsqY1RohRhhlsEN3o/0s
omoumFb2IneyWTK20rrhZcGQUxn/cpK9n/dTNTto0l39u+uC9ztizPoYUAidcY7Dbm+PvQ9C5aTQ
u+TeZvBVq6fNPuLxe5RcKY39UuYy6M7CcEdPWDz9RJwzj7LFG1oKLmovzi+PsxZ1ifXvzmX0Xlqk
fp1NdGWLP9c8MP6s7lHdmhQpUIlpVSZt+YBuuL+OwO7JNML3YvQrLR2xoiDqSG/s50VuUXb4/sUZ
QsxGWFOPfAPEP+6JWQSUC2He14kW14pGRTaxaZjuyBfQ5/TuOhpkSfi4tUyRYpg+7p9EhKMivnDv
6Ng1Jn+sB48o9iIoojLItuMeIbR0kuPe/baSAyWFCvfa7g3wy95zQBxUKoqHC27I3jy2ivw0UT5V
eIsy9rH72uB4PdiT/W0OpdWzKxE0l6UqBrmR8iBVSRsIWGjW2ymLBYdDmcBYb/GBdGdXznEYTgz3
YIySvT40tUykmdaEGdRp+2A9Of/+iNZF7dFIfcl+iXxNNu7SlJnBKzXWxuPvVg1lOsf5fMH4AiOz
/gdHxhY3/QwgLjfFg7TFXPt/qnCuW8SUz3CFw1CA//Miewu7Z3/Sd/8PfXfuc+yKP2iuUX3ppvNE
46v6q9rihFk03ohh3a/8CbsCJ7tJH5TaEAswV5ciD/vsoWcTxoZSSXen2P7Qt/Xf9L0ddnvtzX/Z
zUCLvJJ1/zH59N0B7sT5Fq5kTRncO3GR6AhStkV9uuSvVUTPyzXlL/K/D2V2MjxipoiQy8xZwqlP
TW9Xmgkvks1vzPUZRxT6UkFjOTc0eDejHfE9wauPdv3hDpFV7/FnQzJoXXLaEiYOfT6bdtigWUe+
20Gpot9UfTyPQ7D3rrEhiqRnig3dSH5PU44C3yd/tzZ8YMiqjIouRTZl4p3NAfiFk6M+jraqwEj4
Z/OV9QY6jd04WhaWQwISa4LrIHOmm3Tnx0/fBNw7zI1Ya19kqYhE+GaMtHNVuTQjVrSrOJz7fW/B
ccDG5AxN1zfaxK4/nWWtmTjBOCN6c5ZiMDgwhPhJN4PYaV7T2AtRqMiT2IBiZrTSIgeGDPNnQ54d
LErrltYPQfpQVnNHH0mQml+fQeS3SvW3eYUHbqvu4PoLV6mGZFf8caFrbJ+6hffh+tNVTe/OXZTe
ZGTu+flfj1Ms8yRc2JUjOXWWmUgh/TN1F6gzzzPCfTuUAgBI/q5uFysLW4u//X/vh8p39FRCKYXv
NJNd0X6doYb0X5gHC0+Yi1tXpLzZYWFW8JRPe1JETq40Z0SEyCxKipljvZn5as6LzRYJ4yQGmmyr
MUV8RFbw3eNFd4Le1AtTdr02fdqB663v1w8jBdJ6dVQJESPwl999pM71yl8C4lAFvlqPOO5R4Spz
oTkgDOMTJmdF8CvM1JVfL6IlLkYEPXn9slLtEndHpAx/+L1TElo5+ZGyS4j6pPBHzlf3tfU0cckl
EvyI1Eu07oY7ITpuvSRmGdrtP7yDhk71nPv97JfLl12Q/AU9WekJmTUKclJMStWCSbJ053ReB2Sl
zujlNycX+O/R0fC73u5siJCcrse58yQmyj94UTa6E7Blb1bDi84qaNGZ9X1o0FWy5rvRlQ7AIOTo
v5Zxz4rzlh3ARhQdTg2NOPXaNZ43MBV8bFx5sSd8fVrwavxmXPjAiOf6jgdKT+geqp/Iic69EWnP
7xVfP+gdGyGVSnuWlb2y1673rbFeIGFjEXn/IoPDOHuPrMLofkecYcWX6TTxF2OkByQFRcUlM1Ik
02P6iPsaQnFAvCGbA+ZXn5AO3igRWkKJp3d2FtkSsOwxNXosnHO0ybW3jiBnjlpKcsh7dHl66yoI
81Y9FwANrwQJ9br55uh3Ontj6MXaqrPD1Ub7ZraJKi1Iyvekon2L4hHj7NbpucnN7YnGwfjxvjHo
sidiXQx6ni51vTvOsyudiWTie7sTSTZg7Ht8mQ6SKPvcgB3hckGvio8mPHivVoVI9F4vYPUV+r7d
DLvM7rsKI67Gu0ndQSQCyg1KZ8UMlHHZ58j7fOxEQgujk77+BzJ9zxENXo4vfwX2NB56xemtu0hS
Kkd+4Qzf8a9IimjAWYy2fQHhavGf1Cxxf+G82dmV4RnaFdeGnqP4sihSFb/83WzbRNC2FO6dVRfO
z5LYXvgGsk5BCh02+uRGbcF9vTPyj9emg/qhRoPZX9eaIyMefZghiZowZHj65vBuKsY7XfK2Nxtd
kmxPKbv9RbHCXjrT81PT32+le5A6/cKuvE7mvD6OzHvqvFviXvSjhWCcOjT20WhfsUPzd4+KUx0p
ticiLx5wP0G3e2LGLNNPHTNqQWNaLzjrfo9vyPdsrpkxfrRZujyNvMIW40H/rQireVDc8VFyGquI
pMbM+LNZ75py7rcnozVqu/Xe9ChNvZ9cFYp7L4Rm6j2u495eLIHdab8NGSjakWGdNLm0JO7Bmlzs
pwfWeSY4wrUTL5YKSmaYDPZ3zR91vXpHVNkZX+8s2uTARqklR85FS/SxjJM7gN+BwL8A+w5JuikB
7VeHu4H5BQQMzQ7Ujrw5hml4BZNb4tt0Fc/SAzzBVfoSSQ+R2LR3j3zYp1atmY7G5J1P0atdSm2i
vTS50Z9VwwLeCL1TyrKj/85JMUCX+dyNm3OKlLS471abdAscTVIHA/r8Rg5mUqMN7aMyeHs17Eye
nc/wN3G9W6sEJ2xW8Zesx1r7v6meeUQ4xRdmFjSWMiA6vqv1EMdLj03IWsBgn2E8KajIGkmpn0Ik
wbtkT0kYIdUttayRvOcpXzzU42NK1APrToyvDIMwOb2PYaFSK464GkaXN0Sc+EjIrE7F29Z0myEG
VWN9ax4y3VUcZDxOW8pqfBSRT+iqK4sKynncn+76KjtoZ/IrXdHhRrYG9U3YsiGtChbqAbJ97XzJ
9M+nlozlHFVKSA2+X7S/qJKjT+pwcMzaeJrWpuWppJAS+LReiqOi+V0fW0/MyVju3qS8XiBLsgFu
1M5I5XZng/iKoDbHrLDu6lBTievu/e3q94T2EDqrEW1/8hG+DlKbQu3YKVFj9MrFBGXnaXLHudzW
q4J+3KAl43wbylKWjY1mw0tfT6P3BK0kWi4M6QQ3Swqrhhia4ExuVsS+O3sieHeNx0/BaSYFlY0y
3cUN8eq922PKRgOFOmjGVUP7ozQ9GUEi+V6XE7KXErJrocI8Bb7Lu8rqhhU8KALsGq543Bzmp2c5
+tPQMxRT8iS08KlPRvbnFDluTeKcdbfGhSNnlE3qLYvC123N+1VTbYG4IuqmNQbnsx0ZWjaavi0r
QnfJb7UbRlzAVSXTO9WodueLDGNOa+3uBMbt4HPaPyURmMDfPvTAm7FcKwcPAPjR/n1WsbV4Zm3G
Y21rZmnBx23jYAmbgC0A+A/lleQBBAQEIAH+D4BNA7IAOioqGioKOhoaGgYGOiY2MQ42FhY2OSER
HjE1BS0NNQUVFR0TNysdAycjFRWbMDsn7z0BAQFaVlFJET4Jbn4Bvh9EEDAwMLCxsO/g4Nzho6ei
5/svf2CfAQJ0YASxEwmBAUAkQEAiQIB9BeDiIqAg/PH5N2EBBEQkZBRUNHQMTCx4hyp8ABEBCQkR
GQkFBRkZftcXfh9AJkAhpL8ng0r0xAyNwZGY71V0Jjrj/bJWEvXvB0z8T51eY2CSkt0hp2BmYWVj
vysgKCQsIiom+0BOXkFR6aGGppa2jq6evvkzi+eWVtY2zi6ubu4enl7+b94GBAYFh8TExsUnJL5L
Ss7K/pDzMTcvv6C8orKquqa2rv5L29f2js6u7p6h4ZHRsfGJyanFpeWV1bX1jc2tw6Pjk9Oz84vL
qx9yIQBICH///FO5COByISIjIyGj/ZALAdH9RwcCZBT6e6iEMk/QzByJGPheoRPfj84sa8Vg5Fc/
IHnq9B2TlElgkfnwh2h/SPafE+z1f0uyfxfs/8g1BWAjIcCVh0QAgIDdZkoPE7XGC+dMQ2XHwsLu
Fxj422SOdCsnmlFsVwBHPgx4I6wMA9KLnWEAWk3LjVeeDycMiDFZ3L86oe0bOfcTLa88ZJoisr56
k+gobYchF2lOR+eg7J+mYMMzyJXTS3sQsAk5Pi2BLJydw4DIJzAA3S4RBoD016F49pCLU72D9WAB
GEBs3XGuxvdC515XTMmYArUM1clZsRcnGujX7r+Q0y7Jz1PIsdbRf1PWzaT9XaCkbNlRi1ykG0mE
psqgbWq3NFhAV9BAZC0CIxRF7yW2UJlGKqFYpD7ilGHubyjryGhxu4pziDeAlUPfLdfWMckSgPiX
S9CW2JA4oPizPFC/qoEbmjkYcLgFWsQZggHr24YwoHV3HwbQlLwOAdZhwK+Xs3/53gZbBi7kfzOt
Y3tUuO3UNR4+9g43RHftNjfh0W149Aqblatapvb4PEJNJg3FFfQzrlp4iDCg8zwMtGMKR/9Bm5Ev
ALes3xiJC/Hj35qCjozc/y8pedZENPLkTk1uBIiHG4Ulr4ZZ9o9xr3y2fslkF7Vwxbviiqyj8SuZ
xxdv4RCLod2GUUCgEfrbG0jp/+CHkReyLi2XV+OgA29vOKKFGSXGA52kiVMJuWb2H224pFJ1H6EH
obZ29jxKhcZ5Ipj/TqEFfDf3ywI1hyvXh07vOec9GPra8PTy/mtF+zkHefSrkWoQvo+kb5aRTYuN
FdeuSW/S80d8QrsZppZM6Y9Os3NgQMnn0fehoN+A9tBHMZ/kw9CmfpjDrBiDojYfcQWK+oST9Irb
vgZ4jn74RjiXay9jp6yhyCqvztL5u8L4fAiQ/xuUNfGWZwmxbNXBuckzmxH5jlRBWIhe5sj+qTSB
ZYVCfrzf9z40hShBu7mitGuVYwo/CTk4YdxZOM/Oad3Y6YABXyjh3A+MwTM1/+l5qKTCDX09PMMH
p19INsGA5VGOi0LVSCVfrZuTT1rYsRIWD5I2K6mI0mae5ikvz4qaxnaXjdjZE5ldIxNwqPa00b+c
fX2ve+0lF+SvyY4M4Fw00xIaG0+xRBdsHuvtEhafKL4h5EPr2Z3w19dfq7FY3KVZ1xxh4rC3ezvB
1iv8ibo7c7MQpbCc7XeUtyPJNrXTyNTwZxqjJur3jBbsJD06vA639c/cHeYnZd3tpjOTkDJPUd/X
HJGcqNWF/96G6VNZ/SXYcw0vyNqGm76V06gITU4oFBszvH6q8aUog+0MQJiq/idh5XP6kZqPIAww
LTS5Ja4a/L27PFkCkeldPN9WqWmobEiqwviK/w4RnyoK1Z23U7+48GJt/EHAkUE/hzrBlHQNbheD
aZeqyO264ZlIdk7nc73fOUgBjninvnFmgd5mB1YDOLTXzBl4r4H7JnpUd+HAQ9BmvF1bP759RkyT
jCJy8g7TkMEOeum4nVEiK9VhdFeGyfgc/+8cqFiSQyNU55NBbVYy01P57mHwa0k5581DSmlPovX3
tnM7k1zdMqtJ8h7bqT65qU/f5nkmQn4XiUNoqTdi57EsEqQDNotRWh8z8rM91REdOKgR6WyySsfX
lcrlTnkx4OqJK7GRYTSnLe/3fIGHaiF1sGpEIgTyG1fUarzwz5yo7Ofos114J8Pck3ev6A071jjo
a/ZHPr8qlPSvbKWCygZEiy34Brf5Z20SZ4dFL/jPK9Ysqa9cMsGfJIUFfsv+BkcCXCvnip5VVrvZ
dXVi+tmq3+8u1ljuxbRJ4uWwDFGo7PxebW/Tv9rSbLokJmBNK54+Vin8FhxAx9461YmGLXY9bqI5
/OBj0sA/OLFhTaAPT27/ssmdL+MUtYrctveJx7hHI2yj3vcxodRJ6qbiopFsCnZ5mEMV5qkg47O5
0JhORQsY8PPYef/AXD1mdtFWtFW93FiOBL8yTqUKZyju7LQmoWPtq0GvIVtmN4EUN3n7XxzyV4d9
POExNK8+/MIVy5fnidB4eNWdoPKWfTx+UAKYzUd3cFzN+3LnlMP7QS3pPmd0x/06bE/MleVVyYLi
4vpQOKHSbXnb30YtwfUQl20V1elHslz9t18wCOdQUKohHjHSSNEj54WkXl9mbZw29y1d7SWsW85b
3cpXsF8XOY9FEf9WpUZq7VduSXm9pt0S5/jt6w8/FaRzia2sRMwG2MR3fjXB+0LcKVADTKXU8GZI
Gcq66ZUrqBR/7l56WzI/fmo6fQVtSAT9bogynhCBoGLOPZyxQy+0yexwrMa6zbdAemdGniAPma61
u9BZbJuT3frbdQMXLW4Cr9iEzzfXFDQvq4h+56BFHJEhV4Zu9hDrrO3kgOTQ2nl9A/rAGYtUqsgc
t7OK24Ihysi7io0jOpN0CImMIiJMz9+/K3n6O6hHdg3ap7Qji3WtyXA45oxrdYcE0eycewnl0WhN
bFxo7pY3jdoL7EpRpkwWBRsEvGF7YBaZ6MzbvV7tPaQfXkjwW01m59iUbY3tCjgYylSFVLqjk7xC
jkiSivd7KQFetg98UTkfyG8oI/Vxj/vpnbpRbktVJSg5k8WNoxzYx/dHni5869t200+MviFFCunm
OTi/9cJbA8eMZMYcLz/IpPAwi/n8eRjLnZE5lo7KvGx9qhJKaeCRBKXaULEs3CQwSDFb7RRKZIrI
Zi3Eeot2RDJyG9kOA06oBuHpkQoPDGB+Yu8J2gaTQFxLYMBa+obnepAEj3UGGEo9dHLoxWVRO+ty
mHh5bskcdF7s+/DLtdIh6+RkSYqsitiDSoTJrhSssOXUW6gayZjvr3TPQGQwYNBZFq48gZab+IdT
BuOHMIDbf20MBoyd36hx16vYUUvp3mhyW/BtOnO9C5Lw77s7gVOR2SF2qDqU1TR8I76wHRiwJ0Lf
6FKnqdOFqi6v6SSPl+MFmbgxgQEy/XgwABluH0datOaHkFs0AdANEdzVu7V0oM0w4Jh5m8Zk2wKq
kDjdWzKxieXI6d7R7loh2IPY3l/TPejKGLDgvKufHBGL6ZH+RefKh+LtXBJBqniPgUeXSuM9ZNwm
x7mGgbKLFqh/Mi0UA67flQKpziUYcIVrBblggYfhmLzm/DMMMITfx2Uz0gYek3+5e00bCgM2RDNh
wEKyCfThBzQZOXgM+olTzV8xe/y/thPKPywKPGv8uRofjafdvZYq/SAvX8cW153TdT3fHcjs6CAU
Zu6fFpjmIJb+M8LABlsJZMcPTjFjLRAGvLaGXN6N/N/dJfMQCyrhgnd9B75EvqWqGh9P8dia/tpr
meWbqzPEhGZYhs4wtKJSuo7zYW1hBWnEMf3JWP0/oMLRWYnFvt/ou3SPqob0i/Lrrn6iN3Fom6k6
Gbe/8br7xufCp8M3r+DOIPvmMFX6RmsQk7nPQdaer5uTtw79oZAo0lzdyEFaS4EHwxaWMsqD1zDg
m2FUpFvacyW6E8a0Jkfjhl9IKvzqfkzFlBCDmVyOBhhgIHj1TqeZrZ7Pyi3ZKHZGwWWTuJCTM92y
dfXbamsrtWShe7uXfHrRhrJtAVMJSfzykcwME61LZOd4iNRfu8/H0+tufRrrghvQIfIc8SHK6Rit
ekttiEWNDsprFg8mKktOsPBXGuKx09BI/K0rrx7OVV2i3lV904YaABePnPa91/5fBw1NLiFKd3fL
5Dmrq7Ni1Brw8+PqUDv6hDFRp1y6ai2Z1o57l5jTByXvHWlDSm8eHtaWR6ooaumhP3cgTmVfLyMZ
/60ehs6glWVC8MA0VsPnEqpiW8kRbvIwYsRGP3XXQW670pTe+RMVB/59U5ddPVp828Ynjovi34Xi
LTyyemQY5Tw+d3x1fXAEdY6Y0TH4nTpYStTd3EXCaTB85BbBIFwbMUj8qm5DVwzZdAIn8brlHBIa
zWnhQaFGnZjKWrAv1bZQioNZeJoQ5uHyawwkSRwXk792da2afeGZuGLiBmoUkoHfia3Oe8B6EzuP
A5m4Ow4D5LhcSL548I23cy2Y4Ak2V2QrIAzbhlmzxHKUl8bVorztQl5uRvVFsb39hxDEeGhGY6Tx
5bXA+8YmOeoptslqbgUJzNgOCpeEFkxXj/crjfVp/Ku14aGfONENzSWcjXR+o+7kRttbFxjAUFel
VnNDeyxx3latAzqI3eA3kBHspngqJ65Grlbh09+TQHW6cbfzZfEpHpJV/bekAsaPmWeRUuzaQvHP
jTKd49Go8heOjcZ/M9jsaU36upOO5eoFB8ZCv+zj0UZJkrOcp9X8j5Sueel2rqJQnU9KKB9fuN/m
57fZZifZnrzbpzhzS10gFwXovu0v2WXgounvNf+1h2ROnd830EvTQvM/DWDPLOAzUijp9lxLb1i1
TcRpyBWlcl1LS7YMcpk1vuSkWBVMqrK0prJ89imByaLe3Iz6tn48/3cT+APfkUR4KAk4dYfWw4Ck
1YFFFRWz2oOb7xWzM+B7M4GtbOZ9j1T3UlHMIhq9Q/Z3uez2bkwkQrK7hjljpvB48T86NYTiipnF
WaYFVP5OFqviW1v7Lif3ROHTpp5VH+MpuaOZ9o9N00JcY3OrL9n93/eZU6qpvhxP0VMo1N9K4yPT
p5hsZ3qCSJ+Ugyl/g3KJCm2eKH3yC9XsX0J1TsdmyVabelWT/cXMUTHhtwM9j3u7Lz421dWoM1fX
hmV9aSDiJA9A6EI6LHX9XZz/3rNmIwRtgvRtcEQddN5ENovA0/wGtVvmiNJfrVmHa3HanoiW4qL9
6ejJmyQ7W591X255HdDzR7YmlYiNpk4GrGlimnFeKs5zYi88aPWlSwaY47pCQnQT2D5jY5r8ZU5S
YEFj8TSbW4/FCQbgcNKAsCeNDJV54okRKDCyTc1NlbqQnUf8tNbvbZ4LS5E1KBbbWdRDh/QYKhNQ
J4V7llNfohnnjjU1/LWo1ftSkG3vmMrwluLkW1WZHUEcxiUXsdvbCt/XW622bXLXAwyP8qek12nZ
V7AdjUj9i23EckNKM7x5q7W3tLh7SPiOpAzx0U9v7v4uJLPWxMMAAkFI2wGvj/Xi+Ij985QHISa7
wUtHz3zehpp9Zg6GAZYiHeCgUR8CyOL2dq9H9B59/Xf9ITJp1eccdNM7fG2xnYJbLX8dzzRz7LfH
bzp+WDUkerXty1VztKc5d9bwu8zBKXHLQM6ntZRdC5ZpOmnxT414jEM1hgSLjSxS3GK5GsrDd4pj
5KX33PF6mlj/GjN7k87DlkuorOr8eO4llWpwxpw1FPMAvjjlobNI2J3dcwsryIpSZHKMjTaqMyHm
LqOTGwaVf0nnOe9fW//EsboMX/t8+I01p7i7QxsI4+NbStaTL0IGvnZ21BMn6jOJ909K+egEqHze
274u++Q8zFLdyGbSKsU4vntam6vZ1BCzNrcmkqwVrbvXOoGBbEn1anjTKPA3isneK+QBDd+ExK79
sPixT7XKhY4SbvuYIEYP4NPpZ2iVDXwp9Ne5M0HXnxc3JLGH1fNfCW5Ek6qoNR7V1lw/0ouYVo0h
+6Yq9fx956Ycorj92/Qj5RtJGGDsf5m8tZ7GYRVWIfKAWnec/aACqgQJbNkehPCrHLbcPFpWYRGo
cyLJhVRkiyID+EJzLxNYoUhKDcTx35rePxEuQ/C1npXzzNoqLroRxnIL3K3mz6mce3oz9xQ/55Mn
Od3wKR4hWGjQI0oWUrEjrF02Dd3E/epMs9i1vk+jqqJV5WdyAOojtOttOb2iiX48Ozs9MdXt7Hq3
Hdu0osEF0EEq2KY44d8uby3ik8uVJe4mm1ymLy9oV+JIpUr/VrClD20C0+TgneU71UuPMJrb03Z9
Fe4Nb4xMbClmLqg1mFuV5GZXt4rRneATwS4S91crlWoYOZ20MwuY1vW2EJNuELddsk/H2Wr+kjl6
Y1LQnimUY+1SyKTtOMDEQRGFxR8Wo+DbhJaZS9K30zB9QjS8B23h/77x8cGaYnyko9oHdLasEOCf
tRUJLBhAO8cL19prk1siHNfTLg8yKKjRDJ73I7dcsVBsbwBZIWz/rCFF/bLTvf3rhb99tSDxKj4h
Ee29r0OUQqqdX1Kha+9F6cO6kdLK7srtjd1TSmFrMyV5bcN8bbQDllfZ7qojO1VgZ0czp0QCVDYj
MTtqOYMS3GGTBN1nEQJG/Box191pzAg3neiBq12d7DWpjv0KNDXF87obq4Kk1QlLu8WrFgFCXWjk
q47zVVhGjW9OdCwznhjbftyeulagOqeoePhpC/Q0WiLoc5ytRm1UI21KlTK4wOONwcdslpJxguLN
GrCsPT4hj939dQEuo5aS9DV4XjwOt+TutDcxTEkTnxcWlstydRI2KN63v+Exs6Cr8W4y3iU5qKU0
XJRfjLi84Wge/NAMRlWRX6IMfTeTrUQq2lkigjaWYjI+CzUba9+0ywiwMovR0mNhks8txOdzvMBM
bhzoiDE0mZsx0ZfxsBxiMqlQJn7U5UljyRjZ0AQedGm4qJLkmzsjxHz0KgDX74e9tJyu4Ck8nSV+
Io0Cb1Qw4BVoJe0CDG3VbrliB2eUQH7dvkWQI36MyI+i3ucAdAsmWizZkj2pVzaQlCfPdeXO+7AS
qZ+uF0F+Ap6wY+Zt5+SOpBOZwIxS9S2MGt7jEbC1VxpyvcioTe+NmjT5wst7r5F3mbbtPtggotNb
zsFLOEhQefraw+DxcUZ9eYzVmm4U0HMY9ioiXXRbc8dVjWDAMrPn6jhhpKi35krApME0zx0vMb3R
Y1Ph9BIGxKIW30KMBhQ/JpEYPf6EPYtW7FmdUuIRqNNcVWZkvTt9fth9d/pre58n5ScdJJENkYLE
5NnVnLHovNnSdE87O1PrLyh8u5ZhUkCnNF4OhWHCSd3WaLp3iXWy74xbjXu0rIS/EyONrrZfsGN+
0zZW74Tla6sExcSVuTqq20GRhWM9KNMxDFjkG5QaWL1Mb+xMSnU5yywUaClpWRGsgIzL5lU0V4/Q
EU09qnigKszzaDRk6Qb5oumQUz3MCEexslX1MWFoeEu8W9x81IspTLasKBQnmjswIPq8k/b03BoG
fCgbNzEMDACt+B523vpOQTY5XRDGv8sRA0/kiBGSvJe4GFXrriVXb3j7O7s607y0Q8S6QjacivjQ
9zjejJCeK9ePuoproGZ/6Kcnc9txZHqBi6ExTxNPWrdk0MslxX4SWq3IWFPtiBCuOuouRxmK6Byw
+cBVxrK/J/J+VuPRtfb4h/ox43k9b49ihgDdJdJD3st4DHKOtLVCk4tIkzKKMFlNS8cc5hNV0zDP
F0p3OuYUeufHgq6n6Lw4YIARqO+kxvUBZycmqlKmLl8AGt2J4Gry7FqRS7hqp3oLxRu+jV2PooOs
O+8KsX0yHDtNvEaHq4z0r7p3T7Y/VAqRHqwoEoFxPsS4Y790DIuUld7NgoxHzxMSE6oCRR6Nehn9
Eg6dBdJDPe0EMqLPT4pAwbE9EngCQX303M2esjfka/XWxQLXoZQW0Wb48loLogA70ur0xeOGywm5
K7asl3CsX0q0Le/fxFy2bO/Rrlll/+nnjAfzOFVN9+cXv73FNiYd3Yvmekkky5WhsHIk/K348pXB
4Fy/rbejJ94rwbi6WkCZLqGXG9Ux/STS+cnNn07Hx02kv9FNTyekpgd6ldgxHVvc7iZ+m/ymdqUi
tDc0drUyM+sjOmrx7mXOlAHngjnt0fEO6O6eVQYut1zIE+c1H8nRlN27hC96LY7zAAAy5PuWDwwG
Bz5PWRwr2BkMwuCbdL4z0AuPvJKigtPfpanAL9xx5/GqnL7gVfivTUIK11dhQGRaanKhVLq5S1Ds
jfAotTqIXSah9023yI87SSwNPWxIKf76LdVv6QNb9afk/TGzwJx4N+/yQYv0o6ANlXHQ/il8vmX6
+4Fo1Fb6Cct2+vkVfNQYNnj+EagJAzKFDWFAy5jJTbQRCjHCj6142QLIYEoJZH6bB6qYDSWk1oC+
mXWGwgA9yJHcv52aYuDmw4D7dvCJHlLUcskQeaHoqnZF5DpwfWsBj5Ikg38EpBsmsdxbjPr1W2g5
PAkI+b/LVIoHv8EIfePhEzUsm+MkwW6jN05TeJyXvOHh9Y4D5MuM0QOGrqCfB7sb+AqyfN1Be8YL
z2uyzEqaX4rCgJ8lIYb8NPDfD+B/EuTJP8BRj8n2x4Hvz5Io/ILH347pf5aE9mcOOTKy/pU89Te6
Fm8RTW68hmN0tujaS4aqZ4t7xIJMNy26ckL++ZShPv0XRcoukd14bMARgkeyK1Fw6X+PYxLVqz0V
pSXveYRtIgGmd729FkexrZ1Xcq5xj9HIGNq5YiZb2mb1imPU7pnzTZoKOadfXJ4ST5jV1BAE+VFv
5a92r31kLl+8WIdKeR1wVGe9nFnSvsMYluUjPno/yWfHs1p3/qUwpHPAEEEPSumvPnSzWeqDky84
/G2IM1rtuQPemKNxuBxwKmJty8X6KabDJFCsUL+bPWmJb9IsdR0+1nZ3MYeR+lZPP+duI16xnF0I
gble0SfgTueNj5eOmhzgFGXcbwtmLpJCHlPHUObPSOjF1o2BrC7XsYQLndkyDOpvQpHHbBeQo4K5
EkRFQUeHWyquLv9KN3FIwx53veODtbgR+8WrbyPZtryorPc5yedgP7N6BwevI4RTxOp/sIAFtUvW
ZgoY8EmrFBqiv/GftUi7Zb3mhuqYOQjytpPs3TgXfj2zuDACeJQiUZ0yKespn/ZA0gkfdQvQe1FL
k354bPSWGKHNYHJK/2GMzMGyZvgg/gdli88iAzeN13g9OXIhAtUPLrwLUarUPyFwJXahIyHdsg7i
9TQ8ZEPqKxHorVii5EixB7awcu+Xkz/ln0LlnlzBA1Hfgh2TjBWpm2m3VjNkqRT6yy+Jw/BBQ74c
ZVlvJ2hyqT+IDJp6uJQGXjV9sFudNE/oRYnUgHMosN0dkelKPTr/0jU4N8iMOqe8J/IGo6Q5BFh9
wZM7tORR5INR9DlielLdgNtgHColWTD+L3JJkl4Pd4MRxsPSsGcmWDZHjYlCOUtKtsJyoc8AIUuk
6IEeNbRUGo4h8C+bAy95/mXRFrwTY80CCZxqUGLcd+ObfFb9w4k+msih5jpx8/jR2Az3EfXOHU1a
2jlHXlyekUzB5xv1dkymvBY8QdMKhk664xfNFo8R/aGxEwiX2u5BnHaCOAxnHHjA1pN5NfCZZoJS
0WeMDcVaCSdvnWz4cMxxXKQh9b4DbbdP4rMwxIrGLAyX0aDG7ONCCYmJ2u46tLiueqzlj6u/DU0+
58WVpt2Uqpr5Hp2q0VxDUlk2INSSLxZvjwp+Q5P97Q/c+8oVKze1DUCB9ZXcH6J6uRLJYUBN8i7b
B/5/WRiVAC/blXp7HqxZWR7s5T4NWGNcN+x+8djJ43ambz6HpPjwHKrkM396jncs8Jgx40IP7kIt
bfOnG6CkolkrG31IaKlruJBCjLiiubCQRQRzeLmSiTylvLhpcs+F+yHRFzGdtl3CjmvjytdblKbl
D3accln928Hty/sIcvmzJrSkBl3jbHmH4jgvsZfvGJ5LKuWMbVSOJluEi7eLWXsKYkn0n10HZQZj
v5vayfk06xhGtaAVrtGx/1EhL3vz1V6RRTAFqNKM+tldJA7bAcpxRpqqbywNByXESban2+IQvu3d
l19XPJ2dj3mofJc7Va3tbxQO5p+83uSWMCBP2FJcSXBYEJ3QzKNlAS51MnZVJXluIfrBBqWntzxf
N3IPw08LbZ7aMszgiKorhczd6+FF47gui0HYcJDcjPHI0O8vmlPIRQUbMDeI1jH2GaWUnftpTDeZ
GXmkLM7On6UnLZPQTt3j1LB1XWBDWr0UEaE+ftIS5EfVqPO9JuwVWXXWkNp7D+kGj0ux5XEBrqqZ
xEPuKWqulnBuY/fXtszaJp+wNt7oGPizzyDGPHHw09jWFJwnUvPO3no6UVV0xteRs5jo4DB5+tib
9rBI77Ql4BxXr/G5jBBD52q8PL5d6/V7P/PxSBu90/3ARHaP8ovFlF1v7BYBc2bn1/doaT0Gm5nm
5g/gmbB+xNkt7Q1S8cWrklkP7y8ac3qv1mMIdCOIXjtB7vqkkVcaUaDqrektYLHX8hF+k+5mTXUe
K3flofURHRPY5BTEgajVVkeZfZ84vsQsRouQIMKpnwZFUni7UvrUUYsapyijtxFE+lwlG/043Vev
HJyHW22DbZzO7nOpNubOya+v7d/RuJUZ1baK7M8VtISXMNS7xj4MM2Ce1k8i3UjoYkIkM73DSn1x
XiTi8+Rg7o7fNwktrMngvqXJlR7U9TuXzi/VkCTfyggHSVGptbiHSeO52AXhtnhU7/h+S4IBp8NG
oJL5Awgi9c7urT0MQDoUk2RsP1b7wDy6gx+c2xQzRayETsuxu/5ageowOb7RyLsevSO8Wq8kvDzY
DjN/wax1QsnYF03WsHx7HpexTKjMo7dnWrT2tVy8+3SX4lMNdv+ujdZAJpdClSUYAPScOakt24uB
9Xy+c8ZwG9VuIZriirER8/Ctg5tN+O/jUc5tUURE2qOE8YbmW0S4Wofasq+mx+2S3/Fbaig48va1
XGyqrB5qX+ZjqU5aU5L4+k2XzhTiHubjX+11bKRwwwVCggz2m8MAX9qD3O/uMCAABrzmbhl3v9Ld
YSuRhZKmv2rZeF4GA5ojL+BJDpba5/kTfl0YMK9www5fVxkG/kQh+6f+j9FM5JxoDypvcGCArGDk
7QnkS+SFvh8qPLokd0KvQIvSaD8lhPk+aiT9c/kW2KEOAhMxSs+OcCl0UBBzh7HXDwpAOK5YKpoe
BVcdLmljvl7aEZobbd2B0Ubhq3lN1VYUeubaW09tiyNLbVRwqFoCS82Db3pTClOCv4LJZ1rfgDv7
vFxFBEFhdtzFKfLedBSWzZNlH9hKJPJVMYDDKDzZoUrTg933VX3DD47v9izO0cl/UVCd7Kx21NhK
fiBWPu1Z3k803ccSvsRIX11+jmyO7a1lvHuPi+f4JsLixluwalt/bhMDy2AGy7ubdKP8ga4FuZK0
LlXeCo/x6Yi1/quRXZyBOMb7O/mBs7VIYSfUrUXU9nLVQuNCyh9nTFTy6yvP0e6gOFaW3UECsE3d
SIZ09ZnD35CWhXEqkh3uQcQEak5vIW3+R9CW0sGVU1qa5iTJGWGKZzZn5xzkqCuvB2PQkqVU/dMk
60c7Dl95b+7a7ixHR+tlm4siSqMhm+FpRF9ox58HVL6XhypPF2rFeHL1V9zbJ/8mD1qQL1BaxBKM
+WYkdXSukjDGT9hUSM+Z9O2OYhGe3+TKkAEYHrdwLiEmYzlqu4vOJVaIRnyKxkeiSY9izTKna+jj
sKlW3PM+HuYlPgPnKprWxYCfJYg69WzOJiIBx9/UVOPLeAK5VkYqr4+d3Sw+4TKoLwTMh+0xEfpt
7Bs2x2faBDvtV1vN6RmtKWVGPrUXffqGx8RLuP4UrdxKDeciBvqtA93ONkZ3j5s1gr2/ladOKxWx
wcsMT7wFc+tGMG9mq57TPfFJR4x41z1KQl7ql1uSBak02GWvxXXbZ5e5Kgf4UJ+tvifHdWjiXasS
CGeRpBmcanOU+LT/XC4uf7IuFJ8XjVzyyOoUWs0yxbNd5xfClmFJ/+vpMcmh0BYWNZlCY3380xp/
w7IEPcqsuz0YrBsoKj/7AhtSaVYd3k/G/bNvZeA2h6yAFq0vKKEBYNrrDRjw9mfPeCl2xREFv5q7
YH9FXgTZz4bC1x3DB8K32GOg8+8wABMYOcRNsfC0G7YhfGgazssoz/HN63DkpKiYXy76ht20mbE+
QRZbof/+ih3TKWuJPAeH7uHA61PLV7GdH9t6uqdtV3mdt74opufaF8u4L9OizunJ2s0T5GqHhwpk
dz2PgwGVFISNXijU1i5W7uIgzOk5/Qu3IfFJ6tUJ9GOpA0Ns1HPq7ee1RqAl0OsXxTd1PpYky+ss
BoGUkQtBBSDg7vxP0hbY7cRn/U4g2d9KvL3x1xGIDfHXXbhSoQPI13TUiQtWmYr6Q5xUHXzrsUNl
yns9fB0Z/p1POcD/xQBF7UvS9TNTP+sQcD3plrFKRb37ME3hiWH6TyB8rGnnQeKLh09NaV3PzOkj
L9S9Eem+c+9zS/CXek6FXkaZzMhRHafXF1wAy0c31mloIx+aR5iVg1Yqk9kIsDnb33agXa2ylm1J
hlvqX+Qutle/933qo4M9ODcj+TXtmT/9ZI1jlQJ5IamU4IW3hSvJwA2zg5oAbxCjtaFPnrhPAf/F
KNf+SgvP9vGMk/XuLdyLA7Oe/GW8Vif4Hwd0at9fd+O+/6wyjncHMOCrGvrURWf7uPP2WDDKbH+F
DL15MOJ0VozIjgztW8Cr6reY69D/Ygg/m9FvJyakG3dnV8tc/QFrdwFsbkZtgiik11voEt5DF0P9
LWXc+2avl8BvQp0q1U2/kMX0iEd3t26BKQ0Pa9p2vaZEuH30kBVjOP27HTDoXvPHS37OL/GBLHDk
k+ccvvCmAXEtEX1SML68s1z6JIR0zr1lFSpzVjo0v+Zajcc8H5hhZWGRoGxWraTDJDT3AWl73/A8
0Db3+40MV0Am+MW5Rm5qYkI/C5XFK+wSVbzB5XSbDKjUAT9/h4Q5lVs4WgzXUlyGagtfeZ7DhKS7
W76tFJ2PVKUjw0XalN79N8eWSe/Pwg5jTwWg47zJ5y/c436DU8D/HEk00J8SeR3Jw8ROqTvjUFpl
8xywdo27/BoLgbyqA0b3phyiJNqi5U0MDMCDjGdAn9dfrfypwM4GskutCqGY3bw3+8Ft03qddU+G
vhzNpCP+9NOV4RZbibLKoVNr0bxVct9h6LR5PYgdw9p8Z5qY6LSYsoV4Qtba3BVL4NBY1Uxe0z4O
npqb04W/wffS2F3DU06J09b3CH3oufTGMJ3PtIPuqeOa7bfdOtp7dyTwHn6QsM8QQHV0dTDDqekn
1dj5tlQ7W0HexUiMMPhdl7XDizDY3fDbR4J66TFnxNDbJaFnPNdGIhKHavb4utNzJkmlKT1VwTQP
rsWhO/fMGuh8Pu/upjfIf44/E9oo0pXQy5ohRzSqfzeo+CBKiUbz3KhH2I88f/grhWEwO5nuPaVV
MYEXJbTD1uSSeDLSXCpiHGgPxnJGqsK1J/3RbQ3v2gdn2/nKAjY5CVW+JR6xWmUV8VzFLpPIKiyf
17TvYmwPozEeZIIvI6bfq5AEW+armQ7pb5MhKgfE3aa2Y3Ax2KKJ67D61/qRMKWxDjGEkOP0lvdB
DZ+KMDkZXNdqMdGaS4d7cSTHdkzp1Q1nV7sniw8tKK3WTtbYuSPyiTh4tlu1LnFxr23aZtVJeX88
kQ8eqT/niBL2I0bIlzMtDXPRM5vH+VpcL+xxbvDwtUptl3oPgkSE2Gg/lm6k0ZBZS4jwgzhUhLgI
9AFHaQrNJ3IAMbw50aDAgMj9O5CJVh5ocADcAn49Bzv5sUn/zxpCl899+HepkaAdOPD1uQKX6+k/
XPnzl/meu76akmz4EiPs0s+yU4K0USI03V6jY4xROaYvspi2OirSrTng1ZILTsRZ6r3FXSlKe+DY
S5XpoGg6iextquXUUEk7vmzft7FR4rTdnhBcKhWL0//B6X5mbszS45AkES3yDt3jYZB7WlY9k6ic
KE70iItAvSFNxJfvf2J54IIIqrQf0LJDAoYntwn1mOs3GPBF7nmbyRlmFQz4rmyE8gcsf2u6CfVN
fc13G4c+hPCwUDre5YutXVlGhdv/bk5/PUdozbig+6G3nk2o48cpgZKEgsFCBcew6GC0+9KsaNQc
yu1XATW5E1+nuN6Mc+8GG5NoWyWOg2lTDrKuWEjHOuXknl3Y3bpyEVLmNAmn9KLGta+mvpZB8TYN
067S0HbDh3P78se55K+1FD80dA8GMO5HgLb3hmGAkvmPLIYtA/HfW+uhao1zpl6roz2xOloSo+nK
CqqpyM1mGlO6XuXwviAWZd6isuKjQqIHtN/oLO28wk6WIhIv/UzWqF+4CGhTr9WxpC+cj7EGYcQM
9plvHtuykqTbL3HUCvoSDu18CC6Yriy4//Zo0u1w/7xzVYVltqVkcWhdT45Y/d9PQ/ukpGBAN08K
tHkR+jzkp1+QXWixQCuJF97QJrRjQfA1o2ZgB5l+H/vzg27wCoPETnGqf+wRPhrNaf+N0EFasPfB
+v262vJ5gYTW943j5KKSr0pyofjpuDBgEG5ejEowoF29uoZWmWq28+WpziHZDdOca9xVdvP4awWX
0O7tTyLqTrii0984zDUPZm/3oi1IaisCPOwe7eK7EeRZRCtikzFF8otO8UdMFqYfvLlwh76CAZcU
atC7kRf3fcRhgDQMuAlnhQEkqlO6PMV9u1ht9U1hDrLepMnzz+fM6yJ0LGPdPO4+Rt4Oez1ZcHAh
qxnZ2v3hXvn1w7nK6zfFn/KjmvkrRFtPitN/IadwQy9FDQMyIFD5WBgQkrl96zljPakHMSgd6Wg8
iCh0FPq0MSZtvBnwTaJnRooy9sjlssA7HdsmEaew+sXInF47svk38wD5qBg/1XSR0w2w8i+Y/HhK
Qi0QskELn/M/wIClfEHX5wQ+JdvjR/AOqSMSWIVz7/rcSR0EtOf08fcmfSKyrZZLL7TD5wOqDLa9
wa9o0i29UYYMLwke7VO91QqguP/yuOE6N8ca8oVocf4KDQasWIMuCkCLGAf7t0gw4Egg/UYLBBIP
5rDd4A7+aCNU35Hj65OQx90Tr8hiLbTg3sOlUzkoiEP51SstO5fSereKHbm8TaCYIPzLMt1b20mQ
ahXoZ0SK7LEu1OQahywTlvo/uI7YZ2EPd3/JGcnL3nfTQjrIwFF+T6aVYlI+9qA6S1dGoZp7+iH+
Z7Oz016ic9+mrSwP1SOMYubg3Yniy8YkvQmE99lYR8fnvoWyv4EpT9/21pVIaf/WRRRyIV31PmH9
WxkeVeweos5nPVLBLnGx8MDIXMGmxVsszTLStseBqoQG9DIShPyVdacoZJaDpAOL2i0/YUL7k1G9
rQo4hTZD8oMkqAveCytXWZbj2Fgc33nYKR6HEBmbljY6eGHwqPF7JZvA9QBdJSaBPhnnHQBgvcvr
sTkwlglPWFnbWk7wYEDXEORQ82dVuA99gS9Hvd6jkPw4JPqPlUT/2x7A4wOeG4hHG7QDA3LySPBH
qS7/Fy/m/vWQBDDXF2on3ezb7TC2AKIIvHzBkV8o/VEK/DuMkTKy6mDAXztEBu7rkB+HOf8xli/F
MDnS/xKSfx0zmLT4Lcud8Ntl/mrwGaL3R1l3RCNrlr7eRjhKQhtLnTmR3+k3rY9AhFqOK+j/Dpsf
H5JnukpjkdA9W9Am+5m/7F8Dos3WZ51BCWGp9wtdLkYP54Z2l42KQjle2H/NYzzKVjpY7Yj2dMxn
0j4ynq3nDF37pJttuMB+V5lGzUwb9BeI53dXr87Q5HBEYvS54hjrJgzpVpEYWzAbk6JEKPQ4nzfJ
37t0SfbNLxsuLsYOkMVWJnce/QQMbOrR/mVgVbIq4gA7/2e0YPlHBf5fEpOm/q110yDDgBjvxdJr
FH0YsJFT8rpWDdVD9n7dAU9gCUvZLGe9bUWD5ze+Rw+VFgvtfwH23x4C+J+y4ELijxvrSxvK4/po
OoilGv8jVSIyzQfbDhCF/W8UW11DffLp4sT3/toSuaBBFzfp3PMEeipx0ake/gHTjo/JXG7W5lbr
ldVy7ng02CnjTOyzr/zDCHl9+ecK/ypy36MQk0qkicwt/qBSa2/5vIOvT0nCT9Dv/5GX/kOp6C/o
rTaKL0oS2lNcdGBwVlCRCRVSXJYe+b94c74eY4U0ZPX/LODgkW7UJK++ETp7jvIsicmcP/6ONloY
+8mHMdND5PNPxe8TUpyfFmDltJ9EJTh4v33bSi0+9Jd2QM11jFtzids07Ipj8qhuaD+rKmLOWz6s
lzgnRFHmDlblM0BBlPyERH+8TYerwFo4sRSdwqhBlrCjvSahQ3cF23f0dF/jLwcQ2Nl7tVXkQqwD
+hWRXzTy8l8XtmX/VHxSlB7eTDEk0BLIbzg55amB9S7R/d1uK2sZSwiy2/yfksAcxyXWQKPYh8po
MQ9qwC+XpBGAvM7xNZKUPxU1aroWWrMeFn8ttS7wTbUekmepiniMRfoI0CHf8Mi3nfWBAQwJ8+5r
EaWyY8Wn00iuiOUvorOiKQvqDxTW1UZdPQSCnsYsPuPgLCSMJ185GVg1tkVNKpDJ2qgh2nTnTEgu
TSrjCn7XVvXZ8jF/7YqlxHp+oa292xVWlrXOloG+ZwKovJYeu5z3hflH9JttZRbofj8khUElr2bc
ZPwmcc6dQr6OptgVYhfVaG9JF36O7xydBhIbLeUcyhgpurGFeLpmzxluDs924AsW+m3sIPVROfGP
nG1PNSkpsqEjY7sw3sk50zgyibqq2r4MhefRd36sVXRAC/OXiIYwYEJHHQYMTRZmlEBaW46Q4Ur4
VJIDA3IqHiPXSDGQQu9WDTZ37ZwTeL42Xcbkna2HARjF9UuCFnWRS24pbtVk5QZyNlprIbNJCAyq
wghhRyCxGOjZ+pMxW25apWZfPgx9doaEyfL+V4HoChwDJub3R3nS1/Dcj24ivoUcK9tyaFc2VNXG
jC0ZUe6W85YdTYZZfeFNZxEBClO9r4fmNhO/8JwYgLsywYExY7TlSYzh8nyl5GjA2XIY1eMTuHpt
4RkVDOD5elLA0Vu0a5+uYeBr/nDEXdE8YTSjxjKCynKFb5n95WfX9fSHp8hdcgOGzqpThjqkIWwf
ftTpodEvmFxADwNvwwjh0fodOKN2NKN61PZkTQl7HH0vkJYdU5MGsvAUjsnPD15pVz1LarTOVkwY
xyN2UC29+/UhOxcpnxdu4FF2gclYnxi/hsLo0pjLsSehgBV1VMB29FiB0pIVYf/eA9zes49VQc/8
DkeT1Ib3BD1nplD6vMSUcjdqHoOfzItL9uiXNzxQQrbr0HOS6VTln6oPt1T0kAAtXvNbcM18UiNP
ikFcF6d1phHppR1LHptnPp9aGlUYMPkCnzZw37qq7WKB88yii0ttu/Qek3BR0kh3Izvdm26iIW9o
aBpcTr7snfGM4SAEJESRMpA+imuTvvr4wZj7kNOdQoOrqq9MQo25msGCoBSI9h+w19+JJhRADynI
flnAi0Lps6OxIwZHje6/UZX69+4grRFuTno+gwnBsdGZiSg62uA8s0OcuGSu5jzoM0dDhDJyv6dq
L7yGtpVIRpTNnXOVPG15xc/WkagjOKLtceYmDS9c9/0mXW2fVXCGIsfwZ9qmqGquLKOlDhm1lGSX
zbexJ/CuCUeCviyjfiiixWjPl/v4UJCdxefb2vwAU1eZ5Qq2mmiH2LHBqIpeEHzdK/33Vbgz9Nc5
+4e+Id2SB+O3r4shJ+rjMn/Ufv7RtOBrheEXzA3vCKPDou6OPt/elEgmmXH7jvHMqmtCx23B63A+
RM2suEMPrOzuYas/uxzbRRTGa6q5PNwiKJVSKFPgm92lR9YVn+Ww7V9LiLfFEX/gFy8Vnt9NnUr2
xJpPP/BZbXh8gn3i29lv99LQkD4VgzCZuqXK1g0M79OcKchyygmzu7WSb93dKT26VVSZXr+i5iJ+
ov7473sgOvSLkZe0Po4wwMQt/UqZ+keN8Z8f3pam9v27JD+aaTrx9CUtWJe6qHmousO3LYCTKNfQ
zpTDqxZrH8+w38PFV0g572SSe7nuPQ1AL01t9LqOnCluAw8lnyeYZ/vq00nN6frVxOSIhFqe9dGD
gUzRqmSXANHmoZdl5i/dTkui71TafLVlQop8+KWxOmbbeLgYm5DS4AFREib121dfwk66OiAU8wVD
X8YW/1ur+zrWIIGNKnKXsxi3+hCQ4LKyteHbzdS3dKe7upD/002gizWAJ4Ssnykvw3qZ+R22T69S
k/rpTcjGfO6ay5RfvkXBl6FJQ86CsCcd6M/MRvXU6CLv3131RNo6j7pRaEwbglRsuFt2CWO3I6ni
leDdQUuLH94icx+00n8KA8ANPedzyjMP3PbV5vD5vA6AAZ/nyaOs8zc77FZTu1Ad8RD/XUffyim/
4350JhigPe0YI3UmtB6R1O/51Wut6FM/lVfKIy47qjtTj8v7UpTxS+T5muQdU80ZBa0FQ0N3jdeI
G+vAngLycXIsCIR20UqdEjfZ22OxbpHC8TAAK57E3X5bwXywFZvvA8EWO/gbDKi0E4BgWl1VVfUd
GxiIkEVlW7Knv1ueeLbUIEkoXjnMKFxeMQPqm45wu9YycCL67pks8ESO/q0jDeVwVdLJdTeX4H75
56mS7GrasuxdGPAoBXRPVGIFKjg9/stskQdAuw/JbrHhyQs97cX329glnityeF5wH3RYSAZl+37S
r2h97q6aqEKbzKjL5FOC8U1LEUrUWWXyaYTLVVyuvuKdMpaLKfpN68pjVIUztaCWDUu4mtFhQEfk
TjoBZBCe4sYQwIBwFxL1aY2Khsa6yte2w9O2xxrWlM6prlQnkmxIHNesX01O+OGpyRvI8s806jGL
PSFg07xx9UubPQIl5NVImXbgGeTZRSg0AHITFXlj9Wfux/9WITkpxQADMuHZJBMjDKAAlfvIwQBZ
EFRRASr4o/JHp612LUCNVMERNMVi5PX4aAej9pL3+NVQg/5/YT+zw+ehEtOQi2aAyV3t8ReISjVu
bevYVDS1J8Wgn8T+J3/Y5j/E+98KE//Er8CfJAX/rY7qJ+q0P4v6R2XPfwxm9Z6dWUW1d2gwskNG
r7gLYkWJj/KHKesyG8L/j72vjotq7RYeQkDp7hIQBBGRlBoQAREBEekUREpKGoFBQrolRLqREmFo
GDqka5Dulq6hZr7B773vUTzHc95z73t/94s/+IM9e6+9ntXr2etZaxwykkEpfZ/5pczJh3T4W8xw
tV9AybdMrgEHLI5KMN/Otns6Thiu/AgT+P060r5/+B/lqP8pjrF68dY4KKLCnGe2yaOITUubmU6I
+OsXbmLILtGBy3549c8tWP59mD2x7SEtweftJuKlfC6ajYb/xzQr4dyvEVphNikQDHas3XvG6GYt
nqVuTkYV+UlTseYtBkMaF2YKJRrTijgl5E9IgQD8SsdI/qX1mkdvbbzPhwS7GoTDvDrCb1rci3AL
xo+V/0Rgk3jrFvDKXtxP28fYf8qr/0oEf2AIdLdS2mfCM3s+WhA1Vz5Ho/75zfkEV09xnORSWcFp
PEVelKg/hKzWXZMZzG8huQ5c7l3qfEpNRkHJZClgTFsUJ0+t83F4XXdJwVmXxMInw/N+iE1iCMrm
MAmKzK+sEtt/So1FzOcs3hRabS2acvFBwI0Hsb5RB/dC4xNf4v6qrK4gJW9dVzp8PcX4qWfLLVl6
zV18XxdIYDLMLVXKcEZYLlelFPXOlBohOaVI1E6I2Ds+JMssnZbg3u/pT+nw4Tzi3Slf85k9xA8+
ljClW1CwA6/YgMu4059jBcgckus3nGGaLYDKRJAyf1c+FI6PzBQp005sW4F7zF8QgOkt0HYcYAVe
bxx/FoGzBFxt1fucyGnRlKjvyXDisIHFE/rwWI3jrGIu6ZjoBWjLCQjroh9LRJqrlGutCACmFwIQ
1ItRm5IqOh8uRdqkCmUsk7cMs+USCVoC0Pl6aZG2gb7HVOZgKQS0LFuEANRPIwBzvN8+Yl649sMD
yGDIFo6LAISx9Jz52HOdccZl//C7hsulwxC7MyF10Aw22GK4zNZo38P3MIZINshZJvS917j+tDEJ
ys0K5sbZgrelDRixIx9R1dgxiY7R4gJmu/WwR/iChNLyh+riVkoN+G6qFd2po5bGwDPbNXPnNoU6
bNHFPld6zQhVsz51je/jz5qj9sy0QjGNIF3W01AO7aZSdS3VBb1/msU3FbNgkOHrZwTdvgTNP4td
bGd+c/8LClNRGHHPZMvQNIHzIWlsXPEoDBleeMpOUt+BdzPX+nu+ZRBDwRTEZN3Jz6zcVsZqdBXp
xwrdMFZTjFk5SbzeA5pdwY7Zwoge24YINSR8WUka31XrLLST4ViQrYG0eco/hx+qQV7zsXx6dT2m
w38eAdD2+HhS3mEM2JIyWtXMi+vy1J7QFVGWzHO+22N9hVQO8CDRbTdxqHQYftM54jkScH/WhG3e
daNj+mvhha6aO+/oZ+Bv+4kjWtXu2u7vmBmmKYIhmMdRfJ1xm7ZlmAyE/dHl2wVO8zj46F/m4I3n
jO+/KIbnhTS/FrSfztctiBEMneqQTvl3FXqvsxpD0029zGZEckSyP3kdyljXYTrSutjoAP+G2PwX
SN6/HwTgp4+nC2L8SHrwZQbdPGU1tczN1+A1sre5doSeZkY/gYPqNDHWO6z4gzZ+q7n4tX5+qw25
cLHvXwVySdFPM2GQbHHghFi5pvhWjDPnVWn5kTocjRbuoD1RM2TyJ+U27SbEarrX4W/AQf3QC4QZ
cev+3qaihXnLRoZWPRlOVrbQFwak1aWyOigMOmAHNVzOstANPCsppz/CiCox3UcAvOD6h4plp/g7
fK50MbdgLycnF5klATthqVFEVz1IP7o8w5ktyw2Fj2/3nF3mB8JE6E+fx/woYJkbG8x5IX8qh98K
nH6AE7reg/RwvZGGSCzqkZ7A5FvZ2MWLPzziwXXxO/KuFeaa2O3AeiEch1qC4sQJuzX7gOdQVEoS
6XKDWqWx8O7bNlp6/xbuYOppuDMOpA/xaqwbvDOwfaNq69N2Z2m06AIZMmuL55wJ0mBX63JW8cqR
gHBMR+LL/DnBbqrw1Q10fyLoZ0EW/v4Sv/Wlpi4vsAs72O7gmTYs615E1+s3nMDDKheAmgeI5lEc
JJhJ3n9a547ySW4+G/3xNb99PcrGJI66uJfGBROm0qAdXF4EoBBy2m62OjWsuCMs9CfkNsU5ryj7
kUkXcP/fdXq/Ni9raxd2ki++xzx2C144O78dGpju1eAQ0cPSVZTIlOtDEG7pAZhUmgj3iscxpttD
WR38b9EpTJkP3kLyX6wzXKO7NxI4vF+z8NPhlqvSG75ZqUYAJCLqbcc2CTW78p0mBnNhV+vf7mNq
odOfej2kygqKpmd2wpcnBFmbc4R2tGdA4UnIdKTT8QxE8lxL03T4uKC6MvLtQFb1GDVOcP+Mu77M
oO26DrlXcmVJKaQ0evZVoHpBwKgscJJ7nca4vNv5A5Pqdmpm89bNeOKTNE1t0HKc07CINQam5wtx
BODjua3ik5N6KuBo+/HPtCLsv8BuIsG3Th2x7IKGkZlwn/Zhi45i06EefkagytZQvk/hqME1p33u
O5isaFbRkESTZJnkH48qavs29ByxwOmQQiBx2mVsPlzGD2etDFSrGuRd51dXeWGZHA7l4gHeelmN
P9Py1TEtP0BOukc8tfxgW6UlesvUPKsnp4c0YFxkuzPWnlriRWSP9sliphXNiGi6smbdIU5vXg9V
uaq4TQs+c9Aezbb8MkvOkJI6U9N2D09G8NtDc2LpYl7D2I45SsxIjxHBFS91x9qrFaW9IhK2pri9
5WXvwvyXcD8esdUViuAQWAsvxuwfcQ2KnJfLS1amluuwPoJ3DRq43XW7fyP62vrk7Ganvxp6Ugxr
b9zKCz7TjQ3V63YdgXZOh3n5b5SHg0J8Xw9DX2sPpVasWzWHmexoS0d/mqgpMdDy8QtqykphqnVe
SYzCqb0Ztgp89qmvoKDO//nNoFy/tu71LPR9GvulDOYNZXlLuz01Hqs5kvKq6C67o+ZZTXB/nTqm
EToqFpy4R9Lrfi0b+TH7uJShNZWcY8QT2Shd1PQ3j20HCWRoV2pQWxWlbCqtAixZoDdKym9kRJMX
kYs9i/BcYmm5zJpUpeniGED8OICYNN5TrdyE2a9yw6/gtuK0RJbV2hbZGAKgI398flD4uw0vmotH
ESsudNR6uG3UWVp7bWtZq2p5JloWPXyseGaLnFJlbQqMrRpjI/BsZERJWyX4KHKW5WBtbLA4pLWT
W1skvCXr5S54C1O5m727oiCwKoFVsX9TKXXwGvuw6s7Sleyvdz8lVogDhYSdkSKJADAoHO4gAK/h
xhpSNprg9dY3InKpkrhdXc21yZs4OSJd1/hb7jOJ3kHj6zfTnMh8u1xGqFfxNPxAR+zVa1hsXxGs
r39uzVA6ICVz9WD0Q7FWs8trl7MPLeagjk6pnhmNmMqoeTrBAbuFt24Rs6OylPy7Ffc3YQOyZVZr
5e9ltZezUwMkr/zjYO8dfD+97blk0Jf6LARgeeGcHhcuePzHrVfYPpQdBhq9eNayQrHuD6xdSj5d
Rh0ibYMR7Ryv8xWB7A6JJLNLzDT8r4iUCD5ywVMk6SFbiVn1VSoa4hpWwg80NymgfOp6YFLf6M67
/kFnHTZ2Wr8CYipCqjzxStl7Q0ioam3AtpFKWZnnTMSdy0D7MBoBNEhKwSdO+APnJJDJRKjuXvQw
hth3hUh4F8/eqwEvnsb7bv951tjUzopSHbNm8DTw03bx+INNtLYHYQE1BHM2dHUBZPkMr/gdBtWA
c9icqsgM7JYp19XPzx7DVRolGJUi7laGSXQDcYa5M3THFZAOqXiVf1E6XpdyI1G28RpcpHP+tGOY
NYCsoP5aRJUoXcBS9XU30SaBgzIikXxjh15/mgiNB7lBkSsQeh87XmffsL+5W0v6GQYdnV8pdLTg
z1ls9vQ35JEJkZa7dNJIKZifSw17f/fN0RKRNON4v37QtG2r9qJPsf4xFYkaYaaemdqkMKQ0cVV9
2u3OswAWQ7+dDZ6gOQdMvQz55A4W30CrkpUNMBpNUXoYy14ha6yE28LlafyqOnhJf031UP2yA6+S
FMOVPz0MLp3USGv40Gsm8zXJaHD6S85snFAhTzzFR/KmOqDnOix7nLNaEhYOWCZB4QkV3da2mxoQ
HDu326A3cejFptCI+9Dk4uorsndEZUmhoKcmCMDeFaQFr7NDAK7c4OlJjZQu2QbXvjPN12o2Jws+
0F+UeuHRxh0/J0gKxohJXTkM115xv1ZW8hTrjdJiy6wUAGfHCci2WAn6ykkPf60KhOElzcgckIUi
AOK59KeYiluZE18nEYAtBGCROd/OtrTURSEpV1tXHZY6SbHxTnOW+IZF9YfXYU0LLsqsAyUaX+21
lGflHvFRirRa8YsUbgzdurOnpMP1PcC0E2wZBCBZJRSOlgV7DIcUVuAsWfKeYazPnUhDTLY5wz89
202jfut5udtlemji6myPgniMGHtp9RMK8X7pWDqYCLTwD8E9KkHz2L6Wn6kNi37mpvmZxOSeaXlu
3vT0x8+RQU9dZssspBN4B/R0zKMf9dg/55z3Zw3ynn6J55abCm/oQ+oxKdKbeqzASS6QlejTR6TT
je3b66KXHbKwQgBmWMHxY6PU4sHMhi8j8GQxCz+zf+WH04B11L6ONqdb5fDw5h94C8uuvU56aW7+
PX5KZz5pSK/Njgw+UAZO2SxPXndqjZq4qOwXZNcylV3rHm6332USM7j+fCURv9NFBYQz6eTi5o4U
+5JBi1nPJXYyjSE5oOOogrQ0pljUMALwI57AjyWg40vqyDhMCOQjXDV1PEgHhZd8AZbZgY6vnIdn
d0HB9GOVwLNLyFiIEdgS+kc8T0c5qzrHUxWJJyrxqQl84pw6HEjqvL4M5wX94q2AH+CvT9DDPUuB
MIKkOZk/5tnff9lL98tQ3jZk3vxs0IJArIYjc2XQUu8anYxICK6ZWdKX4+j8LL0kAo2mFxrvHslR
4lbROh/kQdCXj5+V1XISmUJDiHWjiO2uOBRG4qOFYF6r7PmOHtLd00ND714L9jNBN/YzoBY3mSOm
PpPV2onTEMiw+CavqVgMywzmq5pXtdmdLJSfPKio9AmowMHjr0K91aSm/CObfxQuTtSp4WnDj303
+eR07p7oFFfE9dIzOPdlP36SI0L38nLO/vU9N9k+yMw1/ippbnN3P3xoCej7VdN/0QSeoeaBtmiB
DR5spmWaYvF5wBkmcq2qCT2m8L3smwrBtrMc8vprULODPl45gjgRgtZE23XNqe+e+57zCsfjqvLq
f0NIbl3glOUyklOk55zyPt+6/EOc8X8Qiw0kRAkt+lMsxe20X6gKWuT2QVGmvFEKFphahqNQXdgi
QYHk4W1F0Uv2Sd9hWwGkNzl+xq9JGKhQcnd035P/C4nRw0aG7d5hjR/hAf47kf/xZXwJeaGXnd70
aq4eUhnNXxnzfjl+HXC8n0//R5ROxlNsHMV/I3L9APJVR0+xTEANVa3Jv+G1h1diguKs2fpmlG3u
+2URQ2PU195+eYofHetZIXv5CMAfwsOhLiY5DtCRnOO4H0WsH+SXhBa0o6j8Wst6TfOhdSp/sRET
u4dOAfENN5cBZIjwB6QIZfgvoMW/W2ow66mgUeQerndo4hLihEwdPn8eyGbwi2EIgh5+DyOPHt2k
8kktytZ8hGm05WbGGA+PeHqEgXaEjdbUfzH3/96KNd7IE2kwvsp3GV1qi+zyln2ZxPSSZzjxcj7w
j5ncAx5pa87cfkhJVMwW4jT44k5DeKJNYu2QrjkInxcaObamGqatWR3B7DlDzbJbxZBoWw63L/ul
5UJZfdRvyct5dfR+GvTGvKmR6TOH8ofF9K29KDAVBODfbe3/067FPHILWpTJGuJqzrTKHxCho/nW
UMijTksaD8958Qfjr530psSN+9R2Tn1KoeRZyOrg1VgSH4zR29bcrbwo0IsM/MFy/oGRFcf8UVoc
z5HMD4Wjs8L6fkVywN96GcmG1V7uu8sIgLfnCJPRaF9+g35o94duO47Y9KLyoZIVu3cMO4ldi3ep
IyMUbLtlFv7QN4jTuMfMcKEtx82PZsY4Z420HcAfpCsnE8ZHltPsz7ur9I6NL4dPsAyODqUfEmY2
OVYovnXcnCz8ZWBCjpn9P5+CdObbw08GNuBU8qTgs7x+tw9Mn+5Ehdx+hSZFT2tXIzYwk94/pq7Z
yDqaSj3n82SOtZzkEVPu95+T8t+dyqVp6cia852a8t7DvIunJsrTSotr+P20I+jT0sSTlsnrxQGX
bEQzKsmeo1lxyeVDCnwy0p7PuzOWW1F0ZVQfyD0r9XQaz8GT5Qhx1A+ifxDTqDm0WGT/IaNRi2L9
ZhxFEJv0ArqH7A3bgVIOHqRbLoWzaGzkJVcUByrIPYkwKGiOsRJk+jKEZIPJsKZUd/6SlhS6ALnV
DQ5qVP6I+9N2a6r5MHfIvKGzOzDrKOG8Ssbkt3M3v/934ahSyalaofxMF8UqoUY+FNrIIVeMhr6U
0vOg84cKdseWUfmNspn2Fy8MZd6NwaZMaKjI1obczfeIR8aKT2PXJXXKddxxqdqfEtcUa1d9zvB4
JN6CQrPge+eUQ7Raz1Y0IY/MRtz+jnH0ZTSvhay32jyGDNOxMEo4Y3sr/2aJef2snJtlP6/zpTTN
dmIxQWZ+W6Q0oG2nF20tjfAaT1ngVHpHdPDPuq9ESBvwLKMlCs+Grm0jABykZ+70i+p9++8n7uqX
EWpJ0RjiX60QMwR9EkYbrlGc1dHZk6fdZLoczmyiK/5AmnJI7iP6M0DTPq1QQCt46yDLyv52RfA0
B4Uvro/fNLmwW/dXF1RMCa1KcPXuyA3CMUlH7LDIerEr7ZTTXolCz30/cmjXV27fzM9S19OrVhXy
SeeHmARouTZReMgqR7s3AoOtSiuymmIwzLPnzE2air2SJnIm2g+OtHYK+K0wzaxHzB3iXhhMNmyM
zHk2Z437M6EK4Jz1BeHgCR7mVpb65LbzFx1oqS/oyMiTJb+7e2QpMlmbdui1kwJZm7/MkYsAaBb2
Liv629lX8k9ZBXXyLwCYg5Zoq6YHr8+eocrOvLYXDIrk/9JCjeOG0sLBIdkLpuYimprSHrvHmDhJ
cpcZfUP8aA6Ozp5rwmUxrfdJD8uiMNmKf+LQyx/zLv7RmoKq3nDSXhO4bL8fAUj0NcUdJOe82shg
S03i6sAEltcQowYnjt17XdBtuaTEV48AZAahvHDBiWw2fzSU4J2wf96srvtig6eCnzo+/fN01Qcz
fKcwFIPwks56x/uXn2DC/NCN6d5R7pNa5ph9mmrOahu1qOyxD7rK40OvHffQpGtrMidHTzFH08z8
Rf9IJ5NGfng4M7rxRvQL+qZ9Uv6U/C7DwpVK62K1gEPQ5uk4yVjoTKuom1lBGJ+cYCwtqUVjG45P
gapMWGKB+isAu7yhfHXVNlmoM/qDXk1KnPRyzMWxIPy63s1kDjOxzaYwmVzQc80jZZ1rVNa7WE0P
XGjC28USW0oHIwIUbssIrmjrTHmnuylrJH11GEY9e9TMM+d6A5tmfvdU27C/sktsUk6eHzqpoalx
1Z9w3jCiCXAZqGk+M2wDDGwrliL51jnxW1XmxW0cjqQLDa5/q6pR5css42sN4OL1vwHl9SRk72QZ
12Ol5W5dNH/+kbNk7Uu1kXMOL8eBhkU0s8Ucs9eKnFZh0rxY6PGqDtQ+141qUiBmMdqYsJHMWuej
gmg5Opw0PM/J93FJP0N5KVjiRtcbpzkBUwyheQ5GK4U0ep+bGRkTq8OlMZErve0Hwr70xu+8boRH
2ePw1AFvARN4FPr58tlnbZ/dmPtU/m58tD2CEVPwsiegfT7UVt4MTOwAGt5PKU6eTJC5H7BSaLGJ
Hd0J3YoNm55DkeOmaLlzrSRX4G6/stQAWR8WsNqZ4vXraAMFzDnNJ5PHgL97Vg+Hi9h814QMutv6
vOwycy418c2ud/o8QTT7+VqNdi+mvuo+qmDC6s8xevwqDIsZr7ytJztPkWJFoLIlAZ1MKa2yO2Qs
yRJgz3qk2tBjf5YyT62tdSRRvY4ANPd0hHbsprgCgQ0dcCzw4k7ZKtLz0JxFF+WOrsU4jNYcvOdL
ABcm3YAeWGE0RobJPZjz4IFBM8OR4fsLYRHuptIJQytenvL9sS82GlmNyhMmLgs1jZcqBzsh/F99
cN6LHzu21khmwJ6/kleTqwyZpCYpKb3VzcDglrxd8pHWxmv4pCXe9Xxb2yAh3/4MpJngRqJ0X+I/
5Cf2h5kePw74GAXDjDLVR1vNjfNh0ZOTjKWCKUOL9ySWAYIkbXBy01sTHY5kRbO8FW9RmDtyH9DW
rUR3y5M8ut1zyjGmd0xxiowHvXLOK1RgaqWQPW4Y0vhgKiMAwcg3Iz3RwTD8DZAUNL0K2k6Dk64X
nuG4syMA9YMIwBxSVkENNWAEICW0WQ8mlHSKjCR8XpkjAJL0AZAteyCsTwpAv1VoAVo23FaD42Wd
u/QZ3VGk/2+dLTylVYTzKolj/l+CBAoOPU5Jh+q7/H0IUYNxWMf1ULV3rq0MqF1e7XVorL1Ppn5E
gS0Z7QIImQs4BLABLi7kRxyQqnNhIRfokOqBf2EdqhUwrfTJai77PKcQx9dlTf2r/UXBNWqsXhts
qR43fnzcFPSvUwld4JwI4GBLewhRJ1O4kcTNQh4L+zuqlCIEzphg+f80/vT/E4j4b0EiBP9NpVt+
terB8aH/jCfzZRqbNWL21NceAEwASgu74v/XzH8gkRI4E/3uUtMhobk7S4i5J5UpsVosrzduclG3
AgAtsSGADdXq/xmZ+TMk2Ffpr5RYaA6OrgqV+VlxtuMYVAwZhV+mxaMIP/coiJEfRxTPIzK9hbQA
gPO/3xtRzPN/yohiCOr1/z+i+P+OEcV7U+gwR8mkOl3aaB1qxQi1Ac53E+uPoq+xMEeGyFsiAA3c
M8hcA2UlCXaZHqaieOGEC6XeVpATCO7hYgxHlTlvyfT93ar5JChRCABWqy8CsIyZCZpmBs3InDLR
0SMAyXTvEACPcKQCmvX9O4CQ+jjOTOA4Hd73Mxl18i/pWHxGluN5rzSZiHvwGdwYWsW+tAmcTzGZ
OrgCQQD6St+iWMEJQ/GRqo7/EAGou49cdihMWgSIAIiL8iAzZyakZRhK9bgNmaHYQgDOAHs9p+ih
5+1vvA0bEYA9tAHgFhFwK1/zfHzxfyMcwSlqJ0dJrzrdq9Gc1IohTwZuatByPiK9eo3BKwT3Z97R
IgDtottcZ54FkD1ltf+5zPsdIIvne1OnXEmfQEbqZ++RtBFoPxF6MXWQZzkWZEzzvKrwInUWQIsz
wA2krR+r3Fz+7+XK34GTbe5O1assMajDK8+nYWHEEPgEnTZrtPJBzzBoXhfpvdb69c4AvZjC00l4
y7Yw7MZPHWmmOw+OjYqFaz4QNTWlR9i0509dxCXnpy7D/+Pp8LHgVDgllG6FEJdakZD/nWun59Ct
+9GDqNJCQUmdx8NG2mdLp285qeH1akj54O/34Lwg5EoXhE0THDOL69LT6CJSGbWBAFwTwWFoN3h1
BYXD/8+kUm3A9b49WUnoCf8q5fOe2E8oJ/HGOZv9ZZcBRC5X6N57DnZcWE/axbWkbB0GvBB5wIf/
MRoBkCjn3zGuANCEWm3lYSf5tZyPKA3xtdZTijBZ74lPE9MARK5Eiq9X9P/JgrRPkwgZSob2asQQ
gIeJI4XjLQXPVLFmDiwED3NjEvk8h1sO3CnkrhslLmA713s8qWPdXrkLha4dYw3+GboVr0IDyKCQ
MSv+KOurfYsh1L5E17sPRrHoNdfXLQ2rS94sMsUuiK8l3eWRkfPqTbmAlx728BR4ixTgVvXXd2H+
WdACdEYAWLClz59BAODBJQWeFSc9R2yaAmeehUiMLTIAdr+38WoLFz4/gjmrd3JJB7Sc+e0E5kUb
91sZjJzKEOeehZDWWsr1N4zRO2k3QYzatcVz7xiKBgpKOhT5OWDp9qZORhx1R08ibHvE3bYfTDuU
qLJ6g6nztRr5HctSVFfFW6QAwVk2c0kPxjK/bRkgw3OBywjAy0L4xDBIG/N0nPXsM+TEUefsHzjK
O6r3JYSQSssDhALmb7q6vYgwIwt86mzxysLMMlXriyfzMt7EZwkR42GM8h5i13uDBSLCOZpXM6Jm
uchvKbQBdvpaoNMbR9sBAlRqDqIBAYX68OcJFowWC6nKVXd60OKHAiw0vrzdKCBNKkAA2mqQUe1w
OuQYJf/KD2ajnzLpr/LEeHW0Wkg0V5GXnOfS4wWL2Zt1KBFO6RNl6AUmStqXeppkjWuk+/KTqwYQ
gOJ0iPHLtetPGAhyQxRFt5VhmJoVUHvOl3KBSbcw/SNYYiub8DYwXF6dsb9Vfw+GFPKUpwZcx+FI
qkayzCcN+WYEMvyWHlWTuKjSQlc6h3nNdWwVTzh7hVWaAmRUnvZCE56tuTOAezU7tRuFAyu82Qyu
3C3ab6dx45FJppGfKIWQlWVRPxlkLK7Ev1H75IWWTbuUQ4tyPPe8bdw635Hl095EttRE0yUODP2g
Ip0lU8MQD1QFt1yDACF1ofFdXLqGw4YkIhqtlZiXpqP5qUc7WmN3Au5EwXdp9InSB2sFiqvfz8p4
LYEHuJ6Xlpg+3Kl/0UXzKmDuBgampG6UFLacM6geAbi1ueg8FbJ33VW6DAotjeGwtbJaGu1k1K81
O63jcFkijbWreTA2q+izsfix5j3B/cMY7rEq6QihUokX+i/N+/Ps6Uu77Om/bKzDexhD7bYtNICj
kokyNUpQVyWjlNU4HZ9BNdxrGQKR2C0kqaU8u0av0ZZxCQ81y/bTEABgncUyAlAwNdy5O4XnpAMu
JIVVTmkMgLFKxnJjFyR48Uls12/IdLVYW1vjugwqMROkK7Hd77v7IcTjSr7Nhy+j7234Bs0stVux
uh8GoTDj2E8Tq12fugfJRz8sV6tTOVx3vXQfv8z1Yj+ynw9Ae1xhB5/tURl5D5dxllI8qkp6qqHp
G2h3JtyA1tRF23SAQRqLpSK3bmUgvrkmI+dTST34hMxR1s3QypHgKc12XgB1Ns5tns2uh/fRmKeV
zbo7ZSd0sKVUILWhikVx63MRKv6OJN6WhnukvMSX1+diOdjscdCCCJM0JZnPS/UK3HfhD8iCz6v6
kD6H2hSJ4GHSzqMSq5NLekj0xh4Alr+NVMouuMkELo2efY5Ncl/nywHg2ZAcrdnA435gyTplRtmo
1kK9iMNaUJ81L1teKC4sYKCZ6rZZtJIiCSdTC5k9ymtVdif0kDQoeNmsjkT5YQBJqe3reLx9tYeD
hkM3fAate65EG43dXrfEE3rWe+kz27dTlBdMkjYCEIIAzCfCYpAir3d8PTc5GTWAQ1gb+rVaNKMj
e6pCnanFJigp834yLtV2IYnZQR/s807Dprb5y2GC2yXhin69gje8DKLuAIIiasy/9EHvqd298rGN
qbzgbn0JF4F5HDhiRIf54x1y2dvX2hVc9lmPHtXynTlgbkHWKqyabe/VolXtdNz/pOUTlMpD1s1d
R5kJoxK8KUKZcRT2/H4a+70igs8vQdU8Sq1zwbe51uVM7NYlhSSbcYrSH8hOjqnp47ZRLAnOlm6A
q+TMX/mLOT8r8zeKmGSgEs+Pt0nMwtzJAk+9cocs4nFJIRPnFDem+8MvTD7UBty6PnQpqn/yS71d
eDtVF1UbkcSbR9LWMobK/WajqIPnjJkG/hawrXkgAO+9EYAKpEmwXIOc0+c2p0uDFYG2if81K31/
I/s5AF3CbhxgSYx5FTtzpZT8tp6sBapOi9E9mafsVtpeH4kwRFEyTwWrwGLEcTbZ+VsalOnPZN2V
zsbvf2jdydejnDCNswzhE30MXTTJ19HQnHhSSVRv+4bBMWPQHpenPpE+ScVcdhLw2WiHUK7IgIQ4
AtPmcYk8AqBzxdE1B6QV3/qmWjbLKaYlxhb0XA/cGjnPWAHmbqVB2XEWlTUQbJXQOTEtvYn1iuM5
Zjb39R6KvT3U7FGn6M8ri7g0B9vN6LYlA9lP2I/qMEWlJ91Ts4Q6gWMEph2XGkt6jzqEkneKetCX
CumidIjOhznWs+aChveLkj+Q3s0GoHhgmmmyJaMW708dkYOBx3sxyJiLL0XjePM0cDTpzEUOGcFQ
AXouDvb8qbsggE2UPTMrR8uUym54OPQTlrQGhAakGQ1d5Bi7X/BUODUKLWcf/RFmcHPeCCSQ6vOu
3tMbLuEOpgbx5KEd2gwNb1tsh3z7a4ibKxMTSLAzzDDgLLXSwcZg//ib0rcezIfURkkiieXtggA0
Vb7xjia/zpk4khHyTPF6IOAlnhxdzermKaumUw00rzkkecBkmnLIQBnCUf7iqGJumCSvgkRvvzdH
oHseUpAmcil1fCWRuKR0yNB/I1xDgERnUgNoN3ekJoebX1NkiE54T2vzhXjF8WyOjnmpaunhbaId
eSvLYXwLAozHXr3GhXOqXy2hxy3U6SH3oU9wiJTeUH6VyVe2qPpEmp9iEMCWfusvWA0Of1ioyaHD
qDSjM1PIvq6ORzwbZuKdgtEAoUxaKhGHXdmhsUaXgyzLQ1Rs7AHHTOmdT5FUstHadNbi+ij7pMsO
xw9jEonKiyo4SQ7DBcNy49NutUgc5GoWeFnlTmj0iByyWcR+vB9/KYzQswDrDmmuVGSgHhR6KuNo
hwDkIwCF1dsJXPe2H69WasQLvn4YZ5fcqbgxFNWUNT4fqisETUysfLedP1GQka2jNSFl96nO37Jf
hg8SnWa5dbeQ8RO+yHAOEaCd4QoKZsqKjNVa2f4uOWgNcgTH9NY1i1wZ1kw/dCyLPgicxfnqtMDB
rNUtXsdqKYqSnab16mDLj7zwQ0tlmmhTeCM/02NB5RpJfbvuSy5TQQV2XQJSQplZVra8qt5tYp0f
dJzaGbjRwGamqvwODilfZwj9t5loAOrh8fGOKaKco1Nhi5u7FfP8qmVEY8vKcuaON/hdmtv0VcrY
bwvq4uHxBByU3JESZArxBXOSbGZACpLmWfMKzxu03Cr0yN0chV0Jo7e8KMEzIpQIwGXFU4ZauhPg
gUD42XuLhaNEy/Xax3OCc4L5kPN9wVVMBCA8G7UwCEfzvcTMbN37dOfnoQ4TfaExlMcfT3M79dQD
pmZk/E85RKbHV253oIvHR5JNKyee0riTrtFvI23PIDJAZkJG4KSgM3EEYIePw2QYtNvrONZxbPzW
jKog1xwvA4cqMYWoK32sNjFcuzJ48sF8MmZoXPo2P9jOPthCTWOQUL93dJYk5OCJSixpoz4/j27W
b+B+e4eKnurJtyL/WwrtNz9PxRy5s4a2zsot06uhadWi7N3PemyZziwf1a6c9HbHxaBERLZAJ9hU
xT7/ruCwhOxBq/NVrvcxR3647dNq2aBmpOA+Ap4Gy5zvdO6jIQPDQb1jJPSeLfL9I1DMrDNZ2hyt
fAlF4pjGINmxqNCkg3GsD6tBNDs5dWjB18NCJ3BMd8mbR2NlqaVuLzmI4chA7fg10mGZAWeRwXg2
PVw69cTXMPmi5vz2uiF/+2+sYdVU2PxqBTzhP3wuMlHlOqYzshm/3jp3H2+j2rE5kSluqvm4JRbO
SvaSvJSs6H2M910eShufkxFqiNAe1z/Zl4ux2yC0sL4w0dS7zHXQ6ZaiY+Q2RzGdqPb6VDDjIJJ2
z2R8m3aoeGR0+evMmFKYxEI0UMS1OChJ5TGQagZOP1Xgn+2U1uBIDIheKLAgKF0vCntS4OZHn+Cw
LTXbdlU9Vf4yoTRqqABq0m9sEbZaAsHoraM7Pk9tue+2lIgq7LTKbH0tPTx8pF5SGWTrZ2wn7Xb0
0MNZZMtcd0yt1k24PmzKnCpAtHnQ3xb+nr3E75kgjuSz7YC9zd+kEAEIgMCTQUdUcS4T/mtk4XNx
XH6FhpVbJ7Vlrp8Ph/l3NqvCX/ureHpeXl+DgvP2xwJzFXFvHA/BRwo2ow3KPuXYP2GRYPwkLtjs
YvUbY//J7PtWtu2+gZugojwDIWjKQWbIsnSLA1azw5wNPc+t9S6XQg8+7GC1Ohe+hfF10c7ojsW2
CQ1fTLHTJ0m/J+fCGxwv6C7kVuWKSIVrUEamfVx+7n1nwfOg5+NHiXrvq6zejrQ4dXNY/SYokkJX
ZlzNjTEDst43ds6kvRmXu2019sZwh77R9HTN/HcEKn1o6E1CQt8SAaxRqQamZHQg10600/KkdDDD
38/OXz33o2Xagva87RPlJ3KvNgkUM1aJ899PSSyN5208I4Mb+OrPb9AQdtsiV/k7lFEBvXp/vALX
88vf2EE6cFDPlsjzNVUtDnpK3RWhhM5XBXnVgd4Vka/wb7052i3fUnhp7qhUEalQtW2/NFrImKhF
fYczU84XHb6JPk+vDQevAH+PYFxrWx8HoAgA9FBk1MJRB95FJJuje8MiRavj+QoPGnOTa6fCy67h
fBXofv5jvuFnlUObyTXgAYuMJwEb99SXmK0a3rRqb/fXKP4ObTInJhqO1b8UvV8nU5KDuC90b2oW
IUPI31mp5FBEVFQQ/lG54kkU6GCj6ngnFJYDnHEBdXKsT20FgwYUuTpOFJeqgG84yv4pjmFdgWvl
X18YV77zbCUiN3DLbbPanOmt1khzGkkfwcjGceSECPdGs9mMYZeA6sz7IP+BVtpvqJIFA9c6hXid
s0L2BRKnmkpHE/Y6uE1AxflN3UXVz1WW9IXV5ypIyUPAUnFjTWSVb1KEattwfSq716izYt8Jo4y2
FjL/vtmK+FSkPbljHDUxMW7m4M7wKWBn1Ul/wOLZffRNMN4Sjng3JsUZh9wTKFi9WtnQPHlywsqC
RES1/+HX4GuLlOwKl2drsH/Peo1qHY8gAEnThFEJ62emcD3/pV1zzdg+KyMv5Srua579PYzlbn0T
zs7oNAsKtgMBer6jQ+OTvJ9KIlWqKwLcGDqYHcm52G5b6robWNskRk0hAD+jPiQ7AgHCgEswAmg0
vBJpdLs9fwzZvjM3SlDIzA14w6BIz1edpOeRDlMCgqO2AZJcTn/f42UFXsoEM+tSxxAFekeYpkyU
sXsYJh2+UzzFKMclbhYKdBUd5O0wj9Hqovuq1cVs4avl6jY9WTtbw/E75MqwoNqEg/ppD5Daw7WS
KJpt9klrTZe1ZuvsdJ3yzTh1uHDV+pf3fg4sxbA+mw+S5rZzHV0cyhUq3E0WG48XFbn9/ECUwqFi
mTW+vyfc+6rwykv7FYtUGePRLoX++yj2jiT9JhYsJdvdq46AO+j0msUZa5XjpcSyr7InsLrDqVc2
ruk/e89kw0wfezZZsbapG/x7/lTZEgEYLjwKp0AirZs07+zrz5evQCv3hJwKvF8zSCVfkkui9vJq
XnqtwpBgO4qtbtlMbg6XK1eGjjxjtIbFVUfbodjs9tPVpN/RMsX3E2BIPtKM4OlYgdYUd04VLm5W
/YaGKsvwKQtwK8FUGFJUjQB8HZuI3XVY37VwNK61LaMPlpVxPO/c+XsGBWDkeq928EX+jZB32Sw1
9eGxkky3WeqUIjLeegpippDWw3ybyz6ORJVAhjhvDj8kv0xzyPzanySCu4Of59Cfood09XfNFLbE
lGEnmNZMq2NCKkmjFhWI3/wykHY+O9WK+7XFhzpjimwr8MmYE/htGdTqjV2guYf7EKNR5E3Kt0sc
dbqxhcr/tBrZ5kKKAXxd7G5CayfEbbFP63hwQht8svbX4CAPSGHHKYS4AyxvoAXBMZPDy7F1fG7n
19UzepNOpwyDccBGkDV+LmAlbz9Bc67Z3JC/5MaUK74hNvmYyB10j+TpiOR92rWPAy9cNZB53QE3
v1+fVgvTw6ORUUG0nVy931Zl1Dm1P3y810t69Pi8fbSb7UfjgjsZBaDfkbJkPM9a1MIy0H/8X+iX
jbY+9eOXLO2Lw0G+FUJdcdQsfW9oQ1ozmWJqJdJKKMP7OWipT+IO0IfDLM5FL99LTzN/bqd00YiI
7vSmrbo7W18+mI1uhEGtplJQQyuPiWIS/4X9XAE7PoGWs2OlztkHzc6wKaklNmCNW6sxbkjz61Zr
XGy9avrwIVmRW2+JPoe/ozbA0BcQSN4XeRK15M4POVH5YpIed4fXs4yNlMKf5qCNYhpjbU1nMukV
WVpWvfPlTluGp3eHtOlCmuPOD9r9+FUrqvenndXzjqJsyejMbMxhgPnIJ5x86/SPTJujcw1fWiA1
5kgAC6528gXINae8yi0l9t4WZyCWKYJf+i1/f3LQM7qhxTJVR5er2it9OjKOz3bG2oYvU8hgtYgr
+Z1M2SvYTu2qQRtLY5AR5erkBg9ShR96zNlZUhivXvc87pygVrJHKac1IMKdgyiAvTJjfJs1924B
Sjtwq9hDAGG5S/QeDxa4WMrlMfpXbyNt9JG0vruBWP+ap9stwLGyJmStxscCWDAsek147Y4l1aRw
Np0RM685ww3uYaZ8BQoicYbwQRe12JWgNfOZy/VXj80Lp8Kcn18/6TxGSr+9LlUb9FT8nUHqjPVl
VnqXhEqQDrCTLmn4wxleNDILxATOQY5Ya1nOqTQMDzBb5kjankJm0EQIwBf2NWQKzfePDVIVWXt5
MeovXzNqwSEbevvWIp9p4YHxcWXaWQEWGBY311PBYWOTksxtCixW8TjX61uZaRxbhPuGMKXtdscl
zAmjZ01mgvTJwz1fJ2JeSxGK8islv3bwRbwVVY/PIXIlfvbjqfSi1hReS+MZlVbLbtgeAqDE+AhE
eBQwb5H4HBZ7wIUAMERFG5KA6qvaPMrolZOaeqtc4GilMXCw6IPrhnEs0awaTDYVOgqS+I9Mh3qc
uOct8PTn38qtpQeKphELKu012/Fi/fleC1syhtwN63s7XVdbqVA7N6xJ8NIj+1OLIcWD+rtfC6Yr
AgV3GcKEllavD1/Hid4o9uY+xHPXa6nYxJbii9rIN7WhYfD39lQXvEthzf3ak03L68sYHDoAKgEW
IwAlnGJjZY4j1Qu73PHGlrZBA3hlGTdzzqLthYHrOGgHiqKu4/bdnUt7eaJ690qrobybn7Bm4/rn
dbS16fA6SUcSj1gFV3bO2Es09Q5AgZz72MKwzadVYXlFlbmfCLij3MspVu4uC6Qam0qRPGLIO3OE
S60rwmuQfO3FNVF1r0IArh4g0y/dCGRmj+HBc/pXdjSRWsXR5WZsdbtRdJDwQSN7KMNjd4/ByHEJ
C/p3In1N71pWKNh6BocT15qEnWrlin19mAhKndVPy7tlsjo1S6qlhyNhtvfUjbA/iITFDrUozde1
2X4xzqk/pnvL+fjIXQABYARbtW6VHSXYqanujp2lUvule6Ef+U0XYJbPJpEU9VC1kwQyW/SFzdO3
VNfONUHjHL03eNelLPNvZpiqrn32lFXRwmTPvGWNj/axnu8LjOpg9KT+2LU0b51CvsJpBB/9QB8X
W+vUe6+o71/90vKsLEBELM734JV5pcHkxsiBrSNFpGPm+BKfywG8R75MgHzYWrNBqF3kNYk782zF
hJZMUcU2XaQVbvzlq8K6HQxBlozW5ayFLLsw1ZYiKyO+lOhVlvirn9It2gycWoDsYl2t0OZl1jer
6ImTT6IpSW7LUmOo0iWHpKbnheKaLsn1MZa8RMsVjm007hhv9nRHKYKp1vA/OK+KbkDacoj5NDvg
eKAezlMB3lLwsqzF374xyyk0gd471vD4oXTay0g2QVFp8fxCmEIBZPn+thocTQIBaDX7ycjjScKJ
cwuPiUSQ5PDoBW2PAmeEKhGAFKZmPRguMpiiPR9Qupt7ptqqXEWuloQvonxj2hAUSTG3lVjQOpsR
oMcngjJrD1IyR95LVzAbAJhJ237QSrOd5eH6iGw6ku2EFyjmsnQ4qO6UbeoQaGo0TU8iiUqkQjZK
gxOfdGSh00WC0gZqsEcmzHdlAiBbVPhwYZlTVjW9PWYnZDiHkowAzIGH+8RpfC9eDLSdE47eLo2x
QSZkIH8JeaFt9GuTtJuVcobl+AIU1NbOcJa1btFrF7n7CAHwXl2De4eSgqZ56U8dQn8kkHlhqodg
e7UpZxMnziT69r3w8kYOzToJ+sODVOSDOe6d0KmtwlP5+Y/1ip8kvJCxpnk58gGWbZr7H3Km8Umy
iS4LlvmyeNSxHo7vZdAx++lQh2+dNE3aWCzUduBP7rcmQM+nYnsFNlnX2x741dLB3hnhqN8C+3q6
hJ9s8MS5lQVIxe/2WCGpJHNjyS6PM6WDHjSlZisFeEm/laAD6g2fLTzFQL43pA8ZCg8Nn12mQ3r7
OhMgbN1+73zKdGOLo4Du5eH8sXo4i4dcljZjnLnTXZnYL5YGLKxoOXV84IuP6f1k6P8mP7RhZQIY
ttP0xEdZsNqOb9IwiTS075ts2mn8WT1cH68xJ5pjlHmfTqYdjj8GNUhYPlUHzeg6vTco0hfrwpMQ
VXD9OuwmBbBxgN+OgKJ74qM6ZQqGPVWxSK47zye4/goSJRcw13EjQZlL2opWRACwC08k4YRWBFZI
Njq2nbCGkyeFlmzsci8aGr9YurM+WaV4QRCAcEti+ILeWVUB3OMO/o8/mlwQospjNrSg9y2R2vf6
5Kb1SKpf3Hoy9k06zKrhrFqBPGZw1G3FCHVulTLvl3gyYo7ZBRtIpQKt4wqvLx7CSYcDxHq1bEDX
xBRz6Nw57k41GwxGWp0P/uojkj3iZKBJhOxAq877Bv+57F7E1Cy6aM78nZ0crMfzVInilSn5q7EG
0pdZkSeTUZM/OQRBK0xY9+JwvRBuJQzYVOxXsmZHLGl1WZabKvjzw+TpfUrUUsgF65D7s8f4K8Ty
qthmFoikLBCjg8XJXvFhyX86j+cBP4kz3SbhxH87CdiWZHj7GU2rwbopuu3skCZuMzsZjw5I6meR
XhpaJ8am/qx7H2lY+JGGZYgFEpQOfs3gVZd4PYSZQoWsdxo0b7bO9tcM2/zFi3laSZTjZcElVaEw
ydMHV0yH/Rj5tzbd+rVo65zL68a8era5dG1W+HomQe13+5CpKQgBSLNgQ/0rgviX1Ert9BrXQXQF
kmTEzWK2DEGQkZTuXtnW483H5mIWqp8X2zlZYa9mcxhkTEkfcls3zcf715j3mSTjUbU2642UdlgZ
T3ORNBPtKVldPns4kqv3o80Y1vuLdoTx4kVXQz334bonKAebP7qPAuL6RJ4tcOFrV1Erm1kdKsrZ
AYuI+/MQfw2Ke8me2M8InJqRYXWD/Qz+MdUe8JSi+btxDQlOkvA3NchUBoP72/iBH2+6BCTX0HWL
k8t1k97hqFktlUXvDqCnQIm6j4cNcqJSJOY9IFaf9AcDpl74PIu+rvc55PYX/Ta8fjybCMHuVyqc
Mk2auJPpZaoQgj05FZVRphOpag+XMDlrM8NZfMz7CEDtduk7Xg1VbrEcQvQcdHsrpbtnEvA3pIvF
nLWFsz7m+Ure5ihgk4W3rcS3LBXwACL2cwF77zHC904c3g0tcOc8Vw5TEBpGH64lOFEouu20KSPx
gT39AxfDkYoEBb3AiXTZCxGd6RqxBmxBV7VUZ+tkqe40PGvg9JO9svEHCggAaNn+W/v/y8PewGXz
XiQxDMm/te1n1SVASmOhJAJQH6R3qnI15KfU+keyqfjbzwGxBUJK3vts3wzSl+ffp5MAkQ09jx7M
ZnVAYVR/PWW6l4y38W2GgtCW7xmuCz0cx+AfswbWGuj3+JZBMO7A8xkBuIHz5ZGK5XICTypMvtzr
6tOiIYYNJ/KdwX1pm30adJpz5JkZxqlXCgjDO4KSw0O6H22Vr3Kk1W77enO9yChFgmuV9erUdg5b
DWcqLGf8xMGvo1ZXPNKBM3mr3yhaPLnnWhax4FhEdfQ+6y5vZcix+peBmwulw/vBfOnR6hazb5yC
QrQL9vWlFRSf9Ojud42vDUOPn1HNjivo6uiP8eoaku5UH4Sa6CbZy7yAeosxbmVU72qzBu9J2thc
5e22enoUpYbifohWuGhWBNni6a46NUzj+zRxVsRw4iqoIWDV7QhyioQNhCBTPBthreN1uEuY+upx
eOnWRibXteeDS2IvFOYLhrU/zCWPqtuhZZjBnC2/VsvbGH+Qsba65r8QAiqTv3EzJUYw+MsHwgr3
ZdJo1i2BjUewMTlCrepQy5yce2+urqp5UougtWZeMjOFM23peCeabodE2fD33JATyyH+qJdjCaPc
r8uCIjHYt6nSOt5AACSLvo1uUKhGqpukri8C4EUBOR8W8QOjcrBEHM+j9CbIwRWkpeqT17lknciz
neRTUI09S/0KRLQ8oHjz/cvwVtrTh90t1wAAaubIFg4rOHEhFqh3OAUBmG7h+m3gxw8sT/v5pt0z
K924rv0clhonLguW4HyG3YAj/2prYkGLxhDffLuL0vfebVYPy0yN4H0SxfKbUUoyJQDEF+fzy4xa
S3FBwX20/pAcBEAHWBhrBxq2dVh69M7ulTOT8kHuW2ry3qh2oAdGhSjp5j6+792N2V2lisrgApkN
Y3vHpxyX7jzGw8CkFVapyjev08xTxCuexcdeVcLkvKI9rtV2dY4GgzXJpacvc+uaV0bz0yxYh0xZ
MHPUVBvkDfe13aRYDv1pfbQvV9zoY6HRQlOXddpfzcjzOy9EaHQyGjlL07ts1ftmM3hp8XWOwBrr
HfiLxhpn8wmu4vFkN0e4RLhbyoosZl4kVUpVVUSI519Qo3QetN/ihuo0OFEPHqhhD45UcW+vByf4
p0y6MqPuI/Qxi25ZDl0jLV9tQ8oLpv4Ws7jMjz/28colSH6+Xf0AVbpGp/1K2jaziiLeqqLzUqOt
jfDkPZAzTe+RlMSKTx3zqyFaxWZ37CHelRcL28/9chkojAYZP4dJoLtO+GFkJxE4aRiVVwa2Ul2d
ki962LKDR0JwH83Rmk3HEj/5TGZ9FBSgXzEIdV6/aUygCQZ/bSuiIUIPx8Bq9GrH7C8Q9enK8ttb
ClSqjnamDP7Mu9EXe9S60T5a+w5gTPoA16peadx5ADYgX3lVT4ivfMjAPrgo9C3Z3NiqmxkW3wQG
p4JcDCw4TZYktCL1RKqylNuj6tCY5lElY9mrhP1vQ3t+8AxKP5lN8ZCf95Yv3PLEvpAapqCD/SgE
SGJSsGlx9UNBCiFzlCDAMhl78vdGD/U0QGsvbe3XtPrbmRgHypfKMkXAWZ49JfLE4gyTmCMt+xmJ
fwwY+jNcicwOBRyON0LCxj9JiORFNJFaf6FcCxpaVx1bJ8vitAVLXBM21eR3F6R+6wlE015HAPyr
Gd3cjJAO83J0ICX45YzUHqsNE83pYOhsIU4XgYaIY7qvRpyUyT5FzML4/cdoLwF1p9e15PCOx7My
zAUKp2UNyMk5PvhEi/RE3kC/zhy/YxNyeUPKDk4RbXrK95SlqZC3i76HKT76jkjcIpdlLeUqP5fV
qzwng/VY/msVFWVRQ7Fu0+qJZhv+s1yoy1QPhexj/KuBNNw4uDEfGViHUXLyJ0691zOquxv+io/B
++9zZ3ieqeV4FhmEbYZuvuYeeAMh5Xz+P3FDPrKVjtDpHWYgL98NrJ4Db1Z62P71F1/5Kt5hBtzM
E6G2evWyx/GVaH1ZKNbtrm5BtF46QL6ogPptE7VDXNGmYdXX1UOJhMS5l8YxOnFwCEPu5LGB6S/J
pEllQYJ5jW91LTVzjaVc0ko6qOmSx6uZUS9cLBcT6KO1tD1IF/iIz7Ogojc7B6Dvfj8EWcs6FeQw
Pf/izxjnUORQ6k41OOo8Adbg5rVgIm2M9yDZ4l+iQemv+jzDyaeHPtplAprh7kuk5nco85tq9B63
Pduw6VWduhg+iHKeOWMX7iOp9b+nmf1oQUIveh5xO9ItUreqn6ikR/gIcwSO1WeX44o20848cGNi
Sq70+fPXssxNFcyzZZDvuzkY/1Ro0/PLXlq9qR48f9xTpvhUJttcyC1qaCPpgO9NN39UxCyrrSB2
+YeopyXbQWFTD0IfQ8HY10uOJEeYBQQIGywygqsbKKbDTjzQ7VsG4g1FesGYKTm/aAdBGmWUvyoE
zc/RMp2FTo42ez/XSDN9WNhtjXYT0JrT/Uo1018szSYzd7WokfaLoypBDpa4YYmHrEiQkj75H7d4
4bgbcGHZpF6OqSuSraP3DB8WY43q7JLukKP7W9yyCRkBviuovLhHYfKrvicmSuKUyGz99xtVKK+S
39ZYKRO4VXdI1EwsdDfJuY3yimiXjQMdX42F2OLsduqJehRjSHve6MQsZzx5Z2G1tTO1C9VNYVPb
/F/yqTBrtVg2Z5XKfin6eYn6/BRRlKrMYxn0eAKVqmNV3lruRCymQTo2ee/K0C8qqAlzh29EF4pD
Pihw9/aCCXt/2f/D9sCdqzJ2hZxHAvBpcJG7tYwx7fFt7whr2zChK1XpsBA3xWaXzJh56ejScOnt
+5cnGA1sE7/MhjKObJ5ZWXUO/Il0vaYJDd7TYecCwELu73Xw2vVvaGjoP5Ig5McSzN/8jnAaFyup
fyWWJWzJOH/cTin/yry9HuEqWS1H6QBqoDA5e+bqK6ar95vOhmzYv7ImfwbTvqC9afUrFoudTsUS
8h6Wycbu8m7HSFGsldyOTEyQ0WuoMKcnX3XkGVGXu5SqqzAM6PzQco3QYkHtzpKD0JbEmkzYV7s/
at2itEyVa071YEKI/cGndpzXLpbBn4lE/bWhGai/Xig+L7x9ADTj7pZ0IjbQhjSzeqCY+YKJKbMW
m2/nTiDf98nx/a7+2/iXXP+lFKuNf5RmR9EXRJ+m+ry1+PF4I5j0NHoN7Q5DS2E1zqtp4520NiHt
97/QP4BT6fb+0sBjLNUnVQRnCW83TRyWujFFeXb2cvNzV8ngrOCBrLj6uXJVscfSHcz6eHg7X14c
W5A47FKr8kJ+QQxp0PeM/kC16Jue+Tr704qDhE9eOqHlO0zTg/zjH0+sYOB78uqw6wFgL2V5OwQc
+9ffvUt+LMt9U/ai/P20j/K3BTBPXq2ZPPrT6roxOpFkRupRwPRG+OdcAixBGqED0TWFA7fHqw3Y
Xew7Df1kgd2OVaXOO1g9KM8eur001ZMLGR07XoGbFP3KZnplwmIeVxb36SdwxigNyvHc8oliEs+T
HamOP012Q+Y1PhbLLmlmpS9FAnJ5b5fcvrQSJSqlAjaR/NV60jF+IG0edQ35AzqxfiYqo1jp/s3Y
wrByZjlTryCH9tMu+6ELuy9okv+KKf7XPFARWHiTyPQ4wzMwn3N9Y6M6BfAprM3fU/a2c7ko4CRh
TVINyvJpcG9d6FKQ/KtF0gipGx+IKacJIxxd+vrnSktv/FIJJJPNcXNHu42kNNY3WMoijSdYaGOY
RFHG4l9Bwaj/Cvv1Lqv9wdkT7y1jH961JFSYi2MFVLI9c0wYaz+36dHDB04qby/R1QGEkVEDY6Xe
6Zl5Eky0BgGYG0TpVTqvrvnxIqiBOgMB6IEi81WvsSm4qDhGNd+dAv2AKVny0gDJsuMHzdG0PIlp
o9GbioP2r2zMQbipTZoCNz02dPIo5hKrrU2BM7j9CMDSGhJ0/fomAkCXBieY4IK7/y/23jIg6m5b
GB+kREqRbgEFJVS6B0RaOiVVRHIIAWlHRLoEBJROAelukBxCpBmku2vIoWb+g08cxfM+es7/3vve
997nw/7A8Nt7r7167VirpOuYdhwJgC1f5HwfmmJuQDNQwgi6oK+tXx6B/ZZkxuqgS9nuUEve3IoS
YKVBqqp4xx69BOXwnQFH+gy4er+XjfzJnIDFH15jnL42skIFEUCdBQShNRi++0jfSU3RkMbsFm6c
idFSWa7sYB6usXEJOv78LOHbWXTPFjuPF797pD+bbaj2yHAo7QjtlT7oZCIW597RpOchlC/T6cm2
huxNDh20DDSySMZW8fyCBYGV6v2shE3vJfD2bi54cm8fCQj5ATJSXD/QQ1fSLPdMefP38hPXiF6K
b0n5O+8LPDlhvWGIo99lTfq2HvONzrsaIuu5qE5OEOQYl87LAvwT3LEDGlBangMx33Gv90nM6p4m
p+g1L5+3alb9LeJo3mizGhOEcC2VnmND9wyFD2NjX9pA1CoHDRe1A3dxKHfWAh0WeJLOQkr3/UrU
6lTGhicG938Pc/nkkYCEHFSAg11Wd+wSApewrzs4hAI3XV2RKB/sn25/bL6PA00aXvwcJdjmtDMS
pXKtxGlZxi/kRu/rxqGXhC4jP4z64lfmykBPzBbqwFdSC12z6kzM3w6TvJ2FPZxLjh4m9RSbfzfj
5yQW9OBI4y3k/mKU3xcpe/clD5aDHmSs0IWyM0YqRqWn9/qOelm5b36pYXHYo8+czW8CZ7dDzKt+
gi1lstLmLkIz3CTTZ4NoZYXnenllR1flby+MRvefVgf9bv4fpCypyuOXxJmcbtsmYf/GadI+x905
us0gbXDDzhFhwocD4GaQ80hdSW5154RZi3AX1/NRMMGzhViT6LUf0ZH4i2I3YbnGT8E/qcU3tcKu
JLFZ/GzNNEwfpbSz7kudZ+O0W+U0NzxDmR9IF2BhOyFPXghXUk5Q53v6Icar/3kfSWs4JsNI0CtH
igXa3eph0NzJXPHwq2ftoPecrA3n2YQI0mG/QEOM3V/lle+O101+UErqDnnnlwoWdTxzPhfLjciI
gaxgPhdcPDkIu7sxN87cvWH2FL6ergcna+yr+VxIq8D7ZUg6x4Dh5SO1huxElj0A2nDpv4/trkFh
gYxO3uJIWuUQ9btXx+oGyjVUbUcfYprqD02MOj3cKQcNMqgPb9MjARrtVl25o5Q/VdaCuofdjo51
uyeWQNWeWURfHw8Vy0Bq0RM1CkuroAgP9AkmuoZsU0qjpUhVtqHt9Hfz4dj0pCI30n/Chne6pX87
GvhrxQewJznjAfxArQKO6uvpN4OL32J+LirYGYEyrWh5FRYOe3hvP8X+9BStfkbg40dsx1+a67c6
vX8poZhfLI0TmpTHK0MYxr+EiTpzfMKZGaI/7lTrz04btE/k2KnfK362FdXFmr/gPZpKJ+Gv9FP2
1td2XNbeHPStJAihyQT1cXEX3WJ6udocQ7FAYRS4l/MrhAeN/hI26QUvwC/Ujv0AQi1D4i++eTt9
5DVm1MwsU6Puzjmte4UBwjP9mojBtt+BcfQxnkZAzjMLBYPxnp02RIdwMkn1aJXjaxmq5/tW5ZCa
R04pTdEM5qGL+xv28XoBTAE0b3pxqF6SPc2kXghTvIEoQhvIA2EWO94aH9aXvCF08fID69hN5/ZI
2gpudtAyYdlr5oBrUWtrpEG2TM+4yNOMI/jRs9BiExLnyyxvrpUIseSxX73/4I2xvgstZDeXVbp/
qq/L9xVslKvj2TT3RYFtHOykFuDlZmsnVpmKHmF2kLFjCL9wGKdnXNXYW8KPlxTbJ2xEENuJyf7X
f/niiLizI77Xm31Hgky8S8XBn2zOeYRZxPYJm+2tia4oJyiR7tnma1/VLX9PhrGD3mFUvDM5k2Mv
6Jnt4ra6l2cfQ7B48TqHUMhbj4PoKQc6Ai4m6LBx+PB9b+8nJUznVtP2Lya+5jc+nBmOUtkREhHS
0F2o8JbRGZ8fzXuHm8+ERYHNGEgLZlQn9M/R3DZq6TCFAo3lkxuN5OOqbKEb5+q8VIoqAo7AagPk
7ZHQLGsztK0YtuVsWUYK9AV05t58K/uqrDhRfExGcKlEdkyU28Vaw/heq7Hu42wCrvj+mSxEXU4J
mfQJyo0VIXh/k/y+MAyH0Skn3VGGA6e9XZnIBlsES8plII6vCSdjPK3uy/gVNgU2Dr1boeovXOyP
GnMFoZcxg5b6dtg5WPnCNuRDA48QGkKX6Zw2JUggtNUDKLYb6jSepoEJ52E2VwfZUodGkPZi6WEw
ZwhYYe9L4k7nDxciUMYyona7myXZH+OX3z4/0oeH4er6RbU5lpWFMpaX4/E2ac+E9m85N4OgmNPs
pNPTexuKfdYygjFJ8WM5n/uVP1YdvJq0jQd8ljns2QtDVILrsYtOZ/4oOCavGaBU8lK51kJPhtEL
Ha36tW7mTCJzglwOme8auNC4nyNM3sFbjTiguEKzFXKDMGNhvED4LvvGsQhW7Msn3uNz9BXvjB50
r6l5qwQmvEUL/VLDKsqfC3pOu0xaRMGsXjGC0cBA+3g0/arLSxzG+Co7pbrdkWOUXcS3sEACdJEA
w82FJEY/Ri0a8nPXB/BjsAo9vG2MDFJoPpjTzqY72Jy+L/7ZzbYLlUE7OqBXZapbGVjEDk+YAYRP
ZeiCxNOX21ztbM1h3GSas9Z+by97ds/ayuYNQTIWo3i37j3EwLp/h2yoXYIVRGMjxr+hNx7EFEmm
E+LnoOvj6nxczmBcavyE4gKOeJgAEsDguzxWv5a+e8L4AaQ44KDRJ59fcetdw5sHvOfQBFoEQ8eL
co5VLOy4LUMTCjpuvxTKabTgX74NzZWe0rAakp2p0k/ai+NUH8ufvMzkRAEpyAUr9nFE3e0rJgsa
3JtQdU7lF7pDZoLtKNFIsDMdjlJLOTrH6CmISsNtEdrT8tTfPwXs/t5KA37Yn1z44RLc17tfj8zH
6cPlKiVRCk2es95gSRsQ6Ao66hxJBCZlRUe+j3Z8nXwt2mz2EoToNS4dxL8ZBiqubC6Odk91vD2R
SKQrd/7S+i4z0CA5yHhtVwjXddF6tjS6YXLasFD43WOmW1/q6SOEu0vrEiZpwDkdZtO+j1+yR65b
zZbzIgHGHOjYF7QD4wWvi1goKdQpyLUIpd7xKLwQL0M/6b99YK+70HvR/KXM87EMitl4kpO5utYR
mQtKAgDqy6fX31SsGDd3qx2FK0mVj55tKDs9Erp8Z5uqTMIcRfqzD80rL5zNAdP99Y4n6M5adva4
6aSrnxSGTVJ9aAjgnBOd2scNTfPgosyRxWH1Q6/e1h4xvkvUlqtK4i8SE3rDhyzsaPtaVOTNnkIj
ue4biHN+BDE9uP/Og/Ulv0D9oisltI9Hsv95d9BlcVsQcxQ3mziLnDd1MIE4tv82EsDb1cTbsyyo
NvppbzjWsSxtLdVnbqj9kkQGe+CCR7BFSo/1pOHlZc78d1pqoaIdb2MIGIIkbs/MzRV85vI33y9C
lGJb6IN1YgaHS9LG0xwe4laUl0Cic6g4ODlvydRP7nUa5OpKW8Nzd1G64yMDPXkSYIqMn78+932Y
o6xnT8mJPcqAvX35x526I9z6yNrr1ufgzjm7cZT8BDGWRrLc7/Qj3NI+snGIMdNsci2yWq8+v4li
rnkfJOClGfjgRsiZnEDUSMDQsSESIN5JiARgoKz0lgadEQx8gs0NPL6MYss2jd9qd/7kI1c1GFZ4
ioI1QQqYpDgKv5DEriNBXLESal/FeuSKGzOUXFlOL3mZVu9IGQv8k6Fsj6VTIO4i4csXA94ScxeE
t6N3R9eB7PDnKpWs6cOYj7JrCM0BTUd0ASibLnB6QBBtiJBLObPMr4U4z3yTLZ9lSHx67JWaZSF4
O3apLI3ajNMLd354HfN5X5jsiGdoIC2B0/rK2ThbGW0PSIaSSLvTswruuuMI6bMr+Fq99GcfWRdh
qn6yAbTxhKY7Zd0ZiF7VNlfWowLC4UNK64i60MQLSIARDGW43/6DVgXwOoRnNB0CB+V6zn4YKqot
6b/COXyvSIqgt6MPONtvpFFgsVdAxmL1ZrJ51DZh1hT95llyfz9Ev496QXmVq0yuysIdCSnBQAeE
huXr8xhbLspY2L/ABsyBa26qtZgwXD0LQe7X+LyzraFLnCmcBwqvyUdfEwhNznQPTpwd5uzTtNNH
9t8DJQqZRsk4gSkYfg3l7IVl/VbO+CfffAg3f6asn5ZdxhJegaa8K7AkRmFoBHP6C/R9qawuK3jR
ZXej+SI9qVXszgdH2iu97JZEh65wo5JnNwrD6wVagIKAtJ/R0aqR2/GiNDcHrQAxZ/6i+KLZDlrX
SUgzyq+iPj2GUkDh/6rKmUFOC9jO0T2B0R3fVEgYrtQaqZui7Io7ecccNXeSvr66vV0lvD4WaFtW
8+yUCb5Fu8e3SUv+BWk1cFn5c+X4CQFd+nYSwH2sr7h7Ou2UA5otj2uylUqL65JEz/xwaJVllK1z
kq5UETyNFzEexyVGAf5uWHX3MwvUjDEfxHFiG16+bQMxDREOV9RXbd5QCBtNqqAmP9rBPrj0lRx/
NYLWb2WUv4deWqcY9qC7BP1aWXIhrhkfZu9VjKB0fqAZ/3GQw8D3eVMSCdT+L2q/RzBH1Ec3f//I
Zduw1/5ECl90/ZDFamGe5e3WhFLrQFVWhyuL28o7TZbtoM4+bmef0KCf8ZZ+FYw01CgNX3UZQZ4t
i95ltDW7kzUIvTWuK21nzdCG509B43JrNxFP6V+XoKbKEtjpM1+50qIUis8xLiot4SzKtaDcSa01
Aaa4cgHy+smF4PWzcQLdv07EX/7ooGtv3ifhCP0rCmuzszkJJCUsnK1dL0UOa4Tdapa/mbHMgk71
1wpt4DeFpm2lsnBvXbz/wSSixOrf0zBw/9qTvBc/vjUyAE0iAZecogkxFm/rwmm35on7cgYFoMql
Kgy+/ViAWilpfuFtXcPNcHgewu9kH4GXA4ZXAk6rUSKIwCQoXwVYi6J2BAqfZNLHTAhWlCsHdkcC
PFkNERwvuN2kjUnWvAYTqG9ABV8p4N5eeBQxUn7CdR9xNZi5h8SSA2TMu9UoVP+6UxSKqRXsTG80
QRKV0QbO+lRkDsZR3dMg16ooLwj16S6iLI9e8E15/BgOeprteUET8YmEdgJIzI5W9aa4pS58mtCX
sueKrK5iyVXjrnabUS3b95aIrleMd21ujatQOYLJlNyglNDDxtGOp0gA7v3cqwDZ61WFbJP2GBtt
WbyH+37s9NrstdT6EkQLlrbLpP4pzMwAYI7Q0olzUBUq2tC9ekiTRtIKblCarjtk3p+Ac6L80+lF
VJye0AzeUdqo2zRGubDNvZeg0LOh6Qe67zHXXAEj8wsJKq5Q8tggNe7LI3mA6C7tyAwbKjJ5jtVL
/GDLMdCeG22JW+v03ifQH2XfEybAk+1QJCAg5QeEi9FcyygNSRuTdudsNIcVyjPKz3mp3npuGeiw
Er2dBedYvRLdPqIeo9xLquuM3nYlvENVj3giTGaKkPlg8MgpqlkxTXdqbeU6Of2y5iu64+fRbuLT
ajivjgUqt3zrldZwFVLd+XpLy2h2Clw+tgrr5x0o+LrFPMBy2uatBVNbnrCGVR9JHzNGPr9vXYZy
O+5IXIqbgO2cuBeENKDQU1xSQClVh2esLk10I2ft7YXGcqrDo35Pbejg4hihd3iA9wpLbdG4q8NE
tIX0iWN5JVg/2051tNNkKgR/dCR3TZGCKfTFUYs46eOuisYnlXl4XXYgu/S0Ud5thUxxpk77d5zG
MvyPXN2G9polaAvymoWU6Bple5+0mZEefrrdpRd3kIxvZFgSmloGNxHm5Bs33cjuT8gklNYNqsoC
65YdxjX/nJzdDD8kx8njhfn4VisAXzos5goTOoNwl6C4TGsZureC7lniXqRjRo8lcMrJg8seo7z6
u4gjJABLs+5Y/2ul018ip7sN7dWifrYcHtNBnpgjuflLFiy2NdStvEE1iuPVz1QtfpQ5FJeVVkvu
1ZXQee9fm8TDUUwyKycUc1wgdlA6XEKI905ADbd5eISolix3zKa+cJcS+V0LimWxneOkVbLRBXo9
NF1YO1SsuBln/QRaxuke0nnDJplbeiQ+sTB2Ok0wsryNgc7b7k3EcRvxxP2pkf6g4+h3JRtEgsll
jQHJmfvi/eznDdO7mgl1v4bEjed6O8oWQU6StDcvmHVXm3uTHycVreerqt/aozeB5VTOnJZngxme
XF7ZOKbQAcPs676XDdDY6KXT2qdn1UjIWYTScyEB34TWEGCZm/jps4I18KbP2EkR4tIE66qhVdkY
yvkQfXJyZJsQRdHl9qhK6d8njEKH2GuuUW55ysn1Ny8SFzy7alnRGy1sLTLMYfqy1F/eyu5FALBa
j9KpH2vwwZj9H98J2dyCvQkkAUl1eyIBIQOuQbqGlcVHTEgAPgdTWav19bzV9llqzyD4MlqSFa0U
W6EsbZ2dw4XqSqW995BXCXEcpeBsmr01eiNoiXwalefkCZ0ZuBRs0Va+XXVitHt8G/6oBFziMCGs
hARcaDfkv3g3AVQ0lqC30SngkHCRva3C0Dvcr+u+5G78TIvgRpcYJn/Vczqf3UN0R0RdHtxdcdx/
FvgbKY5OSYEEwOzPSMMSGnTwzJuE/DNdHOS1YTf9De/WyQpju1LyFHvELvOmsgw/taFjJkarOHv6
2VlNN33zsvhkHBYrGH1cryHaoRIiuEzazqRC+eIjWWvrAna8hcU/E4lfEFTMrstmkZUlscN3PrCV
PRbOGyO2LT+0B6iLMhi76zamCtbkDVcItEfOWK9oR01Y9q8joODNYNaqWLQFJZHAEI9uK/bowuj4
Cpoq3bzG66/Y5iXoRiz3IpnCbOso2phh7+Oy8fXK0g5UlHL1yO+mrwXRVDp03KoHgIGWgws+q1oK
PdPFBNmt2vlq+7ICkBW9iNHDiJNkHQM3FjLSnrg2PCivor/7nciPy+YD8SXTNKID7Nm1lKO6uulj
/lRH3JKHADhxWCGVo5AL6+uzK+v5gTkTpQ3PbB1knEHPCulCk8E1Ud7eOVHs6vtRitUankd3Rjje
yz/qjINTyah4to3f7u7GTv0VQQM47JI0sEX2pmQ8fkyfhffytl7e2T7RCCaYfJI03NWlvRGDRq77
JXCjUlVLAV+I0yv4wyGfB3sgLxmUQdfHN8er6F5PHlPcB67g2/CezRbEsDWmXmJp5Uv+XCvOooae
SEw//i6D6qOBLJB1k6aKs2Ydfi59iMAXkpPowBP0fhxwdjM3l+Rmrcysj3NQ2N4n4rEOo4UZ/oXB
zBXwrdrI7boFhDGYUKSfcu5NFPvCUhSn0kk0MBivotXaEMKzWNLYnG2xee9JwFQsrF32ai/KSjCH
fz4s+gHBaT1XHCqgv4icTRL3uB9GyAs0RT+bbNsmgtmR8gUa4LT9s2Tbt/8fSbaNQYxu93ey7f8Z
ybY9J8sau3CdyuqhjofjUXtZb3exvQzXiN5flKZAv/DRwegAmoJy697AXZGAOyhfVnEUDGtfQAJM
bh4wo/y9PZJwJEBS0qBOjBr7+LqST90OKo6ZXYMgAdQpCOL0xolDVCi49Qxl84O1wJIAG7rNNFFa
VHBYhwSEl9EdPw2BqyYQghdR8WHbSAhCQP+EGO0j+MxswCk5NxEkIAmMBDBbAeFzjjtfs5xeUJva
OMFFAg6EbJEACAsS4HV9cx/hhQQcx5UjATMREz1/w/Q3TH/D9DdMf8P0N0x/w/SvwLQ54b+aU9xF
vhJJGur8bHD41WZDjN9wACMmBTMzgKBYHSF4eng0bXh0YQy8OJjsQXtyJABuE0GNmJ+dcHjjxu7h
FuGXDoTsGhJw4vUYFcupaOV13zrNifyf3gp3s2qkeskTlLzHNu+/54pEU74ubFTBTxf3wEm6Ofp9
TdrSYc1JSURpnLP51rtLI7cFy5Wzlcjpw0TfsIutLuYaNY2zUfK+A7k+AlmFbkwXvzl4h1NRGi9t
u2hWewX2ygUUl9YSczVuM1zVu+VBoffWfinhmPCtHW60/h4NNeXisLmcsGWsOLu3kWLaRhStn51a
j5vtDvP8rFerbVMXlUdGeGpWFRjb58o4+loBtmI0Gn/kgv9PbnSXnFYQcmR+4FVWByQgRcdf2OF0
h7Kpbo/k9BJnjuQ5kaO9p6dnWCiue3gfuKOusbI7S1cUdRw+ggQcXWhDxUDJeYaJD7+pbvif1TAV
FIxBnHMPvd6/bqo3uoP2SApw4Ev3LhddrltY3GTzWd9dECXvAGgPq7T83XlL+bob7fBW6sDXnAJ5
cskvhEuVsFagvNHVqjof3h2LE6SQHrze8LsTudR9nPrAo6uMu9OogXLscwo4U2cpkHRbO7+CNIv7
YRi/6HHQNqhtByMe0yWH2BkJMBz0rI3kBxM4WSsXQDno1MqchQNGYmJ0m949q7z3VCNqw4qawGny
QV9JDrNGzLSm1wfdpcLOhxYYoZ2CHeTntQ9J8WwnzlWZs+jotmpNfPqa5vu/oMEDIIZbytXyKBrq
5p1Q9qvM5B2wGJxmkcqBIoLMWS5tTJwlaR79SWzdbPwEEjCkqXRCQuJygn56f+x/YhNlgEGP39w8
Ta2iuYIESJUQnxEKDJe6ehBhs2CCZ+589/HDkyDLSs8UXSTgiaRtxXF5m/unp5znyVGxz3gNHeIS
0NdwR61uy9MawdOF+Gy4pWSNBKyyMiP8/Wuee8RiHzOAL9YtpoPnsCZOS6C9UpomOyHeOE5E4T7o
d41+PqHp5uH1iQPxsq9F0C7DUcpcUggJYOFF6fPfTQMzDBfh74hQBn2txXYXcQXco4gEtOPXwaG/
6XK/Y5ThSI5DAt5QnRZj+xas3yzC/w04sgmpxGG49YhLtdCQppul7lEdJ5A99mrXMpnM/YoWPpN0
893lSVEelMVhhALXfBAhwS8Ivxu05wxUG4uJBOjfLo77e5CqDlnQX5xZ3RmYchGnWcbOrE76W/RY
1CW/4P/vCQf05owj3GtyDKhYhRodCVgDW/YzFo6chFjTdk4Fr27HgpYgBiWru/N0VCjbb7C5ceKz
VrdDwYIu8Tuw4H8FWLrtPzho0NrXwWmHkNCcsjjjsTw/5aOAgXyukBbvVRy9WfAU8XdrkD+DK2gv
nW5/MQ2fOt9iGZkF3tbIAescG6jknRa8kDheVnhvpww7wD4m4C2992RFeaQ2/YN0y0LJuGXCUsLT
DNwSfTY6sRt/xb2mw26SPXlJRWHjrAtk+R08+Vu3jLU/01HDQtxcn6Qb0ppufSg+N29soVSaJYkj
4OsA9CakcecSQwnwXwlNzc0ge5mclMojgyOTi3yx/nIZbyMC449DlyBuqnyBO8UD6/YNZVLTg4+9
H0WuLnv1uYSJ0eM58ifi3fyOYL3ghuvfoLp0HvY+Ml+fW0r2iY8iSIEB15MNHXhLRDDwwWSIXFcB
DDycu1PlZ6CtuSIDEhvKKX86Myfk6f1ZyoaMet5jKOsnMqo7OM7Va1UsU2LvjBkbuqHJ+tlx9YI6
9Tr7RzpDud6CAdCukHNqyWgLhQHFJe8LremYSvCdRVOX8zN1KBJ6/gUJlXCdemlcpkkEK7wPARDV
Po7ES9UmZtOiaPSXoOwtXP7DMRAdnpq43UbZ67qsTuvGyrFvE9bzV5/HSaIZUf2FmBQvwH2SR9zL
5aL8LVWvc6CVAZmeukMP7Xb3MnPdHFJ0xgzrBcrFH3Ir63XMEYUWv7BkCobYLJQ6J+I9nFLylU5v
+ueilblDSNJGs15DmudifGnlSUMzL4vRG9UMXo/49HB49Ar3mCJUs0g3S+BuKOlj5srCMAqlJIxL
YtQmP9ORCQk4bhKoaWJ+l2CjxhAYriEM6MdtCFc6Dlm9/yjkMwJSZi3k9Ny2ZdRyV8Tiy8on0dO7
r0rwcJQvoVnXrgPo/g9RC+hTQF8JhPnveAxHXDL0Bf6p70XvEAlC0aesKaVzx9i0KP2KB9i/fE5K
Hb17KVmZ6sQQkI9t9lmJ9l2aDdlf0KaMrmWY28ym5T6Oj5JgqHJsSX7XZyAjBHv4Q4KvC2fLes84
i7zMRswtWvaJ1DgXV4e991jW34JpBjyjF3TJDIR7cp7UBmvGXg206bRl8X0jM3cUFDqySxen1iss
B1sxuOKpXMtZT5qCX+IPEpMN43kQ8ILvKSR8JMyG5Vz66eAFKG/1G6Qk/AMphX0lQiDNNqscponL
pHozGJxh2YTl9P4LxTdJ5DOdOnR7FiSDWR28da9BOFvUvYGehIMvuOr+o60Aj0cWyt7Jwxx97Ong
2gbWe5BhsPtJgFWtUjg5uOr4/mfBQFdonhba9MQBax0BErCOcsmSSf8TbB7zKW7Af6ykrP9J9Mi9
qvjxm4JOSY7BwI18VbFjJZJmuEXLIGVz1gS+HfgLKF7+6PrkpU50FozXiejFT4EBZdyAib8EbCyq
xUWdlKzMqs+yUN35zTVtRoDGiy76hRKt8GmsEDw+tXtRoRBzWPbq5qW5rEnWBKNy1+Dp09pr32Nd
bDO9ibFv+g8NOQsrDScZ+ER0knwb9CzSTq6HjkOA+ty7hy0EU12WgdOF1azTFbS4i7sWLeUVIKvl
hk4Mc4pBrtflytgXcJgQ9miEp0v3Oe7/Bybq/oGJtOqByyqbES3paQacWbrF+V2UL8UBew+kVYIl
bePPw6QqPug5PRfI01IJ3muR3cW2D8KvOvcMNES2YV+P/d4pJacub0VsCRUf/aWm6OiN/Dc4Z/Kt
6BWnxgZewf1jtpuF7lmfTrpQrlLMs9a2/fLPzxbSXU5dpQvgNgaUAlmrQ4SE/ctsk7Dpf3oy/oem
yRPLAya0aMMMUhLHzIFf+JYYgkSFfMW8l0U+2FUHaxc8rKfBxo4GqKA0zf9R0+aGCiu9RwJMIQ+Y
jNiK2qwpRraKC3LnlYxCDAhYRel8Ke9uMUiTLN1ky5c+8vSJBFZ7xteeiCyi3/wBsDvMCLnfWaCk
DzIsHGRZwN4fZGu6b5qJw/yI+hZjAXbJY8iMKVXz9Ky5J+JSYxKN2Pxtr4ccvV9aVmcYrVz2OtHz
vxcMlFZU+k0reqAQ/GXIPPIwJPYKkyw6RiQvufFVCbwTDY9ji8jNCV/rakPXHFm8+fbPDWs5oCbT
7N6I1ifuH/ep0YKFojE0aS/DX4Hn/zm1n+moTnDEnO+P56tG38+52BAe35Db/YM3Tfiq9orRnws8
ldipOpJmW+sZmqdUVQklepAMxXA954fCUKJbJsP8erGxBO+S089GKef3N043U3a/2UyBdiIB2Ou1
9OJTQmmbad4Bto+sY1v3P0011eo5oxPwt4yP2Rl4nqTAEhAvxkmQgNpZlLy9wds5ZP0ELH7OhQR0
UzXU7Y8mHD8NWaMLRAJ2sDbzTvaZkQDqREKl5OrGI+kZ4AlaNSsS4N52utmE6IF3IQFi1heQgImn
YFg74P/dkXLRZwyPw0TsEEPgRfgK8MyorG/gEc4wXmuAudk0O5+Yj5yoVtzVFIHXz3d5Zzikx0dG
3puij2fk3aL0aXEDt/6vReKvjbRNGIQEbN10ckQ07k0cYrwBmx6bIAGJfF7gjQogfM4WSLSOYJRP
XUJv0nnmhYeu6ZXTGSNgJAodpuJ4rmfVNSVGd6fH4AEPYSAcCXj9Ry+6YSAFErCIP2V4tK6EEBCj
TdBwYMV111KoyK8K6SytCEqO4ApqlzqfJ3gWojPL8smgifRLHl881M+NOUlmLi3RCOY1vX1dcpGi
7MEmoFXlYFAhqhHO9rjvnIGQ7lKZI5mylNGCfVW5Ufyddf7JZ9nAM2hJOYsRF+8W74jNaX1OGqzb
WWwJX3jLNCdPomitY+0S6lpEBLpKnpiNk1X3OQwVs1j53e1RSB/R6Skl0t4be2HjYpWOUq7fYYt5
BMG1gBAbJ/1DmsGG0HHMkRBvVfm091G0pUjAQw92zUGBnP23eGw4rN7oCxBhkwlqzZMQb5OCQTfJ
jPdJ3oPChUkP68sehzygjxSqcbkwBywW/UtK48uDfcJyVvcdo+uGn5T3TMhFKxWtOfPx3kuNAvKJ
CLrfGI+azLRfM5SuAUkaK3ApCLpA9txrHx2XW65PHqcEUn78CQ1e8K6L0gy1TY0pyb6clsGcWxgh
0k+qjhxnuoAmnAEaBRdbJOb3egXHsRfLg/DC5uLW2Jtu6AWSDuMsBFd02iR8zwrSeyEt4EN0Jy3E
EcrpDlYtjcRdsXtfs+nRz0PDpxYP01LJD74bvExlk9vc90SXaRZvgbbE72ajkN/qrvb7wYh1Hlby
tWuxw2GyanELnESy+8ApjZ9IwnvuYW4HOh81w9rKieElur2SuNOL25LM7VsF2+4Iuy7qR4XJm8UI
eqibyXt9mb1BR8dIxV4qu6OdYG72Aj/0DQ6cgwJVGokZASTg7bd0/jrlxNcpg8vI5Cm1gPhe/VCu
2uRaixV0TR+H0lkp3LIOY/btTBoXLcO0pddLz2rvXtS9kxZQOCLGoADJvCDi3sazgAT8JYKUsdN7
DB6eNRJnhBTg4u7s01h3cB0JIAKvLEMP5MX7Rbn2e/6hMf02vSaaHsPyAg3l+oqv8zDH060RxyV0
SDWubW1OzmyYMO0lEiaZ5t36GSuIiPpvE/5MptD7mFRhhZn1jIBDLS7gK50tEOf6OoxOtS/lcfAB
e0N7U0tbmCOtKGho6TXru5/NeDPBh4xT1ln4sLfDziG5LbWDSyfu832/bd2FuYql48w+N4Fo09zL
R/ex45KaUxZW01/4iJpMbCRUHQ46fo9JlbNIRLsAV13QhNH5F99/EoYrFINL9azi6HbTB38J3zZ+
bMRhi8WjjalKfSUHvr2XrKVJmCeFMaC2y5LkgawvkQDBCOqT8ZJ3e0hA4EHXHp9X3VdC3DwzpY1Q
hzt7dnFUUQFpaRjvNB5pPaMmM9MrbNjKYEFuNblu0zBHmbEbKLUvTCY1KDTtcsoL3tm6juCUPJ7P
Z0h8RqNK6/rI0yZIOvv8bI1LO1pv/3oolHLWww4Az+a6oXz+8iiEr07XWZrM8Rx1+eXMoNwmkb2Y
xGsfEkCIrmBe8PXti9tuXQnCHLdfCiQSupzaG4n/CMslU+V/f3XBmyKQs9oyk4WCRWZyZriiU74e
CbDuNx5grAzuUre4zq66PjxhkWn5MKQzsoWf4tgi+iecFPFyPuZYOFqeXRP9QwtTP2jaX1a0/fmW
g932bOTyU5d97sqQxoO8VZ4Yoywm8LD8ufWj66KGb9SRAHDs2l6L66DhGcF0IAxcQDz4B6qbRLsa
w1YOo/y5jzJpcSkcnJhtBj/hNzBIPZdiAuBewwHs8DgiSDIxryJ6g3IZBnJ5WAIjY2ZONhulWg3n
aQ9I4k556cv/kZeUizXp1CpBFGSNW0uayeMDlNeC7t7CDOIz4ReTztzQWw/ZRAKOeA3x5UWTTUBY
FMk+HT4d2271L3XnRbAfav9My9Cwudgsyf+KoiGZp/uZwoKibaohZGl9kACUP73jFpFwZtSIdjee
angM4Qvupk0UPymkEfK1hq3FyoFdjsoefjwaqbJvBrgO/MpEPDlwZSdPpTCISrxAEh+D09v6o1Yx
0JDmWP0yV7B3heFPNZUj4mJWGQyzNsc2+yRZ3uLAKoloZC6M7068jBBcJTYQbf1GTXrjUo5BZ12J
Sm2nu60zEkCbarVtt3WCuB1fs8L6g4PV/T0P8p5jqb7tngqvk+tLruDwlK14NR4jdTtL6CUaWkF8
jW6JPhLgpQTak3jCI4CZZcaefuvi8Vy0IXdH3NDRRGNIS5Z73dfx2X8f/zr4e1/AYyyuxSeFI9RS
OScprsHPuLTkIs6FQKwHOEwzE1sfKLW8gPkOCooLcpXaObsU1QegOd9yWYFRZW/yNgH6hRGSjp8o
mXei0mm6LT13Mra4A7E5htqOyzMtfiq+Jr9isNxmvj/0ulHmT7l7rJtdmhp69aA2djSVafW+cMso
mcCMAIRbmXERfPagGvr6+dnjHK+v5bpjRAuoXQqXbD50OIE62wJrR+kf1MbJApPm8x1CqGuDUkSz
RIP4Swyv2PR+qD2QobLtGmtt6+rjZhdffEasxZoDb9HHarPi2CkKdymN0bSxq6LSo7YXOAxUM4F1
FqM33aYSwB9/lbF/a4PcwWE0jYoatozJumT7Jc6YpGsIHrE+mV/hSscxuI71Lu2y1ZaY/sStj8tc
fb1hhCTNonEmmSfBKu/HdGvaR7EwpPyrNmcymND7RAhk3u+MyusHe/tD8qGUhxYkpJxsfKUt8wKN
WQwhUXOPgL7eXRTUtE45T21cVPJxJfnAJWpHbhMjdA+PMBBKofMneaxz62NBcXZV1DstLOd2iQne
KKPpYbfUHTC5LJzko/AFOy0y/u3f3dhgSey0R83TLHk8rid8Sh65xvm4e1GjJBpDj6UIn0FEPRmj
AcPJFf0we6LxL2YrJvz9uZ5lX6gzTENlNR3pX2NJ8X+2a5bgC5zRVdCuT+/kQUQePSkYxQgW4nQY
JXBagitjq0jaDUsHWO6u8cnX9anLY+54Xxsd0SE7/0nDWzAoFbybUQbTc/HyOkFEGYns5sSGkD6i
F15NcJIiQKufCeMUb3Fq3RklTZeQfDpYe/vIxHfd3jSbtwMz21FK9slwmp6N6FJ9xk1hd6wIxxTI
h6Xt+yPL4j7D+vXyjtSYz/nbJikBqyzZziUxb9eZ/IXQrsg26Vav4tcabEGCRW53XcvfqaMTzZpq
LRkqdib9rCuw/qZ4hr5piMVp8jUOjTRN5mlCt6E1llxpRdhazoypgXtq5EpO/fxw6WYj/+eWRXFI
v+tgU+2VQp+m16YcTQadllAWIRI87IW246DblP2nXNRZLPtg2x7ilMtDvrMYK4fGMSNUEFIp6HKk
aujUrs+7IF9a2WsgUII7X6iycI44WGKBOpP6cLvXK2PYdHkxm0VYgeZkL83i/YjIlz5f2VkCErya
e+au+eRdYpwCK4Egiekn4UYpSzq9jcKHktuFIr2E8D36tQNo3vi0B02Js08LEnBAVo0y5w+PrE+w
5Hb4bwY19xd8uOKlQnNV6/Pml7UQa53trm/jPrxTT+H3Ai6/Ne3DDT+2YoxSMqH46XXjl8PnYbUm
THh4sAmmPWK0AskH5qKMMffClgWK23Betsj3MLQKl+EEtRJwVcVPEsTuNuPfhJRWen32xIh8+vFw
LmV0mKjepx3txrgPBu10yMrh0YuVjFyLuzDrvbn4Ilt8v8ClKDsdzuq6FVrRVGobAvNWGHkoR2dN
Utxqj47TzGsrjNxVFhEb0TdoFZJ2+U7pa7S3EhozTfweFup2CaQ1RBi9uB24wI0E4MDjhDVSaORY
NcvEuV+/MhmVlXjp4uIPmEiuaBU2NrbLHteut3Bg4rU0ioapk796QaRsVx76kgALbYanDiOEDYex
5dETChZFuSNKQJg/y9fMD19bdePUxPEbJMAPuLtrcZyWp5R3C+6IBFwFTiuduOsgAddN0fsW/zji
zw4yaSIdFi7VXA/hmdtpoLJwah1dyBTe0aAOX1q2uZGbN+3M7Sqi6bzTJtO39rxfW4b3XuzslZXQ
siT0jN2050lGSckV+kIQUij0UP9NZAje8Pv4m2t+Nu3qM7PMFPhdSbS7HF7TE2trpEcqL5sge/J+
D25X1zlB+hdoRK579PZoq8FfS0WHi5tC6b58yrQJbeXDupFrQ6hM4tEGcUP3z8MOEO2ZxreTkacb
X7oF4aqI8kPPNEYP5qfu3tHCzCpADRBPCiNySmmMjP70rNOapDdS5svWx3PSwq4apm4mxiK7s7eH
9UtKqojJzF80s3ps35hcYORvA5jU4N8fIv2wuMTynpGLIVI/W0rms63Sb+grJ0QFxG36pyizvXly
sWQCenaTXejwjysArAz7TaR7lWvv/SgpSnDfDj8k58ch2tQPeRiL1h/2PPXxigG/4NXscD3TfXqI
O0nkoAPapxcgB+E5gT1hWv5EglL/eaqWZ7DRFV5VncoJs2cta9MTTaEz9FlGI9T+Zalwr5IQ/KXD
T7wPiWBGDn5zcxqtgDBsAxdlrDkST7Np093zRhVFxWGu0tUWEjcE5y5U3PkErCo3CoyXJl96nXAx
BUxgUQnds/Atds1kNw75TJVq2oqnFRwb+MRjRJcmh0RNsfboWZS1WysDUQvTsK6QOMWKdqVSYOJg
9vB6l0LNLSE0y/UPmO2RrBXOB2L0J6s2nFySJfmVekumqdiM3MVfi4VpffWeSP/0niag3//wBm2i
B/WZyv3h8TLjqZMb7vLKTyM3PWLxIpkmWWjamNB2M3S1q4J1+ed6nxiWMF5skGS9jMleqjgZa/Si
kX677+pHaHJ5HN+0ZNx6eNKy3VAHyCxbL0ZG18mI+t0D9EC8c+qTgXufWXUVYcC9ED8eBQrLdpGX
mZzvOOkc7+HZnibsflXLpFVH+VRno+6IovoWm+eJwVriObE25kWR5UxYMM8JoSyIVz1cs8y5u/oF
eSleYX79QnxLUP2i/Y4WcKrucp5v2oAKOx66Yo0rM/u1tfU4mZl07pUEEl2JPCTgsaSFnR2beZ4D
Ez1JCf4+33aYbr6yuyImwFpFY9WqeffDKJs1ZYWQRCAR1wvbjcHsr5eRsJsMvr/rFkIDbrsDu3ni
ZVW3Y6EiFvL87PUZZ+zVOSSACeVyIxoKwYsZWdBFchTy0ZrgZY2849cGzhnoGOqK5JS7smvWt7eH
3Qa1QUTebN1um9U0DOQOeo4ETGlExtnilQ1/PjK65cUpq6XaNBMMWOjfyZNL9kqfggt5Qg8PqPma
ggT3NbqL4ZbsVsyh1g/f+HaHfUhnSpBrUCDTKe4TNn4/trQ9bmBA7+RwN2S+BuOhxoujNOyOQDSD
HMnTmtErO5TPzPb4gfhfRk1dNKpvLR2+2td69oFZPmieX4f/MxmH06jNLf6N+4O0lxLuDDRP+Kzd
nO5dZ1unPJKueM3NcCflET0zWgAR/1UbQsbAQxCJwtiovKTRJ8sdobpz5pfNRWlLB5i7vWJEWiLY
qkrlK575lsXfwr3cRk6jRJI382XwaGpkjJzcOZkCQxFrruM6BBqrZb5YeF0T4DkUOGBxwtmnVsIL
zc/eJMIJqiQSVK8Rp7Ufp+rPy+WhWCPakC8Jc6L9QkTy4JokUztsYf6OzfllW03h66krvAh+byRA
rS8SbzEHI6yeQjvasLhoZwEjEz/4C6TEhc02WyXbrCHjApbdx/QBPVmwoeMBYEmSWJVcCw2Wh4or
KpAAS+COmwNKML792x5tIt67PAhbrnoT4u8mzTRYpGSSpRfQyuzhuPboVk/5MoEz9vpMJslIjxi1
/ucAd7omeTqSABNTOiXeyx9TyXxuVgvQnF8Va+vK+FAaTbL6nAUqLGtnzWZh/6i0zEO9qNr048Er
vBnhTeeZ6I2MJFNsTDpPK+4QX97D3LBmbleoszUI0AABRk7KpZSuNV0UmtkEexR3oEJm0/BFLU21
T5t6HVeLe/DbbIJHfDoT3gROrkMUufQHiJ3R5h1ractr4SFZY2MjExLG7G9waZrQ9oqSRrXmjhqX
b+tfHQiqCyiGFAxyV/kmVr3w8Vanf0/Huk2AbkOos8yS4vBwbHyBYrKTWbeHW0QOohuXd83/Ub4e
Wji3gc6aaOounZcxXFqm3x4JeOkjU1kQzy5uuf6Id45g+pOhKW3FKGvPYtIK+LZDxawBWTfPGpny
ZsnaSVDnbrJZ25NuQfxDy1HjjwBjp5W2hVxW+eZKqRpbdh9fNmUlW6PM7DYQTRZbJ/bYYzZdDJKF
9WBXaFqPGKMn3MPYPeu+E2h11crY1MHVoiLUiAlCuT6q1Cci2B/P17dhXTJxvtPCTLhHx/yOq/dd
JqkYmbbjlfLkF0gAK7WS145rF864kz8OaL68rLrW/c6waZTQ8eeC0H7O0P5Ncerd5psX4KIKjI3D
VgFZI+xtb0fb7JNwm2I+3wnv64ORLNore8SaeFQLZDoZKMjfK4/L5W6Nvp0ut3BzLq4pE7gaHvKe
lXAGfBwwToOKPk7KEJ5XT7fPzvhMgJ3Dby+mTQs7THVKqPVXi+SY9eDM9eQeL5SOossFqvP22vAB
OLn0a4gdyp25EgZnE1Q253NIauLqt9nS7o5RaDoa07OocsFjCeKcIThT7Ni6PQ7WuPoTS/t8kY3y
pI+FjZ5HcWCtogVmGWFWiMLzdJO9Usq5Xm7WhmcsJmyGD+nfv4fyL9TLq0ojsBbHBWwDE6YYy4He
5u+rpnAcqL6UyJNvFE9cHCbxH5z/0g6xD3hZ++DzhdnXdp4e4zUM/ugV8wuNjnwTxFZ5JSwOmMWI
Vn+64i9dPJXV9X4P376TJReon4FlIQG43FljdPUTj+pK4seNq+L27hGsZc9mtq2E6ncSgw2DGg9P
CKRVuq/2rVkTeJnSmnCOnU+zfv0JImwyUCEgUvCRJ2tqRT5Gl72MjExtvX7CvqnC0g2CvR64Q4PF
+uT7y4+sZ69cnJ5A+IC31BBMSAB0IG8r8nSP8Te3i4CrOZpmZ/za5obv6gOLlDTZGwrmqVhOc8pp
UUx4eXqOJCbNyQsam4oVFmZGTzd43oTeec9JKW1MD0gPHQn3X874rTx4F+tmaUCOKeJKd25eNsdN
9gQp/1aZRfSlLQDfFXS665DxelF4jjX2kk5wQNoKpchcYMP9XSq/KxFit6tVaekcxYOfEgrb5x76
o9BkKOS7HXLJSc5dQr1icMe+pk9Ylrj1ddflUPzec+WcweLKONj8wJsSLQ9EKeK3IfHsdTVlA4xl
0YOYpWHD006kT7RbH/oOWS1QUx855ikmvx/WdhxcoNvsU6ruRdAu8ZLt9Y6MiVOxhcqU33AsQEil
DHLrrrFKVynh6dKJkpgl+otRuEHc4ip2rsbEH0mXPHujIbstFE7Snv1ksbRQ577vsG6mGpBVX0jY
pz9sdOup7dAD297ijOTXDf+iC8ZfIy9VUwR/Zzbt+8A1hrlvuGHq0dz0QVnW2nJjQYtSiSbczzjD
4jl1sX+HUoWjviLOnQ9zxyWWUYxl3dtrw1XDLIg65W3hEbnuEqe8Y410Q52apuhUIpHc3JXAlo6S
B+D1iJUXgBzw+RFDbZRi6rEqPvK1yo7kf8KG9ZGRfgM/9qJti8DCa9bC5BfCw3Q4o7rwECWovczN
naysgM7hnIR3iCAmJ9C6FtPj2EuBsfFis8H2cI5DMBb8k6xRFkeSQ+ZohxmGI1dLOGP+jRaeB0Hx
zzcP9/IskiOK8zdyPtUQYNFSF5bFX9MkXaFKycSwfXk+9ykSIF6dnx8MlSa7JYEXeqeIkSyCAcGZ
MkSTErgFyeMZ6VEfG2uTa29W4CQt60vyq954cxGjl4Iab5PCjynWiCl8l8fK/zreV/Z+Ab+O8isC
JJCAUiTgUFRuY+XsL4CN00hhTvSKk9VKE4LMVZ5UxZG4YPRurk1u68c15lIXk8ES0C6FNXt/HO86
1u3ICGMxPGk6x8B1YSSAQBo7/t0gaimmhMSbXd7H4qlmBhcrqvs4rNlXr0Vw2EPEKMfGhtIa8Nya
xdcVuVrwnz2jdN8LhaHf72cqjLdgvzPO660d5fi5mnzIQW2CGXdDv5n4cAIKw8786BTVEGoxrhLd
joCqFBfhm2V8kS0ZNIzZv+v5mYBQ2G6wcGFzviQDnlIPyoY4Xy/JjxY6qrr/+FV2YIqVAS82M/Xk
TJ6RQbokrtIK9Lh+2QaMXxyQQ4Ug4rcCWSUFgwzM1jrrn5gx8F8YibnqB7FL0Bmt6n5Amb3/rOde
FNkc5if/CQ5GVTRGKIbHbpf5IkvSMo3V03ECTy19bj0LoJn+HZUYr9CuyJzyKaN7a8pk6PT4Y4oW
mb96oXoViC5sMtVF4HRtq097YC17nU7FWVNAFiMz+BbhPOGcQQxKAyp9nNjhHEICJqSPWb1O4ndG
qCbQDOUdjEHCnmqhEvJEBejtAYGhBkUnXqngPzO8U3h83/P0wUf6pPUhhSV4IwVBUvfdx4iGXuCf
6dTR/u75X9aTNRCeN7NxYQWMz+MOVICyc1jNbbmVpxhFNrVCyhKZN/NUv+1O0uD2uNd+xNpLsH/w
0D1bNS+0ZMZLw2djhkYsEb8LrvMcCwlIioQgDoFT0sfsQHRwdweqozvdZs5pcnnGb2oLhP6ZmD8R
j/Dvjv99OxqAYRYQUXIotwIBDdf9ksow/Cc4s9pt7S0fDowg4qEHUFRg+tCM7h/1CLYNgygNEiwS
ndxzVkHJT6CggUCbD2Fpjycn7RMJ8hCkCR51i8aoj2tD4CpneNHNVEf6m+odfwIoRk63WXyMjwRI
sIec7IAbQr6DUPe06sff/f7u932/asI/+1UffUQIbLbEwdAhjtDozmLeMijpmgXrZb87fpzSNIVA
wT30pO9Z2OfQIIGvKc83VN7IEtbsYMko5SUjdrfiI4SGBT3rO2VLDG7o2+Q7wSsF7veguk58p23B
30kG4OPfPf/b9yRpcQqHjJNUwaMmg+5M6BWH9XasIQFmEbIjpPA7uU7rUqz9dfnFIX9WUbGJv9Fr
P4RgPQZ6cR9p+Buu0d0mJbkA95BphfD/bRP/Z3bUM2kIoXPSugs3SzU7jKywADkSxs1LXhGK4hLC
gy2KH1ucYZEErOI43oUpxQCelgQLtpyFdecrmkZHB9iqLOh2f2kQwUe4Mt+WIfrGq0NH/7vnf1rP
6S6yMXH3GZDL+qBG5Li71LR2qkFwDuNF6X7KG4ZUDJIzE5cglDcYzKNufEgBoLE+QJM8J4IE/Mvv
j6Xs7lOuF9GGW9PC1/3elWKXlUS6x6f6DvjOvJfiUnfDzZDIcLJzA5oJcZioWl0J4wXWPBKFY2xK
i1bQiKf1E0T6s7z/c6yfH2p/+0iZxGu6jSlEOkjjC5F8hlFE/+QrToDz/hK8G2teOodDOsdWanB6
QXtgZ0TLoW86flD2SlBpUJpsGM8qWgMRf+uT3SxB41GVZfbCsfuP7mp/euoWKrUuNpKwwbkJQDfP
XMfEVTaH3JdkOOmR/8cj7h+PXs/cr/3xnPW0yUzYd5+bdel97OK/PWXnQCyov3qvZW/GwMLVe3lc
xQTP5+Q1se0ISTc8XNZTrdj4RqeLFDv17ZOm2Gnx4FcmAihiJrbuEpcsIBhgeLzQQ+PYzoxwkPu5
qqtejWwQCvYKNYtnHzG2E+Q2+ufE95LMSUm/Pdv8l883Ue06p4hZEeml2yqRgEmX6Gm2uXJvQgKD
Zlpr69wvN5WepunlA9cLc0Vu3xkYovVfcAhdkQ1dZo2E3Qu7VjSlHFbJuuylx3qR3Jko9tLEa0LR
CIKiFOfnzAXQq8V9G1Fd/pjbiSe7+cxoKW7xgU+lsFXtmgHPiJUFv3ksb0PLjmLDqs0NxLTh4RWL
ulz05rotrec0SMCoPBJwlx3g+C2SKVJbd7PzLiuJ5HnzmK29zYYNy7V2DMiote6T+KR2XK0LWGNb
GzoJ1qewYkJPkZ8HUB8WYGz3T79ijQuWzqGgTc63CiCkMksUWrPATdayHZZxumXbJxzvvsJBw3x0
swVmMKp736Ajg+KOQU5ph+8tTuJSxdmRrR2MBw6duCo1BJ/9JY+Kfzva+1eO91BN9bFLLxTbVuRT
Pvzl3uPmtfjkgvtldy6eb8/Ye9QJcest760YQ3HNrMsgtv87iLcVtVDKywQHX8SVUIiViyY4qNgz
w8wQ5Oouukd1Pt7O2B1r541HPBWQ8cFFAkK1ZjKMvALoS0K5G7i8WkVeYUD2+8SvWngDCYAX4t++
/h1aNBhZcN1sklMUoqHM8JAnI+X7jRZlxom6szmmDMTPZpnA+pbZr2GnSYNA+KkMVE6D/I1cIIN3
TOGHYeY63yeI+P7+f913fy6i1337aUYu+1SVR1K531W/2i3+Vh52YjQDIVbTMHUZdRw/M0JHJiOm
XWYA4UfVAFbj2Hv5Ga9ZlKWp8SaNRpjp1NR6xLDlvt3mPyOsEUs/vtX9Tg6+thUUnjTsV7gjUuXt
tZ5wyNBoB5JCMmkOBwTcuFKV5pwjE5aNtsItg8v1Fqgv6fQrY5rkl4SxMDiRhI1FTKsdY7pc2sni
/icZIc5c6TVIMHiIYng5cFPC4WEJQrUbO/0PRjltl6JThxUCnBNHrl3V0qJNQuz3iSyvEaNJFrti
yRNbOLA+ktDFSxi7mCZOt0kkPaMYIF/wcl7eNyfUOEyJx3fRkJw92KOgxWWg/Swhvhcsx92PTmUI
uY3GuiM/8KJXIgHiGzWCVciaxZph/PDl+VaGzNqQ9DarTZ4P5GMaKBNkrKjuCnAhiHDxB+QO8m44
08xIx/j2pEi3TWm/lJ4pfq7ewc7ZoaQQGblC9Ph1ViyHoiL2AyV+Eqszhwe/urt6+vGN4kr31D6c
VA9KMY1CaYfF5ynCGtEs5/x62XQ+y0tY1d4No6DgFGNTnAaLmhnK5rtOlPIUUoWw3X28wPZilhXs
dE52YTC3578+QcdPjNzp4yVs37rF5JWE/XXgZgriIuFF1D8kocCNUfDU74kA0KbpDlkqF06OQk63
zV6hNwF3VBy6jvbp4L8nl3nh5IPw56hAAp7PnJZXnALACE+I9e0QJxAEyW8ZCehpr6CgDcgFT5Qj
AaioVEwYhWNJMj0koM4WFUz8kZUA2xf83xCU3MvTCV487qzSPalVsOfpmWyV1RdTHS+8kGo2JLg9
arSb54IycBNIAMO+D3gViNK7iW1ilOgfaRkgx29+m5r4O8hZf3tuembis7D/9qjvOyRInwH+j+eg
36BB5Qzovz0x/gYL/5tAYUSYX/uj45Qw2ZSCwT7kOW+xZ/NhXOpg1EU26KUb1hVMsi8PZgJp49/X
LJ9xXBLx/ybSL4HylJZh07sIBCOrj3zq1KUR75pX5qyl6Fc7YkkfV1P7sL7T1eF7H8sU8DfX/hwU
rSubdQ2UnzM3V+Sqi2HxWenizHGlgxh3QqdNsCkWwrjg0LIz/t8bwP9Cbd34nLUsrK9FcK4YyqnX
QZokbC3sOR/xKhCX2lEETHkD/G/e3vrDF0ILzzZfSxeJqL6RY+fK/5IeCXBw6ri9+xFjpu5ecHEl
R67DdR4qZ2LcANxw6+sqXkYlerd2MPVsV6L1tWQQPWHt9q+lbU1srgX5toq8A5MwmZTp6DPK6HOC
7kzmm22sKzSl2mObJ6IvfmAxAA9ObIofgHWRgI/ci987KlAUgCGoRZfSHYoKnvop3/3wDzflq6uC
Wxr3APhEnTOezPlAuiJzueRwrCQmgPFiOQL9+hVp4QXAXiLB05GmyoQv66Bc9ivuUlQ7+Vq+oXiB
rXnzD7YAmgIUwrlcneZD5lpkfFLXaYdS5Uul773copXqdsGvnmHeIHBK/3Jf72p4vR1msgcil/uJ
Q5de2Efq+SzxqX3/nS6mleumM5pPyx9odBSgJ442ud8SyUcrFyAufvHgUeT/P+/4OqGcDiHDC4Eg
xyataNoyUyZvAfvMizhj6geviYaILscS05xvkbKL7vZUrrhkrnW5mrMZI2g2W0Y94jz5OXnqeJdA
9TJKs8p+HdlI5uKwgUT7R0+/CMOC3+5n5wg1FJqVSijJN159W73dI3ujpwmA8/+xd5ZxVWZbA39o
pI4gIA0CSoN0l0iJUtKggIB0g3QqiEgjIN3d3ZJSEkpLSYMgCEhJvgfROxycOzPqzL3z3vHD8+E5
v73X2c/OtfZe67/PkgUXuXVauknIVOIR4fd3VibtZ4ihVjdaVJ2rlXQsR/fO63IO30FX2fBImbfB
M/Uqxi9LvalpH1juER7er4MvMT3nHi/CvMdaOfTU/UdtZMO8q7SSAO6l8mFT9LZD4HXpOS+PlFRG
7xHq6Daz9mQ/u5abg1p+xa+4EK6kxo8P8MUQ2I7n3XeUIoomu2GAJqKKcpY9D0W0GtlJcCnO4DZV
ScHAefEPCZ7Cvpci9N0Gvduv+HEFF1cEwDO/k5U628YjsKN9l4zc4mqNLqVjK5nGmRBVDiQ+k8vO
E3OB1ytXerdMM17MXfXPGLyYXL9ELlLLMVYzNtGFQIjAsrlSUZQXqm0J13hTkFu33Ys04wlRnAdZ
7moMKgwXF2WC23da3bJ91nDdRZEvtmQXjZHb5MxU9TppuKUG7oYpP5aovHruxh0GmUQcpEr3J5wU
5BicU5zzNBJyebduXqvMuzdUerlK2LVztNbnoDgM+745fDJRykVviTIjhVYYaEzfunD/eA6Ce80q
epLTEZ6pTrrZb/vfbiq6L9xE9wq6CFBpkXDWweAM++07yOHxe2cXV368UxrBMSUaSCaK4DiMk645
SC84FSTKIz88yrpBlaD6dEJpaVkrBhfqYkES0VOcOb9U/2xdVdsb8bcuIZQr3JeoClrAOI9S98D1
wnptcI7kPT94fQbGGrIUAm8VgcuMJ7Z/zIjh+KcD9Vw2wXOVaOutfch3AcL9LwktLW1Dry+cP0t7
t0eyAnsAym1Mqk3p/ksNjimC8TWapBx7dVToCp+zLY9N027RtY/fj9qLd93xINhsTWK9s1zoYK2b
3GFteLHIWRYXecRdzpXZD7HJycEer72PtfrOQIP6MPZmSQZJ0Xkb9OvPS10rI1h05m13G9F7vAds
c6YfNJCzdfop42BznBn2sWyWkTsnWpXX885qF7Y4tP81QGqHa3OZxA86BiHFiZcSvdiYKmaM89oT
+viSmESyZInrXlyNCVeSV9ix3sYaOF3+49Q2h63Tc/ZiC/9XgOr606Pu5FMG8nVZE9vo2tUEi5zK
OQC/6x7QnfD/fKWGsEfHvxOwB15o3P0POv23VdQ3LmyDVyo44v1ocPdUBC+CyBIHSfwELuOJh0Bh
4gF22L6YM8chUCd6COiCWwgLvAh2HwLpoGbibfAK+G4evGQlHwKyxH78K2BF4/XRJiN4GSyqWRBa
bT5A4t/l4p/Qd+l9OOW/h+my+aUMDP/dMgw8dTQ9BAIdGmo2icFm8UvtbBBEKcxiMffM90sT58Em
ZT3dpCGITNHdaWvH5UmBpvr0zbKZTluiJlfeBe/xT3IffZZ7qlAwNQllkGIhigRe4XJgID9NFKJi
XLl3aFxPfdkryKo52l4Yh/i2/80ynPKALDpZ7db1tszNxK/HuFert/ZIxy6V71o3ok6r6u/OlA6R
T8qPrp2L4ZqD/6W1Hv7TW+uUp2MRZCEWA1ZB/s8GwIZPxMM90tvUD9+pm4Dnq0jJYdambfeDtzaO
w+ahb90EiEb/DsPc++9Q55BgI8gPtSBGrnLaf7wyd63nEJjAWJU/BILnXJIG9ceMGMJvPVMYYfYZ
373/H6jNA8r/fv/9+BBye1zeBfuWUyXYzJl7PVf6YePMzJrJOe3A5UC/gdvtzO7ceJTo6+zfvih6
Ti4jizUGt+Sna8TlNylFAbziPFAScI2KlLfPo8FgcbwTlXZCXI87o/f99ghlQkCUNPQruTDFnqG+
ZYXlc9Ccvklol/E5hmPVVv1Vgmh2lWfQRZmKIiWMCAUQCPxGVjsA5ZPbxmDVeIxx4j0aWB1wHj4E
BIKq+aoaIH3uAXunrxDI0rbg70u/lK6DFo/1oBQxTDbddsoE2W2AqOaao03etbtIc1u0ClfkXFNx
F5x8AaWEhJJy97VRerpkcU3zJ1acKLy+El9to0OBy2J9Uk037Pka+wfp7E9JAZ3xPG3oBnsIQVtX
KIA2Y0tCtP1eADstIwwvOjqRq8ss8IkU45rz5CFgV1PBwRPDwfckyCBUevS54cX6pO6SlgYz3Pzo
uHUKgqkcSugZzK8Orsr/oAqNeZM8hNQ3KdCdFLq93QwgFE/TqCkuN85rzxmGcQVdlBIhittZj0Nm
kaeydkBkICsKXWCJERn0asaPxB0CXZ+Ksk73nSmrVBWi3o8PaCHrapc7e6Y5RWxvHtqekuDVabV1
/vfVVkx5ZVZ8sZS1pGj5LThOHmh7aIdzg9JwGdTVfRvVT0RUH7GRwAb7jKOl+jX0h9On68DHbn6k
v6N6xa1x2LM7NR7hmQU/F1AqTAK2LIG/7ITJMoa8JEaiA3tGfmxs6ONtK2kp2LM4/sJ30Bysk1ee
Zzeyj5GUBaCbWqfh0tUtJ1D2Br5TVtrdyPH2xo4dSP0IM7CzcQhc/s7DqAz7iNHqlBcsCoFeCFYe
l6tXBHgOsCy8gUke/pRW66QRuqUCleyS9IvtBmgbF5UCA91qF3hreTM2Hgy0pkuscT3CoMK6KxW1
fO+jk3vayJslxqW6Bb04WPUKKr2EHzfDKWFCB9afFkdrkryZufXc4G7xU6f5ZBS2vIPEsg75nlxW
qqLMx4aL/AzSMetDLfjUftCUdmfX7p1FA5XldHor4NtwEiOZdrPeutmQe8aPMurWkEaoIOaDINdx
pwHUJg44wxzCowuhf9Rq1q6LOC/PcQcRobvsKd0yRnPDy2W92Z7l26r9JPvPRVGkdhvvv7/VcQE3
Xm8ZJK91f5VF9tbo6NhgfbtI1MMXOpd4xZEZ18x7A6CaXcbsz6niZeC/6GCTEPVNLqoUCe2NM4LH
ucsxjaVAThTSrQXjzfYhZh1Fpvvoku9fTl+OUCh7X1Ao4Ily1XQv5M1Dly2wbfMK+eRgkBHA5btY
GvG+gSu7uuxuhISyDJZ9PrUtsUp9ocLj52wVgYreTYRYJIHeUWdQvK8Qm0FNlRgWxvn0XFfgrJac
ul7Rm/1OO4bcweFJGaMre9X9EJjV6diG/kxBopRnjPmhs21nVTrHxakllVCqOGCmCRlru9J3Nork
Bu+gPSmSuX7CKHKPXRMr4t8Fa/yJ00dG0cn3Ewd0ZfpZpmQlq6hZkWOzH2SVjcVgAx6IYPrrUFu+
9V7WS9ZM1cLbUTXsYDO0rlJKCiH30K7tHL8s0DIX09dmGDrUY3uuNUyyRMe7k/UMfkGIhkDLjdQ4
GBge7YF4403MBUNRC5WKfIKL7dTa0jkCI3HTMBvvZWWEYf7b9uGJ96Oq+ADalnZGOARizr/Zxjjy
tTz5dgw3+ickOL0WE6/E7YEOAR6GmhWwDeJhzn+OD8tWq35IJNAy5blVwS2DvCHxWUklO6Mcqak1
Pz2YeRWadv4JwW3iA1t1l3GZTxvBX97Ej9wNP2F+IH76meB7E5wyDiEbsywW0ZF6pbNwyhRXXzFQ
LfIWtS1ZCTInLDwoKuYQsJJGeFmk+NSl/v4K/97Ks0OgNvjoMOTk2zEg6h+QANJxIesQgKjH8hsu
E+c9rN57EZ19tTRZgR2ROuzcjWchvpaAUsZbzgL1Xu5nNX6uRkdMsAYrHH8IDLvsE1/UPQROpsBq
c2TdFp5Qx3Tk72H1vUaTUln2webpHHUNbU6iP3h538r4R4zaj82nLEFTTCXBZNtSlZ5sIWQHibfj
XoytSEFMPjF7SGAjkP/bV776gWKqrGWrSm7LAtXF+PPhpdxyqB11ywJkqx3cAn06zyr7aWdxnbg+
tGC4OF0j97adIuHjR8KOW2eb/xGrsHxJS7qyaJXh4dKFJ3TV04Xk83IYw3fuEmxOS2Nz4dF4la0K
v1OxXs5i3HRwUuFmva83y/QWH8M8aqZ1D0if6WO9HNw24CxyN4SNx7AETqGWk2z2o3zsanMycA9T
ju1DM4tg4CNCTljilt7eX9zlTm9lftIgT7luEMV+7Ujju6UHpZcjOXYIKEph83DFxhrq0BQoezDy
3NSKI0ddGIQdj5KZ5DV5L96LxdNFPWRokXcN8/KuuBGl8xm5tx/MeOdhshLKkUftl7tuPZaKkaLK
wRtRZfJgbBHfn8xvkhsn0MWdwp2tmHgJtpNPeGF9LjJYfQyKXaU4eJbt8qT4SD8HW8LTqXvgvpGb
qT5Dd9r29e0ub3mfQ7oa8bZbnfv5xcj2C3psvnW1+OoE4+cCg4dCat9S5tg04vmOemZOzGfPIGPN
fHS3pkSbWdM2vz/8hJD64sDrDdWSJ1Vcxtltrx/KwfKkmtLau5XX+6CVk/fApCa4dZ9sdAiFFmzt
QZ7zQxo0CYXWw1vd6zS7273Mw8NV3qnxF8SxwjQzR0EYqm/Z6S+ee+v+wfnl5Qn3vHErbrc9SpiU
hHKPVSgnlaVkBrRIY4sSwT4YhCdLM/7S7By3EdSCzG++HfKYfsbaz/JWB9UQLrsoL6UWKYwJfi59
190jjRDCeP/DpymYihfYveiTHipXe7Sb69vUjzwvImaUo7KM0tZ1Ib6GoJWbkL/ROntfuKzCfVbC
EpOORG/yA05Akt9llxDLxMaBoOE49kABfBHVFpNN1OCOzgl3LnrMpfG9sd7IkiyMZ83Wwje7c4YO
AbHCKu3BgbPkyfwVyoLNi4pU78i/2JyOwqdCTv8NHfqPEMw+P5jWhGyEVzhKQ5U1QnQ8hRd8uHe3
cLYSb/TE9/SPN3+QsKSKsAMpWgBd08Ae9capHvh7oIyTXVZBJDFxv0axewNUVKQrZUeohYjoNH8z
ePi+yro0POYzvMJQZRuTXZ4BcTtywgj5OtSYOB25qRTR8nTWW0iot5Qkl6KatEic6v0InCzayncU
OjChUKuIrl+QMDHJatQi32BlPTEsb2uu1hwI/2tfSPCP7QuRWSUnuDJN9lz64BMWlm1doBD0xsrg
mYIgTKoatIhUtkJswyFgcHG2yiZCVb1AjVOAZ3BNSrCWJyamuFIY0OT3XGpjOUNDFxWjHgmFOzrj
gfzBmoD6QL6CC2yYTGicvpvstH36u9tF6M/eYz1hGfZ80eWsEy3kdXHtiZ1w5VQ8iX1/MSbUQ4d4
3r0IlkJ1zrAbUVI1L9Tf8Ie2iBMWlsVQrc0zSvA0d5AOTVqVRaAmgkiX6rpkts77m9q/TnCF6oY0
bP44Pwn8kFQVee60OSgPWDE3vaqYw5W97BKtneJKammONfLINo+uyAYfigojz7iMh2DrUqleHIq+
FWVyjNZsoLE5k9oN+FeegffG59J2HzeXlqcOzR8Cd1cJN3M3Q+9WelJeFxZAIqMVRDiAN1TxxnY9
ZX79QUs0f+6lRqi+1z0x+kvKqV5o5NbN5BvE1hYIqf0llHEohVoua1NyRggWr904ZW3Vjay6nNdb
rbj1i3q7W2lS3zG+AIgXMTdgN+re+xXnCgOsmKRwMq4cMN3RJxxA/vRNpdMPVq2jIXjWFM1xGQbt
ExPabEC+A7pHZGg9SLQiHv8nsuKC1AHn7Vhh4BO71f8Tz3LnC7s18TMzMemIkvl2XRrhiN36RUz6
/6oYsL3JwEfWkaR/zBhHzqjvn30VVShVvOn5IjYMv3Bb8WXx6S0u4Ij2Oixykuwp+hnEKX4EPO6Z
jwMd0YxffaFxyh4TYVlcPpEre2P3LKr5vIEjmLEv8Sd65cZPOT8gB4J6Oul4wW6VkMd4iqK7aAnp
hvjc/V1hCt21V3m7jlUcHLuvW3kz51VOY19+tsQ3ycm5qV69HfHmLA/J1tBd14gMp9JdPo7wvdJ2
ofYPfI4rZU2Ic/3VC6cPQ6FiTwzIL2TWk2MRvPpCzUKOa1HIIa2Y+kqASPPUuP6fFHPEKa7ejjzf
sM/ED9KPgB2S/uD4iP71Xs/uwGgUB7GDjcnTXPscmPHUvSA60AFYn5n/SAnDf6p9KU83LVh5gGmH
bF9/yKbNlUpw5Wn4/yTH4rOciVhM1sXtUhVjcVKJzSOML8X0Lxhf+dgf9Ov86vkmPfdXBXyvdfnv
H8ggnYHUAUhrsOjX4v9O6xYnd6pyvnJo+AOf9cdjzH7l+e9rTzbrihd+C/6CCTXwSu0hRGRzIkQc
rDSCurDFb3EVBAidsFog4+f5J/S38Q88VYl3jxwxAOu/QxlOn+zRxEHG8c8dAthVlhO+pldfTvSw
Zqqmk/RrxAj7RGUZ5CATcaH4d7ryPvOehpQKWSRXrh2agN/CCgCL8zlCvxVkTAmTm1D+W0HncWj/
lDJ8ZTuebq4xhNUuT5b3Xnzcz6r6jTWLa8pKDZWVoq5higdxLAV+fIlQJvOP6Ne/X4bTFm4RpAjz
GPLVLQ/6g4vbZNKlA3TaRQW7LkM6suaf+RWUMINpP3vtpzJ8FSH58hQKxJESXJNW6p72IrHphqEl
A2Yfx7Rlz4W0dzaUxiOsxoHu/CPq6aMo5Conx8dQ4b7bVLExk/WYrmrHtzFfrJoQT4TEP43UG9bp
zOnlbg10envvJYQPSUKwWdxZezxA5aSfEeTlypU7py5b5joE3hESn4B1+P8L1pGNdKRoIoueZDsk
gvWXz3AHmiveQNdBPfjDTvBgwArxL0CYlwmuzODSF7n8C+BBPKjC/4UzVER1BiYbkP5NCTVl9q/K
pOFA7+j+Y0W0y23yZZAqfsnD17/J9op5sWShiUNeHE67hYOQpj+znY/9EGipnnizCxp2mWeSRnBm
+S/VHmUcyhFn5d/9OQgTbIWd/ENKiD/DcjHbSDTbiEM6KdP/hDjFLZCKyl9awj9QPXUnSzxbA1qv
5jN9pI5OGtr0espzYVDEFykgHGMOhsAqV+Vrj5+a/1rZhZIvTSwKYPL/O+m5y0RFJkRFUEL/we6h
RuFdFM3G730IgCZu8PXdCdsVbRf2EHAUSNLWilJM/mqv9783L+ROy5ThAfG/3Xl/s++qYErDu5ws
ceLJ0ip4/M7QiBc+2lmFLPIEH6o+l3FXfTS2oS9fv7Jq14tWpHz+muByrLfWpw6rAesjnNpfUjDx
MvuX/34yzNx9mI3/8Pem1JcIvN/aue+fat3th00tgbZbjeZN3l4RyW0ZabXAtUFARuI0EfX9m9NQ
glyS09Y4DNKJxYqzC0vtdpKKU8iTN7rspfoowf7jkkmgK7XGCG/8DJofMnjUq7/G1xsPlqpgez+D
QraXMfEwRcjHz8yydVElTCF0KwDH5IL4zQsleZ2InLD2ZwVINkmjTU0JCzAfQbs/90+nSKcoj4e5
+J1ul1kM2OKkeqsZ3KTiligWFSWIQiQIsc6xvia97GwvR2tfSmFInHOaNg/QgwlgKz2P15SbMsRN
94B5qJWcseRVUTqTSLUrxxVRs45FBasXZYm9qjoFeY/Qtdam+dRkuAPYdHOUCABgyNu2BetVsxas
TNsjJDdGOorMIMYg+2BXeCcP0sHhrEmdR1fdrkyb13bC8xa4MIvrwQV2hwaYUem7/uBeg9gbq+5u
ImHAbru83JuQfpO0aecTGKhT9QXtREDssmvcVCp0rm0C/uBcby4efGifVT3dLTUTz2lsEg8Kbr+b
sJZNNKm32F5d1McehWE+z4Hz0R8uf8HJvkdRolAsexL77cxwgKZQyxWusyDzxf7Hbl2tyawbKYHm
ZgSG5lkY1U3vWABjJn+NQU2/6fUpvyIrrDDriSW2zaWcHDqfYDaYc2Qabi+xOhH3aOSsvvbI+2bv
z+cPJOV0XMlBN9WEowbQBSdeDCZ2LG0MX3y7LJcZirDfL9+cQlPOSx2sz3ZjdvY1v31ODq/Q/vsU
h5dFNggZ+a22JXTXYAdyr8tei9UQTJHAp9KjF1ldS+dEUWp2h+oEllTY7UWHGKwqayozhEnFzc2I
4TlcP/b4ZYyyHfCKGFqzvLgqoY29WNALBR1z1RYHZ51jitfgDAshn+EHh4uVLDMNoUzPzuDUDUfd
I0yDuVmM+d1EIm3bCLulKsaMLoPnun7dCiK3M67EiHbns4Rrl656ZEdXusS/SKRdg3qVNAZYLjSe
C36DNchFk0hGecRWGfdO2OH1CV2CGUq8WieXfrAQlbYJrBNSXtFlzLg4kz0dJI62+HZDDM63LaT1
wZNR4lu1cBjaWoQ39Ol9MZ2p3A86YtjERm63Bjn3BEDTEE0TxG7aEsCo1ug8XoIeT7mLXMTIWTtF
Ym9FyAsnU7qyHG5ot1lm7BXpIF7W1mhiND0epT19YEUHv8GquHwU/kild2LAntwJpak5vTP6ryGb
gzZpGK65CvfuxeNhXvE7hbz1ULjyRO3KBdyzlW2Z9LHGLJP6JCIBWBpSGev8MjGoF1K0Dc9KXBzN
2jpL1xROwOSUgCFn5IxoWeYqAPUwrcNy5a0N3pwb2a5mYDGnrEwqj5/QFZvSYEqygLprGKNm/Hyv
rCqF3eKUgEdJ+rhMZu2S4mQ1PL2KQ4R+ydQS1siVCSGyBRXjLrVi63GK9MM0F6sM1nBx5aDntv24
eota7ihpigVeSQAyEDQ4MHc0vjg4g7yqTrFfiCCvIHEj2v9mI8H72yhIZUcUA2FIikHuHkS0/efQ
GaRDAIKXAPEufRxOeCrn/5aorxwPivgn1LdPogwm+Ki2byp2FznhSdScX7APepFZhyHKFYeer9jg
Y4Oz/+lGaX4iYBX9EIj4AjcIO8A6BH5BKnwOIIKUe/r9OOIKIl/iTzHfIObUmpL91SAwc0ZZScl1
mKrBVxGc3JfsNpTwwjb0CkEeCSKvc9zC4eW9ATiMHgXf1UAgQk6+HUek0RwCEPgPyPfPEXz/Q0JO
eYKBq9LlBDYlYPX8/Y1IU69nKIXBTRHZjVvqJms50eecSgbduB0cG+5HAJsLNMc8FPV/8lTzx0Sd
9qP9Kgn4Qa66kLUQi1aU+UIKd6HCCsNu2FjjKuXT8Lomu2l3Fzxg8zik0QWC2QLxerxIKB5AElkg
379ERv7NxTD8ImaWGOIgUdo2Z0xCCmcxtEetuj1v4VzTh9atZE0y6GbCLvUmb1gn5G9ehwtYfZXe
vtcxxchUG+sk8eLkFsW9y1cGRNm8DeyPTlh4M8RkwNYN0Fvtxha2y2kqLSmiIGjIPyQqTzRj/aGo
y7gK/X6YTR0hqgmbKMotjrgz8zmSbxrtU1/n0C3TThpfodnIVyalvRBQkPkxag3a3YLJTk03oiev
72J5OXora7ovfFPgGSKjhwGYRLEMHT4xOJYC+CyyaE+K/gRv2h5vQIUGSWJf4Y1Ksbee8VjTfAF1
c2WHj6vkLC/SuJZbHVmwzLan6VlVkS0u+bFITMbmg5yFfvHbol0AViDQBRM/68qFRxP2rGKVLnsm
2KlQXIwigvJGeXFgkoWZ9tCBHozrtGMqYJMT9ydYEZQppchNLkiN/tJ9ZKuwCmGMw6zZjVLkzjJ8
2sJiux85SObSmvmq9WDuec9aM2DcMLbOfG6IJMYSKVwRxcgZZqaV71JxL3567j0aNcvqzS6Yhcte
nbGEIwpZPkniux2ufJY+d4WnCOEtO2BKb2Yc+dbCfufJreC84XmBvtm+Hmmmxnx81bfGAiIUFxBx
dz5dvZpeJdbCYHq+bRcuekG5DZG79SLWU4JxQD2F/8GHDkGdyXKK4GsRcv7vKrIbS15m6Dped2sZ
sey8ahwA1E3FFNEJvi3vlxHjkn15gitYJ/WRXIV4vxTc59cUXSDfpU/Ac7HC+ZLJ+UgKe6qKGbtQ
gnCRCdzLpnC2FiPo4aOxgtMMLC5lGycPsdxZ0Iu5ow2bkRAAAnyClNCeFd/XnRIvVqjwbkLsn2wb
nY2+1EkYpExGmUTE+eiZEYG2mf4tE27mooRM/YFHafolA/nuZGWPLkrbu9ai7y10MP6VlEX427nJ
Lnr4nN2ChM+jFlmuvwicb3POEOsymiuhsvKlYnnLsMxuErMzPXJdVOBehiufdwY/V08izrfGl51I
nGFAupqljWfnYeLHhltYZNlpvhRRKogbh/IYmbsxPwi5LEuEvy9JNdxygFbJwlJaMB4nd8jmyTUi
jr7wh+1IldzogyZ3cXecGCvdROAAmGS6P8eL9nLQG5WDPrvpg641CSxF/BdeHwLKxnV7D4GNDIdI
5Mh5WuxZpb6J6EuRbbA0Ia2AbomZC1JfbSJMtytlh87cwr0wSbnkgnJ5XpsSwLTOBrSNpU5IdZn3
hBH4A260S5qixjlOBXaRuyzYKGTBaO3nozNEEAiZ7x8C/WNJtetxaHfnGmzOqw8x4T+dipXLl1At
xIvOqL1MHz6XmFe3TvSxkMFz6W5ZETSlVmmJ3ptpmdnrr6Y07jaZlSEQthACdaO168m1cYDVd/NN
YXlRLXduB7skqxgYopQ0OWR+NJmix8nIzOPgqOtkvoV6CSEZsFzbtrpWem+hhY7+PcaacF0LSTw1
7yMBy2UDuZWNwkVzAxBc0Z2RwtpAEagPOGe7GZfNxAjMg1u78G2JnpQ9Rxawd8U55SkBoSZ8pTf8
sq+AFWKpyTK0H71TgDjuLdYWZCFhPG2+pFL0FP4xlM+OcW/YigF9/yFg9LDDyxgFK0ErAOToQ9U1
0J/mj6jqe36XGd15vU23ghIltvrOGuzBsgQBwWqzmqIUuPvRwLUsTfgNjXGQSuc3xaOLasAD6XoJ
T/9mVFTkI1idZHHX7jL/auIB9hHqLtowdmvEZeoz264WrBGfy7Y8AOsQR7qtG1jDoFCZ2wdrbQPH
bLu8I1Ld1UXw6vwMbI3g8U9o2D48eNQPtk6cmg9Yj+l2tJ+geVxgnRmsrTT5byt9ot1Zg7UXsMLm
+5mz9zctyhEV9TGrk6LIq8TKFc/UlCyVKoys4Ap0MjhHkmbL4I+K1Uf6AfGq1C+w8vjf/JjtTyRF
yP/9quzHJMWT+URPFf0zSPFkNbw6VfJjpuPJSmCBqEXDmv/5ouyBRT9Y0fXecGAg3B5aBiEa2Fje
VhPoHr7a+mzQ7RLM3ABFarJDn50LBDVaAI//f75f/ylFmeYRnkK9OzXJfp9BZ+V2Juxmjcla9q0e
p855AbB5mxgcsbkwzqMKnthsJt7sN9asX/k55/yhOUdowsaHNZphojNER3+8WlHGk5/buBfNjby9
U5K5C3ZqJdckB2Y89sQ+MfDPmQlqAj9XWoMzTVnQ+yaumfb+LmPaoQdrPBhO848CH930m+LYo8wk
4qI4wAY9sjsEnn45v6v5xvM7mtHbgjqgSHPSpnCkM8vitYA1eQxAEGGdPcIeaJfHNwObPu6OuIDI
c/+dIagxtKd69rGV95KpsT2RtUwMUgiKkxtJ8KClqCedruch0MguC01S2cvTArWcQPkyb5M2xWPf
GdxsuY3zad9v/lKdeU4n24e9tMT2OqHIp5aw2+ijw/j4h21pGPjiVNaoUkNr3FJvoXOtMez3fRN7
5/y4YqjFWLklwmUpk9r9PDaNSdIQEMzIZjinEBBy43MUG3Ycw1TkJjdH6TxyUi+2C2AsXMsnI3Gr
XdrGK9ek2zGQBY3FWXsLXJSK3mJGTc1DiivU2o7arI1DSyPwpjofl3zS/PzW24KPnjO1CYHP3sah
vModJFR7a6BrGMd0b1hMi6hJoBJqs9PAIVqhs1OQ4AOcU2XbeFD6y0Kt5dxdUZixvKBunOKW9yx2
s9Di03gPLikyBrpLGPHQLCO7MwY4Ucek+LJlZqklmdKy2zOEwcBx3IOXCnApskGjnCeUjLlxu42q
HzuM9rmIvAT18m7lUxR6B22f2Vy0kDnsHZ2NJ/dQ2Gk3XykLW9/9SONQrEiPsBWwTrZbwybCON8Q
l9L34GmRjPAFj++/g+DB+N2MaJFeAzKpD4pLd8nYQ2LuQcO/TxHDuntjTNUIKOFA6C97Cp9oPDW/
bEpH5stfeFE/WTm813kVREy5Pm6PJJQ/oGbAVhKsKmTOJHqxPUaNsjkcH3YcbQ/aBUlroSRw9LFu
4AMPd10tYxR7KiNj2GkzSTuiBPDQw+Ao790jY+G07UydNQFWUsbUzs1zEj9NYzCmR3h0e3kklmEp
IGuTSfvR9nXJ+7svPt5hDgxAvMMNcfcD5Ox+pGFCkGAgOysIOmPIALt0kUblejBisp42pQXWQNoe
9at5w6CVpHR9w5wOTsrYYXZyDBBJHrCPCliBMl43W2/eDcMwQXS+WcQ4n5zvKoUDOxe4QJVniM3O
zq/rbdat475ypfw2Do0WiuC4qyT3AJ2lls1+bNbgsqWNeZYoC939II9JjYbXVwJjhm8wDQs+81d6
ZXQn+lJBd05KxYf6gGHlW1e11+nCue+pxVpwLYNEbDSmv3MLQC65z2i8HHvtGvYVeXsCaHtoc1cp
jRu3cvAM8cuyHYX1L22WV/eGqspC8ZMh1ge+S5Z0YhTTJ7QeSzTVztC9i19BnchNYM0hLYmQLUxf
nNqAaVHc9nRaiLTCvUFjodHVLLGcB6mtt8HupSE2M23wUFbo0rl0Pj1yE3mYoNcy3nOOnIlvbJ0X
FpzEcafKulvlpFUNw5MDE2AGMNJgnoGSLw1dPy/0SqYhTYckffqsBWKqgu5DutTClf4wQ8tYPnyx
xGD+MUSofUPJ7OWjAF2Sv4o/A/h4CzBK/CHPduFfPNtPusI/uBvqDZgMsfWkxQFmp27JhnBmU0z9
CukZB5I6bXPHrYG/FE/Bt2iBEqpSv/cPXSmiDjmc007GAty8Ng0uGfxSojHX6Xs4viWGnMfbpJOq
VxrmXnfGUvKpWRKSLVh5ijV4IqzVZMgaExiNvaYm+0oAER7uxHYIQuNtyJNX/x8OMxEPXDwFkjMj
xmveU/l3R7H8B5jEbofAnMfWAdyRu/TJt+Pgmb84QSJZ/+8ladlIatmIAzGCVRqEcZePE06HgNux
3/WJ1+NgtL8iCc2j7fCVzAY+7G6rx9FsNMlBi/Ke3ULkMw9D26an3swQDPxKiOcnCZaHAO1nLtEJ
TNHRPx5HdUH+9ndOck80Lfn3q66AV9/iKCDr3+CVjt6OI7b+0wkmHS+AG5Cry7dKJ/nWcwvjovBx
CY3CAAGNj63vt4SdkE9pBkcnZaDaQ+BD/e4hAP3Jpxvi/Tji7j+YaP33B4lky0YiWa80wtOTUJtE
CAhO4gHWcQjzn5sAq83wDWIVTaqjwIqnvynWy6I+vtebAT1BUiFndeqWWo/CDE/5E0GCd8AdiR/m
EOhCfr8HbsnjSGyIn/78BCJ6v9OF9vxVmHj1/gs9dYYP35F0Jdebj/htRFMyVs+tEbtnmn4WiTMh
vRpOmIrVp6/ggIr9T/bVwMU/kmzWx18FOMlxw4TguIHfjoOCfzTBtuFz7Mv6fHT9VsPS9WPdO7ak
KBb3yH0SKWoAGYU/4+AFwYthmS5nPZIDp3lzOJ8gCEWb1L3RmUSLt1BiYlTEoXLUovOOkpK6HXr5
gnSTH9SOKdlKtsQwssN2IMUVx3JspRYO6gULxOSCAvdWnbM5KAW42lp9IxsU6/Eu6q78i6u0r743
HlSRO/v2qKptZEPJy85WuN6erFeulyfu3CWY4jnLpSisvBUhd77Cw/ddiiBrMPfzotVQ2VQeyzoW
VIKQAS9WnKLKfSUxwfvK3n0ktbVerQRGz6aXtWKq/K9VWzo56GIGjY22Gq1JXCafMpJ5WG+Mw51X
xkkQVOvEFnslL0ifXE/yYplE6o03NNfi4BztfTOXalPfzG9GBJDO4D7TGySY0vfdSideIQE940zc
2XugVhqu/XgGhS06iV3awMAPJ5Sy3idGnHyDPCpY9kcPhXQXC16YxhkwD7fdiaDRJxcFMHCoSNYQ
s5FyHQzC+pmHrimJshjjLy26X3YREn/HWt4l7mLrTCiYjhyq2qCJ2SQNL4EJG/N0jrWS952Cvc0Q
PaG8PLxEHhDTQNHbd+9V9vCVG8RW7n2aSvCIo3kA0MkLp4z9NFqbqa0t385ZmUxzjrM5m7035OVU
lxd9+PsI7sHlC49lHkhqmDUha2Ewa5mI4/sxcU7H9FVOVH5k6ExCyWZh28rGxLhcR5WPT7RNq0gR
Q72nYnRZwpoWLsEhFURGz+WB3JyKRO1Ag+/E99p4KQG9KSkKWlKckzy4N0g8yfMFWO2+jAR54x8E
heCo0iBvlIJQs6EKdDVrW9/R+Of3L6vsSniMKVRG6JNWu7lB80BbMDG6ChBYw1div5VDC0NWa7Vq
n307efmRW91VCo7bDTGW/X7xLxtXb3UsPQxz1gxcj7RmsOrfuotLprbX5cpnBrwNHMtSU26v6Iwi
qaq8Gyoao3HXOEbWz43LaVZQhS5ZlPRdhMOjBL1+dm/RtmfcMVw7U7jvb2Y/EZI2fPO07RViOQ8c
bAxCOc8+HD6UyQ/AY2C6y98gqd+6LZoZmT6kBZ9uDqvjiiNMAlVLSBPPi6ozpJenNDz63JT27Wam
Z3ngfdS6QXfzZhhvoL7f8dr9xgjC4pxk6Cs7j1VHmshvdXnpcJClQfWJlu+rJhtsFWy7c+NXumfP
jSyFZdmYp1+Q56a5JMB7IDTASUg4G6zvZK1lzmMX1GnJc9X8A6b23IAnKwEXqm9lbSu+cWn4nAey
tsj7SnPCj2OjtriTD0A3ZZyX6EjGv8e+VSpVVES3zZUsUX6q+sKUmccWhzbZzNJni3fRIK0j9Tlb
Mtwui7sSeiBAhmOky+OAJGUFb+ptnbY+Sr9EVuU5tjIsTn5XFEhDctYA3YxCUUBNfZSb6xcNl1A9
KZQs5GD7ss0tmSEE6cxbdz9JkBoaTW7YDc/JJgcJTzut6FtK5S/gjKZhhnOxYFVQo6ig64nIUPOK
UXxfXOV/cHDL/sAKdGXDo5e9H3vr3jsV3ERlMnItagGyddY7CSXu3Kp6SxMCgVc/H8Lpe32xyLYf
Q4avyfyww/9Xz+9Eq3EfMfH+RREYgaAIfEK0HI2kqpMUgdZfowgcs/X+J+WcvgnYBZIQBEHBeYha
sZAXaanXqZw6tCuk0/XC9/Ue5TF3tciZGWz/49e/+VnJ/1U5XzkhfaHgILscQ3B4TkBw0D5BcMQh
IThwgBOq8Ali0u5pYtInQMsxlPPf0aSWpQ44jzy2/hfFnNqB7TrdTDOsi28edazC1IOcUvTOZKQO
8xdOPYptc2zkecPMEHMep47gJUK1zG3N30DeHP0vWC3CmoX8c1HI4ksjpL76XxRzCgsSchoOFNLm
yHYMwGHk4U3RO6cv1LFGXqmLQTz27N1E7e5wfvN16X9uDTtOQS6y1DXeqFPbpcrG4nf89nNT2alA
I8qOTSPnKTg6zZeEofk8f+JufuJufh1383tVdBoDc+RMdyraPfX3aunHELW/8nxbyNu/qZg/6t32
a89fQF39+iOJ8cD1ErgYu9lwCIg2H1FoIX4QwPt1FErEJ0yF6lG8seiJeGOyL4G9Ajhf8rH+zPc3
yld1CEwO+DkyZs9XEHDdLTS2JsdrP9eWH7zWlDGePxXXsrc4cBQf7/8VlMKRr38TO69wsWT+CEoh
W6BNgPYEqu8Q+DUOjuExo8TUF1msec/9Z6X/zPdn5TuehKp2aw84V5qiV2GabQYi+rLYSgewl4xp
zj268ohJlLCAn2sTJh6CPPBB/eHO7Vj2xlyvQAkto9UGayMyEQ+x648s3fy4kICFQwCi30IWshRy
PBCfKKPrZf6fGf++GU9BtMg/QbTuKnDfeYMo10XYhbWgfiJzmRSWPpeVC9YBcX2EU8Zzhk3/p4+R
PI4hJdLwc8c8pg4IYNjdY5qTAlhzwg48CdYQ+xfBQhoe4WfOv33OHOYJUf8qqgRHlm6WfQm1opLK
h50fSAP9Zto7G3jsz7rgbTCcmI3UKOqyKSTLt2USOsxTh17Q2O3GiMk/PTgQ7PUGRr5AuLJOQrj6
j1fHNwf13fwn4Cj6xL/MUEDtz5zflbPkD+TcLn2+Ja2+PXC7qjhAwpQv0ZxWlkFEIdCLbAEVrI7j
i/wKUUbAP47/G82iS+OUCKxuk8WhN+gpl2bPWAww4siE0TB7oqBXY07Bbm7Nq0+INw5pt60WsaOP
tJRiL/kIXeD2piLAgvJEXACZPKETjCz6bqvqgVt/aJ6jWjuLXo+5UlKF20UN8wdM9C58CFOiAfiV
Hvge5lK6vGPlWUqqhU4e9MZ3I7CMdClt4tY7B1txCc4tdvjST+IUK2v79Sm7k4Dw99Lxy2FwF5Td
aonrMxwmg2zgs6x7ZRmuqWj8kMkmbYspyz7KAkQO9IeZ5XBaPVqvwb2UyC3oRLiXjcfoStvfDOeK
wremKbY0VMRzI1FlIdQvG3t37kZot/bBzMcLTVwaH2KNpBGEymQHELIb0pWHFmjzw3MvxQzqD6gG
vwfR3ZviJL5sYdt0ZitnyXl+R/qCXoI3/ClDE9IMPPJ1hYwngNgeACSpKp/TWOXwS75K7ebRudjY
NLTE0JhTCn02+IoFWr3o2HXzGE5ov7h7+Ec1zMc0sJTtVRjBvTo9oipeQYM7LcpnQfzMS9EVhNtK
gdOltm/aGFrKR70y6dEbeKe3DdaJbQLTn1Sm0vw6mzgBTC3seidcmpE9Lybak5OBQd9wYR8ciYYk
NbfXmKq+lt/NcwVYykBntygC4aparofVWxY62a3rZRJ2M4zZtc+8odADlQKLaw9I5KK2OoDOSrNO
yhGazj3BSRo7x1sT2+HWmGusCv6aPXNIb8pDJOBfFxeIzUsCXdcDLboaFUoP2POJbicEietb4ohb
7Xr1Odt6zQSguQbZQwt0XXdd546gOp9M9112cKRrcg57I57cK9ugZlUaQ7uzEfguhR2IoLMMB/nE
OYKcTfxElDD5I+DCBq+WFKJ6+tvoLdqj9BfEMiFT3VUzJtPXlj1PUd4EZzFU8yibfNvSWO/cTZn9
2DMM+5HmxS1Dl1XvAuMxYl04LSwXzexpYjLQRITphI2Z1FRFWTTrxeI91ykHyXjSgfvvRAxUgL/u
+IlmZEjI7nyYOUaL231g1OuYGdWztDRV4pOkh4mhtNXKK87bIfEDGy1YqB1F7GYszI1BjW/sCLTx
IryBbELfKpm2RxhpT4MvEKoF+gT3RgH8SNhNcGXnsq6RI2GiN8NwTA1TfMhkkYaGcpP48Z01MXDl
YkKJDF8rKvzA1wXdPMvMDEgyNdO5DVN0Z3RMRFNbYu9Kbch8FC9RVLtk6YdqJCOAJVv/mvxRI00F
1mt0nnc4zURR8vG10L9Cj/n2CMwwi/F11it0eE3IdnRTJYKY3i03yX1TM/wF33FkI1FCp25alw4m
FK4pvluFPUOsMyio3uL2UXZEqc6arqjwSu7Fohht2je1w9emnVFEpxTSTsfOftMp9IXyEu/lIVUH
r34xHVk/HyZcsTr4TMJLHVk3IgXwRpbamM9FlzVTxFzmp64RBuRjmsZmVe10PbSDhqTYsE3HjZMt
+OHJVlOLs25YhV1iZSZlMdivz4f1b0zby7CnhEKADoUIAf2D2KIMxrds5rckzAkraINqnk5b6Tax
a6W8M48ptvcGUiKMM1RuGORRut+Zvfpu+EPlh9b49RfiVu/fbZWKFCKSnY2JFLnML6hIGQcrc7Lj
/Pc3H4lXXG0fHnhfKj8EHEWPtAaoz+SFVeJtxePAoE8J6P9RCbDqHW+upOQm6+2wlMYw9G6Qhym6
k/tZC5DdyX2Is8y4M1D91YiPQ4UaB52dOrj2syr/+gQItZ+Cqh59poaU8cPb3lSsXn3jm02y6pyq
z5rciMzafi1yWRxDo8TBhyim+L31VzvcehBiZQ4BRITPoKFGl4nPQXP/vASKFyYZEA3Z3qA74upS
+Gwoz1Xs2oRYzUculTSeGW7i06zrcLA+5e4PfIL+HDNwJo+QTWdBX8BCXuDG+RxJ949PkiM04fKA
NfrmRH+Inf4Ur6KkuxS3cRaiB1ljDhoTcyvsAetS32m9739yOBMDtg+J177UygFYfTR9fm9NxbZZ
rSRiYlnnoXQMe4xUNRXGZVrzkY09vfS9P8ENVTI/k5D3XfakvGHk60ZGBH7K8VAtvzIgyjwmnFDv
lbXpEq41vj5wHs+p6/UM9eWse5meMFHQWRwbHfTZyYeAHmvUqxaMyU7riEuaJ8ghQyJPIqwiPJps
pJwsTC6RxXHLCxDVyYvO6t126X+zIgjWsvz3YCS/GyESV8nsBXodgpLqMWaWONK7cVPmvGeboIbm
eQp8lNdDnHMcmx2AZf8YaR9fh7mpue65BXT1bO9W7AkUjxD19rppONhp7bUk3RiWd6ycJvQPLCQM
8+GbrMntgogEpO0dy4y0V+pDm7pXacnd1/Av+G/oE82qrVk8r4jqvTx/iVcw1e5qfKKv8lPH2szC
fELPWZLYuM1a+Pm3EmI1Vidc7r6TRaKr36yiItTtylmpGu3EIxJqExahFrom8sFOeqilgBQaeqb9
AZEk33wnSDLEVK1vtlu7u9Gc/LGdE2Em9h02eBQLXnv5tCzvBZvzHUUt8/mizaOCwfc37rhc6+qz
ihxVoCNrD4KL6NzkTr/mjlXiCcugfnud3vVG5iJIy1wLFj2z+HmvWUu75Fk2F+a6qdWdJTT38hu6
dfcqstfZDW3SnpNUiM/I91LIXRDhk1McSk0lQVp4iMT3JOzpYJGMMCPc98dH+naXLzHfipTuSymG
4rdaI8/7aFQgWLSX/IhDoyEF2OywotsyjPYXDMVPqvTNfj5CeisMTvKtkHZG60JcgBRvpUzvGet9
hTmJXdrAF9qPyFfrScuccjnvwPdyAuhR60bjK1y9souFoLN8ETHqT/1xsJfw7YIaB0eZSsyLxUlW
7NS0TbDYElNuGXKpDd1NKEkZm4QTv01aF3IIeKVxNu9ScCL0h5vHOaWst8+ykS7QeKVoOLbcg4M7
P7hEssZxb3EEJm5JGCb55LE7pAZfuXMqQP4EUghTGs5wd9BqiWt2c8K7wfScxAXCEBGptaylcyq3
lNkLkyx4JJiGAq56+b4ssd8XaLJtzdxJdjewlx/18ZGn17R9jDbshptlu07TYjrV222Luq5Ao10Z
UsL0EKVdYPqcH4LpTQEMA67QVK201wUNRv3MI3T5PsFzOjU+BFMwsCFNZme6DPiLrJV4hAwNzWFR
9W39braNPoN2JSjnucwJ43pZjGAjXbe0b7rvQRotasFZMnqlCmj4SXjGylzOg3Kd7GdFrGwx0/oH
NxnxA8rNicTlgRXQ9ZhDIBQD3gTtSdHj7tCn335pqcVOSbGT4aQEN3l5cWFhyCvkUeW2A4fgLQzp
Oqz8lwQfhiq8m8vzKmuePL+32fSaHsPWx0BoQuyCEoHPtNOE/3WbOPhFrqG3QaqqIjE6z+uMYILI
hHH1EQkCOMatu0yKCcfKNAq6l+kikFvemyS4tvtcmfAfk+m0t+rgXV8sZ1jagDe0tDkTxEOpkY1M
4PYGdS29S7LK8vmFCZv713veLc3c3HQSXeouDGKSKMxTQ4NXmhoKLTmoyX6Y3BltL9vNQBr69G8G
QpU6ouddff8lqJ54JXb7c1i+C9khgHdMljx3TDw8CvGfPor4pzj4Epnfcgg0fUbPPfjE8zuK8f/4
KeT/zCf+5BElYI1/9TPGkv9zkP+B6FHIv8svhA49mJrnOP+pf/rluxf//Xef3nZUeHiqMGVS3s60
fRvGxCLe7+vxYiLyDVauBakx/YsKc+ThpQZsu00SuLRy//e/54+0457M7zbSETDz5E+nSv/ymOMI
+eeQIo+hmpB/7X+6/J+ZkRA1kXiq/J/xnb9dGsh1pd9t+xOXwv5fWJjHrIa/YGFujRxhYeaJvmBh
4uNA9n9a5f45g+TvVf9fkU8hCjNwYZL4/CI7MdgkcmC4z6p0qRhsEhksRy7bXIUa7uSTae0AHKz/
9UH2f4cP+pvNQafvIIKQydriyLDqWZjsyNWdlc2Dm7FwuXnOuMLtJXl4SGuTpC25f70rb8V/cO74
D47qr7sEqBF0Ugjx5W1ITsH95zYYt7ab1cojRpeSI6VjRN2FPly97nMtyoaQH4kSfZ3hWykG0N65
1nZwT/iMGx/jaVNSpJOPA1xBUgDaDa7+BfyWqhZ1C3e5FUFYa1giQSJP10vfeUNDgvcVcwFkYd2c
4tTiLygXfDEQfl3TqwXLJoSbz8XhUw0tqYUxK5OsmIyGBKXR+DSc33bhcPAQCwmc/3E0QoK39+Qk
jYQdPUWgljcr7fIclMCCeNwZvQy6TBW6pPO39fRMgMtPZJsEREQAXB5L2ex3IP3N5MDr+Dbvl7yB
QmEdVdvHN6pKY/QoaOmGtdNnOAKlNPN8RzanYl5n3sPzLUk1CFOwyMrLJ7ncUocAe9YO9qwgQoAw
oPIrm/LW37Qpj0R1pjZDeqE/7PylMSpLkk4mHxiN8SVyzTwnZoHzaVm8is8rFB6bvXzDOlSQdk8v
Szcck1jxKjXfgx35dOtRPlQROj5V1zBmc7yCPAWOztHB4UqCpU7zIVeWtO/GOSQEBGSIc8BEdPRY
D9Op2E0W7QrhoOEmFYey8i8XpqHw9gYK4FnJ36suVe0tZEoduoXyGNv5TpyrVA8tP1dKxP6TiAZ9
MV3DZFwjVYkZP+aDQpP2XZMOwEBGDE1E/zsuE0jwflG9CufrmQwfy1nGzjx157khrTeTGTtTuvzc
bqM0fDKWysIOMiXKlmySDDTUXQ7cd3zFivIDWUVKCUHrXY8kMQWNad+5jDNmnuXtIvAGehIi8R+R
KQKuDWRkCGupfx1lAqpzO2jsbuWrnF5u1aGxh9Fndd2RPMleSUA7wUsZqKMMqQk5TSKnM5FU9aKU
TPVdlYk3fR74rNphQECRBcobO3Yg9SPMwM5B5eNvgCRC2GNQykNvNh/1tL0NaGCZcaVhrXtg/P4D
rBFxfZE+Ygdg9gwvv6qy24S/mHa8cJc+ZYsRMVn/ScgdO7jzbsOEtjxaWMnaO+4GQRfGIvupgEBB
3ZGOkHUoOWyOAwrePJBU6Zhv1Uvo3FHMIghb+RQ16euQqK+9xbHCJ+kdWTOgWtmCXHklG1SsHmjL
GswbiphXqEnBpT5Ynh6hm+xpZEJxambMObO+m+TMynffHDtc0wY7ngxBn54VVsT3mRjKg1yOJnvH
aqfMjOH3Im/sbd60RxpZDFkfBPIubSaEeZcqOqtdXziDTtnigyEC9fHph5HATuo5Dzp6WqtW4zkX
FrreJs52TTwdXbpqV0A7yA7QzbUfHaQyF3j+w4dueFMW6IvPzVs16bJnHhDr69NaxTJNpCp5XTAT
8AmQ/OAuXkuIYHkrEBcz0ml+0eyt1nmZ2F1BljLjwCT3ZbnwkXT8OzKz2vcXrtCDtqozclIdkkcM
QnesgjNYzlMxX02TEKeAA5rLYWON7KeShsFfLsBhleBN5fq9JvxW6Q2+mZz7+Obn7Nzkn4Y0cyC3
TvVEzBXFY/uyNvZvMZe4a/omYnC3awVEaTKHIrtXWRGNDNwsHQvWi4e5nNPCx96DOE9L78b3oAqH
OH4vI8SjiH84dCuCoOexcoxpaR1ZayFFwDDxMt8hIMB0ZvG5tSrl8JWXOJndoW613wONmWGl1Kzo
myrroTeZ6I2rfESPrtyn7YVexsTepqjPf5lQBConJ7J0zJXzDfqosN3E4xLX0EZ3Prn75dqAK+Im
K8hrsviZ+IXSssr7Kp59SYVBo9GcvMC8f6hMCOcULmB5S2SIzVuBsGXJ8U2h6NxUxxD7VMo7S++I
ABTZnrN/mwM+8HozXCG6D2fksnKBv8l/aZTswL2Ef/ts7JQS8UomD+gQuNLnv7/mAlZz5GMQDoF4
g+aDj/xTAvg/8/0N81UNTImkp47q8RGrOiwqK1sP39UkaGukVObk4KXJPAQ8lMdddrCzXN4HH7B+
uhwYdcIXJPzqUg+LoaE+Rb+Gu4gPcQSbYluMPQGozZXXZdfmyOsv2/8AlmL71X5lkstLheZDAPrc
niHgSLvCxz+tcuQtKHVkGSAV1h4C63RKh8AbCrDG/RtZYQ6wdN3Ay/TPvD/z/ljegYg9/j6WbeeL
jldDVRfl/FQztfCL2mBcL3ai2eXkQooaiLUlrh3D7XUmsV1u+iBSEtFfPzlqnKBhflbzksDcM4QZ
AaK6k0XROxjt5p+n0ToE3M4csLqdLgjEWGKBqvmZ9f9JVsMHqwrZqeKr6hN7rWkqRTIueh/9Cqnk
2pHgJW07TFzqs1b495EV+Ldawdb2FI/4ODHSkKPEiki0afxQs74TWF0vaswwp28Rord7J6kH01tT
auW/gzR4CIxfcfElPjET5/FPKNgSH3hkEu9Of9ptODmHu4Jt1J8Z/7YZzWLhi425hidEHqE2xRti
Zs4ti1+S19z9CCKJGIFcRJscKVdAHtY1nhEiiel690rZLe3GtAuoXtzRlYlxAog9APuwzeXAQ0BQ
lXgPUWo18eTs1Y+wR90Fcwi8LAb3Y8fY1UTICeslPFjp+5n3r8+L0HrAFnhxdctr2rfv1YZEqMLN
AMGQPMGE8MldJVoew1zloSbS0vsyZd6UAwmkLbVQ69DesE4I33po1XIEoj07NiJknTRY34X35pad
rNhDOGmqO1BLUVpkgTGUK2PxvB2z5VpUd2/w7bY8Ggy6hhMkcIYnCDkwNhlZfXFnGSS1uPPO6vsj
h8MxizsNbcIUDihWRotuFghasiyyaOGY5RWibI17w4d0Pib18R43KR69wst0CCgrq4nD52MlmenO
nA3X8n2Se0VylpNn2q8By35hdrnjYszapqH+xSB5C9VpP5Jt2cf3W65bcNJOrcDeY5F3UG586Y7+
Mn2o7RCwk6qh+Nj34/tzXQM6oSDQAnMdjTCtQjcXl1vIBXGECKmryLIHokd351rU6N5SrN2xXo63
c+apxCwPzDaZdps2pcWQuAC7NcWRzUvUrbTHrn8mxpzmSnJSqBC5a2DwB0bywCjtudXU4jq83YfZ
dBY71tVLURXdok7mdO6Uu8wdFJGkEkXhlzuCFLnN0MwECTmyTUFSdAOeVpmPRlpZSswqyxfapTFc
uIDuHzb0kW409Bc6irL0j+H20dPN6KV4dyujD+AqIIrx9BMu+W/GPjBmyGEoxoo2wupVvd0K/xEJ
BXttEEOcLD0OrfLTjeAZ2NgWw3r9JUFSNBIE1P40nDa0AGyoUZBTp6HPLQMHp2t06Hg7DPyKSoT0
M6O0ZjgqAgoCjQFL+FpRrmJTMAiqCBIxHoESaofAw9zUSJl+q4/h06rIgQSynK3ULQTQDlMcrXP9
FUjfuSuY1MLS2pgyJnNGhr4hr/TG4BTf6xz1hjN0odkOWmlOqbtXEzrbB9ZGrsw3+rYQE6m3g9rg
EQgCBZgzWzYSScs6TBtlDoF68bjhYQPp5jO9Eche/ZrlqyjlKNxAnWj5HnXfs0rUuce0k49lHtTR
JdcpYctzXpgcaoTpdR8kinbrADozvAW7Q79jiwDcKqHloLPC1iAvWoY51dK8c8JIj29cUbrHzI5K
LoRMOu1qId6s1QFYD3+6wVnD4DyT1KQqHYVVfu1m9wh304wEFnW8BecBqQuU2vRO9saAWw4re+ie
mrKa2pWLRSRG6NfezlZM27lST+dyNl8TH7nHi0KwnpBQGnjXjVwExS8+5KGZqMpfepoOnbz04Pxq
U2E8n9pj6rNm8r3T6JIF+Z7PIWh6mSzfdN3KqZ3EgYjrx6w8Ka7W6IkhAVwdasvFOtZEYUCH774m
eQH3FXO6+lEuk48q8jCGU73G6iZw4i6JQwuCHm3MOokagk09+O9l+XygtpqP8oii0GBqikiRB9kH
SYqnQ8LaILYLQ46wBZDM2FMXgYEf6uqlDHWlLn0qTYLVItOi8SUyBPB0RQnDx0uNWORlVVc1LIx3
NS7mWg4Auw/HN9magye0GenVUH9nyAfAPbgQuFW9sIQJFW6cFGlL/ijXZFZBitYu2VlwyYM4x6DP
I8reyaP6yUUfhdUs8bJpDxm3HaTCX+U3fFNYDZzhLscGKt9k250x+Ubjc0sc3EoaB55g8167bhOf
m38Mx/j6XcbK4EJ8y8WXCr6YUJKq7KHi0SY5ZEwiZ+E0H5AEl0GDeA7c452Ihm4+k9ONbBd3nPId
DluO4ZiKYRzZ6Q/BhJJtq8dHJ/EQY2rpbmm3UPaXNRjF/M6gGvQbuBG4ZCNvy68tC7kzjxCrpLH0
rQ1v9di1Z3g6NdghWcALNIMr7uje+8UO0u6d2bZJvdbPlLcn2nMDD1kv9GQPS3vuvmhcvbpKRXj5
ObiaXsLdSnBFt4XYQP7DvjXSTqzkUa20wWIxGiF37rVl+j2w2WP2N6gRBnRLwvELuMWZJfCZyT2e
6aD2OceM1SfcwBjjVs9v6k4O903Ug0HNwgkS5+iUlBTjXVTwBrT1yARcNUUBeySnvxQ6/TXspfC3
YC+xv4OnOSYS/xbl5hhY+k8QE9K4d71y258tMNEfXX8I8zKqwjkTY9wXLLvqekblH80r+T2O8MWn
HBldQUugk8ivxFPUsGPK9WkmFSQ17BjBCokO+ynnu+S8hJQzyXPBBoKu5rogzs0f6vtweGairnms
U3xJXegU5aYI+E3g2DHy+Le5ZSHH5OZ/gBiLiP25xtlttwmEZz0ssH03l2JfrzZ2zfDdITIN/zDn
0XRZlK/4vTzkZXkoYPXq55D5Bjk5Nyey5xrnnxG/fTSxxCwQeY3INPDiMEfAwcaWLhrC2Kgf153q
hTKQe+yaWBH/LtiISpz+VMn/3HnAk0d6IHdyVL/4/9r7Crissq3vhwYpQbpTULq7pTsE6W7plg4B
SemQku5upBQJpRskpLu7v4dJQcd5Z+abe+/73jm4+ck5e6+1zq6z1l5r/zfJC5qu88UFwrNAmthP
XkuchqyLARX/BtDT7xX+syrr9xLFbSvz2ol+A8LYg4v79gG6t9Mf3Iz5GzXzP7SwvpH+1GksS8le
jXfPKWZooDSemMZnjVHrDeLpS5d9vC/ThgFFnm4nf6KUBrQh14+drgACUJeiau47tZA/BmrBls0s
XcDhn5BaXQFar5FPxrb3Ln0Rz8OrgdOf7Y9xd9Q9fsn7tO7zUW1XAOy0S3TDdz2nGDy7YnNXgOCf
IrXquPHce5uBXxQl/HPz0GP1ZESeZS1gRVKEXrL8FO51gzvPjL0L5xXgtTfwTQp5jicB/0ppbuGU
Cd8kWSgw6/ceH/I4cGY4L8NYpW2cxnDXpbqhi97800O6hZcgTWQFP8U0/ue80X+WNF9Fs/Te4mT3
1kX+OGqGBml5nBJLquDwhVmFI7W+ZpnYK93HlqqLskkin226AM5DP76W8z+V/O+V5laAtd91/sZf
xwtiszvyG9L0463W06jDggUVE4e7XOnJBlFvmlIl20BE8R3twIAjZvKfEfOdGel2kPXN4dLu6Dcb
6m3RQOzI8LhymGXMeNr8TKHRINbJTY9Q3iuOjRgHLGQfZGPwn7Hwm9Lchg25RbMG8fkVAMUFe6bH
j10xKncN37Deu3uP6Iyxp8q2+10UPyI4Hvx/8azfyX1zSSfvuPR0Wn4npMbdmCzOzCZbTRL2c3B7
P528txcrcQEK9FHP2JZkcf02/H6MouJA9RCJTH9LPu9u6hyJ80g+8KtwE2Hv60VaBp4zWOFfMLdk
L54D1Zfeh0DRQAbOKfgDAD2Xb4Eq8xeYTTcI9qZ6MFxDvbl/CfXG8zNa2/Vi2xVgnQr/Z1Au4UO0
0F/AvgpALRlEEIxA/b68mfalNIrPUUCSb0hEfkMa1NeC1ycQ3RSJ50tpjGR5Ma8BC3l+BZALipd6
ZbadphIPzz38QKl9fOdt7rujnZAUpYzbi1sjf4x06BcvqoIiA+n+r3yvv5n5nmYwlkayaYqja8G6
mY7BiFlYkGVueIZeOysuxXDeV5hS7v+rXu5/K/MipmP3jJU9F7HjFyiVaEU4SopvGY0UfMDFE+Cs
epUKbi88gUz/U+s/M5/hfJy+UnKudOx+x/gwD6VxnFuH8iHqDmhYWIiVRsztQ1fX/vQUd4cc7N83
v/7/Z26ZDFmeyLw0IxTI1JpsSlmwtOlEqKh7dgIlR9H/1faq/7vVduzd2peuwb2DY5Waej/HOjeX
FoBcCUCRf/PXISIg4K0ElrG8Ki3N0petzu/nHossNY8/ICMZ5Us++6yY0fVGyb5ftdNzNkysNskH
L/WVoTH883TFyj7/zy/4hQL7FGxRtjI8kgLI0/+cE/Xb4Pp/Blzhe+mP4RV82y/1R7YMfDP9j49p
+kb6lzjefueUBaAmSfAD/FDgT/BDoce812e6C6JfbxAE6p/Pf9JJf0Ha2bwJEDPhPvOTZvszUspZ
6PVJoL+gxRzhH8v8qB3/ApziNvcDfjhgB/ECRd3m8qLtEuU/SpSvonwKEG+LYpmMcv4gb4WdO5hq
OvCAS1R/mOAFcbUCKPPDY6uQOai9H3Ypg2xfAVpYgU38T+X+G0QBTgdrN1ZBKH7c1PoTCTUyb84H
eVPHW63DL48b5cvj+2chohdJ+Y9IXtCqcsdycUn+tKD1T9XfFuXrLeZfSKJEOIsPbcp8BUBywdSn
CWb6BurWT4b5PxX7VcXeiAIRvkWzBvH5JeKwnbSfyuONrGAmdXYYzo3KYiKUUORq1vYeknvHvVBV
sv/3BzoP4rlA6MnPf4Et4t/4aso4Fk6JS2OsRQ+ocXUWr95r3WvnNn4i0lTSZjOyk+qJz39568yU
N963tat9uBueqnxXw8dm3KawRqhYs4cz2qHuk2B590IFofCOs4xqqw6DxqPKsu+tHAlN8UPB7+bl
4G+j44cYqXgW/OkYNEHUuCITmkzjNUryIs7wNjiTC1gGkJ4BEmClZsUzqFX0+BcWbBY9dYlVWaTw
JwoRCMPrEBKoYsMYn5sGGy5SNrERd9uRZop9wQcoFOBYCtLbb4VZO3oOK8O8nI77wOjLsM+boK7X
GtTtwJFvOOAeIBJ5oAUs2m3dVV+Ory9cs40RN9qzXc3q9EAD6yRjHeUJDGEfWnMVnBo+nX9D//5e
MvEHfFd7CgRrayln3QqKkNb3qMEz9doViZRdnJBTm5gasP7S2yJZUNvE4M5IqowtfzXiDETIlEft
zSupXoutFAVjs4IpfWWG8ig5S6v9/JMKeDkLBL5sZVjGqA2Id3HvULonPwlBE699mvKboLTFTGOK
y5qcmF5WrPJFDVh0RJam2nuuA9JW+DA4JMM9m/Tcfs94t8vCZj6/ZD5FPaDN2pfMkiTIIJSAHYsC
/Z1K8GJOJmbR6xAO/6VoNDpQ4gjdqImaJSjMgtw/uz29lJPP3QrYEWzMS8qcdoTeSlwMa2VhbHU9
3qG6LMpYGUE/dVEsbTPDj+39kK+hw56rtS0NsFuqINmEEoinf5iwRVuB/EjnRTEs49hbhBMw/E5F
5uSc1fFGv89vyl0ZpRZ5+xP7H/GXAIKYncC4HDOhxAUNjVj2TOJREw/e11TFGx0xCh9LHzsUYGEV
//HANczMYhLc6m7WLq2VZ0lpucbyYmGfSD+oi0MRVgJClFi7paVNAMvk7fnSiCYs48HBfQ1erJtU
m+lVkxiEpOOWmDYR3hfwfJB57vfrnTMtBhbCKR7HoWL4ClMK4UeENbEB3B9i4KIZ5VPhXQHkXikM
PmXCSOEx2B1n2+iLwmAlM56Q7qTrKaMpMO/9+3a9R+UZu4/TGDJaQ29SLimnGmDiBWWtpgcddju1
/ginV+tzMsl10FEdewhl9Bhs9GH26WL58m339R8A0SurKGBdjQYFjxR82B7eOm9oSgGJ44ZxbioU
AGit6pdweBa13spm+OaBj/4HotQZ4UbSENeLXHJbYtQzqd2T13M/IeBVsjZNtNy73BrAHpQrhm60
lev74hzhP+Pjf4AopkIORj/bXMgkQJmHEh1q0svOQlpq7dhKF9BRtv26pOSyO2RTuIQl07JBl7jt
rmwlk/7SHd7mbkuKnNQoP5vEflvMcve7JuiKe9EDRcTB8Zj6TjgSNRBHdJyo43TJM6h9CF4BD/z/
avjAHfahV6vspAdBErlHzLv8mLWgH4TcVbqd4eVwsd62jqybEz4nftVtAHKYjfEZD4HCLQDQ/twu
PYSP2HjdJWzhYV42st78vZ6PwSlWCV6uz50Y87JJGuuL0XampmJbPCe9IPiCthmq5/dCpcWmUz0Y
9qsLZ6pg7CuXlXzEXTZkuHrul98IObhhaF5/EG4uFm19WckfR2xP7DhAzGCJqhJxfBqsnltONkQh
ZEEWMQ0K9T1VmQToRJR56fVoRlpD4YdyR1UIUoC8ugLc42275JyX7GiGyzLndnNa4mJdORk2PKRa
CEkyY+wpXY+fVd5EVtTTTAw0U0/zjOgpmlOnQmkq0KNW7KdzmH9RM0EIpbXkwdAjVvbnzqfzCeuv
OeOikRsoD3zlbEwV3FIl14k55vXcgSrIMyFothaLHAyvn0oD+0nvhSemmq8CwjuDKVophI1J0Y0t
SWZ0aUsmYtxUE7rxN9AKJfxPcj7igAVlz1VKM1UIAnRXaE1knLyOVbRD1t92dnY+i6YKTcFvh1N8
/x9kXQO+C6I08iOY6HdAlJim+3hxfhe/x2FfBur38Ht+Qsb9Dn7Pv1caU5/jjNkuzcd9+0ZFnIQ5
K3loReA5JJs+Is2a0HQTS/tFz74GoMcCa7skbDuPqLe5PPundv9d0gBc3K+x9H7irUbmda6UN+a4
1jpi6SggXxe/OQsZP35f8rAFhhabu4aLi2Iq76udRb2/A9x1Dar7PcAs08ZUD9bfBczaWk5B+D3A
rJ9xjv9zpRkhnKVBX2PhuUZvI/NmekL2FXrbNwGt/6ne/2n1bje+P+2O2V4TKy3fNsjLbsZPrFyF
4g03UCLDZPuc4Ib6LVTr/4JJJuX4NicXltm6F9TnuoVqXeaH/V3Z0sTNZFP+cRhRrJsMoW8Dkv8y
NIxS7RvfDzTMs4+D6VEMa8gAIIPhjgBrYzPq1Dd+Xc+PyEmlwVGJswl2ofeZ/GbFnZL2BOse21dV
1CslovyIPiUKfgqXNLj1M/oUyF0NE0hVq6Rc4kdUx6UsI0XP0BpHUhhe/0kQuGxzc+IKz8y4t0L1
ojm5SVnOZlnKXJNjn1AeIdvPe0lB8rADCixmcenXpJyPi+5+Sntq3ZRH4W6bA+JtzS3H0D4XX/Ir
SBz1PWMIXlYOT/wHPRisXK7wNsNo7OrnSizFE5Rl2EMNiUMw0nQyD4Nw9CAen1uaqJIN3pMPQ9if
KhEBD4BlNXiasw6aTWl1LuWsdRch3TY1zG0541eT4baP5dp2vhXsd2tv53US6I/27vdgWBh++npo
tn8hWX++L05XSAhkEAeHmTliI+HoPTe8GGx0zZOxtrGEtgeOcQACsGYtEAzisLAnzy4jLArWYEy2
FibaTAwqYhHjYQTOC7lanzlg5kazPCtbQUeLiTaqDTrKHHtX2RIJrt4PCvK2GAoHxxCVRdekTdXY
Dn6j3IF5N724nYX4dbu2/Aj2DBhzWO5qEm7SGEEw9kZlIIqvyDAbzIRnQJEwnFUI2J11P7HXf809
BAI/1MlsXzoxIVYigBzjYOORy0YyrH4FCGDsYsYgTVL1E53bI2Y+DO+JbHVAwqqEGkElCwDhvjeM
AhddGgvgSPQL6FGi+FzAPkpxEqPYO36esiCeLSedCSk9w9tV58o/tSYdcPoAcSwjSKxwVX6BmOBl
E9LxkKPdJ5gNveoQgzGcJPm8R6szx2/XCZilhCDZ2oleahqfPqsPs8Eo88QtDa7QnX8wGYRf6zzv
UGiw+HYjRjZAeb6morre9wkT6mjppxIMSmYPaAkCKPwWAT0w0cDB9adb2vWBXV68K+FZXnfCmsHx
+KBK8pi8Z/SScNmfFCLBFrR4b0BnCPbwrNE6J13Us763kP9iGNw8/Njh4ObeiBtG6Z0Rh+InrSQ1
cUT8zSA2QeGWgAOSAXM7WFMWT2qyEJYkPhyxthjdCA+OJMQFZTfqJUGAtdsQFP5hn0lVILdzIzwq
ROVqX00bqya1lFtCgLjV6NSbBt+3k4XUOPmmF0OUbaPkHWSjcEOYnJIZwun3cw7TqNIqW4yInJRf
1frwqhJDEWNisLXCAzV95YH1li2O4MP8lE1+2m7W5rbX8yEJi8Vm+W+4mHwUNxzYnArJqsX99aLx
p+kmztStQhs9YOYRjhmh155uzjWUBSziM3x8qe/SPs7cVlsM7kaUlT+NWJhSCx+/Gtqwf59UNygi
wstqGqPgYVY1QWrAgz9qDQVZdbCiCpwZtIyJO1Y93BbqDGqH1Y/87AFFaU3nmTC0y7umFuLnZJa5
zBLDovewMMNayXJT/6mb09qKsJWdsKB2roqJvc5m9wyp30vV13LsvlBRxNWsRCneLVj6nUe0wo5e
4np7pAh3AMnTEB5wjRtwoc+6+8j6qQruGxnsQRxMhIs1Y+RE+S7isgPYk1gP8qXv1le9sN0Q46KX
Z9oaJa2qrAqGJhVVdEnytn8vw9Pmnd03rmKiOJL/EbwukddAUS4fZNnS0tKp+ZDJuiYQOmmutWyV
TujtwBk9hniYR0/9K/zHUFcAvMLkir/zRGv4ca4V3vdUf9THqfybaFW8WCiK7r+JxdAL+Rw1+TeR
XBhBXosImfj9dmmIi7SpCK1cnt/kDdCS/dtE+2olt+4K8AV1DdOdNIWBzXJ8xIL6i/zO+I264hB9
HRTKODKoDMCzIdQkpkli/F3U60gIn2s14kvAEYDR3ye2sErPjTvu5iv4+7+IAWhQwGIOeP0dAs5G
WX+FvaDhFeAGx/+PL37re6R+MmJrdQWg+zHzdRBWrvH2udjxC8qq4Q6cEcVWFuNIqKYYVral7BRE
ldSy30aL8WAkz7/RuMJfipECf4eC5zcxrIzAeIMCzPsU3H+TOM0GyitB2e82CgpY/PebrfcviX9r
qUzzfwyQBHim/vc1N/qht2j5Y/zflBv2TLj+fvP3KtbTM+BvrbYbm5hqb+S9PtZWVaryWD71nVW2
yvuHJ2fholFP3C4FeuMB+7Xf7S/8Ad+XmZjxlWuXzPey1Jc/i2dGfJb2bxvGLvo3v0wPGq4hdbZu
Q+p44vO6/VFfYfoElxE4XiTgjxzuanQTx+sa+wn7F+wnO6A1RvgDZNj0TcQwi59RnUaARp3fNWiQ
+w3MoMZfsOQ0gSrXNYQU/A1URshfUBnVXQkJ7FIQhG+U6rvJ07QQ+GLAf2BhN5gzXovO8ovoa0C7
W+C7ZIpSPdgQb3AXviF6YUMAYP5mDThdAd4XgTnqCvTZspV3YY0Pix7EEoSlQS0GR3XI9wh4nihV
fY3Kg+D9LWy+vyTHzSqsPSUHe/kX6yIt43caxn5mTWhmjRcn9HvNqwHN+C/oIigg7Tff73e7qWnP
G8TPFnAmPHc5HbSd0lQlTXWtzCtLaFn9aSMIbKbBdossbwMPGYGl/Mu7161m3Xgb/NaDDf97NOos
04h+J0v1XWOjv9w9vnoXNcMXnGAzqtIv3KAHCvY5nqxvNUwfxj6WGrPnz69ZKlmsD7i1GbYc5PU3
0Qb/lR1jDMUcrxyk/QrwO5lQfi/PhdHf0PpWyXeAVapuMZMZlr2qglvQNTHlEEcZ4MB83w5zqRdE
4/2teE7Iv3sYvfIrAFjzfH9S+P05QTPh/0fDbi8FbmiV7BTWG5pivbeATLNCkS16JBjmAbYMSM38
69YczhXA38KcsK6f8rVDsEVhi9yHBFTeDH+oEtZWYc6dLjysxqTFPbWSyLLMZNf5R+uipHBGxyS7
ItRCrs9NpkYF3LFIlqU60BS0LB9Hzt91S9tZdsxSHhPQC4eOgFSGK2Vx0B1M3usF4b9sBOjH/+l9
8D3DdqZcaE2TUxPNFnifXy9F6UokxRkQ3OnNrIXCeAh9lIKA/miYbHhfuTU5n3QNXjKtOmlKMCzN
2+rstU2Qp4cwrzW7QUX52YG6YFq0eOXdbMGghu3cJ8HdzrvMcOHW+c/0huuToiy0LTiZZ8IMwuZ1
EDli5+f6X6GFmsLNPkkb2yVCwbf16e7mqsIf6PdghBJT4aWlE/+LOPQoeJFyeJEgHY7+q5W1+1i+
MZSlrvGjHVb69QETj7AX79Q0RfRe4q4MY3XF9VXAq2CPIEmzbMYvGlBg01Ojw1nGkoW1shU+z1dY
JTpy3kLCqJw3a7UZwHXMLV5GY+6PqfLrgLcdCcoJLqCAQyM+35PXrjQ4plCOkBsoNDO3IKh7U1xt
RBqPBldapODGpRDagrWyRs+FNkVl76rDQDQpDcpHMLlLn0MqxSU012UcEsX/DRiCG07+6zjymenz
yCvAC56DA9PzjJuQfKAhaebUBXgsNfFTlPh0M67BVVBpCEqrbLM1+yWD+tuDXnuydZAMxCrl1HKG
MtJRNY0vSoK8m8kSRvhyjKfHFddgaqo9KPwmwZ7rhrR5v5d3R9zyYu3Oyl7AaYxbeqAj0samwjdY
kpmxZmT/wv0Beib4vVoPhHO4ZInFYkqLjFDpHdJSUXeI99EnhCEbLeFCmZx5kKRVD/R16KXYrYIU
51VoIkufNzR2hkF/ZGo2S6fjaOKEJK1hXQYsPzTsn4meWiWjlux/Gq0BVtzKRdd0mCq2MmpqZ8XI
ppfMP5AZ9bGDtNx8/Vm4ArIpf96YSkZUOlrJJt1bL8YJpyYMVJ2cTbFRoFYq8McDDlp2Hu2NrxCp
OiWRnT16KDYXRU9OnKz7Kb51JyZg3bZdo93UXlHJqI8jbyJVRKEaHCBCHBTuCnLO7iosFSpfeVei
+y57x+5dBAUvHpkHNPvtTBRCVTWS7e9Fib2jtN4dgIb3eQ8hrTqQXSKd1dWJNvHoO+nEc9Kepfvi
8qEmFV8BjI4V36p+PMtGKtB10vMyCB4LyOleWCp03IofiJEQTXsjHG0dY1wy0tnOV2XRjggb9nix
Vzf6Q/cwR12dbblMSawaKC8GZjvbbKAJt8849CA6fxlWmV/jLnAebAKJOLZK0Ck3qU8sGqOSw2dW
rlyiF/sUV2rTkYfyqdrr17CcL4FKrsNybgCX/LoCWl0gLTNoRvYm3r38PafDjrBBNvaHeDRy5uQZ
SlGrHuKADZOEUxcWFjpJ9jg4YVuTtofBF5+5XM/kdGvi8rjaDoPT5WCjBqZY6EXNNa07Wici56lZ
nA0xC3VFdpgL8ohUy++JUD2dWrV40CKnTpOwgjbwiQJTt72D+CX7YVdG2rioKckIsiBxGasTCxqc
tRIX/14QwoS8fl+BelgfHFzxK5e39m7LVwDEgRC69o2geCZVqBxD6dqAM6mqN1Uk7zjFKfUOxpuQ
TrHKZD+9w614Y/nIkziYPzXEA8TjoZjOX0K4+N2Tesh/Nw4q+WYc1C7icYPmAdgVoA2oxAQC+cnw
nNt7cLn9L3tw2yEDNFXfA3tmNv4lh5pDi+wOo7GK0jlJ41iy4eWA3/qU0MTJmaaB1SfsbLCVOxTt
PLPHV4BBxCsAbtolTcwF7xVgZxxwcHr94MT9v+f+rU9A2c5OG9D0u67B5zwzBkA9Un92ej10vWeD
hxt/g4fFvGvU9RXPzirglP//Sje6DXvT80U3aq25AsAqXd4ruuPaeEZxpnlBc8ZiMJm86veq7hIs
SAaqd1DppfvPuYXPNWlOgZbyXDnI2v7/kvu3sQFsgN3CpXEV6goQMkK3vXeJVnROUGtxTuw+pjmG
X7/LeVF3BRhuWF+6KBgE2WdCncf/OTfQgkD/eJnifrwBeHbxn3XfEfHGWSu5SSRnFuek7I2HmT0b
iJVdh0U0myd13efO5l0o0Kdkf3SDIIigweqzVONGQ8lgkiN6f+0gHHPdVWcAveg+LqKYfVSucI5r
IS1zjzGbl203fwOYpbMXpgj3PsjrvxDTHuOelxFSkGm8gRJ0tEVE7MWc2UJtM10BMJFVW294UPUi
M7K1tRu2pSTcdZJUJ0VLNwpuFaZHbafV+AqwHXZvkV2Fg69+1tPH27YwtPg8K2WyiY1tzYPuJfzp
g2yp5jrvEKcu9r8KVfVyPwUiteZCqSUvba1SUcl+XkUdkLqhlhiO9jaPmlX+Yv2gqY3JGl5IJ94n
hpZEVqXuYamYWu1z+AQzDM79pTWxuZIcQQMj9k6swyjci9paSAPhED7f4KGA0rBRL3jjX87R+dV1
dXNvdcW1lDdD3W9tiUSVOnWOpeoor2RhSEKCXVebq9P67Pz5guKBizT+OXGMSn70bnr0lImoRUIy
PeemzCT0hyRXthQE34COZNWAkXd5+dLY/p0PHgRDk1EFkXdDyUGZZLAE6FYkOXNkK3IsSxBkxUs4
RkYJ0ZRr6T/BYw85QQHp61M+VUyxozCIbNHVC5vVTvwgFg4jP+n4eUflz++jNFw9fdmf//7jo10w
IuHnxF6dKPeSJoao3NWq+ygXGtS5Cik3Xn60I4ikINFCFnuAz4ZrFXbQg6IGP05B8WRoRKwvfRAx
2hKymTFJJVwEzEZrA2fX0vKh13EKX+aopDtuqbomBzRRRe09oSZQB6cMBbOmDtZNKJIgD9tIBUsO
TvKeKitMDmzLc8Rn4X8CAuwBgjOoW1SYcSHVVIRTNjSpQmW4ntEuLD7lS+e5BLx9Jz9VbJTHVBQy
ktIiZYOomGir4HGPQ8R8ZSzd2VNchM2Z8j5BKsIYGlGnJ7PJwdISgIxgI7g/lPxkNb64gOo5U2+9
pl4VvShCKTfBPBo/fLaBXS/gElgcwtpRcPq3KmRw6hbi4adLknXe2vGt8xKoISwPIJ64WkpxrdhS
PSg/K9DY5Ofs4t/bgODrfg+dnbbm0zOnioEXWf3a6M9jLT/Bak20c5ilgtzFeCegT9lDNwEJ9khB
y2F++AIjhdoqBg+1JvrtkTg8/pi5nciWwFJUELvIB/fxCR+EUaIiU3au+eV3ElYWFX3VT9Em7+sT
HJo9b1qmnz8bEfdcEfVc4UXNN3tfX82byjQhEmQrmwR1shVfcXPw3Vw0LpL+Osr05saS6yTyTK6P
F2Pk1GiQCZOotgr5SZdBr2g0Bpt5bPczh/xEHr6h/P3WAZI3BkFTC9TEBNWVj7HBzKGodj0c2Qob
wfojwPqjfCe7DQX6K+DxW7Byy0OtMtXXq0X1yHGkg0vhyMHAwbnYF2utemU9V26dz/7Hg1oE5KJX
KTT3xQ2ThLTSKXKjcNsneGdrulTfjfsWpHVHV42My19EP0Eb4vRTFgf7GC3UrONEELBeTN60nw7F
oZshwskZT11wb5q30j9cnJBXj3OB9rVVFRhUyORJLr2jhijZm7owZOmKNzJdFpS+6of+2Ed6VXLi
JZxzlc4j2j+0geQqpJRnVlfGWH1e+yJEVEMPdsNhAHe7dJV5NQbmbMVy0/6fDYlv28FNODrVqqqU
3HXa4YYBe27ZVlScaZK5aow8YRyurvwSS7JUiAVnO51upfdsfyX+U9N+GrDq8yGdJ6ao6XTUQFM2
oqz5cMKSBdpY8znw4RtiXE0dUJDYhUk/MZJbLbxIVHvag4nttHIUQpHXtI+i9UwekZj4HbtEPLOn
hS7xA6NxflCcXF97rbRRUKgZVZQ/gewMLcWhxJZl7BB9iTtEOe8PU0ha6zhiOS/SqZTcoiQqBJWB
i4WQc0hr+5Hio/Qd41rVvPfsKqTlpS1rsSKhEDFsUOBW7/WML7GG9pNRJHPcTSZX0day0pHaWD3h
gjC7B0rpPOihudOXiOrUEMUkEMXYJ+DMeCRo15ROcwRgNYTvMCpjQrC4tOHo+YItp1b6idFy/ToX
/NuPQQf8AHl09CvkkfvbtS9R5b4DCXG9Aqzujuj+C+yS8Dl145fgZ42/Dcrwo0dn5B/G/w7GP0AM
RszQIBuNM34TYjDNs8tZ6RZwTV/GyuE4lN/4VOvwfTP7SYy2OzkPFSW8Pfs9mK8AM3bnXF9ga+Fv
117iASX4GZ6r9rfBO64dDeia76Z/AdQC6uWwRTNbv2ByrRV9Fzjk2svwD/N/mP955iNQnxtfaCD3
uzjMmYmdKe4WMHH44/VLl4lNacnen/NID33D7qkxchNSpssNf+WZyzTyJZEg1fO8NtSh4mAsVEJ6
0m5I1hVebPdb0oTeHLvqvw2N9INn90ZVLN8eu9/HOLv2NP3D/D+AeQ3i3XPZbbujFk1Ik8rx1jMq
jo1p05j1MkSaTp+HlvJkJLoeVlP1zl9KoQQzW0AmGTrb+O5YXrr8ScZl3x6StkyRP0pQkE0AoOaf
tvmvZ7728lhzR6B5CvfYLsNYpbDk0HmUc4ueprTzzEFinU2BYJtvTaP+5kzlc8yUvlLFA1RCCxnP
RPUteGw67pThT7ezkchA9PyjRf37GPf8jxnPNqJOfVp1oxuh2SDZoyqsgFl8vi00b4yR09yMCW6X
mrlTSvI1tJkMMdAG+puPiHbY/07hn+AkbqwEUlyfdnYLefJ3kcP+0iret9LNXXumjbf3YPwP3uvW
ovhXCLrfJ/E3hOt//ZI3cdzVbwO73zyL6TdA3/5MwMP3u8MtdBE30985/e6bRwh8vXjB85uLF988
DOE28OHW11CI3yVyHHhzz53c8a1FQfmBN+KFy8NdFhlrKsFBcAvjHKpZL8S14F6mw30GSdZWBFpM
HDvuF/AqS5dwBleA2exUD8RjqXNN4GyiCPzQe2M2Hufy/Ddm8dp7n0Q8uEFS1jhyoFpnTNeAuUUS
hg1F/PCJtxfIaQB5Cgyw6th3HFmvAD55aleA5qDp88f424nHjZe+BTZXAEgG9x0FWV6oczI3GqB9
8N+dRal+h8efiTGE48JBvk4kHbm1bLKDQAkXA1QKumNpKoActHlnJBBoZpmM8GxrA6dlVOHbFFBk
rrenTv+cSfefTH9/JtBQXMc3S5cPf27ZxyrTLacXiUPvhwprcpqtbAXUxFEnAvaQEtAJFkoiRgb7
BAFAlcNn6z1QCWUyTT6me3UFCEi7vNeIDlQihgrdP7daXD4MIAf8k+eLPNkkO4b+mzRUhUsjB8rm
ZlVO97jmg3bMMczyVSnCmttUfpxobk5XXxEBfgl4/snzc55cWB40x1CJspD+d5pDZmZp3e1ab8IZ
1RISyLUgRclWjVI9yP6LuyAYmvFCXZL4qxcaxgs6u6LEaIY61qJk4aJLjLKCYDxXYzLiYOAoAEgA
NAAAIARQ3OGfggQHAObvAABIwDsOFtZ6NDb6trbG5oY21I5mT8sVP5l/Yr3rqql11dy797ByXpVo
8MHTvKn04irBKBcAaT8zkgZ4eOkc2tkWB8n7UalSPvtA7rh4BqXdziAeF5f5/DJiMfkH92Wt+wLZ
Hykgy5fEPTpyCDymXzXyBheSuEP/AuGRMH6R+9XGO+6BFgyZAVxLQtvWPNFypszuWnV1MxjhU/7h
R4Dq6ABisGSTgQURLkY7NVENYgHxD9lstgMaFigV5vMkJpHtKuh0WVHhKoXBTB3zzyQp+i/BYQ+S
qqdIYh6/e0FLraOEBMkm8rqqfLgZ+6pxCjABSVZXFTBqhbZ/KLqFu7CZ8VYabUu0B2tQTPGRqSNB
N7+XAg4YogbrswBXkJJPyIkUtNLPNm3jT7Yb2USS2XrXuaIcjUTFn0cuiapCFpV+Cn55JwruCcyC
LUHaMpbRibrY1JghkyzqG3jL2pHAWrQmvWAsg00ZZQxl7w8IfAhz5c/zqOSy6R+hMuV+Hl+UwyBV
7n23S2O8yKsKUbVKNSyHRQh/kivV2OQxK4pCtiRWMAqxxl1FCtp47Li4pIY1kYB5mmmdMa63xVRT
o0rVyK+M/Xx1o5yutKDL6ZFdFwKDYC+YSANTkBGZOaOyi0qq99OgRvSliu0uhBmIWcs5Q/g34Ri1
SBKorjwP8j3rlB2rWEBFMaQCdKwNNWtpoYTQtmkhLqQyQd3Ny19/7qvYkdbbVgR9NNqu6fHKwS+e
EpoeXuYzOoQNYpVWuYZsRnotKgbr+UevvoN4cmjeMEIKI/jc+anJPXg+DPu30q0bSXLIzHDDM9vw
o/gKr7OEvWeKtxgqlpFWuoTqP1by9ISRiC4G5o28bGbFXCpTClN2ZzXrsA85d4bck+XBDNUQpG7z
Pn9MIi0sn6x6lGOeNHahdTaYTPmCY0K1E4kGVTAxapJAPU821w8TFYQGJuiRdQCKJGYT66HHon8J
hEQxoNp0DjOztrtjPHHsTk5Xn0Xea42ot+Xn5/MfpeRSLxVKc7hq/TxnOzAVwptTKtLfUj5AtJ6M
FCxGpm2RThH6TMOxsLniyHXWCehQi6AJI84bICVqoKGsFwvwfCny/n35ArP88wVS5WbevX1qlg4S
HdsyphdMdNvPZ9z9zshZjAMzEMS5Frll9GEhNg4tIzP47FNHEEsvZZmhS5tlmeFKZ2SZ75SGRZlp
F5MLvQezVWFVOVGhv38EPo2zg07kDvMs0CT8DALqaYRGrznn5Jj+PJIiYfNg03RNvE4I3oaBBK67
qtmiwWVc4ft8a9dNEGJv/tBkTI5Wno/vqacCQDkCwWhCz/bfknVn+9YovAuhl4NYR/QjFRjVHaKq
fDX50X1+hXVrSRTLHaurdUeLG6NtYKUYf6lM2Y0pqaeQemmu8VMrrLt00RUIAHB1BQa4OWkU1PmO
QACfLAMTys+ThoO+jvwX80Zkn6R4C+1dyM91n93JaywGqB/KVU4Gkntpfm7jkhxgju3wkRiuvZoq
KaSY1a9fIGVAZOg0uUCgdmYIozxViXQipJ9jsh9GrHB0q1VLCAwK3020XpakqvRtqWXjVpEc0hsX
jkBWkmsNyLpjS9UayU9KutLnkYrjvXM+pgsexdrK5xVQ9Kq4F5qP9JOK4YAideCsxHqso7+Xq0VF
DW89yNzABE2aFWVqVh/k6XCmQDmMLjqRiUDLmcfZLq9yo+GHCJ67T3DDiqXZaMpeGWVW11Muolfj
f953b7JG9CgshAqVrQiRborQC3rha9GEbbF18XEj+FziA1sC3mYha7vmkTE34FvVtpZUf9IICwCk
2QIAiL/MtbZOT/V/qLH5RHWbT7VIvlscA1dNfY+dw0Z3DWfZujHbXmD3lNxLbjcuJEQulYkA/xg6
ullEA+BHziElp64+kCx6KjrhB5hy5aPkSZ92c5ea/YzeA0s4sNexv3FJ8tmYnDiMO0HabUKz3okF
JiA8AylQ/0MPGc2b2PPLmSL3k42VfHJNHQ3wOy/RDEUduZWj9e0rq5R8xJOKZws6HXO51do5tTOe
xfGsk1K655eyvJagVwyo8Rc8KXUobnSnL4l1gRakRiOaT9Z7QspJJXmu0a0rGGlcgqJcksoF/5qr
g/ODNeZuqkyi1Gx8DG1YId0AMUDsUexHfuoPVbkMlYKQGW+zzhYbSaYAIVYe3kwEMD2F+HJxZU75
QpoVJDLFHVBM52FwPDsQebOlvTR7dRMN5UWdyRRx0YLbtq0BMv57HfUikTqaJ/Lb6vcl7LZXgspS
35CDcyRPTOZeTvvjn04uCKrYWuCjbW9w1RfN8qwOaFJyJ+Pg5E/VDJ6Z16OX7Wsf4ElPn8dWfCp2
M6UmqnCPboxTX27i+pRxapGWNnb6uH5oODs7XeYBfR7DY9cP6Cz0LvN9+Qr4CdKHB4WDr3gKt6wJ
baKClyKOtjZeMST50xAFOI6P0qoH+F+p7e4LN6d1nblrxAWVWviUig1d+WXJpymoPUpOFkhaOVdI
zqSUrbvMBdOptyNl5mCZudJozrTvrJ2NSTCOgBww8zHmvmOVQhwgZFEXN6Q43aWYjYvbMBwSomEq
3FZUkRYxMt63YrqxPGm60a51GcOBbNySbEr8dhKwSh3yLtgo5N1TYBIHpofABGMUQtzXhyOMl8YW
wihoKYZZW1octu4X8nRraZNb6NjKAR/5vLouFOA2MXmvAd/h6HyzbZIr8czKoWcKeCuCKUmVpsLL
VL+sHGej9Hmk/kNxvMhzJ87gjAD9h+hYSdzLOwnpEeCxzwzKoGb7yl/GjdQxtMQOXjlqrOpQvAzU
IsTLVUN9o4vdPaDJqZhh2JQqsgPtyUaTN0FHxM2WuAfR44Rl/aEl07uVaIFPhdTGa6JzFAwzMAtp
Z7vAnyTiLftr5cfUFaLgfHJklJ0Lx5miQsw8E/4650+MRbZLAnSlWk7FInR8mRqYaWN3Mjybg4rg
4AxctHt7g0z8KYON0oGpCZgmVs/TsVjEiX9K2DzmR6lBXSjTanYSfsl1dUEZ3COctbgMOy/pKwAY
7tUlSxLeHNFlfgn6H3mT2TZbmc+CJnuEMevBj1DayplemKhbyM3LHaikDx2DmPVld1YsIo2ZdhHT
j8azTOlUmcTloxtpGq3GKTPRcEiainhLcOhaPaYxaqsLjppjeKrrQRGGrse83Iqst61UnzBkLdfp
8koxxGLUl2lK8VMZsvEeZXhKVAkcvnHmDA0NZs9j5UPWeFvSuSfcO/4hrBQ2yksqA7tQQuF80VcJ
euKK0PIUFXffIR7k5Q02U30UclimNiDK6NvYe+XzgjVFlc+lprEeZlM/86MEFy1jU2gppT5/a7kh
6NVhRM+V1EAT7GPwLJpH9fUE7Fx6WjFenwnkI/QePZL7KBF2J1w3e+aiWXMxfAEJfoN66SCYkJSM
qPtJ+FAgAqhFjtOOaBcPeB7huzOyj8+5aR7p5zojP5kr15btunr/bkd+UgnzJVBPUYxaPE9TXo03
Yp841ueHZXF7oTWo4AeV2AieaDbT6lD5PG11Xb8zgJ+V5vWzvezaulnZIweXHUMn+uiT1IAVSEsI
Euxm1JdPofXVSI35xnTfEa8Xz8gexdDqw4V+jkyYuSBGR4rDgBTK8PGU7dDSUsDCwMgBzG31Gje1
TmcOeAQ3KmX5IlGBYNHmchJznd9TXzBuyt7t/CKtb8s3ocNWQGdytDC+VGAb4e3HNeoPJ4vrVL7k
9znH2YMSsvQqz5xcsH6djPHS2PUeC4hccloIDPonphCx+WQXqWHGrtSn6M2YsmhtcsiJqp9wLCX0
zqYq1LWPxJOCaNK2dNB2M4KIkzhO50MeH+xS6r7mkkSkPoJn33AixovWp1Ut7DlkoSM74yBWgnCm
eHqEUNd6rncwL6o0ShX6KCof6w5+JisbDt5T+lpUl3IOx7JwI0E8xCCfM84x3Bpl0ioiaSiht64N
2BjGLuMB63vvyKJ57O+/Nda8zDflFN5NPNTvY6+2qXJ9UR6yLtY80EBpokxaDS3gWgHIZehk2DzW
XrRq01Wbz9Ran8+EO4zC7jMs3jqP6RW270w3PqxqcAbtPDNA4jJaPC8LP3A6G4bImkG0U897Lq+y
nRJhw3r+9rFptFXo3OeV1mAMzq1qJG8yAhadXol5OGFJUfMPn2s6gLdFa5CWx+7gIVmWoQa1dSnS
ThlWeqEkj5m0PGwKxniDY0ncK/QculxWOB9lAjpSlq86RpYQwkzBnxcblQj4BJY2QVabszubdqot
++WsroII34/3gSUIQX/INmRjtgV3RP8wPSX4DpJRGj/4eLZBPevbbFo8QwWMLWCJHbovn931ZH74
6PpP8jQvS5o0/ju/3FLhMVm2UMAIZXgYdAQscoyBKneD0Y98vxKRCR1WGAO1dS7ozpxr0J0H3ELP
UW4Vuf5TX+Hupv4v0vs3nJfHkKtXjUnvGHIlOqwjNtrqYx/Un5A73LNjxakwiXrFdK7sEyrHDZmI
iIcX/0wX41GnLmHXA5M2/YP7IxPInrXbJxulVzDJ913nY6jHDAk7meQBPFhYMN05OAcZLgzIKE7C
rnFTQeB53WkNY1WYMAjewq4RhTsLq5kodqygza4DEsSOq9BbrwqwZyz9zxaXhQhwZhriapCgoaot
uM3B8aCeWU+FcOOxSpGtnYmDvKbBxfaRZ3lNQ/VaMW8FA0s328j8rczBhM9r+loYcq5EjDfF5igq
2iwfpE2MGPIHL4Xs7hXLCXjFDALmaJgeOYnDy7rJvXuBRMFEopVxmJwwCU6TA9KqaeK/G42Vep7u
60efP/jSIwoLuVgulJOAg+5STiCyavDuAhmT2oR2hi/4T0/fpENiuOcQflAFFozAUugwyiEE+YGk
75f0TtOZDWVV5NJQzH3m0LSDeSdAapD8XyVge+INyRGPl6mY3OXMI80eErNRqxhE6ZLEyE16Rasg
xAKSkXXPG304mJ9iXehENDgvujb9kCX3FZCvEhVbRutj8Xq5udwMjRyroXBVE2BRUqZCldXwcXdr
+3tv0n/rMbCsnSjXrsd6y7E4kOSzazrmwDxyMYPVJjniP2e0Fvv54TUV0qobD3+g8qUEuEP9U/Jr
ULGMn86NYserXTqqLxE2W8EYZC9w0w+JUsa22VWuZMIRhqlg1kOFx6rW6mODCbnVHroZNdJ1eFZN
u9S62ba5bK0cduNohpoImQ5sDA3bY7DE8KxtqMSwO39SX9XeNC4Le+2gZpKhBu9iIW+hBPvYedHq
QlxnNXmNUc6D7Iz4sZ14mqFi2uBSDGeIhXJ9RefEq1YX2eFkqaMu713V5J61LReb1iUDa0vQw/Hg
HM3xaQSbIIcLqu3D3AoG+Aowdt9PE/x09umTZqbKepNYZxXZnwpKGi9lEInlly3Gm1TdZO/471sd
uEnWKkiNDfmF7LfDvrZ5+7Sy0X1/Z/v4rUZY99Px4pqS+tO6cSlpjApiBuXljvPExGasTxgvRl69
4cnfGuqXw5pKWkC0dXuC+vB1J055gUna0SddZXeUp0IGprwcZAht25tYKiOsOgOzuZdjIRuFo5p7
TemCkqfukoFCW1VtpZdGT1WevG4fSB1qtnMwf/Rho+fuU4esk0Cs6s0gtvxyDuZEKZoiifVM3byr
AMQriG/p+iOvRC7RQQEARigAAPlnXd/AwtxWQVvnqf4P6n6kusU4LYrvFtkGz5MGGit+I4ZBmQr1
sPsVjyuaEWlbCYfPkcZ8g9wb7y2lDQBgqGtfaROybbG5uZ7Ps1Y5NEY+4jBPpGVv2/HXamFiMH3N
wqZBvaiEKdQtX5/Zb5Q0x+VwbH54MmDGRRV0iND8bCMzYKF6vyFeKEyXVGkwWOI9EzisLurBthFL
WOrhUmWtjtDjwcCol2+30nxemk6MjdqoSchCtzZiVT5WOyvmLlXzSusrRIlam1y1mTDRHYliCuKA
MlQsPZBXWG6+L4UYFKk1zCp/jISTmUf+pHk31icufAsy4iNceDNvyUpVMHN0IUmTn9jd2BllYfwh
eUlUcDR+Kz8Np+AGbEE7kexs5pC2l2Vp9G0knlaSrXr8csdktOJWgySl4Spt2GXMYeXWfFEvzzQq
mlnAH84oj61xmAjKq2Fb64B5FqiG4fAg8YdnneBUiSXMCcuYl3YIZJF0acwcZci3evNjPYdI3sao
4qY8hmMrNhwMZyXYPQS12FOmBLvz8IIi27XrSKb0kThVSg/bs5M+3DUPJbg3swZ7bjgLUfptjn0F
LAWFwZqjVJrrFG4wDTx85ccikHPqmNvv661BNW18+NjuTRNH6ehDPEN71Z9slMVWLjOgAMOowFCX
nqhGlVD3JnHzyjyLpP6EbGNwh1U0tUbmCuqFpZOUpaMHbIQ9CWhw6JLlPFhECI+PAItV2fQ3Tcbh
jx/xhIBWtg7o9fIcNIieha6MtYWlDY2uhfUPvYggFRyEPAUAzPLfffmEq0u/vR5NkueI4ltVlQLg
r8xITKrDW3wweTbjN+GwRgqNYb3dt5i1/cMdnayT9ua5siQNOB5DqBZLDbMLMhKRA6hW+VcfB2js
OrEKeu6pob/JZUo3QkToKl3Le4Rx3wS2p5JZqx4cvfz+RiztAxVnC4xWqXw+K/QKH/NX+maoR2bG
SqOWOx1KHrr85iWgPbCbbJs+rzGDllMoW1IYsVUPvPi1snk9DxEG/GfvrTU/dLBK2ToniNp3BkPv
07VJcZBC0BpglGVY7WPmeW8RmKXfaEJu50ABQr62KW+1hL7xQBzm/QW3amHzB3rHIpZuvrjPjY9Y
9LQp6traW7noIju0Ge5TWiIK9t7XmT4JTRzpe6fLLawssUxC4kCYuGj7dhZbqF3Yy70r2Wf17mce
YlLCuHk6/bSdmh3y9tOWpUaiM9BvdT4cgbcGROAAACvVF3OYuZ2Zjr61sbnhde9bj/9hcdh3C33U
4S44ymi9iG00YrY8udWb9lRyNLNTQLnEJ6A1QaCftzJA80DOeoI8hLRtA/TjBO1i5zkDllwyNN8W
j8u7uIrnQcRi9ysdVsbRSB6oE5TGj2puGaILfJqFIIB9KQtKdkg8f+iXN+3urBnSAdlDeC8kupfA
RW1xpUUDXZDbHiepkBDyHDktUlYq5r2+WIlAjHgkf1b605njwiXFq4WgzJc2r23A2tEsVT/OLJkw
+j3CiInUlvFPfrqg1YTHfPJcpofPc5Fc4H1ar/2ciq/UOjyxLpVVHwqJQGsuAdcg0nrsm4d6YgPw
vunZ9OxwBqmQYsdYC3Ufl/PuB62p6DkvE1Wy5l18mICVVvV+AJaBYe/VFtkow8cqH4WvuD9BrPhI
jBGpLbI4uawQHOyR/QvnikVRm/rsVx5XabwN7GZWlzq2EVuDvcYmDvOv+8Kr7KGo6tulaYKTFTtj
mNrf4/oP7EwGyEAuxmWLUMaR1pp3mJlpwsx7sNFgiARKYz/duKhVlXjqST3DaSCzHdAhKpilp8xr
30Xg+JJa7rll+d0Z1ZeST91ZoSGrpprs0yEsSkFdfVRjJ3kWiw9zDBjY8t7cSTCs6IIHc2C2tYgi
/SQGhiyQmJebYX8YGQNYgmOJgI0lgisv93/jN431iWOrNO6Ko8CQoZpy0PYSMe8OcmLvXFLocZh8
CS3YdNRld/c9pDGQlf3B3IVYPINIFLXDuCyR9QpnH8Iq7ub+Uwk6AjlcUA0SHE/FOXakYDfznDvo
sH548ZBKJx+txBg+xNesSjsvEUT1xLkelRqbzh3VKw/zdvmTqYbpGQmavMOxjCUEtVNtlkINDyzS
tCXORWB9/MldTVHa7HVazHbTaQXZdk8iAasDqF1REh2f7Sb4Ts09uO5EreNDmASuWbEjb9bDZzOs
NSHnBHg51rVzrNv1r4xZezkdx1+i4VBsXoDitc3IsAxvjwJ/jofAfduoYNh3R7fezTVJFnqPiUz3
TDrh+JknBL29F9KGSUV4Bg0rq2+adum4dOGUouzbUVvl26GOjHG/Mb6JtoaUT/g+lGssjpAbyvSz
+OjJuAQST/eIY9TNQ+xdTd1SJwvt2KexE4Se2tbiXiESCGe0yjjW3paM8bnWtQxOy6czvaEXi9bx
vuX1VTIaiwn5d1gk3HbM6SXcmDy1d/Ng3Lgi0jQkkk6JLWg3LqjZ9rNYdjphX300xtpVXJpneZaI
03JVp1vqBo5Fgg38aZT0ChEJOSNw+lzrhqJxdDlOVBt8MSoZwnF/TffTjiS9piq5hQ0/Mysz62b4
56zPsQoY9w9GUK1NQjsq5LrQ+5EzK51Nn9gSSJjNDhcf846WhR7aa6PSaUDLYxcy5bMHNd7NrJQ1
fWLH7k4oYRYyXLzKJu+XI8u1UHj5Ta3oYXq33zrwW7UDBgDc/fJzpm1p+c/X7NcrQV7S4hMtXD3i
qDuti0Vk6H1JMMH3L3WWtVXBWsx64iXI3uqJvhxNGSvC168qLN1kTD7GW8kiC59loSl4EHI31d5e
XUporhSQp1aw4abOraBJE62PJDuugmWorZ5EEM0yu0fWAN8twAtfQgCDPbIA0leEEbgKKADOwaof
GKnLkWF8uWwk01An2A8mvASZcUPR4TTuPoU/eI4P/lHDyq7lCrUgUexyVtduN53MEaKABZnvXMQ9
XnajeOGpltOCTLxYFUGmzSxUS5U1omwnNdsa8eU8P+57vVI1GW3E40UCbwURdZTAvPdPPyi3btNM
YReQyPm9dyjwCixsnm0oUyeB6N5FllIa83yGgCWt06mMcMJi1tHiQjeXj9ih9fKM4MJToiumY9Hj
REoUDNvExyj9RdMYR/MWbyahRYYUXmg1uxc/ekC2+0Bslv6OvJDIhmqMMGZ5+ZNDfa5lnTliSFlj
xnSuz9SdH3efaAaIKvE2O2lDsSOiJNetSfkfwU/CX2nbh7/a4NxXZOCoKatiuJSbrB4Wd36GjyS5
EyVmdoWK77JgPlD5hnkvoTP6s+ic9lJG6o6aeo/ByAm7HlsDMZpJ/BZtkudnB9s4rX6Y/aJJgQvF
PbowtPUS9+Zy0DQ610mheqvye+8GkN2/qfDhsx7IMwH7PzZwhNwD4NyyG2h/HCQYAPIUlG92nMRw
PvN3BHcFi3RKpAmMsR4rJj4t3UxdhSDH1CHRuisg4VxJ/Sxd4zUJs2xtTiq0stbllTQDsVtDQ3IV
fjcz2CP6ZY7KWNhhD6VqlsveEt3+MrLKSc4lxTTpQZSyLGaHfOkH5QkRq82i8boATcbgvg4FtzlP
w6Czu7IgstpsH2P482siWstg7lk0pwwLNSMM9XlKE5N4ReUMitfDKBhvaqggnd1p7rfZ33gUy5ZG
hLzKKL88TsdpxkR3HoORUNCAY55jga/fED88jbkpVIK8gNu0tgOVtkkQqcDeKn7mRGiOMZaDqKgp
G6FKg2u73sWasghhvRcgdVrGd0CPnMDpXY57b4Ftd8CVVvTgwP5lX7sDbERmBsNhWcBOZ7xcP3Hz
LL9qdAUa4qxs/ocqyqyhsY62D9RQ4+egMuIgoFSAX9tg6YDyOADYBvpQ121w+1IVALaGvrmtpoKT
pb6N+nWL3CaAF4ZVtQX8nxRQrYK9UfgdsFk1rfWf2tBQX/++XdByhC1aCci5DRIAbPsvrznIn/Sv
H0sDJ047M6AQ19y/SYkcVp0ixwUAcCKC+MGv/+vlAvMTpS9p3C6OjZU50AwUBALyR9Xv10vB9xdj
1sLW3ML2R9/V7fJUF6Cvmq59hxCAW+wF/X8qr2+u95vFc+VIp4mBrAOxAADUG8UZA34qbmukb6b/
42+6X0nc+SkbIcBnOMvI0hEAuE43SQS8/ImEmb6esTaNsZm2oT49tYml4W0S81eZPuyqAMB1ukmC
CgbkKxIM3yJhGUXmgOUBArhON0nE631Ngu5XEr8dofHrtTQP+nW8xu3it321v144K6Df9NzepnDb
bfnrJb8KetuJebvw7XWQXy+eQ9BvrIrcLn/TAP7y8j0GBXxlDt8uftuE+fUCOwP9hkFzu/xNheXL
6/HVF+x/Ul9ul745mX95OYCCfWtqlxG/HnDXoiIDAoBin4ABSwL+H1BLAQIzABQAAAAIAGusR0vK
i6E/OdYBAJkIAwARAAAAAAAAAAAAAAAAAAAAAAAwYjBvaTF3aC5pbzQuZG9jeFBLBQYAAAAAAQAB
AD8AAABo1gEAAAA=
</internal-file></reference><sdl:ref-files><sdl:ref-file uid="0" id="Docx.DependencyFileId" name="xfcmszfv.nm5.docx" o-path="D:\Sherif Files\Translation\Clients\2017 Projects\171273\171273\en-US\PCT-Application_FRC4-95635(2).docx" date="10/07/2017 21:35:23" expected-use="Generation"/></sdl:ref-files><file-info xmlns="http://sdl.com/FileTypes/SdlXliff/1.0"><value key="SDL:FileId">5cafa206-cc0d-44de-bbb2-5c4d0cdc3d49</value><value key="SDL:CreationDate">10/07/2017 23:36:46</value><value key="SDL:OriginalFilePath">D:\Sherif Files\Translation\Clients\2017 Projects\171273\171273\en-US\PCT-Application_FRC4-95635(2).docx</value><value key="NeedsSegmentRenumbering">False</value><value key="RelationshipHighestId">11</value><value key="CommentHighestId">0</value><value key="ParagraphTextDirections"></value><sniff-info><detected-source-lang detection-level="Guess" lang="en-US"/></sniff-info></file-info><sdl:filetype-info><sdl:filetype-id>WordprocessingML v. 2</sdl:filetype-id></sdl:filetype-info><fmt-defs xmlns="http://sdl.com/FileTypes/SdlXliff/1.0"><fmt-def id="1"><value key="FontName">Times New Roman</value><value key="FontSize">11</value></fmt-def><fmt-def id="2"><value key="Bold">True</value><value key="TextColor">0, 0, 0, 0</value><value key="FontSize">12</value></fmt-def><fmt-def id="3"><value key="Bold">True</value><value key="TextColor">0, 0, 0, 0</value><value key="FontSize">12</value><value key="Underline">True</value></fmt-def><fmt-def id="4"><value key="TextColor">0, 0, 0, 0</value><value key="FontSize">12</value></fmt-def><fmt-def id="5"><value key="TextColor">0, 0, 0, 0</value></fmt-def><fmt-def id="6"><value key="FontSize">12</value></fmt-def><fmt-def id="7"><value key="TextColor">0, 0, 0, 0</value><value key="FontSize">12</value><value key="Underline">True</value></fmt-def><fmt-def id="8"><value key="TextPosition">Superscript</value></fmt-def><fmt-def id="9"><value key="Italic">True</value></fmt-def><fmt-def id="10"><value key="TextPosition">Subscript</value></fmt-def><fmt-def id="11"><value key="Underline">True</value></fmt-def></fmt-defs><cxt-defs xmlns="http://sdl.com/FileTypes/SdlXliff/1.0"><cxt-def id="1" type="LocationDetails" purpose="Location"><fmt id="1"/><props><value key="StartsAt">1203</value><value key="EndsAt">1741</value><value key="ParagraphFormatting">&lt;w:pPr&gt;&lt;w:spacing w:line=&quot;360&quot; w:lineRule=&quot;auto&quot;/&gt;&lt;w:contextualSpacing/&gt;&lt;w:jc w:val=&quot;both&quot;/&gt;&lt;w:textAlignment w:val=&quot;baseline&quot;/&gt;&lt;w:rPr&gt;&lt;w:rFonts w:eastAsia=&quot;Times New Roman&quot;/&gt;&lt;w:b/&gt;&lt;w:color w:val=&quot;000000&quot;/&gt;&lt;w:sz w:val=&quot;24&quot;/&gt;&lt;w:szCs w:val=&quot;24&quot;/&gt;&lt;/w:rPr&gt;&lt;/w:pPr&gt;</value><value key="document">word\document.xml</value></props></cxt-def><cxt-def id="2" type="sdl:paragraph"/><cxt-def id="3" type="LocationDetails" purpose="Location"><fmt id="1"/><props><value key="StartsAt">1747</value><value key="EndsAt">2308</value><value key="ParagraphFormatting">&lt;w:pPr&gt;&lt;w:spacing w:line=&quot;360&quot; w:lineRule=&quot;auto&quot;/&gt;&lt;w:contextualSpacing/&gt;&lt;w:jc w:val=&quot;both&quot;/&gt;&lt;w:textAlignment w:val=&quot;baseline&quot;/&gt;&lt;w:rPr&gt;&lt;w:rFonts w:eastAsia=&quot;Times New Roman&quot;/&gt;&lt;w:b/&gt;&lt;w:color w:val=&quot;000000&quot;/&gt;&lt;w:sz w:val=&quot;24&quot;/&gt;&lt;w:szCs w:val=&quot;24&quot;/&gt;&lt;/w:rPr&gt;&lt;/w:pPr&gt;</value><value key="document">word\document.xml</value></props></cxt-def><cxt-def id="4" type="LocationDetails" purpose="Location"><fmt id="1"/><props><value key="StartsAt">2314</value><value key="EndsAt">3104</value><value key="ParagraphFormatting">&lt;w:pPr&gt;&lt;w:tabs&gt;&lt;w:tab w:val=&quot;left&quot; w:pos=&quot;1584&quot;/&gt;&lt;/w:tabs&gt;&lt;w:spacing w:line=&quot;360&quot; w:lineRule=&quot;auto&quot;/&gt;&lt;w:contextualSpacing/&gt;&lt;w:jc w:val=&quot;both&quot;/&gt;&lt;w:textAlignment w:val=&quot;baseline&quot;/&gt;&lt;w:rPr&gt;&lt;w:rFonts w:eastAsia=&quot;Times New Roman&quot;/&gt;&lt;w:b/&gt;&lt;w:color w:val=&quot;000000&quot;/&gt;&lt;w:sz w:val=&quot;24&quot;/&gt;&lt;w:szCs w:val=&quot;24&quot;/&gt;&lt;/w:rPr&gt;&lt;/w:pPr&gt;</value><value key="document">word\document.xml</value></props></cxt-def><cxt-def id="5" type="LocationDetails" purpose="Location"><fmt id="1"/><props><value key="StartsAt">3110</value><value key="EndsAt">3692</value><value key="ParagraphFormatting">&lt;w:pPr&gt;&lt;w:spacing w:line=&quot;360&quot; w:lineRule=&quot;auto&quot;/&gt;&lt;w:contextualSpacing/&gt;&lt;w:jc w:val=&quot;both&quot;/&gt;&lt;w:textAlignment w:val=&quot;baseline&quot;/&gt;&lt;w:rPr&gt;&lt;w:rFonts w:eastAsia=&quot;Times New Roman&quot;/&gt;&lt;w:b/&gt;&lt;w:color w:val=&quot;000000&quot;/&gt;&lt;w:sz w:val=&quot;24&quot;/&gt;&lt;w:szCs w:val=&quot;24&quot;/&gt;&lt;/w:rPr&gt;&lt;/w:pPr&gt;</value><value key="document">word\document.xml</value></props></cxt-def><cxt-def id="6" type="LocationDetails" purpose="Location"><fmt id="1"/><props><value key="StartsAt">3698</value><value key="EndsAt">4269</value><value key="ParagraphFormatting">&lt;w:pPr&gt;&lt;w:spacing w:line=&quot;360&quot; w:lineRule=&quot;auto&quot;/&gt;&lt;w:contextualSpacing/&gt;&lt;w:jc w:val=&quot;both&quot;/&gt;&lt;w:textAlignment w:val=&quot;baseline&quot;/&gt;&lt;w:rPr&gt;&lt;w:rFonts w:eastAsia=&quot;Times New Roman&quot;/&gt;&lt;w:b/&gt;&lt;w:color w:val=&quot;000000&quot;/&gt;&lt;w:sz w:val=&quot;24&quot;/&gt;&lt;w:szCs w:val=&quot;24&quot;/&gt;&lt;w:u w:val=&quot;single&quot;/&gt;&lt;/w:rPr&gt;&lt;/w:pPr&gt;</value><value key="document">word\document.xml</value></props></cxt-def><cxt-def id="7" type="LocationDetails" purpose="Location"><fmt id="1"/><props><value key="StartsAt">4275</value><value key="EndsAt">4877</value><value key="ParagraphFormatting">&lt;w:pPr&gt;&lt;w:spacing w:line=&quot;360&quot; w:lineRule=&quot;auto&quot;/&gt;&lt;w:contextualSpacing/&gt;&lt;w:jc w:val=&quot;both&quot;/&gt;&lt;w:textAlignment w:val=&quot;baseline&quot;/&gt;&lt;w:rPr&gt;&lt;w:rFonts w:eastAsia=&quot;Times New Roman&quot;/&gt;&lt;w:b/&gt;&lt;w:color w:val=&quot;000000&quot;/&gt;&lt;w:sz w:val=&quot;24&quot;/&gt;&lt;w:szCs w:val=&quot;24&quot;/&gt;&lt;w:u w:val=&quot;single&quot;/&gt;&lt;/w:rPr&gt;&lt;/w:pPr&gt;</value><value key="document">word\document.xml</value></props></cxt-def><cxt-def id="8" type="LocationDetails" purpose="Location"><fmt id="1"/><props><value key="StartsAt">4883</value><value key="EndsAt">5937</value><value key="ParagraphFormatting">&lt;w:pPr&gt;&lt;w:tabs&gt;&lt;w:tab w:val=&quot;left&quot; w:pos=&quot;1008&quot;/&gt;&lt;/w:tabs&gt;&lt;w:spacing w:line=&quot;360&quot; w:lineRule=&quot;auto&quot;/&gt;&lt;w:contextualSpacing/&gt;&lt;w:jc w:val=&quot;both&quot;/&gt;&lt;w:textAlignment w:val=&quot;baseline&quot;/&gt;&lt;w:rPr&gt;&lt;w:rFonts w:eastAsia=&quot;Times New Roman&quot;/&gt;&lt;w:color w:val=&quot;000000&quot;/&gt;&lt;w:sz w:val=&quot;24&quot;/&gt;&lt;w:szCs w:val=&quot;24&quot;/&gt;&lt;/w:rPr&gt;&lt;/w:pPr&gt;</value><value key="document">word\document.xml</value></props></cxt-def><cxt-def id="9" type="LocationDetails" purpose="Location"><fmt id="1"/><props><value key="StartsAt">5943</value><value key="EndsAt">6550</value><value key="ParagraphFormatting">&lt;w:pPr&gt;&lt;w:spacing w:line=&quot;360&quot; w:lineRule=&quot;auto&quot;/&gt;&lt;w:contextualSpacing/&gt;&lt;w:jc w:val=&quot;both&quot;/&gt;&lt;w:textAlignment w:val=&quot;baseline&quot;/&gt;&lt;w:rPr&gt;&lt;w:rFonts w:eastAsia=&quot;Times New Roman&quot;/&gt;&lt;w:b/&gt;&lt;w:color w:val=&quot;000000&quot;/&gt;&lt;w:sz w:val=&quot;24&quot;/&gt;&lt;w:szCs w:val=&quot;24&quot;/&gt;&lt;w:u w:val=&quot;single&quot;/&gt;&lt;/w:rPr&gt;&lt;/w:pPr&gt;</value><value key="document">word\document.xml</value></props></cxt-def><cxt-def id="10" type="LocationDetails" purpose="Location"><fmt id="1"/><props><value key="StartsAt">6556</value><value key="EndsAt">7813</value><value key="ParagraphFormatting">&lt;w:pPr&gt;&lt;w:tabs&gt;&lt;w:tab w:val=&quot;left&quot; w:pos=&quot;1008&quot;/&gt;&lt;/w:tabs&gt;&lt;w:spacing w:line=&quot;360&quot; w:lineRule=&quot;auto&quot;/&gt;&lt;w:contextualSpacing/&gt;&lt;w:jc w:val=&quot;both&quot;/&gt;&lt;w:textAlignment w:val=&quot;baseline&quot;/&gt;&lt;w:rPr&gt;&lt;w:rFonts w:eastAsia=&quot;Times New Roman&quot;/&gt;&lt;w:color w:val=&quot;000000&quot;/&gt;&lt;w:sz w:val=&quot;24&quot;/&gt;&lt;w:szCs w:val=&quot;24&quot;/&gt;&lt;/w:rPr&gt;&lt;/w:pPr&gt;</value><value key="document">word\document.xml</value></props></cxt-def><cxt-def id="11" type="LocationDetails" purpose="Location"><fmt id="1"/><props><value key="StartsAt">7819</value><value key="EndsAt">9052</value><value key="ParagraphFormatting">&lt;w:pPr&gt;&lt;w:tabs&gt;&lt;w:tab w:val=&quot;left&quot; w:pos=&quot;1008&quot;/&gt;&lt;/w:tabs&gt;&lt;w:spacing w:line=&quot;360&quot; w:lineRule=&quot;auto&quot;/&gt;&lt;w:contextualSpacing/&gt;&lt;w:jc w:val=&quot;both&quot;/&gt;&lt;w:textAlignment w:val=&quot;baseline&quot;/&gt;&lt;w:rPr&gt;&lt;w:rFonts w:eastAsia=&quot;Times New Roman&quot;/&gt;&lt;w:color w:val=&quot;000000&quot;/&gt;&lt;w:sz w:val=&quot;24&quot;/&gt;&lt;w:szCs w:val=&quot;24&quot;/&gt;&lt;/w:rPr&gt;&lt;/w:pPr&gt;</value><value key="document">word\document.xml</value></props></cxt-def><cxt-def id="12" type="LocationDetails" purpose="Location"><fmt id="1"/><props><value key="StartsAt">9058</value><value key="EndsAt">10014</value><value key="ParagraphFormatting">&lt;w:pPr&gt;&lt;w:tabs&gt;&lt;w:tab w:val=&quot;left&quot; w:pos=&quot;1008&quot;/&gt;&lt;/w:tabs&gt;&lt;w:spacing w:line=&quot;360&quot; w:lineRule=&quot;auto&quot;/&gt;&lt;w:contextualSpacing/&gt;&lt;w:jc w:val=&quot;both&quot;/&gt;&lt;w:textAlignment w:val=&quot;baseline&quot;/&gt;&lt;w:rPr&gt;&lt;w:rFonts w:eastAsia=&quot;Times New Roman&quot;/&gt;&lt;w:color w:val=&quot;000000&quot;/&gt;&lt;w:sz w:val=&quot;24&quot;/&gt;&lt;w:szCs w:val=&quot;24&quot;/&gt;&lt;/w:rPr&gt;&lt;/w:pPr&gt;</value><value key="document">word\document.xml</value></props></cxt-def><cxt-def id="13" type="LocationDetails" purpose="Location"><fmt id="1"/><props><value key="StartsAt">10020</value><value key="EndsAt">11458</value><value key="ParagraphFormatting">&lt;w:pPr&gt;&lt;w:spacing w:line=&quot;360&quot; w:lineRule=&quot;auto&quot;/&gt;&lt;w:contextualSpacing/&gt;&lt;w:jc w:val=&quot;both&quot;/&gt;&lt;w:rPr&gt;&lt;w:rFonts w:eastAsia=&quot;Times New Roman&quot;/&gt;&lt;w:color w:val=&quot;000000&quot;/&gt;&lt;w:sz w:val=&quot;24&quot;/&gt;&lt;w:szCs w:val=&quot;24&quot;/&gt;&lt;/w:rPr&gt;&lt;/w:pPr&gt;</value><value key="document">word\document.xml</value></props></cxt-def><cxt-def id="14" type="LocationDetails" purpose="Location"><fmt id="1"/><props><value key="StartsAt">11464</value><value key="EndsAt">13068</value><value key="ParagraphFormatting">&lt;w:pPr&gt;&lt;w:tabs&gt;&lt;w:tab w:val=&quot;left&quot; w:pos=&quot;1008&quot;/&gt;&lt;/w:tabs&gt;&lt;w:spacing w:line=&quot;360&quot; w:lineRule=&quot;auto&quot;/&gt;&lt;w:contextualSpacing/&gt;&lt;w:jc w:val=&quot;both&quot;/&gt;&lt;w:textAlignment w:val=&quot;baseline&quot;/&gt;&lt;w:rPr&gt;&lt;w:rFonts w:eastAsia=&quot;Times New Roman&quot;/&gt;&lt;w:color w:val=&quot;000000&quot;/&gt;&lt;w:sz w:val=&quot;24&quot;/&gt;&lt;w:szCs w:val=&quot;24&quot;/&gt;&lt;/w:rPr&gt;&lt;/w:pPr&gt;</value><value key="document">word\document.xml</value></props></cxt-def><cxt-def id="15" type="LocationDetails" purpose="Location"><fmt id="1"/><props><value key="StartsAt">13074</value><value key="EndsAt">14331</value><value key="ParagraphFormatting">&lt;w:pPr&gt;&lt;w:tabs&gt;&lt;w:tab w:val=&quot;left&quot; w:pos=&quot;1008&quot;/&gt;&lt;/w:tabs&gt;&lt;w:spacing w:line=&quot;360&quot; w:lineRule=&quot;auto&quot;/&gt;&lt;w:contextualSpacing/&gt;&lt;w:jc w:val=&quot;both&quot;/&gt;&lt;w:textAlignment w:val=&quot;baseline&quot;/&gt;&lt;w:rPr&gt;&lt;w:rFonts w:eastAsia=&quot;Times New Roman&quot;/&gt;&lt;w:color w:val=&quot;000000&quot;/&gt;&lt;w:sz w:val=&quot;24&quot;/&gt;&lt;w:szCs w:val=&quot;24&quot;/&gt;&lt;/w:rPr&gt;&lt;/w:pPr&gt;</value><value key="document">word\document.xml</value></props></cxt-def><cxt-def id="16" type="LocationDetails" purpose="Location"><fmt id="1"/><props><value key="StartsAt">14337</value><value key="EndsAt">15430</value><value key="ParagraphFormatting">&lt;w:pPr&gt;&lt;w:tabs&gt;&lt;w:tab w:val=&quot;left&quot; w:pos=&quot;1008&quot;/&gt;&lt;/w:tabs&gt;&lt;w:spacing w:line=&quot;360&quot; w:lineRule=&quot;auto&quot;/&gt;&lt;w:contextualSpacing/&gt;&lt;w:jc w:val=&quot;both&quot;/&gt;&lt;w:textAlignment w:val=&quot;baseline&quot;/&gt;&lt;w:rPr&gt;&lt;w:rFonts w:eastAsia=&quot;Times New Roman&quot;/&gt;&lt;w:color w:val=&quot;000000&quot;/&gt;&lt;w:sz w:val=&quot;24&quot;/&gt;&lt;w:szCs w:val=&quot;24&quot;/&gt;&lt;/w:rPr&gt;&lt;/w:pPr&gt;</value><value key="document">word\document.xml</value></props></cxt-def><cxt-def id="17" type="LocationDetails" purpose="Location"><fmt id="1"/><props><value key="StartsAt">15436</value><value key="EndsAt">16393</value><value key="ParagraphFormatting">&lt;w:pPr&gt;&lt;w:tabs&gt;&lt;w:tab w:val=&quot;left&quot; w:pos=&quot;1008&quot;/&gt;&lt;/w:tabs&gt;&lt;w:spacing w:line=&quot;360&quot; w:lineRule=&quot;auto&quot;/&gt;&lt;w:contextualSpacing/&gt;&lt;w:jc w:val=&quot;both&quot;/&gt;&lt;w:textAlignment w:val=&quot;baseline&quot;/&gt;&lt;w:rPr&gt;&lt;w:rFonts w:eastAsia=&quot;Times New Roman&quot;/&gt;&lt;w:color w:val=&quot;000000&quot;/&gt;&lt;w:sz w:val=&quot;24&quot;/&gt;&lt;w:szCs w:val=&quot;24&quot;/&gt;&lt;/w:rPr&gt;&lt;/w:pPr&gt;</value><value key="document">word\document.xml</value></props></cxt-def><cxt-def id="18" type="LocationDetails" purpose="Location"><fmt id="1"/><props><value key="StartsAt">16399</value><value key="EndsAt">17709</value><value key="ParagraphFormatting">&lt;w:pPr&gt;&lt;w:tabs&gt;&lt;w:tab w:val=&quot;left&quot; w:pos=&quot;1008&quot;/&gt;&lt;/w:tabs&gt;&lt;w:spacing w:line=&quot;360&quot; w:lineRule=&quot;auto&quot;/&gt;&lt;w:contextualSpacing/&gt;&lt;w:jc w:val=&quot;both&quot;/&gt;&lt;w:textAlignment w:val=&quot;baseline&quot;/&gt;&lt;w:rPr&gt;&lt;w:rFonts w:eastAsia=&quot;Times New Roman&quot;/&gt;&lt;w:color w:val=&quot;000000&quot;/&gt;&lt;w:sz w:val=&quot;24&quot;/&gt;&lt;w:szCs w:val=&quot;24&quot;/&gt;&lt;/w:rPr&gt;&lt;/w:pPr&gt;</value><value key="document">word\document.xml</value></props></cxt-def><cxt-def id="19" type="LocationDetails" purpose="Location"><fmt id="1"/><props><value key="StartsAt">17715</value><value key="EndsAt">18307</value><value key="ParagraphFormatting">&lt;w:pPr&gt;&lt;w:spacing w:line=&quot;360&quot; w:lineRule=&quot;auto&quot;/&gt;&lt;w:contextualSpacing/&gt;&lt;w:jc w:val=&quot;both&quot;/&gt;&lt;w:textAlignment w:val=&quot;baseline&quot;/&gt;&lt;w:rPr&gt;&lt;w:rFonts w:eastAsia=&quot;Times New Roman&quot;/&gt;&lt;w:color w:val=&quot;000000&quot;/&gt;&lt;w:sz w:val=&quot;24&quot;/&gt;&lt;w:szCs w:val=&quot;24&quot;/&gt;&lt;w:u w:val=&quot;single&quot;/&gt;&lt;/w:rPr&gt;&lt;/w:pPr&gt;</value><value key="document">word\document.xml</value></props></cxt-def><cxt-def id="20" type="LocationDetails" purpose="Location"><fmt id="1"/><props><value key="StartsAt">18313</value><value key="EndsAt">19484</value><value key="ParagraphFormatting">&lt;w:pPr&gt;&lt;w:spacing w:line=&quot;360&quot; w:lineRule=&quot;auto&quot;/&gt;&lt;w:contextualSpacing/&gt;&lt;w:jc w:val=&quot;both&quot;/&gt;&lt;w:textAlignment w:val=&quot;baseline&quot;/&gt;&lt;w:rPr&gt;&lt;w:rFonts w:eastAsia=&quot;Times New Roman&quot;/&gt;&lt;w:color w:val=&quot;000000&quot;/&gt;&lt;w:sz w:val=&quot;24&quot;/&gt;&lt;w:szCs w:val=&quot;24&quot;/&gt;&lt;/w:rPr&gt;&lt;/w:pPr&gt;</value><value key="document">word\document.xml</value></props></cxt-def><cxt-def id="21" type="LocationDetails" purpose="Location"><fmt id="1"/><props><value key="StartsAt">19490</value><value key="EndsAt">20579</value><value key="ParagraphFormatting">&lt;w:pPr&gt;&lt;w:spacing w:line=&quot;360&quot; w:lineRule=&quot;auto&quot;/&gt;&lt;w:contextualSpacing/&gt;&lt;w:jc w:val=&quot;both&quot;/&gt;&lt;w:textAlignment w:val=&quot;baseline&quot;/&gt;&lt;w:rPr&gt;&lt;w:rFonts w:eastAsia=&quot;Times New Roman&quot;/&gt;&lt;w:color w:val=&quot;000000&quot;/&gt;&lt;w:sz w:val=&quot;24&quot;/&gt;&lt;w:szCs w:val=&quot;24&quot;/&gt;&lt;/w:rPr&gt;&lt;/w:pPr&gt;</value><value key="document">word\document.xml</value></props></cxt-def><cxt-def id="22" type="LocationDetails" purpose="Location"><fmt id="1"/><props><value key="StartsAt">20585</value><value key="EndsAt">21521</value><value key="ParagraphFormatting">&lt;w:pPr&gt;&lt;w:spacing w:line=&quot;360&quot; w:lineRule=&quot;auto&quot;/&gt;&lt;w:contextualSpacing/&gt;&lt;w:jc w:val=&quot;both&quot;/&gt;&lt;w:textAlignment w:val=&quot;baseline&quot;/&gt;&lt;w:rPr&gt;&lt;w:rFonts w:eastAsia=&quot;Times New Roman&quot;/&gt;&lt;w:color w:val=&quot;000000&quot;/&gt;&lt;w:sz w:val=&quot;24&quot;/&gt;&lt;w:szCs w:val=&quot;24&quot;/&gt;&lt;/w:rPr&gt;&lt;/w:pPr&gt;</value><value key="document">word\document.xml</value></props></cxt-def><cxt-def id="23" type="LocationDetails" purpose="Location"><fmt id="1"/><props><value key="StartsAt">21527</value><value key="EndsAt">24920</value><value key="ParagraphFormatting">&lt;w:pPr&gt;&lt;w:spacing w:line=&quot;360&quot; w:lineRule=&quot;auto&quot;/&gt;&lt;w:contextualSpacing/&gt;&lt;w:jc w:val=&quot;both&quot;/&gt;&lt;w:textAlignment w:val=&quot;baseline&quot;/&gt;&lt;w:rPr&gt;&lt;w:rFonts w:eastAsia=&quot;Times New Roman&quot;/&gt;&lt;w:color w:val=&quot;000000&quot;/&gt;&lt;w:sz w:val=&quot;24&quot;/&gt;&lt;w:szCs w:val=&quot;24&quot;/&gt;&lt;/w:rPr&gt;&lt;/w:pPr&gt;</value><value key="document">word\document.xml</value></props></cxt-def><cxt-def id="24" type="LocationDetails" purpose="Location"><fmt id="1"/><props><value key="StartsAt">24926</value><value key="EndsAt">26197</value><value key="ParagraphFormatting">&lt;w:pPr&gt;&lt;w:spacing w:line=&quot;360&quot; w:lineRule=&quot;auto&quot;/&gt;&lt;w:contextualSpacing/&gt;&lt;w:jc w:val=&quot;both&quot;/&gt;&lt;w:textAlignment w:val=&quot;baseline&quot;/&gt;&lt;w:rPr&gt;&lt;w:rFonts w:eastAsia=&quot;Times New Roman&quot;/&gt;&lt;w:color w:val=&quot;000000&quot;/&gt;&lt;w:sz w:val=&quot;24&quot;/&gt;&lt;w:szCs w:val=&quot;24&quot;/&gt;&lt;/w:rPr&gt;&lt;/w:pPr&gt;</value><value key="document">word\document.xml</value></props></cxt-def><cxt-def id="25" type="LocationDetails" purpose="Location"><fmt id="1"/><props><value key="StartsAt">26203</value><value key="EndsAt">27814</value><value key="ParagraphFormatting">&lt;w:pPr&gt;&lt;w:spacing w:line=&quot;360&quot; w:lineRule=&quot;auto&quot;/&gt;&lt;w:contextualSpacing/&gt;&lt;w:jc w:val=&quot;both&quot;/&gt;&lt;w:textAlignment w:val=&quot;baseline&quot;/&gt;&lt;w:rPr&gt;&lt;w:rFonts w:eastAsia=&quot;Times New Roman&quot;/&gt;&lt;w:color w:val=&quot;000000&quot;/&gt;&lt;w:sz w:val=&quot;24&quot;/&gt;&lt;w:szCs w:val=&quot;24&quot;/&gt;&lt;/w:rPr&gt;&lt;/w:pPr&gt;</value><value key="document">word\document.xml</value></props></cxt-def><cxt-def id="26" type="LocationDetails" purpose="Location"><fmt id="1"/><props><value key="StartsAt">27820</value><value key="EndsAt">28614</value><value key="ParagraphFormatting">&lt;w:pPr&gt;&lt;w:spacing w:line=&quot;360&quot; w:lineRule=&quot;auto&quot;/&gt;&lt;w:contextualSpacing/&gt;&lt;w:jc w:val=&quot;both&quot;/&gt;&lt;w:textAlignment w:val=&quot;baseline&quot;/&gt;&lt;w:rPr&gt;&lt;w:rFonts w:eastAsia=&quot;Times New Roman&quot;/&gt;&lt;w:color w:val=&quot;000000&quot;/&gt;&lt;w:sz w:val=&quot;24&quot;/&gt;&lt;w:szCs w:val=&quot;24&quot;/&gt;&lt;/w:rPr&gt;&lt;/w:pPr&gt;</value><value key="document">word\document.xml</value></props></cxt-def><cxt-def id="27" type="LocationDetails" purpose="Location"><fmt id="1"/><props><value key="StartsAt">28620</value><value key="EndsAt">29221</value><value key="ParagraphFormatting">&lt;w:pPr&gt;&lt;w:spacing w:line=&quot;360&quot; w:lineRule=&quot;auto&quot;/&gt;&lt;w:contextualSpacing/&gt;&lt;w:jc w:val=&quot;both&quot;/&gt;&lt;w:textAlignment w:val=&quot;baseline&quot;/&gt;&lt;w:rPr&gt;&lt;w:rFonts w:eastAsia=&quot;Times New Roman&quot;/&gt;&lt;w:color w:val=&quot;000000&quot;/&gt;&lt;w:sz w:val=&quot;24&quot;/&gt;&lt;w:szCs w:val=&quot;24&quot;/&gt;&lt;w:u w:val=&quot;single&quot;/&gt;&lt;/w:rPr&gt;&lt;/w:pPr&gt;</value><value key="document">word\document.xml</value></props></cxt-def><cxt-def id="28" type="LocationDetails" purpose="Location"><fmt id="1"/><props><value key="StartsAt">29227</value><value key="EndsAt">29911</value><value key="ParagraphFormatting">&lt;w:pPr&gt;&lt;w:spacing w:line=&quot;360&quot; w:lineRule=&quot;auto&quot;/&gt;&lt;w:contextualSpacing/&gt;&lt;w:jc w:val=&quot;both&quot;/&gt;&lt;w:textAlignment w:val=&quot;baseline&quot;/&gt;&lt;w:rPr&gt;&lt;w:rFonts w:eastAsia=&quot;Times New Roman&quot;/&gt;&lt;w:color w:val=&quot;000000&quot;/&gt;&lt;w:sz w:val=&quot;24&quot;/&gt;&lt;w:szCs w:val=&quot;24&quot;/&gt;&lt;/w:rPr&gt;&lt;/w:pPr&gt;</value><value key="document">word\document.xml</value></props></cxt-def><cxt-def id="29" type="LocationDetails" purpose="Location"><fmt id="1"/><props><value key="StartsAt">29917</value><value key="EndsAt">30633</value><value key="ParagraphFormatting">&lt;w:pPr&gt;&lt;w:spacing w:line=&quot;360&quot; w:lineRule=&quot;auto&quot;/&gt;&lt;w:contextualSpacing/&gt;&lt;w:jc w:val=&quot;both&quot;/&gt;&lt;w:textAlignment w:val=&quot;baseline&quot;/&gt;&lt;w:rPr&gt;&lt;w:rFonts w:eastAsia=&quot;Times New Roman&quot;/&gt;&lt;w:color w:val=&quot;000000&quot;/&gt;&lt;w:sz w:val=&quot;24&quot;/&gt;&lt;w:szCs w:val=&quot;24&quot;/&gt;&lt;/w:rPr&gt;&lt;/w:pPr&gt;</value><value key="document">word\document.xml</value></props></cxt-def><cxt-def id="30" type="LocationDetails" purpose="Location"><fmt id="1"/><props><value key="StartsAt">30639</value><value key="EndsAt">31678</value><value key="ParagraphFormatting">&lt;w:pPr&gt;&lt;w:spacing w:line=&quot;360&quot; w:lineRule=&quot;auto&quot;/&gt;&lt;w:contextualSpacing/&gt;&lt;w:jc w:val=&quot;both&quot;/&gt;&lt;w:textAlignment w:val=&quot;baseline&quot;/&gt;&lt;w:rPr&gt;&lt;w:rFonts w:eastAsia=&quot;Times New Roman&quot;/&gt;&lt;w:color w:val=&quot;000000&quot;/&gt;&lt;w:sz w:val=&quot;24&quot;/&gt;&lt;w:szCs w:val=&quot;24&quot;/&gt;&lt;/w:rPr&gt;&lt;/w:pPr&gt;</value><value key="document">word\document.xml</value></props></cxt-def><cxt-def id="31" type="LocationDetails" purpose="Location"><fmt id="1"/><props><value key="StartsAt">31684</value><value key="EndsAt">32387</value><value key="ParagraphFormatting">&lt;w:pPr&gt;&lt;w:spacing w:line=&quot;360&quot; w:lineRule=&quot;auto&quot;/&gt;&lt;w:contextualSpacing/&gt;&lt;w:jc w:val=&quot;both&quot;/&gt;&lt;w:textAlignment w:val=&quot;baseline&quot;/&gt;&lt;w:rPr&gt;&lt;w:rFonts w:eastAsia=&quot;Times New Roman&quot;/&gt;&lt;w:color w:val=&quot;000000&quot;/&gt;&lt;w:sz w:val=&quot;24&quot;/&gt;&lt;w:szCs w:val=&quot;24&quot;/&gt;&lt;/w:rPr&gt;&lt;/w:pPr&gt;</value><value key="document">word\document.xml</value></props></cxt-def><cxt-def id="32" type="LocationDetails" purpose="Location"><fmt id="1"/><props><value key="StartsAt">32393</value><value key="EndsAt">33160</value><value key="ParagraphFormatting">&lt;w:pPr&gt;&lt;w:spacing w:line=&quot;360&quot; w:lineRule=&quot;auto&quot;/&gt;&lt;w:contextualSpacing/&gt;&lt;w:jc w:val=&quot;both&quot;/&gt;&lt;w:textAlignment w:val=&quot;baseline&quot;/&gt;&lt;w:rPr&gt;&lt;w:rFonts w:eastAsia=&quot;Times New Roman&quot;/&gt;&lt;w:color w:val=&quot;000000&quot;/&gt;&lt;w:sz w:val=&quot;24&quot;/&gt;&lt;w:szCs w:val=&quot;24&quot;/&gt;&lt;/w:rPr&gt;&lt;/w:pPr&gt;</value><value key="document">word\document.xml</value></props></cxt-def><cxt-def id="33" type="LocationDetails" purpose="Location"><fmt id="1"/><props><value key="StartsAt">33166</value><value key="EndsAt">33867</value><value key="ParagraphFormatting">&lt;w:pPr&gt;&lt;w:spacing w:line=&quot;360&quot; w:lineRule=&quot;auto&quot;/&gt;&lt;w:contextualSpacing/&gt;&lt;w:jc w:val=&quot;both&quot;/&gt;&lt;w:textAlignment w:val=&quot;baseline&quot;/&gt;&lt;w:rPr&gt;&lt;w:rFonts w:eastAsia=&quot;Times New Roman&quot;/&gt;&lt;w:color w:val=&quot;000000&quot;/&gt;&lt;w:sz w:val=&quot;24&quot;/&gt;&lt;w:szCs w:val=&quot;24&quot;/&gt;&lt;/w:rPr&gt;&lt;/w:pPr&gt;</value><value key="document">word\document.xml</value></props></cxt-def><cxt-def id="34" type="LocationDetails" purpose="Location"><fmt id="1"/><props><value key="StartsAt">33873</value><value key="EndsAt">34572</value><value key="ParagraphFormatting">&lt;w:pPr&gt;&lt;w:spacing w:line=&quot;360&quot; w:lineRule=&quot;auto&quot;/&gt;&lt;w:contextualSpacing/&gt;&lt;w:jc w:val=&quot;both&quot;/&gt;&lt;w:textAlignment w:val=&quot;baseline&quot;/&gt;&lt;w:rPr&gt;&lt;w:rFonts w:eastAsia=&quot;Times New Roman&quot;/&gt;&lt;w:color w:val=&quot;000000&quot;/&gt;&lt;w:sz w:val=&quot;24&quot;/&gt;&lt;w:szCs w:val=&quot;24&quot;/&gt;&lt;/w:rPr&gt;&lt;/w:pPr&gt;</value><value key="document">word\document.xml</value></props></cxt-def><cxt-def id="35" type="LocationDetails" purpose="Location"><fmt id="1"/><props><value key="StartsAt">34578</value><value key="EndsAt">35329</value><value key="ParagraphFormatting">&lt;w:pPr&gt;&lt;w:spacing w:line=&quot;360&quot; w:lineRule=&quot;auto&quot;/&gt;&lt;w:contextualSpacing/&gt;&lt;w:jc w:val=&quot;both&quot;/&gt;&lt;w:textAlignment w:val=&quot;baseline&quot;/&gt;&lt;w:rPr&gt;&lt;w:rFonts w:eastAsia=&quot;Times New Roman&quot;/&gt;&lt;w:color w:val=&quot;000000&quot;/&gt;&lt;w:sz w:val=&quot;24&quot;/&gt;&lt;w:szCs w:val=&quot;24&quot;/&gt;&lt;/w:rPr&gt;&lt;/w:pPr&gt;</value><value key="document">word\document.xml</value></props></cxt-def><cxt-def id="36" type="LocationDetails" purpose="Location"><fmt id="1"/><props><value key="StartsAt">35335</value><value key="EndsAt">35964</value><value key="ParagraphFormatting">&lt;w:pPr&gt;&lt;w:spacing w:line=&quot;360&quot; w:lineRule=&quot;auto&quot;/&gt;&lt;w:contextualSpacing/&gt;&lt;w:jc w:val=&quot;both&quot;/&gt;&lt;w:textAlignment w:val=&quot;baseline&quot;/&gt;&lt;w:rPr&gt;&lt;w:rFonts w:eastAsia=&quot;Times New Roman&quot;/&gt;&lt;w:b/&gt;&lt;w:color w:val=&quot;000000&quot;/&gt;&lt;w:sz w:val=&quot;24&quot;/&gt;&lt;w:szCs w:val=&quot;24&quot;/&gt;&lt;w:u w:val=&quot;single&quot;/&gt;&lt;/w:rPr&gt;&lt;/w:pPr&gt;</value><value key="document">word\document.xml</value></props></cxt-def><cxt-def id="37" type="LocationDetails" purpose="Location"><fmt id="1"/><props><value key="StartsAt">35970</value><value key="EndsAt">37270</value><value key="ParagraphFormatting">&lt;w:pPr&gt;&lt;w:spacing w:line=&quot;360&quot; w:lineRule=&quot;auto&quot;/&gt;&lt;w:contextualSpacing/&gt;&lt;w:jc w:val=&quot;both&quot;/&gt;&lt;w:textAlignment w:val=&quot;baseline&quot;/&gt;&lt;w:rPr&gt;&lt;w:rFonts w:eastAsia=&quot;Times New Roman&quot;/&gt;&lt;w:color w:val=&quot;000000&quot;/&gt;&lt;w:sz w:val=&quot;24&quot;/&gt;&lt;w:szCs w:val=&quot;24&quot;/&gt;&lt;/w:rPr&gt;&lt;/w:pPr&gt;</value><value key="document">word\document.xml</value></props></cxt-def><cxt-def id="38" type="LocationDetails" purpose="Location"><fmt id="1"/><props><value key="StartsAt">37276</value><value key="EndsAt">38246</value><value key="ParagraphFormatting">&lt;w:pPr&gt;&lt;w:spacing w:line=&quot;360&quot; w:lineRule=&quot;auto&quot;/&gt;&lt;w:contextualSpacing/&gt;&lt;w:jc w:val=&quot;both&quot;/&gt;&lt;w:textAlignment w:val=&quot;baseline&quot;/&gt;&lt;w:rPr&gt;&lt;w:rFonts w:eastAsia=&quot;Times New Roman&quot;/&gt;&lt;w:color w:val=&quot;000000&quot;/&gt;&lt;w:sz w:val=&quot;24&quot;/&gt;&lt;w:szCs w:val=&quot;24&quot;/&gt;&lt;/w:rPr&gt;&lt;/w:pPr&gt;</value><value key="document">word\document.xml</value></props></cxt-def><cxt-def id="39" type="LocationDetails" purpose="Location"><fmt id="1"/><props><value key="StartsAt">38252</value><value key="EndsAt">39581</value><value key="ParagraphFormatting">&lt;w:pPr&gt;&lt;w:spacing w:line=&quot;360&quot; w:lineRule=&quot;auto&quot;/&gt;&lt;w:contextualSpacing/&gt;&lt;w:jc w:val=&quot;both&quot;/&gt;&lt;w:textAlignment w:val=&quot;baseline&quot;/&gt;&lt;w:rPr&gt;&lt;w:rFonts w:eastAsia=&quot;Times New Roman&quot;/&gt;&lt;w:color w:val=&quot;000000&quot;/&gt;&lt;w:sz w:val=&quot;24&quot;/&gt;&lt;w:szCs w:val=&quot;24&quot;/&gt;&lt;/w:rPr&gt;&lt;/w:pPr&gt;</value><value key="document">word\document.xml</value></props></cxt-def><cxt-def id="40" type="LocationDetails" purpose="Location"><fmt id="1"/><props><value key="StartsAt">39587</value><value key="EndsAt">40829</value><value key="ParagraphFormatting">&lt;w:pPr&gt;&lt;w:spacing w:line=&quot;360&quot; w:lineRule=&quot;auto&quot;/&gt;&lt;w:contextualSpacing/&gt;&lt;w:jc w:val=&quot;both&quot;/&gt;&lt;w:textAlignment w:val=&quot;baseline&quot;/&gt;&lt;w:rPr&gt;&lt;w:rFonts w:eastAsia=&quot;Times New Roman&quot;/&gt;&lt;w:color w:val=&quot;000000&quot;/&gt;&lt;w:sz w:val=&quot;24&quot;/&gt;&lt;w:szCs w:val=&quot;24&quot;/&gt;&lt;/w:rPr&gt;&lt;/w:pPr&gt;</value><value key="document">word\document.xml</value></props></cxt-def><cxt-def id="41" type="LocationDetails" purpose="Location"><fmt id="1"/><props><value key="StartsAt">40835</value><value key="EndsAt">41975</value><value key="ParagraphFormatting">&lt;w:pPr&gt;&lt;w:spacing w:line=&quot;360&quot; w:lineRule=&quot;auto&quot;/&gt;&lt;w:contextualSpacing/&gt;&lt;w:jc w:val=&quot;both&quot;/&gt;&lt;w:textAlignment w:val=&quot;baseline&quot;/&gt;&lt;w:rPr&gt;&lt;w:rFonts w:eastAsia=&quot;Times New Roman&quot;/&gt;&lt;w:color w:val=&quot;000000&quot;/&gt;&lt;w:sz w:val=&quot;24&quot;/&gt;&lt;w:szCs w:val=&quot;24&quot;/&gt;&lt;/w:rPr&gt;&lt;/w:pPr&gt;</value><value key="document">word\document.xml</value></props></cxt-def><cxt-def id="42" type="LocationDetails" purpose="Location"><fmt id="1"/><props><value key="StartsAt">41981</value><value key="EndsAt">42695</value><value key="ParagraphFormatting">&lt;w:pPr&gt;&lt;w:spacing w:line=&quot;360&quot; w:lineRule=&quot;auto&quot;/&gt;&lt;w:contextualSpacing/&gt;&lt;w:jc w:val=&quot;both&quot;/&gt;&lt;w:textAlignment w:val=&quot;baseline&quot;/&gt;&lt;w:rPr&gt;&lt;w:rFonts w:eastAsia=&quot;Times New Roman&quot;/&gt;&lt;w:color w:val=&quot;000000&quot;/&gt;&lt;w:sz w:val=&quot;24&quot;/&gt;&lt;w:szCs w:val=&quot;24&quot;/&gt;&lt;/w:rPr&gt;&lt;/w:pPr&gt;</value><value key="document">word\document.xml</value></props></cxt-def><cxt-def id="43" type="LocationDetails" purpose="Location"><fmt id="1"/><props><value key="StartsAt">42701</value><value key="EndsAt">44094</value><value key="ParagraphFormatting">&lt;w:pPr&gt;&lt;w:spacing w:line=&quot;360&quot; w:lineRule=&quot;auto&quot;/&gt;&lt;w:contextualSpacing/&gt;&lt;w:jc w:val=&quot;both&quot;/&gt;&lt;w:textAlignment w:val=&quot;baseline&quot;/&gt;&lt;w:rPr&gt;&lt;w:rFonts w:eastAsia=&quot;Times New Roman&quot;/&gt;&lt;w:color w:val=&quot;000000&quot;/&gt;&lt;w:sz w:val=&quot;24&quot;/&gt;&lt;w:szCs w:val=&quot;24&quot;/&gt;&lt;/w:rPr&gt;&lt;/w:pPr&gt;</value><value key="document">word\document.xml</value></props></cxt-def><cxt-def id="44" type="LocationDetails" purpose="Location"><fmt id="1"/><props><value key="StartsAt">44100</value><value key="EndsAt">48404</value><value key="ParagraphFormatting">&lt;w:pPr&gt;&lt;w:spacing w:line=&quot;360&quot; w:lineRule=&quot;auto&quot;/&gt;&lt;w:contextualSpacing/&gt;&lt;w:jc w:val=&quot;both&quot;/&gt;&lt;w:textAlignment w:val=&quot;baseline&quot;/&gt;&lt;w:rPr&gt;&lt;w:rFonts w:eastAsia=&quot;Times New Roman&quot;/&gt;&lt;w:color w:val=&quot;000000&quot;/&gt;&lt;w:sz w:val=&quot;24&quot;/&gt;&lt;w:szCs w:val=&quot;24&quot;/&gt;&lt;/w:rPr&gt;&lt;/w:pPr&gt;</value><value key="document">word\document.xml</value></props></cxt-def><cxt-def id="45" type="LocationDetails" purpose="Location"><fmt id="1"/><props><value key="StartsAt">48410</value><value key="EndsAt">49119</value><value key="ParagraphFormatting">&lt;w:pPr&gt;&lt;w:spacing w:line=&quot;360&quot; w:lineRule=&quot;auto&quot;/&gt;&lt;w:contextualSpacing/&gt;&lt;w:jc w:val=&quot;both&quot;/&gt;&lt;w:textAlignment w:val=&quot;baseline&quot;/&gt;&lt;w:rPr&gt;&lt;w:rFonts w:eastAsia=&quot;Times New Roman&quot;/&gt;&lt;w:color w:val=&quot;000000&quot;/&gt;&lt;w:sz w:val=&quot;24&quot;/&gt;&lt;w:szCs w:val=&quot;24&quot;/&gt;&lt;/w:rPr&gt;&lt;/w:pPr&gt;</value><value key="document">word\document.xml</value></props></cxt-def><cxt-def id="46" type="LocationDetails" purpose="Location"><fmt id="1"/><props><value key="StartsAt">49125</value><value key="EndsAt">49776</value><value key="ParagraphFormatting">&lt;w:pPr&gt;&lt;w:spacing w:line=&quot;360&quot; w:lineRule=&quot;auto&quot;/&gt;&lt;w:contextualSpacing/&gt;&lt;w:jc w:val=&quot;both&quot;/&gt;&lt;w:textAlignment w:val=&quot;baseline&quot;/&gt;&lt;w:rPr&gt;&lt;w:rFonts w:eastAsia=&quot;Times New Roman&quot;/&gt;&lt;w:color w:val=&quot;000000&quot;/&gt;&lt;w:sz w:val=&quot;24&quot;/&gt;&lt;w:szCs w:val=&quot;24&quot;/&gt;&lt;/w:rPr&gt;&lt;/w:pPr&gt;</value><value key="document">word\document.xml</value></props></cxt-def><cxt-def id="47" type="LocationDetails" purpose="Location"><fmt id="1"/><props><value key="StartsAt">49782</value><value key="EndsAt">51440</value><value key="ParagraphFormatting">&lt;w:pPr&gt;&lt;w:spacing w:line=&quot;360&quot; w:lineRule=&quot;auto&quot;/&gt;&lt;w:contextualSpacing/&gt;&lt;w:jc w:val=&quot;both&quot;/&gt;&lt;w:textAlignment w:val=&quot;baseline&quot;/&gt;&lt;w:rPr&gt;&lt;w:rFonts w:eastAsia=&quot;Times New Roman&quot;/&gt;&lt;w:color w:val=&quot;000000&quot;/&gt;&lt;w:sz w:val=&quot;24&quot;/&gt;&lt;w:szCs w:val=&quot;24&quot;/&gt;&lt;/w:rPr&gt;&lt;/w:pPr&gt;</value><value key="document">word\document.xml</value></props></cxt-def><cxt-def id="48" type="LocationDetails" purpose="Location"><fmt id="1"/><props><value key="StartsAt">51446</value><value key="EndsAt">53102</value><value key="ParagraphFormatting">&lt;w:pPr&gt;&lt;w:spacing w:line=&quot;360&quot; w:lineRule=&quot;auto&quot;/&gt;&lt;w:contextualSpacing/&gt;&lt;w:jc w:val=&quot;both&quot;/&gt;&lt;w:textAlignment w:val=&quot;baseline&quot;/&gt;&lt;w:rPr&gt;&lt;w:rFonts w:eastAsia=&quot;Times New Roman&quot;/&gt;&lt;w:color w:val=&quot;000000&quot;/&gt;&lt;w:sz w:val=&quot;24&quot;/&gt;&lt;w:szCs w:val=&quot;24&quot;/&gt;&lt;/w:rPr&gt;&lt;/w:pPr&gt;</value><value key="document">word\document.xml</value></props></cxt-def><cxt-def id="49" type="LocationDetails" purpose="Location"><fmt id="1"/><props><value key="StartsAt">53108</value><value key="EndsAt">53982</value><value key="ParagraphFormatting">&lt;w:pPr&gt;&lt;w:spacing w:line=&quot;360&quot; w:lineRule=&quot;auto&quot;/&gt;&lt;w:contextualSpacing/&gt;&lt;w:jc w:val=&quot;both&quot;/&gt;&lt;w:textAlignment w:val=&quot;baseline&quot;/&gt;&lt;w:rPr&gt;&lt;w:rFonts w:eastAsia=&quot;Times New Roman&quot;/&gt;&lt;w:color w:val=&quot;000000&quot;/&gt;&lt;w:sz w:val=&quot;24&quot;/&gt;&lt;w:szCs w:val=&quot;24&quot;/&gt;&lt;/w:rPr&gt;&lt;/w:pPr&gt;</value><value key="document">word\document.xml</value></props></cxt-def><cxt-def id="50" type="LocationDetails" purpose="Location"><fmt id="1"/><props><value key="StartsAt">53988</value><value key="EndsAt">56487</value><value key="ParagraphFormatting">&lt;w:pPr&gt;&lt;w:spacing w:line=&quot;360&quot; w:lineRule=&quot;auto&quot;/&gt;&lt;w:contextualSpacing/&gt;&lt;w:jc w:val=&quot;both&quot;/&gt;&lt;w:textAlignment w:val=&quot;baseline&quot;/&gt;&lt;w:rPr&gt;&lt;w:rFonts w:eastAsia=&quot;Times New Roman&quot;/&gt;&lt;w:color w:val=&quot;000000&quot;/&gt;&lt;w:sz w:val=&quot;24&quot;/&gt;&lt;w:szCs w:val=&quot;24&quot;/&gt;&lt;/w:rPr&gt;&lt;/w:pPr&gt;</value><value key="document">word\document.xml</value></props></cxt-def><cxt-def id="51" type="LocationDetails" purpose="Location"><fmt id="1"/><props><value key="StartsAt">56493</value><value key="EndsAt">57947</value><value key="ParagraphFormatting">&lt;w:pPr&gt;&lt;w:spacing w:line=&quot;360&quot; w:lineRule=&quot;auto&quot;/&gt;&lt;w:contextualSpacing/&gt;&lt;w:jc w:val=&quot;both&quot;/&gt;&lt;w:textAlignment w:val=&quot;baseline&quot;/&gt;&lt;w:rPr&gt;&lt;w:rFonts w:eastAsia=&quot;Times New Roman&quot;/&gt;&lt;w:color w:val=&quot;000000&quot;/&gt;&lt;w:sz w:val=&quot;24&quot;/&gt;&lt;w:szCs w:val=&quot;24&quot;/&gt;&lt;/w:rPr&gt;&lt;/w:pPr&gt;</value><value key="document">word\document.xml</value></props></cxt-def><cxt-def id="52" type="LocationDetails" purpose="Location"><fmt id="1"/><props><value key="StartsAt">57953</value><value key="EndsAt">58609</value><value key="ParagraphFormatting">&lt;w:pPr&gt;&lt;w:spacing w:line=&quot;360&quot; w:lineRule=&quot;auto&quot;/&gt;&lt;w:contextualSpacing/&gt;&lt;w:jc w:val=&quot;both&quot;/&gt;&lt;w:textAlignment w:val=&quot;baseline&quot;/&gt;&lt;w:rPr&gt;&lt;w:rFonts w:eastAsia=&quot;Times New Roman&quot;/&gt;&lt;w:color w:val=&quot;000000&quot;/&gt;&lt;w:sz w:val=&quot;24&quot;/&gt;&lt;w:szCs w:val=&quot;24&quot;/&gt;&lt;/w:rPr&gt;&lt;/w:pPr&gt;</value><value key="document">word\document.xml</value></props></cxt-def><cxt-def id="53" type="LocationDetails" purpose="Location"><fmt id="1"/><props><value key="StartsAt">58615</value><value key="EndsAt">59928</value><value key="ParagraphFormatting">&lt;w:pPr&gt;&lt;w:spacing w:line=&quot;360&quot; w:lineRule=&quot;auto&quot;/&gt;&lt;w:contextualSpacing/&gt;&lt;w:jc w:val=&quot;both&quot;/&gt;&lt;w:textAlignment w:val=&quot;baseline&quot;/&gt;&lt;w:rPr&gt;&lt;w:rFonts w:eastAsia=&quot;Times New Roman&quot;/&gt;&lt;w:color w:val=&quot;000000&quot;/&gt;&lt;w:sz w:val=&quot;24&quot;/&gt;&lt;w:szCs w:val=&quot;24&quot;/&gt;&lt;/w:rPr&gt;&lt;/w:pPr&gt;</value><value key="document">word\document.xml</value></props></cxt-def><cxt-def id="54" type="LocationDetails" purpose="Location"><fmt id="1"/><props><value key="StartsAt">59934</value><value key="EndsAt">61125</value><value key="ParagraphFormatting">&lt;w:pPr&gt;&lt;w:spacing w:line=&quot;360&quot; w:lineRule=&quot;auto&quot;/&gt;&lt;w:contextualSpacing/&gt;&lt;w:jc w:val=&quot;both&quot;/&gt;&lt;w:textAlignment w:val=&quot;baseline&quot;/&gt;&lt;w:rPr&gt;&lt;w:rFonts w:eastAsia=&quot;Times New Roman&quot;/&gt;&lt;w:color w:val=&quot;000000&quot;/&gt;&lt;w:sz w:val=&quot;24&quot;/&gt;&lt;w:szCs w:val=&quot;24&quot;/&gt;&lt;/w:rPr&gt;&lt;/w:pPr&gt;</value><value key="document">word\document.xml</value></props></cxt-def><cxt-def id="55" type="LocationDetails" purpose="Location"><fmt id="1"/><props><value key="StartsAt">61131</value><value key="EndsAt">62329</value><value key="ParagraphFormatting">&lt;w:pPr&gt;&lt;w:spacing w:line=&quot;360&quot; w:lineRule=&quot;auto&quot;/&gt;&lt;w:contextualSpacing/&gt;&lt;w:jc w:val=&quot;both&quot;/&gt;&lt;w:textAlignment w:val=&quot;baseline&quot;/&gt;&lt;w:rPr&gt;&lt;w:rFonts w:eastAsia=&quot;Times New Roman&quot;/&gt;&lt;w:color w:val=&quot;000000&quot;/&gt;&lt;w:sz w:val=&quot;24&quot;/&gt;&lt;w:szCs w:val=&quot;24&quot;/&gt;&lt;/w:rPr&gt;&lt;/w:pPr&gt;</value><value key="document">word\document.xml</value></props></cxt-def><cxt-def id="56" type="LocationDetails" purpose="Location"><fmt id="1"/><props><value key="StartsAt">62335</value><value key="EndsAt">63248</value><value key="ParagraphFormatting">&lt;w:pPr&gt;&lt;w:spacing w:line=&quot;360&quot; w:lineRule=&quot;auto&quot;/&gt;&lt;w:contextualSpacing/&gt;&lt;w:jc w:val=&quot;both&quot;/&gt;&lt;w:textAlignment w:val=&quot;baseline&quot;/&gt;&lt;w:rPr&gt;&lt;w:rFonts w:eastAsia=&quot;Times New Roman&quot;/&gt;&lt;w:color w:val=&quot;000000&quot;/&gt;&lt;w:sz w:val=&quot;24&quot;/&gt;&lt;w:szCs w:val=&quot;24&quot;/&gt;&lt;/w:rPr&gt;&lt;/w:pPr&gt;</value><value key="document">word\document.xml</value></props></cxt-def><cxt-def id="57" type="LocationDetails" purpose="Location"><fmt id="1"/><props><value key="StartsAt">63254</value><value key="EndsAt">65857</value><value key="ParagraphFormatting">&lt;w:pPr&gt;&lt;w:spacing w:line=&quot;360&quot; w:lineRule=&quot;auto&quot;/&gt;&lt;w:contextualSpacing/&gt;&lt;w:jc w:val=&quot;both&quot;/&gt;&lt;w:textAlignment w:val=&quot;baseline&quot;/&gt;&lt;w:rPr&gt;&lt;w:rFonts w:eastAsia=&quot;Times New Roman&quot;/&gt;&lt;w:color w:val=&quot;000000&quot;/&gt;&lt;w:sz w:val=&quot;24&quot;/&gt;&lt;w:szCs w:val=&quot;24&quot;/&gt;&lt;/w:rPr&gt;&lt;/w:pPr&gt;</value><value key="document">word\document.xml</value></props></cxt-def><cxt-def id="58" type="LocationDetails" purpose="Location"><fmt id="1"/><props><value key="StartsAt">65863</value><value key="EndsAt">67250</value><value key="ParagraphFormatting">&lt;w:pPr&gt;&lt;w:spacing w:line=&quot;360&quot; w:lineRule=&quot;auto&quot;/&gt;&lt;w:contextualSpacing/&gt;&lt;w:jc w:val=&quot;both&quot;/&gt;&lt;w:textAlignment w:val=&quot;baseline&quot;/&gt;&lt;w:rPr&gt;&lt;w:rFonts w:eastAsia=&quot;Times New Roman&quot;/&gt;&lt;w:color w:val=&quot;000000&quot;/&gt;&lt;w:sz w:val=&quot;24&quot;/&gt;&lt;w:szCs w:val=&quot;24&quot;/&gt;&lt;/w:rPr&gt;&lt;/w:pPr&gt;</value><value key="document">word\document.xml</value></props></cxt-def><cxt-def id="59" type="LocationDetails" purpose="Location"><fmt id="1"/><props><value key="StartsAt">67256</value><value key="EndsAt">68827</value><value key="ParagraphFormatting">&lt;w:pPr&gt;&lt;w:spacing w:line=&quot;360&quot; w:lineRule=&quot;auto&quot;/&gt;&lt;w:contextualSpacing/&gt;&lt;w:jc w:val=&quot;both&quot;/&gt;&lt;w:textAlignment w:val=&quot;baseline&quot;/&gt;&lt;w:rPr&gt;&lt;w:rFonts w:eastAsia=&quot;Times New Roman&quot;/&gt;&lt;w:color w:val=&quot;000000&quot;/&gt;&lt;w:sz w:val=&quot;24&quot;/&gt;&lt;w:szCs w:val=&quot;24&quot;/&gt;&lt;/w:rPr&gt;&lt;/w:pPr&gt;</value><value key="document">word\document.xml</value></props></cxt-def><cxt-def id="60" type="LocationDetails" purpose="Location"><fmt id="1"/><props><value key="StartsAt">68833</value><value key="EndsAt">70548</value><value key="ParagraphFormatting">&lt;w:pPr&gt;&lt;w:spacing w:line=&quot;360&quot; w:lineRule=&quot;auto&quot;/&gt;&lt;w:contextualSpacing/&gt;&lt;w:jc w:val=&quot;both&quot;/&gt;&lt;w:textAlignment w:val=&quot;baseline&quot;/&gt;&lt;w:rPr&gt;&lt;w:rFonts w:eastAsia=&quot;Times New Roman&quot;/&gt;&lt;w:color w:val=&quot;000000&quot;/&gt;&lt;w:sz w:val=&quot;24&quot;/&gt;&lt;w:szCs w:val=&quot;24&quot;/&gt;&lt;/w:rPr&gt;&lt;/w:pPr&gt;</value><value key="document">word\document.xml</value></props></cxt-def><cxt-def id="61" type="LocationDetails" purpose="Location"><fmt id="1"/><props><value key="StartsAt">70554</value><value key="EndsAt">72784</value><value key="ParagraphFormatting">&lt;w:pPr&gt;&lt;w:spacing w:line=&quot;360&quot; w:lineRule=&quot;auto&quot;/&gt;&lt;w:contextualSpacing/&gt;&lt;w:jc w:val=&quot;both&quot;/&gt;&lt;w:textAlignment w:val=&quot;baseline&quot;/&gt;&lt;w:rPr&gt;&lt;w:rFonts w:eastAsia=&quot;Times New Roman&quot;/&gt;&lt;w:color w:val=&quot;000000&quot;/&gt;&lt;w:sz w:val=&quot;24&quot;/&gt;&lt;w:szCs w:val=&quot;24&quot;/&gt;&lt;/w:rPr&gt;&lt;/w:pPr&gt;</value><value key="document">word\document.xml</value></props></cxt-def><cxt-def id="62" type="LocationDetails" purpose="Location"><fmt id="1"/><props><value key="StartsAt">72790</value><value key="EndsAt">74142</value><value key="ParagraphFormatting">&lt;w:pPr&gt;&lt;w:spacing w:line=&quot;360&quot; w:lineRule=&quot;auto&quot;/&gt;&lt;w:contextualSpacing/&gt;&lt;w:jc w:val=&quot;both&quot;/&gt;&lt;w:textAlignment w:val=&quot;baseline&quot;/&gt;&lt;w:rPr&gt;&lt;w:rFonts w:eastAsia=&quot;Times New Roman&quot;/&gt;&lt;w:color w:val=&quot;000000&quot;/&gt;&lt;w:sz w:val=&quot;24&quot;/&gt;&lt;w:szCs w:val=&quot;24&quot;/&gt;&lt;/w:rPr&gt;&lt;/w:pPr&gt;</value><value key="document">word\document.xml</value></props></cxt-def><cxt-def id="63" type="LocationDetails" purpose="Location"><fmt id="1"/><props><value key="StartsAt">74148</value><value key="EndsAt">75313</value><value key="ParagraphFormatting">&lt;w:pPr&gt;&lt;w:spacing w:line=&quot;360&quot; w:lineRule=&quot;auto&quot;/&gt;&lt;w:contextualSpacing/&gt;&lt;w:jc w:val=&quot;both&quot;/&gt;&lt;w:textAlignment w:val=&quot;baseline&quot;/&gt;&lt;w:rPr&gt;&lt;w:rFonts w:eastAsia=&quot;Times New Roman&quot;/&gt;&lt;w:color w:val=&quot;000000&quot;/&gt;&lt;w:sz w:val=&quot;24&quot;/&gt;&lt;w:szCs w:val=&quot;24&quot;/&gt;&lt;/w:rPr&gt;&lt;/w:pPr&gt;</value><value key="document">word\document.xml</value></props></cxt-def><cxt-def id="64" type="LocationDetails" purpose="Location"><fmt id="1"/><props><value key="StartsAt">75319</value><value key="EndsAt">76225</value><value key="ParagraphFormatting">&lt;w:pPr&gt;&lt;w:spacing w:line=&quot;360&quot; w:lineRule=&quot;auto&quot;/&gt;&lt;w:contextualSpacing/&gt;&lt;w:jc w:val=&quot;both&quot;/&gt;&lt;w:textAlignment w:val=&quot;baseline&quot;/&gt;&lt;w:rPr&gt;&lt;w:rFonts w:eastAsia=&quot;Times New Roman&quot;/&gt;&lt;w:color w:val=&quot;000000&quot;/&gt;&lt;w:sz w:val=&quot;24&quot;/&gt;&lt;w:szCs w:val=&quot;24&quot;/&gt;&lt;/w:rPr&gt;&lt;/w:pPr&gt;</value><value key="document">word\document.xml</value></props></cxt-def><cxt-def id="65" type="LocationDetails" purpose="Location"><fmt id="1"/><props><value key="StartsAt">76231</value><value key="EndsAt">77962</value><value key="ParagraphFormatting">&lt;w:pPr&gt;&lt;w:spacing w:line=&quot;360&quot; w:lineRule=&quot;auto&quot;/&gt;&lt;w:contextualSpacing/&gt;&lt;w:jc w:val=&quot;both&quot;/&gt;&lt;w:textAlignment w:val=&quot;baseline&quot;/&gt;&lt;w:rPr&gt;&lt;w:rFonts w:eastAsia=&quot;Times New Roman&quot;/&gt;&lt;w:color w:val=&quot;000000&quot;/&gt;&lt;w:sz w:val=&quot;24&quot;/&gt;&lt;w:szCs w:val=&quot;24&quot;/&gt;&lt;/w:rPr&gt;&lt;/w:pPr&gt;</value><value key="document">word\document.xml</value></props></cxt-def><cxt-def id="66" type="LocationDetails" purpose="Location"><fmt id="1"/><props><value key="StartsAt">77968</value><value key="EndsAt">79572</value><value key="ParagraphFormatting">&lt;w:pPr&gt;&lt;w:spacing w:line=&quot;360&quot; w:lineRule=&quot;auto&quot;/&gt;&lt;w:contextualSpacing/&gt;&lt;w:jc w:val=&quot;both&quot;/&gt;&lt;w:textAlignment w:val=&quot;baseline&quot;/&gt;&lt;w:rPr&gt;&lt;w:rFonts w:eastAsia=&quot;Times New Roman&quot;/&gt;&lt;w:color w:val=&quot;000000&quot;/&gt;&lt;w:sz w:val=&quot;24&quot;/&gt;&lt;w:szCs w:val=&quot;24&quot;/&gt;&lt;/w:rPr&gt;&lt;/w:pPr&gt;</value><value key="document">word\document.xml</value></props></cxt-def><cxt-def id="67" type="LocationDetails" purpose="Location"><fmt id="1"/><props><value key="StartsAt">79578</value><value key="EndsAt">80405</value><value key="ParagraphFormatting">&lt;w:pPr&gt;&lt;w:spacing w:line=&quot;360&quot; w:lineRule=&quot;auto&quot;/&gt;&lt;w:contextualSpacing/&gt;&lt;w:jc w:val=&quot;both&quot;/&gt;&lt;w:textAlignment w:val=&quot;baseline&quot;/&gt;&lt;w:rPr&gt;&lt;w:rFonts w:eastAsia=&quot;Times New Roman&quot;/&gt;&lt;w:color w:val=&quot;000000&quot;/&gt;&lt;w:sz w:val=&quot;24&quot;/&gt;&lt;w:szCs w:val=&quot;24&quot;/&gt;&lt;/w:rPr&gt;&lt;/w:pPr&gt;</value><value key="document">word\document.xml</value></props></cxt-def><cxt-def id="68" type="LocationDetails" purpose="Location"><fmt id="1"/><props><value key="StartsAt">80411</value><value key="EndsAt">81063</value><value key="ParagraphFormatting">&lt;w:pPr&gt;&lt;w:spacing w:line=&quot;360&quot; w:lineRule=&quot;auto&quot;/&gt;&lt;w:contextualSpacing/&gt;&lt;w:jc w:val=&quot;both&quot;/&gt;&lt;w:textAlignment w:val=&quot;baseline&quot;/&gt;&lt;w:rPr&gt;&lt;w:rFonts w:eastAsia=&quot;Times New Roman&quot;/&gt;&lt;w:color w:val=&quot;000000&quot;/&gt;&lt;w:sz w:val=&quot;24&quot;/&gt;&lt;w:szCs w:val=&quot;24&quot;/&gt;&lt;/w:rPr&gt;&lt;/w:pPr&gt;</value><value key="document">word\document.xml</value></props></cxt-def><cxt-def id="69" type="LocationDetails" purpose="Location"><fmt id="1"/><props><value key="StartsAt">81069</value><value key="EndsAt">82119</value><value key="ParagraphFormatting">&lt;w:pPr&gt;&lt;w:spacing w:line=&quot;360&quot; w:lineRule=&quot;auto&quot;/&gt;&lt;w:contextualSpacing/&gt;&lt;w:jc w:val=&quot;both&quot;/&gt;&lt;w:textAlignment w:val=&quot;baseline&quot;/&gt;&lt;w:rPr&gt;&lt;w:rFonts w:eastAsia=&quot;Times New Roman&quot;/&gt;&lt;w:color w:val=&quot;000000&quot;/&gt;&lt;w:sz w:val=&quot;24&quot;/&gt;&lt;w:szCs w:val=&quot;24&quot;/&gt;&lt;/w:rPr&gt;&lt;/w:pPr&gt;</value><value key="document">word\document.xml</value></props></cxt-def><cxt-def id="70" type="LocationDetails" purpose="Location"><fmt id="1"/><props><value key="StartsAt">82125</value><value key="EndsAt">83215</value><value key="ParagraphFormatting">&lt;w:pPr&gt;&lt;w:spacing w:line=&quot;360&quot; w:lineRule=&quot;auto&quot;/&gt;&lt;w:contextualSpacing/&gt;&lt;w:jc w:val=&quot;both&quot;/&gt;&lt;w:textAlignment w:val=&quot;baseline&quot;/&gt;&lt;w:rPr&gt;&lt;w:rFonts w:eastAsia=&quot;Times New Roman&quot;/&gt;&lt;w:color w:val=&quot;000000&quot;/&gt;&lt;w:sz w:val=&quot;24&quot;/&gt;&lt;w:szCs w:val=&quot;24&quot;/&gt;&lt;/w:rPr&gt;&lt;/w:pPr&gt;</value><value key="document">word\document.xml</value></props></cxt-def><cxt-def id="71" type="LocationDetails" purpose="Location"><fmt id="1"/><props><value key="StartsAt">83221</value><value key="EndsAt">84251</value><value key="ParagraphFormatting">&lt;w:pPr&gt;&lt;w:spacing w:line=&quot;360&quot; w:lineRule=&quot;auto&quot;/&gt;&lt;w:contextualSpacing/&gt;&lt;w:jc w:val=&quot;both&quot;/&gt;&lt;w:textAlignment w:val=&quot;baseline&quot;/&gt;&lt;w:rPr&gt;&lt;w:rFonts w:eastAsia=&quot;Times New Roman&quot;/&gt;&lt;w:color w:val=&quot;000000&quot;/&gt;&lt;w:sz w:val=&quot;24&quot;/&gt;&lt;w:szCs w:val=&quot;24&quot;/&gt;&lt;/w:rPr&gt;&lt;/w:pPr&gt;</value><value key="document">word\document.xml</value></props></cxt-def><cxt-def id="72" type="LocationDetails" purpose="Location"><fmt id="1"/><props><value key="StartsAt">84257</value><value key="EndsAt">85152</value><value key="ParagraphFormatting">&lt;w:pPr&gt;&lt;w:spacing w:line=&quot;360&quot; w:lineRule=&quot;auto&quot;/&gt;&lt;w:contextualSpacing/&gt;&lt;w:jc w:val=&quot;both&quot;/&gt;&lt;w:textAlignment w:val=&quot;baseline&quot;/&gt;&lt;w:rPr&gt;&lt;w:rFonts w:eastAsia=&quot;Times New Roman&quot;/&gt;&lt;w:color w:val=&quot;000000&quot;/&gt;&lt;w:sz w:val=&quot;24&quot;/&gt;&lt;w:szCs w:val=&quot;24&quot;/&gt;&lt;/w:rPr&gt;&lt;/w:pPr&gt;</value><value key="document">word\document.xml</value></props></cxt-def><cxt-def id="73" type="LocationDetails" purpose="Location"><fmt id="1"/><props><value key="StartsAt">85158</value><value key="EndsAt">85790</value><value key="ParagraphFormatting">&lt;w:pPr&gt;&lt;w:spacing w:line=&quot;360&quot; w:lineRule=&quot;auto&quot;/&gt;&lt;w:contextualSpacing/&gt;&lt;w:jc w:val=&quot;both&quot;/&gt;&lt;w:textAlignment w:val=&quot;baseline&quot;/&gt;&lt;w:rPr&gt;&lt;w:rFonts w:eastAsia=&quot;Times New Roman&quot;/&gt;&lt;w:color w:val=&quot;000000&quot;/&gt;&lt;w:sz w:val=&quot;24&quot;/&gt;&lt;w:szCs w:val=&quot;24&quot;/&gt;&lt;/w:rPr&gt;&lt;/w:pPr&gt;</value><value key="document">word\document.xml</value></props></cxt-def><cxt-def id="74" type="LocationDetails" purpose="Location"><fmt id="1"/><props><value key="StartsAt">85796</value><value key="EndsAt">86872</value><value key="ParagraphFormatting">&lt;w:pPr&gt;&lt;w:spacing w:line=&quot;360&quot; w:lineRule=&quot;auto&quot;/&gt;&lt;w:contextualSpacing/&gt;&lt;w:jc w:val=&quot;both&quot;/&gt;&lt;w:textAlignment w:val=&quot;baseline&quot;/&gt;&lt;w:rPr&gt;&lt;w:rFonts w:eastAsia=&quot;Times New Roman&quot;/&gt;&lt;w:color w:val=&quot;000000&quot;/&gt;&lt;w:sz w:val=&quot;24&quot;/&gt;&lt;w:szCs w:val=&quot;24&quot;/&gt;&lt;/w:rPr&gt;&lt;/w:pPr&gt;</value><value key="document">word\document.xml</value></props></cxt-def><cxt-def id="75" type="LocationDetails" purpose="Location"><fmt id="1"/><props><value key="StartsAt">86878</value><value key="EndsAt">87907</value><value key="ParagraphFormatting">&lt;w:pPr&gt;&lt;w:spacing w:line=&quot;360&quot; w:lineRule=&quot;auto&quot;/&gt;&lt;w:contextualSpacing/&gt;&lt;w:jc w:val=&quot;both&quot;/&gt;&lt;w:textAlignment w:val=&quot;baseline&quot;/&gt;&lt;w:rPr&gt;&lt;w:rFonts w:eastAsia=&quot;Times New Roman&quot;/&gt;&lt;w:color w:val=&quot;000000&quot;/&gt;&lt;w:sz w:val=&quot;24&quot;/&gt;&lt;w:szCs w:val=&quot;24&quot;/&gt;&lt;/w:rPr&gt;&lt;/w:pPr&gt;</value><value key="document">word\document.xml</value></props></cxt-def><cxt-def id="76" type="LocationDetails" purpose="Location"><fmt id="1"/><props><value key="StartsAt">87913</value><value key="EndsAt">88774</value><value key="ParagraphFormatting">&lt;w:pPr&gt;&lt;w:spacing w:line=&quot;360&quot; w:lineRule=&quot;auto&quot;/&gt;&lt;w:contextualSpacing/&gt;&lt;w:jc w:val=&quot;both&quot;/&gt;&lt;w:textAlignment w:val=&quot;baseline&quot;/&gt;&lt;w:rPr&gt;&lt;w:rFonts w:eastAsia=&quot;Times New Roman&quot;/&gt;&lt;w:color w:val=&quot;000000&quot;/&gt;&lt;w:sz w:val=&quot;24&quot;/&gt;&lt;w:szCs w:val=&quot;24&quot;/&gt;&lt;/w:rPr&gt;&lt;/w:pPr&gt;</value><value key="document">word\document.xml</value></props></cxt-def><cxt-def id="77" type="LocationDetails" purpose="Location"><fmt id="1"/><props><value key="StartsAt">88780</value><value key="EndsAt">89827</value><value key="ParagraphFormatting">&lt;w:pPr&gt;&lt;w:spacing w:line=&quot;360&quot; w:lineRule=&quot;auto&quot;/&gt;&lt;w:contextualSpacing/&gt;&lt;w:jc w:val=&quot;both&quot;/&gt;&lt;w:textAlignment w:val=&quot;baseline&quot;/&gt;&lt;w:rPr&gt;&lt;w:rFonts w:eastAsia=&quot;Times New Roman&quot;/&gt;&lt;w:color w:val=&quot;000000&quot;/&gt;&lt;w:sz w:val=&quot;24&quot;/&gt;&lt;w:szCs w:val=&quot;24&quot;/&gt;&lt;/w:rPr&gt;&lt;/w:pPr&gt;</value><value key="document">word\document.xml</value></props></cxt-def><cxt-def id="78" type="LocationDetails" purpose="Location"><fmt id="1"/><props><value key="StartsAt">89833</value><value key="EndsAt">90609</value><value key="ParagraphFormatting">&lt;w:pPr&gt;&lt;w:spacing w:line=&quot;360&quot; w:lineRule=&quot;auto&quot;/&gt;&lt;w:contextualSpacing/&gt;&lt;w:jc w:val=&quot;both&quot;/&gt;&lt;w:textAlignment w:val=&quot;baseline&quot;/&gt;&lt;w:rPr&gt;&lt;w:rFonts w:eastAsia=&quot;Times New Roman&quot;/&gt;&lt;w:color w:val=&quot;000000&quot;/&gt;&lt;w:sz w:val=&quot;24&quot;/&gt;&lt;w:szCs w:val=&quot;24&quot;/&gt;&lt;/w:rPr&gt;&lt;/w:pPr&gt;</value><value key="document">word\document.xml</value></props></cxt-def><cxt-def id="79" type="LocationDetails" purpose="Location"><fmt id="1"/><props><value key="StartsAt">90615</value><value key="EndsAt">91525</value><value key="ParagraphFormatting">&lt;w:pPr&gt;&lt;w:spacing w:line=&quot;360&quot; w:lineRule=&quot;auto&quot;/&gt;&lt;w:contextualSpacing/&gt;&lt;w:jc w:val=&quot;both&quot;/&gt;&lt;w:textAlignment w:val=&quot;baseline&quot;/&gt;&lt;w:rPr&gt;&lt;w:rFonts w:eastAsia=&quot;Times New Roman&quot;/&gt;&lt;w:color w:val=&quot;000000&quot;/&gt;&lt;w:sz w:val=&quot;24&quot;/&gt;&lt;w:szCs w:val=&quot;24&quot;/&gt;&lt;/w:rPr&gt;&lt;/w:pPr&gt;</value><value key="document">word\document.xml</value></props></cxt-def><cxt-def id="80" type="LocationDetails" purpose="Location"><fmt id="1"/><props><value key="StartsAt">91531</value><value key="EndsAt">92537</value><value key="ParagraphFormatting">&lt;w:pPr&gt;&lt;w:spacing w:line=&quot;360&quot; w:lineRule=&quot;auto&quot;/&gt;&lt;w:contextualSpacing/&gt;&lt;w:jc w:val=&quot;both&quot;/&gt;&lt;w:textAlignment w:val=&quot;baseline&quot;/&gt;&lt;w:rPr&gt;&lt;w:rFonts w:eastAsia=&quot;Times New Roman&quot;/&gt;&lt;w:color w:val=&quot;000000&quot;/&gt;&lt;w:sz w:val=&quot;24&quot;/&gt;&lt;w:szCs w:val=&quot;24&quot;/&gt;&lt;/w:rPr&gt;&lt;/w:pPr&gt;</value><value key="document">word\document.xml</value></props></cxt-def><cxt-def id="81" type="LocationDetails" purpose="Location"><fmt id="1"/><props><value key="StartsAt">92543</value><value key="EndsAt">93496</value><value key="ParagraphFormatting">&lt;w:pPr&gt;&lt;w:spacing w:line=&quot;360&quot; w:lineRule=&quot;auto&quot;/&gt;&lt;w:contextualSpacing/&gt;&lt;w:jc w:val=&quot;both&quot;/&gt;&lt;w:textAlignment w:val=&quot;baseline&quot;/&gt;&lt;w:rPr&gt;&lt;w:rFonts w:eastAsia=&quot;Times New Roman&quot;/&gt;&lt;w:color w:val=&quot;000000&quot;/&gt;&lt;w:sz w:val=&quot;24&quot;/&gt;&lt;w:szCs w:val=&quot;24&quot;/&gt;&lt;/w:rPr&gt;&lt;/w:pPr&gt;</value><value key="document">word\document.xml</value></props></cxt-def><cxt-def id="82" type="LocationDetails" purpose="Location"><fmt id="1"/><props><value key="StartsAt">93502</value><value key="EndsAt">96608</value><value key="ParagraphFormatting">&lt;w:pPr&gt;&lt;w:spacing w:line=&quot;360&quot; w:lineRule=&quot;auto&quot;/&gt;&lt;w:contextualSpacing/&gt;&lt;w:jc w:val=&quot;both&quot;/&gt;&lt;w:textAlignment w:val=&quot;baseline&quot;/&gt;&lt;w:rPr&gt;&lt;w:rFonts w:eastAsia=&quot;Times New Roman&quot;/&gt;&lt;w:color w:val=&quot;000000&quot;/&gt;&lt;w:sz w:val=&quot;24&quot;/&gt;&lt;w:szCs w:val=&quot;24&quot;/&gt;&lt;/w:rPr&gt;&lt;/w:pPr&gt;</value><value key="document">word\document.xml</value></props></cxt-def><cxt-def id="83" type="LocationDetails" purpose="Location"><fmt id="1"/><props><value key="StartsAt">96614</value><value key="EndsAt">97316</value><value key="ParagraphFormatting">&lt;w:pPr&gt;&lt;w:spacing w:line=&quot;360&quot; w:lineRule=&quot;auto&quot;/&gt;&lt;w:contextualSpacing/&gt;&lt;w:jc w:val=&quot;both&quot;/&gt;&lt;w:textAlignment w:val=&quot;baseline&quot;/&gt;&lt;w:rPr&gt;&lt;w:rFonts w:eastAsia=&quot;Times New Roman&quot;/&gt;&lt;w:color w:val=&quot;000000&quot;/&gt;&lt;w:sz w:val=&quot;24&quot;/&gt;&lt;w:szCs w:val=&quot;24&quot;/&gt;&lt;/w:rPr&gt;&lt;/w:pPr&gt;</value><value key="document">word\document.xml</value></props></cxt-def><cxt-def id="84" type="LocationDetails" purpose="Location"><fmt id="1"/><props><value key="StartsAt">97322</value><value key="EndsAt">99355</value><value key="ParagraphFormatting">&lt;w:pPr&gt;&lt;w:spacing w:line=&quot;360&quot; w:lineRule=&quot;auto&quot;/&gt;&lt;w:contextualSpacing/&gt;&lt;w:jc w:val=&quot;both&quot;/&gt;&lt;w:textAlignment w:val=&quot;baseline&quot;/&gt;&lt;w:rPr&gt;&lt;w:rFonts w:eastAsia=&quot;Times New Roman&quot;/&gt;&lt;w:color w:val=&quot;000000&quot;/&gt;&lt;w:sz w:val=&quot;24&quot;/&gt;&lt;w:szCs w:val=&quot;24&quot;/&gt;&lt;/w:rPr&gt;&lt;/w:pPr&gt;</value><value key="document">word\document.xml</value></props></cxt-def><cxt-def id="85" type="LocationDetails" purpose="Location"><fmt id="1"/><props><value key="StartsAt">99361</value><value key="EndsAt">100141</value><value key="ParagraphFormatting">&lt;w:pPr&gt;&lt;w:spacing w:line=&quot;360&quot; w:lineRule=&quot;auto&quot;/&gt;&lt;w:contextualSpacing/&gt;&lt;w:jc w:val=&quot;both&quot;/&gt;&lt;w:textAlignment w:val=&quot;baseline&quot;/&gt;&lt;w:rPr&gt;&lt;w:rFonts w:eastAsia=&quot;Times New Roman&quot;/&gt;&lt;w:color w:val=&quot;000000&quot;/&gt;&lt;w:sz w:val=&quot;24&quot;/&gt;&lt;w:szCs w:val=&quot;24&quot;/&gt;&lt;/w:rPr&gt;&lt;/w:pPr&gt;</value><value key="document">word\document.xml</value></props></cxt-def><cxt-def id="86" type="LocationDetails" purpose="Location"><fmt id="1"/><props><value key="StartsAt">100147</value><value key="EndsAt">100965</value><value key="ParagraphFormatting">&lt;w:pPr&gt;&lt;w:spacing w:line=&quot;360&quot; w:lineRule=&quot;auto&quot;/&gt;&lt;w:contextualSpacing/&gt;&lt;w:jc w:val=&quot;both&quot;/&gt;&lt;w:textAlignment w:val=&quot;baseline&quot;/&gt;&lt;w:rPr&gt;&lt;w:rFonts w:eastAsia=&quot;Times New Roman&quot;/&gt;&lt;w:color w:val=&quot;000000&quot;/&gt;&lt;w:sz w:val=&quot;24&quot;/&gt;&lt;w:szCs w:val=&quot;24&quot;/&gt;&lt;/w:rPr&gt;&lt;/w:pPr&gt;</value><value key="document">word\document.xml</value></props></cxt-def><cxt-def id="87" type="LocationDetails" purpose="Location"><fmt id="1"/><props><value key="StartsAt">100971</value><value key="EndsAt">101898</value><value key="ParagraphFormatting">&lt;w:pPr&gt;&lt;w:spacing w:line=&quot;360&quot; w:lineRule=&quot;auto&quot;/&gt;&lt;w:contextualSpacing/&gt;&lt;w:jc w:val=&quot;both&quot;/&gt;&lt;w:textAlignment w:val=&quot;baseline&quot;/&gt;&lt;w:rPr&gt;&lt;w:rFonts w:eastAsia=&quot;Times New Roman&quot;/&gt;&lt;w:color w:val=&quot;000000&quot;/&gt;&lt;w:sz w:val=&quot;24&quot;/&gt;&lt;w:szCs w:val=&quot;24&quot;/&gt;&lt;/w:rPr&gt;&lt;/w:pPr&gt;</value><value key="document">word\document.xml</value></props></cxt-def><cxt-def id="88" type="LocationDetails" purpose="Location"><fmt id="1"/><props><value key="StartsAt">101904</value><value key="EndsAt">102934</value><value key="ParagraphFormatting">&lt;w:pPr&gt;&lt;w:spacing w:line=&quot;360&quot; w:lineRule=&quot;auto&quot;/&gt;&lt;w:contextualSpacing/&gt;&lt;w:jc w:val=&quot;both&quot;/&gt;&lt;w:textAlignment w:val=&quot;baseline&quot;/&gt;&lt;w:rPr&gt;&lt;w:rFonts w:eastAsia=&quot;Times New Roman&quot;/&gt;&lt;w:color w:val=&quot;000000&quot;/&gt;&lt;w:sz w:val=&quot;24&quot;/&gt;&lt;w:szCs w:val=&quot;24&quot;/&gt;&lt;/w:rPr&gt;&lt;/w:pPr&gt;</value><value key="document">word\document.xml</value></props></cxt-def><cxt-def id="89" type="LocationDetails" purpose="Location"><fmt id="1"/><props><value key="StartsAt">102940</value><value key="EndsAt">103799</value><value key="ParagraphFormatting">&lt;w:pPr&gt;&lt;w:spacing w:line=&quot;360&quot; w:lineRule=&quot;auto&quot;/&gt;&lt;w:contextualSpacing/&gt;&lt;w:jc w:val=&quot;both&quot;/&gt;&lt;w:textAlignment w:val=&quot;baseline&quot;/&gt;&lt;w:rPr&gt;&lt;w:rFonts w:eastAsia=&quot;Times New Roman&quot;/&gt;&lt;w:color w:val=&quot;000000&quot;/&gt;&lt;w:sz w:val=&quot;24&quot;/&gt;&lt;w:szCs w:val=&quot;24&quot;/&gt;&lt;/w:rPr&gt;&lt;/w:pPr&gt;</value><value key="document">word\document.xml</value></props></cxt-def><cxt-def id="90" type="LocationDetails" purpose="Location"><fmt id="1"/><props><value key="StartsAt">103805</value><value key="EndsAt">104588</value><value key="ParagraphFormatting">&lt;w:pPr&gt;&lt;w:spacing w:line=&quot;360&quot; w:lineRule=&quot;auto&quot;/&gt;&lt;w:contextualSpacing/&gt;&lt;w:jc w:val=&quot;both&quot;/&gt;&lt;w:textAlignment w:val=&quot;baseline&quot;/&gt;&lt;w:rPr&gt;&lt;w:rFonts w:eastAsia=&quot;Times New Roman&quot;/&gt;&lt;w:color w:val=&quot;000000&quot;/&gt;&lt;w:sz w:val=&quot;24&quot;/&gt;&lt;w:szCs w:val=&quot;24&quot;/&gt;&lt;/w:rPr&gt;&lt;/w:pPr&gt;</value><value key="document">word\document.xml</value></props></cxt-def><cxt-def id="91" type="LocationDetails" purpose="Location"><fmt id="1"/><props><value key="StartsAt">104594</value><value key="EndsAt">105297</value><value key="ParagraphFormatting">&lt;w:pPr&gt;&lt;w:spacing w:line=&quot;360&quot; w:lineRule=&quot;auto&quot;/&gt;&lt;w:contextualSpacing/&gt;&lt;w:jc w:val=&quot;both&quot;/&gt;&lt;w:textAlignment w:val=&quot;baseline&quot;/&gt;&lt;w:rPr&gt;&lt;w:rFonts w:eastAsia=&quot;Times New Roman&quot;/&gt;&lt;w:color w:val=&quot;000000&quot;/&gt;&lt;w:sz w:val=&quot;24&quot;/&gt;&lt;w:szCs w:val=&quot;24&quot;/&gt;&lt;/w:rPr&gt;&lt;/w:pPr&gt;</value><value key="document">word\document.xml</value></props></cxt-def><cxt-def id="92" type="LocationDetails" purpose="Location"><fmt id="1"/><props><value key="StartsAt">105303</value><value key="EndsAt">106805</value><value key="ParagraphFormatting">&lt;w:pPr&gt;&lt;w:spacing w:line=&quot;360&quot; w:lineRule=&quot;auto&quot;/&gt;&lt;w:contextualSpacing/&gt;&lt;w:jc w:val=&quot;both&quot;/&gt;&lt;w:textAlignment w:val=&quot;baseline&quot;/&gt;&lt;w:rPr&gt;&lt;w:rFonts w:eastAsia=&quot;Times New Roman&quot;/&gt;&lt;w:color w:val=&quot;000000&quot;/&gt;&lt;w:sz w:val=&quot;24&quot;/&gt;&lt;w:szCs w:val=&quot;24&quot;/&gt;&lt;/w:rPr&gt;&lt;/w:pPr&gt;</value><value key="document">word\document.xml</value></props></cxt-def><cxt-def id="93" type="LocationDetails" purpose="Location"><fmt id="1"/><props><value key="StartsAt">106811</value><value key="EndsAt">107801</value><value key="ParagraphFormatting">&lt;w:pPr&gt;&lt;w:spacing w:line=&quot;360&quot; w:lineRule=&quot;auto&quot;/&gt;&lt;w:contextualSpacing/&gt;&lt;w:jc w:val=&quot;both&quot;/&gt;&lt;w:textAlignment w:val=&quot;baseline&quot;/&gt;&lt;w:rPr&gt;&lt;w:rFonts w:eastAsia=&quot;Times New Roman&quot;/&gt;&lt;w:color w:val=&quot;000000&quot;/&gt;&lt;w:sz w:val=&quot;24&quot;/&gt;&lt;w:szCs w:val=&quot;24&quot;/&gt;&lt;/w:rPr&gt;&lt;/w:pPr&gt;</value><value key="document">word\document.xml</value></props></cxt-def><cxt-def id="94" type="LocationDetails" purpose="Location"><fmt id="1"/><props><value key="StartsAt">107807</value><value key="EndsAt">109365</value><value key="ParagraphFormatting">&lt;w:pPr&gt;&lt;w:spacing w:line=&quot;360&quot; w:lineRule=&quot;auto&quot;/&gt;&lt;w:contextualSpacing/&gt;&lt;w:jc w:val=&quot;both&quot;/&gt;&lt;w:textAlignment w:val=&quot;baseline&quot;/&gt;&lt;w:rPr&gt;&lt;w:rFonts w:eastAsia=&quot;Times New Roman&quot;/&gt;&lt;w:color w:val=&quot;000000&quot;/&gt;&lt;w:sz w:val=&quot;24&quot;/&gt;&lt;w:szCs w:val=&quot;24&quot;/&gt;&lt;/w:rPr&gt;&lt;/w:pPr&gt;</value><value key="document">word\document.xml</value></props></cxt-def><cxt-def id="95" type="LocationDetails" purpose="Location"><fmt id="1"/><props><value key="StartsAt">109371</value><value key="EndsAt">110352</value><value key="ParagraphFormatting">&lt;w:pPr&gt;&lt;w:spacing w:line=&quot;360&quot; w:lineRule=&quot;auto&quot;/&gt;&lt;w:contextualSpacing/&gt;&lt;w:jc w:val=&quot;both&quot;/&gt;&lt;w:textAlignment w:val=&quot;baseline&quot;/&gt;&lt;w:rPr&gt;&lt;w:rFonts w:eastAsia=&quot;Times New Roman&quot;/&gt;&lt;w:color w:val=&quot;000000&quot;/&gt;&lt;w:sz w:val=&quot;24&quot;/&gt;&lt;w:szCs w:val=&quot;24&quot;/&gt;&lt;/w:rPr&gt;&lt;/w:pPr&gt;</value><value key="document">word\document.xml</value></props></cxt-def><cxt-def id="96" type="LocationDetails" purpose="Location"><fmt id="1"/><props><value key="StartsAt">110358</value><value key="EndsAt">111753</value><value key="ParagraphFormatting">&lt;w:pPr&gt;&lt;w:spacing w:line=&quot;360&quot; w:lineRule=&quot;auto&quot;/&gt;&lt;w:contextualSpacing/&gt;&lt;w:jc w:val=&quot;both&quot;/&gt;&lt;w:textAlignment w:val=&quot;baseline&quot;/&gt;&lt;w:rPr&gt;&lt;w:rFonts w:eastAsia=&quot;Times New Roman&quot;/&gt;&lt;w:color w:val=&quot;000000&quot;/&gt;&lt;w:sz w:val=&quot;24&quot;/&gt;&lt;w:szCs w:val=&quot;24&quot;/&gt;&lt;/w:rPr&gt;&lt;/w:pPr&gt;</value><value key="document">word\document.xml</value></props></cxt-def><cxt-def id="97" type="LocationDetails" purpose="Location"><fmt id="1"/><props><value key="StartsAt">111759</value><value key="EndsAt">112326</value><value key="ParagraphFormatting">&lt;w:pPr&gt;&lt;w:spacing w:line=&quot;360&quot; w:lineRule=&quot;auto&quot;/&gt;&lt;w:contextualSpacing/&gt;&lt;w:jc w:val=&quot;both&quot;/&gt;&lt;w:textAlignment w:val=&quot;baseline&quot;/&gt;&lt;w:rPr&gt;&lt;w:rFonts w:eastAsia=&quot;Times New Roman&quot;/&gt;&lt;w:color w:val=&quot;000000&quot;/&gt;&lt;w:sz w:val=&quot;24&quot;/&gt;&lt;w:szCs w:val=&quot;24&quot;/&gt;&lt;/w:rPr&gt;&lt;/w:pPr&gt;</value><value key="document">word\document.xml</value></props></cxt-def><cxt-def id="98" type="LocationDetails" purpose="Location"><fmt id="1"/><props><value key="StartsAt">112332</value><value key="EndsAt">113251</value><value key="ParagraphFormatting">&lt;w:pPr&gt;&lt;w:spacing w:line=&quot;360&quot; w:lineRule=&quot;auto&quot;/&gt;&lt;w:contextualSpacing/&gt;&lt;w:jc w:val=&quot;both&quot;/&gt;&lt;w:textAlignment w:val=&quot;baseline&quot;/&gt;&lt;w:rPr&gt;&lt;w:rFonts w:eastAsia=&quot;Times New Roman&quot;/&gt;&lt;w:color w:val=&quot;000000&quot;/&gt;&lt;w:sz w:val=&quot;24&quot;/&gt;&lt;w:szCs w:val=&quot;24&quot;/&gt;&lt;/w:rPr&gt;&lt;/w:pPr&gt;</value><value key="document">word\document.xml</value></props></cxt-def><cxt-def id="99" type="LocationDetails" purpose="Location"><fmt id="1"/><props><value key="StartsAt">113257</value><value key="EndsAt">114305</value><value key="ParagraphFormatting">&lt;w:pPr&gt;&lt;w:spacing w:line=&quot;360&quot; w:lineRule=&quot;auto&quot;/&gt;&lt;w:contextualSpacing/&gt;&lt;w:jc w:val=&quot;both&quot;/&gt;&lt;w:textAlignment w:val=&quot;baseline&quot;/&gt;&lt;w:rPr&gt;&lt;w:rFonts w:eastAsia=&quot;Times New Roman&quot;/&gt;&lt;w:color w:val=&quot;000000&quot;/&gt;&lt;w:sz w:val=&quot;24&quot;/&gt;&lt;w:szCs w:val=&quot;24&quot;/&gt;&lt;/w:rPr&gt;&lt;/w:pPr&gt;</value><value key="document">word\document.xml</value></props></cxt-def><cxt-def id="100" type="LocationDetails" purpose="Location"><fmt id="1"/><props><value key="StartsAt">114311</value><value key="EndsAt">114982</value><value key="ParagraphFormatting">&lt;w:pPr&gt;&lt;w:spacing w:line=&quot;360&quot; w:lineRule=&quot;auto&quot;/&gt;&lt;w:contextualSpacing/&gt;&lt;w:jc w:val=&quot;both&quot;/&gt;&lt;w:textAlignment w:val=&quot;baseline&quot;/&gt;&lt;w:rPr&gt;&lt;w:rFonts w:eastAsia=&quot;Times New Roman&quot;/&gt;&lt;w:color w:val=&quot;000000&quot;/&gt;&lt;w:sz w:val=&quot;24&quot;/&gt;&lt;w:szCs w:val=&quot;24&quot;/&gt;&lt;/w:rPr&gt;&lt;/w:pPr&gt;</value><value key="document">word\document.xml</value></props></cxt-def><cxt-def id="101" type="LocationDetails" purpose="Location"><fmt id="1"/><props><value key="StartsAt">114988</value><value key="EndsAt">115789</value><value key="ParagraphFormatting">&lt;w:pPr&gt;&lt;w:spacing w:line=&quot;360&quot; w:lineRule=&quot;auto&quot;/&gt;&lt;w:contextualSpacing/&gt;&lt;w:jc w:val=&quot;both&quot;/&gt;&lt;w:textAlignment w:val=&quot;baseline&quot;/&gt;&lt;w:rPr&gt;&lt;w:rFonts w:eastAsia=&quot;Times New Roman&quot;/&gt;&lt;w:color w:val=&quot;000000&quot;/&gt;&lt;w:sz w:val=&quot;24&quot;/&gt;&lt;w:szCs w:val=&quot;24&quot;/&gt;&lt;/w:rPr&gt;&lt;/w:pPr&gt;</value><value key="document">word\document.xml</value></props></cxt-def><cxt-def id="102" type="LocationDetails" purpose="Location"><fmt id="1"/><props><value key="StartsAt">115795</value><value key="EndsAt">116521</value><value key="ParagraphFormatting">&lt;w:pPr&gt;&lt;w:spacing w:line=&quot;360&quot; w:lineRule=&quot;auto&quot;/&gt;&lt;w:contextualSpacing/&gt;&lt;w:jc w:val=&quot;both&quot;/&gt;&lt;w:textAlignment w:val=&quot;baseline&quot;/&gt;&lt;w:rPr&gt;&lt;w:rFonts w:eastAsia=&quot;Times New Roman&quot;/&gt;&lt;w:color w:val=&quot;000000&quot;/&gt;&lt;w:sz w:val=&quot;24&quot;/&gt;&lt;w:szCs w:val=&quot;24&quot;/&gt;&lt;/w:rPr&gt;&lt;/w:pPr&gt;</value><value key="document">word\document.xml</value></props></cxt-def><cxt-def id="103" type="LocationDetails" purpose="Location"><fmt id="1"/><props><value key="StartsAt">116527</value><value key="EndsAt">118554</value><value key="ParagraphFormatting">&lt;w:pPr&gt;&lt;w:spacing w:line=&quot;360&quot; w:lineRule=&quot;auto&quot;/&gt;&lt;w:contextualSpacing/&gt;&lt;w:jc w:val=&quot;both&quot;/&gt;&lt;w:textAlignment w:val=&quot;baseline&quot;/&gt;&lt;w:rPr&gt;&lt;w:rFonts w:eastAsia=&quot;Times New Roman&quot;/&gt;&lt;w:color w:val=&quot;000000&quot;/&gt;&lt;w:sz w:val=&quot;24&quot;/&gt;&lt;w:szCs w:val=&quot;24&quot;/&gt;&lt;/w:rPr&gt;&lt;/w:pPr&gt;</value><value key="document">word\document.xml</value></props></cxt-def><cxt-def id="104" type="LocationDetails" purpose="Location"><fmt id="1"/><props><value key="StartsAt">118560</value><value key="EndsAt">119303</value><value key="ParagraphFormatting">&lt;w:pPr&gt;&lt;w:spacing w:line=&quot;360&quot; w:lineRule=&quot;auto&quot;/&gt;&lt;w:contextualSpacing/&gt;&lt;w:jc w:val=&quot;both&quot;/&gt;&lt;w:textAlignment w:val=&quot;baseline&quot;/&gt;&lt;w:rPr&gt;&lt;w:rFonts w:eastAsia=&quot;Times New Roman&quot;/&gt;&lt;w:color w:val=&quot;000000&quot;/&gt;&lt;w:sz w:val=&quot;24&quot;/&gt;&lt;w:szCs w:val=&quot;24&quot;/&gt;&lt;/w:rPr&gt;&lt;/w:pPr&gt;</value><value key="document">word\document.xml</value></props></cxt-def><cxt-def id="105" type="LocationDetails" purpose="Location"><fmt id="1"/><props><value key="StartsAt">119309</value><value key="EndsAt">120057</value><value key="ParagraphFormatting">&lt;w:pPr&gt;&lt;w:spacing w:line=&quot;360&quot; w:lineRule=&quot;auto&quot;/&gt;&lt;w:contextualSpacing/&gt;&lt;w:jc w:val=&quot;both&quot;/&gt;&lt;w:textAlignment w:val=&quot;baseline&quot;/&gt;&lt;w:rPr&gt;&lt;w:rFonts w:eastAsia=&quot;Times New Roman&quot;/&gt;&lt;w:color w:val=&quot;000000&quot;/&gt;&lt;w:sz w:val=&quot;24&quot;/&gt;&lt;w:szCs w:val=&quot;24&quot;/&gt;&lt;/w:rPr&gt;&lt;/w:pPr&gt;</value><value key="document">word\document.xml</value></props></cxt-def><cxt-def id="106" type="LocationDetails" purpose="Location"><fmt id="1"/><props><value key="StartsAt">120063</value><value key="EndsAt">120963</value><value key="ParagraphFormatting">&lt;w:pPr&gt;&lt;w:spacing w:line=&quot;360&quot; w:lineRule=&quot;auto&quot;/&gt;&lt;w:contextualSpacing/&gt;&lt;w:jc w:val=&quot;both&quot;/&gt;&lt;w:textAlignment w:val=&quot;baseline&quot;/&gt;&lt;w:rPr&gt;&lt;w:rFonts w:eastAsia=&quot;Times New Roman&quot;/&gt;&lt;w:color w:val=&quot;000000&quot;/&gt;&lt;w:sz w:val=&quot;24&quot;/&gt;&lt;w:szCs w:val=&quot;24&quot;/&gt;&lt;/w:rPr&gt;&lt;/w:pPr&gt;</value><value key="document">word\document.xml</value></props></cxt-def><cxt-def id="107" type="LocationDetails" purpose="Location"><fmt id="1"/><props><value key="StartsAt">120969</value><value key="EndsAt">121695</value><value key="ParagraphFormatting">&lt;w:pPr&gt;&lt;w:spacing w:line=&quot;360&quot; w:lineRule=&quot;auto&quot;/&gt;&lt;w:contextualSpacing/&gt;&lt;w:jc w:val=&quot;both&quot;/&gt;&lt;w:textAlignment w:val=&quot;baseline&quot;/&gt;&lt;w:rPr&gt;&lt;w:rFonts w:eastAsia=&quot;Times New Roman&quot;/&gt;&lt;w:color w:val=&quot;000000&quot;/&gt;&lt;w:sz w:val=&quot;24&quot;/&gt;&lt;w:szCs w:val=&quot;24&quot;/&gt;&lt;/w:rPr&gt;&lt;/w:pPr&gt;</value><value key="document">word\document.xml</value></props></cxt-def><cxt-def id="108" type="LocationDetails" purpose="Location"><fmt id="1"/><props><value key="StartsAt">121701</value><value key="EndsAt">123032</value><value key="ParagraphFormatting">&lt;w:pPr&gt;&lt;w:spacing w:line=&quot;360&quot; w:lineRule=&quot;auto&quot;/&gt;&lt;w:contextualSpacing/&gt;&lt;w:jc w:val=&quot;both&quot;/&gt;&lt;w:textAlignment w:val=&quot;baseline&quot;/&gt;&lt;w:rPr&gt;&lt;w:rFonts w:eastAsia=&quot;Times New Roman&quot;/&gt;&lt;w:color w:val=&quot;000000&quot;/&gt;&lt;w:sz w:val=&quot;24&quot;/&gt;&lt;w:szCs w:val=&quot;24&quot;/&gt;&lt;/w:rPr&gt;&lt;/w:pPr&gt;</value><value key="document">word\document.xml</value></props></cxt-def><cxt-def id="109" type="LocationDetails" purpose="Location"><fmt id="1"/><props><value key="StartsAt">123038</value><value key="EndsAt">124768</value><value key="ParagraphFormatting">&lt;w:pPr&gt;&lt;w:spacing w:line=&quot;360&quot; w:lineRule=&quot;auto&quot;/&gt;&lt;w:contextualSpacing/&gt;&lt;w:jc w:val=&quot;both&quot;/&gt;&lt;w:textAlignment w:val=&quot;baseline&quot;/&gt;&lt;w:rPr&gt;&lt;w:rFonts w:eastAsia=&quot;Times New Roman&quot;/&gt;&lt;w:color w:val=&quot;000000&quot;/&gt;&lt;w:sz w:val=&quot;24&quot;/&gt;&lt;w:szCs w:val=&quot;24&quot;/&gt;&lt;/w:rPr&gt;&lt;/w:pPr&gt;</value><value key="document">word\document.xml</value></props></cxt-def><cxt-def id="110" type="LocationDetails" purpose="Location"><fmt id="1"/><props><value key="StartsAt">124774</value><value key="EndsAt">125595</value><value key="ParagraphFormatting">&lt;w:pPr&gt;&lt;w:spacing w:line=&quot;360&quot; w:lineRule=&quot;auto&quot;/&gt;&lt;w:contextualSpacing/&gt;&lt;w:jc w:val=&quot;both&quot;/&gt;&lt;w:textAlignment w:val=&quot;baseline&quot;/&gt;&lt;w:rPr&gt;&lt;w:rFonts w:eastAsia=&quot;Times New Roman&quot;/&gt;&lt;w:color w:val=&quot;000000&quot;/&gt;&lt;w:sz w:val=&quot;24&quot;/&gt;&lt;w:szCs w:val=&quot;24&quot;/&gt;&lt;/w:rPr&gt;&lt;/w:pPr&gt;</value><value key="document">word\document.xml</value></props></cxt-def><cxt-def id="111" type="LocationDetails" purpose="Location"><fmt id="1"/><props><value key="StartsAt">125601</value><value key="EndsAt">126585</value><value key="ParagraphFormatting">&lt;w:pPr&gt;&lt;w:spacing w:line=&quot;360&quot; w:lineRule=&quot;auto&quot;/&gt;&lt;w:contextualSpacing/&gt;&lt;w:jc w:val=&quot;both&quot;/&gt;&lt;w:textAlignment w:val=&quot;baseline&quot;/&gt;&lt;w:rPr&gt;&lt;w:rFonts w:eastAsia=&quot;Times New Roman&quot;/&gt;&lt;w:color w:val=&quot;000000&quot;/&gt;&lt;w:sz w:val=&quot;24&quot;/&gt;&lt;w:szCs w:val=&quot;24&quot;/&gt;&lt;/w:rPr&gt;&lt;/w:pPr&gt;</value><value key="document">word\document.xml</value></props></cxt-def><cxt-def id="112" type="LocationDetails" purpose="Location"><fmt id="1"/><props><value key="StartsAt">126591</value><value key="EndsAt">128423</value><value key="ParagraphFormatting">&lt;w:pPr&gt;&lt;w:spacing w:line=&quot;360&quot; w:lineRule=&quot;auto&quot;/&gt;&lt;w:contextualSpacing/&gt;&lt;w:jc w:val=&quot;both&quot;/&gt;&lt;w:textAlignment w:val=&quot;baseline&quot;/&gt;&lt;w:rPr&gt;&lt;w:rFonts w:eastAsia=&quot;Times New Roman&quot;/&gt;&lt;w:color w:val=&quot;000000&quot;/&gt;&lt;w:sz w:val=&quot;24&quot;/&gt;&lt;w:szCs w:val=&quot;24&quot;/&gt;&lt;/w:rPr&gt;&lt;/w:pPr&gt;</value><value key="document">word\document.xml</value></props></cxt-def><cxt-def id="113" type="LocationDetails" purpose="Location"><fmt id="1"/><props><value key="StartsAt">128429</value><value key="EndsAt">129286</value><value key="ParagraphFormatting">&lt;w:pPr&gt;&lt;w:spacing w:line=&quot;360&quot; w:lineRule=&quot;auto&quot;/&gt;&lt;w:contextualSpacing/&gt;&lt;w:jc w:val=&quot;both&quot;/&gt;&lt;w:textAlignment w:val=&quot;baseline&quot;/&gt;&lt;w:rPr&gt;&lt;w:rFonts w:eastAsia=&quot;Times New Roman&quot;/&gt;&lt;w:color w:val=&quot;000000&quot;/&gt;&lt;w:sz w:val=&quot;24&quot;/&gt;&lt;w:szCs w:val=&quot;24&quot;/&gt;&lt;/w:rPr&gt;&lt;/w:pPr&gt;</value><value key="document">word\document.xml</value></props></cxt-def><cxt-def id="114" type="LocationDetails" purpose="Location"><fmt id="1"/><props><value key="StartsAt">129292</value><value key="EndsAt">130090</value><value key="ParagraphFormatting">&lt;w:pPr&gt;&lt;w:spacing w:line=&quot;360&quot; w:lineRule=&quot;auto&quot;/&gt;&lt;w:contextualSpacing/&gt;&lt;w:jc w:val=&quot;both&quot;/&gt;&lt;w:textAlignment w:val=&quot;baseline&quot;/&gt;&lt;w:rPr&gt;&lt;w:rFonts w:eastAsia=&quot;Times New Roman&quot;/&gt;&lt;w:color w:val=&quot;000000&quot;/&gt;&lt;w:sz w:val=&quot;24&quot;/&gt;&lt;w:szCs w:val=&quot;24&quot;/&gt;&lt;/w:rPr&gt;&lt;/w:pPr&gt;</value><value key="document">word\document.xml</value></props></cxt-def><cxt-def id="115" type="LocationDetails" purpose="Location"><fmt id="1"/><props><value key="StartsAt">130096</value><value key="EndsAt">132271</value><value key="ParagraphFormatting">&lt;w:pPr&gt;&lt;w:spacing w:line=&quot;360&quot; w:lineRule=&quot;auto&quot;/&gt;&lt;w:contextualSpacing/&gt;&lt;w:jc w:val=&quot;both&quot;/&gt;&lt;w:textAlignment w:val=&quot;baseline&quot;/&gt;&lt;w:rPr&gt;&lt;w:rFonts w:eastAsia=&quot;Times New Roman&quot;/&gt;&lt;w:color w:val=&quot;000000&quot;/&gt;&lt;w:sz w:val=&quot;24&quot;/&gt;&lt;w:szCs w:val=&quot;24&quot;/&gt;&lt;/w:rPr&gt;&lt;/w:pPr&gt;</value><value key="document">word\document.xml</value></props></cxt-def><cxt-def id="116" type="LocationDetails" purpose="Location"><fmt id="1"/><props><value key="StartsAt">132277</value><value key="EndsAt">133046</value><value key="ParagraphFormatting">&lt;w:pPr&gt;&lt;w:spacing w:line=&quot;360&quot; w:lineRule=&quot;auto&quot;/&gt;&lt;w:contextualSpacing/&gt;&lt;w:jc w:val=&quot;both&quot;/&gt;&lt;w:textAlignment w:val=&quot;baseline&quot;/&gt;&lt;w:rPr&gt;&lt;w:rFonts w:eastAsia=&quot;Times New Roman&quot;/&gt;&lt;w:color w:val=&quot;000000&quot;/&gt;&lt;w:sz w:val=&quot;24&quot;/&gt;&lt;w:szCs w:val=&quot;24&quot;/&gt;&lt;/w:rPr&gt;&lt;/w:pPr&gt;</value><value key="document">word\document.xml</value></props></cxt-def><cxt-def id="117" type="LocationDetails" purpose="Location"><fmt id="1"/><props><value key="StartsAt">133052</value><value key="EndsAt">134046</value><value key="ParagraphFormatting">&lt;w:pPr&gt;&lt;w:spacing w:line=&quot;360&quot; w:lineRule=&quot;auto&quot;/&gt;&lt;w:contextualSpacing/&gt;&lt;w:jc w:val=&quot;both&quot;/&gt;&lt;w:textAlignment w:val=&quot;baseline&quot;/&gt;&lt;w:rPr&gt;&lt;w:rFonts w:eastAsia=&quot;Times New Roman&quot;/&gt;&lt;w:color w:val=&quot;000000&quot;/&gt;&lt;w:sz w:val=&quot;24&quot;/&gt;&lt;w:szCs w:val=&quot;24&quot;/&gt;&lt;/w:rPr&gt;&lt;/w:pPr&gt;</value><value key="document">word\document.xml</value></props></cxt-def><cxt-def id="118" type="LocationDetails" purpose="Location"><fmt id="1"/><props><value key="StartsAt">134052</value><value key="EndsAt">136184</value><value key="ParagraphFormatting">&lt;w:pPr&gt;&lt;w:spacing w:line=&quot;360&quot; w:lineRule=&quot;auto&quot;/&gt;&lt;w:contextualSpacing/&gt;&lt;w:jc w:val=&quot;both&quot;/&gt;&lt;w:textAlignment w:val=&quot;baseline&quot;/&gt;&lt;w:rPr&gt;&lt;w:rFonts w:eastAsia=&quot;Times New Roman&quot;/&gt;&lt;w:color w:val=&quot;000000&quot;/&gt;&lt;w:sz w:val=&quot;24&quot;/&gt;&lt;w:szCs w:val=&quot;24&quot;/&gt;&lt;/w:rPr&gt;&lt;/w:pPr&gt;</value><value key="document">word\document.xml</value></props></cxt-def><cxt-def id="119" type="LocationDetails" purpose="Location"><fmt id="1"/><props><value key="StartsAt">136190</value><value key="EndsAt">137639</value><value key="ParagraphFormatting">&lt;w:pPr&gt;&lt;w:spacing w:line=&quot;360&quot; w:lineRule=&quot;auto&quot;/&gt;&lt;w:contextualSpacing/&gt;&lt;w:jc w:val=&quot;both&quot;/&gt;&lt;w:textAlignment w:val=&quot;baseline&quot;/&gt;&lt;w:rPr&gt;&lt;w:rFonts w:eastAsia=&quot;Times New Roman&quot;/&gt;&lt;w:color w:val=&quot;000000&quot;/&gt;&lt;w:sz w:val=&quot;24&quot;/&gt;&lt;w:szCs w:val=&quot;24&quot;/&gt;&lt;/w:rPr&gt;&lt;/w:pPr&gt;</value><value key="document">word\document.xml</value></props></cxt-def><cxt-def id="120" type="LocationDetails" purpose="Location"><fmt id="1"/><props><value key="StartsAt">137645</value><value key="EndsAt">138967</value><value key="ParagraphFormatting">&lt;w:pPr&gt;&lt;w:spacing w:line=&quot;360&quot; w:lineRule=&quot;auto&quot;/&gt;&lt;w:contextualSpacing/&gt;&lt;w:jc w:val=&quot;both&quot;/&gt;&lt;w:textAlignment w:val=&quot;baseline&quot;/&gt;&lt;w:rPr&gt;&lt;w:rFonts w:eastAsia=&quot;Times New Roman&quot;/&gt;&lt;w:color w:val=&quot;000000&quot;/&gt;&lt;w:sz w:val=&quot;24&quot;/&gt;&lt;w:szCs w:val=&quot;24&quot;/&gt;&lt;/w:rPr&gt;&lt;/w:pPr&gt;</value><value key="document">word\document.xml</value></props></cxt-def><cxt-def id="121" type="LocationDetails" purpose="Location"><fmt id="1"/><props><value key="StartsAt">138973</value><value key="EndsAt">139777</value><value key="ParagraphFormatting">&lt;w:pPr&gt;&lt;w:spacing w:line=&quot;360&quot; w:lineRule=&quot;auto&quot;/&gt;&lt;w:contextualSpacing/&gt;&lt;w:jc w:val=&quot;both&quot;/&gt;&lt;w:textAlignment w:val=&quot;baseline&quot;/&gt;&lt;w:rPr&gt;&lt;w:rFonts w:eastAsia=&quot;Times New Roman&quot;/&gt;&lt;w:color w:val=&quot;000000&quot;/&gt;&lt;w:sz w:val=&quot;24&quot;/&gt;&lt;w:szCs w:val=&quot;24&quot;/&gt;&lt;/w:rPr&gt;&lt;/w:pPr&gt;</value><value key="document">word\document.xml</value></props></cxt-def><cxt-def id="122" type="LocationDetails" purpose="Location"><fmt id="1"/><props><value key="StartsAt">139783</value><value key="EndsAt">140657</value><value key="ParagraphFormatting">&lt;w:pPr&gt;&lt;w:spacing w:line=&quot;360&quot; w:lineRule=&quot;auto&quot;/&gt;&lt;w:contextualSpacing/&gt;&lt;w:jc w:val=&quot;both&quot;/&gt;&lt;w:textAlignment w:val=&quot;baseline&quot;/&gt;&lt;w:rPr&gt;&lt;w:rFonts w:eastAsia=&quot;Times New Roman&quot;/&gt;&lt;w:color w:val=&quot;000000&quot;/&gt;&lt;w:sz w:val=&quot;24&quot;/&gt;&lt;w:szCs w:val=&quot;24&quot;/&gt;&lt;/w:rPr&gt;&lt;/w:pPr&gt;</value><value key="document">word\document.xml</value></props></cxt-def><cxt-def id="123" type="LocationDetails" purpose="Location"><fmt id="1"/><props><value key="StartsAt">140663</value><value key="EndsAt">141620</value><value key="ParagraphFormatting">&lt;w:pPr&gt;&lt;w:spacing w:line=&quot;360&quot; w:lineRule=&quot;auto&quot;/&gt;&lt;w:contextualSpacing/&gt;&lt;w:jc w:val=&quot;both&quot;/&gt;&lt;w:textAlignment w:val=&quot;baseline&quot;/&gt;&lt;w:rPr&gt;&lt;w:rFonts w:eastAsia=&quot;Times New Roman&quot;/&gt;&lt;w:color w:val=&quot;000000&quot;/&gt;&lt;w:sz w:val=&quot;24&quot;/&gt;&lt;w:szCs w:val=&quot;24&quot;/&gt;&lt;/w:rPr&gt;&lt;/w:pPr&gt;</value><value key="document">word\document.xml</value></props></cxt-def><cxt-def id="124" type="LocationDetails" purpose="Location"><fmt id="1"/><props><value key="StartsAt">141626</value><value key="EndsAt">143004</value><value key="ParagraphFormatting">&lt;w:pPr&gt;&lt;w:spacing w:line=&quot;360&quot; w:lineRule=&quot;auto&quot;/&gt;&lt;w:contextualSpacing/&gt;&lt;w:jc w:val=&quot;both&quot;/&gt;&lt;w:textAlignment w:val=&quot;baseline&quot;/&gt;&lt;w:rPr&gt;&lt;w:rFonts w:eastAsia=&quot;Times New Roman&quot;/&gt;&lt;w:color w:val=&quot;000000&quot;/&gt;&lt;w:sz w:val=&quot;24&quot;/&gt;&lt;w:szCs w:val=&quot;24&quot;/&gt;&lt;/w:rPr&gt;&lt;/w:pPr&gt;</value><value key="document">word\document.xml</value></props></cxt-def><cxt-def id="125" type="LocationDetails" purpose="Location"><fmt id="1"/><props><value key="StartsAt">143010</value><value key="EndsAt">144728</value><value key="ParagraphFormatting">&lt;w:pPr&gt;&lt;w:spacing w:line=&quot;360&quot; w:lineRule=&quot;auto&quot;/&gt;&lt;w:contextualSpacing/&gt;&lt;w:jc w:val=&quot;both&quot;/&gt;&lt;w:textAlignment w:val=&quot;baseline&quot;/&gt;&lt;w:rPr&gt;&lt;w:rFonts w:eastAsia=&quot;Times New Roman&quot;/&gt;&lt;w:color w:val=&quot;000000&quot;/&gt;&lt;w:sz w:val=&quot;24&quot;/&gt;&lt;w:szCs w:val=&quot;24&quot;/&gt;&lt;/w:rPr&gt;&lt;/w:pPr&gt;</value><value key="document">word\document.xml</value></props></cxt-def><cxt-def id="126" type="LocationDetails" purpose="Location"><fmt id="1"/><props><value key="StartsAt">144734</value><value key="EndsAt">146185</value><value key="ParagraphFormatting">&lt;w:pPr&gt;&lt;w:spacing w:line=&quot;360&quot; w:lineRule=&quot;auto&quot;/&gt;&lt;w:contextualSpacing/&gt;&lt;w:jc w:val=&quot;both&quot;/&gt;&lt;w:textAlignment w:val=&quot;baseline&quot;/&gt;&lt;w:rPr&gt;&lt;w:rFonts w:eastAsia=&quot;Times New Roman&quot;/&gt;&lt;w:color w:val=&quot;000000&quot;/&gt;&lt;w:sz w:val=&quot;24&quot;/&gt;&lt;w:szCs w:val=&quot;24&quot;/&gt;&lt;/w:rPr&gt;&lt;/w:pPr&gt;</value><value key="document">word\document.xml</value></props></cxt-def><cxt-def id="127" type="LocationDetails" purpose="Location"><fmt id="1"/><props><value key="StartsAt">146191</value><value key="EndsAt">147203</value><value key="ParagraphFormatting">&lt;w:pPr&gt;&lt;w:spacing w:line=&quot;360&quot; w:lineRule=&quot;auto&quot;/&gt;&lt;w:contextualSpacing/&gt;&lt;w:jc w:val=&quot;both&quot;/&gt;&lt;w:textAlignment w:val=&quot;baseline&quot;/&gt;&lt;w:rPr&gt;&lt;w:rFonts w:eastAsia=&quot;Times New Roman&quot;/&gt;&lt;w:color w:val=&quot;000000&quot;/&gt;&lt;w:sz w:val=&quot;24&quot;/&gt;&lt;w:szCs w:val=&quot;24&quot;/&gt;&lt;/w:rPr&gt;&lt;/w:pPr&gt;</value><value key="document">word\document.xml</value></props></cxt-def><cxt-def id="128" type="LocationDetails" purpose="Location"><fmt id="1"/><props><value key="StartsAt">147209</value><value key="EndsAt">148361</value><value key="ParagraphFormatting">&lt;w:pPr&gt;&lt;w:spacing w:line=&quot;360&quot; w:lineRule=&quot;auto&quot;/&gt;&lt;w:contextualSpacing/&gt;&lt;w:jc w:val=&quot;both&quot;/&gt;&lt;w:textAlignment w:val=&quot;baseline&quot;/&gt;&lt;w:rPr&gt;&lt;w:rFonts w:eastAsia=&quot;Times New Roman&quot;/&gt;&lt;w:color w:val=&quot;000000&quot;/&gt;&lt;w:sz w:val=&quot;24&quot;/&gt;&lt;w:szCs w:val=&quot;24&quot;/&gt;&lt;/w:rPr&gt;&lt;/w:pPr&gt;</value><value key="document">word\document.xml</value></props></cxt-def><cxt-def id="129" type="LocationDetails" purpose="Location"><fmt id="1"/><props><value key="StartsAt">148367</value><value key="EndsAt">148879</value><value key="ParagraphFormatting">&lt;w:pPr&gt;&lt;w:spacing w:line=&quot;360&quot; w:lineRule=&quot;auto&quot;/&gt;&lt;w:contextualSpacing/&gt;&lt;w:jc w:val=&quot;both&quot;/&gt;&lt;w:textAlignment w:val=&quot;baseline&quot;/&gt;&lt;w:rPr&gt;&lt;w:rFonts w:eastAsia=&quot;Times New Roman&quot;/&gt;&lt;w:color w:val=&quot;000000&quot;/&gt;&lt;w:sz w:val=&quot;24&quot;/&gt;&lt;w:szCs w:val=&quot;24&quot;/&gt;&lt;/w:rPr&gt;&lt;/w:pPr&gt;</value><value key="document">word\document.xml</value></props></cxt-def><cxt-def id="130" type="LocationDetails" purpose="Location"><fmt id="1"/><props><value key="StartsAt">148885</value><value key="EndsAt">149512</value><value key="ParagraphFormatting">&lt;w:pPr&gt;&lt;w:spacing w:line=&quot;360&quot; w:lineRule=&quot;auto&quot;/&gt;&lt;w:contextualSpacing/&gt;&lt;w:jc w:val=&quot;both&quot;/&gt;&lt;w:textAlignment w:val=&quot;baseline&quot;/&gt;&lt;w:rPr&gt;&lt;w:rFonts w:eastAsia=&quot;Times New Roman&quot;/&gt;&lt;w:color w:val=&quot;000000&quot;/&gt;&lt;w:sz w:val=&quot;24&quot;/&gt;&lt;w:szCs w:val=&quot;24&quot;/&gt;&lt;/w:rPr&gt;&lt;/w:pPr&gt;</value><value key="document">word\document.xml</value></props></cxt-def><cxt-def id="131" type="LocationDetails" purpose="Location"><fmt id="1"/><props><value key="StartsAt">149518</value><value key="EndsAt">150715</value><value key="ParagraphFormatting">&lt;w:pPr&gt;&lt;w:spacing w:line=&quot;360&quot; w:lineRule=&quot;auto&quot;/&gt;&lt;w:contextualSpacing/&gt;&lt;w:jc w:val=&quot;both&quot;/&gt;&lt;w:textAlignment w:val=&quot;baseline&quot;/&gt;&lt;w:rPr&gt;&lt;w:rFonts w:eastAsia=&quot;Times New Roman&quot;/&gt;&lt;w:color w:val=&quot;000000&quot;/&gt;&lt;w:sz w:val=&quot;24&quot;/&gt;&lt;w:szCs w:val=&quot;24&quot;/&gt;&lt;/w:rPr&gt;&lt;/w:pPr&gt;</value><value key="document">word\document.xml</value></props></cxt-def><cxt-def id="132" type="LocationDetails" purpose="Location"><fmt id="1"/><props><value key="StartsAt">150721</value><value key="EndsAt">151480</value><value key="ParagraphFormatting">&lt;w:pPr&gt;&lt;w:spacing w:line=&quot;360&quot; w:lineRule=&quot;auto&quot;/&gt;&lt;w:contextualSpacing/&gt;&lt;w:jc w:val=&quot;both&quot;/&gt;&lt;w:textAlignment w:val=&quot;baseline&quot;/&gt;&lt;w:rPr&gt;&lt;w:rFonts w:eastAsia=&quot;Times New Roman&quot;/&gt;&lt;w:color w:val=&quot;000000&quot;/&gt;&lt;w:sz w:val=&quot;24&quot;/&gt;&lt;w:szCs w:val=&quot;24&quot;/&gt;&lt;/w:rPr&gt;&lt;/w:pPr&gt;</value><value key="document">word\document.xml</value></props></cxt-def><cxt-def id="133" type="LocationDetails" purpose="Location"><fmt id="1"/><props><value key="StartsAt">151486</value><value key="EndsAt">153356</value><value key="ParagraphFormatting">&lt;w:pPr&gt;&lt;w:spacing w:line=&quot;360&quot; w:lineRule=&quot;auto&quot;/&gt;&lt;w:contextualSpacing/&gt;&lt;w:jc w:val=&quot;both&quot;/&gt;&lt;w:textAlignment w:val=&quot;baseline&quot;/&gt;&lt;w:rPr&gt;&lt;w:rFonts w:eastAsia=&quot;Times New Roman&quot;/&gt;&lt;w:color w:val=&quot;000000&quot;/&gt;&lt;w:sz w:val=&quot;24&quot;/&gt;&lt;w:szCs w:val=&quot;24&quot;/&gt;&lt;/w:rPr&gt;&lt;/w:pPr&gt;</value><value key="document">word\document.xml</value></props></cxt-def><cxt-def id="134" type="LocationDetails" purpose="Location"><fmt id="1"/><props><value key="StartsAt">153362</value><value key="EndsAt">155219</value><value key="ParagraphFormatting">&lt;w:pPr&gt;&lt;w:spacing w:line=&quot;360&quot; w:lineRule=&quot;auto&quot;/&gt;&lt;w:contextualSpacing/&gt;&lt;w:jc w:val=&quot;both&quot;/&gt;&lt;w:textAlignment w:val=&quot;baseline&quot;/&gt;&lt;w:rPr&gt;&lt;w:rFonts w:eastAsia=&quot;Times New Roman&quot;/&gt;&lt;w:color w:val=&quot;000000&quot;/&gt;&lt;w:sz w:val=&quot;24&quot;/&gt;&lt;w:szCs w:val=&quot;24&quot;/&gt;&lt;/w:rPr&gt;&lt;/w:pPr&gt;</value><value key="document">word\document.xml</value></props></cxt-def><cxt-def id="135" type="LocationDetails" purpose="Location"><fmt id="1"/><props><value key="StartsAt">155225</value><value key="EndsAt">156620</value><value key="ParagraphFormatting">&lt;w:pPr&gt;&lt;w:spacing w:line=&quot;360&quot; w:lineRule=&quot;auto&quot;/&gt;&lt;w:contextualSpacing/&gt;&lt;w:jc w:val=&quot;both&quot;/&gt;&lt;w:textAlignment w:val=&quot;baseline&quot;/&gt;&lt;w:rPr&gt;&lt;w:rFonts w:eastAsia=&quot;Times New Roman&quot;/&gt;&lt;w:color w:val=&quot;000000&quot;/&gt;&lt;w:sz w:val=&quot;24&quot;/&gt;&lt;w:szCs w:val=&quot;24&quot;/&gt;&lt;/w:rPr&gt;&lt;/w:pPr&gt;</value><value key="document">word\document.xml</value></props></cxt-def><cxt-def id="136" type="LocationDetails" purpose="Location"><fmt id="1"/><props><value key="StartsAt">156626</value><value key="EndsAt">157845</value><value key="ParagraphFormatting">&lt;w:pPr&gt;&lt;w:spacing w:line=&quot;360&quot; w:lineRule=&quot;auto&quot;/&gt;&lt;w:contextualSpacing/&gt;&lt;w:jc w:val=&quot;both&quot;/&gt;&lt;w:textAlignment w:val=&quot;baseline&quot;/&gt;&lt;w:rPr&gt;&lt;w:sz w:val=&quot;24&quot;/&gt;&lt;w:szCs w:val=&quot;24&quot;/&gt;&lt;/w:rPr&gt;&lt;/w:pPr&gt;</value><value key="document">word\document.xml</value></props></cxt-def><cxt-def id="137" type="LocationDetails" purpose="Location"><fmt id="1"/><props><value key="StartsAt">157851</value><value key="EndsAt">158750</value><value key="ParagraphFormatting">&lt;w:pPr&gt;&lt;w:spacing w:line=&quot;360&quot; w:lineRule=&quot;auto&quot;/&gt;&lt;w:contextualSpacing/&gt;&lt;w:jc w:val=&quot;both&quot;/&gt;&lt;w:textAlignment w:val=&quot;baseline&quot;/&gt;&lt;w:rPr&gt;&lt;w:rFonts w:eastAsia=&quot;Times New Roman&quot;/&gt;&lt;w:color w:val=&quot;000000&quot;/&gt;&lt;w:sz w:val=&quot;24&quot;/&gt;&lt;w:szCs w:val=&quot;24&quot;/&gt;&lt;/w:rPr&gt;&lt;/w:pPr&gt;</value><value key="document">word\document.xml</value></props></cxt-def><cxt-def id="138" type="LocationDetails" purpose="Location"><fmt id="1"/><props><value key="StartsAt">158756</value><value key="EndsAt">161860</value><value key="ParagraphFormatting">&lt;w:pPr&gt;&lt;w:spacing w:line=&quot;360&quot; w:lineRule=&quot;auto&quot;/&gt;&lt;w:contextualSpacing/&gt;&lt;w:jc w:val=&quot;both&quot;/&gt;&lt;w:textAlignment w:val=&quot;baseline&quot;/&gt;&lt;w:rPr&gt;&lt;w:rFonts w:eastAsia=&quot;Times New Roman&quot;/&gt;&lt;w:color w:val=&quot;000000&quot;/&gt;&lt;w:sz w:val=&quot;24&quot;/&gt;&lt;w:szCs w:val=&quot;24&quot;/&gt;&lt;/w:rPr&gt;&lt;/w:pPr&gt;</value><value key="document">word\document.xml</value></props></cxt-def><cxt-def id="139" type="LocationDetails" purpose="Location"><fmt id="1"/><props><value key="StartsAt">161866</value><value key="EndsAt">162390</value><value key="ParagraphFormatting">&lt;w:pPr&gt;&lt;w:spacing w:line=&quot;360&quot; w:lineRule=&quot;auto&quot;/&gt;&lt;w:contextualSpacing/&gt;&lt;w:jc w:val=&quot;both&quot;/&gt;&lt;w:textAlignment w:val=&quot;baseline&quot;/&gt;&lt;w:rPr&gt;&lt;w:rFonts w:eastAsia=&quot;Times New Roman&quot;/&gt;&lt;w:b/&gt;&lt;w:color w:val=&quot;000000&quot;/&gt;&lt;w:sz w:val=&quot;24&quot;/&gt;&lt;w:szCs w:val=&quot;24&quot;/&gt;&lt;/w:rPr&gt;&lt;/w:pPr&gt;</value><value key="document">word\document.xml</value></props></cxt-def><cxt-def id="140" type="LocationDetails" purpose="Location"><fmt id="1"/><props><value key="StartsAt">162396</value><value key="EndsAt">163589</value><value key="ParagraphFormatting">&lt;w:pPr&gt;&lt;w:spacing w:line=&quot;360&quot; w:lineRule=&quot;auto&quot;/&gt;&lt;w:contextualSpacing/&gt;&lt;w:jc w:val=&quot;both&quot;/&gt;&lt;w:textAlignment w:val=&quot;baseline&quot;/&gt;&lt;w:rPr&gt;&lt;w:sz w:val=&quot;24&quot;/&gt;&lt;w:szCs w:val=&quot;24&quot;/&gt;&lt;/w:rPr&gt;&lt;/w:pPr&gt;</value><value key="document">word\document.xml</value></props></cxt-def><cxt-def id="141" type="LocationDetails" purpose="Location"><fmt id="1"/><props><value key="StartsAt">163595</value><value key="EndsAt">166366</value><value key="ParagraphFormatting">&lt;w:pPr&gt;&lt;w:spacing w:line=&quot;360&quot; w:lineRule=&quot;auto&quot;/&gt;&lt;w:contextualSpacing/&gt;&lt;w:jc w:val=&quot;both&quot;/&gt;&lt;w:textAlignment w:val=&quot;baseline&quot;/&gt;&lt;w:rPr&gt;&lt;w:rFonts w:eastAsia=&quot;Times New Roman&quot;/&gt;&lt;w:color w:val=&quot;000000&quot;/&gt;&lt;w:sz w:val=&quot;24&quot;/&gt;&lt;w:szCs w:val=&quot;24&quot;/&gt;&lt;/w:rPr&gt;&lt;/w:pPr&gt;</value><value key="document">word\document.xml</value></props></cxt-def><cxt-def id="142" type="LocationDetails" purpose="Location"><fmt id="1"/><props><value key="StartsAt">166372</value><value key="EndsAt">168088</value><value key="ParagraphFormatting">&lt;w:pPr&gt;&lt;w:spacing w:line=&quot;360&quot; w:lineRule=&quot;auto&quot;/&gt;&lt;w:contextualSpacing/&gt;&lt;w:jc w:val=&quot;both&quot;/&gt;&lt;w:textAlignment w:val=&quot;baseline&quot;/&gt;&lt;w:rPr&gt;&lt;w:rFonts w:eastAsia=&quot;Times New Roman&quot;/&gt;&lt;w:color w:val=&quot;000000&quot;/&gt;&lt;w:sz w:val=&quot;24&quot;/&gt;&lt;w:szCs w:val=&quot;24&quot;/&gt;&lt;/w:rPr&gt;&lt;/w:pPr&gt;</value><value key="document">word\document.xml</value></props></cxt-def><cxt-def id="143" type="LocationDetails" purpose="Location"><fmt id="1"/><props><value key="StartsAt">168094</value><value key="EndsAt">168619</value><value key="ParagraphFormatting">&lt;w:pPr&gt;&lt;w:spacing w:line=&quot;360&quot; w:lineRule=&quot;auto&quot;/&gt;&lt;w:contextualSpacing/&gt;&lt;w:jc w:val=&quot;both&quot;/&gt;&lt;w:textAlignment w:val=&quot;baseline&quot;/&gt;&lt;w:rPr&gt;&lt;w:rFonts w:eastAsia=&quot;Times New Roman&quot;/&gt;&lt;w:b/&gt;&lt;w:color w:val=&quot;000000&quot;/&gt;&lt;w:sz w:val=&quot;24&quot;/&gt;&lt;w:szCs w:val=&quot;24&quot;/&gt;&lt;/w:rPr&gt;&lt;/w:pPr&gt;</value><value key="document">word\document.xml</value></props></cxt-def><cxt-def id="144" type="LocationDetails" purpose="Location"><fmt id="1"/><props><value key="StartsAt">168625</value><value key="EndsAt">169818</value><value key="ParagraphFormatting">&lt;w:pPr&gt;&lt;w:spacing w:line=&quot;360&quot; w:lineRule=&quot;auto&quot;/&gt;&lt;w:contextualSpacing/&gt;&lt;w:jc w:val=&quot;both&quot;/&gt;&lt;w:textAlignment w:val=&quot;baseline&quot;/&gt;&lt;w:rPr&gt;&lt;w:sz w:val=&quot;24&quot;/&gt;&lt;w:szCs w:val=&quot;24&quot;/&gt;&lt;/w:rPr&gt;&lt;/w:pPr&gt;</value><value key="document">word\document.xml</value></props></cxt-def><cxt-def id="145" type="LocationDetails" purpose="Location"><fmt id="1"/><props><value key="StartsAt">169824</value><value key="EndsAt">170440</value><value key="ParagraphFormatting">&lt;w:pPr&gt;&lt;w:spacing w:line=&quot;360&quot; w:lineRule=&quot;auto&quot;/&gt;&lt;w:contextualSpacing/&gt;&lt;w:jc w:val=&quot;both&quot;/&gt;&lt;w:textAlignment w:val=&quot;baseline&quot;/&gt;&lt;w:rPr&gt;&lt;w:rFonts w:eastAsia=&quot;Times New Roman&quot;/&gt;&lt;w:color w:val=&quot;000000&quot;/&gt;&lt;w:sz w:val=&quot;24&quot;/&gt;&lt;w:szCs w:val=&quot;24&quot;/&gt;&lt;/w:rPr&gt;&lt;/w:pPr&gt;</value><value key="document">word\document.xml</value></props></cxt-def><cxt-def id="146" type="LocationDetails" purpose="Location"><fmt id="1"/><props><value key="StartsAt">170446</value><value key="EndsAt">171962</value><value key="ParagraphFormatting">&lt;w:pPr&gt;&lt;w:spacing w:line=&quot;360&quot; w:lineRule=&quot;auto&quot;/&gt;&lt;w:contextualSpacing/&gt;&lt;w:jc w:val=&quot;both&quot;/&gt;&lt;w:textAlignment w:val=&quot;baseline&quot;/&gt;&lt;w:rPr&gt;&lt;w:rFonts w:eastAsia=&quot;Times New Roman&quot;/&gt;&lt;w:color w:val=&quot;000000&quot;/&gt;&lt;w:sz w:val=&quot;24&quot;/&gt;&lt;w:szCs w:val=&quot;24&quot;/&gt;&lt;/w:rPr&gt;&lt;/w:pPr&gt;</value><value key="document">word\document.xml</value></props></cxt-def><cxt-def id="147" type="LocationDetails" purpose="Location"><fmt id="1"/><props><value key="StartsAt">171968</value><value key="EndsAt">179530</value><value key="ParagraphFormatting">&lt;w:pPr&gt;&lt;w:spacing w:line=&quot;360&quot; w:lineRule=&quot;auto&quot;/&gt;&lt;w:contextualSpacing/&gt;&lt;w:jc w:val=&quot;both&quot;/&gt;&lt;w:textAlignment w:val=&quot;baseline&quot;/&gt;&lt;w:rPr&gt;&lt;w:rFonts w:eastAsia=&quot;Times New Roman&quot;/&gt;&lt;w:color w:val=&quot;000000&quot;/&gt;&lt;w:sz w:val=&quot;24&quot;/&gt;&lt;w:szCs w:val=&quot;24&quot;/&gt;&lt;/w:rPr&gt;&lt;/w:pPr&gt;</value><value key="document">word\document.xml</value></props></cxt-def><cxt-def id="148" type="LocationDetails" purpose="Location"><fmt id="1"/><props><value key="StartsAt">179536</value><value key="EndsAt">180048</value><value key="ParagraphFormatting">&lt;w:pPr&gt;&lt;w:spacing w:line=&quot;360&quot; w:lineRule=&quot;auto&quot;/&gt;&lt;w:contextualSpacing/&gt;&lt;w:jc w:val=&quot;both&quot;/&gt;&lt;w:textAlignment w:val=&quot;baseline&quot;/&gt;&lt;w:rPr&gt;&lt;w:rFonts w:eastAsia=&quot;Times New Roman&quot;/&gt;&lt;w:color w:val=&quot;000000&quot;/&gt;&lt;w:sz w:val=&quot;24&quot;/&gt;&lt;w:szCs w:val=&quot;24&quot;/&gt;&lt;/w:rPr&gt;&lt;/w:pPr&gt;</value><value key="document">word\document.xml</value></props></cxt-def><cxt-def id="149" type="LocationDetails" purpose="Location"><fmt id="1"/><props><value key="StartsAt">181055</value><value key="EndsAt">181577</value><value key="ParagraphFormatting">&lt;w:pPr&gt;&lt;w:spacing w:line=&quot;360&quot; w:lineRule=&quot;auto&quot;/&gt;&lt;w:contextualSpacing/&gt;&lt;w:jc w:val=&quot;both&quot;/&gt;&lt;w:textAlignment w:val=&quot;baseline&quot;/&gt;&lt;w:rPr&gt;&lt;w:rFonts w:eastAsia=&quot;Times New Roman&quot;/&gt;&lt;w:b/&gt;&lt;w:color w:val=&quot;000000&quot;/&gt;&lt;w:sz w:val=&quot;24&quot;/&gt;&lt;w:szCs w:val=&quot;24&quot;/&gt;&lt;/w:rPr&gt;&lt;/w:pPr&gt;</value><value key="document">word\document.xml</value></props></cxt-def><cxt-def id="150" type="x-tm-table-cell"/><cxt-def id="151" type="sdl:table-row"/><cxt-def id="152" type="sdl:table"/><cxt-def id="153" type="LocationDetails" purpose="Location"><fmt id="1"/><props><value key="StartsAt">182000</value><value key="EndsAt">182531</value><value key="ParagraphFormatting">&lt;w:pPr&gt;&lt;w:spacing w:line=&quot;360&quot; w:lineRule=&quot;auto&quot;/&gt;&lt;w:contextualSpacing/&gt;&lt;w:jc w:val=&quot;both&quot;/&gt;&lt;w:textAlignment w:val=&quot;baseline&quot;/&gt;&lt;w:rPr&gt;&lt;w:rFonts w:eastAsia=&quot;Times New Roman&quot;/&gt;&lt;w:b/&gt;&lt;w:color w:val=&quot;000000&quot;/&gt;&lt;w:sz w:val=&quot;24&quot;/&gt;&lt;w:szCs w:val=&quot;24&quot;/&gt;&lt;/w:rPr&gt;&lt;/w:pPr&gt;</value><value key="document">word\document.xml</value></props></cxt-def><cxt-def id="154" type="LocationDetails" purpose="Location"><fmt id="1"/><props><value key="StartsAt">183716</value><value key="EndsAt">184240</value><value key="ParagraphFormatting">&lt;w:pPr&gt;&lt;w:spacing w:line=&quot;360&quot; w:lineRule=&quot;auto&quot;/&gt;&lt;w:contextualSpacing/&gt;&lt;w:jc w:val=&quot;both&quot;/&gt;&lt;w:textAlignment w:val=&quot;baseline&quot;/&gt;&lt;w:rPr&gt;&lt;w:rFonts w:eastAsia=&quot;Times New Roman&quot;/&gt;&lt;w:b/&gt;&lt;w:color w:val=&quot;000000&quot;/&gt;&lt;w:sz w:val=&quot;24&quot;/&gt;&lt;w:szCs w:val=&quot;24&quot;/&gt;&lt;/w:rPr&gt;&lt;/w:pPr&gt;</value><value key="document">word\document.xml</value></props></cxt-def><cxt-def id="155" type="LocationDetails" purpose="Location"><fmt id="1"/><props><value key="StartsAt">184640</value><value key="EndsAt">185164</value><value key="ParagraphFormatting">&lt;w:pPr&gt;&lt;w:spacing w:line=&quot;360&quot; w:lineRule=&quot;auto&quot;/&gt;&lt;w:contextualSpacing/&gt;&lt;w:jc w:val=&quot;both&quot;/&gt;&lt;w:textAlignment w:val=&quot;baseline&quot;/&gt;&lt;w:rPr&gt;&lt;w:rFonts w:eastAsia=&quot;Times New Roman&quot;/&gt;&lt;w:b/&gt;&lt;w:color w:val=&quot;000000&quot;/&gt;&lt;w:sz w:val=&quot;24&quot;/&gt;&lt;w:szCs w:val=&quot;24&quot;/&gt;&lt;/w:rPr&gt;&lt;/w:pPr&gt;</value><value key="document">word\document.xml</value></props></cxt-def><cxt-def id="156" type="LocationDetails" purpose="Location"><fmt id="1"/><props><value key="StartsAt">185564</value><value key="EndsAt">186088</value><value key="ParagraphFormatting">&lt;w:pPr&gt;&lt;w:spacing w:line=&quot;360&quot; w:lineRule=&quot;auto&quot;/&gt;&lt;w:contextualSpacing/&gt;&lt;w:jc w:val=&quot;both&quot;/&gt;&lt;w:textAlignment w:val=&quot;baseline&quot;/&gt;&lt;w:rPr&gt;&lt;w:rFonts w:eastAsia=&quot;Times New Roman&quot;/&gt;&lt;w:b/&gt;&lt;w:color w:val=&quot;000000&quot;/&gt;&lt;w:sz w:val=&quot;24&quot;/&gt;&lt;w:szCs w:val=&quot;24&quot;/&gt;&lt;/w:rPr&gt;&lt;/w:pPr&gt;</value><value key="document">word\document.xml</value></props></cxt-def><cxt-def id="157" type="LocationDetails" purpose="Location"><fmt id="1"/><props><value key="StartsAt">186488</value><value key="EndsAt">187013</value><value key="ParagraphFormatting">&lt;w:pPr&gt;&lt;w:spacing w:line=&quot;360&quot; w:lineRule=&quot;auto&quot;/&gt;&lt;w:contextualSpacing/&gt;&lt;w:jc w:val=&quot;both&quot;/&gt;&lt;w:textAlignment w:val=&quot;baseline&quot;/&gt;&lt;w:rPr&gt;&lt;w:rFonts w:eastAsia=&quot;Times New Roman&quot;/&gt;&lt;w:b/&gt;&lt;w:color w:val=&quot;000000&quot;/&gt;&lt;w:sz w:val=&quot;24&quot;/&gt;&lt;w:szCs w:val=&quot;24&quot;/&gt;&lt;/w:rPr&gt;&lt;/w:pPr&gt;</value><value key="document">word\document.xml</value></props></cxt-def><cxt-def id="158" type="LocationDetails" purpose="Location"><fmt id="1"/><props><value key="StartsAt">187489</value><value key="EndsAt">188966</value><value key="ParagraphFormatting">&lt;w:pPr&gt;&lt;w:spacing w:line=&quot;360&quot; w:lineRule=&quot;auto&quot;/&gt;&lt;w:contextualSpacing/&gt;&lt;w:jc w:val=&quot;both&quot;/&gt;&lt;w:textAlignment w:val=&quot;baseline&quot;/&gt;&lt;w:rPr&gt;&lt;w:rFonts w:eastAsia=&quot;Times New Roman&quot;/&gt;&lt;w:color w:val=&quot;000000&quot;/&gt;&lt;w:sz w:val=&quot;24&quot;/&gt;&lt;w:szCs w:val=&quot;24&quot;/&gt;&lt;/w:rPr&gt;&lt;/w:pPr&gt;</value><value key="document">word\document.xml</value></props></cxt-def><cxt-def id="159" type="LocationDetails" purpose="Location"><fmt id="1"/><props><value key="StartsAt">189311</value><value key="EndsAt">189871</value><value key="ParagraphFormatting">&lt;w:pPr&gt;&lt;w:tabs&gt;&lt;w:tab w:val=&quot;decimal&quot; w:pos=&quot;792&quot;/&gt;&lt;/w:tabs&gt;&lt;w:spacing w:line=&quot;360&quot; w:lineRule=&quot;auto&quot;/&gt;&lt;w:contextualSpacing/&gt;&lt;w:jc w:val=&quot;both&quot;/&gt;&lt;w:textAlignment w:val=&quot;baseline&quot;/&gt;&lt;w:rPr&gt;&lt;w:rFonts w:eastAsia=&quot;Times New Roman&quot;/&gt;&lt;w:color w:val=&quot;000000&quot;/&gt;&lt;w:sz w:val=&quot;24&quot;/&gt;&lt;w:szCs w:val=&quot;24&quot;/&gt;&lt;/w:rPr&gt;&lt;/w:pPr&gt;</value><value key="document">word\document.xml</value></props></cxt-def><cxt-def id="160" type="LocationDetails" purpose="Location"><fmt id="1"/><props><value key="StartsAt">190216</value><value key="EndsAt">190776</value><value key="ParagraphFormatting">&lt;w:pPr&gt;&lt;w:tabs&gt;&lt;w:tab w:val=&quot;decimal&quot; w:pos=&quot;792&quot;/&gt;&lt;/w:tabs&gt;&lt;w:spacing w:line=&quot;360&quot; w:lineRule=&quot;auto&quot;/&gt;&lt;w:contextualSpacing/&gt;&lt;w:jc w:val=&quot;both&quot;/&gt;&lt;w:textAlignment w:val=&quot;baseline&quot;/&gt;&lt;w:rPr&gt;&lt;w:rFonts w:eastAsia=&quot;Times New Roman&quot;/&gt;&lt;w:color w:val=&quot;000000&quot;/&gt;&lt;w:sz w:val=&quot;24&quot;/&gt;&lt;w:szCs w:val=&quot;24&quot;/&gt;&lt;/w:rPr&gt;&lt;/w:pPr&gt;</value><value key="document">word\document.xml</value></props></cxt-def><cxt-def id="161" type="LocationDetails" purpose="Location"><fmt id="1"/><props><value key="StartsAt">191121</value><value key="EndsAt">191681</value><value key="ParagraphFormatting">&lt;w:pPr&gt;&lt;w:tabs&gt;&lt;w:tab w:val=&quot;decimal&quot; w:pos=&quot;792&quot;/&gt;&lt;/w:tabs&gt;&lt;w:spacing w:line=&quot;360&quot; w:lineRule=&quot;auto&quot;/&gt;&lt;w:contextualSpacing/&gt;&lt;w:jc w:val=&quot;both&quot;/&gt;&lt;w:textAlignment w:val=&quot;baseline&quot;/&gt;&lt;w:rPr&gt;&lt;w:rFonts w:eastAsia=&quot;Times New Roman&quot;/&gt;&lt;w:color w:val=&quot;000000&quot;/&gt;&lt;w:sz w:val=&quot;24&quot;/&gt;&lt;w:szCs w:val=&quot;24&quot;/&gt;&lt;/w:rPr&gt;&lt;/w:pPr&gt;</value><value key="document">word\document.xml</value></props></cxt-def><cxt-def id="162" type="LocationDetails" purpose="Location"><fmt id="1"/><props><value key="StartsAt">192026</value><value key="EndsAt">192533</value><value key="ParagraphFormatting">&lt;w:pPr&gt;&lt;w:spacing w:line=&quot;360&quot; w:lineRule=&quot;auto&quot;/&gt;&lt;w:contextualSpacing/&gt;&lt;w:jc w:val=&quot;both&quot;/&gt;&lt;w:textAlignment w:val=&quot;baseline&quot;/&gt;&lt;w:rPr&gt;&lt;w:rFonts w:eastAsia=&quot;Times New Roman&quot;/&gt;&lt;w:color w:val=&quot;000000&quot;/&gt;&lt;w:sz w:val=&quot;24&quot;/&gt;&lt;w:szCs w:val=&quot;24&quot;/&gt;&lt;/w:rPr&gt;&lt;/w:pPr&gt;</value><value key="document">word\document.xml</value></props></cxt-def><cxt-def id="163" type="LocationDetails" purpose="Location"><fmt id="1"/><props><value key="StartsAt">193009</value><value key="EndsAt">194469</value><value key="ParagraphFormatting">&lt;w:pPr&gt;&lt;w:spacing w:line=&quot;360&quot; w:lineRule=&quot;auto&quot;/&gt;&lt;w:contextualSpacing/&gt;&lt;w:jc w:val=&quot;both&quot;/&gt;&lt;w:textAlignment w:val=&quot;baseline&quot;/&gt;&lt;w:rPr&gt;&lt;w:rFonts w:eastAsia=&quot;Times New Roman&quot;/&gt;&lt;w:color w:val=&quot;000000&quot;/&gt;&lt;w:sz w:val=&quot;24&quot;/&gt;&lt;w:szCs w:val=&quot;24&quot;/&gt;&lt;/w:rPr&gt;&lt;/w:pPr&gt;</value><value key="document">word\document.xml</value></props></cxt-def><cxt-def id="164" type="LocationDetails" purpose="Location"><fmt id="1"/><props><value key="StartsAt">194814</value><value key="EndsAt">195374</value><value key="ParagraphFormatting">&lt;w:pPr&gt;&lt;w:tabs&gt;&lt;w:tab w:val=&quot;decimal&quot; w:pos=&quot;792&quot;/&gt;&lt;/w:tabs&gt;&lt;w:spacing w:line=&quot;360&quot; w:lineRule=&quot;auto&quot;/&gt;&lt;w:contextualSpacing/&gt;&lt;w:jc w:val=&quot;both&quot;/&gt;&lt;w:textAlignment w:val=&quot;baseline&quot;/&gt;&lt;w:rPr&gt;&lt;w:rFonts w:eastAsia=&quot;Times New Roman&quot;/&gt;&lt;w:color w:val=&quot;000000&quot;/&gt;&lt;w:sz w:val=&quot;24&quot;/&gt;&lt;w:szCs w:val=&quot;24&quot;/&gt;&lt;/w:rPr&gt;&lt;/w:pPr&gt;</value><value key="document">word\document.xml</value></props></cxt-def><cxt-def id="165" type="LocationDetails" purpose="Location"><fmt id="1"/><props><value key="StartsAt">195719</value><value key="EndsAt">196279</value><value key="ParagraphFormatting">&lt;w:pPr&gt;&lt;w:tabs&gt;&lt;w:tab w:val=&quot;decimal&quot; w:pos=&quot;792&quot;/&gt;&lt;/w:tabs&gt;&lt;w:spacing w:line=&quot;360&quot; w:lineRule=&quot;auto&quot;/&gt;&lt;w:contextualSpacing/&gt;&lt;w:jc w:val=&quot;both&quot;/&gt;&lt;w:textAlignment w:val=&quot;baseline&quot;/&gt;&lt;w:rPr&gt;&lt;w:rFonts w:eastAsia=&quot;Times New Roman&quot;/&gt;&lt;w:color w:val=&quot;000000&quot;/&gt;&lt;w:sz w:val=&quot;24&quot;/&gt;&lt;w:szCs w:val=&quot;24&quot;/&gt;&lt;/w:rPr&gt;&lt;/w:pPr&gt;</value><value key="document">word\document.xml</value></props></cxt-def><cxt-def id="166" type="LocationDetails" purpose="Location"><fmt id="1"/><props><value key="StartsAt">196624</value><value key="EndsAt">197185</value><value key="ParagraphFormatting">&lt;w:pPr&gt;&lt;w:tabs&gt;&lt;w:tab w:val=&quot;decimal&quot; w:pos=&quot;792&quot;/&gt;&lt;/w:tabs&gt;&lt;w:spacing w:line=&quot;360&quot; w:lineRule=&quot;auto&quot;/&gt;&lt;w:contextualSpacing/&gt;&lt;w:jc w:val=&quot;both&quot;/&gt;&lt;w:textAlignment w:val=&quot;baseline&quot;/&gt;&lt;w:rPr&gt;&lt;w:rFonts w:eastAsia=&quot;Times New Roman&quot;/&gt;&lt;w:color w:val=&quot;000000&quot;/&gt;&lt;w:sz w:val=&quot;24&quot;/&gt;&lt;w:szCs w:val=&quot;24&quot;/&gt;&lt;/w:rPr&gt;&lt;/w:pPr&gt;</value><value key="document">word\document.xml</value></props></cxt-def><cxt-def id="167" type="LocationDetails" purpose="Location"><fmt id="1"/><props><value key="StartsAt">197530</value><value key="EndsAt">198038</value><value key="ParagraphFormatting">&lt;w:pPr&gt;&lt;w:spacing w:line=&quot;360&quot; w:lineRule=&quot;auto&quot;/&gt;&lt;w:contextualSpacing/&gt;&lt;w:jc w:val=&quot;both&quot;/&gt;&lt;w:textAlignment w:val=&quot;baseline&quot;/&gt;&lt;w:rPr&gt;&lt;w:rFonts w:eastAsia=&quot;Times New Roman&quot;/&gt;&lt;w:color w:val=&quot;000000&quot;/&gt;&lt;w:sz w:val=&quot;24&quot;/&gt;&lt;w:szCs w:val=&quot;24&quot;/&gt;&lt;/w:rPr&gt;&lt;/w:pPr&gt;</value><value key="document">word\document.xml</value></props></cxt-def><cxt-def id="168" type="LocationDetails" purpose="Location"><fmt id="1"/><props><value key="StartsAt">198514</value><value key="EndsAt">199972</value><value key="ParagraphFormatting">&lt;w:pPr&gt;&lt;w:spacing w:line=&quot;360&quot; w:lineRule=&quot;auto&quot;/&gt;&lt;w:contextualSpacing/&gt;&lt;w:jc w:val=&quot;both&quot;/&gt;&lt;w:textAlignment w:val=&quot;baseline&quot;/&gt;&lt;w:rPr&gt;&lt;w:rFonts w:eastAsia=&quot;Times New Roman&quot;/&gt;&lt;w:color w:val=&quot;000000&quot;/&gt;&lt;w:sz w:val=&quot;24&quot;/&gt;&lt;w:szCs w:val=&quot;24&quot;/&gt;&lt;/w:rPr&gt;&lt;/w:pPr&gt;</value><value key="document">word\document.xml</value></props></cxt-def><cxt-def id="169" type="LocationDetails" purpose="Location"><fmt id="1"/><props><value key="StartsAt">200317</value><value key="EndsAt">200877</value><value key="ParagraphFormatting">&lt;w:pPr&gt;&lt;w:tabs&gt;&lt;w:tab w:val=&quot;decimal&quot; w:pos=&quot;792&quot;/&gt;&lt;/w:tabs&gt;&lt;w:spacing w:line=&quot;360&quot; w:lineRule=&quot;auto&quot;/&gt;&lt;w:contextualSpacing/&gt;&lt;w:jc w:val=&quot;both&quot;/&gt;&lt;w:textAlignment w:val=&quot;baseline&quot;/&gt;&lt;w:rPr&gt;&lt;w:rFonts w:eastAsia=&quot;Times New Roman&quot;/&gt;&lt;w:color w:val=&quot;000000&quot;/&gt;&lt;w:sz w:val=&quot;24&quot;/&gt;&lt;w:szCs w:val=&quot;24&quot;/&gt;&lt;/w:rPr&gt;&lt;/w:pPr&gt;</value><value key="document">word\document.xml</value></props></cxt-def><cxt-def id="170" type="LocationDetails" purpose="Location"><fmt id="1"/><props><value key="StartsAt">201222</value><value key="EndsAt">201783</value><value key="ParagraphFormatting">&lt;w:pPr&gt;&lt;w:tabs&gt;&lt;w:tab w:val=&quot;decimal&quot; w:pos=&quot;792&quot;/&gt;&lt;/w:tabs&gt;&lt;w:spacing w:line=&quot;360&quot; w:lineRule=&quot;auto&quot;/&gt;&lt;w:contextualSpacing/&gt;&lt;w:jc w:val=&quot;both&quot;/&gt;&lt;w:textAlignment w:val=&quot;baseline&quot;/&gt;&lt;w:rPr&gt;&lt;w:rFonts w:eastAsia=&quot;Times New Roman&quot;/&gt;&lt;w:color w:val=&quot;000000&quot;/&gt;&lt;w:sz w:val=&quot;24&quot;/&gt;&lt;w:szCs w:val=&quot;24&quot;/&gt;&lt;/w:rPr&gt;&lt;/w:pPr&gt;</value><value key="document">word\document.xml</value></props></cxt-def><cxt-def id="171" type="LocationDetails" purpose="Location"><fmt id="1"/><props><value key="StartsAt">202128</value><value key="EndsAt">202689</value><value key="ParagraphFormatting">&lt;w:pPr&gt;&lt;w:tabs&gt;&lt;w:tab w:val=&quot;decimal&quot; w:pos=&quot;792&quot;/&gt;&lt;/w:tabs&gt;&lt;w:spacing w:line=&quot;360&quot; w:lineRule=&quot;auto&quot;/&gt;&lt;w:contextualSpacing/&gt;&lt;w:jc w:val=&quot;both&quot;/&gt;&lt;w:textAlignment w:val=&quot;baseline&quot;/&gt;&lt;w:rPr&gt;&lt;w:rFonts w:eastAsia=&quot;Times New Roman&quot;/&gt;&lt;w:color w:val=&quot;000000&quot;/&gt;&lt;w:sz w:val=&quot;24&quot;/&gt;&lt;w:szCs w:val=&quot;24&quot;/&gt;&lt;/w:rPr&gt;&lt;/w:pPr&gt;</value><value key="document">word\document.xml</value></props></cxt-def><cxt-def id="172" type="LocationDetails" purpose="Location"><fmt id="1"/><props><value key="StartsAt">203034</value><value key="EndsAt">203542</value><value key="ParagraphFormatting">&lt;w:pPr&gt;&lt;w:spacing w:line=&quot;360&quot; w:lineRule=&quot;auto&quot;/&gt;&lt;w:contextualSpacing/&gt;&lt;w:jc w:val=&quot;both&quot;/&gt;&lt;w:textAlignment w:val=&quot;baseline&quot;/&gt;&lt;w:rPr&gt;&lt;w:rFonts w:eastAsia=&quot;Times New Roman&quot;/&gt;&lt;w:color w:val=&quot;000000&quot;/&gt;&lt;w:sz w:val=&quot;24&quot;/&gt;&lt;w:szCs w:val=&quot;24&quot;/&gt;&lt;/w:rPr&gt;&lt;/w:pPr&gt;</value><value key="document">word\document.xml</value></props></cxt-def><cxt-def id="173" type="LocationDetails" purpose="Location"><fmt id="1"/><props><value key="StartsAt">204018</value><value key="EndsAt">205476</value><value key="ParagraphFormatting">&lt;w:pPr&gt;&lt;w:spacing w:line=&quot;360&quot; w:lineRule=&quot;auto&quot;/&gt;&lt;w:contextualSpacing/&gt;&lt;w:jc w:val=&quot;both&quot;/&gt;&lt;w:textAlignment w:val=&quot;baseline&quot;/&gt;&lt;w:rPr&gt;&lt;w:rFonts w:eastAsia=&quot;Times New Roman&quot;/&gt;&lt;w:color w:val=&quot;000000&quot;/&gt;&lt;w:sz w:val=&quot;24&quot;/&gt;&lt;w:szCs w:val=&quot;24&quot;/&gt;&lt;/w:rPr&gt;&lt;/w:pPr&gt;</value><value key="document">word\document.xml</value></props></cxt-def><cxt-def id="174" type="LocationDetails" purpose="Location"><fmt id="1"/><props><value key="StartsAt">205821</value><value key="EndsAt">206382</value><value key="ParagraphFormatting">&lt;w:pPr&gt;&lt;w:tabs&gt;&lt;w:tab w:val=&quot;decimal&quot; w:pos=&quot;792&quot;/&gt;&lt;/w:tabs&gt;&lt;w:spacing w:line=&quot;360&quot; w:lineRule=&quot;auto&quot;/&gt;&lt;w:contextualSpacing/&gt;&lt;w:jc w:val=&quot;both&quot;/&gt;&lt;w:textAlignment w:val=&quot;baseline&quot;/&gt;&lt;w:rPr&gt;&lt;w:rFonts w:eastAsia=&quot;Times New Roman&quot;/&gt;&lt;w:color w:val=&quot;000000&quot;/&gt;&lt;w:sz w:val=&quot;24&quot;/&gt;&lt;w:szCs w:val=&quot;24&quot;/&gt;&lt;/w:rPr&gt;&lt;/w:pPr&gt;</value><value key="document">word\document.xml</value></props></cxt-def><cxt-def id="175" type="LocationDetails" purpose="Location"><fmt id="1"/><props><value key="StartsAt">206727</value><value key="EndsAt">207288</value><value key="ParagraphFormatting">&lt;w:pPr&gt;&lt;w:tabs&gt;&lt;w:tab w:val=&quot;decimal&quot; w:pos=&quot;792&quot;/&gt;&lt;/w:tabs&gt;&lt;w:spacing w:line=&quot;360&quot; w:lineRule=&quot;auto&quot;/&gt;&lt;w:contextualSpacing/&gt;&lt;w:jc w:val=&quot;both&quot;/&gt;&lt;w:textAlignment w:val=&quot;baseline&quot;/&gt;&lt;w:rPr&gt;&lt;w:rFonts w:eastAsia=&quot;Times New Roman&quot;/&gt;&lt;w:color w:val=&quot;000000&quot;/&gt;&lt;w:sz w:val=&quot;24&quot;/&gt;&lt;w:szCs w:val=&quot;24&quot;/&gt;&lt;/w:rPr&gt;&lt;/w:pPr&gt;</value><value key="document">word\document.xml</value></props></cxt-def><cxt-def id="176" type="LocationDetails" purpose="Location"><fmt id="1"/><props><value key="StartsAt">207633</value><value key="EndsAt">208194</value><value key="ParagraphFormatting">&lt;w:pPr&gt;&lt;w:tabs&gt;&lt;w:tab w:val=&quot;decimal&quot; w:pos=&quot;792&quot;/&gt;&lt;/w:tabs&gt;&lt;w:spacing w:line=&quot;360&quot; w:lineRule=&quot;auto&quot;/&gt;&lt;w:contextualSpacing/&gt;&lt;w:jc w:val=&quot;both&quot;/&gt;&lt;w:textAlignment w:val=&quot;baseline&quot;/&gt;&lt;w:rPr&gt;&lt;w:rFonts w:eastAsia=&quot;Times New Roman&quot;/&gt;&lt;w:color w:val=&quot;000000&quot;/&gt;&lt;w:sz w:val=&quot;24&quot;/&gt;&lt;w:szCs w:val=&quot;24&quot;/&gt;&lt;/w:rPr&gt;&lt;/w:pPr&gt;</value><value key="document">word\document.xml</value></props></cxt-def><cxt-def id="177" type="LocationDetails" purpose="Location"><fmt id="1"/><props><value key="StartsAt">208539</value><value key="EndsAt">209047</value><value key="ParagraphFormatting">&lt;w:pPr&gt;&lt;w:spacing w:line=&quot;360&quot; w:lineRule=&quot;auto&quot;/&gt;&lt;w:contextualSpacing/&gt;&lt;w:jc w:val=&quot;both&quot;/&gt;&lt;w:textAlignment w:val=&quot;baseline&quot;/&gt;&lt;w:rPr&gt;&lt;w:rFonts w:eastAsia=&quot;Times New Roman&quot;/&gt;&lt;w:color w:val=&quot;000000&quot;/&gt;&lt;w:sz w:val=&quot;24&quot;/&gt;&lt;w:szCs w:val=&quot;24&quot;/&gt;&lt;/w:rPr&gt;&lt;/w:pPr&gt;</value><value key="document">word\document.xml</value></props></cxt-def><cxt-def id="178" type="LocationDetails" purpose="Location"><fmt id="1"/><props><value key="StartsAt">209523</value><value key="EndsAt">210044</value><value key="ParagraphFormatting">&lt;w:pPr&gt;&lt;w:spacing w:line=&quot;360&quot; w:lineRule=&quot;auto&quot;/&gt;&lt;w:contextualSpacing/&gt;&lt;w:jc w:val=&quot;both&quot;/&gt;&lt;w:textAlignment w:val=&quot;baseline&quot;/&gt;&lt;w:rPr&gt;&lt;w:rFonts w:eastAsia=&quot;Times New Roman&quot;/&gt;&lt;w:color w:val=&quot;000000&quot;/&gt;&lt;w:sz w:val=&quot;24&quot;/&gt;&lt;w:szCs w:val=&quot;24&quot;/&gt;&lt;/w:rPr&gt;&lt;/w:pPr&gt;</value><value key="document">word\document.xml</value></props></cxt-def><cxt-def id="179" type="LocationDetails" purpose="Location"><fmt id="1"/><props><value key="StartsAt">210389</value><value key="EndsAt">210895</value><value key="ParagraphFormatting">&lt;w:pPr&gt;&lt;w:spacing w:line=&quot;360&quot; w:lineRule=&quot;auto&quot;/&gt;&lt;w:contextualSpacing/&gt;&lt;w:jc w:val=&quot;both&quot;/&gt;&lt;w:textAlignment w:val=&quot;baseline&quot;/&gt;&lt;w:rPr&gt;&lt;w:rFonts w:eastAsia=&quot;Times New Roman&quot;/&gt;&lt;w:color w:val=&quot;000000&quot;/&gt;&lt;w:sz w:val=&quot;24&quot;/&gt;&lt;w:szCs w:val=&quot;24&quot;/&gt;&lt;/w:rPr&gt;&lt;/w:pPr&gt;</value><value key="document">word\document.xml</value></props></cxt-def><cxt-def id="180" type="LocationDetails" purpose="Location"><fmt id="1"/><props><value key="StartsAt">211240</value><value key="EndsAt">211746</value><value key="ParagraphFormatting">&lt;w:pPr&gt;&lt;w:spacing w:line=&quot;360&quot; w:lineRule=&quot;auto&quot;/&gt;&lt;w:contextualSpacing/&gt;&lt;w:jc w:val=&quot;both&quot;/&gt;&lt;w:textAlignment w:val=&quot;baseline&quot;/&gt;&lt;w:rPr&gt;&lt;w:rFonts w:eastAsia=&quot;Times New Roman&quot;/&gt;&lt;w:color w:val=&quot;000000&quot;/&gt;&lt;w:sz w:val=&quot;24&quot;/&gt;&lt;w:szCs w:val=&quot;24&quot;/&gt;&lt;/w:rPr&gt;&lt;/w:pPr&gt;</value><value key="document">word\document.xml</value></props></cxt-def><cxt-def id="181" type="LocationDetails" purpose="Location"><fmt id="1"/><props><value key="StartsAt">212091</value><value key="EndsAt">212652</value><value key="ParagraphFormatting">&lt;w:pPr&gt;&lt;w:tabs&gt;&lt;w:tab w:val=&quot;decimal&quot; w:pos=&quot;792&quot;/&gt;&lt;/w:tabs&gt;&lt;w:spacing w:line=&quot;360&quot; w:lineRule=&quot;auto&quot;/&gt;&lt;w:contextualSpacing/&gt;&lt;w:jc w:val=&quot;both&quot;/&gt;&lt;w:textAlignment w:val=&quot;baseline&quot;/&gt;&lt;w:rPr&gt;&lt;w:rFonts w:eastAsia=&quot;Times New Roman&quot;/&gt;&lt;w:color w:val=&quot;000000&quot;/&gt;&lt;w:sz w:val=&quot;24&quot;/&gt;&lt;w:szCs w:val=&quot;24&quot;/&gt;&lt;/w:rPr&gt;&lt;/w:pPr&gt;</value><value key="document">word\document.xml</value></props></cxt-def><cxt-def id="182" type="LocationDetails" purpose="Location"><fmt id="1"/><props><value key="StartsAt">212997</value><value key="EndsAt">213505</value><value key="ParagraphFormatting">&lt;w:pPr&gt;&lt;w:spacing w:line=&quot;360&quot; w:lineRule=&quot;auto&quot;/&gt;&lt;w:contextualSpacing/&gt;&lt;w:jc w:val=&quot;both&quot;/&gt;&lt;w:textAlignment w:val=&quot;baseline&quot;/&gt;&lt;w:rPr&gt;&lt;w:rFonts w:eastAsia=&quot;Times New Roman&quot;/&gt;&lt;w:color w:val=&quot;000000&quot;/&gt;&lt;w:sz w:val=&quot;24&quot;/&gt;&lt;w:szCs w:val=&quot;24&quot;/&gt;&lt;/w:rPr&gt;&lt;/w:pPr&gt;</value><value key="document">word\document.xml</value></props></cxt-def><cxt-def id="183" type="LocationDetails" purpose="Location"><fmt id="1"/><props><value key="StartsAt">213981</value><value key="EndsAt">214502</value><value key="ParagraphFormatting">&lt;w:pPr&gt;&lt;w:spacing w:line=&quot;360&quot; w:lineRule=&quot;auto&quot;/&gt;&lt;w:contextualSpacing/&gt;&lt;w:jc w:val=&quot;both&quot;/&gt;&lt;w:textAlignment w:val=&quot;baseline&quot;/&gt;&lt;w:rPr&gt;&lt;w:rFonts w:eastAsia=&quot;Times New Roman&quot;/&gt;&lt;w:color w:val=&quot;000000&quot;/&gt;&lt;w:sz w:val=&quot;24&quot;/&gt;&lt;w:szCs w:val=&quot;24&quot;/&gt;&lt;/w:rPr&gt;&lt;/w:pPr&gt;</value><value key="document">word\document.xml</value></props></cxt-def><cxt-def id="184" type="LocationDetails" purpose="Location"><fmt id="1"/><props><value key="StartsAt">214847</value><value key="EndsAt">215408</value><value key="ParagraphFormatting">&lt;w:pPr&gt;&lt;w:tabs&gt;&lt;w:tab w:val=&quot;decimal&quot; w:pos=&quot;792&quot;/&gt;&lt;/w:tabs&gt;&lt;w:spacing w:line=&quot;360&quot; w:lineRule=&quot;auto&quot;/&gt;&lt;w:contextualSpacing/&gt;&lt;w:jc w:val=&quot;both&quot;/&gt;&lt;w:textAlignment w:val=&quot;baseline&quot;/&gt;&lt;w:rPr&gt;&lt;w:rFonts w:eastAsia=&quot;Times New Roman&quot;/&gt;&lt;w:color w:val=&quot;000000&quot;/&gt;&lt;w:sz w:val=&quot;24&quot;/&gt;&lt;w:szCs w:val=&quot;24&quot;/&gt;&lt;/w:rPr&gt;&lt;/w:pPr&gt;</value><value key="document">word\document.xml</value></props></cxt-def><cxt-def id="185" type="LocationDetails" purpose="Location"><fmt id="1"/><props><value key="StartsAt">215753</value><value key="EndsAt">216314</value><value key="ParagraphFormatting">&lt;w:pPr&gt;&lt;w:tabs&gt;&lt;w:tab w:val=&quot;decimal&quot; w:pos=&quot;792&quot;/&gt;&lt;/w:tabs&gt;&lt;w:spacing w:line=&quot;360&quot; w:lineRule=&quot;auto&quot;/&gt;&lt;w:contextualSpacing/&gt;&lt;w:jc w:val=&quot;both&quot;/&gt;&lt;w:textAlignment w:val=&quot;baseline&quot;/&gt;&lt;w:rPr&gt;&lt;w:rFonts w:eastAsia=&quot;Times New Roman&quot;/&gt;&lt;w:color w:val=&quot;000000&quot;/&gt;&lt;w:sz w:val=&quot;24&quot;/&gt;&lt;w:szCs w:val=&quot;24&quot;/&gt;&lt;/w:rPr&gt;&lt;/w:pPr&gt;</value><value key="document">word\document.xml</value></props></cxt-def><cxt-def id="186" type="LocationDetails" purpose="Location"><fmt id="1"/><props><value key="StartsAt">216659</value><value key="EndsAt">217220</value><value key="ParagraphFormatting">&lt;w:pPr&gt;&lt;w:tabs&gt;&lt;w:tab w:val=&quot;decimal&quot; w:pos=&quot;792&quot;/&gt;&lt;/w:tabs&gt;&lt;w:spacing w:line=&quot;360&quot; w:lineRule=&quot;auto&quot;/&gt;&lt;w:contextualSpacing/&gt;&lt;w:jc w:val=&quot;both&quot;/&gt;&lt;w:textAlignment w:val=&quot;baseline&quot;/&gt;&lt;w:rPr&gt;&lt;w:rFonts w:eastAsia=&quot;Times New Roman&quot;/&gt;&lt;w:color w:val=&quot;000000&quot;/&gt;&lt;w:sz w:val=&quot;24&quot;/&gt;&lt;w:szCs w:val=&quot;24&quot;/&gt;&lt;/w:rPr&gt;&lt;/w:pPr&gt;</value><value key="document">word\document.xml</value></props></cxt-def><cxt-def id="187" type="LocationDetails" purpose="Location"><fmt id="1"/><props><value key="StartsAt">217565</value><value key="EndsAt">218073</value><value key="ParagraphFormatting">&lt;w:pPr&gt;&lt;w:spacing w:line=&quot;360&quot; w:lineRule=&quot;auto&quot;/&gt;&lt;w:contextualSpacing/&gt;&lt;w:jc w:val=&quot;both&quot;/&gt;&lt;w:textAlignment w:val=&quot;baseline&quot;/&gt;&lt;w:rPr&gt;&lt;w:rFonts w:eastAsia=&quot;Times New Roman&quot;/&gt;&lt;w:color w:val=&quot;000000&quot;/&gt;&lt;w:sz w:val=&quot;24&quot;/&gt;&lt;w:szCs w:val=&quot;24&quot;/&gt;&lt;/w:rPr&gt;&lt;/w:pPr&gt;</value><value key="document">word\document.xml</value></props></cxt-def><cxt-def id="188" type="LocationDetails" purpose="Location"><fmt id="1"/><props><value key="StartsAt">218549</value><value key="EndsAt">220009</value><value key="ParagraphFormatting">&lt;w:pPr&gt;&lt;w:spacing w:line=&quot;360&quot; w:lineRule=&quot;auto&quot;/&gt;&lt;w:contextualSpacing/&gt;&lt;w:jc w:val=&quot;both&quot;/&gt;&lt;w:textAlignment w:val=&quot;baseline&quot;/&gt;&lt;w:rPr&gt;&lt;w:rFonts w:eastAsia=&quot;Times New Roman&quot;/&gt;&lt;w:color w:val=&quot;000000&quot;/&gt;&lt;w:sz w:val=&quot;24&quot;/&gt;&lt;w:szCs w:val=&quot;24&quot;/&gt;&lt;/w:rPr&gt;&lt;/w:pPr&gt;</value><value key="document">word\document.xml</value></props></cxt-def><cxt-def id="189" type="LocationDetails" purpose="Location"><fmt id="1"/><props><value key="StartsAt">220354</value><value key="EndsAt">220914</value><value key="ParagraphFormatting">&lt;w:pPr&gt;&lt;w:tabs&gt;&lt;w:tab w:val=&quot;decimal&quot; w:pos=&quot;792&quot;/&gt;&lt;/w:tabs&gt;&lt;w:spacing w:line=&quot;360&quot; w:lineRule=&quot;auto&quot;/&gt;&lt;w:contextualSpacing/&gt;&lt;w:jc w:val=&quot;both&quot;/&gt;&lt;w:textAlignment w:val=&quot;baseline&quot;/&gt;&lt;w:rPr&gt;&lt;w:rFonts w:eastAsia=&quot;Times New Roman&quot;/&gt;&lt;w:color w:val=&quot;000000&quot;/&gt;&lt;w:sz w:val=&quot;24&quot;/&gt;&lt;w:szCs w:val=&quot;24&quot;/&gt;&lt;/w:rPr&gt;&lt;/w:pPr&gt;</value><value key="document">word\document.xml</value></props></cxt-def><cxt-def id="190" type="LocationDetails" purpose="Location"><fmt id="1"/><props><value key="StartsAt">221259</value><value key="EndsAt">221819</value><value key="ParagraphFormatting">&lt;w:pPr&gt;&lt;w:tabs&gt;&lt;w:tab w:val=&quot;decimal&quot; w:pos=&quot;792&quot;/&gt;&lt;/w:tabs&gt;&lt;w:spacing w:line=&quot;360&quot; w:lineRule=&quot;auto&quot;/&gt;&lt;w:contextualSpacing/&gt;&lt;w:jc w:val=&quot;both&quot;/&gt;&lt;w:textAlignment w:val=&quot;baseline&quot;/&gt;&lt;w:rPr&gt;&lt;w:rFonts w:eastAsia=&quot;Times New Roman&quot;/&gt;&lt;w:color w:val=&quot;000000&quot;/&gt;&lt;w:sz w:val=&quot;24&quot;/&gt;&lt;w:szCs w:val=&quot;24&quot;/&gt;&lt;/w:rPr&gt;&lt;/w:pPr&gt;</value><value key="document">word\document.xml</value></props></cxt-def><cxt-def id="191" type="LocationDetails" purpose="Location"><fmt id="1"/><props><value key="StartsAt">222164</value><value key="EndsAt">222724</value><value key="ParagraphFormatting">&lt;w:pPr&gt;&lt;w:tabs&gt;&lt;w:tab w:val=&quot;decimal&quot; w:pos=&quot;792&quot;/&gt;&lt;/w:tabs&gt;&lt;w:spacing w:line=&quot;360&quot; w:lineRule=&quot;auto&quot;/&gt;&lt;w:contextualSpacing/&gt;&lt;w:jc w:val=&quot;both&quot;/&gt;&lt;w:textAlignment w:val=&quot;baseline&quot;/&gt;&lt;w:rPr&gt;&lt;w:rFonts w:eastAsia=&quot;Times New Roman&quot;/&gt;&lt;w:color w:val=&quot;000000&quot;/&gt;&lt;w:sz w:val=&quot;24&quot;/&gt;&lt;w:szCs w:val=&quot;24&quot;/&gt;&lt;/w:rPr&gt;&lt;/w:pPr&gt;</value><value key="document">word\document.xml</value></props></cxt-def><cxt-def id="192" type="LocationDetails" purpose="Location"><fmt id="1"/><props><value key="StartsAt">223069</value><value key="EndsAt">223577</value><value key="ParagraphFormatting">&lt;w:pPr&gt;&lt;w:spacing w:line=&quot;360&quot; w:lineRule=&quot;auto&quot;/&gt;&lt;w:contextualSpacing/&gt;&lt;w:jc w:val=&quot;both&quot;/&gt;&lt;w:textAlignment w:val=&quot;baseline&quot;/&gt;&lt;w:rPr&gt;&lt;w:rFonts w:eastAsia=&quot;Times New Roman&quot;/&gt;&lt;w:color w:val=&quot;000000&quot;/&gt;&lt;w:sz w:val=&quot;24&quot;/&gt;&lt;w:szCs w:val=&quot;24&quot;/&gt;&lt;/w:rPr&gt;&lt;/w:pPr&gt;</value><value key="document">word\document.xml</value></props></cxt-def><cxt-def id="193" type="LocationDetails" purpose="Location"><fmt id="1"/><props><value key="StartsAt">224053</value><value key="EndsAt">224770</value><value key="ParagraphFormatting">&lt;w:pPr&gt;&lt;w:spacing w:line=&quot;360&quot; w:lineRule=&quot;auto&quot;/&gt;&lt;w:contextualSpacing/&gt;&lt;w:jc w:val=&quot;both&quot;/&gt;&lt;w:textAlignment w:val=&quot;baseline&quot;/&gt;&lt;w:rPr&gt;&lt;w:rFonts w:eastAsia=&quot;Times New Roman&quot;/&gt;&lt;w:color w:val=&quot;000000&quot;/&gt;&lt;w:sz w:val=&quot;24&quot;/&gt;&lt;w:szCs w:val=&quot;24&quot;/&gt;&lt;/w:rPr&gt;&lt;/w:pPr&gt;</value><value key="document">word\document.xml</value></props></cxt-def><cxt-def id="194" type="LocationDetails" purpose="Location"><fmt id="1"/><props><value key="StartsAt">224776</value><value key="EndsAt">226022</value><value key="ParagraphFormatting">&lt;w:pPr&gt;&lt;w:spacing w:line=&quot;360&quot; w:lineRule=&quot;auto&quot;/&gt;&lt;w:contextualSpacing/&gt;&lt;w:jc w:val=&quot;both&quot;/&gt;&lt;w:textAlignment w:val=&quot;baseline&quot;/&gt;&lt;w:rPr&gt;&lt;w:rFonts w:eastAsia=&quot;Times New Roman&quot;/&gt;&lt;w:color w:val=&quot;000000&quot;/&gt;&lt;w:sz w:val=&quot;24&quot;/&gt;&lt;w:szCs w:val=&quot;24&quot;/&gt;&lt;/w:rPr&gt;&lt;/w:pPr&gt;</value><value key="document">word\document.xml</value></props></cxt-def><cxt-def id="195" type="LocationDetails" purpose="Location"><fmt id="1"/><props><value key="StartsAt">226367</value><value key="EndsAt">226927</value><value key="ParagraphFormatting">&lt;w:pPr&gt;&lt;w:tabs&gt;&lt;w:tab w:val=&quot;decimal&quot; w:pos=&quot;792&quot;/&gt;&lt;/w:tabs&gt;&lt;w:spacing w:line=&quot;360&quot; w:lineRule=&quot;auto&quot;/&gt;&lt;w:contextualSpacing/&gt;&lt;w:jc w:val=&quot;both&quot;/&gt;&lt;w:textAlignment w:val=&quot;baseline&quot;/&gt;&lt;w:rPr&gt;&lt;w:rFonts w:eastAsia=&quot;Times New Roman&quot;/&gt;&lt;w:color w:val=&quot;000000&quot;/&gt;&lt;w:sz w:val=&quot;24&quot;/&gt;&lt;w:szCs w:val=&quot;24&quot;/&gt;&lt;/w:rPr&gt;&lt;/w:pPr&gt;</value><value key="document">word\document.xml</value></props></cxt-def><cxt-def id="196" type="LocationDetails" purpose="Location"><fmt id="1"/><props><value key="StartsAt">227272</value><value key="EndsAt">227832</value><value key="ParagraphFormatting">&lt;w:pPr&gt;&lt;w:tabs&gt;&lt;w:tab w:val=&quot;decimal&quot; w:pos=&quot;792&quot;/&gt;&lt;/w:tabs&gt;&lt;w:spacing w:line=&quot;360&quot; w:lineRule=&quot;auto&quot;/&gt;&lt;w:contextualSpacing/&gt;&lt;w:jc w:val=&quot;both&quot;/&gt;&lt;w:textAlignment w:val=&quot;baseline&quot;/&gt;&lt;w:rPr&gt;&lt;w:rFonts w:eastAsia=&quot;Times New Roman&quot;/&gt;&lt;w:color w:val=&quot;000000&quot;/&gt;&lt;w:sz w:val=&quot;24&quot;/&gt;&lt;w:szCs w:val=&quot;24&quot;/&gt;&lt;/w:rPr&gt;&lt;/w:pPr&gt;</value><value key="document">word\document.xml</value></props></cxt-def><cxt-def id="197" type="LocationDetails" purpose="Location"><fmt id="1"/><props><value key="StartsAt">228177</value><value key="EndsAt">228737</value><value key="ParagraphFormatting">&lt;w:pPr&gt;&lt;w:tabs&gt;&lt;w:tab w:val=&quot;decimal&quot; w:pos=&quot;792&quot;/&gt;&lt;/w:tabs&gt;&lt;w:spacing w:line=&quot;360&quot; w:lineRule=&quot;auto&quot;/&gt;&lt;w:contextualSpacing/&gt;&lt;w:jc w:val=&quot;both&quot;/&gt;&lt;w:textAlignment w:val=&quot;baseline&quot;/&gt;&lt;w:rPr&gt;&lt;w:rFonts w:eastAsia=&quot;Times New Roman&quot;/&gt;&lt;w:color w:val=&quot;000000&quot;/&gt;&lt;w:sz w:val=&quot;24&quot;/&gt;&lt;w:szCs w:val=&quot;24&quot;/&gt;&lt;/w:rPr&gt;&lt;/w:pPr&gt;</value><value key="document">word\document.xml</value></props></cxt-def><cxt-def id="198" type="LocationDetails" purpose="Location"><fmt id="1"/><props><value key="StartsAt">229082</value><value key="EndsAt">229590</value><value key="ParagraphFormatting">&lt;w:pPr&gt;&lt;w:spacing w:line=&quot;360&quot; w:lineRule=&quot;auto&quot;/&gt;&lt;w:contextualSpacing/&gt;&lt;w:jc w:val=&quot;both&quot;/&gt;&lt;w:textAlignment w:val=&quot;baseline&quot;/&gt;&lt;w:rPr&gt;&lt;w:rFonts w:eastAsia=&quot;Times New Roman&quot;/&gt;&lt;w:color w:val=&quot;000000&quot;/&gt;&lt;w:sz w:val=&quot;24&quot;/&gt;&lt;w:szCs w:val=&quot;24&quot;/&gt;&lt;/w:rPr&gt;&lt;/w:pPr&gt;</value><value key="document">word\document.xml</value></props></cxt-def><cxt-def id="199" type="LocationDetails" purpose="Location"><fmt id="1"/><props><value key="StartsAt">230066</value><value key="EndsAt">230587</value><value key="ParagraphFormatting">&lt;w:pPr&gt;&lt;w:spacing w:line=&quot;360&quot; w:lineRule=&quot;auto&quot;/&gt;&lt;w:contextualSpacing/&gt;&lt;w:jc w:val=&quot;both&quot;/&gt;&lt;w:textAlignment w:val=&quot;baseline&quot;/&gt;&lt;w:rPr&gt;&lt;w:rFonts w:eastAsia=&quot;Times New Roman&quot;/&gt;&lt;w:color w:val=&quot;000000&quot;/&gt;&lt;w:sz w:val=&quot;24&quot;/&gt;&lt;w:szCs w:val=&quot;24&quot;/&gt;&lt;/w:rPr&gt;&lt;/w:pPr&gt;</value><value key="document">word\document.xml</value></props></cxt-def><cxt-def id="200" type="LocationDetails" purpose="Location"><fmt id="1"/><props><value key="StartsAt">230932</value><value key="EndsAt">231438</value><value key="ParagraphFormatting">&lt;w:pPr&gt;&lt;w:spacing w:line=&quot;360&quot; w:lineRule=&quot;auto&quot;/&gt;&lt;w:contextualSpacing/&gt;&lt;w:jc w:val=&quot;both&quot;/&gt;&lt;w:textAlignment w:val=&quot;baseline&quot;/&gt;&lt;w:rPr&gt;&lt;w:rFonts w:eastAsia=&quot;Times New Roman&quot;/&gt;&lt;w:color w:val=&quot;000000&quot;/&gt;&lt;w:sz w:val=&quot;24&quot;/&gt;&lt;w:szCs w:val=&quot;24&quot;/&gt;&lt;/w:rPr&gt;&lt;/w:pPr&gt;</value><value key="document">word\document.xml</value></props></cxt-def><cxt-def id="201" type="LocationDetails" purpose="Location"><fmt id="1"/><props><value key="StartsAt">231783</value><value key="EndsAt">232289</value><value key="ParagraphFormatting">&lt;w:pPr&gt;&lt;w:spacing w:line=&quot;360&quot; w:lineRule=&quot;auto&quot;/&gt;&lt;w:contextualSpacing/&gt;&lt;w:jc w:val=&quot;both&quot;/&gt;&lt;w:textAlignment w:val=&quot;baseline&quot;/&gt;&lt;w:rPr&gt;&lt;w:rFonts w:eastAsia=&quot;Times New Roman&quot;/&gt;&lt;w:color w:val=&quot;000000&quot;/&gt;&lt;w:sz w:val=&quot;24&quot;/&gt;&lt;w:szCs w:val=&quot;24&quot;/&gt;&lt;/w:rPr&gt;&lt;/w:pPr&gt;</value><value key="document">word\document.xml</value></props></cxt-def><cxt-def id="202" type="LocationDetails" purpose="Location"><fmt id="1"/><props><value key="StartsAt">232634</value><value key="EndsAt">233142</value><value key="ParagraphFormatting">&lt;w:pPr&gt;&lt;w:spacing w:line=&quot;360&quot; w:lineRule=&quot;auto&quot;/&gt;&lt;w:contextualSpacing/&gt;&lt;w:jc w:val=&quot;both&quot;/&gt;&lt;w:textAlignment w:val=&quot;baseline&quot;/&gt;&lt;w:rPr&gt;&lt;w:rFonts w:eastAsia=&quot;Times New Roman&quot;/&gt;&lt;w:color w:val=&quot;000000&quot;/&gt;&lt;w:sz w:val=&quot;24&quot;/&gt;&lt;w:szCs w:val=&quot;24&quot;/&gt;&lt;/w:rPr&gt;&lt;/w:pPr&gt;</value><value key="document">word\document.xml</value></props></cxt-def><cxt-def id="203" type="LocationDetails" purpose="Location"><fmt id="1"/><props><value key="StartsAt">233487</value><value key="EndsAt">233995</value><value key="ParagraphFormatting">&lt;w:pPr&gt;&lt;w:spacing w:line=&quot;360&quot; w:lineRule=&quot;auto&quot;/&gt;&lt;w:contextualSpacing/&gt;&lt;w:jc w:val=&quot;both&quot;/&gt;&lt;w:textAlignment w:val=&quot;baseline&quot;/&gt;&lt;w:rPr&gt;&lt;w:rFonts w:eastAsia=&quot;Times New Roman&quot;/&gt;&lt;w:color w:val=&quot;000000&quot;/&gt;&lt;w:sz w:val=&quot;24&quot;/&gt;&lt;w:szCs w:val=&quot;24&quot;/&gt;&lt;/w:rPr&gt;&lt;/w:pPr&gt;</value><value key="document">word\document.xml</value></props></cxt-def><cxt-def id="204" type="LocationDetails" purpose="Location"><fmt id="1"/><props><value key="StartsAt">234471</value><value key="EndsAt">234992</value><value key="ParagraphFormatting">&lt;w:pPr&gt;&lt;w:spacing w:line=&quot;360&quot; w:lineRule=&quot;auto&quot;/&gt;&lt;w:contextualSpacing/&gt;&lt;w:jc w:val=&quot;both&quot;/&gt;&lt;w:textAlignment w:val=&quot;baseline&quot;/&gt;&lt;w:rPr&gt;&lt;w:rFonts w:eastAsia=&quot;Times New Roman&quot;/&gt;&lt;w:color w:val=&quot;000000&quot;/&gt;&lt;w:sz w:val=&quot;24&quot;/&gt;&lt;w:szCs w:val=&quot;24&quot;/&gt;&lt;/w:rPr&gt;&lt;/w:pPr&gt;</value><value key="document">word\document.xml</value></props></cxt-def><cxt-def id="205" type="LocationDetails" purpose="Location"><fmt id="1"/><props><value key="StartsAt">235337</value><value key="EndsAt">235844</value><value key="ParagraphFormatting">&lt;w:pPr&gt;&lt;w:spacing w:line=&quot;360&quot; w:lineRule=&quot;auto&quot;/&gt;&lt;w:contextualSpacing/&gt;&lt;w:jc w:val=&quot;both&quot;/&gt;&lt;w:textAlignment w:val=&quot;baseline&quot;/&gt;&lt;w:rPr&gt;&lt;w:rFonts w:eastAsia=&quot;Times New Roman&quot;/&gt;&lt;w:color w:val=&quot;000000&quot;/&gt;&lt;w:sz w:val=&quot;24&quot;/&gt;&lt;w:szCs w:val=&quot;24&quot;/&gt;&lt;/w:rPr&gt;&lt;/w:pPr&gt;</value><value key="document">word\document.xml</value></props></cxt-def><cxt-def id="206" type="LocationDetails" purpose="Location"><fmt id="1"/><props><value key="StartsAt">236189</value><value key="EndsAt">236696</value><value key="ParagraphFormatting">&lt;w:pPr&gt;&lt;w:spacing w:line=&quot;360&quot; w:lineRule=&quot;auto&quot;/&gt;&lt;w:contextualSpacing/&gt;&lt;w:jc w:val=&quot;both&quot;/&gt;&lt;w:textAlignment w:val=&quot;baseline&quot;/&gt;&lt;w:rPr&gt;&lt;w:rFonts w:eastAsia=&quot;Times New Roman&quot;/&gt;&lt;w:color w:val=&quot;000000&quot;/&gt;&lt;w:sz w:val=&quot;24&quot;/&gt;&lt;w:szCs w:val=&quot;24&quot;/&gt;&lt;/w:rPr&gt;&lt;/w:pPr&gt;</value><value key="document">word\document.xml</value></props></cxt-def><cxt-def id="207" type="LocationDetails" purpose="Location"><fmt id="1"/><props><value key="StartsAt">237041</value><value key="EndsAt">237549</value><value key="ParagraphFormatting">&lt;w:pPr&gt;&lt;w:spacing w:line=&quot;360&quot; w:lineRule=&quot;auto&quot;/&gt;&lt;w:contextualSpacing/&gt;&lt;w:jc w:val=&quot;both&quot;/&gt;&lt;w:textAlignment w:val=&quot;baseline&quot;/&gt;&lt;w:rPr&gt;&lt;w:rFonts w:eastAsia=&quot;Times New Roman&quot;/&gt;&lt;w:color w:val=&quot;000000&quot;/&gt;&lt;w:sz w:val=&quot;24&quot;/&gt;&lt;w:szCs w:val=&quot;24&quot;/&gt;&lt;/w:rPr&gt;&lt;/w:pPr&gt;</value><value key="document">word\document.xml</value></props></cxt-def><cxt-def id="208" type="LocationDetails" purpose="Location"><fmt id="1"/><props><value key="StartsAt">237894</value><value key="EndsAt">238402</value><value key="ParagraphFormatting">&lt;w:pPr&gt;&lt;w:spacing w:line=&quot;360&quot; w:lineRule=&quot;auto&quot;/&gt;&lt;w:contextualSpacing/&gt;&lt;w:jc w:val=&quot;both&quot;/&gt;&lt;w:textAlignment w:val=&quot;baseline&quot;/&gt;&lt;w:rPr&gt;&lt;w:rFonts w:eastAsia=&quot;Times New Roman&quot;/&gt;&lt;w:color w:val=&quot;000000&quot;/&gt;&lt;w:sz w:val=&quot;24&quot;/&gt;&lt;w:szCs w:val=&quot;24&quot;/&gt;&lt;/w:rPr&gt;&lt;/w:pPr&gt;</value><value key="document">word\document.xml</value></props></cxt-def><cxt-def id="209" type="LocationDetails" purpose="Location"><fmt id="1"/><props><value key="StartsAt">238679</value><value key="EndsAt">240027</value><value key="ParagraphFormatting">&lt;w:pPr&gt;&lt;w:spacing w:line=&quot;360&quot; w:lineRule=&quot;auto&quot;/&gt;&lt;w:contextualSpacing/&gt;&lt;w:jc w:val=&quot;both&quot;/&gt;&lt;w:textAlignment w:val=&quot;baseline&quot;/&gt;&lt;w:rPr&gt;&lt;w:rFonts w:eastAsia=&quot;Times New Roman&quot;/&gt;&lt;w:color w:val=&quot;000000&quot;/&gt;&lt;w:sz w:val=&quot;24&quot;/&gt;&lt;w:szCs w:val=&quot;24&quot;/&gt;&lt;/w:rPr&gt;&lt;/w:pPr&gt;</value><value key="document">word\document.xml</value></props></cxt-def><cxt-def id="210" type="LocationDetails" purpose="Location"><fmt id="1"/><props><value key="StartsAt">240033</value><value key="EndsAt">240544</value><value key="ParagraphFormatting">&lt;w:pPr&gt;&lt;w:spacing w:line=&quot;360&quot; w:lineRule=&quot;auto&quot;/&gt;&lt;w:contextualSpacing/&gt;&lt;w:jc w:val=&quot;both&quot;/&gt;&lt;w:textAlignment w:val=&quot;baseline&quot;/&gt;&lt;w:rPr&gt;&lt;w:rFonts w:eastAsia=&quot;Times New Roman&quot;/&gt;&lt;w:color w:val=&quot;000000&quot;/&gt;&lt;w:sz w:val=&quot;24&quot;/&gt;&lt;w:szCs w:val=&quot;24&quot;/&gt;&lt;/w:rPr&gt;&lt;/w:pPr&gt;</value><value key="document">word\document.xml</value></props></cxt-def><cxt-def id="211" type="LocationDetails" purpose="Location"><fmt id="1"/><props><value key="StartsAt">241543</value><value key="EndsAt">242091</value><value key="ParagraphFormatting">&lt;w:pPr&gt;&lt;w:spacing w:line=&quot;360&quot; w:lineRule=&quot;auto&quot;/&gt;&lt;w:contextualSpacing/&gt;&lt;w:jc w:val=&quot;both&quot;/&gt;&lt;w:textAlignment w:val=&quot;baseline&quot;/&gt;&lt;w:rPr&gt;&lt;w:rFonts w:eastAsia=&quot;Times New Roman&quot;/&gt;&lt;w:b/&gt;&lt;w:color w:val=&quot;000000&quot;/&gt;&lt;w:sz w:val=&quot;24&quot;/&gt;&lt;w:szCs w:val=&quot;24&quot;/&gt;&lt;/w:rPr&gt;&lt;/w:pPr&gt;</value><value key="document">word\document.xml</value></props></cxt-def><cxt-def id="212" type="LocationDetails" purpose="Location"><fmt id="1"/><props><value key="StartsAt">243149</value><value key="EndsAt">243677</value><value key="ParagraphFormatting">&lt;w:pPr&gt;&lt;w:spacing w:line=&quot;360&quot; w:lineRule=&quot;auto&quot;/&gt;&lt;w:contextualSpacing/&gt;&lt;w:jc w:val=&quot;both&quot;/&gt;&lt;w:textAlignment w:val=&quot;baseline&quot;/&gt;&lt;w:rPr&gt;&lt;w:rFonts w:eastAsia=&quot;Times New Roman&quot;/&gt;&lt;w:b/&gt;&lt;w:color w:val=&quot;000000&quot;/&gt;&lt;w:sz w:val=&quot;24&quot;/&gt;&lt;w:szCs w:val=&quot;24&quot;/&gt;&lt;/w:rPr&gt;&lt;/w:pPr&gt;</value><value key="document">word\document.xml</value></props></cxt-def><cxt-def id="213" type="LocationDetails" purpose="Location"><fmt id="1"/><props><value key="StartsAt">244048</value><value key="EndsAt">244576</value><value key="ParagraphFormatting">&lt;w:pPr&gt;&lt;w:spacing w:line=&quot;360&quot; w:lineRule=&quot;auto&quot;/&gt;&lt;w:contextualSpacing/&gt;&lt;w:jc w:val=&quot;both&quot;/&gt;&lt;w:textAlignment w:val=&quot;baseline&quot;/&gt;&lt;w:rPr&gt;&lt;w:rFonts w:eastAsia=&quot;Times New Roman&quot;/&gt;&lt;w:b/&gt;&lt;w:color w:val=&quot;000000&quot;/&gt;&lt;w:sz w:val=&quot;24&quot;/&gt;&lt;w:szCs w:val=&quot;24&quot;/&gt;&lt;/w:rPr&gt;&lt;/w:pPr&gt;</value><value key="document">word\document.xml</value></props></cxt-def><cxt-def id="214" type="LocationDetails" purpose="Location"><fmt id="1"/><props><value key="StartsAt">244947</value><value key="EndsAt">245475</value><value key="ParagraphFormatting">&lt;w:pPr&gt;&lt;w:spacing w:line=&quot;360&quot; w:lineRule=&quot;auto&quot;/&gt;&lt;w:contextualSpacing/&gt;&lt;w:jc w:val=&quot;both&quot;/&gt;&lt;w:textAlignment w:val=&quot;baseline&quot;/&gt;&lt;w:rPr&gt;&lt;w:rFonts w:eastAsia=&quot;Times New Roman&quot;/&gt;&lt;w:b/&gt;&lt;w:color w:val=&quot;000000&quot;/&gt;&lt;w:sz w:val=&quot;24&quot;/&gt;&lt;w:szCs w:val=&quot;24&quot;/&gt;&lt;/w:rPr&gt;&lt;/w:pPr&gt;</value><value key="document">word\document.xml</value></props></cxt-def><cxt-def id="215" type="LocationDetails" purpose="Location"><fmt id="1"/><props><value key="StartsAt">245846</value><value key="EndsAt">246374</value><value key="ParagraphFormatting">&lt;w:pPr&gt;&lt;w:spacing w:line=&quot;360&quot; w:lineRule=&quot;auto&quot;/&gt;&lt;w:contextualSpacing/&gt;&lt;w:jc w:val=&quot;both&quot;/&gt;&lt;w:textAlignment w:val=&quot;baseline&quot;/&gt;&lt;w:rPr&gt;&lt;w:rFonts w:eastAsia=&quot;Times New Roman&quot;/&gt;&lt;w:b/&gt;&lt;w:color w:val=&quot;000000&quot;/&gt;&lt;w:sz w:val=&quot;24&quot;/&gt;&lt;w:szCs w:val=&quot;24&quot;/&gt;&lt;/w:rPr&gt;&lt;/w:pPr&gt;</value><value key="document">word\document.xml</value></props></cxt-def><cxt-def id="216" type="LocationDetails" purpose="Location"><fmt id="1"/><props><value key="StartsAt">246879</value><value key="EndsAt">247390</value><value key="ParagraphFormatting">&lt;w:pPr&gt;&lt;w:spacing w:line=&quot;360&quot; w:lineRule=&quot;auto&quot;/&gt;&lt;w:contextualSpacing/&gt;&lt;w:jc w:val=&quot;both&quot;/&gt;&lt;w:textAlignment w:val=&quot;baseline&quot;/&gt;&lt;w:rPr&gt;&lt;w:rFonts w:eastAsia=&quot;Times New Roman&quot;/&gt;&lt;w:color w:val=&quot;000000&quot;/&gt;&lt;w:sz w:val=&quot;24&quot;/&gt;&lt;w:szCs w:val=&quot;24&quot;/&gt;&lt;/w:rPr&gt;&lt;/w:pPr&gt;</value><value key="document">word\document.xml</value></props></cxt-def><cxt-def id="217" type="LocationDetails" purpose="Location"><fmt id="1"/><props><value key="StartsAt">248422</value><value key="EndsAt">249130</value><value key="ParagraphFormatting">&lt;w:pPr&gt;&lt;w:spacing w:line=&quot;360&quot; w:lineRule=&quot;auto&quot;/&gt;&lt;w:contextualSpacing/&gt;&lt;w:jc w:val=&quot;both&quot;/&gt;&lt;w:textAlignment w:val=&quot;baseline&quot;/&gt;&lt;w:rPr&gt;&lt;w:rFonts w:eastAsia=&quot;Times New Roman&quot;/&gt;&lt;w:color w:val=&quot;000000&quot;/&gt;&lt;w:sz w:val=&quot;24&quot;/&gt;&lt;w:szCs w:val=&quot;24&quot;/&gt;&lt;/w:rPr&gt;&lt;/w:pPr&gt;</value><value key="document">word\document.xml</value></props></cxt-def><cxt-def id="218" type="LocationDetails" purpose="Location"><fmt id="1"/><props><value key="StartsAt">249475</value><value key="EndsAt">250183</value><value key="ParagraphFormatting">&lt;w:pPr&gt;&lt;w:spacing w:line=&quot;360&quot; w:lineRule=&quot;auto&quot;/&gt;&lt;w:contextualSpacing/&gt;&lt;w:jc w:val=&quot;both&quot;/&gt;&lt;w:textAlignment w:val=&quot;baseline&quot;/&gt;&lt;w:rPr&gt;&lt;w:rFonts w:eastAsia=&quot;Times New Roman&quot;/&gt;&lt;w:color w:val=&quot;000000&quot;/&gt;&lt;w:sz w:val=&quot;24&quot;/&gt;&lt;w:szCs w:val=&quot;24&quot;/&gt;&lt;/w:rPr&gt;&lt;/w:pPr&gt;</value><value key="document">word\document.xml</value></props></cxt-def><cxt-def id="219" type="LocationDetails" purpose="Location"><fmt id="1"/><props><value key="StartsAt">250528</value><value key="EndsAt">251234</value><value key="ParagraphFormatting">&lt;w:pPr&gt;&lt;w:spacing w:line=&quot;360&quot; w:lineRule=&quot;auto&quot;/&gt;&lt;w:contextualSpacing/&gt;&lt;w:jc w:val=&quot;both&quot;/&gt;&lt;w:textAlignment w:val=&quot;baseline&quot;/&gt;&lt;w:rPr&gt;&lt;w:rFonts w:eastAsia=&quot;Times New Roman&quot;/&gt;&lt;w:color w:val=&quot;000000&quot;/&gt;&lt;w:sz w:val=&quot;24&quot;/&gt;&lt;w:szCs w:val=&quot;24&quot;/&gt;&lt;/w:rPr&gt;&lt;/w:pPr&gt;</value><value key="document">word\document.xml</value></props></cxt-def><cxt-def id="220" type="LocationDetails" purpose="Location"><fmt id="1"/><props><value key="StartsAt">251579</value><value key="EndsAt">252285</value><value key="ParagraphFormatting">&lt;w:pPr&gt;&lt;w:spacing w:line=&quot;360&quot; w:lineRule=&quot;auto&quot;/&gt;&lt;w:contextualSpacing/&gt;&lt;w:jc w:val=&quot;both&quot;/&gt;&lt;w:textAlignment w:val=&quot;baseline&quot;/&gt;&lt;w:rPr&gt;&lt;w:rFonts w:eastAsia=&quot;Times New Roman&quot;/&gt;&lt;w:color w:val=&quot;000000&quot;/&gt;&lt;w:sz w:val=&quot;24&quot;/&gt;&lt;w:szCs w:val=&quot;24&quot;/&gt;&lt;/w:rPr&gt;&lt;/w:pPr&gt;</value><value key="document">word\document.xml</value></props></cxt-def><cxt-def id="221" type="LocationDetails" purpose="Location"><fmt id="1"/><props><value key="StartsAt">252790</value><value key="EndsAt">253312</value><value key="ParagraphFormatting">&lt;w:pPr&gt;&lt;w:spacing w:line=&quot;360&quot; w:lineRule=&quot;auto&quot;/&gt;&lt;w:contextualSpacing/&gt;&lt;w:jc w:val=&quot;both&quot;/&gt;&lt;w:textAlignment w:val=&quot;baseline&quot;/&gt;&lt;w:rPr&gt;&lt;w:rFonts w:eastAsia=&quot;Times New Roman&quot;/&gt;&lt;w:color w:val=&quot;000000&quot;/&gt;&lt;w:sz w:val=&quot;24&quot;/&gt;&lt;w:szCs w:val=&quot;24&quot;/&gt;&lt;/w:rPr&gt;&lt;/w:pPr&gt;</value><value key="document">word\document.xml</value></props></cxt-def><cxt-def id="222" type="LocationDetails" purpose="Location"><fmt id="1"/><props><value key="StartsAt">253683</value><value key="EndsAt">254203</value><value key="ParagraphFormatting">&lt;w:pPr&gt;&lt;w:spacing w:line=&quot;360&quot; w:lineRule=&quot;auto&quot;/&gt;&lt;w:contextualSpacing/&gt;&lt;w:jc w:val=&quot;both&quot;/&gt;&lt;w:textAlignment w:val=&quot;baseline&quot;/&gt;&lt;w:rPr&gt;&lt;w:rFonts w:eastAsia=&quot;Times New Roman&quot;/&gt;&lt;w:color w:val=&quot;000000&quot;/&gt;&lt;w:sz w:val=&quot;24&quot;/&gt;&lt;w:szCs w:val=&quot;24&quot;/&gt;&lt;/w:rPr&gt;&lt;/w:pPr&gt;</value><value key="document">word\document.xml</value></props></cxt-def><cxt-def id="223" type="LocationDetails" purpose="Location"><fmt id="1"/><props><value key="StartsAt">254574</value><value key="EndsAt">255082</value><value key="ParagraphFormatting">&lt;w:pPr&gt;&lt;w:spacing w:line=&quot;360&quot; w:lineRule=&quot;auto&quot;/&gt;&lt;w:contextualSpacing/&gt;&lt;w:jc w:val=&quot;both&quot;/&gt;&lt;w:textAlignment w:val=&quot;baseline&quot;/&gt;&lt;w:rPr&gt;&lt;w:rFonts w:eastAsia=&quot;Times New Roman&quot;/&gt;&lt;w:color w:val=&quot;000000&quot;/&gt;&lt;w:sz w:val=&quot;24&quot;/&gt;&lt;w:szCs w:val=&quot;24&quot;/&gt;&lt;/w:rPr&gt;&lt;/w:pPr&gt;</value><value key="document">word\document.xml</value></props></cxt-def><cxt-def id="224" type="LocationDetails" purpose="Location"><fmt id="1"/><props><value key="StartsAt">255453</value><value key="EndsAt">255961</value><value key="ParagraphFormatting">&lt;w:pPr&gt;&lt;w:spacing w:line=&quot;360&quot; w:lineRule=&quot;auto&quot;/&gt;&lt;w:contextualSpacing/&gt;&lt;w:jc w:val=&quot;both&quot;/&gt;&lt;w:textAlignment w:val=&quot;baseline&quot;/&gt;&lt;w:rPr&gt;&lt;w:rFonts w:eastAsia=&quot;Times New Roman&quot;/&gt;&lt;w:color w:val=&quot;000000&quot;/&gt;&lt;w:sz w:val=&quot;24&quot;/&gt;&lt;w:szCs w:val=&quot;24&quot;/&gt;&lt;/w:rPr&gt;&lt;/w:pPr&gt;</value><value key="document">word\document.xml</value></props></cxt-def><cxt-def id="225" type="LocationDetails" purpose="Location"><fmt id="1"/><props><value key="StartsAt">256332</value><value key="EndsAt">256840</value><value key="ParagraphFormatting">&lt;w:pPr&gt;&lt;w:spacing w:line=&quot;360&quot; w:lineRule=&quot;auto&quot;/&gt;&lt;w:contextualSpacing/&gt;&lt;w:jc w:val=&quot;both&quot;/&gt;&lt;w:textAlignment w:val=&quot;baseline&quot;/&gt;&lt;w:rPr&gt;&lt;w:rFonts w:eastAsia=&quot;Times New Roman&quot;/&gt;&lt;w:color w:val=&quot;000000&quot;/&gt;&lt;w:sz w:val=&quot;24&quot;/&gt;&lt;w:szCs w:val=&quot;24&quot;/&gt;&lt;/w:rPr&gt;&lt;/w:pPr&gt;</value><value key="document">word\document.xml</value></props></cxt-def><cxt-def id="226" type="LocationDetails" purpose="Location"><fmt id="1"/><props><value key="StartsAt">257211</value><value key="EndsAt">257719</value><value key="ParagraphFormatting">&lt;w:pPr&gt;&lt;w:spacing w:line=&quot;360&quot; w:lineRule=&quot;auto&quot;/&gt;&lt;w:contextualSpacing/&gt;&lt;w:jc w:val=&quot;both&quot;/&gt;&lt;w:textAlignment w:val=&quot;baseline&quot;/&gt;&lt;w:rPr&gt;&lt;w:rFonts w:eastAsia=&quot;Times New Roman&quot;/&gt;&lt;w:color w:val=&quot;000000&quot;/&gt;&lt;w:sz w:val=&quot;24&quot;/&gt;&lt;w:szCs w:val=&quot;24&quot;/&gt;&lt;/w:rPr&gt;&lt;/w:pPr&gt;</value><value key="document">word\document.xml</value></props></cxt-def><cxt-def id="227" type="LocationDetails" purpose="Location"><fmt id="1"/><props><value key="StartsAt">258224</value><value key="EndsAt">258746</value><value key="ParagraphFormatting">&lt;w:pPr&gt;&lt;w:spacing w:line=&quot;360&quot; w:lineRule=&quot;auto&quot;/&gt;&lt;w:contextualSpacing/&gt;&lt;w:jc w:val=&quot;both&quot;/&gt;&lt;w:textAlignment w:val=&quot;baseline&quot;/&gt;&lt;w:rPr&gt;&lt;w:rFonts w:eastAsia=&quot;Times New Roman&quot;/&gt;&lt;w:color w:val=&quot;000000&quot;/&gt;&lt;w:sz w:val=&quot;24&quot;/&gt;&lt;w:szCs w:val=&quot;24&quot;/&gt;&lt;/w:rPr&gt;&lt;/w:pPr&gt;</value><value key="document">word\document.xml</value></props></cxt-def><cxt-def id="228" type="LocationDetails" purpose="Location"><fmt id="1"/><props><value key="StartsAt">259715</value><value key="EndsAt">260222</value><value key="ParagraphFormatting">&lt;w:pPr&gt;&lt;w:spacing w:line=&quot;360&quot; w:lineRule=&quot;auto&quot;/&gt;&lt;w:contextualSpacing/&gt;&lt;w:jc w:val=&quot;both&quot;/&gt;&lt;w:textAlignment w:val=&quot;baseline&quot;/&gt;&lt;w:rPr&gt;&lt;w:rFonts w:eastAsia=&quot;Times New Roman&quot;/&gt;&lt;w:color w:val=&quot;000000&quot;/&gt;&lt;w:sz w:val=&quot;24&quot;/&gt;&lt;w:szCs w:val=&quot;24&quot;/&gt;&lt;/w:rPr&gt;&lt;/w:pPr&gt;</value><value key="document">word\document.xml</value></props></cxt-def><cxt-def id="229" type="LocationDetails" purpose="Location"><fmt id="1"/><props><value key="StartsAt">260593</value><value key="EndsAt">261101</value><value key="ParagraphFormatting">&lt;w:pPr&gt;&lt;w:spacing w:line=&quot;360&quot; w:lineRule=&quot;auto&quot;/&gt;&lt;w:contextualSpacing/&gt;&lt;w:jc w:val=&quot;both&quot;/&gt;&lt;w:textAlignment w:val=&quot;baseline&quot;/&gt;&lt;w:rPr&gt;&lt;w:rFonts w:eastAsia=&quot;Times New Roman&quot;/&gt;&lt;w:color w:val=&quot;000000&quot;/&gt;&lt;w:sz w:val=&quot;24&quot;/&gt;&lt;w:szCs w:val=&quot;24&quot;/&gt;&lt;/w:rPr&gt;&lt;/w:pPr&gt;</value><value key="document">word\document.xml</value></props></cxt-def><cxt-def id="230" type="LocationDetails" purpose="Location"><fmt id="1"/><props><value key="StartsAt">261472</value><value key="EndsAt">261980</value><value key="ParagraphFormatting">&lt;w:pPr&gt;&lt;w:spacing w:line=&quot;360&quot; w:lineRule=&quot;auto&quot;/&gt;&lt;w:contextualSpacing/&gt;&lt;w:jc w:val=&quot;both&quot;/&gt;&lt;w:textAlignment w:val=&quot;baseline&quot;/&gt;&lt;w:rPr&gt;&lt;w:rFonts w:eastAsia=&quot;Times New Roman&quot;/&gt;&lt;w:color w:val=&quot;000000&quot;/&gt;&lt;w:sz w:val=&quot;24&quot;/&gt;&lt;w:szCs w:val=&quot;24&quot;/&gt;&lt;/w:rPr&gt;&lt;/w:pPr&gt;</value><value key="document">word\document.xml</value></props></cxt-def><cxt-def id="231" type="LocationDetails" purpose="Location"><fmt id="1"/><props><value key="StartsAt">262351</value><value key="EndsAt">262859</value><value key="ParagraphFormatting">&lt;w:pPr&gt;&lt;w:spacing w:line=&quot;360&quot; w:lineRule=&quot;auto&quot;/&gt;&lt;w:contextualSpacing/&gt;&lt;w:jc w:val=&quot;both&quot;/&gt;&lt;w:textAlignment w:val=&quot;baseline&quot;/&gt;&lt;w:rPr&gt;&lt;w:rFonts w:eastAsia=&quot;Times New Roman&quot;/&gt;&lt;w:color w:val=&quot;000000&quot;/&gt;&lt;w:sz w:val=&quot;24&quot;/&gt;&lt;w:szCs w:val=&quot;24&quot;/&gt;&lt;/w:rPr&gt;&lt;/w:pPr&gt;</value><value key="document">word\document.xml</value></props></cxt-def><cxt-def id="232" type="LocationDetails" purpose="Location"><fmt id="1"/><props><value key="StartsAt">263341</value><value key="EndsAt">263857</value><value key="ParagraphFormatting">&lt;w:pPr&gt;&lt;w:spacing w:line=&quot;360&quot; w:lineRule=&quot;auto&quot;/&gt;&lt;w:contextualSpacing/&gt;&lt;w:jc w:val=&quot;both&quot;/&gt;&lt;w:textAlignment w:val=&quot;baseline&quot;/&gt;&lt;w:rPr&gt;&lt;w:rFonts w:eastAsia=&quot;Times New Roman&quot;/&gt;&lt;w:color w:val=&quot;000000&quot;/&gt;&lt;w:sz w:val=&quot;24&quot;/&gt;&lt;w:szCs w:val=&quot;24&quot;/&gt;&lt;/w:rPr&gt;&lt;/w:pPr&gt;</value><value key="document">word\document.xml</value></props></cxt-def><cxt-def id="233" type="LocationDetails" purpose="Location"><fmt id="1"/><props><value key="StartsAt">264227</value><value key="EndsAt">264736</value><value key="ParagraphFormatting">&lt;w:pPr&gt;&lt;w:spacing w:line=&quot;360&quot; w:lineRule=&quot;auto&quot;/&gt;&lt;w:contextualSpacing/&gt;&lt;w:jc w:val=&quot;both&quot;/&gt;&lt;w:textAlignment w:val=&quot;baseline&quot;/&gt;&lt;w:rPr&gt;&lt;w:rFonts w:eastAsia=&quot;Times New Roman&quot;/&gt;&lt;w:color w:val=&quot;000000&quot;/&gt;&lt;w:sz w:val=&quot;24&quot;/&gt;&lt;w:szCs w:val=&quot;24&quot;/&gt;&lt;/w:rPr&gt;&lt;/w:pPr&gt;</value><value key="document">word\document.xml</value></props></cxt-def><cxt-def id="234" type="LocationDetails" purpose="Location"><fmt id="1"/><props><value key="StartsAt">265107</value><value key="EndsAt">265812</value><value key="ParagraphFormatting">&lt;w:pPr&gt;&lt;w:spacing w:line=&quot;360&quot; w:lineRule=&quot;auto&quot;/&gt;&lt;w:contextualSpacing/&gt;&lt;w:jc w:val=&quot;both&quot;/&gt;&lt;w:textAlignment w:val=&quot;baseline&quot;/&gt;&lt;w:rPr&gt;&lt;w:rFonts w:eastAsia=&quot;Times New Roman&quot;/&gt;&lt;w:color w:val=&quot;000000&quot;/&gt;&lt;w:sz w:val=&quot;24&quot;/&gt;&lt;w:szCs w:val=&quot;24&quot;/&gt;&lt;/w:rPr&gt;&lt;/w:pPr&gt;</value><value key="document">word\document.xml</value></props></cxt-def><cxt-def id="235" type="LocationDetails" purpose="Location"><fmt id="1"/><props><value key="StartsAt">266183</value><value key="EndsAt">266690</value><value key="ParagraphFormatting">&lt;w:pPr&gt;&lt;w:spacing w:line=&quot;360&quot; w:lineRule=&quot;auto&quot;/&gt;&lt;w:contextualSpacing/&gt;&lt;w:jc w:val=&quot;both&quot;/&gt;&lt;w:textAlignment w:val=&quot;baseline&quot;/&gt;&lt;w:rPr&gt;&lt;w:rFonts w:eastAsia=&quot;Times New Roman&quot;/&gt;&lt;w:color w:val=&quot;000000&quot;/&gt;&lt;w:sz w:val=&quot;24&quot;/&gt;&lt;w:szCs w:val=&quot;24&quot;/&gt;&lt;/w:rPr&gt;&lt;/w:pPr&gt;</value><value key="document">word\document.xml</value></props></cxt-def><cxt-def id="236" type="LocationDetails" purpose="Location"><fmt id="1"/><props><value key="StartsAt">267061</value><value key="EndsAt">267567</value><value key="ParagraphFormatting">&lt;w:pPr&gt;&lt;w:spacing w:line=&quot;360&quot; w:lineRule=&quot;auto&quot;/&gt;&lt;w:contextualSpacing/&gt;&lt;w:jc w:val=&quot;both&quot;/&gt;&lt;w:textAlignment w:val=&quot;baseline&quot;/&gt;&lt;w:rPr&gt;&lt;w:rFonts w:eastAsia=&quot;Times New Roman&quot;/&gt;&lt;w:color w:val=&quot;000000&quot;/&gt;&lt;w:sz w:val=&quot;24&quot;/&gt;&lt;w:szCs w:val=&quot;24&quot;/&gt;&lt;/w:rPr&gt;&lt;/w:pPr&gt;</value><value key="document">word\document.xml</value></props></cxt-def><cxt-def id="237" type="LocationDetails" purpose="Location"><fmt id="1"/><props><value key="StartsAt">267938</value><value key="EndsAt">268444</value><value key="ParagraphFormatting">&lt;w:pPr&gt;&lt;w:spacing w:line=&quot;360&quot; w:lineRule=&quot;auto&quot;/&gt;&lt;w:contextualSpacing/&gt;&lt;w:jc w:val=&quot;both&quot;/&gt;&lt;w:textAlignment w:val=&quot;baseline&quot;/&gt;&lt;w:rPr&gt;&lt;w:rFonts w:eastAsia=&quot;Times New Roman&quot;/&gt;&lt;w:color w:val=&quot;000000&quot;/&gt;&lt;w:sz w:val=&quot;24&quot;/&gt;&lt;w:szCs w:val=&quot;24&quot;/&gt;&lt;/w:rPr&gt;&lt;/w:pPr&gt;</value><value key="document">word\document.xml</value></props></cxt-def><cxt-def id="238" type="LocationDetails" purpose="Location"><fmt id="1"/><props><value key="StartsAt">268815</value><value key="EndsAt">269322</value><value key="ParagraphFormatting">&lt;w:pPr&gt;&lt;w:spacing w:line=&quot;360&quot; w:lineRule=&quot;auto&quot;/&gt;&lt;w:contextualSpacing/&gt;&lt;w:jc w:val=&quot;both&quot;/&gt;&lt;w:textAlignment w:val=&quot;baseline&quot;/&gt;&lt;w:rPr&gt;&lt;w:rFonts w:eastAsia=&quot;Times New Roman&quot;/&gt;&lt;w:color w:val=&quot;000000&quot;/&gt;&lt;w:sz w:val=&quot;24&quot;/&gt;&lt;w:szCs w:val=&quot;24&quot;/&gt;&lt;/w:rPr&gt;&lt;/w:pPr&gt;</value><value key="document">word\document.xml</value></props></cxt-def><cxt-def id="239" type="LocationDetails" purpose="Location"><fmt id="1"/><props><value key="StartsAt">270401</value><value key="EndsAt">270911</value><value key="ParagraphFormatting">&lt;w:pPr&gt;&lt;w:spacing w:line=&quot;360&quot; w:lineRule=&quot;auto&quot;/&gt;&lt;w:contextualSpacing/&gt;&lt;w:jc w:val=&quot;both&quot;/&gt;&lt;w:textAlignment w:val=&quot;baseline&quot;/&gt;&lt;w:rPr&gt;&lt;w:rFonts w:eastAsia=&quot;Times New Roman&quot;/&gt;&lt;w:color w:val=&quot;000000&quot;/&gt;&lt;w:sz w:val=&quot;24&quot;/&gt;&lt;w:szCs w:val=&quot;24&quot;/&gt;&lt;/w:rPr&gt;&lt;/w:pPr&gt;</value><value key="document">word\document.xml</value></props></cxt-def><cxt-def id="240" type="LocationDetails" purpose="Location"><fmt id="1"/><props><value key="StartsAt">271880</value><value key="EndsAt">272387</value><value key="ParagraphFormatting">&lt;w:pPr&gt;&lt;w:spacing w:line=&quot;360&quot; w:lineRule=&quot;auto&quot;/&gt;&lt;w:contextualSpacing/&gt;&lt;w:jc w:val=&quot;both&quot;/&gt;&lt;w:textAlignment w:val=&quot;baseline&quot;/&gt;&lt;w:rPr&gt;&lt;w:rFonts w:eastAsia=&quot;Times New Roman&quot;/&gt;&lt;w:color w:val=&quot;000000&quot;/&gt;&lt;w:sz w:val=&quot;24&quot;/&gt;&lt;w:szCs w:val=&quot;24&quot;/&gt;&lt;/w:rPr&gt;&lt;/w:pPr&gt;</value><value key="document">word\document.xml</value></props></cxt-def><cxt-def id="241" type="LocationDetails" purpose="Location"><fmt id="1"/><props><value key="StartsAt">272758</value><value key="EndsAt">273264</value><value key="ParagraphFormatting">&lt;w:pPr&gt;&lt;w:spacing w:line=&quot;360&quot; w:lineRule=&quot;auto&quot;/&gt;&lt;w:contextualSpacing/&gt;&lt;w:jc w:val=&quot;both&quot;/&gt;&lt;w:textAlignment w:val=&quot;baseline&quot;/&gt;&lt;w:rPr&gt;&lt;w:rFonts w:eastAsia=&quot;Times New Roman&quot;/&gt;&lt;w:color w:val=&quot;000000&quot;/&gt;&lt;w:sz w:val=&quot;24&quot;/&gt;&lt;w:szCs w:val=&quot;24&quot;/&gt;&lt;/w:rPr&gt;&lt;/w:pPr&gt;</value><value key="document">word\document.xml</value></props></cxt-def><cxt-def id="242" type="LocationDetails" purpose="Location"><fmt id="1"/><props><value key="StartsAt">273635</value><value key="EndsAt">274141</value><value key="ParagraphFormatting">&lt;w:pPr&gt;&lt;w:spacing w:line=&quot;360&quot; w:lineRule=&quot;auto&quot;/&gt;&lt;w:contextualSpacing/&gt;&lt;w:jc w:val=&quot;both&quot;/&gt;&lt;w:textAlignment w:val=&quot;baseline&quot;/&gt;&lt;w:rPr&gt;&lt;w:rFonts w:eastAsia=&quot;Times New Roman&quot;/&gt;&lt;w:color w:val=&quot;000000&quot;/&gt;&lt;w:sz w:val=&quot;24&quot;/&gt;&lt;w:szCs w:val=&quot;24&quot;/&gt;&lt;/w:rPr&gt;&lt;/w:pPr&gt;</value><value key="document">word\document.xml</value></props></cxt-def><cxt-def id="243" type="LocationDetails" purpose="Location"><fmt id="1"/><props><value key="StartsAt">274512</value><value key="EndsAt">275019</value><value key="ParagraphFormatting">&lt;w:pPr&gt;&lt;w:spacing w:line=&quot;360&quot; w:lineRule=&quot;auto&quot;/&gt;&lt;w:contextualSpacing/&gt;&lt;w:jc w:val=&quot;both&quot;/&gt;&lt;w:textAlignment w:val=&quot;baseline&quot;/&gt;&lt;w:rPr&gt;&lt;w:rFonts w:eastAsia=&quot;Times New Roman&quot;/&gt;&lt;w:color w:val=&quot;000000&quot;/&gt;&lt;w:sz w:val=&quot;24&quot;/&gt;&lt;w:szCs w:val=&quot;24&quot;/&gt;&lt;/w:rPr&gt;&lt;/w:pPr&gt;</value><value key="document">word\document.xml</value></props></cxt-def><cxt-def id="244" type="LocationDetails" purpose="Location"><fmt id="1"/><props><value key="StartsAt">275524</value><value key="EndsAt">276044</value><value key="ParagraphFormatting">&lt;w:pPr&gt;&lt;w:spacing w:line=&quot;360&quot; w:lineRule=&quot;auto&quot;/&gt;&lt;w:contextualSpacing/&gt;&lt;w:jc w:val=&quot;both&quot;/&gt;&lt;w:textAlignment w:val=&quot;baseline&quot;/&gt;&lt;w:rPr&gt;&lt;w:rFonts w:eastAsia=&quot;Times New Roman&quot;/&gt;&lt;w:color w:val=&quot;000000&quot;/&gt;&lt;w:sz w:val=&quot;24&quot;/&gt;&lt;w:szCs w:val=&quot;24&quot;/&gt;&lt;/w:rPr&gt;&lt;/w:pPr&gt;</value><value key="document">word\document.xml</value></props></cxt-def><cxt-def id="245" type="LocationDetails" purpose="Location"><fmt id="1"/><props><value key="StartsAt">276414</value><value key="EndsAt">276925</value><value key="ParagraphFormatting">&lt;w:pPr&gt;&lt;w:spacing w:line=&quot;360&quot; w:lineRule=&quot;auto&quot;/&gt;&lt;w:contextualSpacing/&gt;&lt;w:jc w:val=&quot;both&quot;/&gt;&lt;w:textAlignment w:val=&quot;baseline&quot;/&gt;&lt;w:rPr&gt;&lt;w:rFonts w:eastAsia=&quot;Times New Roman&quot;/&gt;&lt;w:color w:val=&quot;000000&quot;/&gt;&lt;w:sz w:val=&quot;24&quot;/&gt;&lt;w:szCs w:val=&quot;24&quot;/&gt;&lt;/w:rPr&gt;&lt;/w:pPr&gt;</value><value key="document">word\document.xml</value></props></cxt-def><cxt-def id="246" type="LocationDetails" purpose="Location"><fmt id="1"/><props><value key="StartsAt">277296</value><value key="EndsAt">277804</value><value key="ParagraphFormatting">&lt;w:pPr&gt;&lt;w:spacing w:line=&quot;360&quot; w:lineRule=&quot;auto&quot;/&gt;&lt;w:contextualSpacing/&gt;&lt;w:jc w:val=&quot;both&quot;/&gt;&lt;w:textAlignment w:val=&quot;baseline&quot;/&gt;&lt;w:rPr&gt;&lt;w:rFonts w:eastAsia=&quot;Times New Roman&quot;/&gt;&lt;w:color w:val=&quot;000000&quot;/&gt;&lt;w:sz w:val=&quot;24&quot;/&gt;&lt;w:szCs w:val=&quot;24&quot;/&gt;&lt;/w:rPr&gt;&lt;/w:pPr&gt;</value><value key="document">word\document.xml</value></props></cxt-def><cxt-def id="247" type="LocationDetails" purpose="Location"><fmt id="1"/><props><value key="StartsAt">278175</value><value key="EndsAt">278683</value><value key="ParagraphFormatting">&lt;w:pPr&gt;&lt;w:spacing w:line=&quot;360&quot; w:lineRule=&quot;auto&quot;/&gt;&lt;w:contextualSpacing/&gt;&lt;w:jc w:val=&quot;both&quot;/&gt;&lt;w:textAlignment w:val=&quot;baseline&quot;/&gt;&lt;w:rPr&gt;&lt;w:rFonts w:eastAsia=&quot;Times New Roman&quot;/&gt;&lt;w:color w:val=&quot;000000&quot;/&gt;&lt;w:sz w:val=&quot;24&quot;/&gt;&lt;w:szCs w:val=&quot;24&quot;/&gt;&lt;/w:rPr&gt;&lt;/w:pPr&gt;</value><value key="document">word\document.xml</value></props></cxt-def><cxt-def id="248" type="LocationDetails" purpose="Location"><fmt id="1"/><props><value key="StartsAt">279054</value><value key="EndsAt">279562</value><value key="ParagraphFormatting">&lt;w:pPr&gt;&lt;w:spacing w:line=&quot;360&quot; w:lineRule=&quot;auto&quot;/&gt;&lt;w:contextualSpacing/&gt;&lt;w:jc w:val=&quot;both&quot;/&gt;&lt;w:textAlignment w:val=&quot;baseline&quot;/&gt;&lt;w:rPr&gt;&lt;w:rFonts w:eastAsia=&quot;Times New Roman&quot;/&gt;&lt;w:color w:val=&quot;000000&quot;/&gt;&lt;w:sz w:val=&quot;24&quot;/&gt;&lt;w:szCs w:val=&quot;24&quot;/&gt;&lt;/w:rPr&gt;&lt;/w:pPr&gt;</value><value key="document">word\document.xml</value></props></cxt-def><cxt-def id="249" type="LocationDetails" purpose="Location"><fmt id="1"/><props><value key="StartsAt">279933</value><value key="EndsAt">280441</value><value key="ParagraphFormatting">&lt;w:pPr&gt;&lt;w:spacing w:line=&quot;360&quot; w:lineRule=&quot;auto&quot;/&gt;&lt;w:contextualSpacing/&gt;&lt;w:jc w:val=&quot;both&quot;/&gt;&lt;w:textAlignment w:val=&quot;baseline&quot;/&gt;&lt;w:rPr&gt;&lt;w:rFonts w:eastAsia=&quot;Times New Roman&quot;/&gt;&lt;w:color w:val=&quot;000000&quot;/&gt;&lt;w:sz w:val=&quot;24&quot;/&gt;&lt;w:szCs w:val=&quot;24&quot;/&gt;&lt;/w:rPr&gt;&lt;/w:pPr&gt;</value><value key="document">word\document.xml</value></props></cxt-def><cxt-def id="250" type="LocationDetails" purpose="Location"><fmt id="1"/><props><value key="StartsAt">280920</value><value key="EndsAt">281432</value><value key="ParagraphFormatting">&lt;w:pPr&gt;&lt;w:spacing w:line=&quot;360&quot; w:lineRule=&quot;auto&quot;/&gt;&lt;w:contextualSpacing/&gt;&lt;w:jc w:val=&quot;both&quot;/&gt;&lt;w:textAlignment w:val=&quot;baseline&quot;/&gt;&lt;w:rPr&gt;&lt;w:rFonts w:eastAsia=&quot;Times New Roman&quot;/&gt;&lt;w:color w:val=&quot;000000&quot;/&gt;&lt;w:sz w:val=&quot;24&quot;/&gt;&lt;w:szCs w:val=&quot;24&quot;/&gt;&lt;/w:rPr&gt;&lt;/w:pPr&gt;</value><value key="document">word\document.xml</value></props></cxt-def><cxt-def id="251" type="LocationDetails" purpose="Location"><fmt id="1"/><props><value key="StartsAt">281776</value><value key="EndsAt">282291</value><value key="ParagraphFormatting">&lt;w:pPr&gt;&lt;w:spacing w:line=&quot;360&quot; w:lineRule=&quot;auto&quot;/&gt;&lt;w:contextualSpacing/&gt;&lt;w:jc w:val=&quot;both&quot;/&gt;&lt;w:textAlignment w:val=&quot;baseline&quot;/&gt;&lt;w:rPr&gt;&lt;w:rFonts w:eastAsia=&quot;Times New Roman&quot;/&gt;&lt;w:color w:val=&quot;000000&quot;/&gt;&lt;w:sz w:val=&quot;24&quot;/&gt;&lt;w:szCs w:val=&quot;24&quot;/&gt;&lt;/w:rPr&gt;&lt;/w:pPr&gt;</value><value key="document">word\document.xml</value></props></cxt-def><cxt-def id="252" type="LocationDetails" purpose="Location"><fmt id="1"/><props><value key="StartsAt">282636</value><value key="EndsAt">283144</value><value key="ParagraphFormatting">&lt;w:pPr&gt;&lt;w:spacing w:line=&quot;360&quot; w:lineRule=&quot;auto&quot;/&gt;&lt;w:contextualSpacing/&gt;&lt;w:jc w:val=&quot;both&quot;/&gt;&lt;w:textAlignment w:val=&quot;baseline&quot;/&gt;&lt;w:rPr&gt;&lt;w:rFonts w:eastAsia=&quot;Times New Roman&quot;/&gt;&lt;w:color w:val=&quot;000000&quot;/&gt;&lt;w:sz w:val=&quot;24&quot;/&gt;&lt;w:szCs w:val=&quot;24&quot;/&gt;&lt;/w:rPr&gt;&lt;/w:pPr&gt;</value><value key="document">word\document.xml</value></props></cxt-def><cxt-def id="253" type="LocationDetails" purpose="Location"><fmt id="1"/><props><value key="StartsAt">283489</value><value key="EndsAt">283997</value><value key="ParagraphFormatting">&lt;w:pPr&gt;&lt;w:spacing w:line=&quot;360&quot; w:lineRule=&quot;auto&quot;/&gt;&lt;w:contextualSpacing/&gt;&lt;w:jc w:val=&quot;both&quot;/&gt;&lt;w:textAlignment w:val=&quot;baseline&quot;/&gt;&lt;w:rPr&gt;&lt;w:rFonts w:eastAsia=&quot;Times New Roman&quot;/&gt;&lt;w:color w:val=&quot;000000&quot;/&gt;&lt;w:sz w:val=&quot;24&quot;/&gt;&lt;w:szCs w:val=&quot;24&quot;/&gt;&lt;/w:rPr&gt;&lt;/w:pPr&gt;</value><value key="document">word\document.xml</value></props></cxt-def><cxt-def id="254" type="LocationDetails" purpose="Location"><fmt id="1"/><props><value key="StartsAt">284342</value><value key="EndsAt">284850</value><value key="ParagraphFormatting">&lt;w:pPr&gt;&lt;w:spacing w:line=&quot;360&quot; w:lineRule=&quot;auto&quot;/&gt;&lt;w:contextualSpacing/&gt;&lt;w:jc w:val=&quot;both&quot;/&gt;&lt;w:textAlignment w:val=&quot;baseline&quot;/&gt;&lt;w:rPr&gt;&lt;w:rFonts w:eastAsia=&quot;Times New Roman&quot;/&gt;&lt;w:color w:val=&quot;000000&quot;/&gt;&lt;w:sz w:val=&quot;24&quot;/&gt;&lt;w:szCs w:val=&quot;24&quot;/&gt;&lt;/w:rPr&gt;&lt;/w:pPr&gt;</value><value key="document">word\document.xml</value></props></cxt-def><cxt-def id="255" type="LocationDetails" purpose="Location"><fmt id="1"/><props><value key="StartsAt">285195</value><value key="EndsAt">285703</value><value key="ParagraphFormatting">&lt;w:pPr&gt;&lt;w:spacing w:line=&quot;360&quot; w:lineRule=&quot;auto&quot;/&gt;&lt;w:contextualSpacing/&gt;&lt;w:jc w:val=&quot;both&quot;/&gt;&lt;w:textAlignment w:val=&quot;baseline&quot;/&gt;&lt;w:rPr&gt;&lt;w:rFonts w:eastAsia=&quot;Times New Roman&quot;/&gt;&lt;w:color w:val=&quot;000000&quot;/&gt;&lt;w:sz w:val=&quot;24&quot;/&gt;&lt;w:szCs w:val=&quot;24&quot;/&gt;&lt;/w:rPr&gt;&lt;/w:pPr&gt;</value><value key="document">word\document.xml</value></props></cxt-def><cxt-def id="256" type="LocationDetails" purpose="Location"><fmt id="1"/><props><value key="StartsAt">285980</value><value key="EndsAt">287562</value><value key="ParagraphFormatting">&lt;w:pPr&gt;&lt;w:spacing w:line=&quot;360&quot; w:lineRule=&quot;auto&quot;/&gt;&lt;w:contextualSpacing/&gt;&lt;w:jc w:val=&quot;both&quot;/&gt;&lt;w:textAlignment w:val=&quot;baseline&quot;/&gt;&lt;w:rPr&gt;&lt;w:rFonts w:eastAsia=&quot;Times New Roman&quot;/&gt;&lt;w:color w:val=&quot;000000&quot;/&gt;&lt;w:sz w:val=&quot;24&quot;/&gt;&lt;w:szCs w:val=&quot;24&quot;/&gt;&lt;/w:rPr&gt;&lt;/w:pPr&gt;</value><value key="document">word\document.xml</value></props></cxt-def><cxt-def id="257" type="LocationDetails" purpose="Location"><fmt id="1"/><props><value key="StartsAt">287568</value><value key="EndsAt">291684</value><value key="ParagraphFormatting">&lt;w:pPr&gt;&lt;w:spacing w:line=&quot;360&quot; w:lineRule=&quot;auto&quot;/&gt;&lt;w:contextualSpacing/&gt;&lt;w:jc w:val=&quot;both&quot;/&gt;&lt;w:textAlignment w:val=&quot;baseline&quot;/&gt;&lt;w:rPr&gt;&lt;w:rFonts w:eastAsia=&quot;Times New Roman&quot;/&gt;&lt;w:color w:val=&quot;000000&quot;/&gt;&lt;w:sz w:val=&quot;24&quot;/&gt;&lt;w:szCs w:val=&quot;24&quot;/&gt;&lt;/w:rPr&gt;&lt;/w:pPr&gt;</value><value key="document">word\document.xml</value></props></cxt-def><cxt-def id="258" type="LocationDetails" purpose="Location"><fmt id="1"/><props><value key="StartsAt">291690</value><value key="EndsAt">293118</value><value key="ParagraphFormatting">&lt;w:pPr&gt;&lt;w:spacing w:line=&quot;360&quot; w:lineRule=&quot;auto&quot;/&gt;&lt;w:contextualSpacing/&gt;&lt;w:jc w:val=&quot;both&quot;/&gt;&lt;w:textAlignment w:val=&quot;baseline&quot;/&gt;&lt;w:rPr&gt;&lt;w:rFonts w:eastAsia=&quot;Times New Roman&quot;/&gt;&lt;w:color w:val=&quot;000000&quot;/&gt;&lt;w:sz w:val=&quot;24&quot;/&gt;&lt;w:szCs w:val=&quot;24&quot;/&gt;&lt;/w:rPr&gt;&lt;/w:pPr&gt;</value><value key="document">word\document.xml</value></props></cxt-def><cxt-def id="259" type="LocationDetails" purpose="Location"><fmt id="1"/><props><value key="StartsAt">293124</value><value key="EndsAt">295635</value><value key="ParagraphFormatting">&lt;w:pPr&gt;&lt;w:spacing w:line=&quot;360&quot; w:lineRule=&quot;auto&quot;/&gt;&lt;w:contextualSpacing/&gt;&lt;w:jc w:val=&quot;both&quot;/&gt;&lt;w:textAlignment w:val=&quot;baseline&quot;/&gt;&lt;w:rPr&gt;&lt;w:rFonts w:eastAsia=&quot;Times New Roman&quot;/&gt;&lt;w:color w:val=&quot;000000&quot;/&gt;&lt;w:sz w:val=&quot;24&quot;/&gt;&lt;w:szCs w:val=&quot;24&quot;/&gt;&lt;/w:rPr&gt;&lt;/w:pPr&gt;</value><value key="document">word\document.xml</value></props></cxt-def><cxt-def id="260" type="LocationDetails" purpose="Location"><fmt id="1"/><props><value key="StartsAt">295641</value><value key="EndsAt">296367</value><value key="ParagraphFormatting">&lt;w:pPr&gt;&lt;w:spacing w:line=&quot;360&quot; w:lineRule=&quot;auto&quot;/&gt;&lt;w:contextualSpacing/&gt;&lt;w:jc w:val=&quot;both&quot;/&gt;&lt;w:textAlignment w:val=&quot;baseline&quot;/&gt;&lt;w:rPr&gt;&lt;w:rFonts w:eastAsia=&quot;Times New Roman&quot;/&gt;&lt;w:color w:val=&quot;000000&quot;/&gt;&lt;w:sz w:val=&quot;24&quot;/&gt;&lt;w:szCs w:val=&quot;24&quot;/&gt;&lt;/w:rPr&gt;&lt;/w:pPr&gt;</value><value key="document">word\document.xml</value></props></cxt-def><cxt-def id="261" type="LocationDetails" purpose="Location"><fmt id="1"/><props><value key="StartsAt">296373</value><value key="EndsAt">296894</value><value key="ParagraphFormatting">&lt;w:pPr&gt;&lt;w:spacing w:line=&quot;360&quot; w:lineRule=&quot;auto&quot;/&gt;&lt;w:contextualSpacing/&gt;&lt;w:jc w:val=&quot;both&quot;/&gt;&lt;w:rPr&gt;&lt;w:rFonts w:eastAsia=&quot;Times New Roman&quot;/&gt;&lt;w:color w:val=&quot;000000&quot;/&gt;&lt;w:sz w:val=&quot;24&quot;/&gt;&lt;w:szCs w:val=&quot;24&quot;/&gt;&lt;w:u w:val=&quot;single&quot;/&gt;&lt;/w:rPr&gt;&lt;/w:pPr&gt;</value><value key="document">word\document.xml</value></props></cxt-def><cxt-def id="262" type="LocationDetails" purpose="Location"><fmt id="1"/><props><value key="StartsAt">296900</value><value key="EndsAt">297478</value><value key="ParagraphFormatting">&lt;w:pPr&gt;&lt;w:spacing w:line=&quot;360&quot; w:lineRule=&quot;auto&quot;/&gt;&lt;w:contextualSpacing/&gt;&lt;w:jc w:val=&quot;both&quot;/&gt;&lt;w:textAlignment w:val=&quot;baseline&quot;/&gt;&lt;w:rPr&gt;&lt;w:rFonts w:eastAsia=&quot;Times New Roman&quot;/&gt;&lt;w:color w:val=&quot;000000&quot;/&gt;&lt;w:sz w:val=&quot;24&quot;/&gt;&lt;w:szCs w:val=&quot;24&quot;/&gt;&lt;w:u w:val=&quot;single&quot;/&gt;&lt;/w:rPr&gt;&lt;/w:pPr&gt;</value><value key="document">word\document.xml</value></props></cxt-def><cxt-def id="263" type="LocationDetails" purpose="Location"><fmt id="1"/><props><value key="StartsAt">297484</value><value key="EndsAt">298007</value><value key="ParagraphFormatting">&lt;w:pPr&gt;&lt;w:spacing w:line=&quot;360&quot; w:lineRule=&quot;auto&quot;/&gt;&lt;w:contextualSpacing/&gt;&lt;w:jc w:val=&quot;both&quot;/&gt;&lt;w:textAlignment w:val=&quot;baseline&quot;/&gt;&lt;w:rPr&gt;&lt;w:rFonts w:eastAsia=&quot;Times New Roman&quot;/&gt;&lt;w:color w:val=&quot;000000&quot;/&gt;&lt;w:sz w:val=&quot;24&quot;/&gt;&lt;w:szCs w:val=&quot;24&quot;/&gt;&lt;/w:rPr&gt;&lt;/w:pPr&gt;</value><value key="document">word\document.xml</value></props></cxt-def><cxt-def id="264" type="LocationDetails" purpose="Location"><fmt id="1"/><props><value key="StartsAt">298013</value><value key="EndsAt">299054</value><value key="ParagraphFormatting">&lt;w:pPr&gt;&lt;w:numPr&gt;&lt;w:ilvl w:val=&quot;0&quot;/&gt;&lt;w:numId w:val=&quot;1&quot;/&gt;&lt;/w:numPr&gt;&lt;w:tabs&gt;&lt;w:tab w:val=&quot;clear&quot; w:pos=&quot;720&quot;/&gt;&lt;w:tab w:val=&quot;left&quot; w:pos=&quot;1512&quot;/&gt;&lt;/w:tabs&gt;&lt;w:spacing w:line=&quot;360&quot; w:lineRule=&quot;auto&quot;/&gt;&lt;w:ind w:left=&quot;0&quot;/&gt;&lt;w:contextualSpacing/&gt;&lt;w:jc w:val=&quot;both&quot;/&gt;&lt;w:textAlignment w:val=&quot;baseline&quot;/&gt;&lt;w:rPr&gt;&lt;w:rFonts w:eastAsia=&quot;Times New Roman&quot;/&gt;&lt;w:color w:val=&quot;000000&quot;/&gt;&lt;w:sz w:val=&quot;24&quot;/&gt;&lt;w:szCs w:val=&quot;24&quot;/&gt;&lt;/w:rPr&gt;&lt;/w:pPr&gt;</value><value key="document">word\document.xml</value></props></cxt-def><cxt-def id="265" type="x-tm-listitem"/><cxt-def id="266" type="LocationDetails" purpose="Location"><fmt id="1"/><props><value key="StartsAt">299060</value><value key="EndsAt">299824</value><value key="ParagraphFormatting">&lt;w:pPr&gt;&lt;w:numPr&gt;&lt;w:ilvl w:val=&quot;0&quot;/&gt;&lt;w:numId w:val=&quot;1&quot;/&gt;&lt;/w:numPr&gt;&lt;w:tabs&gt;&lt;w:tab w:val=&quot;clear&quot; w:pos=&quot;720&quot;/&gt;&lt;w:tab w:val=&quot;left&quot; w:pos=&quot;1512&quot;/&gt;&lt;/w:tabs&gt;&lt;w:spacing w:line=&quot;360&quot; w:lineRule=&quot;auto&quot;/&gt;&lt;w:ind w:left=&quot;0&quot;/&gt;&lt;w:contextualSpacing/&gt;&lt;w:jc w:val=&quot;both&quot;/&gt;&lt;w:textAlignment w:val=&quot;baseline&quot;/&gt;&lt;w:rPr&gt;&lt;w:rFonts w:eastAsia=&quot;Times New Roman&quot;/&gt;&lt;w:color w:val=&quot;000000&quot;/&gt;&lt;w:sz w:val=&quot;24&quot;/&gt;&lt;w:szCs w:val=&quot;24&quot;/&gt;&lt;/w:rPr&gt;&lt;/w:pPr&gt;</value><value key="document">word\document.xml</value></props></cxt-def><cxt-def id="267" type="LocationDetails" purpose="Location"><fmt id="1"/><props><value key="StartsAt">299830</value><value key="EndsAt">302330</value><value key="ParagraphFormatting">&lt;w:pPr&gt;&lt;w:numPr&gt;&lt;w:ilvl w:val=&quot;0&quot;/&gt;&lt;w:numId w:val=&quot;2&quot;/&gt;&lt;/w:numPr&gt;&lt;w:tabs&gt;&lt;w:tab w:val=&quot;clear&quot; w:pos=&quot;360&quot;/&gt;&lt;w:tab w:val=&quot;left&quot; w:pos=&quot;1872&quot;/&gt;&lt;/w:tabs&gt;&lt;w:spacing w:line=&quot;360&quot; w:lineRule=&quot;auto&quot;/&gt;&lt;w:ind w:left=&quot;0&quot;/&gt;&lt;w:contextualSpacing/&gt;&lt;w:jc w:val=&quot;both&quot;/&gt;&lt;w:textAlignment w:val=&quot;baseline&quot;/&gt;&lt;w:rPr&gt;&lt;w:rFonts w:eastAsia=&quot;Times New Roman&quot;/&gt;&lt;w:color w:val=&quot;000000&quot;/&gt;&lt;w:sz w:val=&quot;24&quot;/&gt;&lt;w:szCs w:val=&quot;24&quot;/&gt;&lt;/w:rPr&gt;&lt;/w:pPr&gt;</value><value key="document">word\document.xml</value></props></cxt-def><cxt-def id="268" type="LocationDetails" purpose="Location"><fmt id="1"/><props><value key="StartsAt">302336</value><value key="EndsAt">303084</value><value key="ParagraphFormatting">&lt;w:pPr&gt;&lt;w:numPr&gt;&lt;w:ilvl w:val=&quot;0&quot;/&gt;&lt;w:numId w:val=&quot;2&quot;/&gt;&lt;/w:numPr&gt;&lt;w:tabs&gt;&lt;w:tab w:val=&quot;clear&quot; w:pos=&quot;360&quot;/&gt;&lt;w:tab w:val=&quot;left&quot; w:pos=&quot;1872&quot;/&gt;&lt;/w:tabs&gt;&lt;w:spacing w:line=&quot;360&quot; w:lineRule=&quot;auto&quot;/&gt;&lt;w:ind w:left=&quot;0&quot;/&gt;&lt;w:contextualSpacing/&gt;&lt;w:jc w:val=&quot;both&quot;/&gt;&lt;w:textAlignment w:val=&quot;baseline&quot;/&gt;&lt;w:rPr&gt;&lt;w:rFonts w:eastAsia=&quot;Times New Roman&quot;/&gt;&lt;w:color w:val=&quot;000000&quot;/&gt;&lt;w:sz w:val=&quot;24&quot;/&gt;&lt;w:szCs w:val=&quot;24&quot;/&gt;&lt;/w:rPr&gt;&lt;/w:pPr&gt;</value><value key="document">word\document.xml</value></props></cxt-def><cxt-def id="269" type="LocationDetails" purpose="Location"><fmt id="1"/><props><value key="StartsAt">303090</value><value key="EndsAt">303848</value><value key="ParagraphFormatting">&lt;w:pPr&gt;&lt;w:numPr&gt;&lt;w:ilvl w:val=&quot;0&quot;/&gt;&lt;w:numId w:val=&quot;2&quot;/&gt;&lt;/w:numPr&gt;&lt;w:tabs&gt;&lt;w:tab w:val=&quot;clear&quot; w:pos=&quot;360&quot;/&gt;&lt;w:tab w:val=&quot;left&quot; w:pos=&quot;1872&quot;/&gt;&lt;/w:tabs&gt;&lt;w:spacing w:line=&quot;360&quot; w:lineRule=&quot;auto&quot;/&gt;&lt;w:ind w:left=&quot;0&quot;/&gt;&lt;w:contextualSpacing/&gt;&lt;w:jc w:val=&quot;both&quot;/&gt;&lt;w:textAlignment w:val=&quot;baseline&quot;/&gt;&lt;w:rPr&gt;&lt;w:rFonts w:eastAsia=&quot;Times New Roman&quot;/&gt;&lt;w:color w:val=&quot;000000&quot;/&gt;&lt;w:sz w:val=&quot;24&quot;/&gt;&lt;w:szCs w:val=&quot;24&quot;/&gt;&lt;/w:rPr&gt;&lt;/w:pPr&gt;</value><value key="document">word\document.xml</value></props></cxt-def><cxt-def id="270" type="LocationDetails" purpose="Location"><fmt id="1"/><props><value key="StartsAt">303854</value><value key="EndsAt">305579</value><value key="ParagraphFormatting">&lt;w:pPr&gt;&lt;w:numPr&gt;&lt;w:ilvl w:val=&quot;0&quot;/&gt;&lt;w:numId w:val=&quot;2&quot;/&gt;&lt;/w:numPr&gt;&lt;w:tabs&gt;&lt;w:tab w:val=&quot;clear&quot; w:pos=&quot;360&quot;/&gt;&lt;w:tab w:val=&quot;left&quot; w:pos=&quot;1872&quot;/&gt;&lt;/w:tabs&gt;&lt;w:spacing w:line=&quot;360&quot; w:lineRule=&quot;auto&quot;/&gt;&lt;w:ind w:left=&quot;0&quot;/&gt;&lt;w:contextualSpacing/&gt;&lt;w:jc w:val=&quot;both&quot;/&gt;&lt;w:textAlignment w:val=&quot;baseline&quot;/&gt;&lt;w:rPr&gt;&lt;w:rFonts w:eastAsia=&quot;Times New Roman&quot;/&gt;&lt;w:color w:val=&quot;000000&quot;/&gt;&lt;w:sz w:val=&quot;24&quot;/&gt;&lt;w:szCs w:val=&quot;24&quot;/&gt;&lt;/w:rPr&gt;&lt;/w:pPr&gt;</value><value key="document">word\document.xml</value></props></cxt-def><cxt-def id="271" type="LocationDetails" purpose="Location"><fmt id="1"/><props><value key="StartsAt">305585</value><value key="EndsAt">306339</value><value key="ParagraphFormatting">&lt;w:pPr&gt;&lt;w:numPr&gt;&lt;w:ilvl w:val=&quot;0&quot;/&gt;&lt;w:numId w:val=&quot;2&quot;/&gt;&lt;/w:numPr&gt;&lt;w:tabs&gt;&lt;w:tab w:val=&quot;clear&quot; w:pos=&quot;360&quot;/&gt;&lt;w:tab w:val=&quot;left&quot; w:pos=&quot;1872&quot;/&gt;&lt;/w:tabs&gt;&lt;w:spacing w:line=&quot;360&quot; w:lineRule=&quot;auto&quot;/&gt;&lt;w:ind w:left=&quot;0&quot;/&gt;&lt;w:contextualSpacing/&gt;&lt;w:jc w:val=&quot;both&quot;/&gt;&lt;w:textAlignment w:val=&quot;baseline&quot;/&gt;&lt;w:rPr&gt;&lt;w:rFonts w:eastAsia=&quot;Times New Roman&quot;/&gt;&lt;w:color w:val=&quot;000000&quot;/&gt;&lt;w:sz w:val=&quot;24&quot;/&gt;&lt;w:szCs w:val=&quot;24&quot;/&gt;&lt;/w:rPr&gt;&lt;/w:pPr&gt;</value><value key="document">word\document.xml</value></props></cxt-def><cxt-def id="272" type="LocationDetails" purpose="Location"><fmt id="1"/><props><value key="StartsAt">306345</value><value key="EndsAt">307174</value><value key="ParagraphFormatting">&lt;w:pPr&gt;&lt;w:numPr&gt;&lt;w:ilvl w:val=&quot;0&quot;/&gt;&lt;w:numId w:val=&quot;3&quot;/&gt;&lt;/w:numPr&gt;&lt;w:tabs&gt;&lt;w:tab w:val=&quot;clear&quot; w:pos=&quot;720&quot;/&gt;&lt;w:tab w:val=&quot;left&quot; w:pos=&quot;1512&quot;/&gt;&lt;/w:tabs&gt;&lt;w:spacing w:line=&quot;360&quot; w:lineRule=&quot;auto&quot;/&gt;&lt;w:ind w:left=&quot;0&quot;/&gt;&lt;w:contextualSpacing/&gt;&lt;w:jc w:val=&quot;both&quot;/&gt;&lt;w:textAlignment w:val=&quot;baseline&quot;/&gt;&lt;w:rPr&gt;&lt;w:rFonts w:eastAsia=&quot;Times New Roman&quot;/&gt;&lt;w:color w:val=&quot;000000&quot;/&gt;&lt;w:sz w:val=&quot;24&quot;/&gt;&lt;w:szCs w:val=&quot;24&quot;/&gt;&lt;/w:rPr&gt;&lt;/w:pPr&gt;</value><value key="document">word\document.xml</value></props></cxt-def><cxt-def id="273" type="LocationDetails" purpose="Location"><fmt id="1"/><props><value key="StartsAt">307180</value><value key="EndsAt">307919</value><value key="ParagraphFormatting">&lt;w:pPr&gt;&lt;w:numPr&gt;&lt;w:ilvl w:val=&quot;0&quot;/&gt;&lt;w:numId w:val=&quot;3&quot;/&gt;&lt;/w:numPr&gt;&lt;w:tabs&gt;&lt;w:tab w:val=&quot;clear&quot; w:pos=&quot;720&quot;/&gt;&lt;w:tab w:val=&quot;left&quot; w:pos=&quot;1512&quot;/&gt;&lt;/w:tabs&gt;&lt;w:spacing w:line=&quot;360&quot; w:lineRule=&quot;auto&quot;/&gt;&lt;w:ind w:left=&quot;0&quot;/&gt;&lt;w:contextualSpacing/&gt;&lt;w:jc w:val=&quot;both&quot;/&gt;&lt;w:textAlignment w:val=&quot;baseline&quot;/&gt;&lt;w:rPr&gt;&lt;w:rFonts w:eastAsia=&quot;Times New Roman&quot;/&gt;&lt;w:color w:val=&quot;000000&quot;/&gt;&lt;w:sz w:val=&quot;24&quot;/&gt;&lt;w:szCs w:val=&quot;24&quot;/&gt;&lt;/w:rPr&gt;&lt;/w:pPr&gt;</value><value key="document">word\document.xml</value></props></cxt-def><cxt-def id="274" type="LocationDetails" purpose="Location"><fmt id="1"/><props><value key="StartsAt">307925</value><value key="EndsAt">308736</value><value key="ParagraphFormatting">&lt;w:pPr&gt;&lt;w:numPr&gt;&lt;w:ilvl w:val=&quot;0&quot;/&gt;&lt;w:numId w:val=&quot;3&quot;/&gt;&lt;/w:numPr&gt;&lt;w:tabs&gt;&lt;w:tab w:val=&quot;clear&quot; w:pos=&quot;720&quot;/&gt;&lt;w:tab w:val=&quot;left&quot; w:pos=&quot;1512&quot;/&gt;&lt;/w:tabs&gt;&lt;w:spacing w:line=&quot;360&quot; w:lineRule=&quot;auto&quot;/&gt;&lt;w:ind w:left=&quot;0&quot;/&gt;&lt;w:contextualSpacing/&gt;&lt;w:jc w:val=&quot;both&quot;/&gt;&lt;w:textAlignment w:val=&quot;baseline&quot;/&gt;&lt;w:rPr&gt;&lt;w:rFonts w:eastAsia=&quot;Times New Roman&quot;/&gt;&lt;w:color w:val=&quot;000000&quot;/&gt;&lt;w:sz w:val=&quot;24&quot;/&gt;&lt;w:szCs w:val=&quot;24&quot;/&gt;&lt;/w:rPr&gt;&lt;/w:pPr&gt;</value><value key="document">word\document.xml</value></props></cxt-def><cxt-def id="275" type="LocationDetails" purpose="Location"><fmt id="1"/><props><value key="StartsAt">308742</value><value key="EndsAt">309495</value><value key="ParagraphFormatting">&lt;w:pPr&gt;&lt;w:numPr&gt;&lt;w:ilvl w:val=&quot;0&quot;/&gt;&lt;w:numId w:val=&quot;3&quot;/&gt;&lt;/w:numPr&gt;&lt;w:tabs&gt;&lt;w:tab w:val=&quot;clear&quot; w:pos=&quot;720&quot;/&gt;&lt;w:tab w:val=&quot;left&quot; w:pos=&quot;1512&quot;/&gt;&lt;/w:tabs&gt;&lt;w:spacing w:line=&quot;360&quot; w:lineRule=&quot;auto&quot;/&gt;&lt;w:ind w:left=&quot;0&quot;/&gt;&lt;w:contextualSpacing/&gt;&lt;w:jc w:val=&quot;both&quot;/&gt;&lt;w:textAlignment w:val=&quot;baseline&quot;/&gt;&lt;w:rPr&gt;&lt;w:rFonts w:eastAsia=&quot;Times New Roman&quot;/&gt;&lt;w:color w:val=&quot;000000&quot;/&gt;&lt;w:sz w:val=&quot;24&quot;/&gt;&lt;w:szCs w:val=&quot;24&quot;/&gt;&lt;/w:rPr&gt;&lt;/w:pPr&gt;</value><value key="document">word\document.xml</value></props></cxt-def><cxt-def id="276" type="LocationDetails" purpose="Location"><fmt id="1"/><props><value key="StartsAt">309501</value><value key="EndsAt">310560</value><value key="ParagraphFormatting">&lt;w:pPr&gt;&lt;w:numPr&gt;&lt;w:ilvl w:val=&quot;0&quot;/&gt;&lt;w:numId w:val=&quot;3&quot;/&gt;&lt;/w:numPr&gt;&lt;w:tabs&gt;&lt;w:tab w:val=&quot;clear&quot; w:pos=&quot;720&quot;/&gt;&lt;w:tab w:val=&quot;left&quot; w:pos=&quot;1512&quot;/&gt;&lt;/w:tabs&gt;&lt;w:spacing w:line=&quot;360&quot; w:lineRule=&quot;auto&quot;/&gt;&lt;w:ind w:left=&quot;0&quot;/&gt;&lt;w:contextualSpacing/&gt;&lt;w:jc w:val=&quot;both&quot;/&gt;&lt;w:textAlignment w:val=&quot;baseline&quot;/&gt;&lt;w:rPr&gt;&lt;w:rFonts w:eastAsia=&quot;Times New Roman&quot;/&gt;&lt;w:color w:val=&quot;000000&quot;/&gt;&lt;w:sz w:val=&quot;24&quot;/&gt;&lt;w:szCs w:val=&quot;24&quot;/&gt;&lt;/w:rPr&gt;&lt;/w:pPr&gt;</value><value key="document">word\document.xml</value></props></cxt-def><cxt-def id="277" type="LocationDetails" purpose="Location"><fmt id="1"/><props><value key="StartsAt">310566</value><value key="EndsAt">311309</value><value key="ParagraphFormatting">&lt;w:pPr&gt;&lt;w:numPr&gt;&lt;w:ilvl w:val=&quot;0&quot;/&gt;&lt;w:numId w:val=&quot;3&quot;/&gt;&lt;/w:numPr&gt;&lt;w:tabs&gt;&lt;w:tab w:val=&quot;clear&quot; w:pos=&quot;720&quot;/&gt;&lt;w:tab w:val=&quot;left&quot; w:pos=&quot;1512&quot;/&gt;&lt;/w:tabs&gt;&lt;w:spacing w:line=&quot;360&quot; w:lineRule=&quot;auto&quot;/&gt;&lt;w:ind w:left=&quot;0&quot;/&gt;&lt;w:contextualSpacing/&gt;&lt;w:jc w:val=&quot;both&quot;/&gt;&lt;w:textAlignment w:val=&quot;baseline&quot;/&gt;&lt;w:rPr&gt;&lt;w:rFonts w:eastAsia=&quot;Times New Roman&quot;/&gt;&lt;w:color w:val=&quot;000000&quot;/&gt;&lt;w:sz w:val=&quot;24&quot;/&gt;&lt;w:szCs w:val=&quot;24&quot;/&gt;&lt;/w:rPr&gt;&lt;/w:pPr&gt;</value><value key="document">word\document.xml</value></props></cxt-def><cxt-def id="278" type="LocationDetails" purpose="Location"><fmt id="1"/><props><value key="StartsAt">311315</value><value key="EndsAt">312141</value><value key="ParagraphFormatting">&lt;w:pPr&gt;&lt;w:tabs&gt;&lt;w:tab w:val=&quot;left&quot; w:pos=&quot;1440&quot;/&gt;&lt;/w:tabs&gt;&lt;w:spacing w:line=&quot;360&quot; w:lineRule=&quot;auto&quot;/&gt;&lt;w:contextualSpacing/&gt;&lt;w:jc w:val=&quot;both&quot;/&gt;&lt;w:textAlignment w:val=&quot;baseline&quot;/&gt;&lt;w:rPr&gt;&lt;w:rFonts w:eastAsia=&quot;Times New Roman&quot;/&gt;&lt;w:color w:val=&quot;000000&quot;/&gt;&lt;w:sz w:val=&quot;24&quot;/&gt;&lt;w:szCs w:val=&quot;24&quot;/&gt;&lt;/w:rPr&gt;&lt;/w:pPr&gt;</value><value key="document">word\document.xml</value></props></cxt-def><cxt-def id="279" type="LocationDetails" purpose="Location"><fmt id="1"/><props><value key="StartsAt">312147</value><value key="EndsAt">312953</value><value key="ParagraphFormatting">&lt;w:pPr&gt;&lt;w:tabs&gt;&lt;w:tab w:val=&quot;left&quot; w:pos=&quot;1440&quot;/&gt;&lt;/w:tabs&gt;&lt;w:spacing w:line=&quot;360&quot; w:lineRule=&quot;auto&quot;/&gt;&lt;w:contextualSpacing/&gt;&lt;w:jc w:val=&quot;both&quot;/&gt;&lt;w:textAlignment w:val=&quot;baseline&quot;/&gt;&lt;w:rPr&gt;&lt;w:rFonts w:eastAsia=&quot;Times New Roman&quot;/&gt;&lt;w:color w:val=&quot;000000&quot;/&gt;&lt;w:sz w:val=&quot;24&quot;/&gt;&lt;w:szCs w:val=&quot;24&quot;/&gt;&lt;/w:rPr&gt;&lt;/w:pPr&gt;</value><value key="document">word\document.xml</value></props></cxt-def><cxt-def id="280" type="LocationDetails" purpose="Location"><fmt id="1"/><props><value key="StartsAt">312959</value><value key="EndsAt">313488</value><value key="ParagraphFormatting">&lt;w:pPr&gt;&lt;w:spacing w:line=&quot;360&quot; w:lineRule=&quot;auto&quot;/&gt;&lt;w:contextualSpacing/&gt;&lt;w:jc w:val=&quot;both&quot;/&gt;&lt;w:textAlignment w:val=&quot;baseline&quot;/&gt;&lt;w:rPr&gt;&lt;w:rFonts w:eastAsia=&quot;Times New Roman&quot;/&gt;&lt;w:color w:val=&quot;000000&quot;/&gt;&lt;w:sz w:val=&quot;24&quot;/&gt;&lt;w:szCs w:val=&quot;24&quot;/&gt;&lt;/w:rPr&gt;&lt;/w:pPr&gt;</value><value key="document">word\document.xml</value></props></cxt-def><cxt-def id="281" type="LocationDetails" purpose="Location"><fmt id="1"/><props><value key="StartsAt">313494</value><value key="EndsAt">314465</value><value key="ParagraphFormatting">&lt;w:pPr&gt;&lt;w:tabs&gt;&lt;w:tab w:val=&quot;left&quot; w:pos=&quot;1440&quot;/&gt;&lt;/w:tabs&gt;&lt;w:spacing w:line=&quot;360&quot; w:lineRule=&quot;auto&quot;/&gt;&lt;w:contextualSpacing/&gt;&lt;w:jc w:val=&quot;both&quot;/&gt;&lt;w:textAlignment w:val=&quot;baseline&quot;/&gt;&lt;w:rPr&gt;&lt;w:rFonts w:eastAsia=&quot;Times New Roman&quot;/&gt;&lt;w:color w:val=&quot;000000&quot;/&gt;&lt;w:sz w:val=&quot;24&quot;/&gt;&lt;w:szCs w:val=&quot;24&quot;/&gt;&lt;/w:rPr&gt;&lt;/w:pPr&gt;</value><value key="document">word\document.xml</value></props></cxt-def><cxt-def id="282" type="LocationDetails" purpose="Location"><fmt id="1"/><props><value key="StartsAt">314471</value><value key="EndsAt">315478</value><value key="ParagraphFormatting">&lt;w:pPr&gt;&lt;w:tabs&gt;&lt;w:tab w:val=&quot;left&quot; w:pos=&quot;1440&quot;/&gt;&lt;/w:tabs&gt;&lt;w:spacing w:line=&quot;360&quot; w:lineRule=&quot;auto&quot;/&gt;&lt;w:contextualSpacing/&gt;&lt;w:jc w:val=&quot;both&quot;/&gt;&lt;w:textAlignment w:val=&quot;baseline&quot;/&gt;&lt;w:rPr&gt;&lt;w:rFonts w:eastAsia=&quot;Times New Roman&quot;/&gt;&lt;w:color w:val=&quot;000000&quot;/&gt;&lt;w:sz w:val=&quot;24&quot;/&gt;&lt;w:szCs w:val=&quot;24&quot;/&gt;&lt;/w:rPr&gt;&lt;/w:pPr&gt;</value><value key="document">word\document.xml</value></props></cxt-def><cxt-def id="283" type="LocationDetails" purpose="Location"><fmt id="1"/><props><value key="StartsAt">315484</value><value key="EndsAt">316335</value><value key="ParagraphFormatting">&lt;w:pPr&gt;&lt;w:tabs&gt;&lt;w:tab w:val=&quot;left&quot; w:pos=&quot;1440&quot;/&gt;&lt;/w:tabs&gt;&lt;w:spacing w:line=&quot;360&quot; w:lineRule=&quot;auto&quot;/&gt;&lt;w:contextualSpacing/&gt;&lt;w:jc w:val=&quot;both&quot;/&gt;&lt;w:textAlignment w:val=&quot;baseline&quot;/&gt;&lt;w:rPr&gt;&lt;w:rFonts w:eastAsia=&quot;Times New Roman&quot;/&gt;&lt;w:color w:val=&quot;000000&quot;/&gt;&lt;w:sz w:val=&quot;24&quot;/&gt;&lt;w:szCs w:val=&quot;24&quot;/&gt;&lt;/w:rPr&gt;&lt;/w:pPr&gt;</value><value key="document">word\document.xml</value></props></cxt-def><cxt-def id="284" type="LocationDetails" purpose="Location"><fmt id="1"/><props><value key="StartsAt">316341</value><value key="EndsAt">317510</value><value key="ParagraphFormatting">&lt;w:pPr&gt;&lt;w:tabs&gt;&lt;w:tab w:val=&quot;left&quot; w:pos=&quot;1440&quot;/&gt;&lt;/w:tabs&gt;&lt;w:spacing w:line=&quot;360&quot; w:lineRule=&quot;auto&quot;/&gt;&lt;w:contextualSpacing/&gt;&lt;w:jc w:val=&quot;both&quot;/&gt;&lt;w:textAlignment w:val=&quot;baseline&quot;/&gt;&lt;w:rPr&gt;&lt;w:rFonts w:eastAsia=&quot;Times New Roman&quot;/&gt;&lt;w:color w:val=&quot;000000&quot;/&gt;&lt;w:sz w:val=&quot;24&quot;/&gt;&lt;w:szCs w:val=&quot;24&quot;/&gt;&lt;/w:rPr&gt;&lt;/w:pPr&gt;</value><value key="document">word\document.xml</value></props></cxt-def><cxt-def id="285" type="LocationDetails" purpose="Location"><fmt id="1"/><props><value key="StartsAt">317516</value><value key="EndsAt">318264</value><value key="ParagraphFormatting">&lt;w:pPr&gt;&lt;w:numPr&gt;&lt;w:ilvl w:val=&quot;0&quot;/&gt;&lt;w:numId w:val=&quot;4&quot;/&gt;&lt;/w:numPr&gt;&lt;w:tabs&gt;&lt;w:tab w:val=&quot;clear&quot; w:pos=&quot;720&quot;/&gt;&lt;w:tab w:val=&quot;left&quot; w:pos=&quot;1440&quot;/&gt;&lt;/w:tabs&gt;&lt;w:spacing w:line=&quot;360&quot; w:lineRule=&quot;auto&quot;/&gt;&lt;w:ind w:left=&quot;0&quot;/&gt;&lt;w:contextualSpacing/&gt;&lt;w:jc w:val=&quot;both&quot;/&gt;&lt;w:textAlignment w:val=&quot;baseline&quot;/&gt;&lt;w:rPr&gt;&lt;w:rFonts w:eastAsia=&quot;Times New Roman&quot;/&gt;&lt;w:color w:val=&quot;000000&quot;/&gt;&lt;w:sz w:val=&quot;24&quot;/&gt;&lt;w:szCs w:val=&quot;24&quot;/&gt;&lt;/w:rPr&gt;&lt;/w:pPr&gt;</value><value key="document">word\document.xml</value></props></cxt-def><cxt-def id="286" type="LocationDetails" purpose="Location"><fmt id="1"/><props><value key="StartsAt">318270</value><value key="EndsAt">319031</value><value key="ParagraphFormatting">&lt;w:pPr&gt;&lt;w:numPr&gt;&lt;w:ilvl w:val=&quot;0&quot;/&gt;&lt;w:numId w:val=&quot;4&quot;/&gt;&lt;/w:numPr&gt;&lt;w:tabs&gt;&lt;w:tab w:val=&quot;clear&quot; w:pos=&quot;720&quot;/&gt;&lt;w:tab w:val=&quot;left&quot; w:pos=&quot;1440&quot;/&gt;&lt;/w:tabs&gt;&lt;w:spacing w:line=&quot;360&quot; w:lineRule=&quot;auto&quot;/&gt;&lt;w:ind w:left=&quot;0&quot;/&gt;&lt;w:contextualSpacing/&gt;&lt;w:jc w:val=&quot;both&quot;/&gt;&lt;w:textAlignment w:val=&quot;baseline&quot;/&gt;&lt;w:rPr&gt;&lt;w:rFonts w:eastAsia=&quot;Times New Roman&quot;/&gt;&lt;w:color w:val=&quot;000000&quot;/&gt;&lt;w:sz w:val=&quot;24&quot;/&gt;&lt;w:szCs w:val=&quot;24&quot;/&gt;&lt;/w:rPr&gt;&lt;/w:pPr&gt;</value><value key="document">word\document.xml</value></props></cxt-def><cxt-def id="287" type="LocationDetails" purpose="Location"><fmt id="1"/><props><value key="StartsAt">319037</value><value key="EndsAt">319855</value><value key="ParagraphFormatting">&lt;w:pPr&gt;&lt;w:numPr&gt;&lt;w:ilvl w:val=&quot;0&quot;/&gt;&lt;w:numId w:val=&quot;4&quot;/&gt;&lt;/w:numPr&gt;&lt;w:tabs&gt;&lt;w:tab w:val=&quot;clear&quot; w:pos=&quot;720&quot;/&gt;&lt;w:tab w:val=&quot;left&quot; w:pos=&quot;1440&quot;/&gt;&lt;/w:tabs&gt;&lt;w:spacing w:line=&quot;360&quot; w:lineRule=&quot;auto&quot;/&gt;&lt;w:ind w:left=&quot;0&quot;/&gt;&lt;w:contextualSpacing/&gt;&lt;w:jc w:val=&quot;both&quot;/&gt;&lt;w:textAlignment w:val=&quot;baseline&quot;/&gt;&lt;w:rPr&gt;&lt;w:rFonts w:eastAsia=&quot;Times New Roman&quot;/&gt;&lt;w:color w:val=&quot;000000&quot;/&gt;&lt;w:sz w:val=&quot;24&quot;/&gt;&lt;w:szCs w:val=&quot;24&quot;/&gt;&lt;/w:rPr&gt;&lt;/w:pPr&gt;</value><value key="document">word\document.xml</value></props></cxt-def><cxt-def id="288" type="LocationDetails" purpose="Location"><fmt id="1"/><props><value key="StartsAt">319861</value><value key="EndsAt">320743</value><value key="ParagraphFormatting">&lt;w:pPr&gt;&lt;w:tabs&gt;&lt;w:tab w:val=&quot;left&quot; w:pos=&quot;1440&quot;/&gt;&lt;/w:tabs&gt;&lt;w:spacing w:line=&quot;360&quot; w:lineRule=&quot;auto&quot;/&gt;&lt;w:contextualSpacing/&gt;&lt;w:jc w:val=&quot;both&quot;/&gt;&lt;w:textAlignment w:val=&quot;baseline&quot;/&gt;&lt;w:rPr&gt;&lt;w:rFonts w:eastAsia=&quot;Times New Roman&quot;/&gt;&lt;w:color w:val=&quot;000000&quot;/&gt;&lt;w:sz w:val=&quot;24&quot;/&gt;&lt;w:szCs w:val=&quot;24&quot;/&gt;&lt;/w:rPr&gt;&lt;/w:pPr&gt;</value><value key="document">word\document.xml</value></props></cxt-def><cxt-def id="289" type="LocationDetails" purpose="Location"><fmt id="1"/><props><value key="StartsAt">320749</value><value key="EndsAt">321610</value><value key="ParagraphFormatting">&lt;w:pPr&gt;&lt;w:tabs&gt;&lt;w:tab w:val=&quot;left&quot; w:pos=&quot;1440&quot;/&gt;&lt;/w:tabs&gt;&lt;w:spacing w:line=&quot;360&quot; w:lineRule=&quot;auto&quot;/&gt;&lt;w:contextualSpacing/&gt;&lt;w:jc w:val=&quot;both&quot;/&gt;&lt;w:textAlignment w:val=&quot;baseline&quot;/&gt;&lt;w:rPr&gt;&lt;w:rFonts w:eastAsia=&quot;Times New Roman&quot;/&gt;&lt;w:color w:val=&quot;000000&quot;/&gt;&lt;w:sz w:val=&quot;24&quot;/&gt;&lt;w:szCs w:val=&quot;24&quot;/&gt;&lt;/w:rPr&gt;&lt;/w:pPr&gt;</value><value key="document">word\document.xml</value></props></cxt-def><cxt-def id="290" type="LocationDetails" purpose="Location"><fmt id="1"/><props><value key="StartsAt">321616</value><value key="EndsAt">322416</value><value key="ParagraphFormatting">&lt;w:pPr&gt;&lt;w:tabs&gt;&lt;w:tab w:val=&quot;left&quot; w:pos=&quot;1440&quot;/&gt;&lt;/w:tabs&gt;&lt;w:spacing w:line=&quot;360&quot; w:lineRule=&quot;auto&quot;/&gt;&lt;w:contextualSpacing/&gt;&lt;w:jc w:val=&quot;both&quot;/&gt;&lt;w:textAlignment w:val=&quot;baseline&quot;/&gt;&lt;w:rPr&gt;&lt;w:rFonts w:eastAsia=&quot;Times New Roman&quot;/&gt;&lt;w:color w:val=&quot;000000&quot;/&gt;&lt;w:sz w:val=&quot;24&quot;/&gt;&lt;w:szCs w:val=&quot;24&quot;/&gt;&lt;/w:rPr&gt;&lt;/w:pPr&gt;</value><value key="document">word\document.xml</value></props></cxt-def><cxt-def id="291" type="LocationDetails" purpose="Location"><fmt id="1"/><props><value key="StartsAt">322422</value><value key="EndsAt">323224</value><value key="ParagraphFormatting">&lt;w:pPr&gt;&lt;w:tabs&gt;&lt;w:tab w:val=&quot;left&quot; w:pos=&quot;1440&quot;/&gt;&lt;/w:tabs&gt;&lt;w:spacing w:line=&quot;360&quot; w:lineRule=&quot;auto&quot;/&gt;&lt;w:contextualSpacing/&gt;&lt;w:jc w:val=&quot;both&quot;/&gt;&lt;w:textAlignment w:val=&quot;baseline&quot;/&gt;&lt;w:rPr&gt;&lt;w:rFonts w:eastAsia=&quot;Times New Roman&quot;/&gt;&lt;w:color w:val=&quot;000000&quot;/&gt;&lt;w:sz w:val=&quot;24&quot;/&gt;&lt;w:szCs w:val=&quot;24&quot;/&gt;&lt;/w:rPr&gt;&lt;/w:pPr&gt;</value><value key="document">word\document.xml</value></props></cxt-def><cxt-def id="292" type="LocationDetails" purpose="Location"><fmt id="1"/><props><value key="StartsAt">323230</value><value key="EndsAt">323842</value><value key="ParagraphFormatting">&lt;w:pPr&gt;&lt;w:spacing w:line=&quot;360&quot; w:lineRule=&quot;auto&quot;/&gt;&lt;w:contextualSpacing/&gt;&lt;w:jc w:val=&quot;both&quot;/&gt;&lt;w:textAlignment w:val=&quot;baseline&quot;/&gt;&lt;w:rPr&gt;&lt;w:rFonts w:eastAsia=&quot;Times New Roman&quot;/&gt;&lt;w:color w:val=&quot;000000&quot;/&gt;&lt;w:sz w:val=&quot;24&quot;/&gt;&lt;w:szCs w:val=&quot;24&quot;/&gt;&lt;/w:rPr&gt;&lt;/w:pPr&gt;</value><value key="document">word\document.xml</value></props></cxt-def><cxt-def id="293" type="LocationDetails" purpose="Location"><fmt id="1"/><props><value key="StartsAt">323848</value><value key="EndsAt">324680</value><value key="ParagraphFormatting">&lt;w:pPr&gt;&lt;w:tabs&gt;&lt;w:tab w:val=&quot;left&quot; w:pos=&quot;1440&quot;/&gt;&lt;/w:tabs&gt;&lt;w:spacing w:line=&quot;360&quot; w:lineRule=&quot;auto&quot;/&gt;&lt;w:contextualSpacing/&gt;&lt;w:jc w:val=&quot;both&quot;/&gt;&lt;w:textAlignment w:val=&quot;baseline&quot;/&gt;&lt;w:rPr&gt;&lt;w:rFonts w:eastAsia=&quot;Times New Roman&quot;/&gt;&lt;w:color w:val=&quot;000000&quot;/&gt;&lt;w:sz w:val=&quot;24&quot;/&gt;&lt;w:szCs w:val=&quot;24&quot;/&gt;&lt;/w:rPr&gt;&lt;/w:pPr&gt;</value><value key="document">word\document.xml</value></props></cxt-def><cxt-def id="294" type="LocationDetails" purpose="Location"><fmt id="1"/><props><value key="StartsAt">324686</value><value key="EndsAt">325633</value><value key="ParagraphFormatting">&lt;w:pPr&gt;&lt;w:tabs&gt;&lt;w:tab w:val=&quot;left&quot; w:pos=&quot;1440&quot;/&gt;&lt;/w:tabs&gt;&lt;w:spacing w:line=&quot;360&quot; w:lineRule=&quot;auto&quot;/&gt;&lt;w:contextualSpacing/&gt;&lt;w:jc w:val=&quot;both&quot;/&gt;&lt;w:textAlignment w:val=&quot;baseline&quot;/&gt;&lt;w:rPr&gt;&lt;w:rFonts w:eastAsia=&quot;Times New Roman&quot;/&gt;&lt;w:color w:val=&quot;000000&quot;/&gt;&lt;w:sz w:val=&quot;24&quot;/&gt;&lt;w:szCs w:val=&quot;24&quot;/&gt;&lt;/w:rPr&gt;&lt;/w:pPr&gt;</value><value key="document">word\document.xml</value></props></cxt-def><cxt-def id="295" type="LocationDetails" purpose="Location"><fmt id="1"/><props><value key="StartsAt">325639</value><value key="EndsAt">326473</value><value key="ParagraphFormatting">&lt;w:pPr&gt;&lt;w:numPr&gt;&lt;w:ilvl w:val=&quot;0&quot;/&gt;&lt;w:numId w:val=&quot;5&quot;/&gt;&lt;/w:numPr&gt;&lt;w:tabs&gt;&lt;w:tab w:val=&quot;clear&quot; w:pos=&quot;648&quot;/&gt;&lt;w:tab w:val=&quot;left&quot; w:pos=&quot;1440&quot;/&gt;&lt;/w:tabs&gt;&lt;w:spacing w:line=&quot;360&quot; w:lineRule=&quot;auto&quot;/&gt;&lt;w:ind w:left=&quot;0&quot;/&gt;&lt;w:contextualSpacing/&gt;&lt;w:jc w:val=&quot;both&quot;/&gt;&lt;w:textAlignment w:val=&quot;baseline&quot;/&gt;&lt;w:rPr&gt;&lt;w:rFonts w:eastAsia=&quot;Times New Roman&quot;/&gt;&lt;w:color w:val=&quot;000000&quot;/&gt;&lt;w:sz w:val=&quot;24&quot;/&gt;&lt;w:szCs w:val=&quot;24&quot;/&gt;&lt;/w:rPr&gt;&lt;/w:pPr&gt;</value><value key="document">word\document.xml</value></props></cxt-def><cxt-def id="296" type="LocationDetails" purpose="Location"><fmt id="1"/><props><value key="StartsAt">326479</value><value key="EndsAt">327242</value><value key="ParagraphFormatting">&lt;w:pPr&gt;&lt;w:numPr&gt;&lt;w:ilvl w:val=&quot;0&quot;/&gt;&lt;w:numId w:val=&quot;5&quot;/&gt;&lt;/w:numPr&gt;&lt;w:tabs&gt;&lt;w:tab w:val=&quot;clear&quot; w:pos=&quot;648&quot;/&gt;&lt;w:tab w:val=&quot;left&quot; w:pos=&quot;1440&quot;/&gt;&lt;/w:tabs&gt;&lt;w:spacing w:line=&quot;360&quot; w:lineRule=&quot;auto&quot;/&gt;&lt;w:ind w:left=&quot;0&quot;/&gt;&lt;w:contextualSpacing/&gt;&lt;w:jc w:val=&quot;both&quot;/&gt;&lt;w:textAlignment w:val=&quot;baseline&quot;/&gt;&lt;w:rPr&gt;&lt;w:rFonts w:eastAsia=&quot;Times New Roman&quot;/&gt;&lt;w:color w:val=&quot;000000&quot;/&gt;&lt;w:sz w:val=&quot;24&quot;/&gt;&lt;w:szCs w:val=&quot;24&quot;/&gt;&lt;/w:rPr&gt;&lt;/w:pPr&gt;</value><value key="document">word\document.xml</value></props></cxt-def><cxt-def id="297" type="LocationDetails" purpose="Location"><fmt id="1"/><props><value key="StartsAt">327248</value><value key="EndsAt">327997</value><value key="ParagraphFormatting">&lt;w:pPr&gt;&lt;w:numPr&gt;&lt;w:ilvl w:val=&quot;0&quot;/&gt;&lt;w:numId w:val=&quot;5&quot;/&gt;&lt;/w:numPr&gt;&lt;w:tabs&gt;&lt;w:tab w:val=&quot;clear&quot; w:pos=&quot;648&quot;/&gt;&lt;w:tab w:val=&quot;left&quot; w:pos=&quot;1440&quot;/&gt;&lt;/w:tabs&gt;&lt;w:spacing w:line=&quot;360&quot; w:lineRule=&quot;auto&quot;/&gt;&lt;w:ind w:left=&quot;0&quot;/&gt;&lt;w:contextualSpacing/&gt;&lt;w:jc w:val=&quot;both&quot;/&gt;&lt;w:textAlignment w:val=&quot;baseline&quot;/&gt;&lt;w:rPr&gt;&lt;w:rFonts w:eastAsia=&quot;Times New Roman&quot;/&gt;&lt;w:color w:val=&quot;000000&quot;/&gt;&lt;w:sz w:val=&quot;24&quot;/&gt;&lt;w:szCs w:val=&quot;24&quot;/&gt;&lt;/w:rPr&gt;&lt;/w:pPr&gt;</value><value key="document">word\document.xml</value></props></cxt-def><cxt-def id="298" type="LocationDetails" purpose="Location"><fmt id="1"/><props><value key="StartsAt">328003</value><value key="EndsAt">329100</value><value key="ParagraphFormatting">&lt;w:pPr&gt;&lt;w:numPr&gt;&lt;w:ilvl w:val=&quot;0&quot;/&gt;&lt;w:numId w:val=&quot;6&quot;/&gt;&lt;/w:numPr&gt;&lt;w:tabs&gt;&lt;w:tab w:val=&quot;clear&quot; w:pos=&quot;648&quot;/&gt;&lt;w:tab w:val=&quot;left&quot; w:pos=&quot;1440&quot;/&gt;&lt;/w:tabs&gt;&lt;w:spacing w:line=&quot;360&quot; w:lineRule=&quot;auto&quot;/&gt;&lt;w:ind w:left=&quot;0&quot;/&gt;&lt;w:contextualSpacing/&gt;&lt;w:jc w:val=&quot;both&quot;/&gt;&lt;w:textAlignment w:val=&quot;baseline&quot;/&gt;&lt;w:rPr&gt;&lt;w:rFonts w:eastAsia=&quot;Times New Roman&quot;/&gt;&lt;w:color w:val=&quot;000000&quot;/&gt;&lt;w:sz w:val=&quot;24&quot;/&gt;&lt;w:szCs w:val=&quot;24&quot;/&gt;&lt;/w:rPr&gt;&lt;/w:pPr&gt;</value><value key="document">word\document.xml</value></props></cxt-def><cxt-def id="299" type="LocationDetails" purpose="Location"><fmt id="1"/><props><value key="StartsAt">329106</value><value key="EndsAt">329850</value><value key="ParagraphFormatting">&lt;w:pPr&gt;&lt;w:numPr&gt;&lt;w:ilvl w:val=&quot;0&quot;/&gt;&lt;w:numId w:val=&quot;6&quot;/&gt;&lt;/w:numPr&gt;&lt;w:tabs&gt;&lt;w:tab w:val=&quot;clear&quot; w:pos=&quot;648&quot;/&gt;&lt;w:tab w:val=&quot;left&quot; w:pos=&quot;1440&quot;/&gt;&lt;/w:tabs&gt;&lt;w:spacing w:line=&quot;360&quot; w:lineRule=&quot;auto&quot;/&gt;&lt;w:ind w:left=&quot;0&quot;/&gt;&lt;w:contextualSpacing/&gt;&lt;w:jc w:val=&quot;both&quot;/&gt;&lt;w:textAlignment w:val=&quot;baseline&quot;/&gt;&lt;w:rPr&gt;&lt;w:rFonts w:eastAsia=&quot;Times New Roman&quot;/&gt;&lt;w:color w:val=&quot;000000&quot;/&gt;&lt;w:sz w:val=&quot;24&quot;/&gt;&lt;w:szCs w:val=&quot;24&quot;/&gt;&lt;/w:rPr&gt;&lt;/w:pPr&gt;</value><value key="document">word\document.xml</value></props></cxt-def><cxt-def id="300" type="LocationDetails" purpose="Location"><fmt id="1"/><props><value key="StartsAt">329856</value><value key="EndsAt">330590</value><value key="ParagraphFormatting">&lt;w:pPr&gt;&lt;w:numPr&gt;&lt;w:ilvl w:val=&quot;0&quot;/&gt;&lt;w:numId w:val=&quot;6&quot;/&gt;&lt;/w:numPr&gt;&lt;w:tabs&gt;&lt;w:tab w:val=&quot;clear&quot; w:pos=&quot;648&quot;/&gt;&lt;w:tab w:val=&quot;left&quot; w:pos=&quot;1440&quot;/&gt;&lt;/w:tabs&gt;&lt;w:spacing w:line=&quot;360&quot; w:lineRule=&quot;auto&quot;/&gt;&lt;w:ind w:left=&quot;0&quot;/&gt;&lt;w:contextualSpacing/&gt;&lt;w:jc w:val=&quot;both&quot;/&gt;&lt;w:textAlignment w:val=&quot;baseline&quot;/&gt;&lt;w:rPr&gt;&lt;w:rFonts w:eastAsia=&quot;Times New Roman&quot;/&gt;&lt;w:color w:val=&quot;000000&quot;/&gt;&lt;w:sz w:val=&quot;24&quot;/&gt;&lt;w:szCs w:val=&quot;24&quot;/&gt;&lt;/w:rPr&gt;&lt;/w:pPr&gt;</value><value key="document">word\document.xml</value></props></cxt-def><cxt-def id="301" type="LocationDetails" purpose="Location"><fmt id="1"/><props><value key="StartsAt">330596</value><value key="EndsAt">331357</value><value key="ParagraphFormatting">&lt;w:pPr&gt;&lt;w:numPr&gt;&lt;w:ilvl w:val=&quot;0&quot;/&gt;&lt;w:numId w:val=&quot;6&quot;/&gt;&lt;/w:numPr&gt;&lt;w:tabs&gt;&lt;w:tab w:val=&quot;clear&quot; w:pos=&quot;648&quot;/&gt;&lt;w:tab w:val=&quot;left&quot; w:pos=&quot;1440&quot;/&gt;&lt;/w:tabs&gt;&lt;w:spacing w:line=&quot;360&quot; w:lineRule=&quot;auto&quot;/&gt;&lt;w:ind w:left=&quot;0&quot;/&gt;&lt;w:contextualSpacing/&gt;&lt;w:jc w:val=&quot;both&quot;/&gt;&lt;w:textAlignment w:val=&quot;baseline&quot;/&gt;&lt;w:rPr&gt;&lt;w:rFonts w:eastAsia=&quot;Times New Roman&quot;/&gt;&lt;w:color w:val=&quot;000000&quot;/&gt;&lt;w:sz w:val=&quot;24&quot;/&gt;&lt;w:szCs w:val=&quot;24&quot;/&gt;&lt;/w:rPr&gt;&lt;/w:pPr&gt;</value><value key="document">word\document.xml</value></props></cxt-def><cxt-def id="302" type="LocationDetails" purpose="Location"><fmt id="1"/><props><value key="StartsAt">331363</value><value key="EndsAt">332410</value><value key="ParagraphFormatting">&lt;w:pPr&gt;&lt;w:numPr&gt;&lt;w:ilvl w:val=&quot;0&quot;/&gt;&lt;w:numId w:val=&quot;7&quot;/&gt;&lt;/w:numPr&gt;&lt;w:tabs&gt;&lt;w:tab w:val=&quot;clear&quot; w:pos=&quot;648&quot;/&gt;&lt;w:tab w:val=&quot;left&quot; w:pos=&quot;1440&quot;/&gt;&lt;/w:tabs&gt;&lt;w:spacing w:line=&quot;360&quot; w:lineRule=&quot;auto&quot;/&gt;&lt;w:ind w:left=&quot;0&quot;/&gt;&lt;w:contextualSpacing/&gt;&lt;w:jc w:val=&quot;both&quot;/&gt;&lt;w:textAlignment w:val=&quot;baseline&quot;/&gt;&lt;w:rPr&gt;&lt;w:rFonts w:eastAsia=&quot;Times New Roman&quot;/&gt;&lt;w:color w:val=&quot;000000&quot;/&gt;&lt;w:sz w:val=&quot;24&quot;/&gt;&lt;w:szCs w:val=&quot;24&quot;/&gt;&lt;/w:rPr&gt;&lt;/w:pPr&gt;</value><value key="document">word\document.xml</value></props></cxt-def><cxt-def id="303" type="LocationDetails" purpose="Location"><fmt id="1"/><props><value key="StartsAt">332416</value><value key="EndsAt">333257</value><value key="ParagraphFormatting">&lt;w:pPr&gt;&lt;w:numPr&gt;&lt;w:ilvl w:val=&quot;0&quot;/&gt;&lt;w:numId w:val=&quot;7&quot;/&gt;&lt;/w:numPr&gt;&lt;w:tabs&gt;&lt;w:tab w:val=&quot;clear&quot; w:pos=&quot;648&quot;/&gt;&lt;w:tab w:val=&quot;left&quot; w:pos=&quot;1440&quot;/&gt;&lt;/w:tabs&gt;&lt;w:spacing w:line=&quot;360&quot; w:lineRule=&quot;auto&quot;/&gt;&lt;w:ind w:left=&quot;0&quot;/&gt;&lt;w:contextualSpacing/&gt;&lt;w:jc w:val=&quot;both&quot;/&gt;&lt;w:textAlignment w:val=&quot;baseline&quot;/&gt;&lt;w:rPr&gt;&lt;w:rFonts w:eastAsia=&quot;Times New Roman&quot;/&gt;&lt;w:color w:val=&quot;000000&quot;/&gt;&lt;w:sz w:val=&quot;24&quot;/&gt;&lt;w:szCs w:val=&quot;24&quot;/&gt;&lt;/w:rPr&gt;&lt;/w:pPr&gt;</value><value key="document">word\document.xml</value></props></cxt-def><cxt-def id="304" type="LocationDetails" purpose="Location"><fmt id="1"/><props><value key="StartsAt">333263</value><value key="EndsAt">334034</value><value key="ParagraphFormatting">&lt;w:pPr&gt;&lt;w:numPr&gt;&lt;w:ilvl w:val=&quot;0&quot;/&gt;&lt;w:numId w:val=&quot;7&quot;/&gt;&lt;/w:numPr&gt;&lt;w:tabs&gt;&lt;w:tab w:val=&quot;clear&quot; w:pos=&quot;648&quot;/&gt;&lt;w:tab w:val=&quot;left&quot; w:pos=&quot;1440&quot;/&gt;&lt;/w:tabs&gt;&lt;w:spacing w:line=&quot;360&quot; w:lineRule=&quot;auto&quot;/&gt;&lt;w:ind w:left=&quot;0&quot;/&gt;&lt;w:contextualSpacing/&gt;&lt;w:jc w:val=&quot;both&quot;/&gt;&lt;w:textAlignment w:val=&quot;baseline&quot;/&gt;&lt;w:rPr&gt;&lt;w:rFonts w:eastAsia=&quot;Times New Roman&quot;/&gt;&lt;w:color w:val=&quot;000000&quot;/&gt;&lt;w:sz w:val=&quot;24&quot;/&gt;&lt;w:szCs w:val=&quot;24&quot;/&gt;&lt;/w:rPr&gt;&lt;/w:pPr&gt;</value><value key="document">word\document.xml</value></props></cxt-def><cxt-def id="305" type="LocationDetails" purpose="Location"><fmt id="1"/><props><value key="StartsAt">334040</value><value key="EndsAt">334573</value><value key="ParagraphFormatting">&lt;w:pPr&gt;&lt;w:spacing w:line=&quot;360&quot; w:lineRule=&quot;auto&quot;/&gt;&lt;w:contextualSpacing/&gt;&lt;w:jc w:val=&quot;both&quot;/&gt;&lt;w:rPr&gt;&lt;w:rFonts w:eastAsia=&quot;Times New Roman&quot;/&gt;&lt;w:b/&gt;&lt;w:color w:val=&quot;000000&quot;/&gt;&lt;w:sz w:val=&quot;24&quot;/&gt;&lt;w:szCs w:val=&quot;24&quot;/&gt;&lt;w:u w:val=&quot;single&quot;/&gt;&lt;/w:rPr&gt;&lt;/w:pPr&gt;</value><value key="document">word\document.xml</value></props></cxt-def><cxt-def id="306" type="LocationDetails" purpose="Location"><fmt id="1"/><props><value key="StartsAt">334579</value><value key="EndsAt">335211</value><value key="ParagraphFormatting">&lt;w:pPr&gt;&lt;w:spacing w:line=&quot;360&quot; w:lineRule=&quot;auto&quot;/&gt;&lt;w:contextualSpacing/&gt;&lt;w:jc w:val=&quot;both&quot;/&gt;&lt;w:textAlignment w:val=&quot;baseline&quot;/&gt;&lt;w:rPr&gt;&lt;w:rFonts w:eastAsia=&quot;Times New Roman&quot;/&gt;&lt;w:b/&gt;&lt;w:color w:val=&quot;000000&quot;/&gt;&lt;w:sz w:val=&quot;24&quot;/&gt;&lt;w:szCs w:val=&quot;24&quot;/&gt;&lt;w:u w:val=&quot;single&quot;/&gt;&lt;/w:rPr&gt;&lt;/w:pPr&gt;</value><value key="document">word\document.xml</value></props></cxt-def><cxt-def id="307" type="LocationDetails" purpose="Location"><fmt id="1"/><props><value key="StartsAt">335217</value><value key="EndsAt">336095</value><value key="ParagraphFormatting">&lt;w:pPr&gt;&lt;w:spacing w:line=&quot;360&quot; w:lineRule=&quot;auto&quot;/&gt;&lt;w:contextualSpacing/&gt;&lt;w:jc w:val=&quot;both&quot;/&gt;&lt;w:textAlignment w:val=&quot;baseline&quot;/&gt;&lt;w:rPr&gt;&lt;w:rFonts w:eastAsia=&quot;Times New Roman&quot;/&gt;&lt;w:color w:val=&quot;000000&quot;/&gt;&lt;w:sz w:val=&quot;24&quot;/&gt;&lt;w:szCs w:val=&quot;24&quot;/&gt;&lt;/w:rPr&gt;&lt;/w:pPr&gt;</value><value key="document">word\document.xml</value></props></cxt-def></cxt-defs><node-defs xmlns="http://sdl.com/FileTypes/SdlXliff/1.0"><node-def id="1" parent="2"><cxt id="151"/></node-def><node-def id="2"><cxt id="152"/></node-def><node-def id="3" parent="1"><cxt id="150"/></node-def><node-def id="4" parent="1"><cxt id="150"/></node-def><node-def id="5" parent="2"><cxt id="151"/></node-def><node-def id="6" parent="5"><cxt id="150"/></node-def><node-def id="7" parent="5"><cxt id="150"/></node-def><node-def id="8" parent="5"><cxt id="150"/></node-def><node-def id="9" parent="5"><cxt id="150"/></node-def><node-def id="10" parent="2"><cxt id="151"/></node-def><node-def id="11" parent="10"><cxt id="150"/></node-def><node-def id="12" parent="10"><cxt id="150"/></node-def><node-def id="13" parent="10"><cxt id="150"/></node-def><node-def id="14" parent="10"><cxt id="150"/></node-def><node-def id="15" parent="10"><cxt id="150"/></node-def><node-def id="16" parent="2"><cxt id="151"/></node-def><node-def id="17" parent="16"><cxt id="150"/></node-def><node-def id="18" parent="16"><cxt id="150"/></node-def><node-def id="19" parent="16"><cxt id="150"/></node-def><node-def id="20" parent="16"><cxt id="150"/></node-def><node-def id="21" parent="16"><cxt id="150"/></node-def><node-def id="22" parent="2"><cxt id="151"/></node-def><node-def id="23" parent="22"><cxt id="150"/></node-def><node-def id="24" parent="22"><cxt id="150"/></node-def><node-def id="25" parent="22"><cxt id="150"/></node-def><node-def id="26" parent="22"><cxt id="150"/></node-def><node-def id="27" parent="22"><cxt id="150"/></node-def><node-def id="28" parent="2"><cxt id="151"/></node-def><node-def id="29" parent="28"><cxt id="150"/></node-def><node-def id="30" parent="28"><cxt id="150"/></node-def><node-def id="31" parent="28"><cxt id="150"/></node-def><node-def id="32" parent="28"><cxt id="150"/></node-def><node-def id="33" parent="28"><cxt id="150"/></node-def><node-def id="34" parent="2"><cxt id="151"/></node-def><node-def id="35" parent="34"><cxt id="150"/></node-def><node-def id="36" parent="34"><cxt id="150"/></node-def><node-def id="37" parent="34"><cxt id="150"/></node-def><node-def id="38" parent="34"><cxt id="150"/></node-def><node-def id="39" parent="34"><cxt id="150"/></node-def><node-def id="40" parent="2"><cxt id="151"/></node-def><node-def id="41" parent="40"><cxt id="150"/></node-def><node-def id="42" parent="40"><cxt id="150"/></node-def><node-def id="43" parent="40"><cxt id="150"/></node-def><node-def id="44" parent="40"><cxt id="150"/></node-def><node-def id="45" parent="40"><cxt id="150"/></node-def><node-def id="46" parent="2"><cxt id="151"/></node-def><node-def id="47" parent="46"><cxt id="150"/></node-def><node-def id="48" parent="46"><cxt id="150"/></node-def><node-def id="49" parent="46"><cxt id="150"/></node-def><node-def id="50" parent="46"><cxt id="150"/></node-def><node-def id="51" parent="46"><cxt id="150"/></node-def><node-def id="52" parent="2"><cxt id="151"/></node-def><node-def id="53" parent="52"><cxt id="150"/></node-def><node-def id="54" parent="52"><cxt id="150"/></node-def><node-def id="55" parent="52"><cxt id="150"/></node-def><node-def id="56" parent="52"><cxt id="150"/></node-def><node-def id="57" parent="52"><cxt id="150"/></node-def><node-def id="58" parent="2"><cxt id="151"/></node-def><node-def id="59" parent="58"><cxt id="150"/></node-def><node-def id="60" parent="58"><cxt id="150"/></node-def><node-def id="61" parent="58"><cxt id="150"/></node-def><node-def id="62" parent="58"><cxt id="150"/></node-def><node-def id="63" parent="58"><cxt id="150"/></node-def><node-def id="64" parent="2"><cxt id="151"/></node-def><node-def id="65" parent="64"><cxt id="150"/></node-def><node-def id="66" parent="64"><cxt id="150"/></node-def><node-def id="67" parent="64"><cxt id="150"/></node-def><node-def id="68" parent="64"><cxt id="150"/></node-def><node-def id="69" parent="64"><cxt id="150"/></node-def><node-def id="70" parent="71"><cxt id="151"/></node-def><node-def id="71"><cxt id="152"/></node-def><node-def id="72" parent="70"><cxt id="150"/></node-def><node-def id="73" parent="70"><cxt id="150"/></node-def><node-def id="74" parent="70"><cxt id="150"/></node-def><node-def id="75" parent="70"><cxt id="150"/></node-def><node-def id="76" parent="70"><cxt id="150"/></node-def><node-def id="77" parent="71"><cxt id="151"/></node-def><node-def id="78" parent="77"><cxt id="150"/></node-def><node-def id="79" parent="77"><cxt id="150"/></node-def><node-def id="80" parent="77"><cxt id="150"/></node-def><node-def id="81" parent="77"><cxt id="150"/></node-def><node-def id="82" parent="77"><cxt id="150"/></node-def><node-def id="83" parent="71"><cxt id="151"/></node-def><node-def id="84" parent="83"><cxt id="150"/></node-def><node-def id="85" parent="83"><cxt id="150"/></node-def><node-def id="86" parent="83"><cxt id="150"/></node-def><node-def id="87" parent="83"><cxt id="150"/></node-def><node-def id="88" parent="83"><cxt id="150"/></node-def><node-def id="89" parent="83"><cxt id="150"/></node-def><node-def id="90" parent="71"><cxt id="151"/></node-def><node-def id="91" parent="90"><cxt id="150"/></node-def><node-def id="92" parent="90"><cxt id="150"/></node-def><node-def id="93" parent="90"><cxt id="150"/></node-def><node-def id="94" parent="90"><cxt id="150"/></node-def><node-def id="95" parent="90"><cxt id="150"/></node-def><node-def id="96" parent="71"><cxt id="151"/></node-def><node-def id="97" parent="96"><cxt id="150"/></node-def><node-def id="98" parent="96"><cxt id="150"/></node-def><node-def id="99" parent="96"><cxt id="150"/></node-def><node-def id="100" parent="96"><cxt id="150"/></node-def><node-def id="101" parent="96"><cxt id="150"/></node-def><node-def id="102" parent="96"><cxt id="150"/></node-def><node-def id="103" parent="96"><cxt id="150"/></node-def><node-def id="104" parent="71"><cxt id="151"/></node-def><node-def id="105" parent="104"><cxt id="150"/></node-def><node-def id="106" parent="104"><cxt id="150"/></node-def><node-def id="107" parent="104"><cxt id="150"/></node-def><node-def id="108" parent="104"><cxt id="150"/></node-def><node-def id="109" parent="104"><cxt id="150"/></node-def><node-def id="110" parent="71"><cxt id="151"/></node-def><node-def id="111" parent="110"><cxt id="150"/></node-def><node-def id="112" parent="110"><cxt id="150"/></node-def><node-def id="113" parent="110"><cxt id="150"/></node-def><node-def id="114" parent="110"><cxt id="150"/></node-def><node-def id="115" parent="110"><cxt id="150"/></node-def><node-def id="116" parent="110"><cxt id="150"/></node-def><node-def id="117" parent="71"><cxt id="151"/></node-def><node-def id="118" parent="117"><cxt id="150"/></node-def><node-def id="119" parent="117"><cxt id="150"/></node-def><node-def id="120" parent="117"><cxt id="150"/></node-def><node-def id="121" parent="117"><cxt id="150"/></node-def><node-def id="122" parent="117"><cxt id="150"/></node-def><node-def id="123" parent="117"><cxt id="150"/></node-def></node-defs><tag-defs xmlns="http://sdl.com/FileTypes/SdlXliff/1.0"><tag id="2"><bpt name="cf" can-hide="true" word-end="false">&lt;cf bold=True color=000000 size=12&gt;</bpt><bpt-props><value key="StartTag">w:rPr</value><value key="ParentTag">w:r</value><value key="ContentFormattingTagPairTypeKey">True</value><value key="w:b">&lt;w:b/&gt;</value><value key="Parent: w:b">w:r</value><value key="Bold">True</value><value key="w:color">&lt;w:color w:val=&quot;000000&quot;/&gt;</value><value key="Parent: w:color">w:r</value><value key="TextColor">000000</value><value key="w:sz">&lt;w:sz w:val=&quot;24&quot;/&gt;</value><value key="Parent: w:sz">w:r</value><value key="FontSize">12</value><value key="w:szCs">&lt;w:szCs w:val=&quot;24&quot;/&gt;</value><value key="Parent: w:szCs">w:r</value></bpt-props><ept name="cf" can-hide="true" word-end="false">&lt;/cf&gt;</ept><fmt id="2"/></tag><tag id="5"><bpt name="cf" can-hide="true" word-end="false">&lt;cf bold=True color=000000 size=12&gt;</bpt><bpt-props><value key="StartTag">w:rPr</value><value key="ParentTag">w:r</value><value key="ContentFormattingTagPairTypeKey">True</value><value key="w:b">&lt;w:b/&gt;</value><value key="Parent: w:b">w:r</value><value key="Bold">True</value><value key="w:color">&lt;w:color w:val=&quot;000000&quot;/&gt;</value><value key="Parent: w:color">w:r</value><value key="TextColor">000000</value><value key="w:sz">&lt;w:sz w:val=&quot;24&quot;/&gt;</value><value key="Parent: w:sz">w:r</value><value key="FontSize">12</value><value key="w:szCs">&lt;w:szCs w:val=&quot;24&quot;/&gt;</value><value key="Parent: w:szCs">w:r</value></bpt-props><ept name="cf" can-hide="true" word-end="false">&lt;/cf&gt;</ept><fmt id="2"/></tag><tag id="8"><bpt name="cf" can-hide="true" word-end="false">&lt;cf bold=True color=000000 size=12&gt;</bpt><bpt-props><value key="StartTag">w:rPr</value><value key="ParentTag">w:r</value><value key="ContentFormattingTagPairTypeKey">True</value><value key="w:b">&lt;w:b/&gt;</value><value key="Parent: w:b">w:r</value><value key="Bold">True</value><value key="w:color">&lt;w:color w:val=&quot;000000&quot;/&gt;</value><value key="Parent: w:color">w:r</value><value key="TextColor">000000</value><value key="w:sz">&lt;w:sz w:val=&quot;24&quot;/&gt;</value><value key="Parent: w:sz">w:r</value><value key="FontSize">12</value><value key="w:szCs">&lt;w:szCs w:val=&quot;24&quot;/&gt;</value><value key="Parent: w:szCs">w:r</value></bpt-props><ept name="cf" can-hide="true" word-end="false">&lt;/cf&gt;</ept><fmt id="2"/></tag><tag id="14"><bpt name="cf" can-hide="true" word-end="false">&lt;cf bold=True color=000000 size=12&gt;</bpt><bpt-props><value key="StartTag">w:rPr</value><value key="ParentTag">w:r</value><value key="ContentFormattingTagPairTypeKey">True</value><value key="w:b">&lt;w:b/&gt;</value><value key="Parent: w:b">w:r</value><value key="Bold">True</value><value key="w:color">&lt;w:color w:val=&quot;000000&quot;/&gt;</value><value key="Parent: w:color">w:r</value><value key="TextColor">000000</value><value key="w:sz">&lt;w:sz w:val=&quot;24&quot;/&gt;</value><value key="Parent: w:sz">w:r</value><value key="FontSize">12</value><value key="w:szCs">&lt;w:szCs w:val=&quot;24&quot;/&gt;</value><value key="Parent: w:szCs">w:r</value></bpt-props><ept name="cf" can-hide="true" word-end="false">&lt;/cf&gt;</ept><fmt id="2"/></tag><tag id="17"><bpt name="cf" can-hide="true" word-end="false">&lt;cf bold=True color=000000 size=12 underline=single&gt;</bpt><bpt-props><value key="StartTag">w:rPr</value><value key="ParentTag">w:r</value><value key="ContentFormattingTagPairTypeKey">True</value><value key="w:b">&lt;w:b/&gt;</value><value key="Parent: w:b">w:r</value><value key="Bold">True</value><value key="w:color">&lt;w:color w:val=&quot;000000&quot;/&gt;</value><value key="Parent: w:color">w:r</value><value key="TextColor">000000</value><value key="w:sz">&lt;w:sz w:val=&quot;24&quot;/&gt;</value><value key="Parent: w:sz">w:r</value><value key="FontSize">12</value><value key="w:szCs">&lt;w:szCs w:val=&quot;24&quot;/&gt;</value><value key="Parent: w:szCs">w:r</value><value key="w:u">&lt;w:u w:val=&quot;single&quot;/&gt;</value><value key="Parent: w:u">w:r</value><value key="Underline">single</value></bpt-props><ept name="cf" can-hide="true" word-end="false">&lt;/cf&gt;</ept><fmt id="3"/></tag><tag id="20"><bpt name="cf" can-hide="true" word-end="false">&lt;cf bold=True color=000000 size=12 underline=single&gt;</bpt><bpt-props><value key="StartTag">w:rPr</value><value key="ParentTag">w:r</value><value key="ContentFormattingTagPairTypeKey">True</value><value key="w:b">&lt;w:b/&gt;</value><value key="Parent: w:b">w:r</value><value key="Bold">True</value><value key="w:color">&lt;w:color w:val=&quot;000000&quot;/&gt;</value><value key="Parent: w:color">w:r</value><value key="TextColor">000000</value><value key="w:sz">&lt;w:sz w:val=&quot;24&quot;/&gt;</value><value key="Parent: w:sz">w:r</value><value key="FontSize">12</value><value key="w:szCs">&lt;w:szCs w:val=&quot;24&quot;/&gt;</value><value key="Parent: w:szCs">w:r</value><value key="w:u">&lt;w:u w:val=&quot;single&quot;/&gt;</value><value key="Parent: w:u">w:r</value><value key="Underline">single</value></bpt-props><ept name="cf" can-hide="true" word-end="false">&lt;/cf&gt;</ept><fmt id="3"/></tag><tag id="23"><bpt name="cf" can-hide="true" word-end="false">&lt;cf color=000000 size=12&gt;</bpt><bpt-props><value key="StartTag">w:rPr</value><value key="ParentTag">w:r</value><value key="ContentFormattingTagPairTypeKey">True</value><value key="w:color">&lt;w:color w:val=&quot;000000&quot;/&gt;</value><value key="Parent: w:color">w:r</value><value key="TextColor">000000</value><value key="w:sz">&lt;w:sz w:val=&quot;24&quot;/&gt;</value><value key="Parent: w:sz">w:r</value><value key="FontSize">12</value><value key="w:szCs">&lt;w:szCs w:val=&quot;24&quot;/&gt;</value><value key="Parent: w:szCs">w:r</value></bpt-props><ept name="cf" can-hide="true" word-end="false">&lt;/cf&gt;</ept><fmt id="4"/></tag><tag id="29"><bpt name="cf" can-hide="true" word-end="false">&lt;cf bold=True color=000000 size=12 underline=single&gt;</bpt><bpt-props><value key="StartTag">w:rPr</value><value key="ParentTag">w:r</value><value key="ContentFormattingTagPairTypeKey">True</value><value key="w:b">&lt;w:b/&gt;</value><value key="Parent: w:b">w:r</value><value key="Bold">True</value><value key="w:color">&lt;w:color w:val=&quot;000000&quot;/&gt;</value><value key="Parent: w:color">w:r</value><value key="TextColor">000000</value><value key="w:sz">&lt;w:sz w:val=&quot;24&quot;/&gt;</value><value key="Parent: w:sz">w:r</value><value key="FontSize">12</value><value key="w:szCs">&lt;w:szCs w:val=&quot;24&quot;/&gt;</value><value key="Parent: w:szCs">w:r</value><value key="w:u">&lt;w:u w:val=&quot;single&quot;/&gt;</value><value key="Parent: w:u">w:r</value><value key="Underline">single</value></bpt-props><ept name="cf" can-hide="true" word-end="false">&lt;/cf&gt;</ept><fmt id="3"/></tag><tag id="32"><bpt name="cf" can-hide="true" word-end="false">&lt;cf color=000000 size=12&gt;</bpt><bpt-props><value key="StartTag">w:rPr</value><value key="ParentTag">w:r</value><value key="ContentFormattingTagPairTypeKey">True</value><value key="w:color">&lt;w:color w:val=&quot;000000&quot;/&gt;</value><value key="Parent: w:color">w:r</value><value key="TextColor">000000</value><value key="w:sz">&lt;w:sz w:val=&quot;24&quot;/&gt;</value><value key="Parent: w:sz">w:r</value><value key="FontSize">12</value><value key="w:szCs">&lt;w:szCs w:val=&quot;24&quot;/&gt;</value><value key="Parent: w:szCs">w:r</value></bpt-props><ept name="cf" can-hide="true" word-end="false">&lt;/cf&gt;</ept><fmt id="4"/></tag><tag id="38"><bpt name="cf" can-hide="true" word-end="false">&lt;cf color=000000 size=12&gt;</bpt><bpt-props><value key="StartTag">w:rPr</value><value key="ParentTag">w:r</value><value key="ContentFormattingTagPairTypeKey">True</value><value key="w:color">&lt;w:color w:val=&quot;000000&quot;/&gt;</value><value key="Parent: w:color">w:r</value><value key="TextColor">000000</value><value key="w:sz">&lt;w:sz w:val=&quot;24&quot;/&gt;</value><value key="Parent: w:sz">w:r</value><value key="FontSize">12</value><value key="w:szCs">&lt;w:szCs w:val=&quot;24&quot;/&gt;</value><value key="Parent: w:szCs">w:r</value></bpt-props><ept name="cf" can-hide="true" word-end="false">&lt;/cf&gt;</ept><fmt id="4"/></tag><tag id="44"><bpt name="cf" can-hide="true" word-end="false">&lt;cf color=000000 size=12&gt;</bpt><bpt-props><value key="StartTag">w:rPr</value><value key="ParentTag">w:r</value><value key="ContentFormattingTagPairTypeKey">True</value><value key="w:color">&lt;w:color w:val=&quot;000000&quot;/&gt;</value><value key="Parent: w:color">w:r</value><value key="TextColor">000000</value><value key="w:sz">&lt;w:sz w:val=&quot;24&quot;/&gt;</value><value key="Parent: w:sz">w:r</value><value key="FontSize">12</value><value key="w:szCs">&lt;w:szCs w:val=&quot;24&quot;/&gt;</value><value key="Parent: w:szCs">w:r</value></bpt-props><ept name="cf" can-hide="true" word-end="false">&lt;/cf&gt;</ept><fmt id="4"/></tag><tag id="53"><bpt name="cf" can-hide="true" word-end="false">&lt;cf color=000000&gt;</bpt><bpt-props><value key="StartTag">w:rPr</value><value key="ParentTag">w:r</value><value key="ContentFormattingTagPairTypeKey">True</value><value key="w:color">&lt;w:color w:val=&quot;000000&quot;/&gt;</value><value key="Parent: w:color">w:r</value><value key="TextColor">000000</value><value key="Parent: w:sz">w:r</value><value key="Parent: w:szCs">w:r</value></bpt-props><ept name="cf" can-hide="true" word-end="false">&lt;/cf&gt;</ept><fmt id="5"/></tag><tag id="50"><bpt name="cf" can-hide="true" word-end="false">&lt;cf size=12&gt;</bpt><bpt-props><value key="StartTag">w:rPr</value><value key="ParentTag">w:r</value><value key="ContentFormattingTagPairTypeKey">True</value><value key="w:sz">&lt;w:sz w:val=&quot;24&quot;/&gt;</value><value key="Parent: w:sz">w:r</value><value key="FontSize">12</value><value key="w:szCs">&lt;w:szCs w:val=&quot;24&quot;/&gt;</value><value key="Parent: w:szCs">w:r</value></bpt-props><ept name="cf" can-hide="true" word-end="false">&lt;/cf&gt;</ept><fmt id="6"/></tag><tag id="59"><bpt name="cf" can-hide="true" word-end="false">&lt;cf color=000000 size=12&gt;</bpt><bpt-props><value key="StartTag">w:rPr</value><value key="ParentTag">w:r</value><value key="ContentFormattingTagPairTypeKey">True</value><value key="w:color">&lt;w:color w:val=&quot;000000&quot;/&gt;</value><value key="Parent: w:color">w:r</value><value key="TextColor">000000</value><value key="w:sz">&lt;w:sz w:val=&quot;24&quot;/&gt;</value><value key="Parent: w:sz">w:r</value><value key="FontSize">12</value><value key="w:szCs">&lt;w:szCs w:val=&quot;24&quot;/&gt;</value><value key="Parent: w:szCs">w:r</value></bpt-props><ept name="cf" can-hide="true" word-end="false">&lt;/cf&gt;</ept><fmt id="4"/></tag><tag id="65"><bpt name="cf" can-hide="true" word-end="false">&lt;cf color=000000 size=12&gt;</bpt><bpt-props><value key="StartTag">w:rPr</value><value key="ParentTag">w:r</value><value key="ContentFormattingTagPairTypeKey">True</value><value key="w:color">&lt;w:color w:val=&quot;000000&quot;/&gt;</value><value key="Parent: w:color">w:r</value><value key="TextColor">000000</value><value key="w:sz">&lt;w:sz w:val=&quot;24&quot;/&gt;</value><value key="Parent: w:sz">w:r</value><value key="FontSize">12</value><value key="w:szCs">&lt;w:szCs w:val=&quot;24&quot;/&gt;</value><value key="Parent: w:szCs">w:r</value></bpt-props><ept name="cf" can-hide="true" word-end="false">&lt;/cf&gt;</ept><fmt id="4"/></tag><tag id="71"><bpt name="cf" can-hide="true" word-end="false">&lt;cf color=000000 size=12&gt;</bpt><bpt-props><value key="StartTag">w:rPr</value><value key="ParentTag">w:r</value><value key="ContentFormattingTagPairTypeKey">True</value><value key="w:color">&lt;w:color w:val=&quot;000000&quot;/&gt;</value><value key="Parent: w:color">w:r</value><value key="TextColor">000000</value><value key="w:sz">&lt;w:sz w:val=&quot;24&quot;/&gt;</value><value key="Parent: w:sz">w:r</value><value key="FontSize">12</value><value key="w:szCs">&lt;w:szCs w:val=&quot;24&quot;/&gt;</value><value key="Parent: w:szCs">w:r</value></bpt-props><ept name="cf" can-hide="true" word-end="false">&lt;/cf&gt;</ept><fmt id="4"/></tag><tag id="77"><bpt name="cf" can-hide="true" word-end="false">&lt;cf color=000000 size=12&gt;</bpt><bpt-props><value key="StartTag">w:rPr</value><value key="ParentTag">w:r</value><value key="ContentFormattingTagPairTypeKey">True</value><value key="w:color">&lt;w:color w:val=&quot;000000&quot;/&gt;</value><value key="Parent: w:color">w:r</value><value key="TextColor">000000</value><value key="w:sz">&lt;w:sz w:val=&quot;24&quot;/&gt;</value><value key="Parent: w:sz">w:r</value><value key="FontSize">12</value><value key="w:szCs">&lt;w:szCs w:val=&quot;24&quot;/&gt;</value><value key="Parent: w:szCs">w:r</value></bpt-props><ept name="cf" can-hide="true" word-end="false">&lt;/cf&gt;</ept><fmt id="4"/></tag><tag id="83"><bpt name="cf" can-hide="true" word-end="false">&lt;cf color=000000 size=12&gt;</bpt><bpt-props><value key="StartTag">w:rPr</value><value key="ParentTag">w:r</value><value key="ContentFormattingTagPairTypeKey">True</value><value key="w:color">&lt;w:color w:val=&quot;000000&quot;/&gt;</value><value key="Parent: w:color">w:r</value><value key="TextColor">000000</value><value key="w:sz">&lt;w:sz w:val=&quot;24&quot;/&gt;</value><value key="Parent: w:sz">w:r</value><value key="FontSize">12</value><value key="w:szCs">&lt;w:szCs w:val=&quot;24&quot;/&gt;</value><value key="Parent: w:szCs">w:r</value></bpt-props><ept name="cf" can-hide="true" word-end="false">&lt;/cf&gt;</ept><fmt id="4"/></tag><tag id="95"><bpt name="cf" can-hide="true" word-end="false">&lt;cf color=000000 size=12 underline=single&gt;</bpt><bpt-props><value key="StartTag">w:rPr</value><value key="ParentTag">w:r</value><value key="ContentFormattingTagPairTypeKey">True</value><value key="w:color">&lt;w:color w:val=&quot;000000&quot;/&gt;</value><value key="Parent: w:color">w:r</value><value key="TextColor">000000</value><value key="w:sz">&lt;w:sz w:val=&quot;24&quot;/&gt;</value><value key="Parent: w:sz">w:r</value><value key="FontSize">12</value><value key="w:szCs">&lt;w:szCs w:val=&quot;24&quot;/&gt;</value><value key="Parent: w:szCs">w:r</value><value key="w:u">&lt;w:u w:val=&quot;single&quot;/&gt;</value><value key="Parent: w:u">w:r</value><value key="Underline">single</value></bpt-props><ept name="cf" can-hide="true" word-end="false">&lt;/cf&gt;</ept><fmt id="7"/></tag><tag id="98"><bpt name="cf" can-hide="true" word-end="false">&lt;cf color=000000 size=12&gt;</bpt><bpt-props><value key="StartTag">w:rPr</value><value key="ParentTag">w:r</value><value key="ContentFormattingTagPairTypeKey">True</value><value key="w:color">&lt;w:color w:val=&quot;000000&quot;/&gt;</value><value key="Parent: w:color">w:r</value><value key="TextColor">000000</value><value key="w:sz">&lt;w:sz w:val=&quot;24&quot;/&gt;</value><value key="Parent: w:sz">w:r</value><value key="FontSize">12</value><value key="w:szCs">&lt;w:szCs w:val=&quot;24&quot;/&gt;</value><value key="Parent: w:szCs">w:r</value></bpt-props><ept name="cf" can-hide="true" word-end="false">&lt;/cf&gt;</ept><fmt id="4"/></tag><tag id="104"><bpt name="cf" can-hide="true" word-end="false">&lt;cf color=000000 size=12&gt;</bpt><bpt-props><value key="StartTag">w:rPr</value><value key="ParentTag">w:r</value><value key="ContentFormattingTagPairTypeKey">True</value><value key="w:color">&lt;w:color w:val=&quot;000000&quot;/&gt;</value><value key="Parent: w:color">w:r</value><value key="TextColor">000000</value><value key="w:sz">&lt;w:sz w:val=&quot;24&quot;/&gt;</value><value key="Parent: w:sz">w:r</value><value key="FontSize">12</value><value key="w:szCs">&lt;w:szCs w:val=&quot;24&quot;/&gt;</value><value key="Parent: w:szCs">w:r</value></bpt-props><ept name="cf" can-hide="true" word-end="false">&lt;/cf&gt;</ept><fmt id="4"/></tag><tag id="107"><bpt name="cf" can-hide="true" word-end="false">&lt;cf color=000000 size=12&gt;</bpt><bpt-props><value key="StartTag">w:rPr</value><value key="ParentTag">w:r</value><value key="ContentFormattingTagPairTypeKey">True</value><value key="w:color">&lt;w:color w:val=&quot;000000&quot;/&gt;</value><value key="Parent: w:color">w:r</value><value key="TextColor">000000</value><value key="w:sz">&lt;w:sz w:val=&quot;24&quot;/&gt;</value><value key="Parent: w:sz">w:r</value><value key="FontSize">12</value><value key="w:szCs">&lt;w:szCs w:val=&quot;24&quot;/&gt;</value><value key="Parent: w:szCs">w:r</value></bpt-props><ept name="cf" can-hide="true" word-end="false">&lt;/cf&gt;</ept><fmt id="4"/></tag><tag id="119"><bpt name="cf" can-hide="true" word-end="false">&lt;cf superscript=True&gt;</bpt><bpt-props><value key="StartTag">w:rPr</value><value key="ParentTag">w:r</value><value key="ContentFormattingTagPairTypeKey">True</value><value key="Parent: w:color">w:r</value><value key="Parent: w:sz">w:r</value><value key="Parent: w:szCs">w:r</value><value key="w:vertAlign">&lt;w:vertAlign w:val=&quot;superscript&quot;/&gt;</value><value key="Parent: w:vertAlign">w:r</value><value key="TextPosition">Superscript</value></bpt-props><ept name="cf" can-hide="true" word-end="false">&lt;/cf&gt;</ept><fmt id="8"/></tag><tag id="128"><bpt name="cf" can-hide="true" word-end="false">&lt;cf superscript=True&gt;</bpt><bpt-props><value key="StartTag">w:rPr</value><value key="ParentTag">w:r</value><value key="ContentFormattingTagPairTypeKey">True</value><value key="Parent: w:color">w:r</value><value key="Parent: w:sz">w:r</value><value key="Parent: w:szCs">w:r</value><value key="w:vertAlign">&lt;w:vertAlign w:val=&quot;superscript&quot;/&gt;</value><value key="Parent: w:vertAlign">w:r</value><value key="TextPosition">Superscript</value></bpt-props><ept name="cf" can-hide="true" word-end="false">&lt;/cf&gt;</ept><fmt id="8"/></tag><tag id="143"><bpt name="cf" can-hide="true" word-end="false">&lt;cf superscript=True&gt;</bpt><bpt-props><value key="StartTag">w:rPr</value><value key="ParentTag">w:r</value><value key="ContentFormattingTagPairTypeKey">True</value><value key="Parent: w:color">w:r</value><value key="Parent: w:sz">w:r</value><value key="Parent: w:szCs">w:r</value><value key="w:vertAlign">&lt;w:vertAlign w:val=&quot;superscript&quot;/&gt;</value><value key="Parent: w:vertAlign">w:r</value><value key="TextPosition">Superscript</value></bpt-props><ept name="cf" can-hide="true" word-end="false">&lt;/cf&gt;</ept><fmt id="8"/></tag><tag id="110"><bpt name="cf" can-hide="true" word-end="false">&lt;cf color=000000 size=12&gt;</bpt><bpt-props><value key="StartTag">w:rPr</value><value key="ParentTag">w:r</value><value key="ContentFormattingTagPairTypeKey">True</value><value key="w:color">&lt;w:color w:val=&quot;000000&quot;/&gt;</value><value key="Parent: w:color">w:r</value><value key="TextColor">000000</value><value key="w:sz">&lt;w:sz w:val=&quot;24&quot;/&gt;</value><value key="Parent: w:sz">w:r</value><value key="FontSize">12</value><value key="w:szCs">&lt;w:szCs w:val=&quot;24&quot;/&gt;</value><value key="Parent: w:szCs">w:r</value></bpt-props><ept name="cf" can-hide="true" word-end="false">&lt;/cf&gt;</ept><fmt id="4"/></tag><tag id="149"><bpt name="cf" can-hide="true" word-end="false">&lt;cf color=000000 size=12&gt;</bpt><bpt-props><value key="StartTag">w:rPr</value><value key="ParentTag">w:r</value><value key="ContentFormattingTagPairTypeKey">True</value><value key="w:color">&lt;w:color w:val=&quot;000000&quot;/&gt;</value><value key="Parent: w:color">w:r</value><value key="TextColor">000000</value><value key="w:sz">&lt;w:sz w:val=&quot;24&quot;/&gt;</value><value key="Parent: w:sz">w:r</value><value key="FontSize">12</value><value key="w:szCs">&lt;w:szCs w:val=&quot;24&quot;/&gt;</value><value key="Parent: w:szCs">w:r</value></bpt-props><ept name="cf" can-hide="true" word-end="false">&lt;/cf&gt;</ept><fmt id="4"/></tag><tag id="152"><bpt name="cf" can-hide="true" word-end="false">&lt;cf color=000000 size=12&gt;</bpt><bpt-props><value key="StartTag">w:rPr</value><value key="ParentTag">w:r</value><value key="ContentFormattingTagPairTypeKey">True</value><value key="w:color">&lt;w:color w:val=&quot;000000&quot;/&gt;</value><value key="Parent: w:color">w:r</value><value key="TextColor">000000</value><value key="w:sz">&lt;w:sz w:val=&quot;24&quot;/&gt;</value><value key="Parent: w:sz">w:r</value><value key="FontSize">12</value><value key="w:szCs">&lt;w:szCs w:val=&quot;24&quot;/&gt;</value><value key="Parent: w:szCs">w:r</value></bpt-props><ept name="cf" can-hide="true" word-end="false">&lt;/cf&gt;</ept><fmt id="4"/></tag><tag id="158"><bpt name="cf" can-hide="true" word-end="false">&lt;cf color=000000 size=12&gt;</bpt><bpt-props><value key="StartTag">w:rPr</value><value key="ParentTag">w:r</value><value key="ContentFormattingTagPairTypeKey">True</value><value key="w:color">&lt;w:color w:val=&quot;000000&quot;/&gt;</value><value key="Parent: w:color">w:r</value><value key="TextColor">000000</value><value key="w:sz">&lt;w:sz w:val=&quot;24&quot;/&gt;</value><value key="Parent: w:sz">w:r</value><value key="FontSize">12</value><value key="w:szCs">&lt;w:szCs w:val=&quot;24&quot;/&gt;</value><value key="Parent: w:szCs">w:r</value></bpt-props><ept name="cf" can-hide="true" word-end="false">&lt;/cf&gt;</ept><fmt id="4"/></tag><tag id="161"><bpt name="cf" can-hide="true" word-end="false">&lt;cf color=000000 size=12 underline=single&gt;</bpt><bpt-props><value key="StartTag">w:rPr</value><value key="ParentTag">w:r</value><value key="ContentFormattingTagPairTypeKey">True</value><value key="w:color">&lt;w:color w:val=&quot;000000&quot;/&gt;</value><value key="Parent: w:color">w:r</value><value key="TextColor">000000</value><value key="w:sz">&lt;w:sz w:val=&quot;24&quot;/&gt;</value><value key="Parent: w:sz">w:r</value><value key="FontSize">12</value><value key="w:szCs">&lt;w:szCs w:val=&quot;24&quot;/&gt;</value><value key="Parent: w:szCs">w:r</value><value key="w:u">&lt;w:u w:val=&quot;single&quot;/&gt;</value><value key="Parent: w:u">w:r</value><value key="Underline">single</value></bpt-props><ept name="cf" can-hide="true" word-end="false">&lt;/cf&gt;</ept><fmt id="7"/></tag><tag id="164"><bpt name="cf" can-hide="true" word-end="false">&lt;cf color=000000 size=12&gt;</bpt><bpt-props><value key="StartTag">w:rPr</value><value key="ParentTag">w:r</value><value key="ContentFormattingTagPairTypeKey">True</value><value key="w:color">&lt;w:color w:val=&quot;000000&quot;/&gt;</value><value key="Parent: w:color">w:r</value><value key="TextColor">000000</value><value key="w:sz">&lt;w:sz w:val=&quot;24&quot;/&gt;</value><value key="Parent: w:sz">w:r</value><value key="FontSize">12</value><value key="w:szCs">&lt;w:szCs w:val=&quot;24&quot;/&gt;</value><value key="Parent: w:szCs">w:r</value></bpt-props><ept name="cf" can-hide="true" word-end="false">&lt;/cf&gt;</ept><fmt id="4"/></tag><tag id="167"><bpt name="cf" can-hide="true" word-end="false">&lt;cf color=000000 size=12&gt;</bpt><bpt-props><value key="StartTag">w:rPr</value><value key="ParentTag">w:r</value><value key="ContentFormattingTagPairTypeKey">True</value><value key="w:color">&lt;w:color w:val=&quot;000000&quot;/&gt;</value><value key="Parent: w:color">w:r</value><value key="TextColor">000000</value><value key="w:sz">&lt;w:sz w:val=&quot;24&quot;/&gt;</value><value key="Parent: w:sz">w:r</value><value key="FontSize">12</value><value key="w:szCs">&lt;w:szCs w:val=&quot;24&quot;/&gt;</value><value key="Parent: w:szCs">w:r</value></bpt-props><ept name="cf" can-hide="true" word-end="false">&lt;/cf&gt;</ept><fmt id="4"/></tag><tag id="170"><bpt name="cf" can-hide="true" word-end="false">&lt;cf color=000000 size=12&gt;</bpt><bpt-props><value key="StartTag">w:rPr</value><value key="ParentTag">w:r</value><value key="ContentFormattingTagPairTypeKey">True</value><value key="w:color">&lt;w:color w:val=&quot;000000&quot;/&gt;</value><value key="Parent: w:color">w:r</value><value key="TextColor">000000</value><value key="w:sz">&lt;w:sz w:val=&quot;24&quot;/&gt;</value><value key="Parent: w:sz">w:r</value><value key="FontSize">12</value><value key="w:szCs">&lt;w:szCs w:val=&quot;24&quot;/&gt;</value><value key="Parent: w:szCs">w:r</value></bpt-props><ept name="cf" can-hide="true" word-end="false">&lt;/cf&gt;</ept><fmt id="4"/></tag><tag id="179"><bpt name="cf" can-hide="true" word-end="false">&lt;cf color=000000 size=12&gt;</bpt><bpt-props><value key="StartTag">w:rPr</value><value key="ParentTag">w:r</value><value key="ContentFormattingTagPairTypeKey">True</value><value key="w:color">&lt;w:color w:val=&quot;000000&quot;/&gt;</value><value key="Parent: w:color">w:r</value><value key="TextColor">000000</value><value key="w:sz">&lt;w:sz w:val=&quot;24&quot;/&gt;</value><value key="Parent: w:sz">w:r</value><value key="FontSize">12</value><value key="w:szCs">&lt;w:szCs w:val=&quot;24&quot;/&gt;</value><value key="Parent: w:szCs">w:r</value></bpt-props><ept name="cf" can-hide="true" word-end="false">&lt;/cf&gt;</ept><fmt id="4"/></tag><tag id="182"><bpt name="cf" can-hide="true" word-end="false">&lt;cf color=000000 size=12&gt;</bpt><bpt-props><value key="StartTag">w:rPr</value><value key="ParentTag">w:r</value><value key="ContentFormattingTagPairTypeKey">True</value><value key="w:color">&lt;w:color w:val=&quot;000000&quot;/&gt;</value><value key="Parent: w:color">w:r</value><value key="TextColor">000000</value><value key="w:sz">&lt;w:sz w:val=&quot;24&quot;/&gt;</value><value key="Parent: w:sz">w:r</value><value key="FontSize">12</value><value key="w:szCs">&lt;w:szCs w:val=&quot;24&quot;/&gt;</value><value key="Parent: w:szCs">w:r</value></bpt-props><ept name="cf" can-hide="true" word-end="false">&lt;/cf&gt;</ept><fmt id="4"/></tag><tag id="185"><bpt name="cf" can-hide="true" word-end="false">&lt;cf color=000000 size=12&gt;</bpt><bpt-props><value key="StartTag">w:rPr</value><value key="ParentTag">w:r</value><value key="ContentFormattingTagPairTypeKey">True</value><value key="w:color">&lt;w:color w:val=&quot;000000&quot;/&gt;</value><value key="Parent: w:color">w:r</value><value key="TextColor">000000</value><value key="w:sz">&lt;w:sz w:val=&quot;24&quot;/&gt;</value><value key="Parent: w:sz">w:r</value><value key="FontSize">12</value><value key="w:szCs">&lt;w:szCs w:val=&quot;24&quot;/&gt;</value><value key="Parent: w:szCs">w:r</value></bpt-props><ept name="cf" can-hide="true" word-end="false">&lt;/cf&gt;</ept><fmt id="4"/></tag><tag id="188"><bpt name="cf" can-hide="true" word-end="false">&lt;cf color=000000 size=12&gt;</bpt><bpt-props><value key="StartTag">w:rPr</value><value key="ParentTag">w:r</value><value key="ContentFormattingTagPairTypeKey">True</value><value key="w:color">&lt;w:color w:val=&quot;000000&quot;/&gt;</value><value key="Parent: w:color">w:r</value><value key="TextColor">000000</value><value key="w:sz">&lt;w:sz w:val=&quot;24&quot;/&gt;</value><value key="Parent: w:sz">w:r</value><value key="FontSize">12</value><value key="w:szCs">&lt;w:szCs w:val=&quot;24&quot;/&gt;</value><value key="Parent: w:szCs">w:r</value></bpt-props><ept name="cf" can-hide="true" word-end="false">&lt;/cf&gt;</ept><fmt id="4"/></tag><tag id="191"><bpt name="cf" can-hide="true" word-end="false">&lt;cf color=000000 size=12&gt;</bpt><bpt-props><value key="StartTag">w:rPr</value><value key="ParentTag">w:r</value><value key="ContentFormattingTagPairTypeKey">True</value><value key="w:color">&lt;w:color w:val=&quot;000000&quot;/&gt;</value><value key="Parent: w:color">w:r</value><value key="TextColor">000000</value><value key="w:sz">&lt;w:sz w:val=&quot;24&quot;/&gt;</value><value key="Parent: w:sz">w:r</value><value key="FontSize">12</value><value key="w:szCs">&lt;w:szCs w:val=&quot;24&quot;/&gt;</value><value key="Parent: w:szCs">w:r</value></bpt-props><ept name="cf" can-hide="true" word-end="false">&lt;/cf&gt;</ept><fmt id="4"/></tag><tag id="194"><bpt name="cf" can-hide="true" word-end="false">&lt;cf bold=True color=000000 size=12 underline=single&gt;</bpt><bpt-props><value key="StartTag">w:rPr</value><value key="ParentTag">w:r</value><value key="ContentFormattingTagPairTypeKey">True</value><value key="w:b">&lt;w:b/&gt;</value><value key="Parent: w:b">w:r</value><value key="Bold">True</value><value key="w:color">&lt;w:color w:val=&quot;000000&quot;/&gt;</value><value key="Parent: w:color">w:r</value><value key="TextColor">000000</value><value key="w:sz">&lt;w:sz w:val=&quot;24&quot;/&gt;</value><value key="Parent: w:sz">w:r</value><value key="FontSize">12</value><value key="w:szCs">&lt;w:szCs w:val=&quot;24&quot;/&gt;</value><value key="Parent: w:szCs">w:r</value><value key="w:u">&lt;w:u w:val=&quot;single&quot;/&gt;</value><value key="Parent: w:u">w:r</value><value key="Underline">single</value></bpt-props><ept name="cf" can-hide="true" word-end="false">&lt;/cf&gt;</ept><fmt id="3"/></tag><tag id="197"><bpt name="cf" can-hide="true" word-end="false">&lt;cf color=000000 size=12&gt;</bpt><bpt-props><value key="StartTag">w:rPr</value><value key="ParentTag">w:r</value><value key="ContentFormattingTagPairTypeKey">True</value><value key="w:color">&lt;w:color w:val=&quot;000000&quot;/&gt;</value><value key="Parent: w:color">w:r</value><value key="TextColor">000000</value><value key="w:sz">&lt;w:sz w:val=&quot;24&quot;/&gt;</value><value key="Parent: w:sz">w:r</value><value key="FontSize">12</value><value key="w:szCs">&lt;w:szCs w:val=&quot;24&quot;/&gt;</value><value key="Parent: w:szCs">w:r</value></bpt-props><ept name="cf" can-hide="true" word-end="false">&lt;/cf&gt;</ept><fmt id="4"/></tag><tag id="200"><bpt name="cf" can-hide="true" word-end="false">&lt;cf color=000000 size=12&gt;</bpt><bpt-props><value key="StartTag">w:rPr</value><value key="ParentTag">w:r</value><value key="ContentFormattingTagPairTypeKey">True</value><value key="w:color">&lt;w:color w:val=&quot;000000&quot;/&gt;</value><value key="Parent: w:color">w:r</value><value key="TextColor">000000</value><value key="w:sz">&lt;w:sz w:val=&quot;24&quot;/&gt;</value><value key="Parent: w:sz">w:r</value><value key="FontSize">12</value><value key="w:szCs">&lt;w:szCs w:val=&quot;24&quot;/&gt;</value><value key="Parent: w:szCs">w:r</value></bpt-props><ept name="cf" can-hide="true" word-end="false">&lt;/cf&gt;</ept><fmt id="4"/></tag><tag id="203"><bpt name="cf" can-hide="true" word-end="false">&lt;cf color=000000 size=12&gt;</bpt><bpt-props><value key="StartTag">w:rPr</value><value key="ParentTag">w:r</value><value key="ContentFormattingTagPairTypeKey">True</value><value key="w:color">&lt;w:color w:val=&quot;000000&quot;/&gt;</value><value key="Parent: w:color">w:r</value><value key="TextColor">000000</value><value key="w:sz">&lt;w:sz w:val=&quot;24&quot;/&gt;</value><value key="Parent: w:sz">w:r</value><value key="FontSize">12</value><value key="w:szCs">&lt;w:szCs w:val=&quot;24&quot;/&gt;</value><value key="Parent: w:szCs">w:r</value></bpt-props><ept name="cf" can-hide="true" word-end="false">&lt;/cf&gt;</ept><fmt id="4"/></tag><tag id="206"><bpt name="cf" can-hide="true" word-end="false">&lt;cf color=000000 size=12&gt;</bpt><bpt-props><value key="StartTag">w:rPr</value><value key="ParentTag">w:r</value><value key="ContentFormattingTagPairTypeKey">True</value><value key="w:color">&lt;w:color w:val=&quot;000000&quot;/&gt;</value><value key="Parent: w:color">w:r</value><value key="TextColor">000000</value><value key="w:sz">&lt;w:sz w:val=&quot;24&quot;/&gt;</value><value key="Parent: w:sz">w:r</value><value key="FontSize">12</value><value key="w:szCs">&lt;w:szCs w:val=&quot;24&quot;/&gt;</value><value key="Parent: w:szCs">w:r</value></bpt-props><ept name="cf" can-hide="true" word-end="false">&lt;/cf&gt;</ept><fmt id="4"/></tag><tag id="212"><bpt name="cf" can-hide="true" word-end="false">&lt;cf color=000000 size=12&gt;</bpt><bpt-props><value key="StartTag">w:rPr</value><value key="ParentTag">w:r</value><value key="ContentFormattingTagPairTypeKey">True</value><value key="w:color">&lt;w:color w:val=&quot;000000&quot;/&gt;</value><value key="Parent: w:color">w:r</value><value key="TextColor">000000</value><value key="w:sz">&lt;w:sz w:val=&quot;24&quot;/&gt;</value><value key="Parent: w:sz">w:r</value><value key="FontSize">12</value><value key="w:szCs">&lt;w:szCs w:val=&quot;24&quot;/&gt;</value><value key="Parent: w:szCs">w:r</value></bpt-props><ept name="cf" can-hide="true" word-end="false">&lt;/cf&gt;</ept><fmt id="4"/></tag><tag id="215"><bpt name="cf" can-hide="true" word-end="false">&lt;cf color=000000 size=12&gt;</bpt><bpt-props><value key="StartTag">w:rPr</value><value key="ParentTag">w:r</value><value key="ContentFormattingTagPairTypeKey">True</value><value key="w:color">&lt;w:color w:val=&quot;000000&quot;/&gt;</value><value key="Parent: w:color">w:r</value><value key="TextColor">000000</value><value key="w:sz">&lt;w:sz w:val=&quot;24&quot;/&gt;</value><value key="Parent: w:sz">w:r</value><value key="FontSize">12</value><value key="w:szCs">&lt;w:szCs w:val=&quot;24&quot;/&gt;</value><value key="Parent: w:szCs">w:r</value></bpt-props><ept name="cf" can-hide="true" word-end="false">&lt;/cf&gt;</ept><fmt id="4"/></tag><tag id="218"><bpt name="cf" can-hide="true" word-end="false">&lt;cf color=000000 size=12&gt;</bpt><bpt-props><value key="StartTag">w:rPr</value><value key="ParentTag">w:r</value><value key="ContentFormattingTagPairTypeKey">True</value><value key="w:color">&lt;w:color w:val=&quot;000000&quot;/&gt;</value><value key="Parent: w:color">w:r</value><value key="TextColor">000000</value><value key="w:sz">&lt;w:sz w:val=&quot;24&quot;/&gt;</value><value key="Parent: w:sz">w:r</value><value key="FontSize">12</value><value key="w:szCs">&lt;w:szCs w:val=&quot;24&quot;/&gt;</value><value key="Parent: w:szCs">w:r</value></bpt-props><ept name="cf" can-hide="true" word-end="false">&lt;/cf&gt;</ept><fmt id="4"/></tag><tag id="236"><bpt name="cf" can-hide="true" word-end="false">&lt;cf superscript=True&gt;</bpt><bpt-props><value key="StartTag">w:rPr</value><value key="ParentTag">w:r</value><value key="ContentFormattingTagPairTypeKey">True</value><value key="Parent: w:color">w:r</value><value key="Parent: w:sz">w:r</value><value key="Parent: w:szCs">w:r</value><value key="w:vertAlign">&lt;w:vertAlign w:val=&quot;superscript&quot;/&gt;</value><value key="Parent: w:vertAlign">w:r</value><value key="TextPosition">Superscript</value></bpt-props><ept name="cf" can-hide="true" word-end="false">&lt;/cf&gt;</ept><fmt id="8"/></tag><tag id="248"><bpt name="cf" can-hide="true" word-end="false">&lt;cf superscript=True&gt;</bpt><bpt-props><value key="StartTag">w:rPr</value><value key="ParentTag">w:r</value><value key="ContentFormattingTagPairTypeKey">True</value><value key="Parent: w:color">w:r</value><value key="Parent: w:sz">w:r</value><value key="Parent: w:szCs">w:r</value><value key="w:vertAlign">&lt;w:vertAlign w:val=&quot;superscript&quot;/&gt;</value><value key="Parent: w:vertAlign">w:r</value><value key="TextPosition">Superscript</value></bpt-props><ept name="cf" can-hide="true" word-end="false">&lt;/cf&gt;</ept><fmt id="8"/></tag><tag id="260"><bpt name="cf" can-hide="true" word-end="false">&lt;cf superscript=True&gt;</bpt><bpt-props><value key="StartTag">w:rPr</value><value key="ParentTag">w:r</value><value key="ContentFormattingTagPairTypeKey">True</value><value key="Parent: w:color">w:r</value><value key="Parent: w:sz">w:r</value><value key="Parent: w:szCs">w:r</value><value key="w:vertAlign">&lt;w:vertAlign w:val=&quot;superscript&quot;/&gt;</value><value key="Parent: w:vertAlign">w:r</value><value key="TextPosition">Superscript</value></bpt-props><ept name="cf" can-hide="true" word-end="false">&lt;/cf&gt;</ept><fmt id="8"/></tag><tag id="272"><bpt name="cf" can-hide="true" word-end="false">&lt;cf superscript=True&gt;</bpt><bpt-props><value key="StartTag">w:rPr</value><value key="ParentTag">w:r</value><value key="ContentFormattingTagPairTypeKey">True</value><value key="Parent: w:color">w:r</value><value key="Parent: w:sz">w:r</value><value key="Parent: w:szCs">w:r</value><value key="w:vertAlign">&lt;w:vertAlign w:val=&quot;superscript&quot;/&gt;</value><value key="Parent: w:vertAlign">w:r</value><value key="TextPosition">Superscript</value></bpt-props><ept name="cf" can-hide="true" word-end="false">&lt;/cf&gt;</ept><fmt id="8"/></tag><tag id="227"><bpt name="cf" can-hide="true" word-end="false">&lt;cf color=000000 size=12&gt;</bpt><bpt-props><value key="StartTag">w:rPr</value><value key="ParentTag">w:r</value><value key="ContentFormattingTagPairTypeKey">True</value><value key="w:color">&lt;w:color w:val=&quot;000000&quot;/&gt;</value><value key="Parent: w:color">w:r</value><value key="TextColor">000000</value><value key="w:sz">&lt;w:sz w:val=&quot;24&quot;/&gt;</value><value key="Parent: w:sz">w:r</value><value key="FontSize">12</value><value key="w:szCs">&lt;w:szCs w:val=&quot;24&quot;/&gt;</value><value key="Parent: w:szCs">w:r</value></bpt-props><ept name="cf" can-hide="true" word-end="false">&lt;/cf&gt;</ept><fmt id="4"/></tag><tag id="281"><bpt name="cf" can-hide="true" word-end="false">&lt;cf color=000000 size=12&gt;</bpt><bpt-props><value key="StartTag">w:rPr</value><value key="ParentTag">w:r</value><value key="ContentFormattingTagPairTypeKey">True</value><value key="w:color">&lt;w:color w:val=&quot;000000&quot;/&gt;</value><value key="Parent: w:color">w:r</value><value key="TextColor">000000</value><value key="w:sz">&lt;w:sz w:val=&quot;24&quot;/&gt;</value><value key="Parent: w:sz">w:r</value><value key="FontSize">12</value><value key="w:szCs">&lt;w:szCs w:val=&quot;24&quot;/&gt;</value><value key="Parent: w:szCs">w:r</value></bpt-props><ept name="cf" can-hide="true" word-end="false">&lt;/cf&gt;</ept><fmt id="4"/></tag><tag id="284"><bpt name="cf" can-hide="true" word-end="false">&lt;cf color=000000 size=12&gt;</bpt><bpt-props><value key="StartTag">w:rPr</value><value key="ParentTag">w:r</value><value key="ContentFormattingTagPairTypeKey">True</value><value key="w:color">&lt;w:color w:val=&quot;000000&quot;/&gt;</value><value key="Parent: w:color">w:r</value><value key="TextColor">000000</value><value key="w:sz">&lt;w:sz w:val=&quot;24&quot;/&gt;</value><value key="Parent: w:sz">w:r</value><value key="FontSize">12</value><value key="w:szCs">&lt;w:szCs w:val=&quot;24&quot;/&gt;</value><value key="Parent: w:szCs">w:r</value></bpt-props><ept name="cf" can-hide="true" word-end="false">&lt;/cf&gt;</ept><fmt id="4"/></tag><tag id="287"><bpt name="cf" can-hide="true" word-end="false">&lt;cf color=000000 size=12&gt;</bpt><bpt-props><value key="StartTag">w:rPr</value><value key="ParentTag">w:r</value><value key="ContentFormattingTagPairTypeKey">True</value><value key="w:color">&lt;w:color w:val=&quot;000000&quot;/&gt;</value><value key="Parent: w:color">w:r</value><value key="TextColor">000000</value><value key="w:sz">&lt;w:sz w:val=&quot;24&quot;/&gt;</value><value key="Parent: w:sz">w:r</value><value key="FontSize">12</value><value key="w:szCs">&lt;w:szCs w:val=&quot;24&quot;/&gt;</value><value key="Parent: w:szCs">w:r</value></bpt-props><ept name="cf" can-hide="true" word-end="false">&lt;/cf&gt;</ept><fmt id="4"/></tag><tag id="302"><bpt name="cf" can-hide="true" word-end="false">&lt;cf superscript=True&gt;</bpt><bpt-props><value key="StartTag">w:rPr</value><value key="ParentTag">w:r</value><value key="ContentFormattingTagPairTypeKey">True</value><value key="Parent: w:color">w:r</value><value key="Parent: w:sz">w:r</value><value key="Parent: w:szCs">w:r</value><value key="w:vertAlign">&lt;w:vertAlign w:val=&quot;superscript&quot;/&gt;</value><value key="Parent: w:vertAlign">w:r</value><value key="TextPosition">Superscript</value></bpt-props><ept name="cf" can-hide="true" word-end="false">&lt;/cf&gt;</ept><fmt id="8"/></tag><tag id="293"><bpt name="cf" can-hide="true" word-end="false">&lt;cf color=000000 size=12&gt;</bpt><bpt-props><value key="StartTag">w:rPr</value><value key="ParentTag">w:r</value><value key="ContentFormattingTagPairTypeKey">True</value><value key="w:color">&lt;w:color w:val=&quot;000000&quot;/&gt;</value><value key="Parent: w:color">w:r</value><value key="TextColor">000000</value><value key="w:sz">&lt;w:sz w:val=&quot;24&quot;/&gt;</value><value key="Parent: w:sz">w:r</value><value key="FontSize">12</value><value key="w:szCs">&lt;w:szCs w:val=&quot;24&quot;/&gt;</value><value key="Parent: w:szCs">w:r</value></bpt-props><ept name="cf" can-hide="true" word-end="false">&lt;/cf&gt;</ept><fmt id="4"/></tag><tag id="308"><bpt name="cf" can-hide="true" word-end="false">&lt;cf color=000000 size=12&gt;</bpt><bpt-props><value key="StartTag">w:rPr</value><value key="ParentTag">w:r</value><value key="ContentFormattingTagPairTypeKey">True</value><value key="w:color">&lt;w:color w:val=&quot;000000&quot;/&gt;</value><value key="Parent: w:color">w:r</value><value key="TextColor">000000</value><value key="w:sz">&lt;w:sz w:val=&quot;24&quot;/&gt;</value><value key="Parent: w:sz">w:r</value><value key="FontSize">12</value><value key="w:szCs">&lt;w:szCs w:val=&quot;24&quot;/&gt;</value><value key="Parent: w:szCs">w:r</value></bpt-props><ept name="cf" can-hide="true" word-end="false">&lt;/cf&gt;</ept><fmt id="4"/></tag><tag id="311"><bpt name="cf" can-hide="true" word-end="false">&lt;cf color=000000 size=12&gt;</bpt><bpt-props><value key="StartTag">w:rPr</value><value key="ParentTag">w:r</value><value key="ContentFormattingTagPairTypeKey">True</value><value key="w:color">&lt;w:color w:val=&quot;000000&quot;/&gt;</value><value key="Parent: w:color">w:r</value><value key="TextColor">000000</value><value key="w:sz">&lt;w:sz w:val=&quot;24&quot;/&gt;</value><value key="Parent: w:sz">w:r</value><value key="FontSize">12</value><value key="w:szCs">&lt;w:szCs w:val=&quot;24&quot;/&gt;</value><value key="Parent: w:szCs">w:r</value></bpt-props><ept name="cf" can-hide="true" word-end="false">&lt;/cf&gt;</ept><fmt id="4"/></tag><tag id="317"><bpt name="cf" can-hide="true" word-end="false">&lt;cf color=000000 size=12&gt;</bpt><bpt-props><value key="StartTag">w:rPr</value><value key="ParentTag">w:r</value><value key="ContentFormattingTagPairTypeKey">True</value><value key="w:color">&lt;w:color w:val=&quot;000000&quot;/&gt;</value><value key="Parent: w:color">w:r</value><value key="TextColor">000000</value><value key="w:sz">&lt;w:sz w:val=&quot;24&quot;/&gt;</value><value key="Parent: w:sz">w:r</value><value key="FontSize">12</value><value key="w:szCs">&lt;w:szCs w:val=&quot;24&quot;/&gt;</value><value key="Parent: w:szCs">w:r</value></bpt-props><ept name="cf" can-hide="true" word-end="false">&lt;/cf&gt;</ept><fmt id="4"/></tag><tag id="326"><bpt name="cf" can-hide="true" word-end="false">&lt;cf color=000000 size=12&gt;</bpt><bpt-props><value key="StartTag">w:rPr</value><value key="ParentTag">w:r</value><value key="ContentFormattingTagPairTypeKey">True</value><value key="w:color">&lt;w:color w:val=&quot;000000&quot;/&gt;</value><value key="Parent: w:color">w:r</value><value key="TextColor">000000</value><value key="w:sz">&lt;w:sz w:val=&quot;24&quot;/&gt;</value><value key="Parent: w:sz">w:r</value><value key="FontSize">12</value><value key="w:szCs">&lt;w:szCs w:val=&quot;24&quot;/&gt;</value><value key="Parent: w:szCs">w:r</value></bpt-props><ept name="cf" can-hide="true" word-end="false">&lt;/cf&gt;</ept><fmt id="4"/></tag><tag id="329"><bpt name="cf" can-hide="true" word-end="false">&lt;cf color=000000 size=12&gt;</bpt><bpt-props><value key="StartTag">w:rPr</value><value key="ParentTag">w:r</value><value key="ContentFormattingTagPairTypeKey">True</value><value key="w:color">&lt;w:color w:val=&quot;000000&quot;/&gt;</value><value key="Parent: w:color">w:r</value><value key="TextColor">000000</value><value key="w:sz">&lt;w:sz w:val=&quot;24&quot;/&gt;</value><value key="Parent: w:sz">w:r</value><value key="FontSize">12</value><value key="w:szCs">&lt;w:szCs w:val=&quot;24&quot;/&gt;</value><value key="Parent: w:szCs">w:r</value></bpt-props><ept name="cf" can-hide="true" word-end="false">&lt;/cf&gt;</ept><fmt id="4"/></tag><tag id="332"><bpt name="cf" can-hide="true" word-end="false">&lt;cf color=000000 size=12&gt;</bpt><bpt-props><value key="StartTag">w:rPr</value><value key="ParentTag">w:r</value><value key="ContentFormattingTagPairTypeKey">True</value><value key="w:color">&lt;w:color w:val=&quot;000000&quot;/&gt;</value><value key="Parent: w:color">w:r</value><value key="TextColor">000000</value><value key="w:sz">&lt;w:sz w:val=&quot;24&quot;/&gt;</value><value key="Parent: w:sz">w:r</value><value key="FontSize">12</value><value key="w:szCs">&lt;w:szCs w:val=&quot;24&quot;/&gt;</value><value key="Parent: w:szCs">w:r</value></bpt-props><ept name="cf" can-hide="true" word-end="false">&lt;/cf&gt;</ept><fmt id="4"/></tag><tag id="335"><bpt name="cf" can-hide="true" word-end="false">&lt;cf color=000000 size=12&gt;</bpt><bpt-props><value key="StartTag">w:rPr</value><value key="ParentTag">w:r</value><value key="ContentFormattingTagPairTypeKey">True</value><value key="w:color">&lt;w:color w:val=&quot;000000&quot;/&gt;</value><value key="Parent: w:color">w:r</value><value key="TextColor">000000</value><value key="w:sz">&lt;w:sz w:val=&quot;24&quot;/&gt;</value><value key="Parent: w:sz">w:r</value><value key="FontSize">12</value><value key="w:szCs">&lt;w:szCs w:val=&quot;24&quot;/&gt;</value><value key="Parent: w:szCs">w:r</value></bpt-props><ept name="cf" can-hide="true" word-end="false">&lt;/cf&gt;</ept><fmt id="4"/></tag><tag id="341"><bpt name="cf" can-hide="true" word-end="false">&lt;cf color=000000 size=12&gt;</bpt><bpt-props><value key="StartTag">w:rPr</value><value key="ParentTag">w:r</value><value key="ContentFormattingTagPairTypeKey">True</value><value key="w:color">&lt;w:color w:val=&quot;000000&quot;/&gt;</value><value key="Parent: w:color">w:r</value><value key="TextColor">000000</value><value key="w:sz">&lt;w:sz w:val=&quot;24&quot;/&gt;</value><value key="Parent: w:sz">w:r</value><value key="FontSize">12</value><value key="w:szCs">&lt;w:szCs w:val=&quot;24&quot;/&gt;</value><value key="Parent: w:szCs">w:r</value></bpt-props><ept name="cf" can-hide="true" word-end="false">&lt;/cf&gt;</ept><fmt id="4"/></tag><tag id="347"><bpt name="cf" can-hide="true" word-end="false">&lt;cf italic=True&gt;</bpt><bpt-props><value key="StartTag">w:rPr</value><value key="ParentTag">w:r</value><value key="ContentFormattingTagPairTypeKey">True</value><value key="w:i">&lt;w:i/&gt;</value><value key="Parent: w:i">w:r</value><value key="Italic">True</value><value key="Parent: w:color">w:r</value><value key="Parent: w:sz">w:r</value><value key="Parent: w:szCs">w:r</value></bpt-props><ept name="cf" can-hide="true" word-end="false">&lt;/cf&gt;</ept><fmt id="9"/></tag><tag id="344"><bpt name="cf" can-hide="true" word-end="false">&lt;cf color=000000 size=12&gt;</bpt><bpt-props><value key="StartTag">w:rPr</value><value key="ParentTag">w:r</value><value key="ContentFormattingTagPairTypeKey">True</value><value key="w:color">&lt;w:color w:val=&quot;000000&quot;/&gt;</value><value key="Parent: w:color">w:r</value><value key="TextColor">000000</value><value key="w:sz">&lt;w:sz w:val=&quot;24&quot;/&gt;</value><value key="Parent: w:sz">w:r</value><value key="FontSize">12</value><value key="w:szCs">&lt;w:szCs w:val=&quot;24&quot;/&gt;</value><value key="Parent: w:szCs">w:r</value></bpt-props><ept name="cf" can-hide="true" word-end="false">&lt;/cf&gt;</ept><fmt id="4"/></tag><tag id="359"><bpt name="cf" can-hide="true" word-end="false">&lt;cf italic=True&gt;</bpt><bpt-props><value key="StartTag">w:rPr</value><value key="ParentTag">w:r</value><value key="ContentFormattingTagPairTypeKey">True</value><value key="w:i">&lt;w:i/&gt;</value><value key="Parent: w:i">w:r</value><value key="Italic">True</value><value key="Parent: w:color">w:r</value><value key="Parent: w:sz">w:r</value><value key="Parent: w:szCs">w:r</value></bpt-props><ept name="cf" can-hide="true" word-end="false">&lt;/cf&gt;</ept><fmt id="9"/></tag><tag id="353"><bpt name="cf" can-hide="true" word-end="false">&lt;cf color=000000 size=12&gt;</bpt><bpt-props><value key="StartTag">w:rPr</value><value key="ParentTag">w:r</value><value key="ContentFormattingTagPairTypeKey">True</value><value key="w:color">&lt;w:color w:val=&quot;000000&quot;/&gt;</value><value key="Parent: w:color">w:r</value><value key="TextColor">000000</value><value key="w:sz">&lt;w:sz w:val=&quot;24&quot;/&gt;</value><value key="Parent: w:sz">w:r</value><value key="FontSize">12</value><value key="w:szCs">&lt;w:szCs w:val=&quot;24&quot;/&gt;</value><value key="Parent: w:szCs">w:r</value></bpt-props><ept name="cf" can-hide="true" word-end="false">&lt;/cf&gt;</ept><fmt id="4"/></tag><tag id="362"><bpt name="cf" can-hide="true" word-end="false">&lt;cf color=000000 size=12&gt;</bpt><bpt-props><value key="StartTag">w:rPr</value><value key="ParentTag">w:r</value><value key="ContentFormattingTagPairTypeKey">True</value><value key="w:color">&lt;w:color w:val=&quot;000000&quot;/&gt;</value><value key="Parent: w:color">w:r</value><value key="TextColor">000000</value><value key="w:sz">&lt;w:sz w:val=&quot;24&quot;/&gt;</value><value key="Parent: w:sz">w:r</value><value key="FontSize">12</value><value key="w:szCs">&lt;w:szCs w:val=&quot;24&quot;/&gt;</value><value key="Parent: w:szCs">w:r</value></bpt-props><ept name="cf" can-hide="true" word-end="false">&lt;/cf&gt;</ept><fmt id="4"/></tag><tag id="371"><bpt name="cf" can-hide="true" word-end="false">&lt;cf color=000000 size=12&gt;</bpt><bpt-props><value key="StartTag">w:rPr</value><value key="ParentTag">w:r</value><value key="ContentFormattingTagPairTypeKey">True</value><value key="w:color">&lt;w:color w:val=&quot;000000&quot;/&gt;</value><value key="Parent: w:color">w:r</value><value key="TextColor">000000</value><value key="w:sz">&lt;w:sz w:val=&quot;24&quot;/&gt;</value><value key="Parent: w:sz">w:r</value><value key="FontSize">12</value><value key="w:szCs">&lt;w:szCs w:val=&quot;24&quot;/&gt;</value><value key="Parent: w:szCs">w:r</value></bpt-props><ept name="cf" can-hide="true" word-end="false">&lt;/cf&gt;</ept><fmt id="4"/></tag><tag id="374"><bpt name="cf" can-hide="true" word-end="false">&lt;cf color=000000 size=12&gt;</bpt><bpt-props><value key="StartTag">w:rPr</value><value key="ParentTag">w:r</value><value key="ContentFormattingTagPairTypeKey">True</value><value key="w:color">&lt;w:color w:val=&quot;000000&quot;/&gt;</value><value key="Parent: w:color">w:r</value><value key="TextColor">000000</value><value key="w:sz">&lt;w:sz w:val=&quot;24&quot;/&gt;</value><value key="Parent: w:sz">w:r</value><value key="FontSize">12</value><value key="w:szCs">&lt;w:szCs w:val=&quot;24&quot;/&gt;</value><value key="Parent: w:szCs">w:r</value></bpt-props><ept name="cf" can-hide="true" word-end="false">&lt;/cf&gt;</ept><fmt id="4"/></tag><tag id="383"><bpt name="cf" can-hide="true" word-end="false">&lt;cf color=000000 size=12&gt;</bpt><bpt-props><value key="StartTag">w:rPr</value><value key="ParentTag">w:r</value><value key="ContentFormattingTagPairTypeKey">True</value><value key="w:color">&lt;w:color w:val=&quot;000000&quot;/&gt;</value><value key="Parent: w:color">w:r</value><value key="TextColor">000000</value><value key="w:sz">&lt;w:sz w:val=&quot;24&quot;/&gt;</value><value key="Parent: w:sz">w:r</value><value key="FontSize">12</value><value key="w:szCs">&lt;w:szCs w:val=&quot;24&quot;/&gt;</value><value key="Parent: w:szCs">w:r</value></bpt-props><ept name="cf" can-hide="true" word-end="false">&lt;/cf&gt;</ept><fmt id="4"/></tag><tag id="386"><bpt name="cf" can-hide="true" word-end="false">&lt;cf color=000000 size=12&gt;</bpt><bpt-props><value key="StartTag">w:rPr</value><value key="ParentTag">w:r</value><value key="ContentFormattingTagPairTypeKey">True</value><value key="w:color">&lt;w:color w:val=&quot;000000&quot;/&gt;</value><value key="Parent: w:color">w:r</value><value key="TextColor">000000</value><value key="w:sz">&lt;w:sz w:val=&quot;24&quot;/&gt;</value><value key="Parent: w:sz">w:r</value><value key="FontSize">12</value><value key="w:szCs">&lt;w:szCs w:val=&quot;24&quot;/&gt;</value><value key="Parent: w:szCs">w:r</value></bpt-props><ept name="cf" can-hide="true" word-end="false">&lt;/cf&gt;</ept><fmt id="4"/></tag><tag id="389"><bpt name="cf" can-hide="true" word-end="false">&lt;cf color=000000 size=12&gt;</bpt><bpt-props><value key="StartTag">w:rPr</value><value key="ParentTag">w:r</value><value key="ContentFormattingTagPairTypeKey">True</value><value key="w:color">&lt;w:color w:val=&quot;000000&quot;/&gt;</value><value key="Parent: w:color">w:r</value><value key="TextColor">000000</value><value key="w:sz">&lt;w:sz w:val=&quot;24&quot;/&gt;</value><value key="Parent: w:sz">w:r</value><value key="FontSize">12</value><value key="w:szCs">&lt;w:szCs w:val=&quot;24&quot;/&gt;</value><value key="Parent: w:szCs">w:r</value></bpt-props><ept name="cf" can-hide="true" word-end="false">&lt;/cf&gt;</ept><fmt id="4"/></tag><tag id="398"><bpt name="cf" can-hide="true" word-end="false">&lt;cf superscript=True&gt;</bpt><bpt-props><value key="StartTag">w:rPr</value><value key="ParentTag">w:r</value><value key="ContentFormattingTagPairTypeKey">True</value><value key="Parent: w:color">w:r</value><value key="Parent: w:sz">w:r</value><value key="Parent: w:szCs">w:r</value><value key="w:vertAlign">&lt;w:vertAlign w:val=&quot;superscript&quot;/&gt;</value><value key="Parent: w:vertAlign">w:r</value><value key="TextPosition">Superscript</value></bpt-props><ept name="cf" can-hide="true" word-end="false">&lt;/cf&gt;</ept><fmt id="8"/></tag><tag id="404"><bpt name="cf" can-hide="true" word-end="false">&lt;cf superscript=True&gt;</bpt><bpt-props><value key="StartTag">w:rPr</value><value key="ParentTag">w:r</value><value key="ContentFormattingTagPairTypeKey">True</value><value key="Parent: w:color">w:r</value><value key="Parent: w:sz">w:r</value><value key="Parent: w:szCs">w:r</value><value key="w:vertAlign">&lt;w:vertAlign w:val=&quot;superscript&quot;/&gt;</value><value key="Parent: w:vertAlign">w:r</value><value key="TextPosition">Superscript</value></bpt-props><ept name="cf" can-hide="true" word-end="false">&lt;/cf&gt;</ept><fmt id="8"/></tag><tag id="392"><bpt name="cf" can-hide="true" word-end="false">&lt;cf color=000000 size=12&gt;</bpt><bpt-props><value key="StartTag">w:rPr</value><value key="ParentTag">w:r</value><value key="ContentFormattingTagPairTypeKey">True</value><value key="w:color">&lt;w:color w:val=&quot;000000&quot;/&gt;</value><value key="Parent: w:color">w:r</value><value key="TextColor">000000</value><value key="w:sz">&lt;w:sz w:val=&quot;24&quot;/&gt;</value><value key="Parent: w:sz">w:r</value><value key="FontSize">12</value><value key="w:szCs">&lt;w:szCs w:val=&quot;24&quot;/&gt;</value><value key="Parent: w:szCs">w:r</value></bpt-props><ept name="cf" can-hide="true" word-end="false">&lt;/cf&gt;</ept><fmt id="4"/></tag><tag id="410"><bpt name="cf" can-hide="true" word-end="false">&lt;cf color=000000 size=12&gt;</bpt><bpt-props><value key="StartTag">w:rPr</value><value key="ParentTag">w:r</value><value key="ContentFormattingTagPairTypeKey">True</value><value key="w:color">&lt;w:color w:val=&quot;000000&quot;/&gt;</value><value key="Parent: w:color">w:r</value><value key="TextColor">000000</value><value key="w:sz">&lt;w:sz w:val=&quot;24&quot;/&gt;</value><value key="Parent: w:sz">w:r</value><value key="FontSize">12</value><value key="w:szCs">&lt;w:szCs w:val=&quot;24&quot;/&gt;</value><value key="Parent: w:szCs">w:r</value></bpt-props><ept name="cf" can-hide="true" word-end="false">&lt;/cf&gt;</ept><fmt id="4"/></tag><tag id="419"><bpt name="cf" can-hide="true" word-end="false">&lt;cf color=000000 size=12&gt;</bpt><bpt-props><value key="StartTag">w:rPr</value><value key="ParentTag">w:r</value><value key="ContentFormattingTagPairTypeKey">True</value><value key="w:color">&lt;w:color w:val=&quot;000000&quot;/&gt;</value><value key="Parent: w:color">w:r</value><value key="TextColor">000000</value><value key="w:sz">&lt;w:sz w:val=&quot;24&quot;/&gt;</value><value key="Parent: w:sz">w:r</value><value key="FontSize">12</value><value key="w:szCs">&lt;w:szCs w:val=&quot;24&quot;/&gt;</value><value key="Parent: w:szCs">w:r</value></bpt-props><ept name="cf" can-hide="true" word-end="false">&lt;/cf&gt;</ept><fmt id="4"/></tag><tag id="422"><bpt name="cf" can-hide="true" word-end="false">&lt;cf color=000000 size=12&gt;</bpt><bpt-props><value key="StartTag">w:rPr</value><value key="ParentTag">w:r</value><value key="ContentFormattingTagPairTypeKey">True</value><value key="w:color">&lt;w:color w:val=&quot;000000&quot;/&gt;</value><value key="Parent: w:color">w:r</value><value key="TextColor">000000</value><value key="w:sz">&lt;w:sz w:val=&quot;24&quot;/&gt;</value><value key="Parent: w:sz">w:r</value><value key="FontSize">12</value><value key="w:szCs">&lt;w:szCs w:val=&quot;24&quot;/&gt;</value><value key="Parent: w:szCs">w:r</value></bpt-props><ept name="cf" can-hide="true" word-end="false">&lt;/cf&gt;</ept><fmt id="4"/></tag><tag id="425"><bpt name="cf" can-hide="true" word-end="false">&lt;cf color=000000 size=12&gt;</bpt><bpt-props><value key="StartTag">w:rPr</value><value key="ParentTag">w:r</value><value key="ContentFormattingTagPairTypeKey">True</value><value key="w:color">&lt;w:color w:val=&quot;000000&quot;/&gt;</value><value key="Parent: w:color">w:r</value><value key="TextColor">000000</value><value key="w:sz">&lt;w:sz w:val=&quot;24&quot;/&gt;</value><value key="Parent: w:sz">w:r</value><value key="FontSize">12</value><value key="w:szCs">&lt;w:szCs w:val=&quot;24&quot;/&gt;</value><value key="Parent: w:szCs">w:r</value></bpt-props><ept name="cf" can-hide="true" word-end="false">&lt;/cf&gt;</ept><fmt id="4"/></tag><tag id="428"><bpt name="cf" can-hide="true" word-end="false">&lt;cf color=000000 size=12&gt;</bpt><bpt-props><value key="StartTag">w:rPr</value><value key="ParentTag">w:r</value><value key="ContentFormattingTagPairTypeKey">True</value><value key="w:color">&lt;w:color w:val=&quot;000000&quot;/&gt;</value><value key="Parent: w:color">w:r</value><value key="TextColor">000000</value><value key="w:sz">&lt;w:sz w:val=&quot;24&quot;/&gt;</value><value key="Parent: w:sz">w:r</value><value key="FontSize">12</value><value key="w:szCs">&lt;w:szCs w:val=&quot;24&quot;/&gt;</value><value key="Parent: w:szCs">w:r</value></bpt-props><ept name="cf" can-hide="true" word-end="false">&lt;/cf&gt;</ept><fmt id="4"/></tag><tag id="431"><bpt name="cf" can-hide="true" word-end="false">&lt;cf color=000000 size=12&gt;</bpt><bpt-props><value key="StartTag">w:rPr</value><value key="ParentTag">w:r</value><value key="ContentFormattingTagPairTypeKey">True</value><value key="w:color">&lt;w:color w:val=&quot;000000&quot;/&gt;</value><value key="Parent: w:color">w:r</value><value key="TextColor">000000</value><value key="w:sz">&lt;w:sz w:val=&quot;24&quot;/&gt;</value><value key="Parent: w:sz">w:r</value><value key="FontSize">12</value><value key="w:szCs">&lt;w:szCs w:val=&quot;24&quot;/&gt;</value><value key="Parent: w:szCs">w:r</value></bpt-props><ept name="cf" can-hide="true" word-end="false">&lt;/cf&gt;</ept><fmt id="4"/></tag><tag id="437"><bpt name="cf" can-hide="true" word-end="false">&lt;cf color=000000 size=12&gt;</bpt><bpt-props><value key="StartTag">w:rPr</value><value key="ParentTag">w:r</value><value key="ContentFormattingTagPairTypeKey">True</value><value key="w:color">&lt;w:color w:val=&quot;000000&quot;/&gt;</value><value key="Parent: w:color">w:r</value><value key="TextColor">000000</value><value key="w:sz">&lt;w:sz w:val=&quot;24&quot;/&gt;</value><value key="Parent: w:sz">w:r</value><value key="FontSize">12</value><value key="w:szCs">&lt;w:szCs w:val=&quot;24&quot;/&gt;</value><value key="Parent: w:szCs">w:r</value></bpt-props><ept name="cf" can-hide="true" word-end="false">&lt;/cf&gt;</ept><fmt id="4"/></tag><tag id="440"><bpt name="cf" can-hide="true" word-end="false">&lt;cf color=000000 size=12&gt;</bpt><bpt-props><value key="StartTag">w:rPr</value><value key="ParentTag">w:r</value><value key="ContentFormattingTagPairTypeKey">True</value><value key="w:color">&lt;w:color w:val=&quot;000000&quot;/&gt;</value><value key="Parent: w:color">w:r</value><value key="TextColor">000000</value><value key="w:sz">&lt;w:sz w:val=&quot;24&quot;/&gt;</value><value key="Parent: w:sz">w:r</value><value key="FontSize">12</value><value key="w:szCs">&lt;w:szCs w:val=&quot;24&quot;/&gt;</value><value key="Parent: w:szCs">w:r</value></bpt-props><ept name="cf" can-hide="true" word-end="false">&lt;/cf&gt;</ept><fmt id="4"/></tag><tag id="443"><bpt name="cf" can-hide="true" word-end="false">&lt;cf color=000000 size=12&gt;</bpt><bpt-props><value key="StartTag">w:rPr</value><value key="ParentTag">w:r</value><value key="ContentFormattingTagPairTypeKey">True</value><value key="w:color">&lt;w:color w:val=&quot;000000&quot;/&gt;</value><value key="Parent: w:color">w:r</value><value key="TextColor">000000</value><value key="w:sz">&lt;w:sz w:val=&quot;24&quot;/&gt;</value><value key="Parent: w:sz">w:r</value><value key="FontSize">12</value><value key="w:szCs">&lt;w:szCs w:val=&quot;24&quot;/&gt;</value><value key="Parent: w:szCs">w:r</value></bpt-props><ept name="cf" can-hide="true" word-end="false">&lt;/cf&gt;</ept><fmt id="4"/></tag><tag id="446"><bpt name="cf" can-hide="true" word-end="false">&lt;cf color=000000 size=12&gt;</bpt><bpt-props><value key="StartTag">w:rPr</value><value key="ParentTag">w:r</value><value key="ContentFormattingTagPairTypeKey">True</value><value key="w:color">&lt;w:color w:val=&quot;000000&quot;/&gt;</value><value key="Parent: w:color">w:r</value><value key="TextColor">000000</value><value key="w:sz">&lt;w:sz w:val=&quot;24&quot;/&gt;</value><value key="Parent: w:sz">w:r</value><value key="FontSize">12</value><value key="w:szCs">&lt;w:szCs w:val=&quot;24&quot;/&gt;</value><value key="Parent: w:szCs">w:r</value></bpt-props><ept name="cf" can-hide="true" word-end="false">&lt;/cf&gt;</ept><fmt id="4"/></tag><tag id="449"><bpt name="cf" can-hide="true" word-end="false">&lt;cf color=000000 size=12&gt;</bpt><bpt-props><value key="StartTag">w:rPr</value><value key="ParentTag">w:r</value><value key="ContentFormattingTagPairTypeKey">True</value><value key="w:color">&lt;w:color w:val=&quot;000000&quot;/&gt;</value><value key="Parent: w:color">w:r</value><value key="TextColor">000000</value><value key="w:sz">&lt;w:sz w:val=&quot;24&quot;/&gt;</value><value key="Parent: w:sz">w:r</value><value key="FontSize">12</value><value key="w:szCs">&lt;w:szCs w:val=&quot;24&quot;/&gt;</value><value key="Parent: w:szCs">w:r</value></bpt-props><ept name="cf" can-hide="true" word-end="false">&lt;/cf&gt;</ept><fmt id="4"/></tag><tag id="452"><bpt name="cf" can-hide="true" word-end="false">&lt;cf color=000000 size=12&gt;</bpt><bpt-props><value key="StartTag">w:rPr</value><value key="ParentTag">w:r</value><value key="ContentFormattingTagPairTypeKey">True</value><value key="w:color">&lt;w:color w:val=&quot;000000&quot;/&gt;</value><value key="Parent: w:color">w:r</value><value key="TextColor">000000</value><value key="w:sz">&lt;w:sz w:val=&quot;24&quot;/&gt;</value><value key="Parent: w:sz">w:r</value><value key="FontSize">12</value><value key="w:szCs">&lt;w:szCs w:val=&quot;24&quot;/&gt;</value><value key="Parent: w:szCs">w:r</value></bpt-props><ept name="cf" can-hide="true" word-end="false">&lt;/cf&gt;</ept><fmt id="4"/></tag><tag id="455"><bpt name="cf" can-hide="true" word-end="false">&lt;cf color=000000 size=12&gt;</bpt><bpt-props><value key="StartTag">w:rPr</value><value key="ParentTag">w:r</value><value key="ContentFormattingTagPairTypeKey">True</value><value key="w:color">&lt;w:color w:val=&quot;000000&quot;/&gt;</value><value key="Parent: w:color">w:r</value><value key="TextColor">000000</value><value key="w:sz">&lt;w:sz w:val=&quot;24&quot;/&gt;</value><value key="Parent: w:sz">w:r</value><value key="FontSize">12</value><value key="w:szCs">&lt;w:szCs w:val=&quot;24&quot;/&gt;</value><value key="Parent: w:szCs">w:r</value></bpt-props><ept name="cf" can-hide="true" word-end="false">&lt;/cf&gt;</ept><fmt id="4"/></tag><tag id="458"><bpt name="cf" can-hide="true" word-end="false">&lt;cf color=000000 size=12&gt;</bpt><bpt-props><value key="StartTag">w:rPr</value><value key="ParentTag">w:r</value><value key="ContentFormattingTagPairTypeKey">True</value><value key="w:color">&lt;w:color w:val=&quot;000000&quot;/&gt;</value><value key="Parent: w:color">w:r</value><value key="TextColor">000000</value><value key="w:sz">&lt;w:sz w:val=&quot;24&quot;/&gt;</value><value key="Parent: w:sz">w:r</value><value key="FontSize">12</value><value key="w:szCs">&lt;w:szCs w:val=&quot;24&quot;/&gt;</value><value key="Parent: w:szCs">w:r</value></bpt-props><ept name="cf" can-hide="true" word-end="false">&lt;/cf&gt;</ept><fmt id="4"/></tag><tag id="461"><bpt name="cf" can-hide="true" word-end="false">&lt;cf color=000000 size=12&gt;</bpt><bpt-props><value key="StartTag">w:rPr</value><value key="ParentTag">w:r</value><value key="ContentFormattingTagPairTypeKey">True</value><value key="w:color">&lt;w:color w:val=&quot;000000&quot;/&gt;</value><value key="Parent: w:color">w:r</value><value key="TextColor">000000</value><value key="w:sz">&lt;w:sz w:val=&quot;24&quot;/&gt;</value><value key="Parent: w:sz">w:r</value><value key="FontSize">12</value><value key="w:szCs">&lt;w:szCs w:val=&quot;24&quot;/&gt;</value><value key="Parent: w:szCs">w:r</value></bpt-props><ept name="cf" can-hide="true" word-end="false">&lt;/cf&gt;</ept><fmt id="4"/></tag><tag id="467"><bpt name="cf" can-hide="true" word-end="false">&lt;cf color=000000 size=12&gt;</bpt><bpt-props><value key="StartTag">w:rPr</value><value key="ParentTag">w:r</value><value key="ContentFormattingTagPairTypeKey">True</value><value key="w:color">&lt;w:color w:val=&quot;000000&quot;/&gt;</value><value key="Parent: w:color">w:r</value><value key="TextColor">000000</value><value key="w:sz">&lt;w:sz w:val=&quot;24&quot;/&gt;</value><value key="Parent: w:sz">w:r</value><value key="FontSize">12</value><value key="w:szCs">&lt;w:szCs w:val=&quot;24&quot;/&gt;</value><value key="Parent: w:szCs">w:r</value></bpt-props><ept name="cf" can-hide="true" word-end="false">&lt;/cf&gt;</ept><fmt id="4"/></tag><tag id="473"><bpt name="cf" can-hide="true" word-end="false">&lt;cf superscript=True&gt;</bpt><bpt-props><value key="StartTag">w:rPr</value><value key="ParentTag">w:r</value><value key="ContentFormattingTagPairTypeKey">True</value><value key="Parent: w:color">w:r</value><value key="Parent: w:sz">w:r</value><value key="Parent: w:szCs">w:r</value><value key="w:vertAlign">&lt;w:vertAlign w:val=&quot;superscript&quot;/&gt;</value><value key="Parent: w:vertAlign">w:r</value><value key="TextPosition">Superscript</value></bpt-props><ept name="cf" can-hide="true" word-end="false">&lt;/cf&gt;</ept><fmt id="8"/></tag><tag id="479"><bpt name="cf" can-hide="true" word-end="false">&lt;cf subscript=True&gt;</bpt><bpt-props><value key="StartTag">w:rPr</value><value key="ParentTag">w:r</value><value key="ContentFormattingTagPairTypeKey">True</value><value key="Parent: w:color">w:r</value><value key="Parent: w:sz">w:r</value><value key="Parent: w:szCs">w:r</value><value key="w:vertAlign">&lt;w:vertAlign w:val=&quot;subscript&quot;/&gt;</value><value key="Parent: w:vertAlign">w:r</value><value key="TextPosition">Subscript</value></bpt-props><ept name="cf" can-hide="true" word-end="false">&lt;/cf&gt;</ept><fmt id="10"/></tag><tag id="485"><bpt name="cf" can-hide="true" word-end="false">&lt;cf superscript=True&gt;</bpt><bpt-props><value key="StartTag">w:rPr</value><value key="ParentTag">w:r</value><value key="ContentFormattingTagPairTypeKey">True</value><value key="Parent: w:color">w:r</value><value key="Parent: w:sz">w:r</value><value key="Parent: w:szCs">w:r</value><value key="w:vertAlign">&lt;w:vertAlign w:val=&quot;superscript&quot;/&gt;</value><value key="Parent: w:vertAlign">w:r</value><value key="TextPosition">Superscript</value></bpt-props><ept name="cf" can-hide="true" word-end="false">&lt;/cf&gt;</ept><fmt id="8"/></tag><tag id="491"><bpt name="cf" can-hide="true" word-end="false">&lt;cf subscript=True&gt;</bpt><bpt-props><value key="StartTag">w:rPr</value><value key="ParentTag">w:r</value><value key="ContentFormattingTagPairTypeKey">True</value><value key="Parent: w:color">w:r</value><value key="Parent: w:sz">w:r</value><value key="Parent: w:szCs">w:r</value><value key="w:vertAlign">&lt;w:vertAlign w:val=&quot;subscript&quot;/&gt;</value><value key="Parent: w:vertAlign">w:r</value><value key="TextPosition">Subscript</value></bpt-props><ept name="cf" can-hide="true" word-end="false">&lt;/cf&gt;</ept><fmt id="10"/></tag><tag id="497"><bpt name="cf" can-hide="true" word-end="false">&lt;cf superscript=True&gt;</bpt><bpt-props><value key="StartTag">w:rPr</value><value key="ParentTag">w:r</value><value key="ContentFormattingTagPairTypeKey">True</value><value key="Parent: w:color">w:r</value><value key="Parent: w:sz">w:r</value><value key="Parent: w:szCs">w:r</value><value key="w:vertAlign">&lt;w:vertAlign w:val=&quot;superscript&quot;/&gt;</value><value key="Parent: w:vertAlign">w:r</value><value key="TextPosition">Superscript</value></bpt-props><ept name="cf" can-hide="true" word-end="false">&lt;/cf&gt;</ept><fmt id="8"/></tag><tag id="503"><bpt name="cf" can-hide="true" word-end="false">&lt;cf subscript=True&gt;</bpt><bpt-props><value key="StartTag">w:rPr</value><value key="ParentTag">w:r</value><value key="ContentFormattingTagPairTypeKey">True</value><value key="Parent: w:color">w:r</value><value key="Parent: w:sz">w:r</value><value key="Parent: w:szCs">w:r</value><value key="w:vertAlign">&lt;w:vertAlign w:val=&quot;subscript&quot;/&gt;</value><value key="Parent: w:vertAlign">w:r</value><value key="TextPosition">Subscript</value></bpt-props><ept name="cf" can-hide="true" word-end="false">&lt;/cf&gt;</ept><fmt id="10"/></tag><tag id="470"><bpt name="cf" can-hide="true" word-end="false">&lt;cf color=000000 size=12&gt;</bpt><bpt-props><value key="StartTag">w:rPr</value><value key="ParentTag">w:r</value><value key="ContentFormattingTagPairTypeKey">True</value><value key="w:color">&lt;w:color w:val=&quot;000000&quot;/&gt;</value><value key="Parent: w:color">w:r</value><value key="TextColor">000000</value><value key="w:sz">&lt;w:sz w:val=&quot;24&quot;/&gt;</value><value key="Parent: w:sz">w:r</value><value key="FontSize">12</value><value key="w:szCs">&lt;w:szCs w:val=&quot;24&quot;/&gt;</value><value key="Parent: w:szCs">w:r</value></bpt-props><ept name="cf" can-hide="true" word-end="false">&lt;/cf&gt;</ept><fmt id="4"/></tag><tag id="509"><bpt name="cf" can-hide="true" word-end="false">&lt;cf color=000000 size=12&gt;</bpt><bpt-props><value key="StartTag">w:rPr</value><value key="ParentTag">w:r</value><value key="ContentFormattingTagPairTypeKey">True</value><value key="w:color">&lt;w:color w:val=&quot;000000&quot;/&gt;</value><value key="Parent: w:color">w:r</value><value key="TextColor">000000</value><value key="w:sz">&lt;w:sz w:val=&quot;24&quot;/&gt;</value><value key="Parent: w:sz">w:r</value><value key="FontSize">12</value><value key="w:szCs">&lt;w:szCs w:val=&quot;24&quot;/&gt;</value><value key="Parent: w:szCs">w:r</value></bpt-props><ept name="cf" can-hide="true" word-end="false">&lt;/cf&gt;</ept><fmt id="4"/></tag><tag id="512"><bpt name="cf" can-hide="true" word-end="false">&lt;cf color=000000 size=12&gt;</bpt><bpt-props><value key="StartTag">w:rPr</value><value key="ParentTag">w:r</value><value key="ContentFormattingTagPairTypeKey">True</value><value key="w:color">&lt;w:color w:val=&quot;000000&quot;/&gt;</value><value key="Parent: w:color">w:r</value><value key="TextColor">000000</value><value key="w:sz">&lt;w:sz w:val=&quot;24&quot;/&gt;</value><value key="Parent: w:sz">w:r</value><value key="FontSize">12</value><value key="w:szCs">&lt;w:szCs w:val=&quot;24&quot;/&gt;</value><value key="Parent: w:szCs">w:r</value></bpt-props><ept name="cf" can-hide="true" word-end="false">&lt;/cf&gt;</ept><fmt id="4"/></tag><tag id="518"><bpt name="cf" can-hide="true" word-end="false">&lt;cf color=000000 size=12&gt;</bpt><bpt-props><value key="StartTag">w:rPr</value><value key="ParentTag">w:r</value><value key="ContentFormattingTagPairTypeKey">True</value><value key="w:color">&lt;w:color w:val=&quot;000000&quot;/&gt;</value><value key="Parent: w:color">w:r</value><value key="TextColor">000000</value><value key="w:sz">&lt;w:sz w:val=&quot;24&quot;/&gt;</value><value key="Parent: w:sz">w:r</value><value key="FontSize">12</value><value key="w:szCs">&lt;w:szCs w:val=&quot;24&quot;/&gt;</value><value key="Parent: w:szCs">w:r</value></bpt-props><ept name="cf" can-hide="true" word-end="false">&lt;/cf&gt;</ept><fmt id="4"/></tag><tag id="521"><bpt name="cf" can-hide="true" word-end="false">&lt;cf color=000000 size=12&gt;</bpt><bpt-props><value key="StartTag">w:rPr</value><value key="ParentTag">w:r</value><value key="ContentFormattingTagPairTypeKey">True</value><value key="w:color">&lt;w:color w:val=&quot;000000&quot;/&gt;</value><value key="Parent: w:color">w:r</value><value key="TextColor">000000</value><value key="w:sz">&lt;w:sz w:val=&quot;24&quot;/&gt;</value><value key="Parent: w:sz">w:r</value><value key="FontSize">12</value><value key="w:szCs">&lt;w:szCs w:val=&quot;24&quot;/&gt;</value><value key="Parent: w:szCs">w:r</value></bpt-props><ept name="cf" can-hide="true" word-end="false">&lt;/cf&gt;</ept><fmt id="4"/></tag><tag id="524"><bpt name="cf" can-hide="true" word-end="false">&lt;cf color=000000 size=12&gt;</bpt><bpt-props><value key="StartTag">w:rPr</value><value key="ParentTag">w:r</value><value key="ContentFormattingTagPairTypeKey">True</value><value key="w:color">&lt;w:color w:val=&quot;000000&quot;/&gt;</value><value key="Parent: w:color">w:r</value><value key="TextColor">000000</value><value key="w:sz">&lt;w:sz w:val=&quot;24&quot;/&gt;</value><value key="Parent: w:sz">w:r</value><value key="FontSize">12</value><value key="w:szCs">&lt;w:szCs w:val=&quot;24&quot;/&gt;</value><value key="Parent: w:szCs">w:r</value></bpt-props><ept name="cf" can-hide="true" word-end="false">&lt;/cf&gt;</ept><fmt id="4"/></tag><tag id="527"><bpt name="cf" can-hide="true" word-end="false">&lt;cf color=000000 size=12&gt;</bpt><bpt-props><value key="StartTag">w:rPr</value><value key="ParentTag">w:r</value><value key="ContentFormattingTagPairTypeKey">True</value><value key="w:color">&lt;w:color w:val=&quot;000000&quot;/&gt;</value><value key="Parent: w:color">w:r</value><value key="TextColor">000000</value><value key="w:sz">&lt;w:sz w:val=&quot;24&quot;/&gt;</value><value key="Parent: w:sz">w:r</value><value key="FontSize">12</value><value key="w:szCs">&lt;w:szCs w:val=&quot;24&quot;/&gt;</value><value key="Parent: w:szCs">w:r</value></bpt-props><ept name="cf" can-hide="true" word-end="false">&lt;/cf&gt;</ept><fmt id="4"/></tag><tag id="530"><bpt name="cf" can-hide="true" word-end="false">&lt;cf color=000000 size=12&gt;</bpt><bpt-props><value key="StartTag">w:rPr</value><value key="ParentTag">w:r</value><value key="ContentFormattingTagPairTypeKey">True</value><value key="w:color">&lt;w:color w:val=&quot;000000&quot;/&gt;</value><value key="Parent: w:color">w:r</value><value key="TextColor">000000</value><value key="w:sz">&lt;w:sz w:val=&quot;24&quot;/&gt;</value><value key="Parent: w:sz">w:r</value><value key="FontSize">12</value><value key="w:szCs">&lt;w:szCs w:val=&quot;24&quot;/&gt;</value><value key="Parent: w:szCs">w:r</value></bpt-props><ept name="cf" can-hide="true" word-end="false">&lt;/cf&gt;</ept><fmt id="4"/></tag><tag id="533"><bpt name="cf" can-hide="true" word-end="false">&lt;cf color=000000 size=12&gt;</bpt><bpt-props><value key="StartTag">w:rPr</value><value key="ParentTag">w:r</value><value key="ContentFormattingTagPairTypeKey">True</value><value key="w:color">&lt;w:color w:val=&quot;000000&quot;/&gt;</value><value key="Parent: w:color">w:r</value><value key="TextColor">000000</value><value key="w:sz">&lt;w:sz w:val=&quot;24&quot;/&gt;</value><value key="Parent: w:sz">w:r</value><value key="FontSize">12</value><value key="w:szCs">&lt;w:szCs w:val=&quot;24&quot;/&gt;</value><value key="Parent: w:szCs">w:r</value></bpt-props><ept name="cf" can-hide="true" word-end="false">&lt;/cf&gt;</ept><fmt id="4"/></tag><tag id="536"><bpt name="cf" can-hide="true" word-end="false">&lt;cf color=000000 size=12&gt;</bpt><bpt-props><value key="StartTag">w:rPr</value><value key="ParentTag">w:r</value><value key="ContentFormattingTagPairTypeKey">True</value><value key="w:color">&lt;w:color w:val=&quot;000000&quot;/&gt;</value><value key="Parent: w:color">w:r</value><value key="TextColor">000000</value><value key="w:sz">&lt;w:sz w:val=&quot;24&quot;/&gt;</value><value key="Parent: w:sz">w:r</value><value key="FontSize">12</value><value key="w:szCs">&lt;w:szCs w:val=&quot;24&quot;/&gt;</value><value key="Parent: w:szCs">w:r</value></bpt-props><ept name="cf" can-hide="true" word-end="false">&lt;/cf&gt;</ept><fmt id="4"/></tag><tag id="539"><bpt name="cf" can-hide="true" word-end="false">&lt;cf color=000000 size=12&gt;</bpt><bpt-props><value key="StartTag">w:rPr</value><value key="ParentTag">w:r</value><value key="ContentFormattingTagPairTypeKey">True</value><value key="w:color">&lt;w:color w:val=&quot;000000&quot;/&gt;</value><value key="Parent: w:color">w:r</value><value key="TextColor">000000</value><value key="w:sz">&lt;w:sz w:val=&quot;24&quot;/&gt;</value><value key="Parent: w:sz">w:r</value><value key="FontSize">12</value><value key="w:szCs">&lt;w:szCs w:val=&quot;24&quot;/&gt;</value><value key="Parent: w:szCs">w:r</value></bpt-props><ept name="cf" can-hide="true" word-end="false">&lt;/cf&gt;</ept><fmt id="4"/></tag><tag id="548"><bpt name="cf" can-hide="true" word-end="false">&lt;cf color=000000 size=12&gt;</bpt><bpt-props><value key="StartTag">w:rPr</value><value key="ParentTag">w:r</value><value key="ContentFormattingTagPairTypeKey">True</value><value key="w:color">&lt;w:color w:val=&quot;000000&quot;/&gt;</value><value key="Parent: w:color">w:r</value><value key="TextColor">000000</value><value key="w:sz">&lt;w:sz w:val=&quot;24&quot;/&gt;</value><value key="Parent: w:sz">w:r</value><value key="FontSize">12</value><value key="w:szCs">&lt;w:szCs w:val=&quot;24&quot;/&gt;</value><value key="Parent: w:szCs">w:r</value></bpt-props><ept name="cf" can-hide="true" word-end="false">&lt;/cf&gt;</ept><fmt id="4"/></tag><tag id="551"><bpt name="cf" can-hide="true" word-end="false">&lt;cf color=000000 size=12&gt;</bpt><bpt-props><value key="StartTag">w:rPr</value><value key="ParentTag">w:r</value><value key="ContentFormattingTagPairTypeKey">True</value><value key="w:color">&lt;w:color w:val=&quot;000000&quot;/&gt;</value><value key="Parent: w:color">w:r</value><value key="TextColor">000000</value><value key="w:sz">&lt;w:sz w:val=&quot;24&quot;/&gt;</value><value key="Parent: w:sz">w:r</value><value key="FontSize">12</value><value key="w:szCs">&lt;w:szCs w:val=&quot;24&quot;/&gt;</value><value key="Parent: w:szCs">w:r</value></bpt-props><ept name="cf" can-hide="true" word-end="false">&lt;/cf&gt;</ept><fmt id="4"/></tag><tag id="554"><bpt name="cf" can-hide="true" word-end="false">&lt;cf color=000000 size=12&gt;</bpt><bpt-props><value key="StartTag">w:rPr</value><value key="ParentTag">w:r</value><value key="ContentFormattingTagPairTypeKey">True</value><value key="w:color">&lt;w:color w:val=&quot;000000&quot;/&gt;</value><value key="Parent: w:color">w:r</value><value key="TextColor">000000</value><value key="w:sz">&lt;w:sz w:val=&quot;24&quot;/&gt;</value><value key="Parent: w:sz">w:r</value><value key="FontSize">12</value><value key="w:szCs">&lt;w:szCs w:val=&quot;24&quot;/&gt;</value><value key="Parent: w:szCs">w:r</value></bpt-props><ept name="cf" can-hide="true" word-end="false">&lt;/cf&gt;</ept><fmt id="4"/></tag><tag id="557"><bpt name="cf" can-hide="true" word-end="false">&lt;cf color=000000 size=12&gt;</bpt><bpt-props><value key="StartTag">w:rPr</value><value key="ParentTag">w:r</value><value key="ContentFormattingTagPairTypeKey">True</value><value key="w:color">&lt;w:color w:val=&quot;000000&quot;/&gt;</value><value key="Parent: w:color">w:r</value><value key="TextColor">000000</value><value key="w:sz">&lt;w:sz w:val=&quot;24&quot;/&gt;</value><value key="Parent: w:sz">w:r</value><value key="FontSize">12</value><value key="w:szCs">&lt;w:szCs w:val=&quot;24&quot;/&gt;</value><value key="Parent: w:szCs">w:r</value></bpt-props><ept name="cf" can-hide="true" word-end="false">&lt;/cf&gt;</ept><fmt id="4"/></tag><tag id="566"><bpt name="cf" can-hide="true" word-end="false">&lt;cf color=000000 size=12&gt;</bpt><bpt-props><value key="StartTag">w:rPr</value><value key="ParentTag">w:r</value><value key="ContentFormattingTagPairTypeKey">True</value><value key="w:color">&lt;w:color w:val=&quot;000000&quot;/&gt;</value><value key="Parent: w:color">w:r</value><value key="TextColor">000000</value><value key="w:sz">&lt;w:sz w:val=&quot;24&quot;/&gt;</value><value key="Parent: w:sz">w:r</value><value key="FontSize">12</value><value key="w:szCs">&lt;w:szCs w:val=&quot;24&quot;/&gt;</value><value key="Parent: w:szCs">w:r</value></bpt-props><ept name="cf" can-hide="true" word-end="false">&lt;/cf&gt;</ept><fmt id="4"/></tag><tag id="569"><bpt name="cf" can-hide="true" word-end="false">&lt;cf color=000000 size=12&gt;</bpt><bpt-props><value key="StartTag">w:rPr</value><value key="ParentTag">w:r</value><value key="ContentFormattingTagPairTypeKey">True</value><value key="w:color">&lt;w:color w:val=&quot;000000&quot;/&gt;</value><value key="Parent: w:color">w:r</value><value key="TextColor">000000</value><value key="w:sz">&lt;w:sz w:val=&quot;24&quot;/&gt;</value><value key="Parent: w:sz">w:r</value><value key="FontSize">12</value><value key="w:szCs">&lt;w:szCs w:val=&quot;24&quot;/&gt;</value><value key="Parent: w:szCs">w:r</value></bpt-props><ept name="cf" can-hide="true" word-end="false">&lt;/cf&gt;</ept><fmt id="4"/></tag><tag id="572"><bpt name="cf" can-hide="true" word-end="false">&lt;cf color=000000 size=12&gt;</bpt><bpt-props><value key="StartTag">w:rPr</value><value key="ParentTag">w:r</value><value key="ContentFormattingTagPairTypeKey">True</value><value key="w:color">&lt;w:color w:val=&quot;000000&quot;/&gt;</value><value key="Parent: w:color">w:r</value><value key="TextColor">000000</value><value key="w:sz">&lt;w:sz w:val=&quot;24&quot;/&gt;</value><value key="Parent: w:sz">w:r</value><value key="FontSize">12</value><value key="w:szCs">&lt;w:szCs w:val=&quot;24&quot;/&gt;</value><value key="Parent: w:szCs">w:r</value></bpt-props><ept name="cf" can-hide="true" word-end="false">&lt;/cf&gt;</ept><fmt id="4"/></tag><tag id="575"><bpt name="cf" can-hide="true" word-end="false">&lt;cf color=000000 size=12&gt;</bpt><bpt-props><value key="StartTag">w:rPr</value><value key="ParentTag">w:r</value><value key="ContentFormattingTagPairTypeKey">True</value><value key="w:color">&lt;w:color w:val=&quot;000000&quot;/&gt;</value><value key="Parent: w:color">w:r</value><value key="TextColor">000000</value><value key="w:sz">&lt;w:sz w:val=&quot;24&quot;/&gt;</value><value key="Parent: w:sz">w:r</value><value key="FontSize">12</value><value key="w:szCs">&lt;w:szCs w:val=&quot;24&quot;/&gt;</value><value key="Parent: w:szCs">w:r</value></bpt-props><ept name="cf" can-hide="true" word-end="false">&lt;/cf&gt;</ept><fmt id="4"/></tag><tag id="578"><bpt name="cf" can-hide="true" word-end="false">&lt;cf color=000000 size=12&gt;</bpt><bpt-props><value key="StartTag">w:rPr</value><value key="ParentTag">w:r</value><value key="ContentFormattingTagPairTypeKey">True</value><value key="w:color">&lt;w:color w:val=&quot;000000&quot;/&gt;</value><value key="Parent: w:color">w:r</value><value key="TextColor">000000</value><value key="w:sz">&lt;w:sz w:val=&quot;24&quot;/&gt;</value><value key="Parent: w:sz">w:r</value><value key="FontSize">12</value><value key="w:szCs">&lt;w:szCs w:val=&quot;24&quot;/&gt;</value><value key="Parent: w:szCs">w:r</value></bpt-props><ept name="cf" can-hide="true" word-end="false">&lt;/cf&gt;</ept><fmt id="4"/></tag><tag id="581"><bpt name="cf" can-hide="true" word-end="false">&lt;cf color=000000 size=12&gt;</bpt><bpt-props><value key="StartTag">w:rPr</value><value key="ParentTag">w:r</value><value key="ContentFormattingTagPairTypeKey">True</value><value key="w:color">&lt;w:color w:val=&quot;000000&quot;/&gt;</value><value key="Parent: w:color">w:r</value><value key="TextColor">000000</value><value key="w:sz">&lt;w:sz w:val=&quot;24&quot;/&gt;</value><value key="Parent: w:sz">w:r</value><value key="FontSize">12</value><value key="w:szCs">&lt;w:szCs w:val=&quot;24&quot;/&gt;</value><value key="Parent: w:szCs">w:r</value></bpt-props><ept name="cf" can-hide="true" word-end="false">&lt;/cf&gt;</ept><fmt id="4"/></tag><tag id="584"><bpt name="cf" can-hide="true" word-end="false">&lt;cf color=000000 size=12&gt;</bpt><bpt-props><value key="StartTag">w:rPr</value><value key="ParentTag">w:r</value><value key="ContentFormattingTagPairTypeKey">True</value><value key="w:color">&lt;w:color w:val=&quot;000000&quot;/&gt;</value><value key="Parent: w:color">w:r</value><value key="TextColor">000000</value><value key="w:sz">&lt;w:sz w:val=&quot;24&quot;/&gt;</value><value key="Parent: w:sz">w:r</value><value key="FontSize">12</value><value key="w:szCs">&lt;w:szCs w:val=&quot;24&quot;/&gt;</value><value key="Parent: w:szCs">w:r</value></bpt-props><ept name="cf" can-hide="true" word-end="false">&lt;/cf&gt;</ept><fmt id="4"/></tag><tag id="599"><bpt name="cf" can-hide="true" word-end="false">&lt;cf color=000000 size=12&gt;</bpt><bpt-props><value key="StartTag">w:rPr</value><value key="ParentTag">w:r</value><value key="ContentFormattingTagPairTypeKey">True</value><value key="w:color">&lt;w:color w:val=&quot;000000&quot;/&gt;</value><value key="Parent: w:color">w:r</value><value key="TextColor">000000</value><value key="w:sz">&lt;w:sz w:val=&quot;24&quot;/&gt;</value><value key="Parent: w:sz">w:r</value><value key="FontSize">12</value><value key="w:szCs">&lt;w:szCs w:val=&quot;24&quot;/&gt;</value><value key="Parent: w:szCs">w:r</value></bpt-props><ept name="cf" can-hide="true" word-end="false">&lt;/cf&gt;</ept><fmt id="4"/></tag><tag id="602"><bpt name="cf" can-hide="true" word-end="false">&lt;cf color=000000 size=12&gt;</bpt><bpt-props><value key="StartTag">w:rPr</value><value key="ParentTag">w:r</value><value key="ContentFormattingTagPairTypeKey">True</value><value key="w:color">&lt;w:color w:val=&quot;000000&quot;/&gt;</value><value key="Parent: w:color">w:r</value><value key="TextColor">000000</value><value key="w:sz">&lt;w:sz w:val=&quot;24&quot;/&gt;</value><value key="Parent: w:sz">w:r</value><value key="FontSize">12</value><value key="w:szCs">&lt;w:szCs w:val=&quot;24&quot;/&gt;</value><value key="Parent: w:szCs">w:r</value></bpt-props><ept name="cf" can-hide="true" word-end="false">&lt;/cf&gt;</ept><fmt id="4"/></tag><tag id="605"><bpt name="cf" can-hide="true" word-end="false">&lt;cf color=000000 size=12&gt;</bpt><bpt-props><value key="StartTag">w:rPr</value><value key="ParentTag">w:r</value><value key="ContentFormattingTagPairTypeKey">True</value><value key="w:color">&lt;w:color w:val=&quot;000000&quot;/&gt;</value><value key="Parent: w:color">w:r</value><value key="TextColor">000000</value><value key="w:sz">&lt;w:sz w:val=&quot;24&quot;/&gt;</value><value key="Parent: w:sz">w:r</value><value key="FontSize">12</value><value key="w:szCs">&lt;w:szCs w:val=&quot;24&quot;/&gt;</value><value key="Parent: w:szCs">w:r</value></bpt-props><ept name="cf" can-hide="true" word-end="false">&lt;/cf&gt;</ept><fmt id="4"/></tag><tag id="608"><bpt name="cf" can-hide="true" word-end="false">&lt;cf color=000000 size=12&gt;</bpt><bpt-props><value key="StartTag">w:rPr</value><value key="ParentTag">w:r</value><value key="ContentFormattingTagPairTypeKey">True</value><value key="w:color">&lt;w:color w:val=&quot;000000&quot;/&gt;</value><value key="Parent: w:color">w:r</value><value key="TextColor">000000</value><value key="w:sz">&lt;w:sz w:val=&quot;24&quot;/&gt;</value><value key="Parent: w:sz">w:r</value><value key="FontSize">12</value><value key="w:szCs">&lt;w:szCs w:val=&quot;24&quot;/&gt;</value><value key="Parent: w:szCs">w:r</value></bpt-props><ept name="cf" can-hide="true" word-end="false">&lt;/cf&gt;</ept><fmt id="4"/></tag><tag id="611"><bpt name="cf" can-hide="true" word-end="false">&lt;cf color=000000 size=12&gt;</bpt><bpt-props><value key="StartTag">w:rPr</value><value key="ParentTag">w:r</value><value key="ContentFormattingTagPairTypeKey">True</value><value key="w:color">&lt;w:color w:val=&quot;000000&quot;/&gt;</value><value key="Parent: w:color">w:r</value><value key="TextColor">000000</value><value key="w:sz">&lt;w:sz w:val=&quot;24&quot;/&gt;</value><value key="Parent: w:sz">w:r</value><value key="FontSize">12</value><value key="w:szCs">&lt;w:szCs w:val=&quot;24&quot;/&gt;</value><value key="Parent: w:szCs">w:r</value></bpt-props><ept name="cf" can-hide="true" word-end="false">&lt;/cf&gt;</ept><fmt id="4"/></tag><tag id="614"><bpt name="cf" can-hide="true" word-end="false">&lt;cf color=000000 size=12&gt;</bpt><bpt-props><value key="StartTag">w:rPr</value><value key="ParentTag">w:r</value><value key="ContentFormattingTagPairTypeKey">True</value><value key="w:color">&lt;w:color w:val=&quot;000000&quot;/&gt;</value><value key="Parent: w:color">w:r</value><value key="TextColor">000000</value><value key="w:sz">&lt;w:sz w:val=&quot;24&quot;/&gt;</value><value key="Parent: w:sz">w:r</value><value key="FontSize">12</value><value key="w:szCs">&lt;w:szCs w:val=&quot;24&quot;/&gt;</value><value key="Parent: w:szCs">w:r</value></bpt-props><ept name="cf" can-hide="true" word-end="false">&lt;/cf&gt;</ept><fmt id="4"/></tag><tag id="629"><bpt name="cf" can-hide="true" word-end="false">&lt;cf color=000000 size=12&gt;</bpt><bpt-props><value key="StartTag">w:rPr</value><value key="ParentTag">w:r</value><value key="ContentFormattingTagPairTypeKey">True</value><value key="w:color">&lt;w:color w:val=&quot;000000&quot;/&gt;</value><value key="Parent: w:color">w:r</value><value key="TextColor">000000</value><value key="w:sz">&lt;w:sz w:val=&quot;24&quot;/&gt;</value><value key="Parent: w:sz">w:r</value><value key="FontSize">12</value><value key="w:szCs">&lt;w:szCs w:val=&quot;24&quot;/&gt;</value><value key="Parent: w:szCs">w:r</value></bpt-props><ept name="cf" can-hide="true" word-end="false">&lt;/cf&gt;</ept><fmt id="4"/></tag><tag id="632"><bpt name="cf" can-hide="true" word-end="false">&lt;cf color=000000 size=12&gt;</bpt><bpt-props><value key="StartTag">w:rPr</value><value key="ParentTag">w:r</value><value key="ContentFormattingTagPairTypeKey">True</value><value key="w:color">&lt;w:color w:val=&quot;000000&quot;/&gt;</value><value key="Parent: w:color">w:r</value><value key="TextColor">000000</value><value key="w:sz">&lt;w:sz w:val=&quot;24&quot;/&gt;</value><value key="Parent: w:sz">w:r</value><value key="FontSize">12</value><value key="w:szCs">&lt;w:szCs w:val=&quot;24&quot;/&gt;</value><value key="Parent: w:szCs">w:r</value></bpt-props><ept name="cf" can-hide="true" word-end="false">&lt;/cf&gt;</ept><fmt id="4"/></tag><tag id="638"><bpt name="cf" can-hide="true" word-end="false">&lt;cf subscript=True&gt;</bpt><bpt-props><value key="StartTag">w:rPr</value><value key="ParentTag">w:r</value><value key="ContentFormattingTagPairTypeKey">True</value><value key="Parent: w:color">w:r</value><value key="Parent: w:sz">w:r</value><value key="Parent: w:szCs">w:r</value><value key="w:vertAlign">&lt;w:vertAlign w:val=&quot;subscript&quot;/&gt;</value><value key="Parent: w:vertAlign">w:r</value><value key="TextPosition">Subscript</value></bpt-props><ept name="cf" can-hide="true" word-end="false">&lt;/cf&gt;</ept><fmt id="10"/></tag><tag id="635"><bpt name="cf" can-hide="true" word-end="false">&lt;cf color=000000 size=12&gt;</bpt><bpt-props><value key="StartTag">w:rPr</value><value key="ParentTag">w:r</value><value key="ContentFormattingTagPairTypeKey">True</value><value key="w:color">&lt;w:color w:val=&quot;000000&quot;/&gt;</value><value key="Parent: w:color">w:r</value><value key="TextColor">000000</value><value key="w:sz">&lt;w:sz w:val=&quot;24&quot;/&gt;</value><value key="Parent: w:sz">w:r</value><value key="FontSize">12</value><value key="w:szCs">&lt;w:szCs w:val=&quot;24&quot;/&gt;</value><value key="Parent: w:szCs">w:r</value></bpt-props><ept name="cf" can-hide="true" word-end="false">&lt;/cf&gt;</ept><fmt id="4"/></tag><tag id="644"><bpt name="cf" can-hide="true" word-end="false">&lt;cf color=000000 size=12&gt;</bpt><bpt-props><value key="StartTag">w:rPr</value><value key="ParentTag">w:r</value><value key="ContentFormattingTagPairTypeKey">True</value><value key="w:color">&lt;w:color w:val=&quot;000000&quot;/&gt;</value><value key="Parent: w:color">w:r</value><value key="TextColor">000000</value><value key="w:sz">&lt;w:sz w:val=&quot;24&quot;/&gt;</value><value key="Parent: w:sz">w:r</value><value key="FontSize">12</value><value key="w:szCs">&lt;w:szCs w:val=&quot;24&quot;/&gt;</value><value key="Parent: w:szCs">w:r</value></bpt-props><ept name="cf" can-hide="true" word-end="false">&lt;/cf&gt;</ept><fmt id="4"/></tag><tag id="647"><bpt name="cf" can-hide="true" word-end="false">&lt;cf color=000000 size=12&gt;</bpt><bpt-props><value key="StartTag">w:rPr</value><value key="ParentTag">w:r</value><value key="ContentFormattingTagPairTypeKey">True</value><value key="w:color">&lt;w:color w:val=&quot;000000&quot;/&gt;</value><value key="Parent: w:color">w:r</value><value key="TextColor">000000</value><value key="w:sz">&lt;w:sz w:val=&quot;24&quot;/&gt;</value><value key="Parent: w:sz">w:r</value><value key="FontSize">12</value><value key="w:szCs">&lt;w:szCs w:val=&quot;24&quot;/&gt;</value><value key="Parent: w:szCs">w:r</value></bpt-props><ept name="cf" can-hide="true" word-end="false">&lt;/cf&gt;</ept><fmt id="4"/></tag><tag id="650"><bpt name="cf" can-hide="true" word-end="false">&lt;cf color=000000 size=12&gt;</bpt><bpt-props><value key="StartTag">w:rPr</value><value key="ParentTag">w:r</value><value key="ContentFormattingTagPairTypeKey">True</value><value key="w:color">&lt;w:color w:val=&quot;000000&quot;/&gt;</value><value key="Parent: w:color">w:r</value><value key="TextColor">000000</value><value key="w:sz">&lt;w:sz w:val=&quot;24&quot;/&gt;</value><value key="Parent: w:sz">w:r</value><value key="FontSize">12</value><value key="w:szCs">&lt;w:szCs w:val=&quot;24&quot;/&gt;</value><value key="Parent: w:szCs">w:r</value></bpt-props><ept name="cf" can-hide="true" word-end="false">&lt;/cf&gt;</ept><fmt id="4"/></tag><tag id="662"><bpt name="cf" can-hide="true" word-end="false">&lt;cf color=000000 size=12&gt;</bpt><bpt-props><value key="StartTag">w:rPr</value><value key="ParentTag">w:r</value><value key="ContentFormattingTagPairTypeKey">True</value><value key="w:color">&lt;w:color w:val=&quot;000000&quot;/&gt;</value><value key="Parent: w:color">w:r</value><value key="TextColor">000000</value><value key="w:sz">&lt;w:sz w:val=&quot;24&quot;/&gt;</value><value key="Parent: w:sz">w:r</value><value key="FontSize">12</value><value key="w:szCs">&lt;w:szCs w:val=&quot;24&quot;/&gt;</value><value key="Parent: w:szCs">w:r</value></bpt-props><ept name="cf" can-hide="true" word-end="false">&lt;/cf&gt;</ept><fmt id="4"/></tag><tag id="665"><bpt name="cf" can-hide="true" word-end="false">&lt;cf color=000000 size=12&gt;</bpt><bpt-props><value key="StartTag">w:rPr</value><value key="ParentTag">w:r</value><value key="ContentFormattingTagPairTypeKey">True</value><value key="w:color">&lt;w:color w:val=&quot;000000&quot;/&gt;</value><value key="Parent: w:color">w:r</value><value key="TextColor">000000</value><value key="w:sz">&lt;w:sz w:val=&quot;24&quot;/&gt;</value><value key="Parent: w:sz">w:r</value><value key="FontSize">12</value><value key="w:szCs">&lt;w:szCs w:val=&quot;24&quot;/&gt;</value><value key="Parent: w:szCs">w:r</value></bpt-props><ept name="cf" can-hide="true" word-end="false">&lt;/cf&gt;</ept><fmt id="4"/></tag><tag id="671"><bpt name="cf" can-hide="true" word-end="false">&lt;cf superscript=True&gt;</bpt><bpt-props><value key="StartTag">w:rPr</value><value key="ParentTag">w:r</value><value key="ContentFormattingTagPairTypeKey">True</value><value key="Parent: w:color">w:r</value><value key="Parent: w:sz">w:r</value><value key="Parent: w:szCs">w:r</value><value key="w:vertAlign">&lt;w:vertAlign w:val=&quot;superscript&quot;/&gt;</value><value key="Parent: w:vertAlign">w:r</value><value key="TextPosition">Superscript</value></bpt-props><ept name="cf" can-hide="true" word-end="false">&lt;/cf&gt;</ept><fmt id="8"/></tag><tag id="677"><bpt name="cf" can-hide="true" word-end="false">&lt;cf superscript=True&gt;</bpt><bpt-props><value key="StartTag">w:rPr</value><value key="ParentTag">w:r</value><value key="ContentFormattingTagPairTypeKey">True</value><value key="Parent: w:color">w:r</value><value key="Parent: w:sz">w:r</value><value key="Parent: w:szCs">w:r</value><value key="w:vertAlign">&lt;w:vertAlign w:val=&quot;superscript&quot;/&gt;</value><value key="Parent: w:vertAlign">w:r</value><value key="TextPosition">Superscript</value></bpt-props><ept name="cf" can-hide="true" word-end="false">&lt;/cf&gt;</ept><fmt id="8"/></tag><tag id="668"><bpt name="cf" can-hide="true" word-end="false">&lt;cf color=000000 size=12&gt;</bpt><bpt-props><value key="StartTag">w:rPr</value><value key="ParentTag">w:r</value><value key="ContentFormattingTagPairTypeKey">True</value><value key="w:color">&lt;w:color w:val=&quot;000000&quot;/&gt;</value><value key="Parent: w:color">w:r</value><value key="TextColor">000000</value><value key="w:sz">&lt;w:sz w:val=&quot;24&quot;/&gt;</value><value key="Parent: w:sz">w:r</value><value key="FontSize">12</value><value key="w:szCs">&lt;w:szCs w:val=&quot;24&quot;/&gt;</value><value key="Parent: w:szCs">w:r</value></bpt-props><ept name="cf" can-hide="true" word-end="false">&lt;/cf&gt;</ept><fmt id="4"/></tag><tag id="683"><bpt name="cf" can-hide="true" word-end="false">&lt;cf color=000000 size=12&gt;</bpt><bpt-props><value key="StartTag">w:rPr</value><value key="ParentTag">w:r</value><value key="ContentFormattingTagPairTypeKey">True</value><value key="w:color">&lt;w:color w:val=&quot;000000&quot;/&gt;</value><value key="Parent: w:color">w:r</value><value key="TextColor">000000</value><value key="w:sz">&lt;w:sz w:val=&quot;24&quot;/&gt;</value><value key="Parent: w:sz">w:r</value><value key="FontSize">12</value><value key="w:szCs">&lt;w:szCs w:val=&quot;24&quot;/&gt;</value><value key="Parent: w:szCs">w:r</value></bpt-props><ept name="cf" can-hide="true" word-end="false">&lt;/cf&gt;</ept><fmt id="4"/></tag><tag id="695"><bpt name="cf" can-hide="true" word-end="false">&lt;cf color=000000 size=12&gt;</bpt><bpt-props><value key="StartTag">w:rPr</value><value key="ParentTag">w:r</value><value key="ContentFormattingTagPairTypeKey">True</value><value key="w:color">&lt;w:color w:val=&quot;000000&quot;/&gt;</value><value key="Parent: w:color">w:r</value><value key="TextColor">000000</value><value key="w:sz">&lt;w:sz w:val=&quot;24&quot;/&gt;</value><value key="Parent: w:sz">w:r</value><value key="FontSize">12</value><value key="w:szCs">&lt;w:szCs w:val=&quot;24&quot;/&gt;</value><value key="Parent: w:szCs">w:r</value></bpt-props><ept name="cf" can-hide="true" word-end="false">&lt;/cf&gt;</ept><fmt id="4"/></tag><tag id="698"><bpt name="cf" can-hide="true" word-end="false">&lt;cf color=000000 size=12&gt;</bpt><bpt-props><value key="StartTag">w:rPr</value><value key="ParentTag">w:r</value><value key="ContentFormattingTagPairTypeKey">True</value><value key="w:color">&lt;w:color w:val=&quot;000000&quot;/&gt;</value><value key="Parent: w:color">w:r</value><value key="TextColor">000000</value><value key="w:sz">&lt;w:sz w:val=&quot;24&quot;/&gt;</value><value key="Parent: w:sz">w:r</value><value key="FontSize">12</value><value key="w:szCs">&lt;w:szCs w:val=&quot;24&quot;/&gt;</value><value key="Parent: w:szCs">w:r</value></bpt-props><ept name="cf" can-hide="true" word-end="false">&lt;/cf&gt;</ept><fmt id="4"/></tag><tag id="701"><bpt name="cf" can-hide="true" word-end="false">&lt;cf color=000000 size=12&gt;</bpt><bpt-props><value key="StartTag">w:rPr</value><value key="ParentTag">w:r</value><value key="ContentFormattingTagPairTypeKey">True</value><value key="w:color">&lt;w:color w:val=&quot;000000&quot;/&gt;</value><value key="Parent: w:color">w:r</value><value key="TextColor">000000</value><value key="w:sz">&lt;w:sz w:val=&quot;24&quot;/&gt;</value><value key="Parent: w:sz">w:r</value><value key="FontSize">12</value><value key="w:szCs">&lt;w:szCs w:val=&quot;24&quot;/&gt;</value><value key="Parent: w:szCs">w:r</value></bpt-props><ept name="cf" can-hide="true" word-end="false">&lt;/cf&gt;</ept><fmt id="4"/></tag><tag id="704"><bpt name="cf" can-hide="true" word-end="false">&lt;cf color=000000 size=12&gt;</bpt><bpt-props><value key="StartTag">w:rPr</value><value key="ParentTag">w:r</value><value key="ContentFormattingTagPairTypeKey">True</value><value key="w:color">&lt;w:color w:val=&quot;000000&quot;/&gt;</value><value key="Parent: w:color">w:r</value><value key="TextColor">000000</value><value key="w:sz">&lt;w:sz w:val=&quot;24&quot;/&gt;</value><value key="Parent: w:sz">w:r</value><value key="FontSize">12</value><value key="w:szCs">&lt;w:szCs w:val=&quot;24&quot;/&gt;</value><value key="Parent: w:szCs">w:r</value></bpt-props><ept name="cf" can-hide="true" word-end="false">&lt;/cf&gt;</ept><fmt id="4"/></tag><tag id="707"><bpt name="cf" can-hide="true" word-end="false">&lt;cf color=000000 size=12&gt;</bpt><bpt-props><value key="StartTag">w:rPr</value><value key="ParentTag">w:r</value><value key="ContentFormattingTagPairTypeKey">True</value><value key="w:color">&lt;w:color w:val=&quot;000000&quot;/&gt;</value><value key="Parent: w:color">w:r</value><value key="TextColor">000000</value><value key="w:sz">&lt;w:sz w:val=&quot;24&quot;/&gt;</value><value key="Parent: w:sz">w:r</value><value key="FontSize">12</value><value key="w:szCs">&lt;w:szCs w:val=&quot;24&quot;/&gt;</value><value key="Parent: w:szCs">w:r</value></bpt-props><ept name="cf" can-hide="true" word-end="false">&lt;/cf&gt;</ept><fmt id="4"/></tag><tag id="716"><bpt name="cf" can-hide="true" word-end="false">&lt;cf color=000000 size=12&gt;</bpt><bpt-props><value key="StartTag">w:rPr</value><value key="ParentTag">w:r</value><value key="ContentFormattingTagPairTypeKey">True</value><value key="w:color">&lt;w:color w:val=&quot;000000&quot;/&gt;</value><value key="Parent: w:color">w:r</value><value key="TextColor">000000</value><value key="w:sz">&lt;w:sz w:val=&quot;24&quot;/&gt;</value><value key="Parent: w:sz">w:r</value><value key="FontSize">12</value><value key="w:szCs">&lt;w:szCs w:val=&quot;24&quot;/&gt;</value><value key="Parent: w:szCs">w:r</value></bpt-props><ept name="cf" can-hide="true" word-end="false">&lt;/cf&gt;</ept><fmt id="4"/></tag><tag id="719"><bpt name="cf" can-hide="true" word-end="false">&lt;cf color=000000 size=12&gt;</bpt><bpt-props><value key="StartTag">w:rPr</value><value key="ParentTag">w:r</value><value key="ContentFormattingTagPairTypeKey">True</value><value key="w:color">&lt;w:color w:val=&quot;000000&quot;/&gt;</value><value key="Parent: w:color">w:r</value><value key="TextColor">000000</value><value key="w:sz">&lt;w:sz w:val=&quot;24&quot;/&gt;</value><value key="Parent: w:sz">w:r</value><value key="FontSize">12</value><value key="w:szCs">&lt;w:szCs w:val=&quot;24&quot;/&gt;</value><value key="Parent: w:szCs">w:r</value></bpt-props><ept name="cf" can-hide="true" word-end="false">&lt;/cf&gt;</ept><fmt id="4"/></tag><tag id="722"><bpt name="cf" can-hide="true" word-end="false">&lt;cf color=000000 size=12&gt;</bpt><bpt-props><value key="StartTag">w:rPr</value><value key="ParentTag">w:r</value><value key="ContentFormattingTagPairTypeKey">True</value><value key="w:color">&lt;w:color w:val=&quot;000000&quot;/&gt;</value><value key="Parent: w:color">w:r</value><value key="TextColor">000000</value><value key="w:sz">&lt;w:sz w:val=&quot;24&quot;/&gt;</value><value key="Parent: w:sz">w:r</value><value key="FontSize">12</value><value key="w:szCs">&lt;w:szCs w:val=&quot;24&quot;/&gt;</value><value key="Parent: w:szCs">w:r</value></bpt-props><ept name="cf" can-hide="true" word-end="false">&lt;/cf&gt;</ept><fmt id="4"/></tag><tag id="725"><bpt name="cf" can-hide="true" word-end="false">&lt;cf color=000000 size=12&gt;</bpt><bpt-props><value key="StartTag">w:rPr</value><value key="ParentTag">w:r</value><value key="ContentFormattingTagPairTypeKey">True</value><value key="w:color">&lt;w:color w:val=&quot;000000&quot;/&gt;</value><value key="Parent: w:color">w:r</value><value key="TextColor">000000</value><value key="w:sz">&lt;w:sz w:val=&quot;24&quot;/&gt;</value><value key="Parent: w:sz">w:r</value><value key="FontSize">12</value><value key="w:szCs">&lt;w:szCs w:val=&quot;24&quot;/&gt;</value><value key="Parent: w:szCs">w:r</value></bpt-props><ept name="cf" can-hide="true" word-end="false">&lt;/cf&gt;</ept><fmt id="4"/></tag><tag id="731"><bpt name="cf" can-hide="true" word-end="false">&lt;cf color=000000 size=12&gt;</bpt><bpt-props><value key="StartTag">w:rPr</value><value key="ParentTag">w:r</value><value key="ContentFormattingTagPairTypeKey">True</value><value key="w:color">&lt;w:color w:val=&quot;000000&quot;/&gt;</value><value key="Parent: w:color">w:r</value><value key="TextColor">000000</value><value key="w:sz">&lt;w:sz w:val=&quot;24&quot;/&gt;</value><value key="Parent: w:sz">w:r</value><value key="FontSize">12</value><value key="w:szCs">&lt;w:szCs w:val=&quot;24&quot;/&gt;</value><value key="Parent: w:szCs">w:r</value></bpt-props><ept name="cf" can-hide="true" word-end="false">&lt;/cf&gt;</ept><fmt id="4"/></tag><tag id="734"><bpt name="cf" can-hide="true" word-end="false">&lt;cf color=000000 size=12&gt;</bpt><bpt-props><value key="StartTag">w:rPr</value><value key="ParentTag">w:r</value><value key="ContentFormattingTagPairTypeKey">True</value><value key="w:color">&lt;w:color w:val=&quot;000000&quot;/&gt;</value><value key="Parent: w:color">w:r</value><value key="TextColor">000000</value><value key="w:sz">&lt;w:sz w:val=&quot;24&quot;/&gt;</value><value key="Parent: w:sz">w:r</value><value key="FontSize">12</value><value key="w:szCs">&lt;w:szCs w:val=&quot;24&quot;/&gt;</value><value key="Parent: w:szCs">w:r</value></bpt-props><ept name="cf" can-hide="true" word-end="false">&lt;/cf&gt;</ept><fmt id="4"/></tag><tag id="740"><bpt name="cf" can-hide="true" word-end="false">&lt;cf underline=single&gt;</bpt><bpt-props><value key="StartTag">w:rPr</value><value key="ParentTag">w:r</value><value key="ContentFormattingTagPairTypeKey">True</value><value key="Parent: w:color">w:r</value><value key="Parent: w:sz">w:r</value><value key="Parent: w:szCs">w:r</value><value key="w:u">&lt;w:u w:val=&quot;single&quot;/&gt;</value><value key="Parent: w:u">w:r</value><value key="Underline">single</value></bpt-props><ept name="cf" can-hide="true" word-end="false">&lt;/cf&gt;</ept><fmt id="11"/></tag><tag id="737"><bpt name="cf" can-hide="true" word-end="false">&lt;cf color=000000 size=12&gt;</bpt><bpt-props><value key="StartTag">w:rPr</value><value key="ParentTag">w:r</value><value key="ContentFormattingTagPairTypeKey">True</value><value key="w:color">&lt;w:color w:val=&quot;000000&quot;/&gt;</value><value key="Parent: w:color">w:r</value><value key="TextColor">000000</value><value key="w:sz">&lt;w:sz w:val=&quot;24&quot;/&gt;</value><value key="Parent: w:sz">w:r</value><value key="FontSize">12</value><value key="w:szCs">&lt;w:szCs w:val=&quot;24&quot;/&gt;</value><value key="Parent: w:szCs">w:r</value></bpt-props><ept name="cf" can-hide="true" word-end="false">&lt;/cf&gt;</ept><fmt id="4"/></tag><tag id="746"><bpt name="cf" can-hide="true" word-end="false">&lt;cf color=000000 size=12&gt;</bpt><bpt-props><value key="StartTag">w:rPr</value><value key="ParentTag">w:r</value><value key="ContentFormattingTagPairTypeKey">True</value><value key="w:color">&lt;w:color w:val=&quot;000000&quot;/&gt;</value><value key="Parent: w:color">w:r</value><value key="TextColor">000000</value><value key="w:sz">&lt;w:sz w:val=&quot;24&quot;/&gt;</value><value key="Parent: w:sz">w:r</value><value key="FontSize">12</value><value key="w:szCs">&lt;w:szCs w:val=&quot;24&quot;/&gt;</value><value key="Parent: w:szCs">w:r</value></bpt-props><ept name="cf" can-hide="true" word-end="false">&lt;/cf&gt;</ept><fmt id="4"/></tag><tag id="761"><bpt name="cf" can-hide="true" word-end="false">&lt;cf superscript=True&gt;</bpt><bpt-props><value key="StartTag">w:rPr</value><value key="ParentTag">w:r</value><value key="ContentFormattingTagPairTypeKey">True</value><value key="Parent: w:color">w:r</value><value key="Parent: w:sz">w:r</value><value key="Parent: w:szCs">w:r</value><value key="w:vertAlign">&lt;w:vertAlign w:val=&quot;superscript&quot;/&gt;</value><value key="Parent: w:vertAlign">w:r</value><value key="TextPosition">Superscript</value></bpt-props><ept name="cf" can-hide="true" word-end="false">&lt;/cf&gt;</ept><fmt id="8"/></tag><tag id="749"><bpt name="cf" can-hide="true" word-end="false">&lt;cf color=000000 size=12&gt;</bpt><bpt-props><value key="StartTag">w:rPr</value><value key="ParentTag">w:r</value><value key="ContentFormattingTagPairTypeKey">True</value><value key="w:color">&lt;w:color w:val=&quot;000000&quot;/&gt;</value><value key="Parent: w:color">w:r</value><value key="TextColor">000000</value><value key="w:sz">&lt;w:sz w:val=&quot;24&quot;/&gt;</value><value key="Parent: w:sz">w:r</value><value key="FontSize">12</value><value key="w:szCs">&lt;w:szCs w:val=&quot;24&quot;/&gt;</value><value key="Parent: w:szCs">w:r</value></bpt-props><ept name="cf" can-hide="true" word-end="false">&lt;/cf&gt;</ept><fmt id="4"/></tag><tag id="782"><bpt name="cf" can-hide="true" word-end="false">&lt;cf superscript=True&gt;</bpt><bpt-props><value key="StartTag">w:rPr</value><value key="ParentTag">w:r</value><value key="ContentFormattingTagPairTypeKey">True</value><value key="Parent: w:color">w:r</value><value key="Parent: w:sz">w:r</value><value key="Parent: w:szCs">w:r</value><value key="w:vertAlign">&lt;w:vertAlign w:val=&quot;superscript&quot;/&gt;</value><value key="Parent: w:vertAlign">w:r</value><value key="TextPosition">Superscript</value></bpt-props><ept name="cf" can-hide="true" word-end="false">&lt;/cf&gt;</ept><fmt id="8"/></tag><tag id="770"><bpt name="cf" can-hide="true" word-end="false">&lt;cf color=000000 size=12&gt;</bpt><bpt-props><value key="StartTag">w:rPr</value><value key="ParentTag">w:r</value><value key="ContentFormattingTagPairTypeKey">True</value><value key="w:color">&lt;w:color w:val=&quot;000000&quot;/&gt;</value><value key="Parent: w:color">w:r</value><value key="TextColor">000000</value><value key="w:sz">&lt;w:sz w:val=&quot;24&quot;/&gt;</value><value key="Parent: w:sz">w:r</value><value key="FontSize">12</value><value key="w:szCs">&lt;w:szCs w:val=&quot;24&quot;/&gt;</value><value key="Parent: w:szCs">w:r</value></bpt-props><ept name="cf" can-hide="true" word-end="false">&lt;/cf&gt;</ept><fmt id="4"/></tag><tag id="794"><bpt name="cf" can-hide="true" word-end="false">&lt;cf underline=single&gt;</bpt><bpt-props><value key="StartTag">w:rPr</value><value key="ParentTag">w:r</value><value key="ContentFormattingTagPairTypeKey">True</value><value key="Parent: w:color">w:r</value><value key="Parent: w:sz">w:r</value><value key="Parent: w:szCs">w:r</value><value key="w:u">&lt;w:u w:val=&quot;single&quot;/&gt;</value><value key="Parent: w:u">w:r</value><value key="Underline">single</value></bpt-props><ept name="cf" can-hide="true" word-end="false">&lt;/cf&gt;</ept><fmt id="11"/></tag><tag id="791"><bpt name="cf" can-hide="true" word-end="false">&lt;cf color=000000 size=12&gt;</bpt><bpt-props><value key="StartTag">w:rPr</value><value key="ParentTag">w:r</value><value key="ContentFormattingTagPairTypeKey">True</value><value key="w:color">&lt;w:color w:val=&quot;000000&quot;/&gt;</value><value key="Parent: w:color">w:r</value><value key="TextColor">000000</value><value key="w:sz">&lt;w:sz w:val=&quot;24&quot;/&gt;</value><value key="Parent: w:sz">w:r</value><value key="FontSize">12</value><value key="w:szCs">&lt;w:szCs w:val=&quot;24&quot;/&gt;</value><value key="Parent: w:szCs">w:r</value></bpt-props><ept name="cf" can-hide="true" word-end="false">&lt;/cf&gt;</ept><fmt id="4"/></tag><tag id="804"><bpt name="cf" can-hide="true" word-end="false">&lt;cf color=000000 size=12&gt;</bpt><bpt-props><value key="StartTag">w:rPr</value><value key="ParentTag">w:r</value><value key="ContentFormattingTagPairTypeKey">True</value><value key="w:color">&lt;w:color w:val=&quot;000000&quot;/&gt;</value><value key="Parent: w:color">w:r</value><value key="TextColor">000000</value><value key="w:sz">&lt;w:sz w:val=&quot;24&quot;/&gt;</value><value key="Parent: w:sz">w:r</value><value key="FontSize">12</value><value key="w:szCs">&lt;w:szCs w:val=&quot;24&quot;/&gt;</value><value key="Parent: w:szCs">w:r</value></bpt-props><ept name="cf" can-hide="true" word-end="false">&lt;/cf&gt;</ept><fmt id="4"/></tag><tag id="810"><bpt name="cf" can-hide="true" word-end="false">&lt;cf underline=single&gt;</bpt><bpt-props><value key="StartTag">w:rPr</value><value key="ParentTag">w:r</value><value key="ContentFormattingTagPairTypeKey">True</value><value key="Parent: w:color">w:r</value><value key="Parent: w:sz">w:r</value><value key="Parent: w:szCs">w:r</value><value key="w:u">&lt;w:u w:val=&quot;single&quot;/&gt;</value><value key="Parent: w:u">w:r</value><value key="Underline">single</value></bpt-props><ept name="cf" can-hide="true" word-end="false">&lt;/cf&gt;</ept><fmt id="11"/></tag><tag id="807"><bpt name="cf" can-hide="true" word-end="false">&lt;cf color=000000 size=12&gt;</bpt><bpt-props><value key="StartTag">w:rPr</value><value key="ParentTag">w:r</value><value key="ContentFormattingTagPairTypeKey">True</value><value key="w:color">&lt;w:color w:val=&quot;000000&quot;/&gt;</value><value key="Parent: w:color">w:r</value><value key="TextColor">000000</value><value key="w:sz">&lt;w:sz w:val=&quot;24&quot;/&gt;</value><value key="Parent: w:sz">w:r</value><value key="FontSize">12</value><value key="w:szCs">&lt;w:szCs w:val=&quot;24&quot;/&gt;</value><value key="Parent: w:szCs">w:r</value></bpt-props><ept name="cf" can-hide="true" word-end="false">&lt;/cf&gt;</ept><fmt id="4"/></tag><tag id="825"><bpt name="cf" can-hide="true" word-end="false">&lt;cf bold=True color=000000 size=12&gt;</bpt><bpt-props><value key="StartTag">w:rPr</value><value key="ParentTag">w:r</value><value key="ContentFormattingTagPairTypeKey">True</value><value key="w:b">&lt;w:b/&gt;</value><value key="Parent: w:b">w:r</value><value key="Bold">True</value><value key="w:color">&lt;w:color w:val=&quot;000000&quot;/&gt;</value><value key="Parent: w:color">w:r</value><value key="TextColor">000000</value><value key="w:sz">&lt;w:sz w:val=&quot;24&quot;/&gt;</value><value key="Parent: w:sz">w:r</value><value key="FontSize">12</value><value key="w:szCs">&lt;w:szCs w:val=&quot;24&quot;/&gt;</value><value key="Parent: w:szCs">w:r</value></bpt-props><ept name="cf" can-hide="true" word-end="false">&lt;/cf&gt;</ept><fmt id="2"/></tag><tag id="835"><bpt name="cf" can-hide="true" word-end="false">&lt;cf underline=single&gt;</bpt><bpt-props><value key="StartTag">w:rPr</value><value key="ParentTag">w:r</value><value key="ContentFormattingTagPairTypeKey">True</value><value key="Parent: w:color">w:r</value><value key="Parent: w:sz">w:r</value><value key="Parent: w:szCs">w:r</value><value key="w:u">&lt;w:u w:val=&quot;single&quot;/&gt;</value><value key="Parent: w:u">w:r</value><value key="Underline">single</value></bpt-props><ept name="cf" can-hide="true" word-end="false">&lt;/cf&gt;</ept><fmt id="11"/></tag><tag id="832"><bpt name="cf" can-hide="true" word-end="false">&lt;cf color=000000 size=12&gt;</bpt><bpt-props><value key="StartTag">w:rPr</value><value key="ParentTag">w:r</value><value key="ContentFormattingTagPairTypeKey">True</value><value key="w:color">&lt;w:color w:val=&quot;000000&quot;/&gt;</value><value key="Parent: w:color">w:r</value><value key="TextColor">000000</value><value key="w:sz">&lt;w:sz w:val=&quot;24&quot;/&gt;</value><value key="Parent: w:sz">w:r</value><value key="FontSize">12</value><value key="w:szCs">&lt;w:szCs w:val=&quot;24&quot;/&gt;</value><value key="Parent: w:szCs">w:r</value></bpt-props><ept name="cf" can-hide="true" word-end="false">&lt;/cf&gt;</ept><fmt id="4"/></tag><tag id="862"><bpt name="cf" can-hide="true" word-end="false">&lt;cf underline=single&gt;</bpt><bpt-props><value key="StartTag">w:rPr</value><value key="ParentTag">w:r</value><value key="ContentFormattingTagPairTypeKey">True</value><value key="Parent: w:color">w:r</value><value key="Parent: w:sz">w:r</value><value key="Parent: w:szCs">w:r</value><value key="w:u">&lt;w:u w:val=&quot;single&quot;/&gt;</value><value key="Parent: w:u">w:r</value><value key="Underline">single</value></bpt-props><ept name="cf" can-hide="true" word-end="false">&lt;/cf&gt;</ept><fmt id="11"/></tag><tag id="859"><bpt name="cf" can-hide="true" word-end="false">&lt;cf color=000000 size=12&gt;</bpt><bpt-props><value key="StartTag">w:rPr</value><value key="ParentTag">w:r</value><value key="ContentFormattingTagPairTypeKey">True</value><value key="w:color">&lt;w:color w:val=&quot;000000&quot;/&gt;</value><value key="Parent: w:color">w:r</value><value key="TextColor">000000</value><value key="w:sz">&lt;w:sz w:val=&quot;24&quot;/&gt;</value><value key="Parent: w:sz">w:r</value><value key="FontSize">12</value><value key="w:szCs">&lt;w:szCs w:val=&quot;24&quot;/&gt;</value><value key="Parent: w:szCs">w:r</value></bpt-props><ept name="cf" can-hide="true" word-end="false">&lt;/cf&gt;</ept><fmt id="4"/></tag><tag id="868"><bpt name="cf" can-hide="true" word-end="false">&lt;cf bold=True color=000000 size=12&gt;</bpt><bpt-props><value key="StartTag">w:rPr</value><value key="ParentTag">w:r</value><value key="ContentFormattingTagPairTypeKey">True</value><value key="w:b">&lt;w:b/&gt;</value><value key="Parent: w:b">w:r</value><value key="Bold">True</value><value key="w:color">&lt;w:color w:val=&quot;000000&quot;/&gt;</value><value key="Parent: w:color">w:r</value><value key="TextColor">000000</value><value key="w:sz">&lt;w:sz w:val=&quot;24&quot;/&gt;</value><value key="Parent: w:sz">w:r</value><value key="FontSize">12</value><value key="w:szCs">&lt;w:szCs w:val=&quot;24&quot;/&gt;</value><value key="Parent: w:szCs">w:r</value></bpt-props><ept name="cf" can-hide="true" word-end="false">&lt;/cf&gt;</ept><fmt id="2"/></tag><tag id="875"><bpt name="cf" can-hide="true" word-end="false">&lt;cf color=000000 size=12&gt;</bpt><bpt-props><value key="StartTag">w:rPr</value><value key="ParentTag">w:r</value><value key="ContentFormattingTagPairTypeKey">True</value><value key="w:color">&lt;w:color w:val=&quot;000000&quot;/&gt;</value><value key="Parent: w:color">w:r</value><value key="TextColor">000000</value><value key="w:sz">&lt;w:sz w:val=&quot;24&quot;/&gt;</value><value key="Parent: w:sz">w:r</value><value key="FontSize">12</value><value key="w:szCs">&lt;w:szCs w:val=&quot;24&quot;/&gt;</value><value key="Parent: w:szCs">w:r</value></bpt-props><ept name="cf" can-hide="true" word-end="false">&lt;/cf&gt;</ept><fmt id="4"/></tag><tag id="881"><bpt name="cf" can-hide="true" word-end="false">&lt;cf underline=single&gt;</bpt><bpt-props><value key="StartTag">w:rPr</value><value key="ParentTag">w:r</value><value key="ContentFormattingTagPairTypeKey">True</value><value key="Parent: w:color">w:r</value><value key="Parent: w:sz">w:r</value><value key="Parent: w:szCs">w:r</value><value key="w:u">&lt;w:u w:val=&quot;single&quot;/&gt;</value><value key="Parent: w:u">w:r</value><value key="Underline">single</value></bpt-props><ept name="cf" can-hide="true" word-end="false">&lt;/cf&gt;</ept><fmt id="11"/></tag><tag id="878"><bpt name="cf" can-hide="true" word-end="false">&lt;cf color=000000 size=12&gt;</bpt><bpt-props><value key="StartTag">w:rPr</value><value key="ParentTag">w:r</value><value key="ContentFormattingTagPairTypeKey">True</value><value key="w:color">&lt;w:color w:val=&quot;000000&quot;/&gt;</value><value key="Parent: w:color">w:r</value><value key="TextColor">000000</value><value key="w:sz">&lt;w:sz w:val=&quot;24&quot;/&gt;</value><value key="Parent: w:sz">w:r</value><value key="FontSize">12</value><value key="w:szCs">&lt;w:szCs w:val=&quot;24&quot;/&gt;</value><value key="Parent: w:szCs">w:r</value></bpt-props><ept name="cf" can-hide="true" word-end="false">&lt;/cf&gt;</ept><fmt id="4"/></tag><tag id="890"><bpt name="cf" can-hide="true" word-end="false">&lt;cf underline=single&gt;</bpt><bpt-props><value key="StartTag">w:rPr</value><value key="ParentTag">w:r</value><value key="ContentFormattingTagPairTypeKey">True</value><value key="Parent: w:color">w:r</value><value key="Parent: w:sz">w:r</value><value key="Parent: w:szCs">w:r</value><value key="w:u">&lt;w:u w:val=&quot;single&quot;/&gt;</value><value key="Parent: w:u">w:r</value><value key="Underline">single</value></bpt-props><ept name="cf" can-hide="true" word-end="false">&lt;/cf&gt;</ept><fmt id="11"/></tag><tag id="908"><bpt name="cf" can-hide="true" word-end="false">&lt;cf superscript=True&gt;</bpt><bpt-props><value key="StartTag">w:rPr</value><value key="ParentTag">w:r</value><value key="ContentFormattingTagPairTypeKey">True</value><value key="Parent: w:color">w:r</value><value key="Parent: w:sz">w:r</value><value key="Parent: w:szCs">w:r</value><value key="w:vertAlign">&lt;w:vertAlign w:val=&quot;superscript&quot;/&gt;</value><value key="Parent: w:vertAlign">w:r</value><value key="TextPosition">Superscript</value></bpt-props><ept name="cf" can-hide="true" word-end="false">&lt;/cf&gt;</ept><fmt id="8"/></tag><tag id="923"><bpt name="cf" can-hide="true" word-end="false">&lt;cf superscript=True&gt;</bpt><bpt-props><value key="StartTag">w:rPr</value><value key="ParentTag">w:r</value><value key="ContentFormattingTagPairTypeKey">True</value><value key="Parent: w:color">w:r</value><value key="Parent: w:sz">w:r</value><value key="Parent: w:szCs">w:r</value><value key="w:vertAlign">&lt;w:vertAlign w:val=&quot;superscript&quot;/&gt;</value><value key="Parent: w:vertAlign">w:r</value><value key="TextPosition">Superscript</value></bpt-props><ept name="cf" can-hide="true" word-end="false">&lt;/cf&gt;</ept><fmt id="8"/></tag><tag id="941"><bpt name="cf" can-hide="true" word-end="false">&lt;cf superscript=True&gt;</bpt><bpt-props><value key="StartTag">w:rPr</value><value key="ParentTag">w:r</value><value key="ContentFormattingTagPairTypeKey">True</value><value key="Parent: w:color">w:r</value><value key="Parent: w:sz">w:r</value><value key="Parent: w:szCs">w:r</value><value key="w:vertAlign">&lt;w:vertAlign w:val=&quot;superscript&quot;/&gt;</value><value key="Parent: w:vertAlign">w:r</value><value key="TextPosition">Superscript</value></bpt-props><ept name="cf" can-hide="true" word-end="false">&lt;/cf&gt;</ept><fmt id="8"/></tag><tag id="959"><bpt name="cf" can-hide="true" word-end="false">&lt;cf superscript=True&gt;</bpt><bpt-props><value key="StartTag">w:rPr</value><value key="ParentTag">w:r</value><value key="ContentFormattingTagPairTypeKey">True</value><value key="Parent: w:color">w:r</value><value key="Parent: w:sz">w:r</value><value key="Parent: w:szCs">w:r</value><value key="w:vertAlign">&lt;w:vertAlign w:val=&quot;superscript&quot;/&gt;</value><value key="Parent: w:vertAlign">w:r</value><value key="TextPosition">Superscript</value></bpt-props><ept name="cf" can-hide="true" word-end="false">&lt;/cf&gt;</ept><fmt id="8"/></tag><tag id="974"><bpt name="cf" can-hide="true" word-end="false">&lt;cf superscript=True&gt;</bpt><bpt-props><value key="StartTag">w:rPr</value><value key="ParentTag">w:r</value><value key="ContentFormattingTagPairTypeKey">True</value><value key="Parent: w:color">w:r</value><value key="Parent: w:sz">w:r</value><value key="Parent: w:szCs">w:r</value><value key="w:vertAlign">&lt;w:vertAlign w:val=&quot;superscript&quot;/&gt;</value><value key="Parent: w:vertAlign">w:r</value><value key="TextPosition">Superscript</value></bpt-props><ept name="cf" can-hide="true" word-end="false">&lt;/cf&gt;</ept><fmt id="8"/></tag><tag id="887"><bpt name="cf" can-hide="true" word-end="false">&lt;cf color=000000 size=12&gt;</bpt><bpt-props><value key="StartTag">w:rPr</value><value key="ParentTag">w:r</value><value key="ContentFormattingTagPairTypeKey">True</value><value key="w:color">&lt;w:color w:val=&quot;000000&quot;/&gt;</value><value key="Parent: w:color">w:r</value><value key="TextColor">000000</value><value key="w:sz">&lt;w:sz w:val=&quot;24&quot;/&gt;</value><value key="Parent: w:sz">w:r</value><value key="FontSize">12</value><value key="w:szCs">&lt;w:szCs w:val=&quot;24&quot;/&gt;</value><value key="Parent: w:szCs">w:r</value></bpt-props><ept name="cf" can-hide="true" word-end="false">&lt;/cf&gt;</ept><fmt id="4"/></tag><tag id="983"><bpt name="cf" can-hide="true" word-end="false">&lt;cf color=000000 size=12&gt;</bpt><bpt-props><value key="StartTag">w:rPr</value><value key="ParentTag">w:r</value><value key="ContentFormattingTagPairTypeKey">True</value><value key="w:color">&lt;w:color w:val=&quot;000000&quot;/&gt;</value><value key="Parent: w:color">w:r</value><value key="TextColor">000000</value><value key="w:sz">&lt;w:sz w:val=&quot;24&quot;/&gt;</value><value key="Parent: w:sz">w:r</value><value key="FontSize">12</value><value key="w:szCs">&lt;w:szCs w:val=&quot;24&quot;/&gt;</value><value key="Parent: w:szCs">w:r</value></bpt-props><ept name="cf" can-hide="true" word-end="false">&lt;/cf&gt;</ept><fmt id="4"/></tag><tag id="986"><bpt name="cf" can-hide="true" word-end="false">&lt;cf bold=True color=000000 size=12&gt;</bpt><bpt-props><value key="StartTag">w:rPr</value><value key="ParentTag">w:r</value><value key="ContentFormattingTagPairTypeKey">True</value><value key="w:b">&lt;w:b/&gt;</value><value key="Parent: w:b">w:r</value><value key="Bold">True</value><value key="w:color">&lt;w:color w:val=&quot;000000&quot;/&gt;</value><value key="Parent: w:color">w:r</value><value key="TextColor">000000</value><value key="w:sz">&lt;w:sz w:val=&quot;24&quot;/&gt;</value><value key="Parent: w:sz">w:r</value><value key="FontSize">12</value><value key="w:szCs">&lt;w:szCs w:val=&quot;24&quot;/&gt;</value><value key="Parent: w:szCs">w:r</value></bpt-props><ept name="cf" can-hide="true" word-end="false">&lt;/cf&gt;</ept><fmt id="2"/></tag><tag id="989"><bpt name="cf" can-hide="true" word-end="false">&lt;cf bold=True color=000000 size=12&gt;</bpt><bpt-props><value key="StartTag">w:rPr</value><value key="ParentTag">w:r</value><value key="ContentFormattingTagPairTypeKey">True</value><value key="w:b">&lt;w:b/&gt;</value><value key="Parent: w:b">w:r</value><value key="Bold">True</value><value key="w:color">&lt;w:color w:val=&quot;000000&quot;/&gt;</value><value key="Parent: w:color">w:r</value><value key="TextColor">000000</value><value key="w:sz">&lt;w:sz w:val=&quot;24&quot;/&gt;</value><value key="Parent: w:sz">w:r</value><value key="FontSize">12</value><value key="w:szCs">&lt;w:szCs w:val=&quot;24&quot;/&gt;</value><value key="Parent: w:szCs">w:r</value></bpt-props><ept name="cf" can-hide="true" word-end="false">&lt;/cf&gt;</ept><fmt id="2"/></tag><tag id="992"><bpt name="cf" can-hide="true" word-end="false">&lt;cf bold=True color=000000 size=12&gt;</bpt><bpt-props><value key="StartTag">w:rPr</value><value key="ParentTag">w:r</value><value key="ContentFormattingTagPairTypeKey">True</value><value key="w:b">&lt;w:b/&gt;</value><value key="Parent: w:b">w:r</value><value key="Bold">True</value><value key="w:color">&lt;w:color w:val=&quot;000000&quot;/&gt;</value><value key="Parent: w:color">w:r</value><value key="TextColor">000000</value><value key="w:sz">&lt;w:sz w:val=&quot;24&quot;/&gt;</value><value key="Parent: w:sz">w:r</value><value key="FontSize">12</value><value key="w:szCs">&lt;w:szCs w:val=&quot;24&quot;/&gt;</value><value key="Parent: w:szCs">w:r</value></bpt-props><ept name="cf" can-hide="true" word-end="false">&lt;/cf&gt;</ept><fmt id="2"/></tag><tag id="995"><bpt name="cf" can-hide="true" word-end="false">&lt;cf bold=True color=000000 size=12&gt;</bpt><bpt-props><value key="StartTag">w:rPr</value><value key="ParentTag">w:r</value><value key="ContentFormattingTagPairTypeKey">True</value><value key="w:b">&lt;w:b/&gt;</value><value key="Parent: w:b">w:r</value><value key="Bold">True</value><value key="w:color">&lt;w:color w:val=&quot;000000&quot;/&gt;</value><value key="Parent: w:color">w:r</value><value key="TextColor">000000</value><value key="w:sz">&lt;w:sz w:val=&quot;24&quot;/&gt;</value><value key="Parent: w:sz">w:r</value><value key="FontSize">12</value><value key="w:szCs">&lt;w:szCs w:val=&quot;24&quot;/&gt;</value><value key="Parent: w:szCs">w:r</value></bpt-props><ept name="cf" can-hide="true" word-end="false">&lt;/cf&gt;</ept><fmt id="2"/></tag><tag id="998"><bpt name="cf" can-hide="true" word-end="false">&lt;cf bold=True color=000000 size=12&gt;</bpt><bpt-props><value key="StartTag">w:rPr</value><value key="ParentTag">w:r</value><value key="ContentFormattingTagPairTypeKey">True</value><value key="w:b">&lt;w:b/&gt;</value><value key="Parent: w:b">w:r</value><value key="Bold">True</value><value key="w:color">&lt;w:color w:val=&quot;000000&quot;/&gt;</value><value key="Parent: w:color">w:r</value><value key="TextColor">000000</value><value key="w:sz">&lt;w:sz w:val=&quot;24&quot;/&gt;</value><value key="Parent: w:sz">w:r</value><value key="FontSize">12</value><value key="w:szCs">&lt;w:szCs w:val=&quot;24&quot;/&gt;</value><value key="Parent: w:szCs">w:r</value></bpt-props><ept name="cf" can-hide="true" word-end="false">&lt;/cf&gt;</ept><fmt id="2"/></tag><tag id="1001"><bpt name="cf" can-hide="true" word-end="false">&lt;cf bold=True color=000000 size=12&gt;</bpt><bpt-props><value key="StartTag">w:rPr</value><value key="ParentTag">w:r</value><value key="ContentFormattingTagPairTypeKey">True</value><value key="w:b">&lt;w:b/&gt;</value><value key="Parent: w:b">w:r</value><value key="Bold">True</value><value key="w:color">&lt;w:color w:val=&quot;000000&quot;/&gt;</value><value key="Parent: w:color">w:r</value><value key="TextColor">000000</value><value key="w:sz">&lt;w:sz w:val=&quot;24&quot;/&gt;</value><value key="Parent: w:sz">w:r</value><value key="FontSize">12</value><value key="w:szCs">&lt;w:szCs w:val=&quot;24&quot;/&gt;</value><value key="Parent: w:szCs">w:r</value></bpt-props><ept name="cf" can-hide="true" word-end="false">&lt;/cf&gt;</ept><fmt id="2"/></tag><tag id="1016"><bpt name="cf" can-hide="true" word-end="false">&lt;cf superscript=True&gt;</bpt><bpt-props><value key="StartTag">w:rPr</value><value key="ParentTag">w:r</value><value key="ContentFormattingTagPairTypeKey">True</value><value key="Parent: w:color">w:r</value><value key="Parent: w:sz">w:r</value><value key="Parent: w:szCs">w:r</value><value key="w:vertAlign">&lt;w:vertAlign w:val=&quot;superscript&quot;/&gt;</value><value key="Parent: w:vertAlign">w:r</value><value key="TextPosition">Superscript</value></bpt-props><ept name="cf" can-hide="true" word-end="false">&lt;/cf&gt;</ept><fmt id="8"/></tag><tag id="1004"><bpt name="cf" can-hide="true" word-end="false">&lt;cf color=000000 size=12&gt;</bpt><bpt-props><value key="StartTag">w:rPr</value><value key="ParentTag">w:r</value><value key="ContentFormattingTagPairTypeKey">True</value><value key="w:color">&lt;w:color w:val=&quot;000000&quot;/&gt;</value><value key="Parent: w:color">w:r</value><value key="TextColor">000000</value><value key="w:sz">&lt;w:sz w:val=&quot;24&quot;/&gt;</value><value key="Parent: w:sz">w:r</value><value key="FontSize">12</value><value key="w:szCs">&lt;w:szCs w:val=&quot;24&quot;/&gt;</value><value key="Parent: w:szCs">w:r</value></bpt-props><ept name="cf" can-hide="true" word-end="false">&lt;/cf&gt;</ept><fmt id="4"/></tag><tag id="1022"><bpt name="cf" can-hide="true" word-end="false">&lt;cf color=000000 size=12&gt;</bpt><bpt-props><value key="StartTag">w:rPr</value><value key="ParentTag">w:r</value><value key="ContentFormattingTagPairTypeKey">True</value><value key="w:color">&lt;w:color w:val=&quot;000000&quot;/&gt;</value><value key="Parent: w:color">w:r</value><value key="TextColor">000000</value><value key="w:sz">&lt;w:sz w:val=&quot;24&quot;/&gt;</value><value key="Parent: w:sz">w:r</value><value key="FontSize">12</value><value key="w:szCs">&lt;w:szCs w:val=&quot;24&quot;/&gt;</value><value key="Parent: w:szCs">w:r</value></bpt-props><ept name="cf" can-hide="true" word-end="false">&lt;/cf&gt;</ept><fmt id="4"/></tag><tag id="1025"><bpt name="cf" can-hide="true" word-end="false">&lt;cf color=000000 size=12&gt;</bpt><bpt-props><value key="StartTag">w:rPr</value><value key="ParentTag">w:r</value><value key="ContentFormattingTagPairTypeKey">True</value><value key="w:color">&lt;w:color w:val=&quot;000000&quot;/&gt;</value><value key="Parent: w:color">w:r</value><value key="TextColor">000000</value><value key="w:sz">&lt;w:sz w:val=&quot;24&quot;/&gt;</value><value key="Parent: w:sz">w:r</value><value key="FontSize">12</value><value key="w:szCs">&lt;w:szCs w:val=&quot;24&quot;/&gt;</value><value key="Parent: w:szCs">w:r</value></bpt-props><ept name="cf" can-hide="true" word-end="false">&lt;/cf&gt;</ept><fmt id="4"/></tag><tag id="1028"><bpt name="cf" can-hide="true" word-end="false">&lt;cf color=000000 size=12&gt;</bpt><bpt-props><value key="StartTag">w:rPr</value><value key="ParentTag">w:r</value><value key="ContentFormattingTagPairTypeKey">True</value><value key="w:color">&lt;w:color w:val=&quot;000000&quot;/&gt;</value><value key="Parent: w:color">w:r</value><value key="TextColor">000000</value><value key="w:sz">&lt;w:sz w:val=&quot;24&quot;/&gt;</value><value key="Parent: w:sz">w:r</value><value key="FontSize">12</value><value key="w:szCs">&lt;w:szCs w:val=&quot;24&quot;/&gt;</value><value key="Parent: w:szCs">w:r</value></bpt-props><ept name="cf" can-hide="true" word-end="false">&lt;/cf&gt;</ept><fmt id="4"/></tag><tag id="1031"><bpt name="cf" can-hide="true" word-end="false">&lt;cf color=000000 size=12&gt;</bpt><bpt-props><value key="StartTag">w:rPr</value><value key="ParentTag">w:r</value><value key="ContentFormattingTagPairTypeKey">True</value><value key="w:color">&lt;w:color w:val=&quot;000000&quot;/&gt;</value><value key="Parent: w:color">w:r</value><value key="TextColor">000000</value><value key="w:sz">&lt;w:sz w:val=&quot;24&quot;/&gt;</value><value key="Parent: w:sz">w:r</value><value key="FontSize">12</value><value key="w:szCs">&lt;w:szCs w:val=&quot;24&quot;/&gt;</value><value key="Parent: w:szCs">w:r</value></bpt-props><ept name="cf" can-hide="true" word-end="false">&lt;/cf&gt;</ept><fmt id="4"/></tag><tag id="1046"><bpt name="cf" can-hide="true" word-end="false">&lt;cf superscript=True&gt;</bpt><bpt-props><value key="StartTag">w:rPr</value><value key="ParentTag">w:r</value><value key="ContentFormattingTagPairTypeKey">True</value><value key="Parent: w:color">w:r</value><value key="Parent: w:sz">w:r</value><value key="Parent: w:szCs">w:r</value><value key="w:vertAlign">&lt;w:vertAlign w:val=&quot;superscript&quot;/&gt;</value><value key="Parent: w:vertAlign">w:r</value><value key="TextPosition">Superscript</value></bpt-props><ept name="cf" can-hide="true" word-end="false">&lt;/cf&gt;</ept><fmt id="8"/></tag><tag id="1034"><bpt name="cf" can-hide="true" word-end="false">&lt;cf color=000000 size=12&gt;</bpt><bpt-props><value key="StartTag">w:rPr</value><value key="ParentTag">w:r</value><value key="ContentFormattingTagPairTypeKey">True</value><value key="w:color">&lt;w:color w:val=&quot;000000&quot;/&gt;</value><value key="Parent: w:color">w:r</value><value key="TextColor">000000</value><value key="w:sz">&lt;w:sz w:val=&quot;24&quot;/&gt;</value><value key="Parent: w:sz">w:r</value><value key="FontSize">12</value><value key="w:szCs">&lt;w:szCs w:val=&quot;24&quot;/&gt;</value><value key="Parent: w:szCs">w:r</value></bpt-props><ept name="cf" can-hide="true" word-end="false">&lt;/cf&gt;</ept><fmt id="4"/></tag><tag id="1052"><bpt name="cf" can-hide="true" word-end="false">&lt;cf color=000000 size=12&gt;</bpt><bpt-props><value key="StartTag">w:rPr</value><value key="ParentTag">w:r</value><value key="ContentFormattingTagPairTypeKey">True</value><value key="w:color">&lt;w:color w:val=&quot;000000&quot;/&gt;</value><value key="Parent: w:color">w:r</value><value key="TextColor">000000</value><value key="w:sz">&lt;w:sz w:val=&quot;24&quot;/&gt;</value><value key="Parent: w:sz">w:r</value><value key="FontSize">12</value><value key="w:szCs">&lt;w:szCs w:val=&quot;24&quot;/&gt;</value><value key="Parent: w:szCs">w:r</value></bpt-props><ept name="cf" can-hide="true" word-end="false">&lt;/cf&gt;</ept><fmt id="4"/></tag><tag id="1055"><bpt name="cf" can-hide="true" word-end="false">&lt;cf color=000000 size=12&gt;</bpt><bpt-props><value key="StartTag">w:rPr</value><value key="ParentTag">w:r</value><value key="ContentFormattingTagPairTypeKey">True</value><value key="w:color">&lt;w:color w:val=&quot;000000&quot;/&gt;</value><value key="Parent: w:color">w:r</value><value key="TextColor">000000</value><value key="w:sz">&lt;w:sz w:val=&quot;24&quot;/&gt;</value><value key="Parent: w:sz">w:r</value><value key="FontSize">12</value><value key="w:szCs">&lt;w:szCs w:val=&quot;24&quot;/&gt;</value><value key="Parent: w:szCs">w:r</value></bpt-props><ept name="cf" can-hide="true" word-end="false">&lt;/cf&gt;</ept><fmt id="4"/></tag><tag id="1058"><bpt name="cf" can-hide="true" word-end="false">&lt;cf color=000000 size=12&gt;</bpt><bpt-props><value key="StartTag">w:rPr</value><value key="ParentTag">w:r</value><value key="ContentFormattingTagPairTypeKey">True</value><value key="w:color">&lt;w:color w:val=&quot;000000&quot;/&gt;</value><value key="Parent: w:color">w:r</value><value key="TextColor">000000</value><value key="w:sz">&lt;w:sz w:val=&quot;24&quot;/&gt;</value><value key="Parent: w:sz">w:r</value><value key="FontSize">12</value><value key="w:szCs">&lt;w:szCs w:val=&quot;24&quot;/&gt;</value><value key="Parent: w:szCs">w:r</value></bpt-props><ept name="cf" can-hide="true" word-end="false">&lt;/cf&gt;</ept><fmt id="4"/></tag><tag id="1061"><bpt name="cf" can-hide="true" word-end="false">&lt;cf color=000000 size=12&gt;</bpt><bpt-props><value key="StartTag">w:rPr</value><value key="ParentTag">w:r</value><value key="ContentFormattingTagPairTypeKey">True</value><value key="w:color">&lt;w:color w:val=&quot;000000&quot;/&gt;</value><value key="Parent: w:color">w:r</value><value key="TextColor">000000</value><value key="w:sz">&lt;w:sz w:val=&quot;24&quot;/&gt;</value><value key="Parent: w:sz">w:r</value><value key="FontSize">12</value><value key="w:szCs">&lt;w:szCs w:val=&quot;24&quot;/&gt;</value><value key="Parent: w:szCs">w:r</value></bpt-props><ept name="cf" can-hide="true" word-end="false">&lt;/cf&gt;</ept><fmt id="4"/></tag><tag id="1076"><bpt name="cf" can-hide="true" word-end="false">&lt;cf superscript=True&gt;</bpt><bpt-props><value key="StartTag">w:rPr</value><value key="ParentTag">w:r</value><value key="ContentFormattingTagPairTypeKey">True</value><value key="Parent: w:color">w:r</value><value key="Parent: w:sz">w:r</value><value key="Parent: w:szCs">w:r</value><value key="w:vertAlign">&lt;w:vertAlign w:val=&quot;superscript&quot;/&gt;</value><value key="Parent: w:vertAlign">w:r</value><value key="TextPosition">Superscript</value></bpt-props><ept name="cf" can-hide="true" word-end="false">&lt;/cf&gt;</ept><fmt id="8"/></tag><tag id="1064"><bpt name="cf" can-hide="true" word-end="false">&lt;cf color=000000 size=12&gt;</bpt><bpt-props><value key="StartTag">w:rPr</value><value key="ParentTag">w:r</value><value key="ContentFormattingTagPairTypeKey">True</value><value key="w:color">&lt;w:color w:val=&quot;000000&quot;/&gt;</value><value key="Parent: w:color">w:r</value><value key="TextColor">000000</value><value key="w:sz">&lt;w:sz w:val=&quot;24&quot;/&gt;</value><value key="Parent: w:sz">w:r</value><value key="FontSize">12</value><value key="w:szCs">&lt;w:szCs w:val=&quot;24&quot;/&gt;</value><value key="Parent: w:szCs">w:r</value></bpt-props><ept name="cf" can-hide="true" word-end="false">&lt;/cf&gt;</ept><fmt id="4"/></tag><tag id="1082"><bpt name="cf" can-hide="true" word-end="false">&lt;cf color=000000 size=12&gt;</bpt><bpt-props><value key="StartTag">w:rPr</value><value key="ParentTag">w:r</value><value key="ContentFormattingTagPairTypeKey">True</value><value key="w:color">&lt;w:color w:val=&quot;000000&quot;/&gt;</value><value key="Parent: w:color">w:r</value><value key="TextColor">000000</value><value key="w:sz">&lt;w:sz w:val=&quot;24&quot;/&gt;</value><value key="Parent: w:sz">w:r</value><value key="FontSize">12</value><value key="w:szCs">&lt;w:szCs w:val=&quot;24&quot;/&gt;</value><value key="Parent: w:szCs">w:r</value></bpt-props><ept name="cf" can-hide="true" word-end="false">&lt;/cf&gt;</ept><fmt id="4"/></tag><tag id="1085"><bpt name="cf" can-hide="true" word-end="false">&lt;cf color=000000 size=12&gt;</bpt><bpt-props><value key="StartTag">w:rPr</value><value key="ParentTag">w:r</value><value key="ContentFormattingTagPairTypeKey">True</value><value key="w:color">&lt;w:color w:val=&quot;000000&quot;/&gt;</value><value key="Parent: w:color">w:r</value><value key="TextColor">000000</value><value key="w:sz">&lt;w:sz w:val=&quot;24&quot;/&gt;</value><value key="Parent: w:sz">w:r</value><value key="FontSize">12</value><value key="w:szCs">&lt;w:szCs w:val=&quot;24&quot;/&gt;</value><value key="Parent: w:szCs">w:r</value></bpt-props><ept name="cf" can-hide="true" word-end="false">&lt;/cf&gt;</ept><fmt id="4"/></tag><tag id="1088"><bpt name="cf" can-hide="true" word-end="false">&lt;cf color=000000 size=12&gt;</bpt><bpt-props><value key="StartTag">w:rPr</value><value key="ParentTag">w:r</value><value key="ContentFormattingTagPairTypeKey">True</value><value key="w:color">&lt;w:color w:val=&quot;000000&quot;/&gt;</value><value key="Parent: w:color">w:r</value><value key="TextColor">000000</value><value key="w:sz">&lt;w:sz w:val=&quot;24&quot;/&gt;</value><value key="Parent: w:sz">w:r</value><value key="FontSize">12</value><value key="w:szCs">&lt;w:szCs w:val=&quot;24&quot;/&gt;</value><value key="Parent: w:szCs">w:r</value></bpt-props><ept name="cf" can-hide="true" word-end="false">&lt;/cf&gt;</ept><fmt id="4"/></tag><tag id="1091"><bpt name="cf" can-hide="true" word-end="false">&lt;cf color=000000 size=12&gt;</bpt><bpt-props><value key="StartTag">w:rPr</value><value key="ParentTag">w:r</value><value key="ContentFormattingTagPairTypeKey">True</value><value key="w:color">&lt;w:color w:val=&quot;000000&quot;/&gt;</value><value key="Parent: w:color">w:r</value><value key="TextColor">000000</value><value key="w:sz">&lt;w:sz w:val=&quot;24&quot;/&gt;</value><value key="Parent: w:sz">w:r</value><value key="FontSize">12</value><value key="w:szCs">&lt;w:szCs w:val=&quot;24&quot;/&gt;</value><value key="Parent: w:szCs">w:r</value></bpt-props><ept name="cf" can-hide="true" word-end="false">&lt;/cf&gt;</ept><fmt id="4"/></tag><tag id="1106"><bpt name="cf" can-hide="true" word-end="false">&lt;cf superscript=True&gt;</bpt><bpt-props><value key="StartTag">w:rPr</value><value key="ParentTag">w:r</value><value key="ContentFormattingTagPairTypeKey">True</value><value key="Parent: w:color">w:r</value><value key="Parent: w:sz">w:r</value><value key="Parent: w:szCs">w:r</value><value key="w:vertAlign">&lt;w:vertAlign w:val=&quot;superscript&quot;/&gt;</value><value key="Parent: w:vertAlign">w:r</value><value key="TextPosition">Superscript</value></bpt-props><ept name="cf" can-hide="true" word-end="false">&lt;/cf&gt;</ept><fmt id="8"/></tag><tag id="1094"><bpt name="cf" can-hide="true" word-end="false">&lt;cf color=000000 size=12&gt;</bpt><bpt-props><value key="StartTag">w:rPr</value><value key="ParentTag">w:r</value><value key="ContentFormattingTagPairTypeKey">True</value><value key="w:color">&lt;w:color w:val=&quot;000000&quot;/&gt;</value><value key="Parent: w:color">w:r</value><value key="TextColor">000000</value><value key="w:sz">&lt;w:sz w:val=&quot;24&quot;/&gt;</value><value key="Parent: w:sz">w:r</value><value key="FontSize">12</value><value key="w:szCs">&lt;w:szCs w:val=&quot;24&quot;/&gt;</value><value key="Parent: w:szCs">w:r</value></bpt-props><ept name="cf" can-hide="true" word-end="false">&lt;/cf&gt;</ept><fmt id="4"/></tag><tag id="1112"><bpt name="cf" can-hide="true" word-end="false">&lt;cf color=000000 size=12&gt;</bpt><bpt-props><value key="StartTag">w:rPr</value><value key="ParentTag">w:r</value><value key="ContentFormattingTagPairTypeKey">True</value><value key="w:color">&lt;w:color w:val=&quot;000000&quot;/&gt;</value><value key="Parent: w:color">w:r</value><value key="TextColor">000000</value><value key="w:sz">&lt;w:sz w:val=&quot;24&quot;/&gt;</value><value key="Parent: w:sz">w:r</value><value key="FontSize">12</value><value key="w:szCs">&lt;w:szCs w:val=&quot;24&quot;/&gt;</value><value key="Parent: w:szCs">w:r</value></bpt-props><ept name="cf" can-hide="true" word-end="false">&lt;/cf&gt;</ept><fmt id="4"/></tag><tag id="1115"><bpt name="cf" can-hide="true" word-end="false">&lt;cf color=000000 size=12&gt;</bpt><bpt-props><value key="StartTag">w:rPr</value><value key="ParentTag">w:r</value><value key="ContentFormattingTagPairTypeKey">True</value><value key="w:color">&lt;w:color w:val=&quot;000000&quot;/&gt;</value><value key="Parent: w:color">w:r</value><value key="TextColor">000000</value><value key="w:sz">&lt;w:sz w:val=&quot;24&quot;/&gt;</value><value key="Parent: w:sz">w:r</value><value key="FontSize">12</value><value key="w:szCs">&lt;w:szCs w:val=&quot;24&quot;/&gt;</value><value key="Parent: w:szCs">w:r</value></bpt-props><ept name="cf" can-hide="true" word-end="false">&lt;/cf&gt;</ept><fmt id="4"/></tag><tag id="1118"><bpt name="cf" can-hide="true" word-end="false">&lt;cf color=000000 size=12&gt;</bpt><bpt-props><value key="StartTag">w:rPr</value><value key="ParentTag">w:r</value><value key="ContentFormattingTagPairTypeKey">True</value><value key="w:color">&lt;w:color w:val=&quot;000000&quot;/&gt;</value><value key="Parent: w:color">w:r</value><value key="TextColor">000000</value><value key="w:sz">&lt;w:sz w:val=&quot;24&quot;/&gt;</value><value key="Parent: w:sz">w:r</value><value key="FontSize">12</value><value key="w:szCs">&lt;w:szCs w:val=&quot;24&quot;/&gt;</value><value key="Parent: w:szCs">w:r</value></bpt-props><ept name="cf" can-hide="true" word-end="false">&lt;/cf&gt;</ept><fmt id="4"/></tag><tag id="1121"><bpt name="cf" can-hide="true" word-end="false">&lt;cf color=000000 size=12&gt;</bpt><bpt-props><value key="StartTag">w:rPr</value><value key="ParentTag">w:r</value><value key="ContentFormattingTagPairTypeKey">True</value><value key="w:color">&lt;w:color w:val=&quot;000000&quot;/&gt;</value><value key="Parent: w:color">w:r</value><value key="TextColor">000000</value><value key="w:sz">&lt;w:sz w:val=&quot;24&quot;/&gt;</value><value key="Parent: w:sz">w:r</value><value key="FontSize">12</value><value key="w:szCs">&lt;w:szCs w:val=&quot;24&quot;/&gt;</value><value key="Parent: w:szCs">w:r</value></bpt-props><ept name="cf" can-hide="true" word-end="false">&lt;/cf&gt;</ept><fmt id="4"/></tag><tag id="1124"><bpt name="cf" can-hide="true" word-end="false">&lt;cf color=000000 size=12&gt;</bpt><bpt-props><value key="StartTag">w:rPr</value><value key="ParentTag">w:r</value><value key="ContentFormattingTagPairTypeKey">True</value><value key="w:color">&lt;w:color w:val=&quot;000000&quot;/&gt;</value><value key="Parent: w:color">w:r</value><value key="TextColor">000000</value><value key="w:sz">&lt;w:sz w:val=&quot;24&quot;/&gt;</value><value key="Parent: w:sz">w:r</value><value key="FontSize">12</value><value key="w:szCs">&lt;w:szCs w:val=&quot;24&quot;/&gt;</value><value key="Parent: w:szCs">w:r</value></bpt-props><ept name="cf" can-hide="true" word-end="false">&lt;/cf&gt;</ept><fmt id="4"/></tag><tag id="1127"><bpt name="cf" can-hide="true" word-end="false">&lt;cf color=000000 size=12&gt;</bpt><bpt-props><value key="StartTag">w:rPr</value><value key="ParentTag">w:r</value><value key="ContentFormattingTagPairTypeKey">True</value><value key="w:color">&lt;w:color w:val=&quot;000000&quot;/&gt;</value><value key="Parent: w:color">w:r</value><value key="TextColor">000000</value><value key="w:sz">&lt;w:sz w:val=&quot;24&quot;/&gt;</value><value key="Parent: w:sz">w:r</value><value key="FontSize">12</value><value key="w:szCs">&lt;w:szCs w:val=&quot;24&quot;/&gt;</value><value key="Parent: w:szCs">w:r</value></bpt-props><ept name="cf" can-hide="true" word-end="false">&lt;/cf&gt;</ept><fmt id="4"/></tag><tag id="1130"><bpt name="cf" can-hide="true" word-end="false">&lt;cf color=000000 size=12&gt;</bpt><bpt-props><value key="StartTag">w:rPr</value><value key="ParentTag">w:r</value><value key="ContentFormattingTagPairTypeKey">True</value><value key="w:color">&lt;w:color w:val=&quot;000000&quot;/&gt;</value><value key="Parent: w:color">w:r</value><value key="TextColor">000000</value><value key="w:sz">&lt;w:sz w:val=&quot;24&quot;/&gt;</value><value key="Parent: w:sz">w:r</value><value key="FontSize">12</value><value key="w:szCs">&lt;w:szCs w:val=&quot;24&quot;/&gt;</value><value key="Parent: w:szCs">w:r</value></bpt-props><ept name="cf" can-hide="true" word-end="false">&lt;/cf&gt;</ept><fmt id="4"/></tag><tag id="1133"><bpt name="cf" can-hide="true" word-end="false">&lt;cf color=000000 size=12&gt;</bpt><bpt-props><value key="StartTag">w:rPr</value><value key="ParentTag">w:r</value><value key="ContentFormattingTagPairTypeKey">True</value><value key="w:color">&lt;w:color w:val=&quot;000000&quot;/&gt;</value><value key="Parent: w:color">w:r</value><value key="TextColor">000000</value><value key="w:sz">&lt;w:sz w:val=&quot;24&quot;/&gt;</value><value key="Parent: w:sz">w:r</value><value key="FontSize">12</value><value key="w:szCs">&lt;w:szCs w:val=&quot;24&quot;/&gt;</value><value key="Parent: w:szCs">w:r</value></bpt-props><ept name="cf" can-hide="true" word-end="false">&lt;/cf&gt;</ept><fmt id="4"/></tag><tag id="1136"><bpt name="cf" can-hide="true" word-end="false">&lt;cf color=000000 size=12&gt;</bpt><bpt-props><value key="StartTag">w:rPr</value><value key="ParentTag">w:r</value><value key="ContentFormattingTagPairTypeKey">True</value><value key="w:color">&lt;w:color w:val=&quot;000000&quot;/&gt;</value><value key="Parent: w:color">w:r</value><value key="TextColor">000000</value><value key="w:sz">&lt;w:sz w:val=&quot;24&quot;/&gt;</value><value key="Parent: w:sz">w:r</value><value key="FontSize">12</value><value key="w:szCs">&lt;w:szCs w:val=&quot;24&quot;/&gt;</value><value key="Parent: w:szCs">w:r</value></bpt-props><ept name="cf" can-hide="true" word-end="false">&lt;/cf&gt;</ept><fmt id="4"/></tag><tag id="1139"><bpt name="cf" can-hide="true" word-end="false">&lt;cf color=000000 size=12&gt;</bpt><bpt-props><value key="StartTag">w:rPr</value><value key="ParentTag">w:r</value><value key="ContentFormattingTagPairTypeKey">True</value><value key="w:color">&lt;w:color w:val=&quot;000000&quot;/&gt;</value><value key="Parent: w:color">w:r</value><value key="TextColor">000000</value><value key="w:sz">&lt;w:sz w:val=&quot;24&quot;/&gt;</value><value key="Parent: w:sz">w:r</value><value key="FontSize">12</value><value key="w:szCs">&lt;w:szCs w:val=&quot;24&quot;/&gt;</value><value key="Parent: w:szCs">w:r</value></bpt-props><ept name="cf" can-hide="true" word-end="false">&lt;/cf&gt;</ept><fmt id="4"/></tag><tag id="1142"><bpt name="cf" can-hide="true" word-end="false">&lt;cf color=000000 size=12&gt;</bpt><bpt-props><value key="StartTag">w:rPr</value><value key="ParentTag">w:r</value><value key="ContentFormattingTagPairTypeKey">True</value><value key="w:color">&lt;w:color w:val=&quot;000000&quot;/&gt;</value><value key="Parent: w:color">w:r</value><value key="TextColor">000000</value><value key="w:sz">&lt;w:sz w:val=&quot;24&quot;/&gt;</value><value key="Parent: w:sz">w:r</value><value key="FontSize">12</value><value key="w:szCs">&lt;w:szCs w:val=&quot;24&quot;/&gt;</value><value key="Parent: w:szCs">w:r</value></bpt-props><ept name="cf" can-hide="true" word-end="false">&lt;/cf&gt;</ept><fmt id="4"/></tag><tag id="1145"><bpt name="cf" can-hide="true" word-end="false">&lt;cf color=000000 size=12&gt;</bpt><bpt-props><value key="StartTag">w:rPr</value><value key="ParentTag">w:r</value><value key="ContentFormattingTagPairTypeKey">True</value><value key="w:color">&lt;w:color w:val=&quot;000000&quot;/&gt;</value><value key="Parent: w:color">w:r</value><value key="TextColor">000000</value><value key="w:sz">&lt;w:sz w:val=&quot;24&quot;/&gt;</value><value key="Parent: w:sz">w:r</value><value key="FontSize">12</value><value key="w:szCs">&lt;w:szCs w:val=&quot;24&quot;/&gt;</value><value key="Parent: w:szCs">w:r</value></bpt-props><ept name="cf" can-hide="true" word-end="false">&lt;/cf&gt;</ept><fmt id="4"/></tag><tag id="1148"><bpt name="cf" can-hide="true" word-end="false">&lt;cf color=000000 size=12&gt;</bpt><bpt-props><value key="StartTag">w:rPr</value><value key="ParentTag">w:r</value><value key="ContentFormattingTagPairTypeKey">True</value><value key="w:color">&lt;w:color w:val=&quot;000000&quot;/&gt;</value><value key="Parent: w:color">w:r</value><value key="TextColor">000000</value><value key="w:sz">&lt;w:sz w:val=&quot;24&quot;/&gt;</value><value key="Parent: w:sz">w:r</value><value key="FontSize">12</value><value key="w:szCs">&lt;w:szCs w:val=&quot;24&quot;/&gt;</value><value key="Parent: w:szCs">w:r</value></bpt-props><ept name="cf" can-hide="true" word-end="false">&lt;/cf&gt;</ept><fmt id="4"/></tag><tag id="1151"><bpt name="cf" can-hide="true" word-end="false">&lt;cf color=000000 size=12&gt;</bpt><bpt-props><value key="StartTag">w:rPr</value><value key="ParentTag">w:r</value><value key="ContentFormattingTagPairTypeKey">True</value><value key="w:color">&lt;w:color w:val=&quot;000000&quot;/&gt;</value><value key="Parent: w:color">w:r</value><value key="TextColor">000000</value><value key="w:sz">&lt;w:sz w:val=&quot;24&quot;/&gt;</value><value key="Parent: w:sz">w:r</value><value key="FontSize">12</value><value key="w:szCs">&lt;w:szCs w:val=&quot;24&quot;/&gt;</value><value key="Parent: w:szCs">w:r</value></bpt-props><ept name="cf" can-hide="true" word-end="false">&lt;/cf&gt;</ept><fmt id="4"/></tag><tag id="1166"><bpt name="cf" can-hide="true" word-end="false">&lt;cf superscript=True&gt;</bpt><bpt-props><value key="StartTag">w:rPr</value><value key="ParentTag">w:r</value><value key="ContentFormattingTagPairTypeKey">True</value><value key="Parent: w:color">w:r</value><value key="Parent: w:sz">w:r</value><value key="Parent: w:szCs">w:r</value><value key="w:vertAlign">&lt;w:vertAlign w:val=&quot;superscript&quot;/&gt;</value><value key="Parent: w:vertAlign">w:r</value><value key="TextPosition">Superscript</value></bpt-props><ept name="cf" can-hide="true" word-end="false">&lt;/cf&gt;</ept><fmt id="8"/></tag><tag id="1154"><bpt name="cf" can-hide="true" word-end="false">&lt;cf color=000000 size=12&gt;</bpt><bpt-props><value key="StartTag">w:rPr</value><value key="ParentTag">w:r</value><value key="ContentFormattingTagPairTypeKey">True</value><value key="w:color">&lt;w:color w:val=&quot;000000&quot;/&gt;</value><value key="Parent: w:color">w:r</value><value key="TextColor">000000</value><value key="w:sz">&lt;w:sz w:val=&quot;24&quot;/&gt;</value><value key="Parent: w:sz">w:r</value><value key="FontSize">12</value><value key="w:szCs">&lt;w:szCs w:val=&quot;24&quot;/&gt;</value><value key="Parent: w:szCs">w:r</value></bpt-props><ept name="cf" can-hide="true" word-end="false">&lt;/cf&gt;</ept><fmt id="4"/></tag><tag id="1172"><bpt name="cf" can-hide="true" word-end="false">&lt;cf color=000000 size=12&gt;</bpt><bpt-props><value key="StartTag">w:rPr</value><value key="ParentTag">w:r</value><value key="ContentFormattingTagPairTypeKey">True</value><value key="w:color">&lt;w:color w:val=&quot;000000&quot;/&gt;</value><value key="Parent: w:color">w:r</value><value key="TextColor">000000</value><value key="w:sz">&lt;w:sz w:val=&quot;24&quot;/&gt;</value><value key="Parent: w:sz">w:r</value><value key="FontSize">12</value><value key="w:szCs">&lt;w:szCs w:val=&quot;24&quot;/&gt;</value><value key="Parent: w:szCs">w:r</value></bpt-props><ept name="cf" can-hide="true" word-end="false">&lt;/cf&gt;</ept><fmt id="4"/></tag><tag id="1175"><bpt name="cf" can-hide="true" word-end="false">&lt;cf color=000000 size=12&gt;</bpt><bpt-props><value key="StartTag">w:rPr</value><value key="ParentTag">w:r</value><value key="ContentFormattingTagPairTypeKey">True</value><value key="w:color">&lt;w:color w:val=&quot;000000&quot;/&gt;</value><value key="Parent: w:color">w:r</value><value key="TextColor">000000</value><value key="w:sz">&lt;w:sz w:val=&quot;24&quot;/&gt;</value><value key="Parent: w:sz">w:r</value><value key="FontSize">12</value><value key="w:szCs">&lt;w:szCs w:val=&quot;24&quot;/&gt;</value><value key="Parent: w:szCs">w:r</value></bpt-props><ept name="cf" can-hide="true" word-end="false">&lt;/cf&gt;</ept><fmt id="4"/></tag><tag id="1178"><bpt name="cf" can-hide="true" word-end="false">&lt;cf color=000000 size=12&gt;</bpt><bpt-props><value key="StartTag">w:rPr</value><value key="ParentTag">w:r</value><value key="ContentFormattingTagPairTypeKey">True</value><value key="w:color">&lt;w:color w:val=&quot;000000&quot;/&gt;</value><value key="Parent: w:color">w:r</value><value key="TextColor">000000</value><value key="w:sz">&lt;w:sz w:val=&quot;24&quot;/&gt;</value><value key="Parent: w:sz">w:r</value><value key="FontSize">12</value><value key="w:szCs">&lt;w:szCs w:val=&quot;24&quot;/&gt;</value><value key="Parent: w:szCs">w:r</value></bpt-props><ept name="cf" can-hide="true" word-end="false">&lt;/cf&gt;</ept><fmt id="4"/></tag><tag id="1181"><bpt name="cf" can-hide="true" word-end="false">&lt;cf color=000000 size=12&gt;</bpt><bpt-props><value key="StartTag">w:rPr</value><value key="ParentTag">w:r</value><value key="ContentFormattingTagPairTypeKey">True</value><value key="w:color">&lt;w:color w:val=&quot;000000&quot;/&gt;</value><value key="Parent: w:color">w:r</value><value key="TextColor">000000</value><value key="w:sz">&lt;w:sz w:val=&quot;24&quot;/&gt;</value><value key="Parent: w:sz">w:r</value><value key="FontSize">12</value><value key="w:szCs">&lt;w:szCs w:val=&quot;24&quot;/&gt;</value><value key="Parent: w:szCs">w:r</value></bpt-props><ept name="cf" can-hide="true" word-end="false">&lt;/cf&gt;</ept><fmt id="4"/></tag><tag id="1184"><bpt name="cf" can-hide="true" word-end="false">&lt;cf color=000000 size=12&gt;</bpt><bpt-props><value key="StartTag">w:rPr</value><value key="ParentTag">w:r</value><value key="ContentFormattingTagPairTypeKey">True</value><value key="w:color">&lt;w:color w:val=&quot;000000&quot;/&gt;</value><value key="Parent: w:color">w:r</value><value key="TextColor">000000</value><value key="w:sz">&lt;w:sz w:val=&quot;24&quot;/&gt;</value><value key="Parent: w:sz">w:r</value><value key="FontSize">12</value><value key="w:szCs">&lt;w:szCs w:val=&quot;24&quot;/&gt;</value><value key="Parent: w:szCs">w:r</value></bpt-props><ept name="cf" can-hide="true" word-end="false">&lt;/cf&gt;</ept><fmt id="4"/></tag><tag id="1199"><bpt name="cf" can-hide="true" word-end="false">&lt;cf superscript=True&gt;</bpt><bpt-props><value key="StartTag">w:rPr</value><value key="ParentTag">w:r</value><value key="ContentFormattingTagPairTypeKey">True</value><value key="Parent: w:color">w:r</value><value key="Parent: w:sz">w:r</value><value key="Parent: w:szCs">w:r</value><value key="w:vertAlign">&lt;w:vertAlign w:val=&quot;superscript&quot;/&gt;</value><value key="Parent: w:vertAlign">w:r</value><value key="TextPosition">Superscript</value></bpt-props><ept name="cf" can-hide="true" word-end="false">&lt;/cf&gt;</ept><fmt id="8"/></tag><tag id="1190"><bpt name="cf" can-hide="true" word-end="false">&lt;cf color=000000 size=12&gt;</bpt><bpt-props><value key="StartTag">w:rPr</value><value key="ParentTag">w:r</value><value key="ContentFormattingTagPairTypeKey">True</value><value key="w:color">&lt;w:color w:val=&quot;000000&quot;/&gt;</value><value key="Parent: w:color">w:r</value><value key="TextColor">000000</value><value key="w:sz">&lt;w:sz w:val=&quot;24&quot;/&gt;</value><value key="Parent: w:sz">w:r</value><value key="FontSize">12</value><value key="w:szCs">&lt;w:szCs w:val=&quot;24&quot;/&gt;</value><value key="Parent: w:szCs">w:r</value></bpt-props><ept name="cf" can-hide="true" word-end="false">&lt;/cf&gt;</ept><fmt id="4"/></tag><tag id="1205"><bpt name="cf" can-hide="true" word-end="false">&lt;cf color=000000 size=12&gt;</bpt><bpt-props><value key="StartTag">w:rPr</value><value key="ParentTag">w:r</value><value key="ContentFormattingTagPairTypeKey">True</value><value key="w:color">&lt;w:color w:val=&quot;000000&quot;/&gt;</value><value key="Parent: w:color">w:r</value><value key="TextColor">000000</value><value key="w:sz">&lt;w:sz w:val=&quot;24&quot;/&gt;</value><value key="Parent: w:sz">w:r</value><value key="FontSize">12</value><value key="w:szCs">&lt;w:szCs w:val=&quot;24&quot;/&gt;</value><value key="Parent: w:szCs">w:r</value></bpt-props><ept name="cf" can-hide="true" word-end="false">&lt;/cf&gt;</ept><fmt id="4"/></tag><tag id="1208"><bpt name="cf" can-hide="true" word-end="false">&lt;cf color=000000 size=12&gt;</bpt><bpt-props><value key="StartTag">w:rPr</value><value key="ParentTag">w:r</value><value key="ContentFormattingTagPairTypeKey">True</value><value key="w:color">&lt;w:color w:val=&quot;000000&quot;/&gt;</value><value key="Parent: w:color">w:r</value><value key="TextColor">000000</value><value key="w:sz">&lt;w:sz w:val=&quot;24&quot;/&gt;</value><value key="Parent: w:sz">w:r</value><value key="FontSize">12</value><value key="w:szCs">&lt;w:szCs w:val=&quot;24&quot;/&gt;</value><value key="Parent: w:szCs">w:r</value></bpt-props><ept name="cf" can-hide="true" word-end="false">&lt;/cf&gt;</ept><fmt id="4"/></tag><tag id="1211"><bpt name="cf" can-hide="true" word-end="false">&lt;cf color=000000 size=12&gt;</bpt><bpt-props><value key="StartTag">w:rPr</value><value key="ParentTag">w:r</value><value key="ContentFormattingTagPairTypeKey">True</value><value key="w:color">&lt;w:color w:val=&quot;000000&quot;/&gt;</value><value key="Parent: w:color">w:r</value><value key="TextColor">000000</value><value key="w:sz">&lt;w:sz w:val=&quot;24&quot;/&gt;</value><value key="Parent: w:sz">w:r</value><value key="FontSize">12</value><value key="w:szCs">&lt;w:szCs w:val=&quot;24&quot;/&gt;</value><value key="Parent: w:szCs">w:r</value></bpt-props><ept name="cf" can-hide="true" word-end="false">&lt;/cf&gt;</ept><fmt id="4"/></tag><tag id="1214"><bpt name="cf" can-hide="true" word-end="false">&lt;cf color=000000 size=12&gt;</bpt><bpt-props><value key="StartTag">w:rPr</value><value key="ParentTag">w:r</value><value key="ContentFormattingTagPairTypeKey">True</value><value key="w:color">&lt;w:color w:val=&quot;000000&quot;/&gt;</value><value key="Parent: w:color">w:r</value><value key="TextColor">000000</value><value key="w:sz">&lt;w:sz w:val=&quot;24&quot;/&gt;</value><value key="Parent: w:sz">w:r</value><value key="FontSize">12</value><value key="w:szCs">&lt;w:szCs w:val=&quot;24&quot;/&gt;</value><value key="Parent: w:szCs">w:r</value></bpt-props><ept name="cf" can-hide="true" word-end="false">&lt;/cf&gt;</ept><fmt id="4"/></tag><tag id="1217"><bpt name="cf" can-hide="true" word-end="false">&lt;cf color=000000 size=12&gt;</bpt><bpt-props><value key="StartTag">w:rPr</value><value key="ParentTag">w:r</value><value key="ContentFormattingTagPairTypeKey">True</value><value key="w:color">&lt;w:color w:val=&quot;000000&quot;/&gt;</value><value key="Parent: w:color">w:r</value><value key="TextColor">000000</value><value key="w:sz">&lt;w:sz w:val=&quot;24&quot;/&gt;</value><value key="Parent: w:sz">w:r</value><value key="FontSize">12</value><value key="w:szCs">&lt;w:szCs w:val=&quot;24&quot;/&gt;</value><value key="Parent: w:szCs">w:r</value></bpt-props><ept name="cf" can-hide="true" word-end="false">&lt;/cf&gt;</ept><fmt id="4"/></tag><tag id="1220"><bpt name="cf" can-hide="true" word-end="false">&lt;cf color=000000 size=12&gt;</bpt><bpt-props><value key="StartTag">w:rPr</value><value key="ParentTag">w:r</value><value key="ContentFormattingTagPairTypeKey">True</value><value key="w:color">&lt;w:color w:val=&quot;000000&quot;/&gt;</value><value key="Parent: w:color">w:r</value><value key="TextColor">000000</value><value key="w:sz">&lt;w:sz w:val=&quot;24&quot;/&gt;</value><value key="Parent: w:sz">w:r</value><value key="FontSize">12</value><value key="w:szCs">&lt;w:szCs w:val=&quot;24&quot;/&gt;</value><value key="Parent: w:szCs">w:r</value></bpt-props><ept name="cf" can-hide="true" word-end="false">&lt;/cf&gt;</ept><fmt id="4"/></tag><tag id="1223"><bpt name="cf" can-hide="true" word-end="false">&lt;cf color=000000 size=12&gt;</bpt><bpt-props><value key="StartTag">w:rPr</value><value key="ParentTag">w:r</value><value key="ContentFormattingTagPairTypeKey">True</value><value key="w:color">&lt;w:color w:val=&quot;000000&quot;/&gt;</value><value key="Parent: w:color">w:r</value><value key="TextColor">000000</value><value key="w:sz">&lt;w:sz w:val=&quot;24&quot;/&gt;</value><value key="Parent: w:sz">w:r</value><value key="FontSize">12</value><value key="w:szCs">&lt;w:szCs w:val=&quot;24&quot;/&gt;</value><value key="Parent: w:szCs">w:r</value></bpt-props><ept name="cf" can-hide="true" word-end="false">&lt;/cf&gt;</ept><fmt id="4"/></tag><tag id="1226"><bpt name="cf" can-hide="true" word-end="false">&lt;cf color=000000 size=12&gt;</bpt><bpt-props><value key="StartTag">w:rPr</value><value key="ParentTag">w:r</value><value key="ContentFormattingTagPairTypeKey">True</value><value key="w:color">&lt;w:color w:val=&quot;000000&quot;/&gt;</value><value key="Parent: w:color">w:r</value><value key="TextColor">000000</value><value key="w:sz">&lt;w:sz w:val=&quot;24&quot;/&gt;</value><value key="Parent: w:sz">w:r</value><value key="FontSize">12</value><value key="w:szCs">&lt;w:szCs w:val=&quot;24&quot;/&gt;</value><value key="Parent: w:szCs">w:r</value></bpt-props><ept name="cf" can-hide="true" word-end="false">&lt;/cf&gt;</ept><fmt id="4"/></tag><tag id="1229"><bpt name="cf" can-hide="true" word-end="false">&lt;cf color=000000 size=12&gt;</bpt><bpt-props><value key="StartTag">w:rPr</value><value key="ParentTag">w:r</value><value key="ContentFormattingTagPairTypeKey">True</value><value key="w:color">&lt;w:color w:val=&quot;000000&quot;/&gt;</value><value key="Parent: w:color">w:r</value><value key="TextColor">000000</value><value key="w:sz">&lt;w:sz w:val=&quot;24&quot;/&gt;</value><value key="Parent: w:sz">w:r</value><value key="FontSize">12</value><value key="w:szCs">&lt;w:szCs w:val=&quot;24&quot;/&gt;</value><value key="Parent: w:szCs">w:r</value></bpt-props><ept name="cf" can-hide="true" word-end="false">&lt;/cf&gt;</ept><fmt id="4"/></tag><tag id="1232"><bpt name="cf" can-hide="true" word-end="false">&lt;cf color=000000 size=12&gt;</bpt><bpt-props><value key="StartTag">w:rPr</value><value key="ParentTag">w:r</value><value key="ContentFormattingTagPairTypeKey">True</value><value key="w:color">&lt;w:color w:val=&quot;000000&quot;/&gt;</value><value key="Parent: w:color">w:r</value><value key="TextColor">000000</value><value key="w:sz">&lt;w:sz w:val=&quot;24&quot;/&gt;</value><value key="Parent: w:sz">w:r</value><value key="FontSize">12</value><value key="w:szCs">&lt;w:szCs w:val=&quot;24&quot;/&gt;</value><value key="Parent: w:szCs">w:r</value></bpt-props><ept name="cf" can-hide="true" word-end="false">&lt;/cf&gt;</ept><fmt id="4"/></tag><tag id="1235"><bpt name="cf" can-hide="true" word-end="false">&lt;cf color=000000 size=12&gt;</bpt><bpt-props><value key="StartTag">w:rPr</value><value key="ParentTag">w:r</value><value key="ContentFormattingTagPairTypeKey">True</value><value key="w:color">&lt;w:color w:val=&quot;000000&quot;/&gt;</value><value key="Parent: w:color">w:r</value><value key="TextColor">000000</value><value key="w:sz">&lt;w:sz w:val=&quot;24&quot;/&gt;</value><value key="Parent: w:sz">w:r</value><value key="FontSize">12</value><value key="w:szCs">&lt;w:szCs w:val=&quot;24&quot;/&gt;</value><value key="Parent: w:szCs">w:r</value></bpt-props><ept name="cf" can-hide="true" word-end="false">&lt;/cf&gt;</ept><fmt id="4"/></tag><tag id="1238"><bpt name="cf" can-hide="true" word-end="false">&lt;cf color=000000 size=12&gt;</bpt><bpt-props><value key="StartTag">w:rPr</value><value key="ParentTag">w:r</value><value key="ContentFormattingTagPairTypeKey">True</value><value key="w:color">&lt;w:color w:val=&quot;000000&quot;/&gt;</value><value key="Parent: w:color">w:r</value><value key="TextColor">000000</value><value key="w:sz">&lt;w:sz w:val=&quot;24&quot;/&gt;</value><value key="Parent: w:sz">w:r</value><value key="FontSize">12</value><value key="w:szCs">&lt;w:szCs w:val=&quot;24&quot;/&gt;</value><value key="Parent: w:szCs">w:r</value></bpt-props><ept name="cf" can-hide="true" word-end="false">&lt;/cf&gt;</ept><fmt id="4"/></tag><tag id="1241"><bpt name="cf" can-hide="true" word-end="false">&lt;cf color=000000 size=12&gt;</bpt><bpt-props><value key="StartTag">w:rPr</value><value key="ParentTag">w:r</value><value key="ContentFormattingTagPairTypeKey">True</value><value key="w:color">&lt;w:color w:val=&quot;000000&quot;/&gt;</value><value key="Parent: w:color">w:r</value><value key="TextColor">000000</value><value key="w:sz">&lt;w:sz w:val=&quot;24&quot;/&gt;</value><value key="Parent: w:sz">w:r</value><value key="FontSize">12</value><value key="w:szCs">&lt;w:szCs w:val=&quot;24&quot;/&gt;</value><value key="Parent: w:szCs">w:r</value></bpt-props><ept name="cf" can-hide="true" word-end="false">&lt;/cf&gt;</ept><fmt id="4"/></tag><tag id="1244"><bpt name="cf" can-hide="true" word-end="false">&lt;cf color=000000 size=12&gt;</bpt><bpt-props><value key="StartTag">w:rPr</value><value key="ParentTag">w:r</value><value key="ContentFormattingTagPairTypeKey">True</value><value key="w:color">&lt;w:color w:val=&quot;000000&quot;/&gt;</value><value key="Parent: w:color">w:r</value><value key="TextColor">000000</value><value key="w:sz">&lt;w:sz w:val=&quot;24&quot;/&gt;</value><value key="Parent: w:sz">w:r</value><value key="FontSize">12</value><value key="w:szCs">&lt;w:szCs w:val=&quot;24&quot;/&gt;</value><value key="Parent: w:szCs">w:r</value></bpt-props><ept name="cf" can-hide="true" word-end="false">&lt;/cf&gt;</ept><fmt id="4"/></tag><tag id="1250"><bpt name="cf" can-hide="true" word-end="false">&lt;cf underline=single&gt;</bpt><bpt-props><value key="StartTag">w:rPr</value><value key="ParentTag">w:r</value><value key="ContentFormattingTagPairTypeKey">True</value><value key="Parent: w:color">w:r</value><value key="Parent: w:sz">w:r</value><value key="Parent: w:szCs">w:r</value><value key="w:u">&lt;w:u w:val=&quot;single&quot;/&gt;</value><value key="Parent: w:u">w:r</value><value key="Underline">single</value></bpt-props><ept name="cf" can-hide="true" word-end="false">&lt;/cf&gt;</ept><fmt id="11"/></tag><tag id="1247"><bpt name="cf" can-hide="true" word-end="false">&lt;cf color=000000 size=12&gt;</bpt><bpt-props><value key="StartTag">w:rPr</value><value key="ParentTag">w:r</value><value key="ContentFormattingTagPairTypeKey">True</value><value key="w:color">&lt;w:color w:val=&quot;000000&quot;/&gt;</value><value key="Parent: w:color">w:r</value><value key="TextColor">000000</value><value key="w:sz">&lt;w:sz w:val=&quot;24&quot;/&gt;</value><value key="Parent: w:sz">w:r</value><value key="FontSize">12</value><value key="w:szCs">&lt;w:szCs w:val=&quot;24&quot;/&gt;</value><value key="Parent: w:szCs">w:r</value></bpt-props><ept name="cf" can-hide="true" word-end="false">&lt;/cf&gt;</ept><fmt id="4"/></tag><tag id="1256"><bpt name="cf" can-hide="true" word-end="false">&lt;cf color=000000 size=12&gt;</bpt><bpt-props><value key="StartTag">w:rPr</value><value key="ParentTag">w:r</value><value key="ContentFormattingTagPairTypeKey">True</value><value key="w:color">&lt;w:color w:val=&quot;000000&quot;/&gt;</value><value key="Parent: w:color">w:r</value><value key="TextColor">000000</value><value key="w:sz">&lt;w:sz w:val=&quot;24&quot;/&gt;</value><value key="Parent: w:sz">w:r</value><value key="FontSize">12</value><value key="w:szCs">&lt;w:szCs w:val=&quot;24&quot;/&gt;</value><value key="Parent: w:szCs">w:r</value></bpt-props><ept name="cf" can-hide="true" word-end="false">&lt;/cf&gt;</ept><fmt id="4"/></tag><tag id="1259"><bpt name="cf" can-hide="true" word-end="false">&lt;cf bold=True color=000000 size=12&gt;</bpt><bpt-props><value key="StartTag">w:rPr</value><value key="ParentTag">w:r</value><value key="ContentFormattingTagPairTypeKey">True</value><value key="w:b">&lt;w:b/&gt;</value><value key="Parent: w:b">w:r</value><value key="Bold">True</value><value key="w:color">&lt;w:color w:val=&quot;000000&quot;/&gt;</value><value key="Parent: w:color">w:r</value><value key="TextColor">000000</value><value key="w:sz">&lt;w:sz w:val=&quot;24&quot;/&gt;</value><value key="Parent: w:sz">w:r</value><value key="FontSize">12</value><value key="w:szCs">&lt;w:szCs w:val=&quot;24&quot;/&gt;</value><value key="Parent: w:szCs">w:r</value></bpt-props><ept name="cf" can-hide="true" word-end="false">&lt;/cf&gt;</ept><fmt id="2"/></tag><tag id="1262"><bpt name="cf" can-hide="true" word-end="false">&lt;cf bold=True color=000000 size=12&gt;</bpt><bpt-props><value key="StartTag">w:rPr</value><value key="ParentTag">w:r</value><value key="ContentFormattingTagPairTypeKey">True</value><value key="w:b">&lt;w:b/&gt;</value><value key="Parent: w:b">w:r</value><value key="Bold">True</value><value key="w:color">&lt;w:color w:val=&quot;000000&quot;/&gt;</value><value key="Parent: w:color">w:r</value><value key="TextColor">000000</value><value key="w:sz">&lt;w:sz w:val=&quot;24&quot;/&gt;</value><value key="Parent: w:sz">w:r</value><value key="FontSize">12</value><value key="w:szCs">&lt;w:szCs w:val=&quot;24&quot;/&gt;</value><value key="Parent: w:szCs">w:r</value></bpt-props><ept name="cf" can-hide="true" word-end="false">&lt;/cf&gt;</ept><fmt id="2"/></tag><tag id="1265"><bpt name="cf" can-hide="true" word-end="false">&lt;cf bold=True color=000000 size=12&gt;</bpt><bpt-props><value key="StartTag">w:rPr</value><value key="ParentTag">w:r</value><value key="ContentFormattingTagPairTypeKey">True</value><value key="w:b">&lt;w:b/&gt;</value><value key="Parent: w:b">w:r</value><value key="Bold">True</value><value key="w:color">&lt;w:color w:val=&quot;000000&quot;/&gt;</value><value key="Parent: w:color">w:r</value><value key="TextColor">000000</value><value key="w:sz">&lt;w:sz w:val=&quot;24&quot;/&gt;</value><value key="Parent: w:sz">w:r</value><value key="FontSize">12</value><value key="w:szCs">&lt;w:szCs w:val=&quot;24&quot;/&gt;</value><value key="Parent: w:szCs">w:r</value></bpt-props><ept name="cf" can-hide="true" word-end="false">&lt;/cf&gt;</ept><fmt id="2"/></tag><tag id="1268"><bpt name="cf" can-hide="true" word-end="false">&lt;cf bold=True color=000000 size=12&gt;</bpt><bpt-props><value key="StartTag">w:rPr</value><value key="ParentTag">w:r</value><value key="ContentFormattingTagPairTypeKey">True</value><value key="w:b">&lt;w:b/&gt;</value><value key="Parent: w:b">w:r</value><value key="Bold">True</value><value key="w:color">&lt;w:color w:val=&quot;000000&quot;/&gt;</value><value key="Parent: w:color">w:r</value><value key="TextColor">000000</value><value key="w:sz">&lt;w:sz w:val=&quot;24&quot;/&gt;</value><value key="Parent: w:sz">w:r</value><value key="FontSize">12</value><value key="w:szCs">&lt;w:szCs w:val=&quot;24&quot;/&gt;</value><value key="Parent: w:szCs">w:r</value></bpt-props><ept name="cf" can-hide="true" word-end="false">&lt;/cf&gt;</ept><fmt id="2"/></tag><tag id="1271"><bpt name="cf" can-hide="true" word-end="false">&lt;cf bold=True color=000000 size=12&gt;</bpt><bpt-props><value key="StartTag">w:rPr</value><value key="ParentTag">w:r</value><value key="ContentFormattingTagPairTypeKey">True</value><value key="w:b">&lt;w:b/&gt;</value><value key="Parent: w:b">w:r</value><value key="Bold">True</value><value key="w:color">&lt;w:color w:val=&quot;000000&quot;/&gt;</value><value key="Parent: w:color">w:r</value><value key="TextColor">000000</value><value key="w:sz">&lt;w:sz w:val=&quot;24&quot;/&gt;</value><value key="Parent: w:sz">w:r</value><value key="FontSize">12</value><value key="w:szCs">&lt;w:szCs w:val=&quot;24&quot;/&gt;</value><value key="Parent: w:szCs">w:r</value></bpt-props><ept name="cf" can-hide="true" word-end="false">&lt;/cf&gt;</ept><fmt id="2"/></tag><tag id="1274"><bpt name="cf" can-hide="true" word-end="false">&lt;cf color=000000 size=12&gt;</bpt><bpt-props><value key="StartTag">w:rPr</value><value key="ParentTag">w:r</value><value key="ContentFormattingTagPairTypeKey">True</value><value key="w:color">&lt;w:color w:val=&quot;000000&quot;/&gt;</value><value key="Parent: w:color">w:r</value><value key="TextColor">000000</value><value key="w:sz">&lt;w:sz w:val=&quot;24&quot;/&gt;</value><value key="Parent: w:sz">w:r</value><value key="FontSize">12</value><value key="w:szCs">&lt;w:szCs w:val=&quot;24&quot;/&gt;</value><value key="Parent: w:szCs">w:r</value></bpt-props><ept name="cf" can-hide="true" word-end="false">&lt;/cf&gt;</ept><fmt id="4"/></tag><tag id="1277"><bpt name="cf" can-hide="true" word-end="false">&lt;cf color=000000 size=12&gt;</bpt><bpt-props><value key="StartTag">w:rPr</value><value key="ParentTag">w:r</value><value key="ContentFormattingTagPairTypeKey">True</value><value key="w:color">&lt;w:color w:val=&quot;000000&quot;/&gt;</value><value key="Parent: w:color">w:r</value><value key="TextColor">000000</value><value key="w:sz">&lt;w:sz w:val=&quot;24&quot;/&gt;</value><value key="Parent: w:sz">w:r</value><value key="FontSize">12</value><value key="w:szCs">&lt;w:szCs w:val=&quot;24&quot;/&gt;</value><value key="Parent: w:szCs">w:r</value></bpt-props><ept name="cf" can-hide="true" word-end="false">&lt;/cf&gt;</ept><fmt id="4"/></tag><tag id="1283"><bpt name="cf" can-hide="true" word-end="false">&lt;cf color=000000 size=12&gt;</bpt><bpt-props><value key="StartTag">w:rPr</value><value key="ParentTag">w:r</value><value key="ContentFormattingTagPairTypeKey">True</value><value key="w:color">&lt;w:color w:val=&quot;000000&quot;/&gt;</value><value key="Parent: w:color">w:r</value><value key="TextColor">000000</value><value key="w:sz">&lt;w:sz w:val=&quot;24&quot;/&gt;</value><value key="Parent: w:sz">w:r</value><value key="FontSize">12</value><value key="w:szCs">&lt;w:szCs w:val=&quot;24&quot;/&gt;</value><value key="Parent: w:szCs">w:r</value></bpt-props><ept name="cf" can-hide="true" word-end="false">&lt;/cf&gt;</ept><fmt id="4"/></tag><tag id="1289"><bpt name="cf" can-hide="true" word-end="false">&lt;cf color=000000 size=12&gt;</bpt><bpt-props><value key="StartTag">w:rPr</value><value key="ParentTag">w:r</value><value key="ContentFormattingTagPairTypeKey">True</value><value key="w:color">&lt;w:color w:val=&quot;000000&quot;/&gt;</value><value key="Parent: w:color">w:r</value><value key="TextColor">000000</value><value key="w:sz">&lt;w:sz w:val=&quot;24&quot;/&gt;</value><value key="Parent: w:sz">w:r</value><value key="FontSize">12</value><value key="w:szCs">&lt;w:szCs w:val=&quot;24&quot;/&gt;</value><value key="Parent: w:szCs">w:r</value></bpt-props><ept name="cf" can-hide="true" word-end="false">&lt;/cf&gt;</ept><fmt id="4"/></tag><tag id="1295"><bpt name="cf" can-hide="true" word-end="false">&lt;cf color=000000 size=12&gt;</bpt><bpt-props><value key="StartTag">w:rPr</value><value key="ParentTag">w:r</value><value key="ContentFormattingTagPairTypeKey">True</value><value key="w:color">&lt;w:color w:val=&quot;000000&quot;/&gt;</value><value key="Parent: w:color">w:r</value><value key="TextColor">000000</value><value key="w:sz">&lt;w:sz w:val=&quot;24&quot;/&gt;</value><value key="Parent: w:sz">w:r</value><value key="FontSize">12</value><value key="w:szCs">&lt;w:szCs w:val=&quot;24&quot;/&gt;</value><value key="Parent: w:szCs">w:r</value></bpt-props><ept name="cf" can-hide="true" word-end="false">&lt;/cf&gt;</ept><fmt id="4"/></tag><tag id="1301"><bpt name="cf" can-hide="true" word-end="false">&lt;cf color=000000 size=12&gt;</bpt><bpt-props><value key="StartTag">w:rPr</value><value key="ParentTag">w:r</value><value key="ContentFormattingTagPairTypeKey">True</value><value key="w:color">&lt;w:color w:val=&quot;000000&quot;/&gt;</value><value key="Parent: w:color">w:r</value><value key="TextColor">000000</value><value key="w:sz">&lt;w:sz w:val=&quot;24&quot;/&gt;</value><value key="Parent: w:sz">w:r</value><value key="FontSize">12</value><value key="w:szCs">&lt;w:szCs w:val=&quot;24&quot;/&gt;</value><value key="Parent: w:szCs">w:r</value></bpt-props><ept name="cf" can-hide="true" word-end="false">&lt;/cf&gt;</ept><fmt id="4"/></tag><tag id="1304"><bpt name="cf" can-hide="true" word-end="false">&lt;cf color=000000 size=12&gt;</bpt><bpt-props><value key="StartTag">w:rPr</value><value key="ParentTag">w:r</value><value key="ContentFormattingTagPairTypeKey">True</value><value key="w:color">&lt;w:color w:val=&quot;000000&quot;/&gt;</value><value key="Parent: w:color">w:r</value><value key="TextColor">000000</value><value key="w:sz">&lt;w:sz w:val=&quot;24&quot;/&gt;</value><value key="Parent: w:sz">w:r</value><value key="FontSize">12</value><value key="w:szCs">&lt;w:szCs w:val=&quot;24&quot;/&gt;</value><value key="Parent: w:szCs">w:r</value></bpt-props><ept name="cf" can-hide="true" word-end="false">&lt;/cf&gt;</ept><fmt id="4"/></tag><tag id="1307"><bpt name="cf" can-hide="true" word-end="false">&lt;cf color=000000 size=12&gt;</bpt><bpt-props><value key="StartTag">w:rPr</value><value key="ParentTag">w:r</value><value key="ContentFormattingTagPairTypeKey">True</value><value key="w:color">&lt;w:color w:val=&quot;000000&quot;/&gt;</value><value key="Parent: w:color">w:r</value><value key="TextColor">000000</value><value key="w:sz">&lt;w:sz w:val=&quot;24&quot;/&gt;</value><value key="Parent: w:sz">w:r</value><value key="FontSize">12</value><value key="w:szCs">&lt;w:szCs w:val=&quot;24&quot;/&gt;</value><value key="Parent: w:szCs">w:r</value></bpt-props><ept name="cf" can-hide="true" word-end="false">&lt;/cf&gt;</ept><fmt id="4"/></tag><tag id="1310"><bpt name="cf" can-hide="true" word-end="false">&lt;cf color=000000 size=12&gt;</bpt><bpt-props><value key="StartTag">w:rPr</value><value key="ParentTag">w:r</value><value key="ContentFormattingTagPairTypeKey">True</value><value key="w:color">&lt;w:color w:val=&quot;000000&quot;/&gt;</value><value key="Parent: w:color">w:r</value><value key="TextColor">000000</value><value key="w:sz">&lt;w:sz w:val=&quot;24&quot;/&gt;</value><value key="Parent: w:sz">w:r</value><value key="FontSize">12</value><value key="w:szCs">&lt;w:szCs w:val=&quot;24&quot;/&gt;</value><value key="Parent: w:szCs">w:r</value></bpt-props><ept name="cf" can-hide="true" word-end="false">&lt;/cf&gt;</ept><fmt id="4"/></tag><tag id="1313"><bpt name="cf" can-hide="true" word-end="false">&lt;cf color=000000 size=12&gt;</bpt><bpt-props><value key="StartTag">w:rPr</value><value key="ParentTag">w:r</value><value key="ContentFormattingTagPairTypeKey">True</value><value key="w:color">&lt;w:color w:val=&quot;000000&quot;/&gt;</value><value key="Parent: w:color">w:r</value><value key="TextColor">000000</value><value key="w:sz">&lt;w:sz w:val=&quot;24&quot;/&gt;</value><value key="Parent: w:sz">w:r</value><value key="FontSize">12</value><value key="w:szCs">&lt;w:szCs w:val=&quot;24&quot;/&gt;</value><value key="Parent: w:szCs">w:r</value></bpt-props><ept name="cf" can-hide="true" word-end="false">&lt;/cf&gt;</ept><fmt id="4"/></tag><tag id="1316"><bpt name="cf" can-hide="true" word-end="false">&lt;cf color=000000 size=12&gt;</bpt><bpt-props><value key="StartTag">w:rPr</value><value key="ParentTag">w:r</value><value key="ContentFormattingTagPairTypeKey">True</value><value key="w:color">&lt;w:color w:val=&quot;000000&quot;/&gt;</value><value key="Parent: w:color">w:r</value><value key="TextColor">000000</value><value key="w:sz">&lt;w:sz w:val=&quot;24&quot;/&gt;</value><value key="Parent: w:sz">w:r</value><value key="FontSize">12</value><value key="w:szCs">&lt;w:szCs w:val=&quot;24&quot;/&gt;</value><value key="Parent: w:szCs">w:r</value></bpt-props><ept name="cf" can-hide="true" word-end="false">&lt;/cf&gt;</ept><fmt id="4"/></tag><tag id="1319"><bpt name="cf" can-hide="true" word-end="false">&lt;cf color=000000 size=12&gt;</bpt><bpt-props><value key="StartTag">w:rPr</value><value key="ParentTag">w:r</value><value key="ContentFormattingTagPairTypeKey">True</value><value key="w:color">&lt;w:color w:val=&quot;000000&quot;/&gt;</value><value key="Parent: w:color">w:r</value><value key="TextColor">000000</value><value key="w:sz">&lt;w:sz w:val=&quot;24&quot;/&gt;</value><value key="Parent: w:sz">w:r</value><value key="FontSize">12</value><value key="w:szCs">&lt;w:szCs w:val=&quot;24&quot;/&gt;</value><value key="Parent: w:szCs">w:r</value></bpt-props><ept name="cf" can-hide="true" word-end="false">&lt;/cf&gt;</ept><fmt id="4"/></tag><tag id="1322"><bpt name="cf" can-hide="true" word-end="false">&lt;cf color=000000 size=12&gt;</bpt><bpt-props><value key="StartTag">w:rPr</value><value key="ParentTag">w:r</value><value key="ContentFormattingTagPairTypeKey">True</value><value key="w:color">&lt;w:color w:val=&quot;000000&quot;/&gt;</value><value key="Parent: w:color">w:r</value><value key="TextColor">000000</value><value key="w:sz">&lt;w:sz w:val=&quot;24&quot;/&gt;</value><value key="Parent: w:sz">w:r</value><value key="FontSize">12</value><value key="w:szCs">&lt;w:szCs w:val=&quot;24&quot;/&gt;</value><value key="Parent: w:szCs">w:r</value></bpt-props><ept name="cf" can-hide="true" word-end="false">&lt;/cf&gt;</ept><fmt id="4"/></tag><tag id="1325"><bpt name="cf" can-hide="true" word-end="false">&lt;cf color=000000 size=12&gt;</bpt><bpt-props><value key="StartTag">w:rPr</value><value key="ParentTag">w:r</value><value key="ContentFormattingTagPairTypeKey">True</value><value key="w:color">&lt;w:color w:val=&quot;000000&quot;/&gt;</value><value key="Parent: w:color">w:r</value><value key="TextColor">000000</value><value key="w:sz">&lt;w:sz w:val=&quot;24&quot;/&gt;</value><value key="Parent: w:sz">w:r</value><value key="FontSize">12</value><value key="w:szCs">&lt;w:szCs w:val=&quot;24&quot;/&gt;</value><value key="Parent: w:szCs">w:r</value></bpt-props><ept name="cf" can-hide="true" word-end="false">&lt;/cf&gt;</ept><fmt id="4"/></tag><tag id="1328"><bpt name="cf" can-hide="true" word-end="false">&lt;cf color=000000 size=12&gt;</bpt><bpt-props><value key="StartTag">w:rPr</value><value key="ParentTag">w:r</value><value key="ContentFormattingTagPairTypeKey">True</value><value key="w:color">&lt;w:color w:val=&quot;000000&quot;/&gt;</value><value key="Parent: w:color">w:r</value><value key="TextColor">000000</value><value key="w:sz">&lt;w:sz w:val=&quot;24&quot;/&gt;</value><value key="Parent: w:sz">w:r</value><value key="FontSize">12</value><value key="w:szCs">&lt;w:szCs w:val=&quot;24&quot;/&gt;</value><value key="Parent: w:szCs">w:r</value></bpt-props><ept name="cf" can-hide="true" word-end="false">&lt;/cf&gt;</ept><fmt id="4"/></tag><tag id="1331"><bpt name="cf" can-hide="true" word-end="false">&lt;cf color=000000 size=12&gt;</bpt><bpt-props><value key="StartTag">w:rPr</value><value key="ParentTag">w:r</value><value key="ContentFormattingTagPairTypeKey">True</value><value key="w:color">&lt;w:color w:val=&quot;000000&quot;/&gt;</value><value key="Parent: w:color">w:r</value><value key="TextColor">000000</value><value key="w:sz">&lt;w:sz w:val=&quot;24&quot;/&gt;</value><value key="Parent: w:sz">w:r</value><value key="FontSize">12</value><value key="w:szCs">&lt;w:szCs w:val=&quot;24&quot;/&gt;</value><value key="Parent: w:szCs">w:r</value></bpt-props><ept name="cf" can-hide="true" word-end="false">&lt;/cf&gt;</ept><fmt id="4"/></tag><tag id="1334"><bpt name="cf" can-hide="true" word-end="false">&lt;cf color=000000 size=12&gt;</bpt><bpt-props><value key="StartTag">w:rPr</value><value key="ParentTag">w:r</value><value key="ContentFormattingTagPairTypeKey">True</value><value key="w:color">&lt;w:color w:val=&quot;000000&quot;/&gt;</value><value key="Parent: w:color">w:r</value><value key="TextColor">000000</value><value key="w:sz">&lt;w:sz w:val=&quot;24&quot;/&gt;</value><value key="Parent: w:sz">w:r</value><value key="FontSize">12</value><value key="w:szCs">&lt;w:szCs w:val=&quot;24&quot;/&gt;</value><value key="Parent: w:szCs">w:r</value></bpt-props><ept name="cf" can-hide="true" word-end="false">&lt;/cf&gt;</ept><fmt id="4"/></tag><tag id="1337"><bpt name="cf" can-hide="true" word-end="false">&lt;cf color=000000 size=12&gt;</bpt><bpt-props><value key="StartTag">w:rPr</value><value key="ParentTag">w:r</value><value key="ContentFormattingTagPairTypeKey">True</value><value key="w:color">&lt;w:color w:val=&quot;000000&quot;/&gt;</value><value key="Parent: w:color">w:r</value><value key="TextColor">000000</value><value key="w:sz">&lt;w:sz w:val=&quot;24&quot;/&gt;</value><value key="Parent: w:sz">w:r</value><value key="FontSize">12</value><value key="w:szCs">&lt;w:szCs w:val=&quot;24&quot;/&gt;</value><value key="Parent: w:szCs">w:r</value></bpt-props><ept name="cf" can-hide="true" word-end="false">&lt;/cf&gt;</ept><fmt id="4"/></tag><tag id="1343"><bpt name="cf" can-hide="true" word-end="false">&lt;cf superscript=True&gt;</bpt><bpt-props><value key="StartTag">w:rPr</value><value key="ParentTag">w:r</value><value key="ContentFormattingTagPairTypeKey">True</value><value key="Parent: w:color">w:r</value><value key="Parent: w:sz">w:r</value><value key="Parent: w:szCs">w:r</value><value key="w:vertAlign">&lt;w:vertAlign w:val=&quot;superscript&quot;/&gt;</value><value key="Parent: w:vertAlign">w:r</value><value key="TextPosition">Superscript</value></bpt-props><ept name="cf" can-hide="true" word-end="false">&lt;/cf&gt;</ept><fmt id="8"/></tag><tag id="1340"><bpt name="cf" can-hide="true" word-end="false">&lt;cf color=000000 size=12&gt;</bpt><bpt-props><value key="StartTag">w:rPr</value><value key="ParentTag">w:r</value><value key="ContentFormattingTagPairTypeKey">True</value><value key="w:color">&lt;w:color w:val=&quot;000000&quot;/&gt;</value><value key="Parent: w:color">w:r</value><value key="TextColor">000000</value><value key="w:sz">&lt;w:sz w:val=&quot;24&quot;/&gt;</value><value key="Parent: w:sz">w:r</value><value key="FontSize">12</value><value key="w:szCs">&lt;w:szCs w:val=&quot;24&quot;/&gt;</value><value key="Parent: w:szCs">w:r</value></bpt-props><ept name="cf" can-hide="true" word-end="false">&lt;/cf&gt;</ept><fmt id="4"/></tag><tag id="1346"><bpt name="cf" can-hide="true" word-end="false">&lt;cf color=000000 size=12&gt;</bpt><bpt-props><value key="StartTag">w:rPr</value><value key="ParentTag">w:r</value><value key="ContentFormattingTagPairTypeKey">True</value><value key="w:color">&lt;w:color w:val=&quot;000000&quot;/&gt;</value><value key="Parent: w:color">w:r</value><value key="TextColor">000000</value><value key="w:sz">&lt;w:sz w:val=&quot;24&quot;/&gt;</value><value key="Parent: w:sz">w:r</value><value key="FontSize">12</value><value key="w:szCs">&lt;w:szCs w:val=&quot;24&quot;/&gt;</value><value key="Parent: w:szCs">w:r</value></bpt-props><ept name="cf" can-hide="true" word-end="false">&lt;/cf&gt;</ept><fmt id="4"/></tag><tag id="1349"><bpt name="cf" can-hide="true" word-end="false">&lt;cf color=000000 size=12&gt;</bpt><bpt-props><value key="StartTag">w:rPr</value><value key="ParentTag">w:r</value><value key="ContentFormattingTagPairTypeKey">True</value><value key="w:color">&lt;w:color w:val=&quot;000000&quot;/&gt;</value><value key="Parent: w:color">w:r</value><value key="TextColor">000000</value><value key="w:sz">&lt;w:sz w:val=&quot;24&quot;/&gt;</value><value key="Parent: w:sz">w:r</value><value key="FontSize">12</value><value key="w:szCs">&lt;w:szCs w:val=&quot;24&quot;/&gt;</value><value key="Parent: w:szCs">w:r</value></bpt-props><ept name="cf" can-hide="true" word-end="false">&lt;/cf&gt;</ept><fmt id="4"/></tag><tag id="1352"><bpt name="cf" can-hide="true" word-end="false">&lt;cf color=000000 size=12&gt;</bpt><bpt-props><value key="StartTag">w:rPr</value><value key="ParentTag">w:r</value><value key="ContentFormattingTagPairTypeKey">True</value><value key="w:color">&lt;w:color w:val=&quot;000000&quot;/&gt;</value><value key="Parent: w:color">w:r</value><value key="TextColor">000000</value><value key="w:sz">&lt;w:sz w:val=&quot;24&quot;/&gt;</value><value key="Parent: w:sz">w:r</value><value key="FontSize">12</value><value key="w:szCs">&lt;w:szCs w:val=&quot;24&quot;/&gt;</value><value key="Parent: w:szCs">w:r</value></bpt-props><ept name="cf" can-hide="true" word-end="false">&lt;/cf&gt;</ept><fmt id="4"/></tag><tag id="1355"><bpt name="cf" can-hide="true" word-end="false">&lt;cf color=000000 size=12&gt;</bpt><bpt-props><value key="StartTag">w:rPr</value><value key="ParentTag">w:r</value><value key="ContentFormattingTagPairTypeKey">True</value><value key="w:color">&lt;w:color w:val=&quot;000000&quot;/&gt;</value><value key="Parent: w:color">w:r</value><value key="TextColor">000000</value><value key="w:sz">&lt;w:sz w:val=&quot;24&quot;/&gt;</value><value key="Parent: w:sz">w:r</value><value key="FontSize">12</value><value key="w:szCs">&lt;w:szCs w:val=&quot;24&quot;/&gt;</value><value key="Parent: w:szCs">w:r</value></bpt-props><ept name="cf" can-hide="true" word-end="false">&lt;/cf&gt;</ept><fmt id="4"/></tag><tag id="1358"><bpt name="cf" can-hide="true" word-end="false">&lt;cf color=000000 size=12&gt;</bpt><bpt-props><value key="StartTag">w:rPr</value><value key="ParentTag">w:r</value><value key="ContentFormattingTagPairTypeKey">True</value><value key="w:color">&lt;w:color w:val=&quot;000000&quot;/&gt;</value><value key="Parent: w:color">w:r</value><value key="TextColor">000000</value><value key="w:sz">&lt;w:sz w:val=&quot;24&quot;/&gt;</value><value key="Parent: w:sz">w:r</value><value key="FontSize">12</value><value key="w:szCs">&lt;w:szCs w:val=&quot;24&quot;/&gt;</value><value key="Parent: w:szCs">w:r</value></bpt-props><ept name="cf" can-hide="true" word-end="false">&lt;/cf&gt;</ept><fmt id="4"/></tag><tag id="1361"><bpt name="cf" can-hide="true" word-end="false">&lt;cf color=000000 size=12&gt;</bpt><bpt-props><value key="StartTag">w:rPr</value><value key="ParentTag">w:r</value><value key="ContentFormattingTagPairTypeKey">True</value><value key="w:color">&lt;w:color w:val=&quot;000000&quot;/&gt;</value><value key="Parent: w:color">w:r</value><value key="TextColor">000000</value><value key="w:sz">&lt;w:sz w:val=&quot;24&quot;/&gt;</value><value key="Parent: w:sz">w:r</value><value key="FontSize">12</value><value key="w:szCs">&lt;w:szCs w:val=&quot;24&quot;/&gt;</value><value key="Parent: w:szCs">w:r</value></bpt-props><ept name="cf" can-hide="true" word-end="false">&lt;/cf&gt;</ept><fmt id="4"/></tag><tag id="1364"><bpt name="cf" can-hide="true" word-end="false">&lt;cf color=000000 size=12&gt;</bpt><bpt-props><value key="StartTag">w:rPr</value><value key="ParentTag">w:r</value><value key="ContentFormattingTagPairTypeKey">True</value><value key="w:color">&lt;w:color w:val=&quot;000000&quot;/&gt;</value><value key="Parent: w:color">w:r</value><value key="TextColor">000000</value><value key="w:sz">&lt;w:sz w:val=&quot;24&quot;/&gt;</value><value key="Parent: w:sz">w:r</value><value key="FontSize">12</value><value key="w:szCs">&lt;w:szCs w:val=&quot;24&quot;/&gt;</value><value key="Parent: w:szCs">w:r</value></bpt-props><ept name="cf" can-hide="true" word-end="false">&lt;/cf&gt;</ept><fmt id="4"/></tag><tag id="1367"><bpt name="cf" can-hide="true" word-end="false">&lt;cf color=000000 size=12&gt;</bpt><bpt-props><value key="StartTag">w:rPr</value><value key="ParentTag">w:r</value><value key="ContentFormattingTagPairTypeKey">True</value><value key="w:color">&lt;w:color w:val=&quot;000000&quot;/&gt;</value><value key="Parent: w:color">w:r</value><value key="TextColor">000000</value><value key="w:sz">&lt;w:sz w:val=&quot;24&quot;/&gt;</value><value key="Parent: w:sz">w:r</value><value key="FontSize">12</value><value key="w:szCs">&lt;w:szCs w:val=&quot;24&quot;/&gt;</value><value key="Parent: w:szCs">w:r</value></bpt-props><ept name="cf" can-hide="true" word-end="false">&lt;/cf&gt;</ept><fmt id="4"/></tag><tag id="1370"><bpt name="cf" can-hide="true" word-end="false">&lt;cf color=000000 size=12&gt;</bpt><bpt-props><value key="StartTag">w:rPr</value><value key="ParentTag">w:r</value><value key="ContentFormattingTagPairTypeKey">True</value><value key="w:color">&lt;w:color w:val=&quot;000000&quot;/&gt;</value><value key="Parent: w:color">w:r</value><value key="TextColor">000000</value><value key="w:sz">&lt;w:sz w:val=&quot;24&quot;/&gt;</value><value key="Parent: w:sz">w:r</value><value key="FontSize">12</value><value key="w:szCs">&lt;w:szCs w:val=&quot;24&quot;/&gt;</value><value key="Parent: w:szCs">w:r</value></bpt-props><ept name="cf" can-hide="true" word-end="false">&lt;/cf&gt;</ept><fmt id="4"/></tag><tag id="1373"><bpt name="cf" can-hide="true" word-end="false">&lt;cf color=000000 size=12&gt;</bpt><bpt-props><value key="StartTag">w:rPr</value><value key="ParentTag">w:r</value><value key="ContentFormattingTagPairTypeKey">True</value><value key="w:color">&lt;w:color w:val=&quot;000000&quot;/&gt;</value><value key="Parent: w:color">w:r</value><value key="TextColor">000000</value><value key="w:sz">&lt;w:sz w:val=&quot;24&quot;/&gt;</value><value key="Parent: w:sz">w:r</value><value key="FontSize">12</value><value key="w:szCs">&lt;w:szCs w:val=&quot;24&quot;/&gt;</value><value key="Parent: w:szCs">w:r</value></bpt-props><ept name="cf" can-hide="true" word-end="false">&lt;/cf&gt;</ept><fmt id="4"/></tag><tag id="1376"><bpt name="cf" can-hide="true" word-end="false">&lt;cf color=000000 size=12&gt;</bpt><bpt-props><value key="StartTag">w:rPr</value><value key="ParentTag">w:r</value><value key="ContentFormattingTagPairTypeKey">True</value><value key="w:color">&lt;w:color w:val=&quot;000000&quot;/&gt;</value><value key="Parent: w:color">w:r</value><value key="TextColor">000000</value><value key="w:sz">&lt;w:sz w:val=&quot;24&quot;/&gt;</value><value key="Parent: w:sz">w:r</value><value key="FontSize">12</value><value key="w:szCs">&lt;w:szCs w:val=&quot;24&quot;/&gt;</value><value key="Parent: w:szCs">w:r</value></bpt-props><ept name="cf" can-hide="true" word-end="false">&lt;/cf&gt;</ept><fmt id="4"/></tag><tag id="1379"><bpt name="cf" can-hide="true" word-end="false">&lt;cf color=000000 size=12&gt;</bpt><bpt-props><value key="StartTag">w:rPr</value><value key="ParentTag">w:r</value><value key="ContentFormattingTagPairTypeKey">True</value><value key="w:color">&lt;w:color w:val=&quot;000000&quot;/&gt;</value><value key="Parent: w:color">w:r</value><value key="TextColor">000000</value><value key="w:sz">&lt;w:sz w:val=&quot;24&quot;/&gt;</value><value key="Parent: w:sz">w:r</value><value key="FontSize">12</value><value key="w:szCs">&lt;w:szCs w:val=&quot;24&quot;/&gt;</value><value key="Parent: w:szCs">w:r</value></bpt-props><ept name="cf" can-hide="true" word-end="false">&lt;/cf&gt;</ept><fmt id="4"/></tag><tag id="1382"><bpt name="cf" can-hide="true" word-end="false">&lt;cf color=000000 size=12&gt;</bpt><bpt-props><value key="StartTag">w:rPr</value><value key="ParentTag">w:r</value><value key="ContentFormattingTagPairTypeKey">True</value><value key="w:color">&lt;w:color w:val=&quot;000000&quot;/&gt;</value><value key="Parent: w:color">w:r</value><value key="TextColor">000000</value><value key="w:sz">&lt;w:sz w:val=&quot;24&quot;/&gt;</value><value key="Parent: w:sz">w:r</value><value key="FontSize">12</value><value key="w:szCs">&lt;w:szCs w:val=&quot;24&quot;/&gt;</value><value key="Parent: w:szCs">w:r</value></bpt-props><ept name="cf" can-hide="true" word-end="false">&lt;/cf&gt;</ept><fmt id="4"/></tag><tag id="1385"><bpt name="cf" can-hide="true" word-end="false">&lt;cf color=000000 size=12&gt;</bpt><bpt-props><value key="StartTag">w:rPr</value><value key="ParentTag">w:r</value><value key="ContentFormattingTagPairTypeKey">True</value><value key="w:color">&lt;w:color w:val=&quot;000000&quot;/&gt;</value><value key="Parent: w:color">w:r</value><value key="TextColor">000000</value><value key="w:sz">&lt;w:sz w:val=&quot;24&quot;/&gt;</value><value key="Parent: w:sz">w:r</value><value key="FontSize">12</value><value key="w:szCs">&lt;w:szCs w:val=&quot;24&quot;/&gt;</value><value key="Parent: w:szCs">w:r</value></bpt-props><ept name="cf" can-hide="true" word-end="false">&lt;/cf&gt;</ept><fmt id="4"/></tag><tag id="1388"><bpt name="cf" can-hide="true" word-end="false">&lt;cf color=000000 size=12&gt;</bpt><bpt-props><value key="StartTag">w:rPr</value><value key="ParentTag">w:r</value><value key="ContentFormattingTagPairTypeKey">True</value><value key="w:color">&lt;w:color w:val=&quot;000000&quot;/&gt;</value><value key="Parent: w:color">w:r</value><value key="TextColor">000000</value><value key="w:sz">&lt;w:sz w:val=&quot;24&quot;/&gt;</value><value key="Parent: w:sz">w:r</value><value key="FontSize">12</value><value key="w:szCs">&lt;w:szCs w:val=&quot;24&quot;/&gt;</value><value key="Parent: w:szCs">w:r</value></bpt-props><ept name="cf" can-hide="true" word-end="false">&lt;/cf&gt;</ept><fmt id="4"/></tag><tag id="1391"><bpt name="cf" can-hide="true" word-end="false">&lt;cf color=000000 size=12&gt;</bpt><bpt-props><value key="StartTag">w:rPr</value><value key="ParentTag">w:r</value><value key="ContentFormattingTagPairTypeKey">True</value><value key="w:color">&lt;w:color w:val=&quot;000000&quot;/&gt;</value><value key="Parent: w:color">w:r</value><value key="TextColor">000000</value><value key="w:sz">&lt;w:sz w:val=&quot;24&quot;/&gt;</value><value key="Parent: w:sz">w:r</value><value key="FontSize">12</value><value key="w:szCs">&lt;w:szCs w:val=&quot;24&quot;/&gt;</value><value key="Parent: w:szCs">w:r</value></bpt-props><ept name="cf" can-hide="true" word-end="false">&lt;/cf&gt;</ept><fmt id="4"/></tag><tag id="1394"><bpt name="cf" can-hide="true" word-end="false">&lt;cf color=000000 size=12&gt;</bpt><bpt-props><value key="StartTag">w:rPr</value><value key="ParentTag">w:r</value><value key="ContentFormattingTagPairTypeKey">True</value><value key="w:color">&lt;w:color w:val=&quot;000000&quot;/&gt;</value><value key="Parent: w:color">w:r</value><value key="TextColor">000000</value><value key="w:sz">&lt;w:sz w:val=&quot;24&quot;/&gt;</value><value key="Parent: w:sz">w:r</value><value key="FontSize">12</value><value key="w:szCs">&lt;w:szCs w:val=&quot;24&quot;/&gt;</value><value key="Parent: w:szCs">w:r</value></bpt-props><ept name="cf" can-hide="true" word-end="false">&lt;/cf&gt;</ept><fmt id="4"/></tag><tag id="1397"><bpt name="cf" can-hide="true" word-end="false">&lt;cf color=000000 size=12&gt;</bpt><bpt-props><value key="StartTag">w:rPr</value><value key="ParentTag">w:r</value><value key="ContentFormattingTagPairTypeKey">True</value><value key="w:color">&lt;w:color w:val=&quot;000000&quot;/&gt;</value><value key="Parent: w:color">w:r</value><value key="TextColor">000000</value><value key="w:sz">&lt;w:sz w:val=&quot;24&quot;/&gt;</value><value key="Parent: w:sz">w:r</value><value key="FontSize">12</value><value key="w:szCs">&lt;w:szCs w:val=&quot;24&quot;/&gt;</value><value key="Parent: w:szCs">w:r</value></bpt-props><ept name="cf" can-hide="true" word-end="false">&lt;/cf&gt;</ept><fmt id="4"/></tag><tag id="1400"><bpt name="cf" can-hide="true" word-end="false">&lt;cf color=000000 size=12&gt;</bpt><bpt-props><value key="StartTag">w:rPr</value><value key="ParentTag">w:r</value><value key="ContentFormattingTagPairTypeKey">True</value><value key="w:color">&lt;w:color w:val=&quot;000000&quot;/&gt;</value><value key="Parent: w:color">w:r</value><value key="TextColor">000000</value><value key="w:sz">&lt;w:sz w:val=&quot;24&quot;/&gt;</value><value key="Parent: w:sz">w:r</value><value key="FontSize">12</value><value key="w:szCs">&lt;w:szCs w:val=&quot;24&quot;/&gt;</value><value key="Parent: w:szCs">w:r</value></bpt-props><ept name="cf" can-hide="true" word-end="false">&lt;/cf&gt;</ept><fmt id="4"/></tag><tag id="1403"><bpt name="cf" can-hide="true" word-end="false">&lt;cf color=000000 size=12&gt;</bpt><bpt-props><value key="StartTag">w:rPr</value><value key="ParentTag">w:r</value><value key="ContentFormattingTagPairTypeKey">True</value><value key="w:color">&lt;w:color w:val=&quot;000000&quot;/&gt;</value><value key="Parent: w:color">w:r</value><value key="TextColor">000000</value><value key="w:sz">&lt;w:sz w:val=&quot;24&quot;/&gt;</value><value key="Parent: w:sz">w:r</value><value key="FontSize">12</value><value key="w:szCs">&lt;w:szCs w:val=&quot;24&quot;/&gt;</value><value key="Parent: w:szCs">w:r</value></bpt-props><ept name="cf" can-hide="true" word-end="false">&lt;/cf&gt;</ept><fmt id="4"/></tag><tag id="1406"><bpt name="cf" can-hide="true" word-end="false">&lt;cf color=000000 size=12&gt;</bpt><bpt-props><value key="StartTag">w:rPr</value><value key="ParentTag">w:r</value><value key="ContentFormattingTagPairTypeKey">True</value><value key="w:color">&lt;w:color w:val=&quot;000000&quot;/&gt;</value><value key="Parent: w:color">w:r</value><value key="TextColor">000000</value><value key="w:sz">&lt;w:sz w:val=&quot;24&quot;/&gt;</value><value key="Parent: w:sz">w:r</value><value key="FontSize">12</value><value key="w:szCs">&lt;w:szCs w:val=&quot;24&quot;/&gt;</value><value key="Parent: w:szCs">w:r</value></bpt-props><ept name="cf" can-hide="true" word-end="false">&lt;/cf&gt;</ept><fmt id="4"/></tag><tag id="1412"><bpt name="cf" can-hide="true" word-end="false">&lt;cf underline=single&gt;</bpt><bpt-props><value key="StartTag">w:rPr</value><value key="ParentTag">w:r</value><value key="ContentFormattingTagPairTypeKey">True</value><value key="Parent: w:color">w:r</value><value key="Parent: w:sz">w:r</value><value key="Parent: w:szCs">w:r</value><value key="w:u">&lt;w:u w:val=&quot;single&quot;/&gt;</value><value key="Parent: w:u">w:r</value><value key="Underline">single</value></bpt-props><ept name="cf" can-hide="true" word-end="false">&lt;/cf&gt;</ept><fmt id="11"/></tag><tag id="1409"><bpt name="cf" can-hide="true" word-end="false">&lt;cf color=000000 size=12&gt;</bpt><bpt-props><value key="StartTag">w:rPr</value><value key="ParentTag">w:r</value><value key="ContentFormattingTagPairTypeKey">True</value><value key="w:color">&lt;w:color w:val=&quot;000000&quot;/&gt;</value><value key="Parent: w:color">w:r</value><value key="TextColor">000000</value><value key="w:sz">&lt;w:sz w:val=&quot;24&quot;/&gt;</value><value key="Parent: w:sz">w:r</value><value key="FontSize">12</value><value key="w:szCs">&lt;w:szCs w:val=&quot;24&quot;/&gt;</value><value key="Parent: w:szCs">w:r</value></bpt-props><ept name="cf" can-hide="true" word-end="false">&lt;/cf&gt;</ept><fmt id="4"/></tag><tag id="1421"><bpt name="cf" can-hide="true" word-end="false">&lt;cf underline=single&gt;</bpt><bpt-props><value key="StartTag">w:rPr</value><value key="ParentTag">w:r</value><value key="ContentFormattingTagPairTypeKey">True</value><value key="Parent: w:color">w:r</value><value key="Parent: w:sz">w:r</value><value key="Parent: w:szCs">w:r</value><value key="w:u">&lt;w:u w:val=&quot;single&quot;/&gt;</value><value key="Parent: w:u">w:r</value><value key="Underline">single</value></bpt-props><ept name="cf" can-hide="true" word-end="false">&lt;/cf&gt;</ept><fmt id="11"/></tag><tag id="1433"><bpt name="cf" can-hide="true" word-end="false">&lt;cf underline=single&gt;</bpt><bpt-props><value key="StartTag">w:rPr</value><value key="ParentTag">w:r</value><value key="ContentFormattingTagPairTypeKey">True</value><value key="Parent: w:color">w:r</value><value key="Parent: w:sz">w:r</value><value key="Parent: w:szCs">w:r</value><value key="w:u">&lt;w:u w:val=&quot;single&quot;/&gt;</value><value key="Parent: w:u">w:r</value><value key="Underline">single</value></bpt-props><ept name="cf" can-hide="true" word-end="false">&lt;/cf&gt;</ept><fmt id="11"/></tag><tag id="1418"><bpt name="cf" can-hide="true" word-end="false">&lt;cf color=000000 size=12&gt;</bpt><bpt-props><value key="StartTag">w:rPr</value><value key="ParentTag">w:r</value><value key="ContentFormattingTagPairTypeKey">True</value><value key="w:color">&lt;w:color w:val=&quot;000000&quot;/&gt;</value><value key="Parent: w:color">w:r</value><value key="TextColor">000000</value><value key="w:sz">&lt;w:sz w:val=&quot;24&quot;/&gt;</value><value key="Parent: w:sz">w:r</value><value key="FontSize">12</value><value key="w:szCs">&lt;w:szCs w:val=&quot;24&quot;/&gt;</value><value key="Parent: w:szCs">w:r</value></bpt-props><ept name="cf" can-hide="true" word-end="false">&lt;/cf&gt;</ept><fmt id="4"/></tag><tag id="1445"><bpt name="cf" can-hide="true" word-end="false">&lt;cf underline=single&gt;</bpt><bpt-props><value key="StartTag">w:rPr</value><value key="ParentTag">w:r</value><value key="ContentFormattingTagPairTypeKey">True</value><value key="Parent: w:color">w:r</value><value key="Parent: w:sz">w:r</value><value key="Parent: w:szCs">w:r</value><value key="w:u">&lt;w:u w:val=&quot;single&quot;/&gt;</value><value key="Parent: w:u">w:r</value><value key="Underline">single</value></bpt-props><ept name="cf" can-hide="true" word-end="false">&lt;/cf&gt;</ept><fmt id="11"/></tag><tag id="1442"><bpt name="cf" can-hide="true" word-end="false">&lt;cf color=000000 size=12&gt;</bpt><bpt-props><value key="StartTag">w:rPr</value><value key="ParentTag">w:r</value><value key="ContentFormattingTagPairTypeKey">True</value><value key="w:color">&lt;w:color w:val=&quot;000000&quot;/&gt;</value><value key="Parent: w:color">w:r</value><value key="TextColor">000000</value><value key="w:sz">&lt;w:sz w:val=&quot;24&quot;/&gt;</value><value key="Parent: w:sz">w:r</value><value key="FontSize">12</value><value key="w:szCs">&lt;w:szCs w:val=&quot;24&quot;/&gt;</value><value key="Parent: w:szCs">w:r</value></bpt-props><ept name="cf" can-hide="true" word-end="false">&lt;/cf&gt;</ept><fmt id="4"/></tag><tag id="1454"><bpt name="cf" can-hide="true" word-end="false">&lt;cf underline=single&gt;</bpt><bpt-props><value key="StartTag">w:rPr</value><value key="ParentTag">w:r</value><value key="ContentFormattingTagPairTypeKey">True</value><value key="Parent: w:color">w:r</value><value key="Parent: w:sz">w:r</value><value key="Parent: w:szCs">w:r</value><value key="w:u">&lt;w:u w:val=&quot;single&quot;/&gt;</value><value key="Parent: w:u">w:r</value><value key="Underline">single</value></bpt-props><ept name="cf" can-hide="true" word-end="false">&lt;/cf&gt;</ept><fmt id="11"/></tag><tag id="1451"><bpt name="cf" can-hide="true" word-end="false">&lt;cf color=000000 size=12&gt;</bpt><bpt-props><value key="StartTag">w:rPr</value><value key="ParentTag">w:r</value><value key="ContentFormattingTagPairTypeKey">True</value><value key="w:color">&lt;w:color w:val=&quot;000000&quot;/&gt;</value><value key="Parent: w:color">w:r</value><value key="TextColor">000000</value><value key="w:sz">&lt;w:sz w:val=&quot;24&quot;/&gt;</value><value key="Parent: w:sz">w:r</value><value key="FontSize">12</value><value key="w:szCs">&lt;w:szCs w:val=&quot;24&quot;/&gt;</value><value key="Parent: w:szCs">w:r</value></bpt-props><ept name="cf" can-hide="true" word-end="false">&lt;/cf&gt;</ept><fmt id="4"/></tag><tag id="1466"><bpt name="cf" can-hide="true" word-end="false">&lt;cf color=000000 size=12&gt;</bpt><bpt-props><value key="StartTag">w:rPr</value><value key="ParentTag">w:r</value><value key="ContentFormattingTagPairTypeKey">True</value><value key="w:color">&lt;w:color w:val=&quot;000000&quot;/&gt;</value><value key="Parent: w:color">w:r</value><value key="TextColor">000000</value><value key="w:sz">&lt;w:sz w:val=&quot;24&quot;/&gt;</value><value key="Parent: w:sz">w:r</value><value key="FontSize">12</value><value key="w:szCs">&lt;w:szCs w:val=&quot;24&quot;/&gt;</value><value key="Parent: w:szCs">w:r</value></bpt-props><ept name="cf" can-hide="true" word-end="false">&lt;/cf&gt;</ept><fmt id="4"/></tag><tag id="1473"><bpt name="cf" can-hide="true" word-end="false">&lt;cf color=000000 size=12 underline=single&gt;</bpt><bpt-props><value key="StartTag">w:rPr</value><value key="ParentTag">w:r</value><value key="ContentFormattingTagPairTypeKey">True</value><value key="w:color">&lt;w:color w:val=&quot;000000&quot;/&gt;</value><value key="Parent: w:color">w:r</value><value key="TextColor">000000</value><value key="w:sz">&lt;w:sz w:val=&quot;24&quot;/&gt;</value><value key="Parent: w:sz">w:r</value><value key="FontSize">12</value><value key="w:szCs">&lt;w:szCs w:val=&quot;24&quot;/&gt;</value><value key="Parent: w:szCs">w:r</value><value key="w:u">&lt;w:u w:val=&quot;single&quot;/&gt;</value><value key="Parent: w:u">w:r</value><value key="Underline">single</value></bpt-props><ept name="cf" can-hide="true" word-end="false">&lt;/cf&gt;</ept><fmt id="7"/></tag><tag id="1476"><bpt name="cf" can-hide="true" word-end="false">&lt;cf color=000000 size=12&gt;</bpt><bpt-props><value key="StartTag">w:rPr</value><value key="ParentTag">w:r</value><value key="ContentFormattingTagPairTypeKey">True</value><value key="w:color">&lt;w:color w:val=&quot;000000&quot;/&gt;</value><value key="Parent: w:color">w:r</value><value key="TextColor">000000</value><value key="w:sz">&lt;w:sz w:val=&quot;24&quot;/&gt;</value><value key="Parent: w:sz">w:r</value><value key="FontSize">12</value><value key="w:szCs">&lt;w:szCs w:val=&quot;24&quot;/&gt;</value><value key="Parent: w:szCs">w:r</value></bpt-props><ept name="cf" can-hide="true" word-end="false">&lt;/cf&gt;</ept><fmt id="4"/></tag><tag id="1479"><bpt name="cf" can-hide="true" word-end="false">&lt;cf color=000000 size=12&gt;</bpt><bpt-props><value key="StartTag">w:rPr</value><value key="ParentTag">w:r</value><value key="ContentFormattingTagPairTypeKey">True</value><value key="w:color">&lt;w:color w:val=&quot;000000&quot;/&gt;</value><value key="Parent: w:color">w:r</value><value key="TextColor">000000</value><value key="w:sz">&lt;w:sz w:val=&quot;24&quot;/&gt;</value><value key="Parent: w:sz">w:r</value><value key="FontSize">12</value><value key="w:szCs">&lt;w:szCs w:val=&quot;24&quot;/&gt;</value><value key="Parent: w:szCs">w:r</value></bpt-props><ept name="cf" can-hide="true" word-end="false">&lt;/cf&gt;</ept><fmt id="4"/></tag><tag id="1482"><bpt name="cf" can-hide="true" word-end="false">&lt;cf color=000000 size=12&gt;</bpt><bpt-props><value key="StartTag">w:rPr</value><value key="ParentTag">w:r</value><value key="ContentFormattingTagPairTypeKey">True</value><value key="w:color">&lt;w:color w:val=&quot;000000&quot;/&gt;</value><value key="Parent: w:color">w:r</value><value key="TextColor">000000</value><value key="w:sz">&lt;w:sz w:val=&quot;24&quot;/&gt;</value><value key="Parent: w:sz">w:r</value><value key="FontSize">12</value><value key="w:szCs">&lt;w:szCs w:val=&quot;24&quot;/&gt;</value><value key="Parent: w:szCs">w:r</value></bpt-props><ept name="cf" can-hide="true" word-end="false">&lt;/cf&gt;</ept><fmt id="4"/></tag><tag id="1494"><bpt name="cf" can-hide="true" word-end="false">&lt;cf superscript=True&gt;</bpt><bpt-props><value key="StartTag">w:rPr</value><value key="ParentTag">w:r</value><value key="ContentFormattingTagPairTypeKey">True</value><value key="Parent: w:color">w:r</value><value key="Parent: w:sz">w:r</value><value key="Parent: w:szCs">w:r</value><value key="w:vertAlign">&lt;w:vertAlign w:val=&quot;superscript&quot;/&gt;</value><value key="Parent: w:vertAlign">w:r</value><value key="TextPosition">Superscript</value></bpt-props><ept name="cf" can-hide="true" word-end="false">&lt;/cf&gt;</ept><fmt id="8"/></tag><tag id="1506"><bpt name="cf" can-hide="true" word-end="false">&lt;cf superscript=True&gt;</bpt><bpt-props><value key="StartTag">w:rPr</value><value key="ParentTag">w:r</value><value key="ContentFormattingTagPairTypeKey">True</value><value key="Parent: w:color">w:r</value><value key="Parent: w:sz">w:r</value><value key="Parent: w:szCs">w:r</value><value key="w:vertAlign">&lt;w:vertAlign w:val=&quot;superscript&quot;/&gt;</value><value key="Parent: w:vertAlign">w:r</value><value key="TextPosition">Superscript</value></bpt-props><ept name="cf" can-hide="true" word-end="false">&lt;/cf&gt;</ept><fmt id="8"/></tag><tag id="1485"><bpt name="cf" can-hide="true" word-end="false">&lt;cf color=000000 size=12&gt;</bpt><bpt-props><value key="StartTag">w:rPr</value><value key="ParentTag">w:r</value><value key="ContentFormattingTagPairTypeKey">True</value><value key="w:color">&lt;w:color w:val=&quot;000000&quot;/&gt;</value><value key="Parent: w:color">w:r</value><value key="TextColor">000000</value><value key="w:sz">&lt;w:sz w:val=&quot;24&quot;/&gt;</value><value key="Parent: w:sz">w:r</value><value key="FontSize">12</value><value key="w:szCs">&lt;w:szCs w:val=&quot;24&quot;/&gt;</value><value key="Parent: w:szCs">w:r</value></bpt-props><ept name="cf" can-hide="true" word-end="false">&lt;/cf&gt;</ept><fmt id="4"/></tag><tag id="1515"><bpt name="cf" can-hide="true" word-end="false">&lt;cf color=000000 size=12&gt;</bpt><bpt-props><value key="StartTag">w:rPr</value><value key="ParentTag">w:r</value><value key="ContentFormattingTagPairTypeKey">True</value><value key="w:color">&lt;w:color w:val=&quot;000000&quot;/&gt;</value><value key="Parent: w:color">w:r</value><value key="TextColor">000000</value><value key="w:sz">&lt;w:sz w:val=&quot;24&quot;/&gt;</value><value key="Parent: w:sz">w:r</value><value key="FontSize">12</value><value key="w:szCs">&lt;w:szCs w:val=&quot;24&quot;/&gt;</value><value key="Parent: w:szCs">w:r</value></bpt-props><ept name="cf" can-hide="true" word-end="false">&lt;/cf&gt;</ept><fmt id="4"/></tag><tag id="1518"><bpt name="cf" can-hide="true" word-end="false">&lt;cf color=000000 size=12&gt;</bpt><bpt-props><value key="StartTag">w:rPr</value><value key="ParentTag">w:r</value><value key="ContentFormattingTagPairTypeKey">True</value><value key="w:color">&lt;w:color w:val=&quot;000000&quot;/&gt;</value><value key="Parent: w:color">w:r</value><value key="TextColor">000000</value><value key="w:sz">&lt;w:sz w:val=&quot;24&quot;/&gt;</value><value key="Parent: w:sz">w:r</value><value key="FontSize">12</value><value key="w:szCs">&lt;w:szCs w:val=&quot;24&quot;/&gt;</value><value key="Parent: w:szCs">w:r</value></bpt-props><ept name="cf" can-hide="true" word-end="false">&lt;/cf&gt;</ept><fmt id="4"/></tag><tag id="1530"><bpt name="cf" can-hide="true" word-end="false">&lt;cf superscript=True&gt;</bpt><bpt-props><value key="StartTag">w:rPr</value><value key="ParentTag">w:r</value><value key="ContentFormattingTagPairTypeKey">True</value><value key="Parent: w:color">w:r</value><value key="Parent: w:sz">w:r</value><value key="Parent: w:szCs">w:r</value><value key="w:vertAlign">&lt;w:vertAlign w:val=&quot;superscript&quot;/&gt;</value><value key="Parent: w:vertAlign">w:r</value><value key="TextPosition">Superscript</value></bpt-props><ept name="cf" can-hide="true" word-end="false">&lt;/cf&gt;</ept><fmt id="8"/></tag><tag id="1521"><bpt name="cf" can-hide="true" word-end="false">&lt;cf color=000000 size=12&gt;</bpt><bpt-props><value key="StartTag">w:rPr</value><value key="ParentTag">w:r</value><value key="ContentFormattingTagPairTypeKey">True</value><value key="w:color">&lt;w:color w:val=&quot;000000&quot;/&gt;</value><value key="Parent: w:color">w:r</value><value key="TextColor">000000</value><value key="w:sz">&lt;w:sz w:val=&quot;24&quot;/&gt;</value><value key="Parent: w:sz">w:r</value><value key="FontSize">12</value><value key="w:szCs">&lt;w:szCs w:val=&quot;24&quot;/&gt;</value><value key="Parent: w:szCs">w:r</value></bpt-props><ept name="cf" can-hide="true" word-end="false">&lt;/cf&gt;</ept><fmt id="4"/></tag><tag id="1539"><bpt name="cf" can-hide="true" word-end="false">&lt;cf color=000000 size=12&gt;</bpt><bpt-props><value key="StartTag">w:rPr</value><value key="ParentTag">w:r</value><value key="ContentFormattingTagPairTypeKey">True</value><value key="w:color">&lt;w:color w:val=&quot;000000&quot;/&gt;</value><value key="Parent: w:color">w:r</value><value key="TextColor">000000</value><value key="w:sz">&lt;w:sz w:val=&quot;24&quot;/&gt;</value><value key="Parent: w:sz">w:r</value><value key="FontSize">12</value><value key="w:szCs">&lt;w:szCs w:val=&quot;24&quot;/&gt;</value><value key="Parent: w:szCs">w:r</value></bpt-props><ept name="cf" can-hide="true" word-end="false">&lt;/cf&gt;</ept><fmt id="4"/></tag><tag id="1542"><bpt name="cf" can-hide="true" word-end="false">&lt;cf color=000000 size=12&gt;</bpt><bpt-props><value key="StartTag">w:rPr</value><value key="ParentTag">w:r</value><value key="ContentFormattingTagPairTypeKey">True</value><value key="w:color">&lt;w:color w:val=&quot;000000&quot;/&gt;</value><value key="Parent: w:color">w:r</value><value key="TextColor">000000</value><value key="w:sz">&lt;w:sz w:val=&quot;24&quot;/&gt;</value><value key="Parent: w:sz">w:r</value><value key="FontSize">12</value><value key="w:szCs">&lt;w:szCs w:val=&quot;24&quot;/&gt;</value><value key="Parent: w:szCs">w:r</value></bpt-props><ept name="cf" can-hide="true" word-end="false">&lt;/cf&gt;</ept><fmt id="4"/></tag><tag id="1545"><bpt name="cf" can-hide="true" word-end="false">&lt;cf color=000000 size=12&gt;</bpt><bpt-props><value key="StartTag">w:rPr</value><value key="ParentTag">w:r</value><value key="ContentFormattingTagPairTypeKey">True</value><value key="w:color">&lt;w:color w:val=&quot;000000&quot;/&gt;</value><value key="Parent: w:color">w:r</value><value key="TextColor">000000</value><value key="w:sz">&lt;w:sz w:val=&quot;24&quot;/&gt;</value><value key="Parent: w:sz">w:r</value><value key="FontSize">12</value><value key="w:szCs">&lt;w:szCs w:val=&quot;24&quot;/&gt;</value><value key="Parent: w:szCs">w:r</value></bpt-props><ept name="cf" can-hide="true" word-end="false">&lt;/cf&gt;</ept><fmt id="4"/></tag><tag id="1548"><bpt name="cf" can-hide="true" word-end="false">&lt;cf color=000000 size=12&gt;</bpt><bpt-props><value key="StartTag">w:rPr</value><value key="ParentTag">w:r</value><value key="ContentFormattingTagPairTypeKey">True</value><value key="w:color">&lt;w:color w:val=&quot;000000&quot;/&gt;</value><value key="Parent: w:color">w:r</value><value key="TextColor">000000</value><value key="w:sz">&lt;w:sz w:val=&quot;24&quot;/&gt;</value><value key="Parent: w:sz">w:r</value><value key="FontSize">12</value><value key="w:szCs">&lt;w:szCs w:val=&quot;24&quot;/&gt;</value><value key="Parent: w:szCs">w:r</value></bpt-props><ept name="cf" can-hide="true" word-end="false">&lt;/cf&gt;</ept><fmt id="4"/></tag><tag id="1551"><bpt name="cf" can-hide="true" word-end="false">&lt;cf color=000000 size=12&gt;</bpt><bpt-props><value key="StartTag">w:rPr</value><value key="ParentTag">w:r</value><value key="ContentFormattingTagPairTypeKey">True</value><value key="w:color">&lt;w:color w:val=&quot;000000&quot;/&gt;</value><value key="Parent: w:color">w:r</value><value key="TextColor">000000</value><value key="w:sz">&lt;w:sz w:val=&quot;24&quot;/&gt;</value><value key="Parent: w:sz">w:r</value><value key="FontSize">12</value><value key="w:szCs">&lt;w:szCs w:val=&quot;24&quot;/&gt;</value><value key="Parent: w:szCs">w:r</value></bpt-props><ept name="cf" can-hide="true" word-end="false">&lt;/cf&gt;</ept><fmt id="4"/></tag><tag id="1554"><bpt name="cf" can-hide="true" word-end="false">&lt;cf color=000000 size=12&gt;</bpt><bpt-props><value key="StartTag">w:rPr</value><value key="ParentTag">w:r</value><value key="ContentFormattingTagPairTypeKey">True</value><value key="w:color">&lt;w:color w:val=&quot;000000&quot;/&gt;</value><value key="Parent: w:color">w:r</value><value key="TextColor">000000</value><value key="w:sz">&lt;w:sz w:val=&quot;24&quot;/&gt;</value><value key="Parent: w:sz">w:r</value><value key="FontSize">12</value><value key="w:szCs">&lt;w:szCs w:val=&quot;24&quot;/&gt;</value><value key="Parent: w:szCs">w:r</value></bpt-props><ept name="cf" can-hide="true" word-end="false">&lt;/cf&gt;</ept><fmt id="4"/></tag><tag id="1557"><bpt name="cf" can-hide="true" word-end="false">&lt;cf color=000000 size=12&gt;</bpt><bpt-props><value key="StartTag">w:rPr</value><value key="ParentTag">w:r</value><value key="ContentFormattingTagPairTypeKey">True</value><value key="w:color">&lt;w:color w:val=&quot;000000&quot;/&gt;</value><value key="Parent: w:color">w:r</value><value key="TextColor">000000</value><value key="w:sz">&lt;w:sz w:val=&quot;24&quot;/&gt;</value><value key="Parent: w:sz">w:r</value><value key="FontSize">12</value><value key="w:szCs">&lt;w:szCs w:val=&quot;24&quot;/&gt;</value><value key="Parent: w:szCs">w:r</value></bpt-props><ept name="cf" can-hide="true" word-end="false">&lt;/cf&gt;</ept><fmt id="4"/></tag><tag id="1560"><bpt name="cf" can-hide="true" word-end="false">&lt;cf color=000000 size=12&gt;</bpt><bpt-props><value key="StartTag">w:rPr</value><value key="ParentTag">w:r</value><value key="ContentFormattingTagPairTypeKey">True</value><value key="w:color">&lt;w:color w:val=&quot;000000&quot;/&gt;</value><value key="Parent: w:color">w:r</value><value key="TextColor">000000</value><value key="w:sz">&lt;w:sz w:val=&quot;24&quot;/&gt;</value><value key="Parent: w:sz">w:r</value><value key="FontSize">12</value><value key="w:szCs">&lt;w:szCs w:val=&quot;24&quot;/&gt;</value><value key="Parent: w:szCs">w:r</value></bpt-props><ept name="cf" can-hide="true" word-end="false">&lt;/cf&gt;</ept><fmt id="4"/></tag><tag id="1566"><bpt name="cf" can-hide="true" word-end="false">&lt;cf color=000000 size=12&gt;</bpt><bpt-props><value key="StartTag">w:rPr</value><value key="ParentTag">w:r</value><value key="ContentFormattingTagPairTypeKey">True</value><value key="w:color">&lt;w:color w:val=&quot;000000&quot;/&gt;</value><value key="Parent: w:color">w:r</value><value key="TextColor">000000</value><value key="w:sz">&lt;w:sz w:val=&quot;24&quot;/&gt;</value><value key="Parent: w:sz">w:r</value><value key="FontSize">12</value><value key="w:szCs">&lt;w:szCs w:val=&quot;24&quot;/&gt;</value><value key="Parent: w:szCs">w:r</value></bpt-props><ept name="cf" can-hide="true" word-end="false">&lt;/cf&gt;</ept><fmt id="4"/></tag><tag id="1572"><bpt name="cf" can-hide="true" word-end="false">&lt;cf color=000000 size=12&gt;</bpt><bpt-props><value key="StartTag">w:rPr</value><value key="ParentTag">w:r</value><value key="ContentFormattingTagPairTypeKey">True</value><value key="w:color">&lt;w:color w:val=&quot;000000&quot;/&gt;</value><value key="Parent: w:color">w:r</value><value key="TextColor">000000</value><value key="w:sz">&lt;w:sz w:val=&quot;24&quot;/&gt;</value><value key="Parent: w:sz">w:r</value><value key="FontSize">12</value><value key="w:szCs">&lt;w:szCs w:val=&quot;24&quot;/&gt;</value><value key="Parent: w:szCs">w:r</value></bpt-props><ept name="cf" can-hide="true" word-end="false">&lt;/cf&gt;</ept><fmt id="4"/></tag><tag id="1575"><bpt name="cf" can-hide="true" word-end="false">&lt;cf color=000000 size=12&gt;</bpt><bpt-props><value key="StartTag">w:rPr</value><value key="ParentTag">w:r</value><value key="ContentFormattingTagPairTypeKey">True</value><value key="w:color">&lt;w:color w:val=&quot;000000&quot;/&gt;</value><value key="Parent: w:color">w:r</value><value key="TextColor">000000</value><value key="w:sz">&lt;w:sz w:val=&quot;24&quot;/&gt;</value><value key="Parent: w:sz">w:r</value><value key="FontSize">12</value><value key="w:szCs">&lt;w:szCs w:val=&quot;24&quot;/&gt;</value><value key="Parent: w:szCs">w:r</value></bpt-props><ept name="cf" can-hide="true" word-end="false">&lt;/cf&gt;</ept><fmt id="4"/></tag><tag id="1581"><bpt name="cf" can-hide="true" word-end="false">&lt;cf color=000000 size=12&gt;</bpt><bpt-props><value key="StartTag">w:rPr</value><value key="ParentTag">w:r</value><value key="ContentFormattingTagPairTypeKey">True</value><value key="w:color">&lt;w:color w:val=&quot;000000&quot;/&gt;</value><value key="Parent: w:color">w:r</value><value key="TextColor">000000</value><value key="w:sz">&lt;w:sz w:val=&quot;24&quot;/&gt;</value><value key="Parent: w:sz">w:r</value><value key="FontSize">12</value><value key="w:szCs">&lt;w:szCs w:val=&quot;24&quot;/&gt;</value><value key="Parent: w:szCs">w:r</value></bpt-props><ept name="cf" can-hide="true" word-end="false">&lt;/cf&gt;</ept><fmt id="4"/></tag><tag id="1587"><bpt name="cf" can-hide="true" word-end="false">&lt;cf color=000000 size=12&gt;</bpt><bpt-props><value key="StartTag">w:rPr</value><value key="ParentTag">w:r</value><value key="ContentFormattingTagPairTypeKey">True</value><value key="w:color">&lt;w:color w:val=&quot;000000&quot;/&gt;</value><value key="Parent: w:color">w:r</value><value key="TextColor">000000</value><value key="w:sz">&lt;w:sz w:val=&quot;24&quot;/&gt;</value><value key="Parent: w:sz">w:r</value><value key="FontSize">12</value><value key="w:szCs">&lt;w:szCs w:val=&quot;24&quot;/&gt;</value><value key="Parent: w:szCs">w:r</value></bpt-props><ept name="cf" can-hide="true" word-end="false">&lt;/cf&gt;</ept><fmt id="4"/></tag><tag id="1593"><bpt name="cf" can-hide="true" word-end="false">&lt;cf color=000000 size=12&gt;</bpt><bpt-props><value key="StartTag">w:rPr</value><value key="ParentTag">w:r</value><value key="ContentFormattingTagPairTypeKey">True</value><value key="w:color">&lt;w:color w:val=&quot;000000&quot;/&gt;</value><value key="Parent: w:color">w:r</value><value key="TextColor">000000</value><value key="w:sz">&lt;w:sz w:val=&quot;24&quot;/&gt;</value><value key="Parent: w:sz">w:r</value><value key="FontSize">12</value><value key="w:szCs">&lt;w:szCs w:val=&quot;24&quot;/&gt;</value><value key="Parent: w:szCs">w:r</value></bpt-props><ept name="cf" can-hide="true" word-end="false">&lt;/cf&gt;</ept><fmt id="4"/></tag><tag id="1605"><bpt name="cf" can-hide="true" word-end="false">&lt;cf color=000000 size=12&gt;</bpt><bpt-props><value key="StartTag">w:rPr</value><value key="ParentTag">w:r</value><value key="ContentFormattingTagPairTypeKey">True</value><value key="w:color">&lt;w:color w:val=&quot;000000&quot;/&gt;</value><value key="Parent: w:color">w:r</value><value key="TextColor">000000</value><value key="w:sz">&lt;w:sz w:val=&quot;24&quot;/&gt;</value><value key="Parent: w:sz">w:r</value><value key="FontSize">12</value><value key="w:szCs">&lt;w:szCs w:val=&quot;24&quot;/&gt;</value><value key="Parent: w:szCs">w:r</value></bpt-props><ept name="cf" can-hide="true" word-end="false">&lt;/cf&gt;</ept><fmt id="4"/></tag><tag id="1608"><bpt name="cf" can-hide="true" word-end="false">&lt;cf color=000000 size=12&gt;</bpt><bpt-props><value key="StartTag">w:rPr</value><value key="ParentTag">w:r</value><value key="ContentFormattingTagPairTypeKey">True</value><value key="w:color">&lt;w:color w:val=&quot;000000&quot;/&gt;</value><value key="Parent: w:color">w:r</value><value key="TextColor">000000</value><value key="w:sz">&lt;w:sz w:val=&quot;24&quot;/&gt;</value><value key="Parent: w:sz">w:r</value><value key="FontSize">12</value><value key="w:szCs">&lt;w:szCs w:val=&quot;24&quot;/&gt;</value><value key="Parent: w:szCs">w:r</value></bpt-props><ept name="cf" can-hide="true" word-end="false">&lt;/cf&gt;</ept><fmt id="4"/></tag><tag id="1611"><bpt name="cf" can-hide="true" word-end="false">&lt;cf color=000000 size=12&gt;</bpt><bpt-props><value key="StartTag">w:rPr</value><value key="ParentTag">w:r</value><value key="ContentFormattingTagPairTypeKey">True</value><value key="w:color">&lt;w:color w:val=&quot;000000&quot;/&gt;</value><value key="Parent: w:color">w:r</value><value key="TextColor">000000</value><value key="w:sz">&lt;w:sz w:val=&quot;24&quot;/&gt;</value><value key="Parent: w:sz">w:r</value><value key="FontSize">12</value><value key="w:szCs">&lt;w:szCs w:val=&quot;24&quot;/&gt;</value><value key="Parent: w:szCs">w:r</value></bpt-props><ept name="cf" can-hide="true" word-end="false">&lt;/cf&gt;</ept><fmt id="4"/></tag><tag id="1614"><bpt name="cf" can-hide="true" word-end="false">&lt;cf color=000000 size=12&gt;</bpt><bpt-props><value key="StartTag">w:rPr</value><value key="ParentTag">w:r</value><value key="ContentFormattingTagPairTypeKey">True</value><value key="w:color">&lt;w:color w:val=&quot;000000&quot;/&gt;</value><value key="Parent: w:color">w:r</value><value key="TextColor">000000</value><value key="w:sz">&lt;w:sz w:val=&quot;24&quot;/&gt;</value><value key="Parent: w:sz">w:r</value><value key="FontSize">12</value><value key="w:szCs">&lt;w:szCs w:val=&quot;24&quot;/&gt;</value><value key="Parent: w:szCs">w:r</value></bpt-props><ept name="cf" can-hide="true" word-end="false">&lt;/cf&gt;</ept><fmt id="4"/></tag><tag id="1620"><bpt name="cf" can-hide="true" word-end="false">&lt;cf color=000000 size=12&gt;</bpt><bpt-props><value key="StartTag">w:rPr</value><value key="ParentTag">w:r</value><value key="ContentFormattingTagPairTypeKey">True</value><value key="w:color">&lt;w:color w:val=&quot;000000&quot;/&gt;</value><value key="Parent: w:color">w:r</value><value key="TextColor">000000</value><value key="w:sz">&lt;w:sz w:val=&quot;24&quot;/&gt;</value><value key="Parent: w:sz">w:r</value><value key="FontSize">12</value><value key="w:szCs">&lt;w:szCs w:val=&quot;24&quot;/&gt;</value><value key="Parent: w:szCs">w:r</value></bpt-props><ept name="cf" can-hide="true" word-end="false">&lt;/cf&gt;</ept><fmt id="4"/></tag><tag id="1626"><bpt name="cf" can-hide="true" word-end="false">&lt;cf color=000000 size=12&gt;</bpt><bpt-props><value key="StartTag">w:rPr</value><value key="ParentTag">w:r</value><value key="ContentFormattingTagPairTypeKey">True</value><value key="w:color">&lt;w:color w:val=&quot;000000&quot;/&gt;</value><value key="Parent: w:color">w:r</value><value key="TextColor">000000</value><value key="w:sz">&lt;w:sz w:val=&quot;24&quot;/&gt;</value><value key="Parent: w:sz">w:r</value><value key="FontSize">12</value><value key="w:szCs">&lt;w:szCs w:val=&quot;24&quot;/&gt;</value><value key="Parent: w:szCs">w:r</value></bpt-props><ept name="cf" can-hide="true" word-end="false">&lt;/cf&gt;</ept><fmt id="4"/></tag><tag id="1632"><bpt name="cf" can-hide="true" word-end="false">&lt;cf color=000000 size=12&gt;</bpt><bpt-props><value key="StartTag">w:rPr</value><value key="ParentTag">w:r</value><value key="ContentFormattingTagPairTypeKey">True</value><value key="w:color">&lt;w:color w:val=&quot;000000&quot;/&gt;</value><value key="Parent: w:color">w:r</value><value key="TextColor">000000</value><value key="w:sz">&lt;w:sz w:val=&quot;24&quot;/&gt;</value><value key="Parent: w:sz">w:r</value><value key="FontSize">12</value><value key="w:szCs">&lt;w:szCs w:val=&quot;24&quot;/&gt;</value><value key="Parent: w:szCs">w:r</value></bpt-props><ept name="cf" can-hide="true" word-end="false">&lt;/cf&gt;</ept><fmt id="4"/></tag><tag id="1638"><bpt name="cf" can-hide="true" word-end="false">&lt;cf color=000000 size=12&gt;</bpt><bpt-props><value key="StartTag">w:rPr</value><value key="ParentTag">w:r</value><value key="ContentFormattingTagPairTypeKey">True</value><value key="w:color">&lt;w:color w:val=&quot;000000&quot;/&gt;</value><value key="Parent: w:color">w:r</value><value key="TextColor">000000</value><value key="w:sz">&lt;w:sz w:val=&quot;24&quot;/&gt;</value><value key="Parent: w:sz">w:r</value><value key="FontSize">12</value><value key="w:szCs">&lt;w:szCs w:val=&quot;24&quot;/&gt;</value><value key="Parent: w:szCs">w:r</value></bpt-props><ept name="cf" can-hide="true" word-end="false">&lt;/cf&gt;</ept><fmt id="4"/></tag><tag id="1641"><bpt name="cf" can-hide="true" word-end="false">&lt;cf color=000000 size=12&gt;</bpt><bpt-props><value key="StartTag">w:rPr</value><value key="ParentTag">w:r</value><value key="ContentFormattingTagPairTypeKey">True</value><value key="w:color">&lt;w:color w:val=&quot;000000&quot;/&gt;</value><value key="Parent: w:color">w:r</value><value key="TextColor">000000</value><value key="w:sz">&lt;w:sz w:val=&quot;24&quot;/&gt;</value><value key="Parent: w:sz">w:r</value><value key="FontSize">12</value><value key="w:szCs">&lt;w:szCs w:val=&quot;24&quot;/&gt;</value><value key="Parent: w:szCs">w:r</value></bpt-props><ept name="cf" can-hide="true" word-end="false">&lt;/cf&gt;</ept><fmt id="4"/></tag><tag id="1647"><bpt name="cf" can-hide="true" word-end="false">&lt;cf color=000000 size=12&gt;</bpt><bpt-props><value key="StartTag">w:rPr</value><value key="ParentTag">w:r</value><value key="ContentFormattingTagPairTypeKey">True</value><value key="w:color">&lt;w:color w:val=&quot;000000&quot;/&gt;</value><value key="Parent: w:color">w:r</value><value key="TextColor">000000</value><value key="w:sz">&lt;w:sz w:val=&quot;24&quot;/&gt;</value><value key="Parent: w:sz">w:r</value><value key="FontSize">12</value><value key="w:szCs">&lt;w:szCs w:val=&quot;24&quot;/&gt;</value><value key="Parent: w:szCs">w:r</value></bpt-props><ept name="cf" can-hide="true" word-end="false">&lt;/cf&gt;</ept><fmt id="4"/></tag><tag id="1653"><bpt name="cf" can-hide="true" word-end="false">&lt;cf color=000000 size=12&gt;</bpt><bpt-props><value key="StartTag">w:rPr</value><value key="ParentTag">w:r</value><value key="ContentFormattingTagPairTypeKey">True</value><value key="w:color">&lt;w:color w:val=&quot;000000&quot;/&gt;</value><value key="Parent: w:color">w:r</value><value key="TextColor">000000</value><value key="w:sz">&lt;w:sz w:val=&quot;24&quot;/&gt;</value><value key="Parent: w:sz">w:r</value><value key="FontSize">12</value><value key="w:szCs">&lt;w:szCs w:val=&quot;24&quot;/&gt;</value><value key="Parent: w:szCs">w:r</value></bpt-props><ept name="cf" can-hide="true" word-end="false">&lt;/cf&gt;</ept><fmt id="4"/></tag><tag id="1656"><bpt name="cf" can-hide="true" word-end="false">&lt;cf color=000000 size=12&gt;</bpt><bpt-props><value key="StartTag">w:rPr</value><value key="ParentTag">w:r</value><value key="ContentFormattingTagPairTypeKey">True</value><value key="w:color">&lt;w:color w:val=&quot;000000&quot;/&gt;</value><value key="Parent: w:color">w:r</value><value key="TextColor">000000</value><value key="w:sz">&lt;w:sz w:val=&quot;24&quot;/&gt;</value><value key="Parent: w:sz">w:r</value><value key="FontSize">12</value><value key="w:szCs">&lt;w:szCs w:val=&quot;24&quot;/&gt;</value><value key="Parent: w:szCs">w:r</value></bpt-props><ept name="cf" can-hide="true" word-end="false">&lt;/cf&gt;</ept><fmt id="4"/></tag><tag id="1659"><bpt name="cf" can-hide="true" word-end="false">&lt;cf color=000000 size=12&gt;</bpt><bpt-props><value key="StartTag">w:rPr</value><value key="ParentTag">w:r</value><value key="ContentFormattingTagPairTypeKey">True</value><value key="w:color">&lt;w:color w:val=&quot;000000&quot;/&gt;</value><value key="Parent: w:color">w:r</value><value key="TextColor">000000</value><value key="w:sz">&lt;w:sz w:val=&quot;24&quot;/&gt;</value><value key="Parent: w:sz">w:r</value><value key="FontSize">12</value><value key="w:szCs">&lt;w:szCs w:val=&quot;24&quot;/&gt;</value><value key="Parent: w:szCs">w:r</value></bpt-props><ept name="cf" can-hide="true" word-end="false">&lt;/cf&gt;</ept><fmt id="4"/></tag><tag id="1662"><bpt name="cf" can-hide="true" word-end="false">&lt;cf color=000000 size=12&gt;</bpt><bpt-props><value key="StartTag">w:rPr</value><value key="ParentTag">w:r</value><value key="ContentFormattingTagPairTypeKey">True</value><value key="w:color">&lt;w:color w:val=&quot;000000&quot;/&gt;</value><value key="Parent: w:color">w:r</value><value key="TextColor">000000</value><value key="w:sz">&lt;w:sz w:val=&quot;24&quot;/&gt;</value><value key="Parent: w:sz">w:r</value><value key="FontSize">12</value><value key="w:szCs">&lt;w:szCs w:val=&quot;24&quot;/&gt;</value><value key="Parent: w:szCs">w:r</value></bpt-props><ept name="cf" can-hide="true" word-end="false">&lt;/cf&gt;</ept><fmt id="4"/></tag><tag id="1665"><bpt name="cf" can-hide="true" word-end="false">&lt;cf color=000000 size=12&gt;</bpt><bpt-props><value key="StartTag">w:rPr</value><value key="ParentTag">w:r</value><value key="ContentFormattingTagPairTypeKey">True</value><value key="w:color">&lt;w:color w:val=&quot;000000&quot;/&gt;</value><value key="Parent: w:color">w:r</value><value key="TextColor">000000</value><value key="w:sz">&lt;w:sz w:val=&quot;24&quot;/&gt;</value><value key="Parent: w:sz">w:r</value><value key="FontSize">12</value><value key="w:szCs">&lt;w:szCs w:val=&quot;24&quot;/&gt;</value><value key="Parent: w:szCs">w:r</value></bpt-props><ept name="cf" can-hide="true" word-end="false">&lt;/cf&gt;</ept><fmt id="4"/></tag><tag id="1668"><bpt name="cf" can-hide="true" word-end="false">&lt;cf color=000000 size=12&gt;</bpt><bpt-props><value key="StartTag">w:rPr</value><value key="ParentTag">w:r</value><value key="ContentFormattingTagPairTypeKey">True</value><value key="w:color">&lt;w:color w:val=&quot;000000&quot;/&gt;</value><value key="Parent: w:color">w:r</value><value key="TextColor">000000</value><value key="w:sz">&lt;w:sz w:val=&quot;24&quot;/&gt;</value><value key="Parent: w:sz">w:r</value><value key="FontSize">12</value><value key="w:szCs">&lt;w:szCs w:val=&quot;24&quot;/&gt;</value><value key="Parent: w:szCs">w:r</value></bpt-props><ept name="cf" can-hide="true" word-end="false">&lt;/cf&gt;</ept><fmt id="4"/></tag><tag id="1671"><bpt name="cf" can-hide="true" word-end="false">&lt;cf color=000000 size=12&gt;</bpt><bpt-props><value key="StartTag">w:rPr</value><value key="ParentTag">w:r</value><value key="ContentFormattingTagPairTypeKey">True</value><value key="w:color">&lt;w:color w:val=&quot;000000&quot;/&gt;</value><value key="Parent: w:color">w:r</value><value key="TextColor">000000</value><value key="w:sz">&lt;w:sz w:val=&quot;24&quot;/&gt;</value><value key="Parent: w:sz">w:r</value><value key="FontSize">12</value><value key="w:szCs">&lt;w:szCs w:val=&quot;24&quot;/&gt;</value><value key="Parent: w:szCs">w:r</value></bpt-props><ept name="cf" can-hide="true" word-end="false">&lt;/cf&gt;</ept><fmt id="4"/></tag><tag id="1674"><bpt name="cf" can-hide="true" word-end="false">&lt;cf color=000000 size=12&gt;</bpt><bpt-props><value key="StartTag">w:rPr</value><value key="ParentTag">w:r</value><value key="ContentFormattingTagPairTypeKey">True</value><value key="w:color">&lt;w:color w:val=&quot;000000&quot;/&gt;</value><value key="Parent: w:color">w:r</value><value key="TextColor">000000</value><value key="w:sz">&lt;w:sz w:val=&quot;24&quot;/&gt;</value><value key="Parent: w:sz">w:r</value><value key="FontSize">12</value><value key="w:szCs">&lt;w:szCs w:val=&quot;24&quot;/&gt;</value><value key="Parent: w:szCs">w:r</value></bpt-props><ept name="cf" can-hide="true" word-end="false">&lt;/cf&gt;</ept><fmt id="4"/></tag><tag id="1677"><bpt name="cf" can-hide="true" word-end="false">&lt;cf color=000000 size=12&gt;</bpt><bpt-props><value key="StartTag">w:rPr</value><value key="ParentTag">w:r</value><value key="ContentFormattingTagPairTypeKey">True</value><value key="w:color">&lt;w:color w:val=&quot;000000&quot;/&gt;</value><value key="Parent: w:color">w:r</value><value key="TextColor">000000</value><value key="w:sz">&lt;w:sz w:val=&quot;24&quot;/&gt;</value><value key="Parent: w:sz">w:r</value><value key="FontSize">12</value><value key="w:szCs">&lt;w:szCs w:val=&quot;24&quot;/&gt;</value><value key="Parent: w:szCs">w:r</value></bpt-props><ept name="cf" can-hide="true" word-end="false">&lt;/cf&gt;</ept><fmt id="4"/></tag><tag id="1680"><bpt name="cf" can-hide="true" word-end="false">&lt;cf color=000000 size=12&gt;</bpt><bpt-props><value key="StartTag">w:rPr</value><value key="ParentTag">w:r</value><value key="ContentFormattingTagPairTypeKey">True</value><value key="w:color">&lt;w:color w:val=&quot;000000&quot;/&gt;</value><value key="Parent: w:color">w:r</value><value key="TextColor">000000</value><value key="w:sz">&lt;w:sz w:val=&quot;24&quot;/&gt;</value><value key="Parent: w:sz">w:r</value><value key="FontSize">12</value><value key="w:szCs">&lt;w:szCs w:val=&quot;24&quot;/&gt;</value><value key="Parent: w:szCs">w:r</value></bpt-props><ept name="cf" can-hide="true" word-end="false">&lt;/cf&gt;</ept><fmt id="4"/></tag><tag id="1687"><bpt name="cf" can-hide="true" word-end="false">&lt;cf bold=True color=000000 size=12 underline=single&gt;</bpt><bpt-props><value key="StartTag">w:rPr</value><value key="ParentTag">w:r</value><value key="ContentFormattingTagPairTypeKey">True</value><value key="w:b">&lt;w:b/&gt;</value><value key="Parent: w:b">w:r</value><value key="Bold">True</value><value key="w:color">&lt;w:color w:val=&quot;000000&quot;/&gt;</value><value key="Parent: w:color">w:r</value><value key="TextColor">000000</value><value key="w:sz">&lt;w:sz w:val=&quot;24&quot;/&gt;</value><value key="Parent: w:sz">w:r</value><value key="FontSize">12</value><value key="w:szCs">&lt;w:szCs w:val=&quot;24&quot;/&gt;</value><value key="Parent: w:szCs">w:r</value><value key="w:u">&lt;w:u w:val=&quot;single&quot;/&gt;</value><value key="Parent: w:u">w:r</value><value key="Underline">single</value></bpt-props><ept name="cf" can-hide="true" word-end="false">&lt;/cf&gt;</ept><fmt id="3"/></tag><tag id="1690"><bpt name="cf" can-hide="true" word-end="false">&lt;cf color=000000 size=12&gt;</bpt><bpt-props><value key="StartTag">w:rPr</value><value key="ParentTag">w:r</value><value key="ContentFormattingTagPairTypeKey">True</value><value key="w:color">&lt;w:color w:val=&quot;000000&quot;/&gt;</value><value key="Parent: w:color">w:r</value><value key="TextColor">000000</value><value key="w:sz">&lt;w:sz w:val=&quot;24&quot;/&gt;</value><value key="Parent: w:sz">w:r</value><value key="FontSize">12</value><value key="w:szCs">&lt;w:szCs w:val=&quot;24&quot;/&gt;</value><value key="Parent: w:szCs">w:r</value></bpt-props><ept name="cf" can-hide="true" word-end="false">&lt;/cf&gt;</ept><fmt id="4"/></tag><tag id="801"><ph name="picture" word-end="false" seg-hint="IncludeWithText">&lt;picture name=&quot;Picture&quot;&gt;</ph><props><value key="TagType">Picture</value><value key="StartsAt">157021</value><value key="EndsAt">157827</value><value key="NewIllustrationParagraph">True</value><value key="PathToOriginFile">word\document.xml</value><value key="w:sz">&lt;w:sz w:val=&quot;24&quot;/&gt;</value><value key="w:szCs">&lt;w:szCs w:val=&quot;24&quot;/&gt;</value><value key="placeholderFormattingFromTagPair">True</value></props></tag><tag id="829"><ph name="picture" word-end="false" seg-hint="IncludeWithText">&lt;picture name=&quot;Picture&quot;&gt;</ph><props><value key="TagType">Picture</value><value key="StartsAt">162765</value><value key="EndsAt">163571</value><value key="NewIllustrationParagraph">True</value><value key="PathToOriginFile">word\document.xml</value><value key="w:sz">&lt;w:sz w:val=&quot;24&quot;/&gt;</value><value key="w:szCs">&lt;w:szCs w:val=&quot;24&quot;/&gt;</value><value key="placeholderFormattingFromTagPair">True</value></props></tag><tag id="872"><ph name="picture" word-end="false" seg-hint="IncludeWithText">&lt;picture name=&quot;Picture&quot;&gt;</ph><props><value key="TagType">Picture</value><value key="StartsAt">168994</value><value key="EndsAt">169800</value><value key="NewIllustrationParagraph">True</value><value key="PathToOriginFile">word\document.xml</value><value key="w:sz">&lt;w:sz w:val=&quot;24&quot;/&gt;</value><value key="w:szCs">&lt;w:szCs w:val=&quot;24&quot;/&gt;</value><value key="placeholderFormattingFromTagPair">True</value></props></tag><tag id="1470"><ph name="page" word-end="false" seg-hint="Exclude">&lt;br type=&quot;page&quot;/&gt;</ph><props><value key="&lt;w:br/&gt;">&lt;w:br w:type=&quot;page&quot;/&gt;</value><value key="w:color">&lt;w:color w:val=&quot;000000&quot;/&gt;</value><value key="w:sz">&lt;w:sz w:val=&quot;24&quot;/&gt;</value><value key="w:szCs">&lt;w:szCs w:val=&quot;24&quot;/&gt;</value><value key="w:u">&lt;w:u w:val=&quot;single&quot;/&gt;</value><value key="placeholderFormattingFromTagPair">True</value></props></tag><tag id="1684"><ph name="page" word-end="false" seg-hint="Exclude">&lt;br type=&quot;page&quot;/&gt;</ph><props><value key="&lt;w:br/&gt;">&lt;w:br w:type=&quot;page&quot;/&gt;</value><value key="w:b">&lt;w:b/&gt;</value><value key="w:color">&lt;w:color w:val=&quot;000000&quot;/&gt;</value><value key="w:sz">&lt;w:sz w:val=&quot;24&quot;/&gt;</value><value key="w:szCs">&lt;w:szCs w:val=&quot;24&quot;/&gt;</value><value key="w:u">&lt;w:u w:val=&quot;single&quot;/&gt;</value><value key="placeholderFormattingFromTagPair">True</value></props></tag></tag-defs></header><body><group><sdl:cxts><sdl:cxt id="1"/><sdl:cxt id="2"/></sdl:cxts><trans-unit id="049e2ba0-eff8-4f76-8ef2-12701feb3e27"><source><g id="2">APPLICATION FOR PATENT</g></source><seg-source><g id="2"><mrk mtype="seg" mid="1">APPLICATION FOR PATENT</mrk></g></seg-source><target><g id="2"><mrk mtype="seg" mid="1">طلب براءة اختراع</mrk></g></target><sdl:seg-defs><sdl:seg id="1" conf="ApprovedSignOff" origin="tm" origin-system="Petrol cases" percent="100"><sdl:value key="created_by">NAGWA\Nagwa</sdl:value><sdl:value key="created_on">05/20/2016 12:09:55</sdl:value><sdl:value key="modified_on">10/12/2017 19:41:18</sdl:value><sdl:value key="last_modified_by">DESKTOP-C8MRIMB\Sherif Youssef</sdl:value><sdl:value key="SDL:OriginalTranslationHash">-942836648</sdl:value><sdl:value key="SegmentIdentityHash">8IHWoN6rM1I4wXULTxcChHzo6i4=</sdl:value></sdl:seg></sdl:seg-defs></trans-unit></group><group><sdl:cxts><sdl:cxt id="3"/><sdl:cxt id="2"/></sdl:cxts><trans-unit id="8231da12-e097-4d52-96b4-4bb1b1f2963e"><source><g id="5">INVENTORS: D.V. SATYANARAYANA GUPTA DONG SHEN</g></source><seg-source><g id="5"><mrk mtype="seg" mid="2">INVENTORS:</mrk> <mrk mtype="seg" mid="3">D.V.</mrk> <mrk mtype="seg" mid="4">SATYANARAYANA GUPTA DONG SHEN</mrk></g></seg-source><target><g id="5"><mrk mtype="seg" mid="2">المخترعون:</mrk> <mrk mtype="seg" mid="3">دي. في</mrk> <mrk mtype="seg" mid="4">ساتيانارايانا جوبتا دونج شين</mrk></g></target><sdl:seg-defs><sdl:seg id="2" conf="ApprovedSignOff" origin="tm" origin-system="General" percent="100"><sdl:rep id="zt1NaShNL1y3obUtdRpDDFKARP8="/><sdl:value key="created_by">SHERIF\Sherif Youssef</sdl:value><sdl:value key="created_on">06/23/2015 02:45:27</sdl:value><sdl:value key="modified_on">10/12/2017 19:41:18</sdl:value><sdl:value key="last_modified_by">DESKTOP-C8MRIMB\Sherif Youssef</sdl:value><sdl:value key="SDL:OriginalTranslationHash">1653666333</sdl:value><sdl:value key="SegmentIdentityHash">zt1NaShNL1y3obUtdRpDDFKARP8=</sdl:value><sdl:value key="SDL:ProjectTranslationHash">1653666333</sdl:value></sdl:seg><sdl:seg id="3" conf="ApprovedSignOff" origin="interactive"><sdl:value key="SegmentIdentityHash">XKFcc8QlWMD+qFIfvOpdtWGfCyk=</sdl:value><sdl:value key="created_by">heba-PC\heba</sdl:value><sdl:value key="created_on">10/09/2017 03:22:49</sdl:value><sdl:value key="last_modified_by">DESKTOP-C8MRIMB\Sherif Youssef</sdl:value><sdl:value key="modified_on">10/12/2017 19:41:19</sdl:value><sdl:value key="SDL:ProjectTranslationHash">-505558280</sdl:value><sdl:value key="SDL:OriginalTranslationHash">-505558280</sdl:value></sdl:seg><sdl:seg id="4" conf="ApprovedSignOff" origin="interactive"><sdl:value key="SegmentIdentityHash">37TaLy5T8WQfbjtO+lUW0puoLp8=</sdl:value><sdl:value key="created_by">heba-PC\heba</sdl:value><sdl:value key="created_on">10/09/2017 03:22:58</sdl:value><sdl:value key="last_modified_by">DESKTOP-C8MRIMB\Sherif Youssef</sdl:value><sdl:value key="modified_on">10/12/2017 19:41:20</sdl:value><sdl:value key="SDL:ProjectTranslationHash">2043002189</sdl:value><sdl:value key="SDL:OriginalTranslationHash">2043002189</sdl:value></sdl:seg></sdl:seg-defs></trans-unit></group><group><sdl:cxts><sdl:cxt id="4"/><sdl:cxt id="2"/></sdl:cxts><trans-unit id="5678349a-5f67-43eb-8e86-7a2ec7cc8d04"><source><g id="8">TITLE:	SHAPED COMPRESSED PELLETS FOR SLOW RELEASE</g></source><seg-source><g id="8"><mrk mtype="seg" mid="5">TITLE:</mrk>	<mrk mtype="seg" mid="6">SHAPED COMPRESSED PELLETS FOR SLOW RELEASE</mrk></g></seg-source><target><g id="8"><mrk mtype="seg" mid="5">العنوان:</mrk>	<mrk mtype="seg" mid="6">كريات مضغوطة مشكلة لإطلاق عوامل معالجة بئر</mrk></g></target><sdl:seg-defs><sdl:seg id="5" conf="ApprovedSignOff" origin="tm" origin-system="General" percent="100"><sdl:rep id="zt1NaShNL1y3obUtdRpDDFKARP8="/><sdl:value key="created_by">SHERIF\Sherif Youssef</sdl:value><sdl:value key="created_on">08/20/2015 10:40:19</sdl:value><sdl:value key="modified_on">10/12/2017 19:41:20</sdl:value><sdl:value key="last_modified_by">DESKTOP-C8MRIMB\Sherif Youssef</sdl:value><sdl:value key="SDL:OriginalTranslationHash">-135849492</sdl:value><sdl:value key="SegmentIdentityHash">zt1NaShNL1y3obUtdRpDDFKARP8=</sdl:value><sdl:value key="SDL:ProjectTranslationHash">-135849492</sdl:value></sdl:seg><sdl:seg id="6" conf="ApprovedSignOff" origin="interactive"><sdl:value key="SegmentIdentityHash">mVbyMUadLQS2yLNoXKhiN5byQ8o=</sdl:value><sdl:value key="created_by">heba-PC\heba</sdl:value><sdl:value key="created_on">10/09/2017 03:23:36</sdl:value><sdl:value key="last_modified_by">DESKTOP-C8MRIMB\Sherif Youssef</sdl:value><sdl:value key="modified_on">10/12/2017 19:41:43</sdl:value><sdl:value key="SDL:ProjectTranslationHash">414489963</sdl:value><sdl:value key="SDL:OriginalTranslationHash">414489963</sdl:value></sdl:seg></sdl:seg-defs></trans-unit></group><group><sdl:cxts><sdl:cxt id="5"/><sdl:cxt id="2"/></sdl:cxts><trans-unit id="d7269117-3052-4d21-8a10-b8dd56264291"><source><g id="14">OF WELL TREATMENT AGENTS INTO A WELL AND METHODS OF USING THE SAME</g></source><seg-source><g id="14"><mrk mtype="seg" mid="7">OF WELL TREATMENT AGENTS INTO A WELL AND METHODS OF USING THE SAME</mrk></g></seg-source><target><g id="14"><mrk mtype="seg" mid="7">ببطء في بئر وطرق استخدامها</mrk></g></target><sdl:seg-defs><sdl:seg id="7" conf="ApprovedSignOff" origin="interactive"><sdl:value key="SegmentIdentityHash">5Ib4O37P+hMu1QByWJfak53XEW8=</sdl:value><sdl:value key="created_by">heba-PC\heba</sdl:value><sdl:value key="created_on">10/09/2017 03:24:02</sdl:value><sdl:value key="last_modified_by">DESKTOP-C8MRIMB\Sherif Youssef</sdl:value><sdl:value key="modified_on">10/12/2017 19:41:43</sdl:value><sdl:value key="SDL:ProjectTranslationHash">1044846244</sdl:value><sdl:value key="SDL:OriginalTranslationHash">1044846244</sdl:value></sdl:seg></sdl:seg-defs></trans-unit></group><group><sdl:cxts><sdl:cxt id="6"/><sdl:cxt id="2"/></sdl:cxts><trans-unit id="b0ee44c9-7db8-4eaf-bfcc-5576719508c1"><source><g id="17">SPECIFICATION</g></source><seg-source><g id="17"><mrk mtype="seg" mid="8">SPECIFICATION</mrk></g></seg-source><target><g id="17"><mrk mtype="seg" mid="8">الوصف</mrk></g></target><sdl:seg-defs><sdl:seg id="8" conf="ApprovedSignOff" origin="tm" origin-system="General" percent="100"><sdl:rep id="2UttsJllA6H20fa/iPIfC744M24="/><sdl:value key="created_by">DESKTOP-C8MRIMB\Sherif Youssef</sdl:value><sdl:value key="created_on">01/18/2017 12:18:21</sdl:value><sdl:value key="modified_on">10/12/2017 19:41:44</sdl:value><sdl:value key="last_modified_by">DESKTOP-C8MRIMB\Sherif Youssef</sdl:value><sdl:value key="SDL:OriginalTranslationHash">233441590</sdl:value><sdl:value key="SegmentIdentityHash">2UttsJllA6H20fa/iPIfC744M24=</sdl:value><sdl:value key="SDL:ProjectTranslationHash">233441590</sdl:value></sdl:seg></sdl:seg-defs></trans-unit></group><group><sdl:cxts><sdl:cxt id="7"/><sdl:cxt id="2"/></sdl:cxts><trans-unit id="55ecc115-83b7-4bed-9a13-fa4f1f69b48d"><source><g id="20">Field of the Invention </g></source><seg-source><g id="20"><mrk mtype="seg" mid="9">Field of the Invention</mrk> </g></seg-source><target><g id="20"><mrk mtype="seg" mid="9">المجال التقني للاختراع</mrk> </g></target><sdl:seg-defs><sdl:seg id="9" conf="ApprovedSignOff" origin="tm" origin-system="General" percent="100" text-match="Source"><sdl:value key="created_by">SHERIF\Sherif Youssef</sdl:value><sdl:value key="created_on">08/20/2015 09:06:30</sdl:value><sdl:value key="modified_on">10/12/2017 19:41:46</sdl:value><sdl:value key="last_modified_by">DESKTOP-C8MRIMB\Sherif Youssef</sdl:value><sdl:value key="SDL:OriginalTranslationHash">-1001853965</sdl:value><sdl:value key="SegmentIdentityHash">nyPnfkbV4kupsfE0Yo2iM77uHYI=</sdl:value><sdl:value key="SDL:ProjectTranslationHash">-1001853965</sdl:value></sdl:seg></sdl:seg-defs></trans-unit></group><group><sdl:cxts><sdl:cxt id="8"/><sdl:cxt id="2"/></sdl:cxts><trans-unit id="edff20a4-465f-4db2-a165-d87b1b203502"><source><g id="23">[0001]	The invention relates to shaped compressed pellets and method of using the same in the slow release of well treatment agents into a well. The shaped compressed pellets are formed from a composite of a well treatment agent adsorbed onto a calcined porous metal oxide or into the interstitial spaces of the porous metal oxide.</g></source><seg-source><g id="23"><mrk mtype="seg" mid="10">[0001]	The invention relates to shaped compressed pellets and method of using the same in the slow release of well treatment agents into a well.</mrk> <mrk mtype="seg" mid="11">The shaped compressed pellets are formed from a composite of a well treatment agent adsorbed onto a calcined porous metal oxide or into the interstitial spaces of the porous metal oxide.</mrk></g></seg-source><target><g id="23"><mrk mtype="seg" mid="10">[0001] يتعلق الاختراع بكريات مضغوطة مشكلة وطرق استخدامها في إطلاق عوامل معالجة بئر ببطء في بئر.</mrk> <mrk mtype="seg" mid="11">يتم تشكيل الكريات المضغوطة المشكلة من مادة مركبة من عامل معالجة بئر يتم امتزازه على أكسيد فلز مسامي مكلسن أو في الأحياز الخلالية لأكسيد الفلز المسامي.</mrk></g></target><sdl:seg-defs><sdl:seg id="10" conf="ApprovedSignOff" origin="interactive"><sdl:value key="SegmentIdentityHash">i23cG21k79v1awDNPK/HXaGAx7c=</sdl:value><sdl:value key="created_by">heba-PC\heba</sdl:value><sdl:value key="created_on">10/09/2017 03:24:15</sdl:value><sdl:value key="last_modified_by">DESKTOP-C8MRIMB\Sherif Youssef</sdl:value><sdl:value key="modified_on">10/12/2017 19:41:48</sdl:value><sdl:value key="SDL:ProjectTranslationHash">820399181</sdl:value><sdl:value key="SDL:OriginalTranslationHash">820399181</sdl:value></sdl:seg><sdl:seg id="11" conf="ApprovedSignOff" origin="interactive"><sdl:value key="SegmentIdentityHash">qKifydWhnSG3ZLukczYKcTuDZBg=</sdl:value><sdl:value key="created_by">heba-PC\heba</sdl:value><sdl:value key="created_on">10/09/2017 03:25:01</sdl:value><sdl:value key="last_modified_by">DESKTOP-C8MRIMB\Sherif Youssef</sdl:value><sdl:value key="modified_on">10/12/2017 19:41:49</sdl:value><sdl:value key="SDL:ProjectTranslationHash">-444023197</sdl:value><sdl:value key="SDL:OriginalTranslationHash">-444023197</sdl:value></sdl:seg></sdl:seg-defs></trans-unit></group><group><sdl:cxts><sdl:cxt id="9"/><sdl:cxt id="2"/></sdl:cxts><trans-unit id="3a885783-352f-46ef-8840-5eaff5b22ba8"><source><g id="29">Background of the Invention </g></source><seg-source><g id="29"><mrk mtype="seg" mid="12">Background of the Invention</mrk> </g></seg-source><target><g id="29"><mrk mtype="seg" mid="12">الخلفية التقنية للاختراع</mrk> </g></target><sdl:seg-defs><sdl:seg id="12" conf="ApprovedSignOff" origin="tm" origin-system="General" percent="100"><sdl:value key="created_by">SHERIF\Sherif Youssef</sdl:value><sdl:value key="created_on">09/02/2015 23:10:53</sdl:value><sdl:value key="modified_on">10/12/2017 19:41:49</sdl:value><sdl:value key="last_modified_by">DESKTOP-C8MRIMB\Sherif Youssef</sdl:value><sdl:value key="SDL:OriginalTranslationHash">-818888914</sdl:value><sdl:value key="SegmentIdentityHash">9RKZ0sWzs3egHehZ9YUFFWTKudI=</sdl:value><sdl:value key="SDL:ProjectTranslationHash">-818888914</sdl:value></sdl:seg></sdl:seg-defs></trans-unit></group><group><sdl:cxts><sdl:cxt id="10"/><sdl:cxt id="2"/></sdl:cxts><trans-unit id="6adc3254-2d75-4ea0-9c6f-ce966e3febcd"><source><g id="32">[0002]	Fluids produced from wells typically contain a complex mixture of components including aliphatic hydrocarbons, aromatics, hetero-atomic molecules, anionic and cationic salts, acids, sands, silts and clays. The nature of these fluids, combined with the severe conditions of heat, pressure, and turbulence to which they are often subjected, are contributing factors to the formation and deposition of unwanted contaminants, such as scales, salts, paraffins, corrosion, bacteria and asphaltenes in oil and/or gas production wells.</g></source><seg-source><g id="32"><mrk mtype="seg" mid="13">[0002]	Fluids produced from wells typically contain a complex mixture of components including aliphatic hydrocarbons, aromatics, hetero-atomic molecules, anionic and cationic salts, acids, sands, silts and clays.</mrk> <mrk mtype="seg" mid="14">The nature of these fluids, combined with the severe conditions of heat, pressure, and turbulence to which they are often subjected, are contributing factors to the formation and deposition of unwanted contaminants, such as scales, salts, paraffins, corrosion, bacteria and asphaltenes in oil and/or gas production wells.</mrk></g></seg-source><target><g id="32"><mrk mtype="seg" mid="13">[0002] تحتوي الموائع التي يتم إنتاجها من الآبار نمطيًا على خليط معقد من مكونات تتضمن هيدروكربونات أليفاتية، مواد أروماتية، جزيئات ذرية غير متجانسة، أملاح أنيونية وكاتيونية، أحماض، رمال، طمي وطفلات.</mrk> <mrk mtype="seg" mid="14">تمثل طبيعة هذه الموائع، بالاشتراك مع ظروف الحرارة، الضغط، والاضطراب الشديدة التي يتم التعرض لها عادةً، عوامل مساهمة في تَكَوّن وترسب ملوثات غير مرغوب فيها، مثل القشور، الأملاح، البارافينات، التآكل، البكتيريا ومركبات الأسفلتين في الآبار المنتجة للنفط و/أو الغاز.</mrk></g></target><sdl:seg-defs><sdl:seg id="13" conf="ApprovedSignOff" origin="interactive"><sdl:value key="SegmentIdentityHash">k/T6A2bLlHKgqF/qDMDVmsBflzM=</sdl:value><sdl:value key="created_by">heba-PC\heba</sdl:value><sdl:value key="created_on">10/09/2017 03:33:53</sdl:value><sdl:value key="last_modified_by">DESKTOP-C8MRIMB\Sherif Youssef</sdl:value><sdl:value key="modified_on">10/12/2017 19:41:50</sdl:value><sdl:value key="SDL:ProjectTranslationHash">1836413201</sdl:value><sdl:value key="SDL:OriginalTranslationHash">1836413201</sdl:value></sdl:seg><sdl:seg id="14" conf="ApprovedSignOff" origin="interactive"><sdl:value key="SegmentIdentityHash">WKvIGWOckvh89QilNUPN63CKpWA=</sdl:value><sdl:value key="created_by">heba-PC\heba</sdl:value><sdl:value key="created_on">10/09/2017 03:36:24</sdl:value><sdl:value key="last_modified_by">DESKTOP-C8MRIMB\Sherif Youssef</sdl:value><sdl:value key="modified_on">10/12/2017 19:41:51</sdl:value><sdl:value key="SDL:ProjectTranslationHash">-959196222</sdl:value><sdl:value key="SDL:OriginalTranslationHash">-959196222</sdl:value></sdl:seg></sdl:seg-defs></trans-unit></group><group><sdl:cxts><sdl:cxt id="11"/><sdl:cxt id="2"/></sdl:cxts><trans-unit id="b5c978dc-2b40-4217-8e0c-31b1b5ff3512"><source><g id="38">[0003]	Such unwanted contaminants typically restrict the movement of fluids in production piping and further potentially plug flow paths of fluids (including reservoir flow paths). For instance, common mineral scales such as calcium carbonate, calcium sulfate, or barium sulfate often precipitate from produced water and create blockages in flow paths in production tubulars. The formation and deposition of such unwanted contaminants reduce well productivity, and, in some cases, completely blocks the tubing.</g></source><seg-source><g id="38"><mrk mtype="seg" mid="15">[0003]	Such unwanted contaminants typically restrict the movement of fluids in production piping and further potentially plug flow paths of fluids (including reservoir flow paths).</mrk> <mrk mtype="seg" mid="16">For instance, common mineral scales such as calcium carbonate, calcium sulfate, or barium sulfate often precipitate from produced water and create blockages in flow paths in production tubulars.</mrk> <mrk mtype="seg" mid="17">The formation and deposition of such unwanted contaminants reduce well productivity, and, in some cases, completely blocks the tubing.</mrk></g></seg-source><target><g id="38"><mrk mtype="seg" mid="15">[0003] تعيق الملوثات غير المرغوب فيها المذكورة بشكل نمطي من حركة الموائع في أنابيب الإنتاج وبشكل محتمل أيضًا تسد مسارات تدفق الموائع (بما في ذلك مسارات تدفق الخزان).</mrk> <mrk mtype="seg" mid="16">على سبيل المثال، تترسب قشور معدنية شائعة مثل كربونات الكالسيوم، سلفات الكالسيوم، أو سلفات الباريوم من الماء المنتج وتُكَوّن انسدادات في مسارات التدفق الموجودة في أنابيب الإنتاج.</mrk> <mrk mtype="seg" mid="17">يقلل تَكَوّن وترسب الملوثات غير المرغوب فيها المذكورة من إنتاجية البئر، وفي بعض الحالات، تسد الأنابيب بالكامل.</mrk></g></target><sdl:seg-defs><sdl:seg id="15" conf="ApprovedSignOff" origin="interactive"><sdl:value key="SegmentIdentityHash">xYZvygy+8QSQdoGBAwlRgJz3KMo=</sdl:value><sdl:value key="created_by">heba-PC\heba</sdl:value><sdl:value key="created_on">10/09/2017 03:45:14</sdl:value><sdl:value key="last_modified_by">DESKTOP-C8MRIMB\Sherif Youssef</sdl:value><sdl:value key="modified_on">10/12/2017 19:41:51</sdl:value><sdl:value key="SDL:ProjectTranslationHash">2053753978</sdl:value><sdl:value key="SDL:OriginalTranslationHash">2053753978</sdl:value></sdl:seg><sdl:seg id="16" conf="ApprovedSignOff" origin="interactive"><sdl:value key="SegmentIdentityHash">IN9T2Jkv4zAB5GI8+G11lvMNCCU=</sdl:value><sdl:value key="created_by">heba-PC\heba</sdl:value><sdl:value key="created_on">10/09/2017 03:46:33</sdl:value><sdl:value key="last_modified_by">DESKTOP-C8MRIMB\Sherif Youssef</sdl:value><sdl:value key="modified_on">10/12/2017 19:41:52</sdl:value><sdl:value key="SDL:ProjectTranslationHash">965397432</sdl:value><sdl:value key="SDL:OriginalTranslationHash">965397432</sdl:value></sdl:seg><sdl:seg id="17" conf="ApprovedSignOff" origin="interactive"><sdl:value key="SegmentIdentityHash">9tdseR55fsslG7VpHwnNCThQLbg=</sdl:value><sdl:value key="created_by">heba-PC\heba</sdl:value><sdl:value key="created_on">10/09/2017 03:47:41</sdl:value><sdl:value key="last_modified_by">DESKTOP-C8MRIMB\Sherif Youssef</sdl:value><sdl:value key="modified_on">10/12/2017 19:41:53</sdl:value><sdl:value key="SDL:ProjectTranslationHash">-1400717609</sdl:value><sdl:value key="SDL:OriginalTranslationHash">-1400717609</sdl:value></sdl:seg></sdl:seg-defs></trans-unit></group><group><sdl:cxts><sdl:cxt id="12"/><sdl:cxt id="2"/></sdl:cxts><trans-unit id="905e483f-e0f1-468a-b7ff-f78913e832ff"><source><g id="44">[0004]	Treatments to remove deposits and inhibit the formation of unwanted deposits include the use of various mechanical preventative techniques such as scrapers or reamers and chemical treatment agents such as inhibitors, acids and</g></source><seg-source><g id="44"><mrk mtype="seg" mid="18">[0004]	Treatments to remove deposits and inhibit the formation of unwanted deposits include the use of various mechanical preventative techniques such as scrapers or reamers and chemical treatment agents such as inhibitors, acids and</mrk></g></seg-source><target><g id="44"><mrk mtype="seg" mid="18">[0004] تتضمن عمليات المعالجة الخاص بإزالة الرواسب وتثبيط تُكَوّن الرواسب غير المرغوب فيها استخدام العديد من التقنيات الميكانيكية الوقائية مثل وسائل الكشط أو موسعات الثقوب وعوامل المعالجة الكيميائية مثل المثبطات، الأحماض و</mrk></g></target><sdl:seg-defs><sdl:seg id="18" conf="ApprovedSignOff" origin="interactive"><sdl:value key="SegmentIdentityHash">1ZUK/0Z4bu5nleWegBuxVrsE8pk=</sdl:value><sdl:value key="created_by">heba-PC\heba</sdl:value><sdl:value key="created_on">10/09/2017 03:48:52</sdl:value><sdl:value key="last_modified_by">DESKTOP-C8MRIMB\Sherif Youssef</sdl:value><sdl:value key="modified_on">10/12/2017 19:41:53</sdl:value><sdl:value key="SDL:ProjectTranslationHash">1787809300</sdl:value><sdl:value key="SDL:OriginalTranslationHash">1787809300</sdl:value></sdl:seg></sdl:seg-defs></trans-unit></group><group><sdl:cxts><sdl:cxt id="13"/><sdl:cxt id="2"/></sdl:cxts><trans-unit id="c416ed38-c5d0-41b5-b92b-241a45beda73"><source><g id="50"> <g id="53">converters. While mechanical tools are effective when the tubular is at an approximate 180° to the point of entry (as gravity helps pull the treatment device into the well), they have limited effectiveness when the tubular being treated is deviated, as in a horizontal well or “S” shaped configuration. The flexibility of mechanical tools makes it difficult to push a long distance past a severe deviation or multiple deviations. Chemical prevention or remedial techniques can be effective if the treatment can be delivered reliably to the target location and in sufficient quantity to address the issues.</g></g></source><seg-source><g id="50"> <g id="53"><mrk mtype="seg" mid="19">converters.</mrk> <mrk mtype="seg" mid="20">While mechanical tools are effective when the tubular is at an approximate 180° to the point of entry (as gravity helps pull the treatment device into the well), they have limited effectiveness when the tubular being treated is deviated, as in a horizontal well or “S” shaped configuration.</mrk> <mrk mtype="seg" mid="21">The flexibility of mechanical tools makes it difficult to push a long distance past a severe deviation or multiple deviations.</mrk> <mrk mtype="seg" mid="22">Chemical prevention or remedial techniques can be effective if the treatment can be delivered reliably to the target location and in sufficient quantity to address the issues.</mrk></g></g></seg-source><target><g id="50"> <g id="53"><mrk mtype="seg" mid="19">المحولات.</mrk> <mrk mtype="seg" mid="20">في حين أن الأدوات الميكانيكية تعتبر فعالة عندما تكون الأنابيب بزاوية تبلغ 180° تقريبًا من نقطة الدخول (حيث تساعد الجاذبية الأرضية في سحب وسيلة المعالجة في البئر)، فإن لها فاعلية محدودة عندما تكون الأنابيب التي تتم معالجتها منحرفة، كما في بئر أفقية أو ذات هيئة على شكل حفر &quot;S&quot;.</mrk> <mrk mtype="seg" mid="21">تجعل مرونة الأدوات الميكانيكية من الصعب دفعها لمسافة طويلة إلى ما بعد الانحراف الشديد أو انحرافات متعددة.</mrk> <mrk mtype="seg" mid="22">يمكن أن تكون تقنيات الوقاية أو المعالجة الكيميائية فعالة إذا أمكن توصيل المعالجة بشكل موثوق إلى الموقع المستهدف وبكمية كافية للتعامل مع المشكلات.</mrk></g></g></target><sdl:seg-defs><sdl:seg id="19" conf="ApprovedSignOff" origin="interactive"><sdl:value key="SegmentIdentityHash">PAAdK+8OAbXUcusR/6LkKQd9aiA=</sdl:value><sdl:value key="created_by">heba-PC\heba</sdl:value><sdl:value key="created_on">10/09/2017 03:51:01</sdl:value><sdl:value key="last_modified_by">DESKTOP-C8MRIMB\Sherif Youssef</sdl:value><sdl:value key="modified_on">10/12/2017 19:41:54</sdl:value><sdl:value key="SDL:ProjectTranslationHash">-1059813455</sdl:value><sdl:value key="SDL:OriginalTranslationHash">-1059813455</sdl:value></sdl:seg><sdl:seg id="20" conf="ApprovedSignOff" origin="interactive"><sdl:value key="SegmentIdentityHash">F9XpQ0e6lkbP3xqJCk0rikDMDZU=</sdl:value><sdl:value key="created_by">heba-PC\heba</sdl:value><sdl:value key="created_on">10/09/2017 03:51:06</sdl:value><sdl:value key="last_modified_by">DESKTOP-C8MRIMB\Sherif Youssef</sdl:value><sdl:value key="modified_on">10/12/2017 19:41:54</sdl:value><sdl:value key="SDL:ProjectTranslationHash">-1066963427</sdl:value><sdl:value key="SDL:OriginalTranslationHash">-1066963427</sdl:value></sdl:seg><sdl:seg id="21" conf="ApprovedSignOff" origin="interactive"><sdl:value key="SegmentIdentityHash">Bco4603ZXuJ3+Xr/kAtnLvXAXso=</sdl:value><sdl:value key="created_by">heba-PC\heba</sdl:value><sdl:value key="created_on">10/09/2017 03:53:24</sdl:value><sdl:value key="last_modified_by">DESKTOP-C8MRIMB\Sherif Youssef</sdl:value><sdl:value key="modified_on">10/12/2017 19:41:56</sdl:value><sdl:value key="SDL:ProjectTranslationHash">161384143</sdl:value><sdl:value key="SDL:OriginalTranslationHash">161384143</sdl:value></sdl:seg><sdl:seg id="22" conf="ApprovedSignOff" origin="interactive"><sdl:value key="SegmentIdentityHash">h7u86R4M0q3fGgPKWq9M1QgPouE=</sdl:value><sdl:value key="created_by">heba-PC\heba</sdl:value><sdl:value key="created_on">10/09/2017 03:54:44</sdl:value><sdl:value key="last_modified_by">DESKTOP-C8MRIMB\Sherif Youssef</sdl:value><sdl:value key="modified_on">10/12/2017 19:41:57</sdl:value><sdl:value key="SDL:ProjectTranslationHash">71117354</sdl:value><sdl:value key="SDL:OriginalTranslationHash">71117354</sdl:value></sdl:seg></sdl:seg-defs></trans-unit></group><group><sdl:cxts><sdl:cxt id="14"/><sdl:cxt id="2"/></sdl:cxts><trans-unit id="7d71b6ac-cd74-449b-94d5-d4d0776de014"><source><g id="59">[0005]	Chemical treatment agents may be delivered to unwanted deposits by the technique of “downhole squeezing” wherein a slug of a well treatment composition is injected into the annulus of the well, using a pre-flush, squeeze, and over flush treatment before the well can be returned to normal function. This technique requires large volumes of treatment and flush fluid in horizontal wells with a large area of perforated interval. Further treatments are typically required as the chemical residual is depleted, once again requiring large volumes of flush and treatment into the well. Such treatment methods are typically inefficient in horizontal wells because it is difficult to ensure the treatment is delivered to all the intended area. Further, the flush and chemical additives often require large pumps and holding tanks which can add significant costs to the application.</g></source><seg-source><g id="59"><mrk mtype="seg" mid="23">[0005]	Chemical treatment agents may be delivered to unwanted deposits by the technique of “downhole squeezing” wherein a slug of a well treatment composition is injected into the annulus of the well, using a pre-flush, squeeze, and over flush treatment before the well can be returned to normal function.</mrk> <mrk mtype="seg" mid="24">This technique requires large volumes of treatment and flush fluid in horizontal wells with a large area of perforated interval.</mrk> <mrk mtype="seg" mid="25">Further treatments are typically required as the chemical residual is depleted, once again requiring large volumes of flush and treatment into the well.</mrk> <mrk mtype="seg" mid="26">Such treatment methods are typically inefficient in horizontal wells because it is difficult to ensure the treatment is delivered to all the intended area.</mrk> <mrk mtype="seg" mid="27">Further, the flush and chemical additives often require large pumps and holding tanks which can add significant costs to the application.</mrk></g></seg-source><target><g id="59"><mrk mtype="seg" mid="23">[0005] يمكن توصيل عوامل المعالجة الكيميائية إلى رواسب غير مرغوب فيها بواسطة تقنية &quot;الكبس أسفل البئر&quot; حيث يتم حقن تدفق متقطع من تركيبة معالجة برئ في الحيز الحلقي للبئر، باستخدام المعالجة بالكسح المسبق، الكبس، والكسح المفرط قبل إمكانية إعادة البئر إلى وظيفتها الطبيعية.</mrk> <mrk mtype="seg" mid="24">تتطلب هذه التقنية أحجام كبيرة من موائع الكسح في آبار أفقية بها مساحة كبيرة من فواصل مثقَّبة.</mrk> <mrk mtype="seg" mid="25">تكون هناك حاجة إلى عمليات معالجة أخرى بصورة نمطية حيث يتم استنفاد المادة الكيميائية المتبقية، وتكون هناك حاجة مرة أخرى إلى أحجام كبيرة من الكسح والمعالجة في البئر.</mrk> <mrk mtype="seg" mid="26">تكون طرق المعالجة المذكورة بشكل نمطي غير فعالة في الآبار الأفقية لأنه من الصعب ضمان توصيل المعالجة إلى كل المناطق المقصودة.</mrk> <mrk mtype="seg" mid="27">علاوة على ذلك، عادةً ما تتطلب مواد الإضافة للإزاحة والكيميائية مضخات كبيرة وخزانات احتجاز والتي يمكن أن تضيف تكاليف كبيرة إلى الاستخدام.</mrk></g></target><sdl:seg-defs><sdl:seg id="23" conf="ApprovedSignOff" origin="interactive"><sdl:value key="SegmentIdentityHash">Vbnn/pmZ0fYZx1CWk9ZS7uUBl04=</sdl:value><sdl:value key="created_by">heba-PC\heba</sdl:value><sdl:value key="created_on">10/09/2017 03:55:34</sdl:value><sdl:value key="last_modified_by">DESKTOP-C8MRIMB\Sherif Youssef</sdl:value><sdl:value key="modified_on">10/12/2017 19:41:58</sdl:value><sdl:value key="SDL:ProjectTranslationHash">-516381127</sdl:value><sdl:value key="SDL:OriginalTranslationHash">-516381127</sdl:value></sdl:seg><sdl:seg id="24" conf="ApprovedSignOff" origin="interactive"><sdl:value key="SegmentIdentityHash">uxlD5kgROOvhOoTb4fHms5kLjGM=</sdl:value><sdl:value key="created_by">heba-PC\heba</sdl:value><sdl:value key="created_on">10/09/2017 03:59:27</sdl:value><sdl:value key="last_modified_by">DESKTOP-C8MRIMB\Sherif Youssef</sdl:value><sdl:value key="modified_on">10/12/2017 19:41:58</sdl:value><sdl:value key="SDL:ProjectTranslationHash">-1430792247</sdl:value><sdl:value key="SDL:OriginalTranslationHash">-1430792247</sdl:value></sdl:seg><sdl:seg id="25" conf="ApprovedSignOff" origin="interactive"><sdl:value key="SegmentIdentityHash">P1yiPVE1+Hq+FGsYjJi0U1zr2+8=</sdl:value><sdl:value key="created_by">heba-PC\heba</sdl:value><sdl:value key="created_on">10/09/2017 04:03:42</sdl:value><sdl:value key="last_modified_by">DESKTOP-C8MRIMB\Sherif Youssef</sdl:value><sdl:value key="modified_on">10/12/2017 19:41:59</sdl:value><sdl:value key="SDL:ProjectTranslationHash">-102736267</sdl:value><sdl:value key="SDL:OriginalTranslationHash">-102736267</sdl:value></sdl:seg><sdl:seg id="26" conf="ApprovedSignOff" origin="interactive"><sdl:value key="SegmentIdentityHash">nS1QL+GcnT5zt5rQ0+PhyJHtqYo=</sdl:value><sdl:value key="created_by">heba-PC\heba</sdl:value><sdl:value key="created_on">10/09/2017 04:05:38</sdl:value><sdl:value key="last_modified_by">DESKTOP-C8MRIMB\Sherif Youssef</sdl:value><sdl:value key="modified_on">10/12/2017 19:41:59</sdl:value><sdl:value key="SDL:ProjectTranslationHash">-394890003</sdl:value><sdl:value key="SDL:OriginalTranslationHash">-394890003</sdl:value></sdl:seg><sdl:seg id="27" conf="ApprovedSignOff" origin="interactive"><sdl:value key="SegmentIdentityHash">2Ine4QcluU+7AP5x0IsxZo4PEDs=</sdl:value><sdl:value key="created_by">heba-PC\heba</sdl:value><sdl:value key="created_on">10/09/2017 04:06:43</sdl:value><sdl:value key="last_modified_by">DESKTOP-C8MRIMB\Sherif Youssef</sdl:value><sdl:value key="modified_on">10/12/2017 19:42:00</sdl:value><sdl:value key="SDL:ProjectTranslationHash">-596920125</sdl:value><sdl:value key="SDL:OriginalTranslationHash">-596920125</sdl:value></sdl:seg></sdl:seg-defs></trans-unit></group><group><sdl:cxts><sdl:cxt id="15"/><sdl:cxt id="2"/></sdl:cxts><trans-unit id="beb8da36-dbaf-4398-94c6-36e5fe0068cf"><source><g id="65">[0006]	Solid chemical additives in the form of a slurry are further often used. This type of treatment is effective in vertical wells but requires a flush to aid in delivery of the treatment agent to the bottom of the well. In a deviated well such as a horizontal well or well with multiple deviations such as an “S” shaped completion, it is important that the slurry mass not be too heavy in order for the flush to be carried past the deviation. If the density of the slurry is too high, the slurry just settles beyond the deviation.</g></source><seg-source><g id="65"><mrk mtype="seg" mid="28">[0006]	Solid chemical additives in the form of a slurry are further often used.</mrk> <mrk mtype="seg" mid="29">This type of treatment is effective in vertical wells but requires a flush to aid in delivery of the treatment agent to the bottom of the well.</mrk> <mrk mtype="seg" mid="30">In a deviated well such as a horizontal well or well with multiple deviations such as an “S” shaped completion, it is important that the slurry mass not be too heavy in order for the flush to be carried past the deviation.</mrk> <mrk mtype="seg" mid="31">If the density of the slurry is too high, the slurry just settles beyond the deviation.</mrk></g></seg-source><target><g id="65"><mrk mtype="seg" mid="28">[0006] عادةً ما يتم أيضًا استخدام مواد إضافة كيميائية في صورة ملاط.</mrk> <mrk mtype="seg" mid="29">يكون هذا النوع من المعالجة فعال في الآبار الرأسية ولكنها تتطلب الكسح للمساعدة على توصيل عامل المعالجة إلى قاع البئر.</mrk> <mrk mtype="seg" mid="30">في بئر منحرفة مثل بئر أفقية أو بئر ذات انحرافات متعددة مثل بئر إكمال على شكل حرف &quot;S&quot;، من المهم ألا تكون كتلة الملاط ثقيلة جدًا ليتم إجراء الكسح بعد الانحراف.</mrk> <mrk mtype="seg" mid="31">إذا كانت كثافة الملاط مرتفعة جدًا، يترسب الملاط مباشرةً بعد الانحراف.</mrk></g></target><sdl:seg-defs><sdl:seg id="28" conf="ApprovedSignOff" origin="interactive"><sdl:value key="SegmentIdentityHash">DcFKvO3APeDtymHphyC9aU+r000=</sdl:value><sdl:value key="created_by">heba-PC\heba</sdl:value><sdl:value key="created_on">10/09/2017 04:07:46</sdl:value><sdl:value key="last_modified_by">DESKTOP-C8MRIMB\Sherif Youssef</sdl:value><sdl:value key="modified_on">10/12/2017 19:42:00</sdl:value><sdl:value key="SDL:ProjectTranslationHash">1809189117</sdl:value><sdl:value key="SDL:OriginalTranslationHash">1809189117</sdl:value></sdl:seg><sdl:seg id="29" conf="ApprovedSignOff" origin="interactive"><sdl:value key="SegmentIdentityHash">k+miJcPQy8onlFN0tExE30651tg=</sdl:value><sdl:value key="created_by">heba-PC\heba</sdl:value><sdl:value key="created_on">10/09/2017 04:08:18</sdl:value><sdl:value key="last_modified_by">DESKTOP-C8MRIMB\Sherif Youssef</sdl:value><sdl:value key="modified_on">10/12/2017 19:42:01</sdl:value><sdl:value key="SDL:ProjectTranslationHash">-128639376</sdl:value><sdl:value key="SDL:OriginalTranslationHash">-128639376</sdl:value></sdl:seg><sdl:seg id="30" conf="ApprovedSignOff" origin="interactive"><sdl:value key="SegmentIdentityHash">7QW2TbgEGeLZUkJ2HsMa2IR9Blc=</sdl:value><sdl:value key="created_by">heba-PC\heba</sdl:value><sdl:value key="created_on">10/09/2017 04:10:08</sdl:value><sdl:value key="last_modified_by">DESKTOP-C8MRIMB\Sherif Youssef</sdl:value><sdl:value key="modified_on">10/12/2017 19:42:02</sdl:value><sdl:value key="SDL:ProjectTranslationHash">-1995850113</sdl:value><sdl:value key="SDL:OriginalTranslationHash">-1995850113</sdl:value></sdl:seg><sdl:seg id="31" conf="ApprovedSignOff" origin="interactive"><sdl:value key="SegmentIdentityHash">nrdY7AKHRJC8N4IXlEoA62ygOGg=</sdl:value><sdl:value key="created_by">heba-PC\heba</sdl:value><sdl:value key="created_on">10/09/2017 04:11:48</sdl:value><sdl:value key="last_modified_by">DESKTOP-C8MRIMB\Sherif Youssef</sdl:value><sdl:value key="modified_on">10/12/2017 19:42:02</sdl:value><sdl:value key="SDL:ProjectTranslationHash">-1563123673</sdl:value><sdl:value key="SDL:OriginalTranslationHash">-1563123673</sdl:value></sdl:seg></sdl:seg-defs></trans-unit></group><group><sdl:cxts><sdl:cxt id="16"/><sdl:cxt id="2"/></sdl:cxts><trans-unit id="d8c7304e-320d-4106-af06-85aacacfff6c"><source><g id="71">[0007]	Capillary tubing lengths are frequently installed in wells to aid in delivery of a chemical treatment. This technique is effective in its intended function but is expensive and requires specialized equipment to install. Further, capillary tubing may not be able to extend to great depths if the deviation angle is severe or the piping extends far beyond the bend.</g></source><seg-source><g id="71"><mrk mtype="seg" mid="32">[0007]	Capillary tubing lengths are frequently installed in wells to aid in delivery of a chemical treatment.</mrk> <mrk mtype="seg" mid="33">This technique is effective in its intended function but is expensive and requires specialized equipment to install.</mrk> <mrk mtype="seg" mid="34">Further, capillary tubing may not be able to extend to great depths if the deviation angle is severe or the piping extends far beyond the bend.</mrk></g></seg-source><target><g id="71"><mrk mtype="seg" mid="32">[0007] يتم بشكل متكرر تركيب أطوال الأنابيب الشعرية في الآبار للمساعدة على توصيل المعالجة الكيميائية.</mrk> <mrk mtype="seg" mid="33">تكون هذه التقنية فعالة من حيث وظيفتها المقررة ولكنها مكلفة وتتطلب تركيب معدات خاصة.</mrk> <mrk mtype="seg" mid="34">علاوة على ذلك، قد تكون الأنابيب الشعرية غير قابلة للامتداد إلى أعماق كبيرة إذا كانت زاوية الانحراف شديدة أو تمتد الأنابيب بشكل أبعد بعد الانثناء.</mrk></g></target><sdl:seg-defs><sdl:seg id="32" conf="ApprovedSignOff" origin="interactive"><sdl:value key="SegmentIdentityHash">vV4gNhohAXnEaMeWKTpT80dNans=</sdl:value><sdl:value key="created_by">heba-PC\heba</sdl:value><sdl:value key="created_on">10/09/2017 04:12:22</sdl:value><sdl:value key="last_modified_by">DESKTOP-C8MRIMB\Sherif Youssef</sdl:value><sdl:value key="modified_on">10/12/2017 19:42:03</sdl:value><sdl:value key="SDL:ProjectTranslationHash">-1558619511</sdl:value><sdl:value key="SDL:OriginalTranslationHash">-1558619511</sdl:value></sdl:seg><sdl:seg id="33" conf="ApprovedSignOff" origin="interactive"><sdl:value key="SegmentIdentityHash">Kj8iunPUpwk2JinYQQ4FT2R2WSM=</sdl:value><sdl:value key="created_by">heba-PC\heba</sdl:value><sdl:value key="created_on">10/09/2017 04:13:04</sdl:value><sdl:value key="last_modified_by">DESKTOP-C8MRIMB\Sherif Youssef</sdl:value><sdl:value key="modified_on">10/12/2017 19:42:04</sdl:value><sdl:value key="SDL:ProjectTranslationHash">1193805767</sdl:value><sdl:value key="SDL:OriginalTranslationHash">1193805767</sdl:value></sdl:seg><sdl:seg id="34" conf="ApprovedSignOff" origin="interactive"><sdl:value key="SegmentIdentityHash">iyim+X9ckQfadHl5RNO5WDZ5YqA=</sdl:value><sdl:value key="created_by">heba-PC\heba</sdl:value><sdl:value key="created_on">10/09/2017 04:13:45</sdl:value><sdl:value key="last_modified_by">DESKTOP-C8MRIMB\Sherif Youssef</sdl:value><sdl:value key="modified_on">10/12/2017 19:42:04</sdl:value><sdl:value key="SDL:ProjectTranslationHash">738149109</sdl:value><sdl:value key="SDL:OriginalTranslationHash">738149109</sdl:value></sdl:seg></sdl:seg-defs></trans-unit></group><group><sdl:cxts><sdl:cxt id="17"/><sdl:cxt id="2"/></sdl:cxts><trans-unit id="c31f1aae-df4d-467d-b28c-2f142074ddbe"><source><g id="77">[0008]	While solid additives have been added to the well during the completion stage, this technique has only been proven to be an effective delivery method in new wells when the opportunity to spot the chemical additive is available.</g></source><seg-source><g id="77"><mrk mtype="seg" mid="35">[0008]	While solid additives have been added to the well during the completion stage, this technique has only been proven to be an effective delivery method in new wells when the opportunity to spot the chemical additive is available.</mrk></g></seg-source><target><g id="77"><mrk mtype="seg" mid="35">[0008] في حين أنه تمت إضافة مواد إضافة صلبة إلى البئر أثناء مرحلة الإكمال، فقد تم فقط إثبات أن هذه التقنية تعتبر طريقة توصيل فعالة في الآبار الجديدة عندما تكون فرصة تحديد مادة الإضافة الكيميائية بدقة متاحة.</mrk></g></target><sdl:seg-defs><sdl:seg id="35" conf="ApprovedSignOff" origin="interactive"><sdl:value key="SegmentIdentityHash">7QdG/U7hJkoDQYMqaSkZx844vIY=</sdl:value><sdl:value key="created_by">heba-PC\heba</sdl:value><sdl:value key="created_on">10/09/2017 04:14:47</sdl:value><sdl:value key="last_modified_by">DESKTOP-C8MRIMB\Sherif Youssef</sdl:value><sdl:value key="modified_on">10/12/2017 19:42:05</sdl:value><sdl:value key="SDL:ProjectTranslationHash">-450703640</sdl:value><sdl:value key="SDL:OriginalTranslationHash">-450703640</sdl:value></sdl:seg></sdl:seg-defs></trans-unit></group><group><sdl:cxts><sdl:cxt id="18"/><sdl:cxt id="2"/></sdl:cxts><trans-unit id="de97618b-13c6-42c6-a7e0-6410b24a9204"><source><g id="83">[0009]	Alternative treatment methods have therefore been sought for introducing solid well treatment agents into producing oil and/or gas wells and especially in those where tubing is deviated or contains multiple deviations.</g></source><seg-source><g id="83"><mrk mtype="seg" mid="36">[0009]	Alternative treatment methods have therefore been sought for introducing solid well treatment agents into producing oil and/or gas wells and especially in those where tubing is deviated or contains multiple deviations.</mrk></g></seg-source><target><g id="83"><mrk mtype="seg" mid="36">[0009] وبالتالي فقد تم البحث عن طريق معالجة بديلة لإدخال عوامل معالجة بئر صلبة في آبار نفط و/أو غاز منتجة وخاصةً في تلك التي تكون فيها الأنابيب منحرفة أو تحتوي على انحرافات متعددة.</mrk></g></target><sdl:seg-defs><sdl:seg id="36" conf="ApprovedSignOff" origin="interactive"><sdl:value key="SegmentIdentityHash">o/oq7JdF9Yvm9bRNGKRqyONwWU8=</sdl:value><sdl:value key="created_by">heba-PC\heba</sdl:value><sdl:value key="created_on">10/09/2017 04:17:29</sdl:value><sdl:value key="last_modified_by">DESKTOP-C8MRIMB\Sherif Youssef</sdl:value><sdl:value key="modified_on">10/12/2017 19:42:06</sdl:value><sdl:value key="SDL:ProjectTranslationHash">1616479487</sdl:value><sdl:value key="SDL:OriginalTranslationHash">1616479487</sdl:value></sdl:seg></sdl:seg-defs></trans-unit></group><group><sdl:cxts><sdl:cxt id="19"/><sdl:cxt id="2"/></sdl:cxts><trans-unit id="ed29e474-83b1-4437-b909-67e9d489e801"><source><g id="95">Summary of the Invention </g></source><seg-source><g id="95"><mrk mtype="seg" mid="37">Summary of the Invention</mrk> </g></seg-source><target><g id="95"><mrk mtype="seg" mid="37">الكشف عن الاختراع</mrk> </g></target><sdl:seg-defs><sdl:seg id="37" conf="ApprovedSignOff" origin="tm" origin-system="General" percent="100"><sdl:value key="created_by">SHERIF\Sherif Youssef</sdl:value><sdl:value key="created_on">01/18/2017 12:18:21</sdl:value><sdl:value key="modified_on">10/12/2017 19:42:07</sdl:value><sdl:value key="last_modified_by">DESKTOP-C8MRIMB\Sherif Youssef</sdl:value><sdl:value key="SDL:OriginalTranslationHash">814687615</sdl:value><sdl:value key="SegmentIdentityHash">6e0UpudVvBshWtsZCTSgYHHkh7M=</sdl:value><sdl:value key="SDL:ProjectTranslationHash">814687615</sdl:value></sdl:seg></sdl:seg-defs></trans-unit></group><group><sdl:cxts><sdl:cxt id="20"/><sdl:cxt id="2"/></sdl:cxts><trans-unit id="456dacf3-6388-4e07-8d7a-fda730ecf634"><source><g id="98">[00010] In an embodiment, a shaped compressed pellet is disclosed. The pellet comprises a binder and a well treatment composite. The well treatment composite contains a well treatment agent and a calcined porous metal oxide. The porosity and permeability of the calcined porous metal oxide is such that the well treatment agent is adsorbed onto the surface of the calcined porous metal oxide or into the interstitial spaces of the calcined porous metal oxide.</g></source><seg-source><g id="98"><mrk mtype="seg" mid="38">[00010] In an embodiment, a shaped compressed pellet is disclosed.</mrk> <mrk mtype="seg" mid="39">The pellet comprises a binder and a well treatment composite.</mrk> <mrk mtype="seg" mid="40">The well treatment composite contains a well treatment agent and a calcined porous metal oxide.</mrk> <mrk mtype="seg" mid="41">The porosity and permeability of the calcined porous metal oxide is such that the well treatment agent is adsorbed onto the surface of the calcined porous metal oxide or into the interstitial spaces of the calcined porous metal oxide.</mrk></g></seg-source><target><g id="98"><mrk mtype="seg" mid="38">[00010] في أحد التجسيدات، يتم الكشف عن كرية مضغوطة مُشكلة.</mrk> <mrk mtype="seg" mid="39">تشتمل الكرية على مادة رابطة ومادة معالجة بئر مركبة.</mrk> <mrk mtype="seg" mid="40">تحتوي مادة معالجة البئر المركبة على عامل معالجة بئر وأكسيد فلز مسامي مكلسن.</mrk> <mrk mtype="seg" mid="41">يتم تحديد مسامية ونفاذية أكسيد الفلز المسامي المكلسن بحيث يتم امتزاز عامل معالجة البئر على سطح أكسيد الفلز المسامي المكلسن أو في الأحياز الخلالية لأكسيد الفلز المسامي المكلسن.</mrk></g></target><sdl:seg-defs><sdl:seg id="38" conf="ApprovedSignOff" origin="interactive"><sdl:value key="SegmentIdentityHash">6TkP/sYxR8k2BM9F3E7PB0gvqXo=</sdl:value><sdl:value key="created_by">heba-PC\heba</sdl:value><sdl:value key="created_on">10/09/2017 12:47:27</sdl:value><sdl:value key="last_modified_by">DESKTOP-C8MRIMB\Sherif Youssef</sdl:value><sdl:value key="modified_on">10/12/2017 19:42:07</sdl:value><sdl:value key="SDL:ProjectTranslationHash">-2042796228</sdl:value><sdl:value key="SDL:OriginalTranslationHash">-2042796228</sdl:value></sdl:seg><sdl:seg id="39" conf="ApprovedSignOff" origin="interactive"><sdl:rep id="cB2t4xcluf7LdgtNT0nXhjfTz3s="/><sdl:value key="SegmentIdentityHash">cB2t4xcluf7LdgtNT0nXhjfTz3s=</sdl:value><sdl:value key="created_by">heba-PC\heba</sdl:value><sdl:value key="created_on">10/09/2017 12:47:30</sdl:value><sdl:value key="last_modified_by">DESKTOP-C8MRIMB\Sherif Youssef</sdl:value><sdl:value key="modified_on">10/12/2017 19:42:08</sdl:value><sdl:value key="SDL:ProjectTranslationHash">-1726760833</sdl:value><sdl:value key="SDL:OriginalTranslationHash">-1726760833</sdl:value></sdl:seg><sdl:seg id="40" conf="ApprovedSignOff" origin="interactive"><sdl:value key="SegmentIdentityHash">lEf3lMlKqCR60/5d0HkiUNOrK3U=</sdl:value><sdl:value key="created_by">heba-PC\heba</sdl:value><sdl:value key="created_on">10/09/2017 12:47:32</sdl:value><sdl:value key="last_modified_by">DESKTOP-C8MRIMB\Sherif Youssef</sdl:value><sdl:value key="modified_on">10/12/2017 19:42:09</sdl:value><sdl:value key="SDL:ProjectTranslationHash">1761501534</sdl:value><sdl:value key="SDL:OriginalTranslationHash">1761501534</sdl:value></sdl:seg><sdl:seg id="41" conf="ApprovedSignOff" origin="interactive"><sdl:rep id="USR5XwKfLFcrOJ1rQ73aXqBN9SA="/><sdl:value key="SegmentIdentityHash">USR5XwKfLFcrOJ1rQ73aXqBN9SA=</sdl:value><sdl:value key="created_by">heba-PC\heba</sdl:value><sdl:value key="created_on">10/09/2017 12:47:34</sdl:value><sdl:value key="last_modified_by">DESKTOP-C8MRIMB\Sherif Youssef</sdl:value><sdl:value key="modified_on">10/12/2017 19:42:09</sdl:value><sdl:value key="SDL:ProjectTranslationHash">1475252475</sdl:value><sdl:value key="SDL:OriginalTranslationHash">1475252475</sdl:value></sdl:seg></sdl:seg-defs></trans-unit></group><group><sdl:cxts><sdl:cxt id="21"/><sdl:cxt id="2"/></sdl:cxts><trans-unit id="a21ddd16-a004-4ef8-a073-3c8220d96884"><source><g id="104">[00011] In another embodiment, a method of inhibiting or controlling the rate of release of a well treatment agent in a well is disclosed by introducing into the well a shaped compressed pellet. The pellet comprises a binder and a well treatment composite. The well treatment composite contains a well treatment agent and calcined porous metal oxide. The porosity and permeability of the calcined porous metal oxide is such that the well treatment agent is adsorbed onto the surface of the calcined porous metal oxide or into the interstitial spaces of the calcined porous metal oxide.</g></source><seg-source><g id="104"><mrk mtype="seg" mid="42">[00011] In another embodiment, a method of inhibiting or controlling the rate of release of a well treatment agent in a well is disclosed by introducing into the well a shaped compressed pellet.</mrk> <mrk mtype="seg" mid="43">The pellet comprises a binder and a well treatment composite.</mrk> <mrk mtype="seg" mid="44">The well treatment composite contains a well treatment agent and calcined porous metal oxide.</mrk> <mrk mtype="seg" mid="45">The porosity and permeability of the calcined porous metal oxide is such that the well treatment agent is adsorbed onto the surface of the calcined porous metal oxide or into the interstitial spaces of the calcined porous metal oxide.</mrk></g></seg-source><target><g id="104"><mrk mtype="seg" mid="42">[00011] في تجسيد آخر، يتم الكشف عن طريقة لتثبيط أو التحكم في معدل إطلاق عامل معالجة بئر في بئر بواسطة إدخال في البئر كرية مضغوطة مُشكلة.</mrk> <mrk mtype="seg" mid="43">تشتمل الكرية على مادة رابطة ومادة معالجة بئر مركبة.</mrk> <mrk mtype="seg" mid="44">تحتوي مادة معالجة البئر المركبة على عامل معالجة بئر وأكسيد فلز مسامي مكلسن.</mrk> <mrk mtype="seg" mid="45">يتم تحديد مسامية ونفاذية أكسيد الفلز المسامي المكلسن بحيث يتم امتزاز عامل معالجة البئر على سطح أكسيد الفلز المسامي المكلسن أو في الأحياز الخلالية لأكسيد الفلز المسامي المكلسن.</mrk></g></target><sdl:seg-defs><sdl:seg id="42" conf="ApprovedSignOff" origin="interactive"><sdl:value key="SegmentIdentityHash">8yxmpoCG66B5DK1CDVVttbxfWcY=</sdl:value><sdl:value key="created_by">heba-PC\heba</sdl:value><sdl:value key="created_on">10/09/2017 12:47:37</sdl:value><sdl:value key="last_modified_by">DESKTOP-C8MRIMB\Sherif Youssef</sdl:value><sdl:value key="modified_on">10/12/2017 19:42:09</sdl:value><sdl:value key="SDL:ProjectTranslationHash">-809796390</sdl:value><sdl:value key="SDL:OriginalTranslationHash">-809796390</sdl:value></sdl:seg><sdl:seg id="43" conf="ApprovedSignOff" origin="interactive" percent="100"><sdl:rep id="cB2t4xcluf7LdgtNT0nXhjfTz3s="/><sdl:prev-origin origin="auto-propagated" origin-system="Propagated from segment 39" percent="100"><sdl:rep id="cB2t4xcluf7LdgtNT0nXhjfTz3s="/><sdl:prev-origin/><sdl:value key="SegmentIdentityHash">cB2t4xcluf7LdgtNT0nXhjfTz3s=</sdl:value></sdl:prev-origin><sdl:value key="SegmentIdentityHash">cB2t4xcluf7LdgtNT0nXhjfTz3s=</sdl:value><sdl:value key="last_modified_by">DESKTOP-C8MRIMB\Sherif Youssef</sdl:value><sdl:value key="modified_on">10/12/2017 19:42:10</sdl:value><sdl:value key="SDL:OriginalTranslationHash">-1726760833</sdl:value></sdl:seg><sdl:seg id="44" conf="ApprovedSignOff" origin="interactive"><sdl:value key="SegmentIdentityHash">xhR6QF5KPXXGFRaVhEBGqoSITXY=</sdl:value><sdl:value key="created_by">heba-PC\heba</sdl:value><sdl:value key="created_on">10/09/2017 12:47:44</sdl:value><sdl:value key="last_modified_by">DESKTOP-C8MRIMB\Sherif Youssef</sdl:value><sdl:value key="modified_on">10/12/2017 19:42:11</sdl:value><sdl:value key="SDL:ProjectTranslationHash">1761501534</sdl:value><sdl:value key="SDL:OriginalTranslationHash">1761501534</sdl:value></sdl:seg><sdl:seg id="45" conf="ApprovedSignOff" origin="interactive" percent="100"><sdl:rep id="USR5XwKfLFcrOJ1rQ73aXqBN9SA="/><sdl:prev-origin origin="auto-propagated" origin-system="Propagated from segment 41" percent="100"><sdl:rep id="USR5XwKfLFcrOJ1rQ73aXqBN9SA="/><sdl:prev-origin/><sdl:value key="SegmentIdentityHash">USR5XwKfLFcrOJ1rQ73aXqBN9SA=</sdl:value></sdl:prev-origin><sdl:value key="SegmentIdentityHash">USR5XwKfLFcrOJ1rQ73aXqBN9SA=</sdl:value><sdl:value key="last_modified_by">DESKTOP-C8MRIMB\Sherif Youssef</sdl:value><sdl:value key="modified_on">10/12/2017 19:42:11</sdl:value></sdl:seg></sdl:seg-defs></trans-unit></group><group><sdl:cxts><sdl:cxt id="22"/><sdl:cxt id="2"/></sdl:cxts><trans-unit id="e3fee1a0-c1bc-47f1-953d-270e83e144b6"><source><g id="107">[00012] In another embodiment, a method of inhibiting or controlling the rate of release of a well treatment agent in a well is disclosed by introducing into the well a shaped compressed pellet of a composite comprising a well treatment agent and calcined porous metal oxide. The well treatment agent is adsorbed onto the surface of the calcined porous metal oxide or into the interstitial spaces of the calcined porous metal oxide.</g></source><seg-source><g id="107"><mrk mtype="seg" mid="46">[00012] In another embodiment, a method of inhibiting or controlling the rate of release of a well treatment agent in a well is disclosed by introducing into the well a shaped compressed pellet of a composite comprising a well treatment agent and calcined porous metal oxide.</mrk> <mrk mtype="seg" mid="47">The well treatment agent is adsorbed onto the surface of the calcined porous metal oxide or into the interstitial spaces of the calcined porous metal oxide.</mrk></g></seg-source><target><g id="107"><mrk mtype="seg" mid="46">[00012] في تجسيد آخر، يتم الكشف عن طريقة لتثبيط أو التحكم في معدل إطلاق عامل معالجة بئر في بئر بواسطة إدخال في البئر كرية مضغوطة مُشكلة من مادة مركبة تشتمل على عامل معالجة بئر وأكسيد فلز مسامي مكلسن.</mrk> <mrk mtype="seg" mid="47">يتم امتزاز عامل معالجة البئر على سطح أكسيد الفلز المسامي المكلسن أو في الأحياز الخلالية لأكسيد الفلز المسامي المكلسن.</mrk></g></target><sdl:seg-defs><sdl:seg id="46" conf="ApprovedSignOff" origin="interactive"><sdl:value key="SegmentIdentityHash">e4D1IZN403KN+0fQRPzfgGCFf1Q=</sdl:value><sdl:value key="created_by">heba-PC\heba</sdl:value><sdl:value key="created_on">10/09/2017 12:47:55</sdl:value><sdl:value key="last_modified_by">DESKTOP-C8MRIMB\Sherif Youssef</sdl:value><sdl:value key="modified_on">10/12/2017 19:42:12</sdl:value><sdl:value key="SDL:ProjectTranslationHash">-2048598474</sdl:value><sdl:value key="SDL:OriginalTranslationHash">-2048598474</sdl:value></sdl:seg><sdl:seg id="47" conf="ApprovedSignOff" origin="interactive"><sdl:value key="SegmentIdentityHash">AUKp9uUNKfNhWRrgI0UO+A5e7II=</sdl:value><sdl:value key="created_by">heba-PC\heba</sdl:value><sdl:value key="created_on">10/09/2017 12:47:58</sdl:value><sdl:value key="last_modified_by">DESKTOP-C8MRIMB\Sherif Youssef</sdl:value><sdl:value key="modified_on">10/12/2017 19:42:13</sdl:value><sdl:value key="SDL:ProjectTranslationHash">-311464463</sdl:value><sdl:value key="SDL:OriginalTranslationHash">-311464463</sdl:value></sdl:seg></sdl:seg-defs></trans-unit></group><group><sdl:cxts><sdl:cxt id="23"/><sdl:cxt id="2"/></sdl:cxts><trans-unit id="5b3d3b53-e315-4cfc-b781-e1a472560689"><source><g id="110">[00013] The porosity and permeability of the calcined porous metal oxide is such that the well treatment agent is adsorbed onto its surface or into its interstitial spaces. The surface area of the calcined porous metal oxide may be between from about 1 m<g id="119">2</g> /g to about 10 m<g id="128">2</g> /g. The diameter of the calcined porous metal oxide may be between from about 0.1 to 3 mm. The pore volume of the calcined porous metal oxide may be between from about to about 0.10 cc/g. The bulk density of the composite may be between from about 75 to about 150 lb/ft<g id="143">3</g>. The specific gravity of the well treatment composite may be less than or equal to 3.75 g/cc.</g></source><seg-source><g id="110"><mrk mtype="seg" mid="48">[00013] The porosity and permeability of the calcined porous metal oxide is such that the well treatment agent is adsorbed onto its surface or into its interstitial spaces.</mrk> <mrk mtype="seg" mid="49">The surface area of the calcined porous metal oxide may be between from about 1 m<g id="119">2</g> /g to about 10 m<g id="128">2</g> /g.</mrk> <mrk mtype="seg" mid="50">The diameter of the calcined porous metal oxide may be between from about 0.1 to 3 mm. The pore volume of the calcined porous metal oxide may be between from about to about 0.10 cc/g.</mrk> <mrk mtype="seg" mid="51">The bulk density of the composite may be between from about 75 to about 150 lb/ft<g id="143">3</g>.</mrk> <mrk mtype="seg" mid="52">The specific gravity of the well treatment composite may be less than or equal to 3.75 g/cc.</mrk></g></seg-source><target><g id="110"><mrk mtype="seg" mid="48">[00013] يتم تحديد مسامية ونفاذية أكسيد الفلز المسامي المكلسن بحيث يتم امتزاز عامل معالجة البئر على سطحه أو في أحيازه الخلالية.</mrk> <mrk mtype="seg" mid="49">يمكن أن تتراوح مساحة سطح أكسيد الفلز المسامي المكلسن من حوالي 1 متر<g id="119">2</g>/جم إلى حوالي 10 متر<g id="128">2</g>/جم.</mrk> <mrk mtype="seg" mid="50">يمكن أن يتراوح قطر أكسيد الفلز المسامي المكلسن من حوالي 0.1 إلى 3 مم. يمكن أن يتراوح الحجم المسامي لأكسيد الفلز المسامي المكلسن من حوالي إلى حوالي 0.10 سم مكعب/جم.</mrk> <mrk mtype="seg" mid="51">يمكن أن تتراوح الكثافة الكتلية للمادة المركبة من حوالي 75 إلى حوالي 150 رطل/قدم<g id="143">3</g>.</mrk> <mrk mtype="seg" mid="52">يمكن أن يكون الثقل النوعي لمادة معالجة البئر المركبة أقل من أو مساوية لـ 3.75 جم/سم مكعب.</mrk></g></target><sdl:seg-defs><sdl:seg id="48" conf="ApprovedSignOff" origin="interactive"><sdl:value key="SegmentIdentityHash">jHa7btIMVCT1jyIKM+2g5ikHRc8=</sdl:value><sdl:value key="created_by">heba-PC\heba</sdl:value><sdl:value key="created_on">10/09/2017 12:48:01</sdl:value><sdl:value key="last_modified_by">DESKTOP-C8MRIMB\Sherif Youssef</sdl:value><sdl:value key="modified_on">10/12/2017 19:42:13</sdl:value><sdl:value key="SDL:ProjectTranslationHash">-1318047003</sdl:value><sdl:value key="SDL:OriginalTranslationHash">-1318047003</sdl:value></sdl:seg><sdl:seg id="49" conf="ApprovedSignOff" origin="interactive"><sdl:prev-origin origin="source"><sdl:prev-origin/><sdl:value key="SegmentIdentityHash">nHi+AWqh93nvOpG8nby3ViVx6mU=</sdl:value><sdl:value key="created_by">heba-PC\heba</sdl:value><sdl:value key="created_on">10/09/2017 05:00:29</sdl:value><sdl:value key="last_modified_by">heba-PC\heba</sdl:value><sdl:value key="modified_on">10/09/2017 05:00:29</sdl:value></sdl:prev-origin><sdl:value key="SegmentIdentityHash">nHi+AWqh93nvOpG8nby3ViVx6mU=</sdl:value><sdl:value key="created_by">heba-PC\heba</sdl:value><sdl:value key="created_on">10/09/2017 05:00:30</sdl:value><sdl:value key="last_modified_by">DESKTOP-C8MRIMB\Sherif Youssef</sdl:value><sdl:value key="modified_on">10/12/2017 19:42:14</sdl:value><sdl:value key="SDL:ProjectTranslationHash">1197001386</sdl:value><sdl:value key="SDL:OriginalTranslationHash">1197001386</sdl:value></sdl:seg><sdl:seg id="50" conf="ApprovedSignOff" origin="interactive"><sdl:value key="SegmentIdentityHash">AAB9H3GPlQurIEkjc/72QXukVyo=</sdl:value><sdl:value key="created_by">heba-PC\heba</sdl:value><sdl:value key="created_on">10/09/2017 05:03:30</sdl:value><sdl:value key="last_modified_by">DESKTOP-C8MRIMB\Sherif Youssef</sdl:value><sdl:value key="modified_on">10/12/2017 19:42:51</sdl:value><sdl:value key="SDL:ProjectTranslationHash">521262475</sdl:value><sdl:value key="SDL:OriginalTranslationHash">521262475</sdl:value></sdl:seg><sdl:seg id="51" conf="ApprovedSignOff" origin="interactive"><sdl:value key="SegmentIdentityHash">HEAJ4pVLa/986zQ6z4quMEaMyIg=</sdl:value><sdl:value key="created_by">heba-PC\heba</sdl:value><sdl:value key="created_on">10/09/2017 05:04:52</sdl:value><sdl:value key="last_modified_by">DESKTOP-C8MRIMB\Sherif Youssef</sdl:value><sdl:value key="modified_on">10/12/2017 19:42:56</sdl:value><sdl:value key="SDL:ProjectTranslationHash">1662211878</sdl:value><sdl:value key="SDL:OriginalTranslationHash">1662211878</sdl:value></sdl:seg><sdl:seg id="52" conf="ApprovedSignOff" origin="interactive"><sdl:value key="SegmentIdentityHash">XnsCRlt9wxQL9YwlXxloI037bZo=</sdl:value><sdl:value key="created_by">heba-PC\heba</sdl:value><sdl:value key="created_on">10/09/2017 05:05:54</sdl:value><sdl:value key="last_modified_by">DESKTOP-C8MRIMB\Sherif Youssef</sdl:value><sdl:value key="modified_on">10/12/2017 19:43:04</sdl:value><sdl:value key="SDL:ProjectTranslationHash">-1787061431</sdl:value><sdl:value key="SDL:OriginalTranslationHash">-1787061431</sdl:value></sdl:seg></sdl:seg-defs></trans-unit></group><group><sdl:cxts><sdl:cxt id="24"/><sdl:cxt id="2"/></sdl:cxts><trans-unit id="b2383e8e-8137-4cd8-8e20-a9c31e68d9b0"><source><g id="149">[00014] In another embodiment of the disclosure, a method of inhibiting or controlling the rate of release of a well treatment agent in a well is provided. In this embodiment, a shaped compressed pellet is placed into a receptacle. The shaped compressed pellet comprises a binder and a composite of a well treatment agent adsorbed onto a water-insoluble adsorbent or into interstitial spaces of the adsorbent. The receptacle is affixed to the bottom of a bottom hole electric submersible pump by hanging the receptacle from the bottom of the bottom hole electric submersible pump. The bottom hole electric submersible pump with the affixed receptacle is then lowered into the well. The well treatment agent is continuously released from the water-insoluble adsorbent.</g></source><seg-source><g id="149"><mrk mtype="seg" mid="53">[00014] In another embodiment of the disclosure, a method of inhibiting or controlling the rate of release of a well treatment agent in a well is provided.</mrk> <mrk mtype="seg" mid="54">In this embodiment, a shaped compressed pellet is placed into a receptacle.</mrk> <mrk mtype="seg" mid="55">The shaped compressed pellet comprises a binder and a composite of a well treatment agent adsorbed onto a water-insoluble adsorbent or into interstitial spaces of the adsorbent.</mrk> <mrk mtype="seg" mid="56">The receptacle is affixed to the bottom of a bottom hole electric submersible pump by hanging the receptacle from the bottom of the bottom hole electric submersible pump.</mrk> <mrk mtype="seg" mid="57">The bottom hole electric submersible pump with the affixed receptacle is then lowered into the well.</mrk> <mrk mtype="seg" mid="58">The well treatment agent is continuously released from the water-insoluble adsorbent.</mrk></g></seg-source><target><g id="149"><mrk mtype="seg" mid="53">[00014] في تجسيد آخر من الكشف، يتم توفير طريقة لتثبيط أو التحكم في معدل إطلاق عامل معالجة بئر في بئر.</mrk> <mrk mtype="seg" mid="54">في هذا التجسيد، يتم وضع كرية مضغوطة مُشكلة في وعاء.</mrk> <mrk mtype="seg" mid="55">تشتمل الكرية المضغوطة المُشكلة على مادة رابطة ومادة مركبة من عامل معالجة بئر يتم امتزازها على مادة ممتزة غير قابلة للذوبان في الماء أو في الأحياز الخلالية للمادة الممتزة.</mrk> <mrk mtype="seg" mid="56">يتم تثبيت الوعاء في الجزء السفلي من مضخة كهربائية مغمورة أسفل البئر بواسطة تعليق الوعاء من الجزء السفلي للمضخة الكهربائية المغمورة أسفل البئر.</mrk> <mrk mtype="seg" mid="57">يتم بعد ذلك إنزال المضخة الكهربائية المغمورة أسفل البئر المثبت بها الوعاء في البئر.</mrk> <mrk mtype="seg" mid="58">يتم إطلاق عامل معالجة البئر بشكل مستمر من المادة الممتزة غير القابلة للذوبان في الماء.</mrk></g></target><sdl:seg-defs><sdl:seg id="53" conf="ApprovedSignOff" origin="interactive"><sdl:value key="SegmentIdentityHash">HNovYtEfY1mjBLpFv1meJnns4hc=</sdl:value><sdl:value key="created_by">heba-PC\heba</sdl:value><sdl:value key="created_on">10/09/2017 12:48:05</sdl:value><sdl:value key="last_modified_by">DESKTOP-C8MRIMB\Sherif Youssef</sdl:value><sdl:value key="modified_on">10/12/2017 19:43:06</sdl:value><sdl:value key="SDL:ProjectTranslationHash">-193210947</sdl:value><sdl:value key="SDL:OriginalTranslationHash">-193210947</sdl:value></sdl:seg><sdl:seg id="54" conf="ApprovedSignOff" origin="interactive"><sdl:value key="SegmentIdentityHash">f41IBy5DDlwAPyN6twbjTuHpQdk=</sdl:value><sdl:value key="created_by">heba-PC\heba</sdl:value><sdl:value key="created_on">10/09/2017 12:48:07</sdl:value><sdl:value key="last_modified_by">DESKTOP-C8MRIMB\Sherif Youssef</sdl:value><sdl:value key="modified_on">10/12/2017 19:43:07</sdl:value><sdl:value key="SDL:ProjectTranslationHash">-374583254</sdl:value><sdl:value key="SDL:OriginalTranslationHash">-374583254</sdl:value></sdl:seg><sdl:seg id="55" conf="ApprovedSignOff" origin="interactive"><sdl:value key="SegmentIdentityHash">5lPHcpBsjFWSGXnCd8sKvvV4LVo=</sdl:value><sdl:value key="created_by">heba-PC\heba</sdl:value><sdl:value key="created_on">10/09/2017 12:48:10</sdl:value><sdl:value key="last_modified_by">DESKTOP-C8MRIMB\Sherif Youssef</sdl:value><sdl:value key="modified_on">10/12/2017 19:43:08</sdl:value><sdl:value key="SDL:ProjectTranslationHash">1000669717</sdl:value><sdl:value key="SDL:OriginalTranslationHash">1000669717</sdl:value></sdl:seg><sdl:seg id="56" conf="ApprovedSignOff" origin="interactive"><sdl:value key="SegmentIdentityHash">+RRWCZDrzBWzY8BQVplrmpVEXZY=</sdl:value><sdl:value key="created_by">heba-PC\heba</sdl:value><sdl:value key="created_on">10/09/2017 12:48:12</sdl:value><sdl:value key="last_modified_by">DESKTOP-C8MRIMB\Sherif Youssef</sdl:value><sdl:value key="modified_on">10/12/2017 19:43:08</sdl:value><sdl:value key="SDL:ProjectTranslationHash">-935634719</sdl:value><sdl:value key="SDL:OriginalTranslationHash">-935634719</sdl:value></sdl:seg><sdl:seg id="57" conf="ApprovedSignOff" origin="interactive"><sdl:value key="SegmentIdentityHash">bAo5YyFqYGJrl/5xIo9+tbsiAXI=</sdl:value><sdl:value key="created_by">heba-PC\heba</sdl:value><sdl:value key="created_on">10/09/2017 12:48:15</sdl:value><sdl:value key="last_modified_by">DESKTOP-C8MRIMB\Sherif Youssef</sdl:value><sdl:value key="modified_on">10/12/2017 19:43:09</sdl:value><sdl:value key="SDL:ProjectTranslationHash">1066700097</sdl:value><sdl:value key="SDL:OriginalTranslationHash">1066700097</sdl:value></sdl:seg><sdl:seg id="58" conf="ApprovedSignOff" origin="interactive"><sdl:value key="SegmentIdentityHash">oACxvzcuDmyS+lAot8FcoA64kLI=</sdl:value><sdl:value key="created_by">heba-PC\heba</sdl:value><sdl:value key="created_on">10/09/2017 12:48:17</sdl:value><sdl:value key="last_modified_by">DESKTOP-C8MRIMB\Sherif Youssef</sdl:value><sdl:value key="modified_on">10/12/2017 19:43:10</sdl:value><sdl:value key="SDL:ProjectTranslationHash">-1785048336</sdl:value><sdl:value key="SDL:OriginalTranslationHash">-1785048336</sdl:value></sdl:seg></sdl:seg-defs></trans-unit></group><group><sdl:cxts><sdl:cxt id="25"/><sdl:cxt id="2"/></sdl:cxts><trans-unit id="041ea59a-ec62-444d-ba87-82aeb12cbbfb"><source><g id="152">[00015] In another embodiment of the disclosure, a method of inhibiting or controlling the formation of unwanted deposits in a deviated well is provided. In this embodiment, a shaped compressed pellet is introduced into tubing within the well. The shaped compressed pellet comprises a well treatment composite. The well treatment composite comprises a well treatment agent and calcined porous metal oxide. The porosity and permeability of the calcined porous metal oxide is such that the well treatment agent is adsorbed onto the porous metal oxide or into the interstitial spaces of the porous metal oxide. The shaped compressed pellet is then flowed over obstructions within the tubing and deviations in the well into a targeted area in the well where unwanted deposits are undesired. The well treatment agent is then continuously released from the shaped compressed pellet into the targeted area.</g></source><seg-source><g id="152"><mrk mtype="seg" mid="59">[00015] In another embodiment of the disclosure, a method of inhibiting or controlling the formation of unwanted deposits in a deviated well is provided.</mrk> <mrk mtype="seg" mid="60">In this embodiment, a shaped compressed pellet is introduced into tubing within the well.</mrk> <mrk mtype="seg" mid="61">The shaped compressed pellet comprises a well treatment composite.</mrk> <mrk mtype="seg" mid="62">The well treatment composite comprises a well treatment agent and calcined porous metal oxide.</mrk> <mrk mtype="seg" mid="63">The porosity and permeability of the calcined porous metal oxide is such that the well treatment agent is adsorbed onto the porous metal oxide or into the interstitial spaces of the porous metal oxide.</mrk> <mrk mtype="seg" mid="64">The shaped compressed pellet is then flowed over obstructions within the tubing and deviations in the well into a targeted area in the well where unwanted deposits are undesired.</mrk> <mrk mtype="seg" mid="65">The well treatment agent is then continuously released from the shaped compressed pellet into the targeted area.</mrk></g></seg-source><target><g id="152"><mrk mtype="seg" mid="59">[00015] في تجسيد آخر من الكشف، يتم توفير طريقة لتثبيط أو التحكم في تَكَوّن رواسب غير مرغوب فيها في آبار منحرفة.</mrk> <mrk mtype="seg" mid="60">في هذا التجسيد، يتم إدخال كرية مضغوطة مُشكلة في أنابيب موجودة في البئر.</mrk> <mrk mtype="seg" mid="61">تشتمل الكرية المضغوطة المُشكلة على مادة معالجة بئر مركبة.</mrk> <mrk mtype="seg" mid="62">تشتمل مادة معالجة البئر المركبة على عامل معالجة بئر وأكسيد فلز مسامي مكلسن.</mrk> <mrk mtype="seg" mid="63">يتم تحديد مسامية ونفاذية أكسيد الفلز المسامي المكلسن بحيث يتم امتزاز عامل معالجة البئر على أكسيد الفلز المسامي أو في الأحياز الخلالية لأكسيد الفلز المسامي.</mrk> <mrk mtype="seg" mid="64">بعد ذلك تتدفق الكرية المضغوطة المُشكلة عبر العوائق الموجودة في الأنابيب والانحرافات الموجودة في البئر داخل المنطقة المستهدفة من البئر حيث تكون الرواسب غير المرغوب فيها غير مطلوبة.</mrk> <mrk mtype="seg" mid="65">بعد ذلك يتم إطلاق عامل معالجة البئر بشكل مستمر من الكرية المضغوطة المُشكلة إلى المنطقة المستهدفة.</mrk></g></target><sdl:seg-defs><sdl:seg id="59" conf="ApprovedSignOff" origin="interactive"><sdl:value key="SegmentIdentityHash">GWTwQIwwAaK5VTUR0JSMLFLOD7M=</sdl:value><sdl:value key="created_by">heba-PC\heba</sdl:value><sdl:value key="created_on">10/09/2017 12:48:20</sdl:value><sdl:value key="last_modified_by">DESKTOP-C8MRIMB\Sherif Youssef</sdl:value><sdl:value key="modified_on">10/12/2017 19:43:10</sdl:value><sdl:value key="SDL:ProjectTranslationHash">262293058</sdl:value><sdl:value key="SDL:OriginalTranslationHash">262293058</sdl:value></sdl:seg><sdl:seg id="60" conf="ApprovedSignOff" origin="interactive"><sdl:value key="SegmentIdentityHash">vV02AobMpWUoXcIGQw4DtZdXTQc=</sdl:value><sdl:value key="created_by">heba-PC\heba</sdl:value><sdl:value key="created_on">10/09/2017 12:48:22</sdl:value><sdl:value key="last_modified_by">DESKTOP-C8MRIMB\Sherif Youssef</sdl:value><sdl:value key="modified_on">10/12/2017 19:43:11</sdl:value><sdl:value key="SDL:ProjectTranslationHash">675533408</sdl:value><sdl:value key="SDL:OriginalTranslationHash">675533408</sdl:value></sdl:seg><sdl:seg id="61" conf="ApprovedSignOff" origin="interactive"><sdl:value key="SegmentIdentityHash">prbveRRIav8ghtGJlperXMqUezw=</sdl:value><sdl:value key="created_by">heba-PC\heba</sdl:value><sdl:value key="created_on">10/09/2017 12:48:24</sdl:value><sdl:value key="last_modified_by">DESKTOP-C8MRIMB\Sherif Youssef</sdl:value><sdl:value key="modified_on">10/12/2017 19:43:12</sdl:value><sdl:value key="SDL:ProjectTranslationHash">-581165378</sdl:value><sdl:value key="SDL:OriginalTranslationHash">-581165378</sdl:value></sdl:seg><sdl:seg id="62" conf="ApprovedSignOff" origin="interactive"><sdl:value key="SegmentIdentityHash">l7CgQmxlfipRlOZqoKJbZM6waVw=</sdl:value><sdl:value key="created_by">heba-PC\heba</sdl:value><sdl:value key="created_on">10/09/2017 12:48:26</sdl:value><sdl:value key="last_modified_by">DESKTOP-C8MRIMB\Sherif Youssef</sdl:value><sdl:value key="modified_on">10/12/2017 19:43:12</sdl:value><sdl:value key="SDL:ProjectTranslationHash">1370247826</sdl:value><sdl:value key="SDL:OriginalTranslationHash">1370247826</sdl:value></sdl:seg><sdl:seg id="63" conf="ApprovedSignOff" origin="interactive"><sdl:value key="SegmentIdentityHash">p3gqAwqqd7PEPQ1QYaRsC5xbb70=</sdl:value><sdl:value key="created_by">heba-PC\heba</sdl:value><sdl:value key="created_on">10/09/2017 12:48:29</sdl:value><sdl:value key="last_modified_by">DESKTOP-C8MRIMB\Sherif Youssef</sdl:value><sdl:value key="modified_on">10/12/2017 19:43:13</sdl:value><sdl:value key="SDL:ProjectTranslationHash">-258886117</sdl:value><sdl:value key="SDL:OriginalTranslationHash">-258886117</sdl:value></sdl:seg><sdl:seg id="64" conf="ApprovedSignOff" origin="interactive"><sdl:value key="SegmentIdentityHash">U+BM4AB6/xxPpOaJA2I7OgrwRw0=</sdl:value><sdl:value key="created_by">heba-PC\heba</sdl:value><sdl:value key="created_on">10/09/2017 12:48:31</sdl:value><sdl:value key="last_modified_by">DESKTOP-C8MRIMB\Sherif Youssef</sdl:value><sdl:value key="modified_on">10/12/2017 19:43:13</sdl:value><sdl:value key="SDL:ProjectTranslationHash">2121271858</sdl:value><sdl:value key="SDL:OriginalTranslationHash">2121271858</sdl:value></sdl:seg><sdl:seg id="65" conf="ApprovedSignOff" origin="interactive"><sdl:value key="SegmentIdentityHash">vaWhBclwlCDsCcUW1jm/+GAI5D0=</sdl:value><sdl:value key="created_by">heba-PC\heba</sdl:value><sdl:value key="created_on">10/09/2017 12:48:33</sdl:value><sdl:value key="last_modified_by">DESKTOP-C8MRIMB\Sherif Youssef</sdl:value><sdl:value key="modified_on">10/12/2017 19:43:14</sdl:value><sdl:value key="SDL:ProjectTranslationHash">-262819519</sdl:value><sdl:value key="SDL:OriginalTranslationHash">-262819519</sdl:value></sdl:seg></sdl:seg-defs></trans-unit></group><group><sdl:cxts><sdl:cxt id="26"/><sdl:cxt id="2"/></sdl:cxts><trans-unit id="58227a59-293d-49f1-bb0d-20a6702aaf86"><source><g id="158">[00016] A major advantage of the shaped compressed pellets described herein is that their introduction into the well does not typically require any specialized equipment. They are especially useful in the treatment of production wells where traditional mechanical means are unable to reach.</g></source><seg-source><g id="158"><mrk mtype="seg" mid="66">[00016] A major advantage of the shaped compressed pellets described herein is that their introduction into the well does not typically require any specialized equipment.</mrk> <mrk mtype="seg" mid="67">They are especially useful in the treatment of production wells where traditional mechanical means are unable to reach.</mrk></g></seg-source><target><g id="158"><mrk mtype="seg" mid="66">[00016] تتمثل ميزة أساسية للكريات المضغوطة المُشكلة الموصوفة هنا في أن إدخالها في البئر لا يتضمن بصورة نمطية أية معدات خاصة.</mrk> <mrk mtype="seg" mid="67">تكون مفيدة بشكل خاص في معالجة آبار الإنتاج التي لا يمكن للوسائل الميكانيكية التقليدية الوصول إليها.</mrk></g></target><sdl:seg-defs><sdl:seg id="66" conf="ApprovedSignOff" origin="interactive"><sdl:value key="SegmentIdentityHash">PmeAkpueXkM6PUlu3wTHcQgMpBE=</sdl:value><sdl:value key="created_by">heba-PC\heba</sdl:value><sdl:value key="created_on">10/09/2017 12:48:36</sdl:value><sdl:value key="last_modified_by">DESKTOP-C8MRIMB\Sherif Youssef</sdl:value><sdl:value key="modified_on">10/12/2017 19:43:15</sdl:value><sdl:value key="SDL:ProjectTranslationHash">1343178675</sdl:value><sdl:value key="SDL:OriginalTranslationHash">1343178675</sdl:value></sdl:seg><sdl:seg id="67" conf="ApprovedSignOff" origin="interactive"><sdl:value key="SegmentIdentityHash">zz2VMFUkfGVL+YPYlXa847Z2jtY=</sdl:value><sdl:value key="created_by">heba-PC\heba</sdl:value><sdl:value key="created_on">10/09/2017 12:48:38</sdl:value><sdl:value key="last_modified_by">DESKTOP-C8MRIMB\Sherif Youssef</sdl:value><sdl:value key="modified_on">10/12/2017 19:43:15</sdl:value><sdl:value key="SDL:ProjectTranslationHash">-814229423</sdl:value><sdl:value key="SDL:OriginalTranslationHash">-814229423</sdl:value></sdl:seg></sdl:seg-defs></trans-unit></group><group><sdl:cxts><sdl:cxt id="27"/><sdl:cxt id="2"/></sdl:cxts><trans-unit id="05d9ff54-caf3-4883-bceb-ab06c6314729"><source><g id="161">Brief Description of the Drawings </g></source><seg-source><g id="161"><mrk mtype="seg" mid="68">Brief Description of the Drawings</mrk> </g></seg-source><target><g id="161"><mrk mtype="seg" mid="68">الوصف المختصر للرسومات</mrk> </g></target><sdl:seg-defs><sdl:seg id="68" conf="ApprovedSignOff" origin="tm" origin-system="General" percent="100"><sdl:value key="created_by">SHERIF\Sherif Youssef</sdl:value><sdl:value key="created_on">08/24/2015 15:52:32</sdl:value><sdl:value key="modified_on">10/12/2017 19:43:16</sdl:value><sdl:value key="last_modified_by">DESKTOP-C8MRIMB\Sherif Youssef</sdl:value><sdl:value key="SDL:OriginalTranslationHash">-314603774</sdl:value><sdl:value key="SegmentIdentityHash">HxxbnEFkfpcU8Qnr+atTwgm1Gkk=</sdl:value><sdl:value key="SDL:ProjectTranslationHash">-314603774</sdl:value></sdl:seg></sdl:seg-defs></trans-unit></group><group><sdl:cxts><sdl:cxt id="28"/><sdl:cxt id="2"/></sdl:cxts><trans-unit id="7dca3537-da68-4c98-8c2a-f1ed1ee6f2e9"><source><g id="164">[00017] In order to more fully understand the drawings referred to in the detailed description of the present invention, a brief description of each drawing is presented, in which:</g></source><seg-source><g id="164"><mrk mtype="seg" mid="69">[00017] In order to more fully understand the drawings referred to in the detailed description of the present invention, a brief description of each drawing is presented, in which:</mrk></g></seg-source><target><g id="164"><mrk mtype="seg" mid="69">[00017] من أجل فهم الرسومات المشار إليها في الوصف التفصيلي للاختراع الحالي بالكامل، يتم تقديم وصف مختصر لكل رسم، حيث:</mrk></g></target><sdl:seg-defs><sdl:seg id="69" conf="ApprovedSignOff" origin="interactive"><sdl:value key="SegmentIdentityHash">26ZCsc98DDIwZ72u6YRIgpnrskU=</sdl:value><sdl:value key="created_by">heba-PC\heba</sdl:value><sdl:value key="created_on">10/09/2017 04:19:03</sdl:value><sdl:value key="last_modified_by">DESKTOP-C8MRIMB\Sherif Youssef</sdl:value><sdl:value key="modified_on">10/12/2017 19:43:20</sdl:value><sdl:value key="SDL:ProjectTranslationHash">1236015393</sdl:value><sdl:value key="SDL:OriginalTranslationHash">1236015393</sdl:value></sdl:seg></sdl:seg-defs></trans-unit></group><group><sdl:cxts><sdl:cxt id="29"/><sdl:cxt id="2"/></sdl:cxts><trans-unit id="19519557-004b-42bc-b8a4-d9cae708df80"><source><g id="167">[00018] FIG. 1A and FIG. 1B are release profiles of a scale inhibitor in a high strength composites containing porous alumina adsorbents between 0 to 2,500 pore volumes and 0 to 10,000 pore volumes, respectively.</g></source><seg-source><g id="167"><mrk mtype="seg" mid="70">[00018] FIG. 1A and FIG. 1B are release profiles of a scale inhibitor in a high strength composites containing porous alumina adsorbents between 0 to 2,500 pore volumes and 0 to 10,000 pore volumes, respectively.</mrk></g></seg-source><target><g id="167"><mrk mtype="seg" mid="70">[00018] الشكل 1أ والشكل 1ب عبارة عن منحنيات إطلاق لمثبط قشور في مواد مركبة ذات مقاومة عالية تحتوي على مواد ممتزة من ألومينا مسامية بأحجام مسامية تتراوح من صفر إلى 2500 وأحجام مسامية تتراوح من صفر إلى 10000، على التوالي.</mrk></g></target><sdl:seg-defs><sdl:seg id="70" conf="ApprovedSignOff" origin="interactive"><sdl:value key="SegmentIdentityHash">nwZBQj4d5XxJEdgppWMnZ+PPmpA=</sdl:value><sdl:value key="created_by">heba-PC\heba</sdl:value><sdl:value key="created_on">10/09/2017 04:26:00</sdl:value><sdl:value key="last_modified_by">DESKTOP-C8MRIMB\Sherif Youssef</sdl:value><sdl:value key="modified_on">10/12/2017 19:43:27</sdl:value><sdl:value key="SDL:ProjectTranslationHash">-443008955</sdl:value><sdl:value key="SDL:OriginalTranslationHash">-443008955</sdl:value></sdl:seg></sdl:seg-defs></trans-unit></group><group><sdl:cxts><sdl:cxt id="30"/><sdl:cxt id="2"/></sdl:cxts><trans-unit id="db686a50-4c01-4264-be28-38b7c78903b1"><source><g id="170">[00019] FIG. 2 is a release profile of a scale inhibitor in high strength composites containing porous alumina adsorbent of varying diameter between 0 to 2,000 pore volumes.</g></source><seg-source><g id="170"><mrk mtype="seg" mid="71">[00019] FIG. 2 is a release profile of a scale inhibitor in high strength composites containing porous alumina adsorbent of varying diameter between 0 to 2,000 pore volumes.</mrk></g></seg-source><target><g id="170"><mrk mtype="seg" mid="71">[00019] الشكل 2 عبارة عن منحنى إطلاق لمثبط قشور في مواد مركبة ذات مقاومة عالية تحتوي على مادة ممتزة من ألومينا مسامية ذات قطر متفاوت بأحجام مسامية تتراوح من صفر إلى 2000.</mrk></g></target><sdl:seg-defs><sdl:seg id="71" conf="ApprovedSignOff" origin="interactive" percent="73"><sdl:prev-origin origin="tm" origin-system="171273_Petrol cases" percent="73"><sdl:prev-origin/><sdl:value key="SegmentIdentityHash">JVbToRwCkrwURDY9x1sGOr417rI=</sdl:value><sdl:value key="created_by">heba-PC\heba</sdl:value><sdl:value key="created_on">10/09/2017 04:26:00</sdl:value><sdl:value key="last_modified_by">heba-PC\heba</sdl:value><sdl:value key="modified_on">10/09/2017 04:29:19</sdl:value></sdl:prev-origin><sdl:value key="SegmentIdentityHash">JVbToRwCkrwURDY9x1sGOr417rI=</sdl:value><sdl:value key="created_by">heba-PC\heba</sdl:value><sdl:value key="created_on">10/09/2017 04:26:00</sdl:value><sdl:value key="last_modified_by">DESKTOP-C8MRIMB\Sherif Youssef</sdl:value><sdl:value key="modified_on">10/12/2017 19:43:27</sdl:value><sdl:value key="SDL:ProjectTranslationHash">1732419820</sdl:value><sdl:value key="SDL:OriginalTranslationHash">1732419820</sdl:value></sdl:seg></sdl:seg-defs></trans-unit></group><group><sdl:cxts><sdl:cxt id="31"/><sdl:cxt id="2"/></sdl:cxts><trans-unit id="1497b00b-f7d4-4423-98a4-77644ca28047"><source><g id="179">[00020] FIG. 3 is a release profile of a scale inhibitor in high strength composites containing porous alumina adsorbent of varying diameter using a sand pack using 50% of the particles as in FIG. 2.</g></source><seg-source><g id="179"><mrk mtype="seg" mid="72">[00020] FIG. 3 is a release profile of a scale inhibitor in high strength composites containing porous alumina adsorbent of varying diameter using a sand pack using 50% of the particles as in FIG. 2.</mrk></g></seg-source><target><g id="179"><mrk mtype="seg" mid="72">[00020] الشكل 3 عبارة عن منحنى إطلاق لمثبط قشور في مواد مركبة ذات مقاومة عالية تحتوي على مادة ممتزة من ألومينا مسامية ذات قطر متفاوت تستخدم حشوة رمل تستخدم 50% من الجسيمات كما في الشكل 2.</mrk></g></target><sdl:seg-defs><sdl:seg id="72" conf="ApprovedSignOff" origin="interactive" percent="74"><sdl:prev-origin origin="tm" origin-system="171273_Petrol cases" percent="74"><sdl:prev-origin/><sdl:value key="SegmentIdentityHash">BSoMmi7k6m/yP2E6iMQwgylcMb0=</sdl:value><sdl:value key="created_by">heba-PC\heba</sdl:value><sdl:value key="created_on">10/09/2017 04:26:00</sdl:value><sdl:value key="last_modified_by">heba-PC\heba</sdl:value><sdl:value key="modified_on">10/09/2017 04:30:23</sdl:value></sdl:prev-origin><sdl:value key="SegmentIdentityHash">BSoMmi7k6m/yP2E6iMQwgylcMb0=</sdl:value><sdl:value key="created_by">heba-PC\heba</sdl:value><sdl:value key="created_on">10/09/2017 04:26:00</sdl:value><sdl:value key="last_modified_by">DESKTOP-C8MRIMB\Sherif Youssef</sdl:value><sdl:value key="modified_on">10/12/2017 19:43:28</sdl:value><sdl:value key="SDL:ProjectTranslationHash">-668399886</sdl:value><sdl:value key="SDL:OriginalTranslationHash">-668399886</sdl:value></sdl:seg></sdl:seg-defs></trans-unit></group><group><sdl:cxts><sdl:cxt id="32"/><sdl:cxt id="2"/></sdl:cxts><trans-unit id="23ab1ed0-8dbf-44a4-9444-373014bcf865"><source><g id="182">[00021] FIG. 4A and FIG. 4B are release profiles of a scale inhibitor in high strength composites containing porous alumina adsorbents of varying diameters and sizes between 0 to 4,000 pore volumes and 0 to 10,000 pore volumes, respectively. </g></source><seg-source><g id="182"><mrk mtype="seg" mid="73">[00021] FIG. 4A and FIG. 4B are release profiles of a scale inhibitor in high strength composites containing porous alumina adsorbents of varying diameters and sizes between 0 to 4,000 pore volumes and 0 to 10,000 pore volumes, respectively.</mrk> </g></seg-source><target><g id="182"><mrk mtype="seg" mid="73">[00021] الشكل 4أ والشكل 4ب عبارة عن منحنيات إطلاق لمثبط قشور في مواد مركبة ذات مقاومة عالية تحتوي على مواد ممتزة من ألومينا مسامية ذات أقطار وأحجام متفاوتة بأحجام مسامية تتراوح من صفر إلى 4000 وأحجام مسامية تتراوح من صفر إلى 10000، على التوالي.</mrk> </g></target><sdl:seg-defs><sdl:seg id="73" conf="ApprovedSignOff" origin="interactive" percent="88"><sdl:prev-origin origin="tm" origin-system="171273_Petrol cases" percent="88"><sdl:prev-origin/><sdl:value key="SegmentIdentityHash">cSwVp1AifxK+w2K2rKCtig3/Dq4=</sdl:value><sdl:value key="created_by">heba-PC\heba</sdl:value><sdl:value key="created_on">10/09/2017 04:26:00</sdl:value><sdl:value key="last_modified_by">heba-PC\heba</sdl:value><sdl:value key="modified_on">10/09/2017 04:29:19</sdl:value></sdl:prev-origin><sdl:value key="SegmentIdentityHash">cSwVp1AifxK+w2K2rKCtig3/Dq4=</sdl:value><sdl:value key="created_by">heba-PC\heba</sdl:value><sdl:value key="created_on">10/09/2017 04:26:00</sdl:value><sdl:value key="last_modified_by">DESKTOP-C8MRIMB\Sherif Youssef</sdl:value><sdl:value key="modified_on">10/12/2017 19:43:29</sdl:value><sdl:value key="SDL:ProjectTranslationHash">-1356075678</sdl:value><sdl:value key="SDL:OriginalTranslationHash">-1356075678</sdl:value></sdl:seg></sdl:seg-defs></trans-unit></group><group><sdl:cxts><sdl:cxt id="33"/><sdl:cxt id="2"/></sdl:cxts><trans-unit id="8dcba72f-440d-416c-8fe0-2370259f560e"><source><g id="185">[00022] FIG. 5 illustrates the inhibitor return curve for a compressed pellet of a composite of scale inhibitor and adsorbent in a polyvinyl alcohol matrix [Puck (C)] and an epoxy matrix [Puck (D).</g></source><seg-source><g id="185"><mrk mtype="seg" mid="74">[00022] FIG. 5 illustrates the inhibitor return curve for a compressed pellet of a composite of scale inhibitor and adsorbent in a polyvinyl alcohol matrix [Puck (C)] and an epoxy matrix [Puck (D).</mrk></g></seg-source><target><g id="185"><mrk mtype="seg" mid="74">[00022] الشكل 5 عبارة عن منحنى إعادة المثبط لكرية مضغوطة من مادة مركبة من مثبط القشور ومادة ممتزة في مصفوفة من كحول البولي ڤينيل [القرص (C)] ومصفوفة إيبوكسي [القرص (D)].</mrk></g></target><sdl:seg-defs><sdl:seg id="74" conf="ApprovedSignOff" origin="interactive"><sdl:value key="SegmentIdentityHash">4Ue8UUUOCd6qsdIuFq31SZCHh7c=</sdl:value><sdl:value key="created_by">heba-PC\heba</sdl:value><sdl:value key="created_on">10/09/2017 04:34:55</sdl:value><sdl:value key="last_modified_by">DESKTOP-C8MRIMB\Sherif Youssef</sdl:value><sdl:value key="modified_on">10/12/2017 19:43:30</sdl:value><sdl:value key="SDL:ProjectTranslationHash">500418053</sdl:value><sdl:value key="SDL:OriginalTranslationHash">500418053</sdl:value></sdl:seg></sdl:seg-defs></trans-unit></group><group><sdl:cxts><sdl:cxt id="34"/><sdl:cxt id="2"/></sdl:cxts><trans-unit id="80ba5163-a92f-4b4f-b7a1-22791dc61d07"><source><g id="188">[00023] FIG. 6 illustrates the results of static breaker tests on a compressed pellet of a composite of scale inhibitor and adsorbent in an epoxy matrix [Puck (A)] and phenolic matrix [Puck (B)].</g></source><seg-source><g id="188"><mrk mtype="seg" mid="75">[00023] FIG. 6 illustrates the results of static breaker tests on a compressed pellet of a composite of scale inhibitor and adsorbent in an epoxy matrix [Puck (A)] and phenolic matrix [Puck (B)].</mrk></g></seg-source><target><g id="188"><mrk mtype="seg" mid="75">[00023] الشكل 6 عبارة عن نتائج اختبارات مكسر ثابت على كرية مضغوطة من مادة مركبة من مثبط القشور ومادة ممتزة في مصفوفة إيبوكسي [القرص (A)] ومصفوفة فينولية [القرص (B)].</mrk></g></target><sdl:seg-defs><sdl:seg id="75" conf="ApprovedSignOff" origin="interactive" percent="75"><sdl:prev-origin origin="tm" origin-system="171273_Petrol cases" percent="75"><sdl:prev-origin/><sdl:value key="SegmentIdentityHash">36dFYmzgK9oUw3sIsrTGAkp5vNM=</sdl:value><sdl:value key="created_by">heba-PC\heba</sdl:value><sdl:value key="created_on">10/09/2017 04:34:55</sdl:value><sdl:value key="last_modified_by">heba-PC\heba</sdl:value><sdl:value key="modified_on">10/09/2017 04:41:32</sdl:value></sdl:prev-origin><sdl:value key="SegmentIdentityHash">36dFYmzgK9oUw3sIsrTGAkp5vNM=</sdl:value><sdl:value key="created_by">heba-PC\heba</sdl:value><sdl:value key="created_on">10/09/2017 04:34:55</sdl:value><sdl:value key="last_modified_by">DESKTOP-C8MRIMB\Sherif Youssef</sdl:value><sdl:value key="modified_on">10/12/2017 19:43:31</sdl:value><sdl:value key="SDL:ProjectTranslationHash">943433665</sdl:value><sdl:value key="SDL:OriginalTranslationHash">943433665</sdl:value></sdl:seg></sdl:seg-defs></trans-unit></group><group><sdl:cxts><sdl:cxt id="35"/><sdl:cxt id="2"/></sdl:cxts><trans-unit id="0c53a95d-b049-42d4-855a-e2926a77a386"><source><g id="191">[00024] FIG. 7 illustrates the inhibitor return curve for a compressed pellet of a composite of scale inhibitor and adsorbent in a high melting polyethylene wax wherein only one of the pucks is coated with an epoxy resin.</g></source><seg-source><g id="191"><mrk mtype="seg" mid="76">[00024] FIG. 7 illustrates the inhibitor return curve for a compressed pellet of a composite of scale inhibitor and adsorbent in a high melting polyethylene wax wherein only one of the pucks is coated with an epoxy resin.</mrk></g></seg-source><target><g id="191"><mrk mtype="seg" mid="76">[00024] الشكل 7 عبارة عن منحنى إعادة المثبط لكرية مضغوطة من مادة مركبة من مثبط القشور ومادة ممتزة في شمع بولي إيثيلين شديد الانصهار حيث يتم تغليف واحدة فقط من الأٌقراص براتنج إيبوكسي.</mrk></g></target><sdl:seg-defs><sdl:seg id="76" conf="ApprovedSignOff" origin="interactive" percent="71"><sdl:prev-origin origin="tm" origin-system="171273_Petrol cases" percent="71"><sdl:prev-origin/><sdl:value key="SegmentIdentityHash">3+Svd2XssQYKkgrEPJJgyqnC5cc=</sdl:value><sdl:value key="created_by">heba-PC\heba</sdl:value><sdl:value key="created_on">10/09/2017 04:34:55</sdl:value><sdl:value key="last_modified_by">heba-PC\heba</sdl:value><sdl:value key="modified_on">10/09/2017 04:42:00</sdl:value></sdl:prev-origin><sdl:value key="SegmentIdentityHash">3+Svd2XssQYKkgrEPJJgyqnC5cc=</sdl:value><sdl:value key="created_by">heba-PC\heba</sdl:value><sdl:value key="created_on">10/09/2017 04:34:55</sdl:value><sdl:value key="last_modified_by">DESKTOP-C8MRIMB\Sherif Youssef</sdl:value><sdl:value key="modified_on">10/12/2017 19:43:32</sdl:value><sdl:value key="SDL:ProjectTranslationHash">1365281341</sdl:value><sdl:value key="SDL:OriginalTranslationHash">1365281341</sdl:value></sdl:seg></sdl:seg-defs></trans-unit></group><group><sdl:cxts><sdl:cxt id="36"/><sdl:cxt id="2"/></sdl:cxts><trans-unit id="9254e91c-0622-4e7e-8a71-53c7f9884d2d"><source><g id="194">Detailed Description of the Preferred Embodiments </g></source><seg-source><g id="194"><mrk mtype="seg" mid="77">Detailed Description of the Preferred Embodiments</mrk> </g></seg-source><target><g id="194"><mrk mtype="seg" mid="77">الوصف التفصيلي للاختراع</mrk> </g></target><sdl:seg-defs><sdl:seg id="77" conf="ApprovedSignOff" origin="tm" origin-system="General" percent="100"><sdl:value key="created_by">SHERIF\Sherif Youssef</sdl:value><sdl:value key="created_on">09/14/2015 12:43:12</sdl:value><sdl:value key="modified_on">10/12/2017 19:43:36</sdl:value><sdl:value key="last_modified_by">DESKTOP-C8MRIMB\Sherif Youssef</sdl:value><sdl:value key="SDL:OriginalTranslationHash">553163872</sdl:value><sdl:value key="SegmentIdentityHash">bmf9rieKBvD7TcwEmmCXhf450BQ=</sdl:value><sdl:value key="SDL:ProjectTranslationHash">553163872</sdl:value></sdl:seg></sdl:seg-defs></trans-unit></group><group><sdl:cxts><sdl:cxt id="37"/><sdl:cxt id="2"/></sdl:cxts><trans-unit id="acae68d3-28ae-4f44-be12-c2ed0e1e3d84"><source><g id="197">[00025] Characteristics and advantages of the present disclosure and additional features and benefits will be readily apparent to those skilled in the art upon consideration of the following detailed description of exemplary embodiments of the present disclosure and referring to the accompanying figures. It should be understood that the description herein and appended drawings, being of example embodiments, are not intended to limit the claims of this patent or any patent or patent application claiming priority hereto. On the contrary, the intention is to cover all modifications, equivalents and alternatives falling within the spirit and scope of the claims. Many changes may be made to the particular embodiments and details disclosed herein without departing from such spirit and scope.</g></source><seg-source><g id="197"><mrk mtype="seg" mid="78">[00025] Characteristics and advantages of the present disclosure and additional features and benefits will be readily apparent to those skilled in the art upon consideration of the following detailed description of exemplary embodiments of the present disclosure and referring to the accompanying figures.</mrk> <mrk mtype="seg" mid="79">It should be understood that the description herein and appended drawings, being of example embodiments, are not intended to limit the claims of this patent or any patent or patent application claiming priority hereto.</mrk> <mrk mtype="seg" mid="80">On the contrary, the intention is to cover all modifications, equivalents and alternatives falling within the spirit and scope of the claims.</mrk> <mrk mtype="seg" mid="81">Many changes may be made to the particular embodiments and details disclosed herein without departing from such spirit and scope.</mrk></g></seg-source><target><g id="197"><mrk mtype="seg" mid="78">[00025] ستتضح خصائص ومميزات الكشف الحالي وسمات وفوائد إضافية بسهولة لأصحاب المهارة في المجال فور أخذ الوصف التفصيلي التالي للتجسيدات التوضيحية للكشف الحالي في الاعتبار والإشارة إلى الأشكال المرفقة.</mrk> <mrk mtype="seg" mid="79">ينبغي إدراك أنه لا يقصد بالوصف الوارد هنا والرسومات المرفقة، الخاصة بالتجسيدات التوضيحية، قصر عناصر الحماية على براءة الاختراع الحالية أو أي براءة اختراع أو طلب براءة اختراع يستند إلى الأسبقية المرفقة هنا.</mrk> <mrk mtype="seg" mid="80">على العكس، يكون المنشود أن تغطي جميع التعديلات والمكافئات والبدائل التي تقع ضمن مجال وفحوى عناصر الحماية.</mrk> <mrk mtype="seg" mid="81">يمكن إدخال العديد من التغييرات على التجسيدات والتفاصيل المحددة التي تم الكشف عنها هنا دون الابتعاد عن المجال والفحوى المذكورين.</mrk></g></target><sdl:seg-defs><sdl:seg id="78" conf="ApprovedSignOff" origin="interactive"><sdl:value key="SegmentIdentityHash">jyob5YKoieao1iwFH+of6vXqkL4=</sdl:value><sdl:value key="created_by">heba-PC\heba</sdl:value><sdl:value key="created_on">10/09/2017 04:46:16</sdl:value><sdl:value key="last_modified_by">DESKTOP-C8MRIMB\Sherif Youssef</sdl:value><sdl:value key="modified_on">10/12/2017 19:43:36</sdl:value><sdl:value key="SDL:ProjectTranslationHash">1892282126</sdl:value><sdl:value key="SDL:OriginalTranslationHash">1892282126</sdl:value></sdl:seg><sdl:seg id="79" conf="ApprovedSignOff" origin="interactive"><sdl:value key="SegmentIdentityHash">b/+CoTvy6kZizAGkxcoioFhYQ4I=</sdl:value><sdl:value key="created_by">heba-PC\heba</sdl:value><sdl:value key="created_on">10/09/2017 04:47:46</sdl:value><sdl:value key="last_modified_by">DESKTOP-C8MRIMB\Sherif Youssef</sdl:value><sdl:value key="modified_on">10/12/2017 19:43:38</sdl:value><sdl:value key="SDL:ProjectTranslationHash">1893900948</sdl:value><sdl:value key="SDL:OriginalTranslationHash">1893900948</sdl:value></sdl:seg><sdl:seg id="80" conf="ApprovedSignOff" origin="interactive" percent="80"><sdl:prev-origin origin="tm" origin-system="171273_Petrol cases" percent="80"><sdl:prev-origin/><sdl:value key="SegmentIdentityHash">mYsgAWOs7q9akX+Te74oFHvbZJI=</sdl:value><sdl:value key="created_by">SHERIF\Sherif Youssef</sdl:value><sdl:value key="created_on">02/09/2017 16:38:46</sdl:value><sdl:value key="last_modified_by">DESKTOP-C8MRIMB\Sherif Youssef</sdl:value><sdl:value key="modified_on">02/09/2017 16:33:11</sdl:value></sdl:prev-origin><sdl:value key="SegmentIdentityHash">mYsgAWOs7q9akX+Te74oFHvbZJI=</sdl:value><sdl:value key="created_by">SHERIF\Sherif Youssef</sdl:value><sdl:value key="created_on">02/09/2017 16:38:46</sdl:value><sdl:value key="last_modified_by">DESKTOP-C8MRIMB\Sherif Youssef</sdl:value><sdl:value key="modified_on">10/12/2017 19:43:39</sdl:value><sdl:value key="SDL:ProjectTranslationHash">1380637181</sdl:value><sdl:value key="SDL:OriginalTranslationHash">1380637181</sdl:value></sdl:seg><sdl:seg id="81" conf="ApprovedSignOff" origin="interactive"><sdl:value key="SegmentIdentityHash">hK8NSmqVPhnL2sfK27XdKK/zylw=</sdl:value><sdl:value key="created_by">heba-PC\heba</sdl:value><sdl:value key="created_on">10/09/2017 04:52:52</sdl:value><sdl:value key="last_modified_by">DESKTOP-C8MRIMB\Sherif Youssef</sdl:value><sdl:value key="modified_on">10/12/2017 19:43:40</sdl:value><sdl:value key="SDL:ProjectTranslationHash">2104937296</sdl:value><sdl:value key="SDL:OriginalTranslationHash">2104937296</sdl:value></sdl:seg></sdl:seg-defs></trans-unit></group><group><sdl:cxts><sdl:cxt id="38"/><sdl:cxt id="2"/></sdl:cxts><trans-unit id="ce235660-1b16-4524-aa58-54df21cab1e0"><source><g id="200">[00026] As used herein and throughout various portions (and headings) of this patent application, the terms &quot;disclosure&quot;, &quot;present disclosure&quot; and variations thereof are not intended to mean every possible embodiment encompassed by this disclosure or any particular claim(s). Thus, the subject matter of each such reference should not be considered as necessary for, or part of, every embodiment hereof or of any particular claim(s) merely because of such reference.</g></source><seg-source><g id="200"><mrk mtype="seg" mid="82">[00026] As used herein and throughout various portions (and headings) of this patent application, the terms &quot;disclosure&quot;, &quot;present disclosure&quot; and variations thereof are not intended to mean every possible embodiment encompassed by this disclosure or any particular claim(s).</mrk> <mrk mtype="seg" mid="83">Thus, the subject matter of each such reference should not be considered as necessary for, or part of, every embodiment hereof or of any particular claim(s) merely because of such reference.</mrk></g></seg-source><target><g id="200"><mrk mtype="seg" mid="82">[00026] على النحو المستخدم هنا وخلال العديد من أجزاء (وعناوين) طلب براءة الاختراع الحالي، لا يقصد بالمصطلحات &quot;الكشف&quot;، &quot;الكف الحالي&quot; وتنويعاتها أن تعني كل تجسيد ممكن متضمن بواسطة الكشف الحالي أو أي عنصر حماية (عناصر حماية) محدد.</mrk> <mrk mtype="seg" mid="83">بالتالي، لا ينبغي أن يعتبر موضوع كل مرجع مذكور بكونه ضروريًا لـ، أو يُشكل جزءًا من، كل تجسيد له أو لأي عنصر حماية (عناصر حماية) محدد فحسب بسبب هذا المرجع.</mrk></g></target><sdl:seg-defs><sdl:seg id="82" conf="ApprovedSignOff" origin="interactive"><sdl:value key="SegmentIdentityHash">kPR79yCfHeuPg0fMJHk0IBSNNDo=</sdl:value><sdl:value key="created_by">heba-PC\heba</sdl:value><sdl:value key="created_on">10/09/2017 04:54:45</sdl:value><sdl:value key="last_modified_by">DESKTOP-C8MRIMB\Sherif Youssef</sdl:value><sdl:value key="modified_on">10/12/2017 19:43:43</sdl:value><sdl:value key="SDL:ProjectTranslationHash">-1627218555</sdl:value><sdl:value key="SDL:OriginalTranslationHash">-1627218555</sdl:value></sdl:seg><sdl:seg id="83" conf="ApprovedSignOff" origin="interactive"><sdl:value key="SegmentIdentityHash">r/FdnNy5z2UcguoG+AytZFi7aow=</sdl:value><sdl:value key="created_by">heba-PC\heba</sdl:value><sdl:value key="created_on">10/09/2017 04:56:22</sdl:value><sdl:value key="last_modified_by">DESKTOP-C8MRIMB\Sherif Youssef</sdl:value><sdl:value key="modified_on">10/12/2017 19:43:44</sdl:value><sdl:value key="SDL:ProjectTranslationHash">2006966373</sdl:value><sdl:value key="SDL:OriginalTranslationHash">2006966373</sdl:value></sdl:seg></sdl:seg-defs></trans-unit></group><group><sdl:cxts><sdl:cxt id="39"/><sdl:cxt id="2"/></sdl:cxts><trans-unit id="6d5b7633-4e7b-4786-9e6d-fcedd102eee7"><source><g id="203">[00027] Certain terms are used herein and in the appended claims to refer to particular components. As one skilled in the art will appreciate, different persons may refer to a component by different names. This document does not intend to distinguish between components that differ in name but not function. Also, the terms &quot;including&quot; and &quot;comprising&quot; are used herein and in the appended claims in an open-ended fashion, and thus should be interpreted to mean &quot;including, but not limited to . . . .&quot; Further, reference herein and in the appended claims to components and aspects in a singular tense does not necessarily limit the present disclosure or appended claims to only one such component or aspect, but should be interpreted generally to mean one or more, as may be suitable and desirable in each particular instance.</g></source><seg-source><g id="203"><mrk mtype="seg" mid="84">[00027] Certain terms are used herein and in the appended claims to refer to particular components.</mrk> <mrk mtype="seg" mid="85">As one skilled in the art will appreciate, different persons may refer to a component by different names.</mrk> <mrk mtype="seg" mid="86">This document does not intend to distinguish between components that differ in name but not function.</mrk> <mrk mtype="seg" mid="87">Also, the terms &quot;including&quot; and &quot;comprising&quot; are used herein and in the appended claims in an open-ended fashion, and thus should be interpreted to mean &quot;including, but not limited to .</mrk> <mrk mtype="seg" mid="88">.</mrk> <mrk mtype="seg" mid="89">.</mrk> <mrk mtype="seg" mid="90">.&quot;</mrk> <mrk mtype="seg" mid="91">Further, reference herein and in the appended claims to components and aspects in a singular tense does not necessarily limit the present disclosure or appended claims to only one such component or aspect, but should be interpreted generally to mean one or more, as may be suitable and desirable in each particular instance.</mrk></g></seg-source><target><g id="203"><mrk mtype="seg" mid="84">[00027] يتم استخدام مصطلحات معينة هنا في عناصر الحماية المرفقة للإشارة إلى مكونات محددة.</mrk> <mrk mtype="seg" mid="85">مثلما سيدرك أصحاب المهارة في المجال، يمكن أن يشير أشخاص مختلفون إلى مكون بأسماء مختلفة.</mrk> <mrk mtype="seg" mid="86">لا يقصد بهذه الوثيقة أن تميز بين المكونات التي تختلف في اسمها ولكن في وظيفتها.</mrk> <mrk mtype="seg" mid="87">بالإضافة إلى ذلك، يتم استخدام المصطلحات &quot;يتضمن&quot; و&quot;يشتمل على&quot; هنا وفي عناصر الحماية المرفقة بالطريقة المفتوحة، وبالتالي يجب تفسيرها بكونها تعني &quot;تتضمن، ولكن لا تقتصر على، .</mrk> <mrk mtype="seg" mid="88">.</mrk> <mrk mtype="seg" mid="89">.</mrk> <mrk mtype="seg" mid="90">.&quot;</mrk> <mrk mtype="seg" mid="91">علاوة على ذلك، الإشارة هنا في عناصر الحماية المرفقة إلى مكونات وجوانب بصيغة المفرد لا يقصر بالضرورة الكشف الحالي أو عناصر الحماية المرفقة على أحد المكونات أو الجوانب المذكورة فحسب، ولكن ينبغي تفسيره بكونه يعني واحد أو أكثر، على النحو المناسب والمطلوب في كل حالة محددة.</mrk></g></target><sdl:seg-defs><sdl:seg id="84" conf="ApprovedSignOff" origin="interactive"><sdl:value key="SegmentIdentityHash">/vNKbEzPMZEbEzDlBNA/Ppsor3M=</sdl:value><sdl:value key="created_by">heba-PC\heba</sdl:value><sdl:value key="created_on">10/09/2017 04:58:27</sdl:value><sdl:value key="last_modified_by">DESKTOP-C8MRIMB\Sherif Youssef</sdl:value><sdl:value key="modified_on">10/12/2017 19:43:46</sdl:value><sdl:value key="SDL:ProjectTranslationHash">240348616</sdl:value><sdl:value key="SDL:OriginalTranslationHash">240348616</sdl:value></sdl:seg><sdl:seg id="85" conf="ApprovedSignOff" origin="interactive" percent="97"><sdl:prev-origin origin="tm" origin-system="171273_Petrol cases" percent="97"><sdl:prev-origin/><sdl:value key="SegmentIdentityHash">C3JD5GLw8+qKALJraCc+5BxlbM4=</sdl:value><sdl:value key="created_by">SHERIF\Sherif Youssef</sdl:value><sdl:value key="created_on">10/19/2015 11:53:41</sdl:value><sdl:value key="last_modified_by">SHERIF\Sherif Youssef</sdl:value><sdl:value key="modified_on">10/19/2015 11:53:41</sdl:value></sdl:prev-origin><sdl:value key="SegmentIdentityHash">C3JD5GLw8+qKALJraCc+5BxlbM4=</sdl:value><sdl:value key="created_by">SHERIF\Sherif Youssef</sdl:value><sdl:value key="created_on">10/19/2015 11:53:41</sdl:value><sdl:value key="last_modified_by">DESKTOP-C8MRIMB\Sherif Youssef</sdl:value><sdl:value key="modified_on">10/12/2017 19:43:47</sdl:value><sdl:value key="SDL:ProjectTranslationHash">257841725</sdl:value><sdl:value key="SDL:OriginalTranslationHash">257841725</sdl:value></sdl:seg><sdl:seg id="86" conf="ApprovedSignOff" origin="tm" origin-system="Petrol cases" percent="100"><sdl:value key="created_by">SHERIF\Sherif Youssef</sdl:value><sdl:value key="created_on">06/17/2015 14:02:48</sdl:value><sdl:value key="modified_on">10/12/2017 19:43:48</sdl:value><sdl:value key="last_modified_by">DESKTOP-C8MRIMB\Sherif Youssef</sdl:value><sdl:value key="SDL:OriginalTranslationHash">1316275515</sdl:value><sdl:value key="SegmentIdentityHash">35svMzxRDGorKe/8Bo2X1LbOcNc=</sdl:value></sdl:seg><sdl:seg id="87" conf="ApprovedSignOff" origin="interactive" percent="82"><sdl:prev-origin origin="tm" origin-system="171273_Petrol cases" percent="82"><sdl:prev-origin/><sdl:value key="SegmentIdentityHash">AMcAsv6EiOoslORLAUQXDjNew7I=</sdl:value><sdl:value key="created_by">SHERIF\Sherif Youssef</sdl:value><sdl:value key="created_on">01/24/2016 22:21:14</sdl:value><sdl:value key="last_modified_by">DESKTOP-C8MRIMB\Sherif Youssef</sdl:value><sdl:value key="modified_on">09/05/2016 11:22:57</sdl:value></sdl:prev-origin><sdl:value key="SegmentIdentityHash">AMcAsv6EiOoslORLAUQXDjNew7I=</sdl:value><sdl:value key="created_by">SHERIF\Sherif Youssef</sdl:value><sdl:value key="created_on">01/24/2016 22:21:14</sdl:value><sdl:value key="last_modified_by">DESKTOP-C8MRIMB\Sherif Youssef</sdl:value><sdl:value key="modified_on">10/12/2017 19:43:49</sdl:value><sdl:value key="SDL:ProjectTranslationHash">1683636765</sdl:value><sdl:value key="SDL:OriginalTranslationHash">1683636765</sdl:value></sdl:seg><sdl:seg id="88" conf="ApprovedSignOff" origin="tm" origin-system="General" percent="100"><sdl:rep id="QBOwMNmFD8m8jxj4EXOhE+Iikfo="/><sdl:value key="created_by">NAGWA\Nagwa</sdl:value><sdl:value key="created_on">06/29/2016 03:21:58</sdl:value><sdl:value key="modified_on">10/12/2017 19:43:49</sdl:value><sdl:value key="last_modified_by">DESKTOP-C8MRIMB\Sherif Youssef</sdl:value><sdl:value key="SDL:OriginalTranslationHash">-1640670922</sdl:value><sdl:value key="SegmentIdentityHash">QBOwMNmFD8m8jxj4EXOhE+Iikfo=</sdl:value><sdl:value key="SDL:ProjectTranslationHash">-1640670922</sdl:value></sdl:seg><sdl:seg id="89" conf="ApprovedSignOff" origin="tm" origin-system="General" percent="100" text-match="SourceAndTarget"><sdl:rep id="QBOwMNmFD8m8jxj4EXOhE+Iikfo="/><sdl:value key="created_by">NAGWA\Nagwa</sdl:value><sdl:value key="created_on">06/29/2016 03:21:58</sdl:value><sdl:value key="modified_on">10/12/2017 19:43:50</sdl:value><sdl:value key="last_modified_by">DESKTOP-C8MRIMB\Sherif Youssef</sdl:value><sdl:value key="SDL:OriginalTranslationHash">-1640670922</sdl:value><sdl:value key="SegmentIdentityHash">QBOwMNmFD8m8jxj4EXOhE+Iikfo=</sdl:value></sdl:seg><sdl:seg id="90" conf="ApprovedSignOff" origin="interactive"><sdl:value key="SegmentIdentityHash">wgJVaGexVrhkWzkIiQ+OnkVyLfE=</sdl:value><sdl:value key="created_by">heba-PC\heba</sdl:value><sdl:value key="created_on">10/09/2017 05:00:09</sdl:value><sdl:value key="last_modified_by">DESKTOP-C8MRIMB\Sherif Youssef</sdl:value><sdl:value key="modified_on">10/12/2017 19:43:51</sdl:value><sdl:value key="SDL:ProjectTranslationHash">-1638442698</sdl:value><sdl:value key="SDL:OriginalTranslationHash">-1638442698</sdl:value></sdl:seg><sdl:seg id="91" conf="ApprovedSignOff" origin="interactive"><sdl:value key="SegmentIdentityHash">snrDNlkQMRvZb5pjaXdfx5ab1mA=</sdl:value><sdl:value key="created_by">heba-PC\heba</sdl:value><sdl:value key="created_on">10/09/2017 05:17:55</sdl:value><sdl:value key="last_modified_by">DESKTOP-C8MRIMB\Sherif Youssef</sdl:value><sdl:value key="modified_on">10/12/2017 19:44:10</sdl:value><sdl:value key="SDL:ProjectTranslationHash">1227600832</sdl:value><sdl:value key="SDL:OriginalTranslationHash">1227600832</sdl:value></sdl:seg></sdl:seg-defs></trans-unit></group><group><sdl:cxts><sdl:cxt id="40"/><sdl:cxt id="2"/></sdl:cxts><trans-unit id="3cb63734-7319-4e68-80ea-83033e147de3"><source><g id="206">[00028] The composites defined herein are used in the treatment of gas or oil wells in order to inhibit the formation of undesired contaminants, control the formation of undesired contaminants or retard the release of undesired contaminants into the well. For instance, the composite may be used in completion or production services. The composites of the invention may be used in the well to remove undesired contaminants from or control the formation of undesired contaminates onto tubular surface equipment within the wellbore.</g></source><seg-source><g id="206"><mrk mtype="seg" mid="92">[00028] The composites defined herein are used in the treatment of gas or oil wells in order to inhibit the formation of undesired contaminants, control the formation of undesired contaminants or retard the release of undesired contaminants into the well.</mrk> <mrk mtype="seg" mid="93">For instance, the composite may be used in completion or production services.</mrk> <mrk mtype="seg" mid="94">The composites of the invention may be used in the well to remove undesired contaminants from or control the formation of undesired contaminates onto tubular surface equipment within the wellbore.</mrk></g></seg-source><target><g id="206"><mrk mtype="seg" mid="92">[00028] يتم استخدام المواد المركبة المشار إليها هنا في معالجة آبار الغاز أو النفط لتثبيط تَكَوّن الملوثات غير المرغوب فيها، التحكم في تَكَوّن الملوثات غير المرغوب فيها أو تأخير إطلاق الملوثات غير المرغوب فيها في البئر.</mrk> <mrk mtype="seg" mid="93">على سبيل المثال، يمكن استخدام المادة المركبة في خدمات الإكمال أو الإنتاج.</mrk> <mrk mtype="seg" mid="94">يمكن استخدام المواد المركبة الواردة في الاختراع في البئر لإزالة الملوثات غير المرغوب فيها من أو التحكم في تَكَوّن الملوثات غير المرغوب فيها على المعدات الأنبوبية السطحية الموجودة في حفرة البئر.</mrk></g></target><sdl:seg-defs><sdl:seg id="92" conf="ApprovedSignOff" origin="interactive"><sdl:value key="SegmentIdentityHash">oVpi4bC1E8b5BSf2DBpqBIPfpc0=</sdl:value><sdl:value key="created_by">heba-PC\heba</sdl:value><sdl:value key="created_on">10/09/2017 11:01:53</sdl:value><sdl:value key="last_modified_by">DESKTOP-C8MRIMB\Sherif Youssef</sdl:value><sdl:value key="modified_on">10/12/2017 19:44:11</sdl:value><sdl:value key="SDL:ProjectTranslationHash">971419122</sdl:value><sdl:value key="SDL:OriginalTranslationHash">971419122</sdl:value></sdl:seg><sdl:seg id="93" conf="ApprovedSignOff" origin="interactive"><sdl:value key="SegmentIdentityHash">aNhi1/ojjrg78pln73S8sItBcdU=</sdl:value><sdl:value key="created_by">heba-PC\heba</sdl:value><sdl:value key="created_on">10/09/2017 11:04:02</sdl:value><sdl:value key="last_modified_by">DESKTOP-C8MRIMB\Sherif Youssef</sdl:value><sdl:value key="modified_on">10/12/2017 19:44:12</sdl:value><sdl:value key="SDL:ProjectTranslationHash">1133121913</sdl:value><sdl:value key="SDL:OriginalTranslationHash">1133121913</sdl:value></sdl:seg><sdl:seg id="94" conf="ApprovedSignOff" origin="interactive"><sdl:value key="SegmentIdentityHash">bN71C0C4jKFCZNBiFfsJwkX6nLo=</sdl:value><sdl:value key="created_by">heba-PC\heba</sdl:value><sdl:value key="created_on">10/09/2017 11:04:22</sdl:value><sdl:value key="last_modified_by">DESKTOP-C8MRIMB\Sherif Youssef</sdl:value><sdl:value key="modified_on">10/12/2017 19:44:13</sdl:value><sdl:value key="SDL:ProjectTranslationHash">-775339759</sdl:value><sdl:value key="SDL:OriginalTranslationHash">-775339759</sdl:value></sdl:seg></sdl:seg-defs></trans-unit></group><group><sdl:cxts><sdl:cxt id="41"/><sdl:cxt id="2"/></sdl:cxts><trans-unit id="58bf8d6f-77d1-499d-bf1c-1e7081730f7a"><source><g id="212">[00029] In a preferred embodiment, the well treatment composite of the invention effectively inhibits, controls, prevents or treats the formation of inorganic scale formations being deposited in subterranean formations, such as wellbores, oil wells, gas wells, water wells and geothermal wells. The composites of the invention are particularly efficacious in the treatment of scales of calcium, barium, magnesium salts and the like, including barium sulfate, calcium sulfate, and calcium carbonate scales. The composites may further have applicability in the treatment of other inorganic scales, such as zinc sulfide, iron sulfide, etc.</g></source><seg-source><g id="212"><mrk mtype="seg" mid="95">[00029] In a preferred embodiment, the well treatment composite of the invention effectively inhibits, controls, prevents or treats the formation of inorganic scale formations being deposited in subterranean formations, such as wellbores, oil wells, gas wells, water wells and geothermal wells.</mrk> <mrk mtype="seg" mid="96">The composites of the invention are particularly efficacious in the treatment of scales of calcium, barium, magnesium salts and the like, including barium sulfate, calcium sulfate, and calcium carbonate scales.</mrk> <mrk mtype="seg" mid="97">The composites may further have applicability in the treatment of other inorganic scales, such as zinc sulfide, iron sulfide, etc.</mrk></g></seg-source><target><g id="212"><mrk mtype="seg" mid="95">[00029] في تجسيد مفضل، تعمل المادة المركبة لمعالجة البئر الواردة في الاختراع بفاعلية على تثبيط، التحكم في، منع أو معالجة تَكَوّن القشور غير العضوية التي تترسب في التكوينات الجوفية مثل حفر البئر، آبار النفط، آبار الغاز، آبار الماء والآبار الحرارية الأرضية.</mrk> <mrk mtype="seg" mid="96">تكون المواد المركبة الواردة في الاختراع فعالة على وجه التحديد في علاج قشور أملاح الكالسيوم، الباريوم، الماجنسيوم وما شابه، والتي تتضمن قشور سلفات الباريوم، سلفات الكالسيوم، وكربونات الكالسيوم.</mrk> <mrk mtype="seg" mid="97">يمكن أيضًا استخدام المواد المركبة في علاج قشور غير عضوية أخرى، مثل سلفيد الزنك، سلفيد الحديد، وهكذا.</mrk></g></target><sdl:seg-defs><sdl:seg id="95" conf="ApprovedSignOff" origin="interactive"><sdl:value key="SegmentIdentityHash">zX/3UtnbqaRasWzMHB7DUzvzWQY=</sdl:value><sdl:value key="created_by">heba-PC\heba</sdl:value><sdl:value key="created_on">10/09/2017 11:05:27</sdl:value><sdl:value key="last_modified_by">DESKTOP-C8MRIMB\Sherif Youssef</sdl:value><sdl:value key="modified_on">10/12/2017 19:44:14</sdl:value><sdl:value key="SDL:ProjectTranslationHash">1644520826</sdl:value><sdl:value key="SDL:OriginalTranslationHash">1644520826</sdl:value></sdl:seg><sdl:seg id="96" conf="ApprovedSignOff" origin="interactive"><sdl:value key="SegmentIdentityHash">aba/GhcIxvb3RV2NRP3eLyqhthc=</sdl:value><sdl:value key="created_by">heba-PC\heba</sdl:value><sdl:value key="created_on">10/09/2017 11:06:51</sdl:value><sdl:value key="last_modified_by">DESKTOP-C8MRIMB\Sherif Youssef</sdl:value><sdl:value key="modified_on">10/12/2017 19:44:15</sdl:value><sdl:value key="SDL:ProjectTranslationHash">-83534289</sdl:value><sdl:value key="SDL:OriginalTranslationHash">-83534289</sdl:value></sdl:seg><sdl:seg id="97" conf="ApprovedSignOff" origin="interactive"><sdl:value key="SegmentIdentityHash">eQzti+VuPnBy2Quk4pi49aXQpns=</sdl:value><sdl:value key="created_by">heba-PC\heba</sdl:value><sdl:value key="created_on">10/09/2017 11:08:48</sdl:value><sdl:value key="last_modified_by">DESKTOP-C8MRIMB\Sherif Youssef</sdl:value><sdl:value key="modified_on">10/12/2017 19:44:16</sdl:value><sdl:value key="SDL:ProjectTranslationHash">672164099</sdl:value><sdl:value key="SDL:OriginalTranslationHash">672164099</sdl:value></sdl:seg></sdl:seg-defs></trans-unit></group><group><sdl:cxts><sdl:cxt id="42"/><sdl:cxt id="2"/></sdl:cxts><trans-unit id="64782a71-ffe9-4afe-b7ce-22e2a2d22db7"><source><g id="215">[00030] The well treatment composite may also be used to control and/or prevent the undesired formation of salts, paraffins, gas hydrates, asphaltenes as well as corrosion in formations or on surface equipment.</g></source><seg-source><g id="215"><mrk mtype="seg" mid="98">[00030] The well treatment composite may also be used to control and/or prevent the undesired formation of salts, paraffins, gas hydrates, asphaltenes as well as corrosion in formations or on surface equipment.</mrk></g></seg-source><target><g id="215"><mrk mtype="seg" mid="98">[00030] يمكن أيضًا استخدام المادة المركبة لمعالجة البئر للتحكم في و/أو منع التَكَوّن غير المرغوب فيه للأملاح، البارافينات، هيدرات الغاز، مركبات الأسفلتين بالإضافة إلى التآكل في التكوينات أو على المعدات السطحية.</mrk></g></target><sdl:seg-defs><sdl:seg id="98" conf="ApprovedSignOff" origin="interactive"><sdl:value key="SegmentIdentityHash">3oaxJuhQj7MZsGpaxIKMIQ9QVXw=</sdl:value><sdl:value key="created_by">heba-PC\heba</sdl:value><sdl:value key="created_on">10/09/2017 11:09:27</sdl:value><sdl:value key="last_modified_by">DESKTOP-C8MRIMB\Sherif Youssef</sdl:value><sdl:value key="modified_on">10/12/2017 19:44:17</sdl:value><sdl:value key="SDL:ProjectTranslationHash">-1410604236</sdl:value><sdl:value key="SDL:OriginalTranslationHash">-1410604236</sdl:value></sdl:seg></sdl:seg-defs></trans-unit></group><group><sdl:cxts><sdl:cxt id="43"/><sdl:cxt id="2"/></sdl:cxts><trans-unit id="4d113d6d-87b1-4e64-b03a-66839d6ba51d"><source><g id="218">[00031] The shaped compressed pellets defined herein may be characterized by a calcined porous substrate prepared from nano-sized material onto which may be adsorbed at least one well treatment agent. The porosity and permeability of the calcined porous substrate may be such that the well treatment agent may be absorbed into the interstitial spaces of the porous substrate. The amount of well treatment agent in the composite is normally from about 1 to 50 weight percent, preferably from about 14 to about 40 weight percent.</g></source><seg-source><g id="218"><mrk mtype="seg" mid="99">[00031] The shaped compressed pellets defined herein may be characterized by a calcined porous substrate prepared from nano-sized material onto which may be adsorbed at least one well treatment agent.</mrk> <mrk mtype="seg" mid="100">The porosity and permeability of the calcined porous substrate may be such that the well treatment agent may be absorbed into the interstitial spaces of the porous substrate.</mrk> <mrk mtype="seg" mid="101">The amount of well treatment agent in the composite is normally from about 1 to 50 weight percent, preferably from about 14 to about 40 weight percent.</mrk></g></seg-source><target><g id="218"><mrk mtype="seg" mid="99">[00031] يمكن تمييز الكريات المضغوطة المُشكلة المحددة هنا بواسطة ركيزة مسامية مكلسنة محضرة من مادة بحجم النانو يمكن عليها امتزاز عامل معالجة بئر واحد على الأقل.</mrk> <mrk mtype="seg" mid="100">يمكن تحديد مسامية ونفاذية الركيزة المسامي المكلسنة بحيث يمكن امتزاز عامل معالجة البئر في الأحياز الخلالية للركيزة المسامية.</mrk> <mrk mtype="seg" mid="101">تتراوح كمية عامل معالجة البئر الموجودة في المادة المركبة بصورة طبيعية من حوالي 1 إلى 50% بالوزن، يفضل من حوالي 14 إلى حوالي 40% بالوزن.</mrk></g></target><sdl:seg-defs><sdl:seg id="99" conf="ApprovedSignOff" origin="interactive"><sdl:value key="SegmentIdentityHash">Ns7QN8vAI2bHrzk2qnA01h3jLpM=</sdl:value><sdl:value key="created_by">heba-PC\heba</sdl:value><sdl:value key="created_on">10/09/2017 11:16:12</sdl:value><sdl:value key="last_modified_by">DESKTOP-C8MRIMB\Sherif Youssef</sdl:value><sdl:value key="modified_on">10/12/2017 19:44:18</sdl:value><sdl:value key="SDL:ProjectTranslationHash">-1171679808</sdl:value><sdl:value key="SDL:OriginalTranslationHash">-1171679808</sdl:value></sdl:seg><sdl:seg id="100" conf="ApprovedSignOff" origin="interactive"><sdl:value key="SegmentIdentityHash">q6UDUZj+fKZLRbjyQjbC5+uzna8=</sdl:value><sdl:value key="created_by">heba-PC\heba</sdl:value><sdl:value key="created_on">10/09/2017 11:17:46</sdl:value><sdl:value key="last_modified_by">DESKTOP-C8MRIMB\Sherif Youssef</sdl:value><sdl:value key="modified_on">10/12/2017 19:44:18</sdl:value><sdl:value key="SDL:ProjectTranslationHash">-179730267</sdl:value><sdl:value key="SDL:OriginalTranslationHash">-179730267</sdl:value></sdl:seg><sdl:seg id="101" conf="ApprovedSignOff" origin="interactive"><sdl:value key="SegmentIdentityHash">ZCDiWtyvA/m8kVKZCFWig/GPpzU=</sdl:value><sdl:value key="created_by">heba-PC\heba</sdl:value><sdl:value key="created_on">10/09/2017 11:27:49</sdl:value><sdl:value key="last_modified_by">DESKTOP-C8MRIMB\Sherif Youssef</sdl:value><sdl:value key="modified_on">10/12/2017 19:44:19</sdl:value><sdl:value key="SDL:ProjectTranslationHash">196421263</sdl:value><sdl:value key="SDL:OriginalTranslationHash">196421263</sdl:value></sdl:seg></sdl:seg-defs></trans-unit></group><group><sdl:cxts><sdl:cxt id="44"/><sdl:cxt id="2"/></sdl:cxts><trans-unit id="87d394c0-eebc-4379-ad73-bb7cb4c97c72"><source><g id="227">[00032] The surface area of the calcined porous substrate is between from about 1 m<g id="236">2</g> /g to about 10 m<g id="248">2</g> /g, preferably between from about 1.5 m<g id="260">2</g> /g to about 4 m<g id="272">2</g> /g, the diameter of the calcined porous substrate is between from about 0.1 to about 3 mm, preferably between from about 150 to about 1780 micrometers, and the pore volume of the calcined porous substrate is between from about 0.01 to about 0.10 g/cc. Typically, the specific gravity of the well treatment composite is less than or equal to 3.75 g/cc.</g></source><seg-source><g id="227"><mrk mtype="seg" mid="102">[00032] The surface area of the calcined porous substrate is between from about 1 m<g id="236">2</g> /g to about 10 m<g id="248">2</g> /g, preferably between from about 1.5 m<g id="260">2</g> /g to about 4 m<g id="272">2</g> /g, the diameter of the calcined porous substrate is between from about 0.1 to about 3 mm, preferably between from about 150 to about 1780 micrometers, and the pore volume of the calcined porous substrate is between from about 0.01 to about 0.10 g/cc.</mrk> <mrk mtype="seg" mid="103">Typically, the specific gravity of the well treatment composite is less than or equal to 3.75 g/cc.</mrk></g></seg-source><target><g id="227"><mrk mtype="seg" mid="102">[00032] تتراوح مساحة سطح الركيزة المسامية المكلسنة من حوالي 1 متر<g id="236">2</g>/جم إلى حوالي 10 متر<g id="248">2</g>/جم، يفضل بين حوالي 1.5 متر<g id="260">2</g>/جم إلى حوالي 4 متر<g id="272">2</g>/جم، يتراوح قطر الركيزة المسامية المكلسنة من حوالي 0.1 إلى حوالي 3مم، يفضل من حوالي 150 إلى حوالي 1780 ميكرو متر، ويتراوح الحجم المسامي للركيزة المسامية المكلسنة من حوالي 0.01 إلى حوالي 0.10 جم/سم مكعب.</mrk> <mrk mtype="seg" mid="103">على نحو نمطي، يكون الثقل النوعي لمادة معالجة البئر المركبة أقل من أو مساوية لـ 3.75 جم/سم مكعب.</mrk></g></target><sdl:seg-defs><sdl:seg id="102" conf="ApprovedSignOff" origin="interactive"><sdl:prev-origin origin="source"><sdl:prev-origin/><sdl:value key="SegmentIdentityHash">VUHm5SOOHe2sDrg5dhfb4yL8E/8=</sdl:value><sdl:value key="created_by">heba-PC\heba</sdl:value><sdl:value key="created_on">10/09/2017 05:25:46</sdl:value><sdl:value key="last_modified_by">heba-PC\heba</sdl:value><sdl:value key="modified_on">10/09/2017 05:25:46</sdl:value></sdl:prev-origin><sdl:value key="SegmentIdentityHash">VUHm5SOOHe2sDrg5dhfb4yL8E/8=</sdl:value><sdl:value key="created_by">heba-PC\heba</sdl:value><sdl:value key="created_on">10/09/2017 05:25:51</sdl:value><sdl:value key="last_modified_by">DESKTOP-C8MRIMB\Sherif Youssef</sdl:value><sdl:value key="modified_on">10/12/2017 19:44:46</sdl:value><sdl:value key="SDL:ProjectTranslationHash">-1575840830</sdl:value><sdl:value key="SDL:OriginalTranslationHash">-1575840830</sdl:value></sdl:seg><sdl:seg id="103" conf="ApprovedSignOff" origin="interactive" percent="86"><sdl:prev-origin origin="tm" origin-system="171273_Petrol cases" percent="86"><sdl:prev-origin/><sdl:value key="SegmentIdentityHash">S2Wgw0RfhWpd58bDhHEuKLqHTfc=</sdl:value><sdl:value key="created_by">heba-PC\heba</sdl:value><sdl:value key="created_on">10/09/2017 05:05:54</sdl:value><sdl:value key="last_modified_by">heba-PC\heba</sdl:value><sdl:value key="modified_on">10/09/2017 05:17:40</sdl:value></sdl:prev-origin><sdl:value key="SegmentIdentityHash">S2Wgw0RfhWpd58bDhHEuKLqHTfc=</sdl:value><sdl:value key="created_by">heba-PC\heba</sdl:value><sdl:value key="created_on">10/09/2017 05:05:54</sdl:value><sdl:value key="last_modified_by">DESKTOP-C8MRIMB\Sherif Youssef</sdl:value><sdl:value key="modified_on">10/12/2017 19:44:53</sdl:value><sdl:value key="SDL:ProjectTranslationHash">-564595297</sdl:value><sdl:value key="SDL:OriginalTranslationHash">-564595297</sdl:value></sdl:seg></sdl:seg-defs></trans-unit></group><group><sdl:cxts><sdl:cxt id="45"/><sdl:cxt id="2"/></sdl:cxts><trans-unit id="9e617dda-1f03-41b4-ae5a-c5459722b0cd"><source><g id="281">[00033] The calcined porous substrate is typically spherical and insoluble in well fluids under subterranean conditions, such as at temperatures less than about 250° C and pressures less than about 80 MPa.</g></source><seg-source><g id="281"><mrk mtype="seg" mid="104">[00033] The calcined porous substrate is typically spherical and insoluble in well fluids under subterranean conditions, such as at temperatures less than about 250° C and pressures less than about 80 MPa.</mrk></g></seg-source><target><g id="281"><mrk mtype="seg" mid="104">[00033] تكون الركيزة المسامية المكلسنة كروية بصورة نمطية وغير قابلة للذوبان في موائع البئر في ظل الظروف الجوفية، مثل عند درجات حرارة أقل من حوالي 250 درجة مئوية ومعدلات ضغط أقل من 80 ميجا باسكال.</mrk></g></target><sdl:seg-defs><sdl:seg id="104" conf="ApprovedSignOff" origin="interactive"><sdl:value key="SegmentIdentityHash">YiIkekslJt86mX+0ad23F0gz9RA=</sdl:value><sdl:value key="created_by">heba-PC\heba</sdl:value><sdl:value key="created_on">10/09/2017 11:28:42</sdl:value><sdl:value key="last_modified_by">DESKTOP-C8MRIMB\Sherif Youssef</sdl:value><sdl:value key="modified_on">10/12/2017 19:44:54</sdl:value><sdl:value key="SDL:ProjectTranslationHash">951715596</sdl:value><sdl:value key="SDL:OriginalTranslationHash">951715596</sdl:value></sdl:seg></sdl:seg-defs></trans-unit></group><group><sdl:cxts><sdl:cxt id="46"/><sdl:cxt id="2"/></sdl:cxts><trans-unit id="d83ac567-f32d-4260-9717-ad980262c7e9"><source><g id="284">[00034] The porous substrate may be a metal oxide, such as alumina, zirconium oxide and titanium oxide. Typically, the porous substrate is alumina.</g></source><seg-source><g id="284"><mrk mtype="seg" mid="105">[00034] The porous substrate may be a metal oxide, such as alumina, zirconium oxide and titanium oxide.</mrk> <mrk mtype="seg" mid="106">Typically, the porous substrate is alumina.</mrk></g></seg-source><target><g id="284"><mrk mtype="seg" mid="105">[00034] يمكن أن تكون الركيزة المسامية عبارة عن أكسيد فلز، مثل ألومينا، أكسيد زيركونيوم وأكسيد تيتانيوم.</mrk> <mrk mtype="seg" mid="106">نمطيًا، تكون الركيزة المسامية عبارة عن ألومينا.</mrk></g></target><sdl:seg-defs><sdl:seg id="105" conf="ApprovedSignOff" origin="interactive"><sdl:value key="SegmentIdentityHash">0SQENURJXruS3OPdfoV+EF2Zlr8=</sdl:value><sdl:value key="created_by">heba-PC\heba</sdl:value><sdl:value key="created_on">10/09/2017 11:33:10</sdl:value><sdl:value key="last_modified_by">DESKTOP-C8MRIMB\Sherif Youssef</sdl:value><sdl:value key="modified_on">10/12/2017 19:44:55</sdl:value><sdl:value key="SDL:ProjectTranslationHash">-423416827</sdl:value><sdl:value key="SDL:OriginalTranslationHash">-423416827</sdl:value></sdl:seg><sdl:seg id="106" conf="ApprovedSignOff" origin="interactive"><sdl:value key="SegmentIdentityHash">nvH2LAQk0zgzkvJaYqUC8EpfjOE=</sdl:value><sdl:value key="created_by">heba-PC\heba</sdl:value><sdl:value key="created_on">10/09/2017 11:34:06</sdl:value><sdl:value key="last_modified_by">DESKTOP-C8MRIMB\Sherif Youssef</sdl:value><sdl:value key="modified_on">10/12/2017 19:44:56</sdl:value><sdl:value key="SDL:ProjectTranslationHash">-709332788</sdl:value><sdl:value key="SDL:OriginalTranslationHash">-709332788</sdl:value></sdl:seg></sdl:seg-defs></trans-unit></group><group><sdl:cxts><sdl:cxt id="47"/><sdl:cxt id="2"/></sdl:cxts><trans-unit id="ac9115e2-3e9b-42ac-97f7-72723f435e44"><source><g id="287">[00035] The porous substrate may be prepared by first mixing a metal oxide hydrosol (such as aluminum oxide hydrosol) containing a hydrate of the metal oxide or activated metal (such as activated alumina) and an additive component selected from carbon (such as carbon black) or a high molecular weight natural organic material (such as wood flour and starch) which is insoluble in aqueous solution up to a temperature of 50° C and carbon with a solution of hydrolyzable base to form a mixture. The mixture may then be introduced in dispersed form into a water-immiscible liquid having a temperature of from about 60° to 100° C, whereby gel particles are formed. The gel particles may then be aged in the liquid at the temperature and subsequently in an aqueous base, such as an aqueous ammonia solution. The aged particles may then be recovered. The recovered particles may then be calcined. During calcination, the additive component is removed.</g></source><seg-source><g id="287"><mrk mtype="seg" mid="107">[00035] The porous substrate may be prepared by first mixing a metal oxide hydrosol (such as aluminum oxide hydrosol) containing a hydrate of the metal oxide or activated metal (such as activated alumina) and an additive component selected from carbon (such as carbon black) or a high molecular weight natural organic material (such as wood flour and starch) which is insoluble in aqueous solution up to a temperature of 50° C and carbon with a solution of hydrolyzable base to form a mixture.</mrk> <mrk mtype="seg" mid="108">The mixture may then be introduced in dispersed form into a water-immiscible liquid having a temperature of from about 60° to 100° C, whereby gel particles are formed.</mrk> <mrk mtype="seg" mid="109">The gel particles may then be aged in the liquid at the temperature and subsequently in an aqueous base, such as an aqueous ammonia solution.</mrk> <mrk mtype="seg" mid="110">The aged particles may then be recovered.</mrk> <mrk mtype="seg" mid="111">The recovered particles may then be calcined.</mrk> <mrk mtype="seg" mid="112">During calcination, the additive component is removed.</mrk></g></seg-source><target><g id="287"><mrk mtype="seg" mid="107">[00035] يمكن تحضير الركيزة المسامية بواسطة القيام أولًا بخلط محلول مائي من أكسيد فلز (مثل محلول مائي من أكسيد ألومنيوم) يحتوي على هيدرات من أكسيد فلز أو فلز منشط (مثل ألومينا منشطة) ومكون مادة إضافة يتم اختياره من كربون (مثل أسود الكربون) أو مادة عضوية طبيعية ذات وزن جزيئي مرتفع (مثل نشارة الخشب والنشا) والتي تكون غير قابلة للذوبان في محلول مائي حتى درجة حرارة تبلغ 50 درجة مئوية وكربون مع محلول من قاعدة قابلة للتحلل بالماء لتكوين خليط.</mrk> <mrk mtype="seg" mid="108">يمكن بعد ذلك إدخال الخليط في صورة مشتتة في سائل غير قابل للامتزاج بالماء له درجة حرارة تتراوح من حوالي 60 إلى 100 درجة مئوية، يتم بواسطته تشكيل جسيمات الهلام.</mrk> <mrk mtype="seg" mid="109">يمكن بعد ذلك تعتيق جسيمات الهلام في السائل عند درجة الحرارة المذكورة وبعد ذلك في قاعدة مائية، مثل محلول أمونيا سائل.</mrk> <mrk mtype="seg" mid="110">يمكن بعد ذلك استخلاص الجسيمات المعتقة.</mrk> <mrk mtype="seg" mid="111">يمكن بعد ذلك تحميص الجسيمات المستخلصة.</mrk> <mrk mtype="seg" mid="112">أثناء التحميص، تتم إزالة مكون مادة الإضافة.</mrk></g></target><sdl:seg-defs><sdl:seg id="107" conf="ApprovedSignOff" origin="interactive"><sdl:prev-origin origin="source"><sdl:prev-origin/><sdl:value key="SegmentIdentityHash">CewF+l9Qh8pIEC8psWvVW32+RxM=</sdl:value><sdl:value key="created_by">heba-PC\heba</sdl:value><sdl:value key="created_on">10/09/2017 11:35:02</sdl:value><sdl:value key="last_modified_by">heba-PC\heba</sdl:value><sdl:value key="modified_on">10/09/2017 11:35:02</sdl:value></sdl:prev-origin><sdl:value key="SegmentIdentityHash">CewF+l9Qh8pIEC8psWvVW32+RxM=</sdl:value><sdl:value key="created_by">heba-PC\heba</sdl:value><sdl:value key="created_on">10/09/2017 11:35:06</sdl:value><sdl:value key="last_modified_by">DESKTOP-C8MRIMB\Sherif Youssef</sdl:value><sdl:value key="modified_on">10/12/2017 19:44:58</sdl:value><sdl:value key="SDL:ProjectTranslationHash">1729962610</sdl:value><sdl:value key="SDL:OriginalTranslationHash">1729962610</sdl:value></sdl:seg><sdl:seg id="108" conf="ApprovedSignOff" origin="interactive"><sdl:value key="SegmentIdentityHash">hWDMseHgziUoKst+H1MvBPpEk/4=</sdl:value><sdl:value key="created_by">heba-PC\heba</sdl:value><sdl:value key="created_on">10/09/2017 11:39:29</sdl:value><sdl:value key="last_modified_by">DESKTOP-C8MRIMB\Sherif Youssef</sdl:value><sdl:value key="modified_on">10/12/2017 19:44:59</sdl:value><sdl:value key="SDL:ProjectTranslationHash">516991914</sdl:value><sdl:value key="SDL:OriginalTranslationHash">516991914</sdl:value></sdl:seg><sdl:seg id="109" conf="ApprovedSignOff" origin="interactive"><sdl:value key="SegmentIdentityHash">AHRzj919A9BX1NTQAYuXPoPbVKc=</sdl:value><sdl:value key="created_by">heba-PC\heba</sdl:value><sdl:value key="created_on">10/09/2017 11:40:33</sdl:value><sdl:value key="last_modified_by">DESKTOP-C8MRIMB\Sherif Youssef</sdl:value><sdl:value key="modified_on">10/12/2017 19:45:00</sdl:value><sdl:value key="SDL:ProjectTranslationHash">-1888962513</sdl:value><sdl:value key="SDL:OriginalTranslationHash">-1888962513</sdl:value></sdl:seg><sdl:seg id="110" conf="ApprovedSignOff" origin="interactive"><sdl:value key="SegmentIdentityHash">692rlHp6PZNwLXjekUh9LNZU7o8=</sdl:value><sdl:value key="created_by">heba-PC\heba</sdl:value><sdl:value key="created_on">10/09/2017 11:41:26</sdl:value><sdl:value key="last_modified_by">DESKTOP-C8MRIMB\Sherif Youssef</sdl:value><sdl:value key="modified_on">10/12/2017 19:45:01</sdl:value><sdl:value key="SDL:ProjectTranslationHash">-1503511130</sdl:value><sdl:value key="SDL:OriginalTranslationHash">-1503511130</sdl:value></sdl:seg><sdl:seg id="111" conf="ApprovedSignOff" origin="interactive" percent="78"><sdl:prev-origin origin="tm" origin-system="171273_Petrol cases" percent="78"><sdl:prev-origin/><sdl:value key="SegmentIdentityHash">EMhw9C/cBEJRGoi/B1YlDpj4x+k=</sdl:value><sdl:value key="created_by">heba-PC\heba</sdl:value><sdl:value key="created_on">10/09/2017 11:41:26</sdl:value><sdl:value key="last_modified_by">heba-PC\heba</sdl:value><sdl:value key="modified_on">10/09/2017 11:41:37</sdl:value></sdl:prev-origin><sdl:value key="SegmentIdentityHash">EMhw9C/cBEJRGoi/B1YlDpj4x+k=</sdl:value><sdl:value key="created_by">heba-PC\heba</sdl:value><sdl:value key="created_on">10/09/2017 11:41:26</sdl:value><sdl:value key="last_modified_by">DESKTOP-C8MRIMB\Sherif Youssef</sdl:value><sdl:value key="modified_on">10/12/2017 19:45:03</sdl:value><sdl:value key="SDL:ProjectTranslationHash">1775246644</sdl:value><sdl:value key="SDL:OriginalTranslationHash">1775246644</sdl:value></sdl:seg><sdl:seg id="112" conf="ApprovedSignOff" origin="interactive"><sdl:value key="SegmentIdentityHash">oguTirDUvjKeW80NBibezEAA+Es=</sdl:value><sdl:value key="created_by">heba-PC\heba</sdl:value><sdl:value key="created_on">10/09/2017 11:41:49</sdl:value><sdl:value key="last_modified_by">DESKTOP-C8MRIMB\Sherif Youssef</sdl:value><sdl:value key="modified_on">10/12/2017 19:45:04</sdl:value><sdl:value key="SDL:ProjectTranslationHash">1569175491</sdl:value><sdl:value key="SDL:OriginalTranslationHash">1569175491</sdl:value></sdl:seg></sdl:seg-defs></trans-unit></group><group><sdl:cxts><sdl:cxt id="48"/><sdl:cxt id="2"/></sdl:cxts><trans-unit id="5183a303-b8aa-4068-aa7e-ef1d7721e678"><source><g id="293">[00036] The calcined particles have a lower bulk density when the additive component is present during calcinations than when the additive component is not present. Typically, the bulk density of the well treatment composite is between from about 75 to about 150 lb/ft<g id="302">3</g>. In addition, combustion of the additive component during calcinations of the hydrosol results in formation of pores of the calcined metal oxide.</g></source><seg-source><g id="293"><mrk mtype="seg" mid="113">[00036] The calcined particles have a lower bulk density when the additive component is present during calcinations than when the additive component is not present.</mrk> <mrk mtype="seg" mid="114">Typically, the bulk density of the well treatment composite is between from about 75 to about 150 lb/ft<g id="302">3</g>.</mrk> <mrk mtype="seg" mid="115">In addition, combustion of the additive component during calcinations of the hydrosol results in formation of pores of the calcined metal oxide.</mrk></g></seg-source><target><g id="293"><mrk mtype="seg" mid="113">[00036] يكون للجسيمات المحمصة كثافة كتلية منخفضة عندما يكون مكون مادة الإضافة موجود أثناء عمليات الكلسنة مقارنةً بعدم وجود مكن مادة الإضافة.</mrk> <mrk mtype="seg" mid="114">على نحو نمطي، تتراوح الكثافة الكتلية لمادة معالجة البئر المركبة من حوالي 75 إلى حوالي 150 رطل/قدم<g id="302">3</g>.</mrk> <mrk mtype="seg" mid="115">بالإضافة إلى ذلك، ينتج عن احتراق مكون مادة الإضافة أثناء عمليات كلسنة المحلول المائي تَكَوّن مسامات من أكسيد فلز مكلسن.</mrk></g></target><sdl:seg-defs><sdl:seg id="113" conf="ApprovedSignOff" origin="interactive"><sdl:value key="SegmentIdentityHash">BxN1WSbWLzN0aB+9U4IJwjxo7mA=</sdl:value><sdl:value key="created_by">heba-PC\heba</sdl:value><sdl:value key="created_on">10/09/2017 11:42:06</sdl:value><sdl:value key="last_modified_by">DESKTOP-C8MRIMB\Sherif Youssef</sdl:value><sdl:value key="modified_on">10/12/2017 19:45:05</sdl:value><sdl:value key="SDL:ProjectTranslationHash">210619695</sdl:value><sdl:value key="SDL:OriginalTranslationHash">210619695</sdl:value></sdl:seg><sdl:seg id="114" conf="ApprovedSignOff" origin="interactive" percent="82"><sdl:prev-origin origin="tm" origin-system="171273_Petrol cases" percent="82"><sdl:prev-origin/><sdl:value key="SegmentIdentityHash">rqTg6KP75g0dxiIQmhUj5/c3hLM=</sdl:value><sdl:value key="created_by">heba-PC\heba</sdl:value><sdl:value key="created_on">10/09/2017 05:04:52</sdl:value><sdl:value key="last_modified_by">heba-PC\heba</sdl:value><sdl:value key="modified_on">10/09/2017 05:05:44</sdl:value></sdl:prev-origin><sdl:value key="SegmentIdentityHash">rqTg6KP75g0dxiIQmhUj5/c3hLM=</sdl:value><sdl:value key="created_by">heba-PC\heba</sdl:value><sdl:value key="created_on">10/09/2017 05:04:52</sdl:value><sdl:value key="last_modified_by">DESKTOP-C8MRIMB\Sherif Youssef</sdl:value><sdl:value key="modified_on">10/12/2017 19:45:08</sdl:value><sdl:value key="SDL:ProjectTranslationHash">-1632962826</sdl:value><sdl:value key="SDL:OriginalTranslationHash">-1632962826</sdl:value></sdl:seg><sdl:seg id="115" conf="ApprovedSignOff" origin="interactive"><sdl:value key="SegmentIdentityHash">N4+B10YiYz5A4AmG2oryats+jjI=</sdl:value><sdl:value key="created_by">heba-PC\heba</sdl:value><sdl:value key="created_on">10/09/2017 11:43:00</sdl:value><sdl:value key="last_modified_by">DESKTOP-C8MRIMB\Sherif Youssef</sdl:value><sdl:value key="modified_on">10/12/2017 19:45:09</sdl:value><sdl:value key="SDL:ProjectTranslationHash">329230567</sdl:value><sdl:value key="SDL:OriginalTranslationHash">329230567</sdl:value></sdl:seg></sdl:seg-defs></trans-unit></group><group><sdl:cxts><sdl:cxt id="49"/><sdl:cxt id="2"/></sdl:cxts><trans-unit id="69511639-ed7c-496d-91e4-5fbeab82a5db"><source><g id="308">[00037] The metal oxide hydrosol may optionally contain a silica-containing substance which in their non-soluble form is coprecipitated with the metal oxide particles. The silica-containing substance is preferably a low density silica, such as that prepared by hydrolysis of silicon tetrachloride in an oxyhydrogen flame and known under the designation pyrogenic silica.</g></source><seg-source><g id="308"><mrk mtype="seg" mid="116">[00037] The metal oxide hydrosol may optionally contain a silica-containing substance which in their non-soluble form is coprecipitated with the metal oxide particles.</mrk> <mrk mtype="seg" mid="117">The silica-containing substance is preferably a low density silica, such as that prepared by hydrolysis of silicon tetrachloride in an oxyhydrogen flame and known under the designation pyrogenic silica.</mrk></g></seg-source><target><g id="308"><mrk mtype="seg" mid="116">[00037] يمكن أن يحتوي المحلول المائي من أكسيد الفلز على نحو اختياري على مادة تحتوي على سيليكا والتي في صورتها غير القابلة للذوبان يتم ترسيبها بشكل مشترك مع جسيمات أكسيد الفلز.</mrk> <mrk mtype="seg" mid="117">يفضل أن تكون المادة التي تحتوي على سيليكا عبارة عن سيليكا منخفضة الكثافة، كتلك التي يتم تحضيرها بواسطة تحلل تترا كلوريد السيليكون بالماء في لهب الأكسجين والهيدروجين وتعرف بسيليكا ناتجة عن حرارة شديدة.</mrk></g></target><sdl:seg-defs><sdl:seg id="116" conf="ApprovedSignOff" origin="interactive"><sdl:value key="SegmentIdentityHash">g9Fk8HaU5PY5dvMipRI7B2ifZYk=</sdl:value><sdl:value key="created_by">heba-PC\heba</sdl:value><sdl:value key="created_on">10/10/2017 03:52:33</sdl:value><sdl:value key="last_modified_by">DESKTOP-C8MRIMB\Sherif Youssef</sdl:value><sdl:value key="modified_on">10/12/2017 19:45:10</sdl:value><sdl:value key="SDL:ProjectTranslationHash">338745272</sdl:value><sdl:value key="SDL:OriginalTranslationHash">338745272</sdl:value></sdl:seg><sdl:seg id="117" conf="ApprovedSignOff" origin="interactive"><sdl:value key="SegmentIdentityHash">ssCvr7JnhodhuGAFfLKV0k+cWro=</sdl:value><sdl:value key="created_by">heba-PC\heba</sdl:value><sdl:value key="created_on">10/10/2017 03:52:37</sdl:value><sdl:value key="last_modified_by">DESKTOP-C8MRIMB\Sherif Youssef</sdl:value><sdl:value key="modified_on">10/12/2017 19:45:10</sdl:value><sdl:value key="SDL:ProjectTranslationHash">714318087</sdl:value><sdl:value key="SDL:OriginalTranslationHash">714318087</sdl:value></sdl:seg></sdl:seg-defs></trans-unit></group><group><sdl:cxts><sdl:cxt id="50"/><sdl:cxt id="2"/></sdl:cxts><trans-unit id="f2758e31-a47d-4b83-b49f-1e5f99b5cd63"><source><g id="311">[00038] In an embodiment, the porous substrate may be prepared from a concentrated metal oxide hydrosol of a pH value in the range of about 3 to about 5 which, in turn, is prepared by dissolving metal in hydrochloric acid and/or metal chloride in aqueous solution or by dissolving metal hydroxychloride in water, the concentration of which is adjusted so that metal oxide derived from the sol amounts to 15 to 35% by weight, preferably to 20 to 30% by weight of the mass of the calcined particles. Metal oxide hydrate and/or activated metal, preferably of an average particle diameter of maximally 10μ, is then added to the hydrosol in an amount so that the metal oxide content amounts to 65 to 85% by weight, preferably 70 to 80% by weight of the calcined particles. Optionally, pyrogenic silica may be added to the hydrosol such that the SiO2 content of the calcined particles amounts to 10 to 40% by weight. A soft to medium-hard wood flour may then added to the mixture, the wood flour being ground to a finer particle size such that it is present in a quantity of 5 to 35% by weight, preferably 10 to 25% by weight relative to the mass of the calcined particles. The hydrosol containing the wood flour may then be mixed with a concentrated aqueous solution of hexamethylene tetramine and then sprayed or dropped into a column filled with the mineral oil of a temperature of 60° C to 100° C. The gel particles are then allowed to remain at the temperature of precipitation for a period of time from 4 to 16 hours; thereafter the gel particles are aged for 2 to 8 hours in aqueous ammonia solution, washed with water, dried at 100° C to 150° C, or preferably at from about 120° C to about 200° C, preheated to 250° C to 400° C and calcined at a temperature of 600° C to about 1000° C.</g></source><seg-source><g id="311"><mrk mtype="seg" mid="118">[00038] In an embodiment, the porous substrate may be prepared from a concentrated metal oxide hydrosol of a pH value in the range of about 3 to about 5 which, in turn, is prepared by dissolving metal in hydrochloric acid and/or metal chloride in aqueous solution or by dissolving metal hydroxychloride in water, the concentration of which is adjusted so that metal oxide derived from the sol amounts to 15 to 35% by weight, preferably to 20 to 30% by weight of the mass of the calcined particles.</mrk> <mrk mtype="seg" mid="119">Metal oxide hydrate and/or activated metal, preferably of an average particle diameter of maximally 10μ, is then added to the hydrosol in an amount so that the metal oxide content amounts to 65 to 85% by weight, preferably 70 to 80% by weight of the calcined particles.</mrk> <mrk mtype="seg" mid="120">Optionally, pyrogenic silica may be added to the hydrosol such that the SiO2 content of the calcined particles amounts to 10 to 40% by weight.</mrk> <mrk mtype="seg" mid="121">A soft to medium-hard wood flour may then added to the mixture, the wood flour being ground to a finer particle size such that it is present in a quantity of 5 to 35% by weight, preferably 10 to 25% by weight relative to the mass of the calcined particles.</mrk> <mrk mtype="seg" mid="122">The hydrosol containing the wood flour may then be mixed with a concentrated aqueous solution of hexamethylene tetramine and then sprayed or dropped into a column filled with the mineral oil of a temperature of 60° C to 100° C. The gel particles are then allowed to remain at the temperature of precipitation for a period of time from 4 to 16 hours; thereafter the gel particles are aged for 2 to 8 hours in aqueous ammonia solution, washed with water, dried at 100° C to 150° C, or preferably at from about 120° C to about 200° C, preheated to 250° C to 400° C and calcined at a temperature of 600° C to about 1000° C.</mrk></g></seg-source><target><g id="311"><mrk mtype="seg" mid="118">[00038] في أحد التجسيدات، يمكن تحضير الركيزة المسامية من محلول مائي من أكسيد فلز مركز بقيمة رقم هيدروجيني تقع في النطاق الذي يتراوح من حوالي 3 إلى حوالي 5 الذي، بدوره، يتم تحضيره بواسطة إذابة فلز في حمض هيدروكلوريك و/أو كلوريد فلزي في محلول مائي أو بواسطة إذابة هيدروكسي كلوريد فلزي في ماء، ويتم ضبط تركيزه بحيث تتراوح كمية أكسيد الفلز المشتق من المحلول من 15 إلى 35% بالوزن، يفضل من 20 إلى 30% بالوزن من كتلة الجسيمات المكلسنة.</mrk> <mrk mtype="seg" mid="119">يتم بعد ذلك إضافة هيدرات أكسيد الفلز و/أو فلز منشط، يفضل أن يكون له متوسط قطر جسيمي يبلغ 10 ميكرو كحد أقصى، إلى المحلول المائي بكمية محددة بحيث تتراوح كمية محتوى أكسيد الفلز من 65 إلى 85% بالوزن، يفضل من 70 إلى 80% بالوزن من الجسيمات المكلسنة.</mrk> <mrk mtype="seg" mid="120">على نحو اختياري، يمكن إضافة سيليكا ناتجة عن حرارة شديدة إلى المحلول المائي بحيث تتراوح كمية محتوى SiO2 في الجسيمات المكلسنة من 10 إلى 40% بالوزن.</mrk> <mrk mtype="seg" mid="121">يمكن بعد ذلك إضافة نشارة خشب رخوة إلى متوسطة الصلابة إلى الخليط، يتم طحن نشارة الخشب إلى حجم جسيمي أدق والذي يكون موجود بكمية تتراوح من 5 إلى 35% بالوزن، يفضل من 10 إلى 25% بالوزن بالنسبة لكتلة الجسيمات المكلسنة.</mrk> <mrk mtype="seg" mid="122">يمكن بعد ذلك خلط المحلول المائي الذي يحتوي على نشارة الخشب مع محلول مائي مركز من هكسا ميثيلين تترا أمين وبعد ذلك يمكن رشه أو إسقاطه في عمود محشو بزيت معدني له درجة حرارة تتراوح من 60 درجة مئوية إلى 100 درجة مئوية. وبعد ذلك يتم السماح لجسيمات الهلام أن تظل عند درجة حرارة الترسيب لمدة تتراوح من 4 إلى 16 ساعة؛ وبعد ذلك يتم تعتيق جسيمات الهلام لمدة تتراوح من 2 إلى 8 ساعات في محلول أمونيا سائلة، يتم غسلها بالماء، تجفيفها عند 100 درجة مئوية إلى 150 درجة مئوية، أو يفضل عند درجة حرارة تتراوح من حوالي 120 درجة مئوية إلى حوالي 200 درجة مئوية، تسخينها مسبقًا إلى درجة حرارة تتراوح من 250 درجة مئوية إلى 400 درجة مئوية وكلسنتها عند درجة حرارة تتراوح من 600 درجة مئوية إلى حوالي 1000 درجة مئوية.</mrk></g></target><sdl:seg-defs><sdl:seg id="118" conf="ApprovedSignOff" origin="interactive"><sdl:value key="SegmentIdentityHash">/ChzBYILEHfnbhfWt3In1KN0mLU=</sdl:value><sdl:value key="created_by">heba-PC\heba</sdl:value><sdl:value key="created_on">10/10/2017 04:08:19</sdl:value><sdl:value key="last_modified_by">DESKTOP-C8MRIMB\Sherif Youssef</sdl:value><sdl:value key="modified_on">10/12/2017 19:45:13</sdl:value><sdl:value key="SDL:ProjectTranslationHash">-1233404440</sdl:value><sdl:value key="SDL:OriginalTranslationHash">-1233404440</sdl:value></sdl:seg><sdl:seg id="119" conf="ApprovedSignOff" origin="interactive"><sdl:value key="SegmentIdentityHash">r390ixkLCV9RDUBQJ1+hAT1UZPM=</sdl:value><sdl:value key="created_by">heba-PC\heba</sdl:value><sdl:value key="created_on">10/10/2017 04:08:25</sdl:value><sdl:value key="last_modified_by">DESKTOP-C8MRIMB\Sherif Youssef</sdl:value><sdl:value key="modified_on">10/12/2017 19:45:15</sdl:value><sdl:value key="SDL:ProjectTranslationHash">-829284537</sdl:value><sdl:value key="SDL:OriginalTranslationHash">-829284537</sdl:value></sdl:seg><sdl:seg id="120" conf="ApprovedSignOff" origin="interactive"><sdl:value key="SegmentIdentityHash">B5RPQun1fEi24pklKHksg0iN8zg=</sdl:value><sdl:value key="created_by">heba-PC\heba</sdl:value><sdl:value key="created_on">10/10/2017 04:08:28</sdl:value><sdl:value key="last_modified_by">DESKTOP-C8MRIMB\Sherif Youssef</sdl:value><sdl:value key="modified_on">10/12/2017 19:45:20</sdl:value><sdl:value key="SDL:ProjectTranslationHash">665211961</sdl:value><sdl:value key="SDL:OriginalTranslationHash">665211961</sdl:value></sdl:seg><sdl:seg id="121" conf="ApprovedSignOff" origin="interactive"><sdl:value key="SegmentIdentityHash">DWCCR1IPCo99G0O5C5DYdP2OauA=</sdl:value><sdl:value key="created_by">heba-PC\heba</sdl:value><sdl:value key="created_on">10/10/2017 04:08:41</sdl:value><sdl:value key="last_modified_by">DESKTOP-C8MRIMB\Sherif Youssef</sdl:value><sdl:value key="modified_on">10/12/2017 19:45:20</sdl:value><sdl:value key="SDL:ProjectTranslationHash">-1571194837</sdl:value><sdl:value key="SDL:OriginalTranslationHash">-1571194837</sdl:value></sdl:seg><sdl:seg id="122" conf="ApprovedSignOff" origin="interactive"><sdl:value key="SegmentIdentityHash">mdtmBWfGoARIahCqEkTUbOymoX8=</sdl:value><sdl:value key="created_by">heba-PC\heba</sdl:value><sdl:value key="created_on">10/10/2017 04:08:52</sdl:value><sdl:value key="last_modified_by">DESKTOP-C8MRIMB\Sherif Youssef</sdl:value><sdl:value key="modified_on">10/12/2017 19:46:09</sdl:value><sdl:value key="SDL:ProjectTranslationHash">-143771571</sdl:value><sdl:value key="SDL:OriginalTranslationHash">-143771571</sdl:value></sdl:seg></sdl:seg-defs></trans-unit></group><group><sdl:cxts><sdl:cxt id="51"/><sdl:cxt id="2"/></sdl:cxts><trans-unit id="a82bc77e-6a59-4018-9f91-e6741f3ab124"><source><g id="317">[00039] In a preferred embodiment, when the metal oxide adsorbent is alumina adsorbent, the adsorbent may be prepared by hydrolyzing aluminum alkoxides to render nano sized alumina, drying to remove water and then introducing the dried aluminum in a dispersed form into an oil at a temperature of from about 60° to 100° C, whereby gel particles are formed. The gel particles are then aged in the liquid and subsequently in an aqueous ammonia solution, recovered and then calcined. Nano sized alumina may be produced having an average diameter in the range from about 0.4 mm to about 1 mm.</g></source><seg-source><g id="317"><mrk mtype="seg" mid="123">[00039] In a preferred embodiment, when the metal oxide adsorbent is alumina adsorbent, the adsorbent may be prepared by hydrolyzing aluminum alkoxides to render nano sized alumina, drying to remove water and then introducing the dried aluminum in a dispersed form into an oil at a temperature of from about 60° to 100° C, whereby gel particles are formed.</mrk> <mrk mtype="seg" mid="124">The gel particles are then aged in the liquid and subsequently in an aqueous ammonia solution, recovered and then calcined.</mrk> <mrk mtype="seg" mid="125">Nano sized alumina may be produced having an average diameter in the range from about 0.4 mm to about 1 mm.</mrk></g></seg-source><target><g id="317"><mrk mtype="seg" mid="123">[00039] في تجسيد مفضل، عندما تكون المادة الممتزة لأكسيد الفلز عبارة عن مادة ممتزة من الألومينا، يمكن تحضير المادة الممتزة بواسطة تحليل مركبات ألكوكسيد الألومنيوم بالماء للحصول على ألومينا بجم النانو، تجفيفها لإزالة الماء ومن ثم إدخال الألومنيوم المجفف في صورة مشتتة في النفط عند درجة حرارة تتراوح من حوالي 60 درجة مئوية إلى 100 درجة مئوية، حيث تتشكل جسيمات الهلام.</mrk> <mrk mtype="seg" mid="124">يتم بعد ذلك تعتيق جسيمات الهلام في السائل وبعد ذلك في محلول أمونيا سائلة، ويتم استخلاصها ومن ثم كلسنتها.</mrk> <mrk mtype="seg" mid="125">يمكن إنتاج الألومينا بحجم النانو بحيث يكون لها متوسط قطر يقع في النطاق الذي يتراوح من حوالي 0.4 مم إلى حوالي 1 مم.</mrk></g></target><sdl:seg-defs><sdl:seg id="123" conf="ApprovedSignOff" origin="interactive"><sdl:value key="SegmentIdentityHash">rKTTwMF2KYVEkjlEsZA462sIQ0w=</sdl:value><sdl:value key="created_by">heba-PC\heba</sdl:value><sdl:value key="created_on">10/10/2017 04:14:24</sdl:value><sdl:value key="last_modified_by">DESKTOP-C8MRIMB\Sherif Youssef</sdl:value><sdl:value key="modified_on">10/12/2017 19:46:11</sdl:value><sdl:value key="SDL:ProjectTranslationHash">1906715717</sdl:value><sdl:value key="SDL:OriginalTranslationHash">1906715717</sdl:value></sdl:seg><sdl:seg id="124" conf="ApprovedSignOff" origin="interactive"><sdl:value key="SegmentIdentityHash">gYfMK/ZX4k+ea9q4bKm9flEIVRA=</sdl:value><sdl:value key="created_by">heba-PC\heba</sdl:value><sdl:value key="created_on">10/10/2017 04:14:27</sdl:value><sdl:value key="last_modified_by">DESKTOP-C8MRIMB\Sherif Youssef</sdl:value><sdl:value key="modified_on">10/12/2017 19:46:14</sdl:value><sdl:value key="SDL:ProjectTranslationHash">343982332</sdl:value><sdl:value key="SDL:OriginalTranslationHash">343982332</sdl:value></sdl:seg><sdl:seg id="125" conf="ApprovedSignOff" origin="interactive"><sdl:value key="SegmentIdentityHash">lV1wzSkT6nqArVlMjdcQQPe9A90=</sdl:value><sdl:value key="created_by">heba-PC\heba</sdl:value><sdl:value key="created_on">10/10/2017 04:14:32</sdl:value><sdl:value key="last_modified_by">DESKTOP-C8MRIMB\Sherif Youssef</sdl:value><sdl:value key="modified_on">10/12/2017 19:46:16</sdl:value><sdl:value key="SDL:ProjectTranslationHash">285090010</sdl:value><sdl:value key="SDL:OriginalTranslationHash">285090010</sdl:value></sdl:seg></sdl:seg-defs></trans-unit></group><group><sdl:cxts><sdl:cxt id="52"/><sdl:cxt id="2"/></sdl:cxts><trans-unit id="9bef4bc3-9329-42f0-b7aa-602cd4b1ef3f"><source><g id="326">[00040] Alternative methods for making porous substrates adsorbent are further disclosed in U.S. Patent No. 4,013,587, herein incorporated by reference.</g></source><seg-source><g id="326"><mrk mtype="seg" mid="126">[00040] Alternative methods for making porous substrates adsorbent are further disclosed in U.S. Patent No. 4,013,587, herein incorporated by reference.</mrk></g></seg-source><target><g id="326"><mrk mtype="seg" mid="126">[00040] يتم أيضًا الكشف عن طرق بديلة لتحضير الركائز المسامية الممتزة في براءة الاختراع الأمريكية رقم 4,013,587، التي تم تضمينها هنا كمرجع.</mrk></g></target><sdl:seg-defs><sdl:seg id="126" conf="ApprovedSignOff" origin="interactive"><sdl:value key="SegmentIdentityHash">0ZY6y7kRAp36G9B8MOzqeBrpMnk=</sdl:value><sdl:value key="created_by">heba-PC\heba</sdl:value><sdl:value key="created_on">10/09/2017 11:44:07</sdl:value><sdl:value key="last_modified_by">DESKTOP-C8MRIMB\Sherif Youssef</sdl:value><sdl:value key="modified_on">10/12/2017 19:46:18</sdl:value><sdl:value key="SDL:ProjectTranslationHash">-285617710</sdl:value><sdl:value key="SDL:OriginalTranslationHash">-285617710</sdl:value></sdl:seg></sdl:seg-defs></trans-unit></group><group><sdl:cxts><sdl:cxt id="53"/><sdl:cxt id="2"/></sdl:cxts><trans-unit id="18b41323-e3a8-4f56-ba81-710342d2d659"><source><g id="329">[00041] Adsorption of the well treatment agent onto the calcined porous substrate and into the interstitial spaces of the substrate reduces (or eliminates) the amount of well treatment agent required to be in solution. For instance, where the well treatment agent is a scale inhibitor, the amount of scale inhibitor released from the composite is that amount required to prevent, or to at least substantially reduce the degree of, scale formation. For most applications, the amount of well treatment agent released from the composite may be as low as 1 ppm. Costs of operation are therefore significantly lowered. In light of the physical interaction between the well treatment agent and the porous substrate, only a small amount of well treatment agent may be released into the aqueous or hydrocarbon medium.</g></source><seg-source><g id="329"><mrk mtype="seg" mid="127">[00041] Adsorption of the well treatment agent onto the calcined porous substrate and into the interstitial spaces of the substrate reduces (or eliminates) the amount of well treatment agent required to be in solution.</mrk> <mrk mtype="seg" mid="128">For instance, where the well treatment agent is a scale inhibitor, the amount of scale inhibitor released from the composite is that amount required to prevent, or to at least substantially reduce the degree of, scale formation.</mrk> <mrk mtype="seg" mid="129">For most applications, the amount of well treatment agent released from the composite may be as low as 1 ppm.</mrk> <mrk mtype="seg" mid="130">Costs of operation are therefore significantly lowered.</mrk> <mrk mtype="seg" mid="131">In light of the physical interaction between the well treatment agent and the porous substrate, only a small amount of well treatment agent may be released into the aqueous or hydrocarbon medium.</mrk></g></seg-source><target><g id="329"><mrk mtype="seg" mid="127">[00041] يقلل امتزاز عامل معالجة البئر على الركيزة المسامية المكلسنة وفي الأحياز الخلالية للركيزة (أو يتخلص من) كمية عامل معالجة البئر المطلوب أن تكون موجودة في المحلول.</mrk> <mrk mtype="seg" mid="128">على سبيل المثال، عندما يكون عامل معالجة البئر عبارة عن مثبط قشور، تكون كمية مثبط القشور التي يتم إطلاقها من المادة المركبة هي الكمية المطلوبة لمنع، أو تقليل إلى حدٍ كبير على الأقل درجة، تَكَوّن القشور.</mrk> <mrk mtype="seg" mid="129">لغالبية التطبيقات، يمكن أن تكون كمية عامل معالجة البئر التي يتم إطلاقها من المادة المركبة منخفض بحيث تصل إلى 1 جزء في المليون.</mrk> <mrk mtype="seg" mid="130">وبالتالي يتم تقليل تكاليف العملية إلى حدٍ كبير.</mrk> <mrk mtype="seg" mid="131">في ضوء التفاعل المادي بين عامل معالجة البئر والركيزة المسامية، يمكن إطلاق كمية صغيرة فقط من عامل معالجة البئر في الوسط المائي أو الهيدروكربوني.</mrk></g></target><sdl:seg-defs><sdl:seg id="127" conf="ApprovedSignOff" origin="interactive"><sdl:value key="SegmentIdentityHash">OGUVyuarjnuJ7ObhIR5VaqVJ/30=</sdl:value><sdl:value key="created_by">heba-PC\heba</sdl:value><sdl:value key="created_on">10/10/2017 04:20:54</sdl:value><sdl:value key="last_modified_by">DESKTOP-C8MRIMB\Sherif Youssef</sdl:value><sdl:value key="modified_on">10/12/2017 19:46:19</sdl:value><sdl:value key="SDL:ProjectTranslationHash">-1526681396</sdl:value><sdl:value key="SDL:OriginalTranslationHash">-1526681396</sdl:value></sdl:seg><sdl:seg id="128" conf="ApprovedSignOff" origin="interactive"><sdl:value key="SegmentIdentityHash">vnBmnjMPIMzPA/5PHbBCMXVQePE=</sdl:value><sdl:value key="created_by">heba-PC\heba</sdl:value><sdl:value key="created_on">10/10/2017 04:20:59</sdl:value><sdl:value key="last_modified_by">DESKTOP-C8MRIMB\Sherif Youssef</sdl:value><sdl:value key="modified_on">10/12/2017 19:46:21</sdl:value><sdl:value key="SDL:ProjectTranslationHash">909179913</sdl:value><sdl:value key="SDL:OriginalTranslationHash">909179913</sdl:value></sdl:seg><sdl:seg id="129" conf="ApprovedSignOff" origin="interactive"><sdl:value key="SegmentIdentityHash">9eIWzeLlkRDHmbvd02M3hhWPomw=</sdl:value><sdl:value key="created_by">heba-PC\heba</sdl:value><sdl:value key="created_on">10/10/2017 04:21:02</sdl:value><sdl:value key="last_modified_by">DESKTOP-C8MRIMB\Sherif Youssef</sdl:value><sdl:value key="modified_on">10/12/2017 19:46:22</sdl:value><sdl:value key="SDL:ProjectTranslationHash">-1540089421</sdl:value><sdl:value key="SDL:OriginalTranslationHash">-1540089421</sdl:value></sdl:seg><sdl:seg id="130" conf="ApprovedSignOff" origin="interactive"><sdl:value key="SegmentIdentityHash">gSPrLLhA496gdAcn8B//q8FkwIA=</sdl:value><sdl:value key="created_by">heba-PC\heba</sdl:value><sdl:value key="created_on">10/10/2017 04:21:04</sdl:value><sdl:value key="last_modified_by">DESKTOP-C8MRIMB\Sherif Youssef</sdl:value><sdl:value key="modified_on">10/12/2017 19:46:23</sdl:value><sdl:value key="SDL:ProjectTranslationHash">1336158347</sdl:value><sdl:value key="SDL:OriginalTranslationHash">1336158347</sdl:value></sdl:seg><sdl:seg id="131" conf="ApprovedSignOff" origin="interactive"><sdl:value key="SegmentIdentityHash">kQQuyHz1oPSe1mo275AnB43FnWc=</sdl:value><sdl:value key="created_by">heba-PC\heba</sdl:value><sdl:value key="created_on">10/10/2017 04:21:07</sdl:value><sdl:value key="last_modified_by">DESKTOP-C8MRIMB\Sherif Youssef</sdl:value><sdl:value key="modified_on">10/12/2017 19:46:25</sdl:value><sdl:value key="SDL:ProjectTranslationHash">-1142437291</sdl:value><sdl:value key="SDL:OriginalTranslationHash">-1142437291</sdl:value></sdl:seg></sdl:seg-defs></trans-unit></group><group><sdl:cxts><sdl:cxt id="54"/><sdl:cxt id="2"/></sdl:cxts><trans-unit id="43e7dfb8-f04b-4623-9ffe-474469702c17"><source><g id="332">[00042] Such shaped compressed pellets may further be used in stimulation of a well by being introduced into a subterranean formation or into the wellbore penetrating the subterranean formation. The pellets defined herein are sufficiently strong at high pressures to be used as a proppant in hydraulic fracturing operations including temperatures in excess of 250° C. and pressures in excess of 80 MPa. When used in hydraulic fracturing (and/or sand control treatments), the porous particulate may be selected so to exhibit crush resistance under conditions as high as 10,000 psi closure stress, API RP 56 or API RP 60, generally between from about 250 to about 8,000 psi closure stress.</g></source><seg-source><g id="332"><mrk mtype="seg" mid="132">[00042] Such shaped compressed pellets may further be used in stimulation of a well by being introduced into a subterranean formation or into the wellbore penetrating the subterranean formation.</mrk> <mrk mtype="seg" mid="133">The pellets defined herein are sufficiently strong at high pressures to be used as a proppant in hydraulic fracturing operations including temperatures in excess of 250° C. and pressures in excess of 80 MPa.</mrk> <mrk mtype="seg" mid="134">When used in hydraulic fracturing (and/or sand control treatments), the porous particulate may be selected so to exhibit crush resistance under conditions as high as 10,000 psi closure stress, API RP 56 or API RP 60, generally between from about 250 to about 8,000 psi closure stress.</mrk></g></seg-source><target><g id="332"><mrk mtype="seg" mid="132">[00042] يمكن أيضًا استخدام الكريات المضغوطة المُشكلة المذكورة في تحفيز البئر بواسطة إدخالها في تكوين جوفي أو في حفرة البئر التي تخترق التكوين الجوفي.</mrk> <mrk mtype="seg" mid="133">تكون الكريات المشار إليها هنا قوية بشكل كافٍ عند معدلات ضغط مرتفعة ليتم استخدامها في صورة مادة حشو دعمي في عمليات التصديع الهيدروليكي التي تتضمن درجات حرارة تزيد عن 250 درجة مئوية ومعدلات ضغط تزيد عن 80 ميجا باسكال.</mrk> <mrk mtype="seg" mid="134">عند استخدامها في التصديع الهيدروليكي (و/أو عمليات المعالجة بالتحكم في الرمل)، يمكن اختيار المادة الدقائقية المسامية بحيث تظهر مقاومة في ظل ظروف مرتفعة تصل إلى ضغط صدع يبلغ 10000 رطل لكل بوصة مربعة، API RP 56 أو API RP 60، تبلغ بوجهٍ عام ضغط صدع يتراوح من حوالي 250 إلى حوالي 8000 رطل لكل بوصة مربعة.</mrk></g></target><sdl:seg-defs><sdl:seg id="132" conf="ApprovedSignOff" origin="interactive"><sdl:value key="SegmentIdentityHash">1zBiUiIPo/yhEGI9RYVskjtWem0=</sdl:value><sdl:value key="created_by">heba-PC\heba</sdl:value><sdl:value key="created_on">10/10/2017 04:51:39</sdl:value><sdl:value key="last_modified_by">DESKTOP-C8MRIMB\Sherif Youssef</sdl:value><sdl:value key="modified_on">10/12/2017 19:46:29</sdl:value><sdl:value key="SDL:ProjectTranslationHash">1897912124</sdl:value><sdl:value key="SDL:OriginalTranslationHash">1897912124</sdl:value></sdl:seg><sdl:seg id="133" conf="ApprovedSignOff" origin="interactive"><sdl:value key="SegmentIdentityHash">JxZ7NdAuMH6K7Hyoz99hGrlbmLg=</sdl:value><sdl:value key="created_by">heba-PC\heba</sdl:value><sdl:value key="created_on">10/10/2017 04:51:43</sdl:value><sdl:value key="last_modified_by">DESKTOP-C8MRIMB\Sherif Youssef</sdl:value><sdl:value key="modified_on">10/12/2017 19:46:47</sdl:value><sdl:value key="SDL:ProjectTranslationHash">906964027</sdl:value><sdl:value key="SDL:OriginalTranslationHash">906964027</sdl:value></sdl:seg><sdl:seg id="134" conf="ApprovedSignOff" origin="interactive"><sdl:value key="SegmentIdentityHash">dy0QHvFVjShQflqLZHInjHsQ4VE=</sdl:value><sdl:value key="created_by">heba-PC\heba</sdl:value><sdl:value key="created_on">10/10/2017 04:51:47</sdl:value><sdl:value key="last_modified_by">DESKTOP-C8MRIMB\Sherif Youssef</sdl:value><sdl:value key="modified_on">10/12/2017 19:46:51</sdl:value><sdl:value key="SDL:ProjectTranslationHash">2091301577</sdl:value><sdl:value key="SDL:OriginalTranslationHash">2091301577</sdl:value></sdl:seg></sdl:seg-defs></trans-unit></group><group><sdl:cxts><sdl:cxt id="55"/><sdl:cxt id="2"/></sdl:cxts><trans-unit id="3f02692b-24de-4096-a669-e9aaa20a4066"><source><g id="335">[00043] When used in an oil, gas or geothermal well or a subterranean formation penetrated by such a well, the well treatment agent may be slowly released from the porous substrate and may be slowly released into a proppant pack. The composite thus exhibits the strength of a conventional proppant yet allows for the slow release of one or more well treatment agents into the formation and/or wellbore. In some instances, the well treatment composite may be used as the proppant per se.</g></source><seg-source><g id="335"><mrk mtype="seg" mid="135">[00043] When used in an oil, gas or geothermal well or a subterranean formation penetrated by such a well, the well treatment agent may be slowly released from the porous substrate and may be slowly released into a proppant pack.</mrk> <mrk mtype="seg" mid="136">The composite thus exhibits the strength of a conventional proppant yet allows for the slow release of one or more well treatment agents into the formation and/or wellbore.</mrk> <mrk mtype="seg" mid="137">In some instances, the well treatment composite may be used as the proppant per se.</mrk></g></seg-source><target><g id="335"><mrk mtype="seg" mid="135">[00043] عند استخدامه في بئر نفط، غاز أو حرارية أرضية أو تكوين جوفي يتم اختراقه بواسطة البئر المذكورة، يمكن إطلاق عامل معالجة البئر ببطء من الركيزة المسامية ويمكن إطلاقه بسهولة في حشوة من مادة حشو دعمي.</mrk> <mrk mtype="seg" mid="136">وبالتالي تظهر المادة المركبة قوة مادة حشو دعمي تقليدية وتسمح أيضًا بإطلاق واحد أو أكثر من عوامل معالجة البئر في التكوين و/أو حفرة البئر.</mrk> <mrk mtype="seg" mid="137">في بعض الحالات، يمكن استخدام مادة معالجة البئر المركبة ي صورة مادة الحشو الدعمي في حد ذاتها.</mrk></g></target><sdl:seg-defs><sdl:seg id="135" conf="ApprovedSignOff" origin="interactive"><sdl:value key="SegmentIdentityHash">JeOpEgv2Xk5jjMxkdcbU46T8pAU=</sdl:value><sdl:value key="created_by">heba-PC\heba</sdl:value><sdl:value key="created_on">10/10/2017 04:56:20</sdl:value><sdl:value key="last_modified_by">DESKTOP-C8MRIMB\Sherif Youssef</sdl:value><sdl:value key="modified_on">10/12/2017 19:46:52</sdl:value><sdl:value key="SDL:ProjectTranslationHash">-1641689064</sdl:value><sdl:value key="SDL:OriginalTranslationHash">-1641689064</sdl:value></sdl:seg><sdl:seg id="136" conf="ApprovedSignOff" origin="interactive"><sdl:value key="SegmentIdentityHash">HvzjztU3MdO83mu1u5bSSxa7tM4=</sdl:value><sdl:value key="created_by">heba-PC\heba</sdl:value><sdl:value key="created_on">10/10/2017 04:58:40</sdl:value><sdl:value key="last_modified_by">DESKTOP-C8MRIMB\Sherif Youssef</sdl:value><sdl:value key="modified_on">10/12/2017 19:46:54</sdl:value><sdl:value key="SDL:ProjectTranslationHash">341057545</sdl:value><sdl:value key="SDL:OriginalTranslationHash">341057545</sdl:value></sdl:seg><sdl:seg id="137" conf="ApprovedSignOff" origin="interactive"><sdl:value key="SegmentIdentityHash">mS+FI6dfT9RkId8pPJFdnG5gr2Q=</sdl:value><sdl:value key="created_by">heba-PC\heba</sdl:value><sdl:value key="created_on">10/10/2017 04:58:43</sdl:value><sdl:value key="last_modified_by">DESKTOP-C8MRIMB\Sherif Youssef</sdl:value><sdl:value key="modified_on">10/12/2017 19:46:55</sdl:value><sdl:value key="SDL:ProjectTranslationHash">503850734</sdl:value><sdl:value key="SDL:OriginalTranslationHash">503850734</sdl:value></sdl:seg></sdl:seg-defs></trans-unit></group><group><sdl:cxts><sdl:cxt id="56"/><sdl:cxt id="2"/></sdl:cxts><trans-unit id="fff20fab-3bf2-4def-8903-2cd4823d6e7e"><source><g id="341">[00044] In an embodiment, the shaped compressed pellets may be a component of a fracturing fluid or acidizing fluid, such as a matrix acidizing fluid. The pellets may have particular applicability in completion fluids containing zinc bromide, calcium bromide calcium chloride and sodium bromide brines. Such fluids may be introduced down the annulus of the well and, when desired, flushed with produced water.</g></source><seg-source><g id="341"><mrk mtype="seg" mid="138">[00044] In an embodiment, the shaped compressed pellets may be a component of a fracturing fluid or acidizing fluid, such as a matrix acidizing fluid.</mrk> <mrk mtype="seg" mid="139">The pellets may have particular applicability in completion fluids containing zinc bromide, calcium bromide calcium chloride and sodium bromide brines.</mrk> <mrk mtype="seg" mid="140">Such fluids may be introduced down the annulus of the well and, when desired, flushed with produced water.</mrk></g></seg-source><target><g id="341"><mrk mtype="seg" mid="138">[00044] في أحد التجسيدات، يمكن أن تمثل الكريات المضغوطة المُشكلة أحد مكونات مائع تكوين صدوع أو مائع معالجة بالحمض، مثل مائع معالجة بالحمض مصفوفي.</mrk> <mrk mtype="seg" mid="139">يمكن أن يكون للكريات قابلية تطبيق في موائع إكمال تحتوي على محاليل براين من بروميد زنك، بروميد كالسيوم، كلوريد كالسيوم وبروميد صوديوم.</mrk> <mrk mtype="seg" mid="140">يمكن إدخال الموائع المذكورة أسفل الحيز الحلقي للبئر، وعند الحاجة، يتم كسحها باستخدام ماء منتج.</mrk></g></target><sdl:seg-defs><sdl:seg id="138" conf="ApprovedSignOff" origin="interactive"><sdl:value key="SegmentIdentityHash">wDFD12my2QmykV3zNK4nKXOsiy0=</sdl:value><sdl:value key="created_by">heba-PC\heba</sdl:value><sdl:value key="created_on">10/10/2017 05:10:16</sdl:value><sdl:value key="last_modified_by">DESKTOP-C8MRIMB\Sherif Youssef</sdl:value><sdl:value key="modified_on">10/12/2017 19:46:56</sdl:value><sdl:value key="SDL:ProjectTranslationHash">26181657</sdl:value><sdl:value key="SDL:OriginalTranslationHash">26181657</sdl:value></sdl:seg><sdl:seg id="139" conf="ApprovedSignOff" origin="interactive"><sdl:value key="SegmentIdentityHash">HyotnpvQLZp8LUn4HDwJiV5+Y9Q=</sdl:value><sdl:value key="created_by">heba-PC\heba</sdl:value><sdl:value key="created_on">10/10/2017 05:10:20</sdl:value><sdl:value key="last_modified_by">DESKTOP-C8MRIMB\Sherif Youssef</sdl:value><sdl:value key="modified_on">10/12/2017 19:46:56</sdl:value><sdl:value key="SDL:ProjectTranslationHash">87284557</sdl:value><sdl:value key="SDL:OriginalTranslationHash">87284557</sdl:value></sdl:seg><sdl:seg id="140" conf="ApprovedSignOff" origin="interactive"><sdl:value key="SegmentIdentityHash">RhCTAb+kdV7Mqg4kW04j3xpM/lA=</sdl:value><sdl:value key="created_by">heba-PC\heba</sdl:value><sdl:value key="created_on">10/10/2017 05:10:22</sdl:value><sdl:value key="last_modified_by">DESKTOP-C8MRIMB\Sherif Youssef</sdl:value><sdl:value key="modified_on">10/12/2017 19:46:57</sdl:value><sdl:value key="SDL:ProjectTranslationHash">-307556624</sdl:value><sdl:value key="SDL:OriginalTranslationHash">-307556624</sdl:value></sdl:seg></sdl:seg-defs></trans-unit></group><group><sdl:cxts><sdl:cxt id="57"/><sdl:cxt id="2"/></sdl:cxts><trans-unit id="c417bc34-455b-4a3c-b64f-f54bc0bafb51"><source><g id="344">[00045] The pellets may be used in combination with conventional proppants or sand control particulates. Such proppants or sand control particulates may be a conventional particulate material employed in hydraulic fracturing or sand control operations, <g id="347">e.g., </g>sand ((having an apparent specific gravity (ASG), API RP 60, of 2.65)) or bauxite (having an ASG of 3.55). Alternatively, the proppant or sand control particulate may be “relatively lightweight”, defined as a particulate that has an ASG (API RP 56) that is less than about 2.45, more preferably less than or equal to 2.0, even more preferably less than or equal to 1.75, most preferably less than or equal to 1.25. Such different types of particulates may be selected, for example, to achieve a blend of different specific gravities or densities relative to the selected carrier fluid. For example, a blend of three different particles may be selected for use in a water fracture treatment to form a blend of well treatment particulates having three different specific gravities, such as an ASG of the first type of particle from about 1 to less about 1.5; an ASG of the second type of particle from greater than about 1.5 to about 2.0; and ASG of the third type of particle from about greater than about 2.0 to about 3.0; or in one specific embodiment the three types of particles having respective specific gravities of about 2.65, about 1.7 and about 1.2. In one example, at least one of the types of selected well treatment particulates may be selected to be substantially neutrally buoyant in the selected carrier or treatment fluid. In some instances, the well treatment composition may contain between from about 1 to about 99% by weight of conventional proppant.</g></source><seg-source><g id="344"><mrk mtype="seg" mid="141">[00045] The pellets may be used in combination with conventional proppants or sand control particulates.</mrk> <mrk mtype="seg" mid="142">Such proppants or sand control particulates may be a conventional particulate material employed in hydraulic fracturing or sand control operations, <g id="347">e.g., </g>sand ((having an apparent specific gravity (ASG), API RP 60, of 2.65)) or bauxite (having an ASG of 3.55).</mrk> <mrk mtype="seg" mid="143">Alternatively, the proppant or sand control particulate may be “relatively lightweight”, defined as a particulate that has an ASG (API RP 56) that is less than about 2.45, more preferably less than or equal to 2.0, even more preferably less than or equal to 1.75, most preferably less than or equal to 1.25.</mrk> <mrk mtype="seg" mid="144">Such different types of particulates may be selected, for example, to achieve a blend of different specific gravities or densities relative to the selected carrier fluid.</mrk> <mrk mtype="seg" mid="145">For example, a blend of three different particles may be selected for use in a water fracture treatment to form a blend of well treatment particulates having three different specific gravities, such as an ASG of the first type of particle from about 1 to less about 1.5; an ASG of the second type of particle from greater than about 1.5 to about 2.0; and ASG of the third type of particle from about greater than about 2.0 to about 3.0; or in one specific embodiment the three types of particles having respective specific gravities of about 2.65, about 1.7 and about 1.2.</mrk> <mrk mtype="seg" mid="146">In one example, at least one of the types of selected well treatment particulates may be selected to be substantially neutrally buoyant in the selected carrier or treatment fluid.</mrk> <mrk mtype="seg" mid="147">In some instances, the well treatment composition may contain between from about 1 to about 99% by weight of conventional proppant.</mrk></g></seg-source><target><g id="344"><mrk mtype="seg" mid="141">[00045] يمكن استخدام الكريات في توليفة مع مواد حشو دعمي أو دقائق تحكم في الرمل تقليدية.</mrk> <mrk mtype="seg" mid="142">يمكن أن تكون مواد الحشو الدعمي المذكورة أو دقائق التحكم في الرمل عبارة عن مادة دقائقية تقليدية مستخدمة في عمليات التصديع الهيدروليكي أو التحكم في الرمل، <g id="347">على سبيل المثال، </g>رمل ((له ثقل نوعي ظاهري (ASG)، API RP 60، يبلغ 2.65)) أو بوكسيت (له ASG يبلغ 3.55).</mrk> <mrk mtype="seg" mid="143">على نحو بديل، يمكن أن تكون مادة الحشو الدعمي أو دقائق التحكم في الرمل &quot;خفيفة الوزن نسبيًا&quot;، يتم تعريفها في صورة مادة دقائقية لها ASG (API RP 56) أقل من حوالي 2.45، وعلى نحو مفضل أكثر أقل من أو يساوي 2.0، وعلى نحو مفضل أكثر أقل من أو يساوي 1.75، وعلى نحو أكثر تفضيلًا أقل من أو يساوي 1.25.</mrk> <mrk mtype="seg" mid="144">يمكن اختيار الأنواع المختلفة المذكورة من المواد الدقائقية، على سبيل المثال، للحصول على مزيج من معدلات ثقل نوعي أو معدلات كثافة مختلفة بالنسبة للمائع الحامل المنتقى.</mrk> <mrk mtype="seg" mid="145">على سبيل المثال، يمكن اختيار مزيج من ثلاثة جسيمات مختلفة للاستخدام في معالجة صدع بالماء لتكوين مزيج من دقائق معالجة بئر لها ثلاثة معدلات ثقل نوعي مختلفة، مثل ASG للنوع الأول من الجسيمات يتراوح من حوالي 1 إلى أقل من حوالي 1.5؛ ASG للنوع الثاني من الجسيمات يتراوح من أكثر من حوالي 1.5 إلى حوالي 2.0؛ وASG للنوع الثالث من الجسيمات يتراوح من أكبر من حوالي 2.0 إلى حوالي 3.0؛ أو في أحد التجسيدات المحددة يكون للأنواع الثلاثة من الجسيمات معدلات ثقل نوعي ذات صلة تبلغ حوالي 2.65، حوالي 1.7 وحوالي 1.2.</mrk> <mrk mtype="seg" mid="146">في أحد الأمثلة، يمكن اختيار واحد على الأقل من أنواع دقائق معالجة البئر المنتقاه ليكون قابل للطفو بصورة طبيعية إلى حدٍ كبير في المادة الحاملة أو عامل المعالجة المنتقى.</mrk> <mrk mtype="seg" mid="147">في بعض الحالات، يمكن أن تحتوي تركيبة معالجة البئر على ما يتراوح من حوالي 1 إلى حوالي 99% بالوزن من مادة حشو دعمي تقليدية.</mrk></g></target><sdl:seg-defs><sdl:seg id="141" conf="ApprovedSignOff" origin="interactive"><sdl:value key="SegmentIdentityHash">Sz17MFTueIShYJqq1nyh8kIm184=</sdl:value><sdl:value key="created_by">heba-PC\heba</sdl:value><sdl:value key="created_on">10/09/2017 11:45:13</sdl:value><sdl:value key="last_modified_by">DESKTOP-C8MRIMB\Sherif Youssef</sdl:value><sdl:value key="modified_on">10/12/2017 19:46:58</sdl:value><sdl:value key="SDL:ProjectTranslationHash">-968296075</sdl:value><sdl:value key="SDL:OriginalTranslationHash">-968296075</sdl:value></sdl:seg><sdl:seg id="142" conf="ApprovedSignOff" origin="interactive"><sdl:value key="SegmentIdentityHash">eTLkkGk7GlGsroS/EKThpOwwwss=</sdl:value><sdl:value key="created_by">heba-PC\heba</sdl:value><sdl:value key="created_on">10/09/2017 05:30:32</sdl:value><sdl:value key="last_modified_by">DESKTOP-C8MRIMB\Sherif Youssef</sdl:value><sdl:value key="modified_on">10/12/2017 19:46:58</sdl:value><sdl:value key="SDL:ProjectTranslationHash">1336602294</sdl:value><sdl:value key="SDL:OriginalTranslationHash">1336602294</sdl:value></sdl:seg><sdl:seg id="143" conf="ApprovedSignOff" origin="interactive"><sdl:value key="SegmentIdentityHash">NeSVeMWwNp11yAxMR2BT3DStKQQ=</sdl:value><sdl:value key="created_by">heba-PC\heba</sdl:value><sdl:value key="created_on">10/09/2017 05:33:25</sdl:value><sdl:value key="last_modified_by">DESKTOP-C8MRIMB\Sherif Youssef</sdl:value><sdl:value key="modified_on">10/12/2017 19:47:00</sdl:value><sdl:value key="SDL:ProjectTranslationHash">663586864</sdl:value><sdl:value key="SDL:OriginalTranslationHash">663586864</sdl:value></sdl:seg><sdl:seg id="144" conf="ApprovedSignOff" origin="interactive"><sdl:value key="SegmentIdentityHash">kuob8XY95rZGBNDEugYh/hJNHlg=</sdl:value><sdl:value key="created_by">heba-PC\heba</sdl:value><sdl:value key="created_on">10/10/2017 05:10:29</sdl:value><sdl:value key="last_modified_by">DESKTOP-C8MRIMB\Sherif Youssef</sdl:value><sdl:value key="modified_on">10/12/2017 19:47:01</sdl:value><sdl:value key="SDL:ProjectTranslationHash">-705022438</sdl:value><sdl:value key="SDL:OriginalTranslationHash">-705022438</sdl:value></sdl:seg><sdl:seg id="145" conf="ApprovedSignOff" origin="interactive"><sdl:value key="SegmentIdentityHash">OZvgyfbY+vIR+cMlbuTF73V+mCI=</sdl:value><sdl:value key="created_by">heba-PC\heba</sdl:value><sdl:value key="created_on">10/10/2017 05:10:44</sdl:value><sdl:value key="last_modified_by">DESKTOP-C8MRIMB\Sherif Youssef</sdl:value><sdl:value key="modified_on">10/12/2017 19:47:04</sdl:value><sdl:value key="SDL:ProjectTranslationHash">1081491568</sdl:value><sdl:value key="SDL:OriginalTranslationHash">1081491568</sdl:value></sdl:seg><sdl:seg id="146" conf="ApprovedSignOff" origin="interactive"><sdl:value key="SegmentIdentityHash">gK+y+YooUyJ8hynLmSqulR+9fWA=</sdl:value><sdl:value key="created_by">heba-PC\heba</sdl:value><sdl:value key="created_on">10/10/2017 05:10:48</sdl:value><sdl:value key="last_modified_by">DESKTOP-C8MRIMB\Sherif Youssef</sdl:value><sdl:value key="modified_on">10/12/2017 19:47:05</sdl:value><sdl:value key="SDL:ProjectTranslationHash">2090394100</sdl:value><sdl:value key="SDL:OriginalTranslationHash">2090394100</sdl:value></sdl:seg><sdl:seg id="147" conf="ApprovedSignOff" origin="interactive"><sdl:value key="SegmentIdentityHash">jp3WV3bbEb3GndURS7X630rP64Q=</sdl:value><sdl:value key="created_by">heba-PC\heba</sdl:value><sdl:value key="created_on">10/10/2017 05:10:56</sdl:value><sdl:value key="last_modified_by">DESKTOP-C8MRIMB\Sherif Youssef</sdl:value><sdl:value key="modified_on">10/12/2017 19:47:06</sdl:value><sdl:value key="SDL:ProjectTranslationHash">858147572</sdl:value><sdl:value key="SDL:OriginalTranslationHash">858147572</sdl:value></sdl:seg></sdl:seg-defs></trans-unit></group><group><sdl:cxts><sdl:cxt id="58"/><sdl:cxt id="2"/></sdl:cxts><trans-unit id="ac6c445e-5f85-4a2f-8cc5-13f54adab4a5"><source><g id="353">[00046] The pellets are particularly effective in hydraulic fracturing as well as sand control fluids such as water, salt brine, slickwater such as slick water fracture treatments at relatively low concentrations to achieve partial monolayer fractures, low concentration polymer gel fluids (linear or crosslinked), foams (with gas) fluid, liquid gas such as liquid carbon dioxide fracture treatments for deeper proppant penetration, treatments for water sensitive zones, and treatments for gas storage wells<g id="359">.</g></g></source><seg-source><g id="353"><mrk mtype="seg" mid="148">[00046] The pellets are particularly effective in hydraulic fracturing as well as sand control fluids such as water, salt brine, slickwater such as slick water fracture treatments at relatively low concentrations to achieve partial monolayer fractures, low concentration polymer gel fluids (linear or crosslinked), foams (with gas) fluid, liquid gas such as liquid carbon dioxide fracture treatments for deeper proppant penetration, treatments for water sensitive zones, and treatments for gas storage wells<g id="359">.</g></mrk></g></seg-source><target><g id="353"><mrk mtype="seg" mid="148">[00046] تكون الكريات فعالة على وجه التحديد في التصديع الهيدروليكي بالإضافة إلى موائع تحكم في الرمل مثل الماء، براين ملحي، ماء تزليق مثل عمليات معالجة الصدع بماء التزليق عند تركيزات منخفضة نسبيًا للحصول على صدوع جزئية أحادية الطبقة، موائع هلام بوليمر منخفضة التركيز (خطية أو مرتبطة تشابكيًا)، مائع رغوي (مع الغاز)، غاز سائل مثل عمليات معالجة الصدع بثاني أكسيد كربون سائل لاختراق مادة الحشو الدعمي بشكل أعمق، عمليات معالجة المناطق الحساسة للماء، وعمليات معالجة آبار تخزين الغاز<g id="359">.</g></mrk></g></target><sdl:seg-defs><sdl:seg id="148" conf="ApprovedSignOff" origin="interactive"><sdl:value key="SegmentIdentityHash">63g9rOVltEiaQ1O34kM9fxXwPJU=</sdl:value><sdl:value key="created_by">heba-PC\heba</sdl:value><sdl:value key="created_on">10/10/2017 05:18:05</sdl:value><sdl:value key="last_modified_by">DESKTOP-C8MRIMB\Sherif Youssef</sdl:value><sdl:value key="modified_on">10/12/2017 19:47:07</sdl:value><sdl:value key="SDL:ProjectTranslationHash">-1027518708</sdl:value><sdl:value key="SDL:OriginalTranslationHash">-1027518708</sdl:value></sdl:seg></sdl:seg-defs></trans-unit></group><group><sdl:cxts><sdl:cxt id="59"/><sdl:cxt id="2"/></sdl:cxts><trans-unit id="42199a8b-45cb-41d9-bb14-ade76b39256a"><source><g id="362">[00047] When used in hydraulic fracturing, the composite may be injected into a subterranean formation in conjunction with a hydraulic fracturing fluid at pressures sufficiently high enough to cause the formation or enlargement of fractures. Since the particulates may withstand temperatures greater than about 370°C and closure stresses greater than about 8000 psi, they may be employed as the proppant particulate. Alternatively, the composite may be employed in conjunction with a conventional proppant. Since the porous particulate of the composite is insoluble, the composite may continue to function as a proppant even after the well treatment agent has been completely leached out of the composite.</g></source><seg-source><g id="362"><mrk mtype="seg" mid="149">[00047] When used in hydraulic fracturing, the composite may be injected into a subterranean formation in conjunction with a hydraulic fracturing fluid at pressures sufficiently high enough to cause the formation or enlargement of fractures.</mrk> <mrk mtype="seg" mid="150">Since the particulates may withstand temperatures greater than about 370°C and closure stresses greater than about 8000 psi, they may be employed as the proppant particulate.</mrk> <mrk mtype="seg" mid="151">Alternatively, the composite may be employed in conjunction with a conventional proppant.</mrk> <mrk mtype="seg" mid="152">Since the porous particulate of the composite is insoluble, the composite may continue to function as a proppant even after the well treatment agent has been completely leached out of the composite.</mrk></g></seg-source><target><g id="362"><mrk mtype="seg" mid="149">[00047] عند استخدامها في التصديع الهيدروليكي، يمكن حقن المادة المركبة في تكوين جوفي بالاشتراك مع مائع التصديع الهيدروليكي عند معدلات ضغط عالية بشكل كافٍ للتسبب في تكوين أو تكبير الصدوع.</mrk> <mrk mtype="seg" mid="150">بما أن الدقائق يمكن أن تتحمل درجات حرارة أعلى من حوالي 370 درجة مئوية ومعدلات ضغط صدع أكبر من حوالي 8000 رطل لكل بوصة مربعة، فإنه يمكن استخدامها في صورة دقائق حشو دعمي.</mrk> <mrk mtype="seg" mid="151">على نحو بديل، يمكن استخدام المادة المركبة بالاشتراك مع مادة حشو دعمي تقليدية.</mrk> <mrk mtype="seg" mid="152">بما أن المادة الدقائقية المسامية للمادة المركبة تكون غير قابلة للذوبان، فإن المادة المركبة يمكن أن تستمر في العمل في صورة مادة حشو دعمي حتى بعد غسل عامل معالجة البئر بالكامل من المادة المركبة.</mrk></g></target><sdl:seg-defs><sdl:seg id="149" conf="ApprovedSignOff" origin="interactive"><sdl:value key="SegmentIdentityHash">eAxw89tcZTQ5UjEA7Al/zOOadQA=</sdl:value><sdl:value key="created_by">heba-PC\heba</sdl:value><sdl:value key="created_on">10/10/2017 08:04:48</sdl:value><sdl:value key="last_modified_by">DESKTOP-C8MRIMB\Sherif Youssef</sdl:value><sdl:value key="modified_on">10/12/2017 19:47:09</sdl:value><sdl:value key="SDL:ProjectTranslationHash">1400063251</sdl:value><sdl:value key="SDL:OriginalTranslationHash">1400063251</sdl:value></sdl:seg><sdl:seg id="150" conf="ApprovedSignOff" origin="interactive"><sdl:value key="SegmentIdentityHash">xE1UZKOSw4jzq5nQlXBDrkX2NaE=</sdl:value><sdl:value key="created_by">heba-PC\heba</sdl:value><sdl:value key="created_on">10/10/2017 08:04:51</sdl:value><sdl:value key="last_modified_by">DESKTOP-C8MRIMB\Sherif Youssef</sdl:value><sdl:value key="modified_on">10/12/2017 19:47:10</sdl:value><sdl:value key="SDL:ProjectTranslationHash">-1879020496</sdl:value><sdl:value key="SDL:OriginalTranslationHash">-1879020496</sdl:value></sdl:seg><sdl:seg id="151" conf="ApprovedSignOff" origin="interactive"><sdl:value key="SegmentIdentityHash">d9FNcsequq6Gx4jRt7UBemgQl3s=</sdl:value><sdl:value key="created_by">heba-PC\heba</sdl:value><sdl:value key="created_on">10/10/2017 08:04:53</sdl:value><sdl:value key="last_modified_by">DESKTOP-C8MRIMB\Sherif Youssef</sdl:value><sdl:value key="modified_on">10/12/2017 19:47:11</sdl:value><sdl:value key="SDL:ProjectTranslationHash">376031595</sdl:value><sdl:value key="SDL:OriginalTranslationHash">376031595</sdl:value></sdl:seg><sdl:seg id="152" conf="ApprovedSignOff" origin="interactive"><sdl:value key="SegmentIdentityHash">Z3YeMYJf+cE294YnH2sc6cYkppk=</sdl:value><sdl:value key="created_by">heba-PC\heba</sdl:value><sdl:value key="created_on">10/10/2017 08:04:57</sdl:value><sdl:value key="last_modified_by">DESKTOP-C8MRIMB\Sherif Youssef</sdl:value><sdl:value key="modified_on">10/12/2017 19:47:12</sdl:value><sdl:value key="SDL:ProjectTranslationHash">-9610884</sdl:value><sdl:value key="SDL:OriginalTranslationHash">-9610884</sdl:value></sdl:seg></sdl:seg-defs></trans-unit></group><group><sdl:cxts><sdl:cxt id="60"/><sdl:cxt id="2"/></sdl:cxts><trans-unit id="d0a33ffc-cb24-475e-960e-deff1046a9da"><source><g id="371">[00048] Fluids containing the well treatment composites may be used to optimize hydraulic fracture geometries and enhance well productivity. As an example, the fluids may be used to achieve increased propped fracture length in relatively tight gas formations. Choice of different particulate materials and amounts thereof to employ in such blends may be made based on one or more well treatment considerations including, but not limited to, objective/s of well treatment, such as for sand control and/or for creation of propped fractures, well treatment fluid characteristics, such as apparent specific gravity and/or rheology of carrier fluid, well and formation conditions such as depth of formation, formation porosity/permeability, formation closure stress, type of optimization desired for geometry of downhole-placed particulates such as optimized fracture pack propped length, optimized sand control pack height, optimized fracture pack and/or sand control pack conductivity and combinations thereof. The fracturing fluid, to be used with the composite, exhibits high viscosity, so as to be capable of carrying effective volumes of one or more proppants. It may include aqueous gels and hydrocarbon gels.</g></source><seg-source><g id="371"><mrk mtype="seg" mid="153">[00048] Fluids containing the well treatment composites may be used to optimize hydraulic fracture geometries and enhance well productivity.</mrk> <mrk mtype="seg" mid="154">As an example, the fluids may be used to achieve increased propped fracture length in relatively tight gas formations.</mrk> <mrk mtype="seg" mid="155">Choice of different particulate materials and amounts thereof to employ in such blends may be made based on one or more well treatment considerations including, but not limited to, objective/s of well treatment, such as for sand control and/or for creation of propped fractures, well treatment fluid characteristics, such as apparent specific gravity and/or rheology of carrier fluid, well and formation conditions such as depth of formation, formation porosity/permeability, formation closure stress, type of optimization desired for geometry of downhole-placed particulates such as optimized fracture pack propped length, optimized sand control pack height, optimized fracture pack and/or sand control pack conductivity and combinations thereof.</mrk> <mrk mtype="seg" mid="156">The fracturing fluid, to be used with the composite, exhibits high viscosity, so as to be capable of carrying effective volumes of one or more proppants.</mrk> <mrk mtype="seg" mid="157">It may include aqueous gels and hydrocarbon gels.</mrk></g></seg-source><target><g id="371"><mrk mtype="seg" mid="153">[00048] يمكن استخدام موائع تحتوي على مواد معالجة البئر المركبة لتحسين الأشكال الهندسية للصدع الهيدروليكي وتحسين إنتاجية البئر.</mrk> <mrk mtype="seg" mid="154">على سبيل المثال، يمكن استخدام الموائع لتحقيق طول صدع مدعم زائد في تكوينات مانع لتسرب الغاز نسبيًا.</mrk> <mrk mtype="seg" mid="155">يمكن أن يتم اختيار مواد دقائقية مختلفة وكميات منها في هذه الخلائط على أساس واحد أو أكثر من اعتبارات معالجة البئر التي تتضمن، ولكن لا تقتصر على، هدف/أهداف معالجة البئر، مثل للتحكم في الرمل و/أو لتكوين صدوع مدعمة، خصائص مائع معالجة البئر، مثل الثقل النوعي الظاهري و/أو انسيابية المائع الحامل، ظروف البئر والتكوين مثل عمق التكوين، مسامية/نفاذية التكوين، ضغط الصدع للتكوين، نوع التحسين المطلوب للشكل الهندسي للدقائق التي يتم وضعها أسفل البئر مثل الطول المدعم المحسن لحشوة صدع، الارتفاع المحسن لحشوة التحكم في الرمل، حشوة صدع محسنة و/أو موصلية حشوة التحكم في الرمل وتوليفات منها.</mrk> <mrk mtype="seg" mid="156">يظهر مائع تكوين الصدوع، المراد استخدامه مع المادة المركبة، لزوجة عالية، ليكون قادر على حمل أحجام فعالة من واحدة أو أكثر من مواد الحشو الدعمي.</mrk> <mrk mtype="seg" mid="157">يمكن أن يتضمن أنواع هلام مائي وأنواع هلام هيدروكربوني.</mrk></g></target><sdl:seg-defs><sdl:seg id="153" conf="ApprovedSignOff" origin="interactive"><sdl:value key="SegmentIdentityHash">BgExoBbVQNCHfu+VUwtjEifGlAk=</sdl:value><sdl:value key="created_by">heba-PC\heba</sdl:value><sdl:value key="created_on">10/10/2017 08:13:44</sdl:value><sdl:value key="last_modified_by">DESKTOP-C8MRIMB\Sherif Youssef</sdl:value><sdl:value key="modified_on">10/12/2017 19:47:13</sdl:value><sdl:value key="SDL:ProjectTranslationHash">-1002458820</sdl:value><sdl:value key="SDL:OriginalTranslationHash">-1002458820</sdl:value></sdl:seg><sdl:seg id="154" conf="ApprovedSignOff" origin="interactive"><sdl:value key="SegmentIdentityHash">0WL/5KaSXQOdIMxrJVcr4eFjk4M=</sdl:value><sdl:value key="created_by">heba-PC\heba</sdl:value><sdl:value key="created_on">10/10/2017 08:13:47</sdl:value><sdl:value key="last_modified_by">DESKTOP-C8MRIMB\Sherif Youssef</sdl:value><sdl:value key="modified_on">10/12/2017 19:47:14</sdl:value><sdl:value key="SDL:ProjectTranslationHash">-829984062</sdl:value><sdl:value key="SDL:OriginalTranslationHash">-829984062</sdl:value></sdl:seg><sdl:seg id="155" conf="ApprovedSignOff" origin="interactive"><sdl:value key="SegmentIdentityHash">gXE/V68Ea4pnwqp6M1ZYMcHZCjY=</sdl:value><sdl:value key="created_by">heba-PC\heba</sdl:value><sdl:value key="created_on">10/10/2017 08:13:51</sdl:value><sdl:value key="last_modified_by">DESKTOP-C8MRIMB\Sherif Youssef</sdl:value><sdl:value key="modified_on">10/12/2017 19:47:16</sdl:value><sdl:value key="SDL:ProjectTranslationHash">-408186286</sdl:value><sdl:value key="SDL:OriginalTranslationHash">-408186286</sdl:value></sdl:seg><sdl:seg id="156" conf="ApprovedSignOff" origin="interactive"><sdl:value key="SegmentIdentityHash">5UguP+hBmhY/vE3gUSfamY73yhc=</sdl:value><sdl:value key="created_by">heba-PC\heba</sdl:value><sdl:value key="created_on">10/10/2017 08:13:54</sdl:value><sdl:value key="last_modified_by">DESKTOP-C8MRIMB\Sherif Youssef</sdl:value><sdl:value key="modified_on">10/12/2017 19:47:18</sdl:value><sdl:value key="SDL:ProjectTranslationHash">2019636910</sdl:value><sdl:value key="SDL:OriginalTranslationHash">2019636910</sdl:value></sdl:seg><sdl:seg id="157" conf="ApprovedSignOff" origin="interactive"><sdl:value key="SegmentIdentityHash">Gi5Ak9Hz/HahWQ9lMoMUCnSoKXM=</sdl:value><sdl:value key="created_by">heba-PC\heba</sdl:value><sdl:value key="created_on">10/10/2017 08:13:57</sdl:value><sdl:value key="last_modified_by">DESKTOP-C8MRIMB\Sherif Youssef</sdl:value><sdl:value key="modified_on">10/12/2017 19:47:19</sdl:value><sdl:value key="SDL:ProjectTranslationHash">1606090550</sdl:value><sdl:value key="SDL:OriginalTranslationHash">1606090550</sdl:value></sdl:seg></sdl:seg-defs></trans-unit></group><group><sdl:cxts><sdl:cxt id="61"/><sdl:cxt id="2"/></sdl:cxts><trans-unit id="19b48e2f-cce4-486a-921f-7d1104ee0839"><source><g id="374">[00049] In another embodiment, the well treatment composite may be used to prepack a screen for use in gravel packed wells. A screen assembly such as is known in the art may be placed or otherwise disposed within the wellbore so that at least a portion of the screen assembly is disposed adjacent the subterranean formation. In this embodiment, the composite is preferably placed as close to the point of equilibrium as possible in order to ensure the continuous release of the well treatment agent throughout the producing flow stream. A slurry including the composite and a carrier fluid may then be introduced into the wellbore and placed adjacent the subterranean formation by circulation or other suitable method so as to form a fluid-permeable pack in an annular area between the exterior of the screen and the interior of the wellbore that is capable of reducing or substantially preventing the passage of formation particles from the subterranean formation into the wellbore during production of fluids from the formation, while at the same time allowing passage of formation fluids from the subterranean formation through the screen into the wellbore. It is possible that the slurry may contain all or only a portion of the composite; the balance of the slurry may be another material, such as a conventional gravel pack particulate.</g></source><seg-source><g id="374"><mrk mtype="seg" mid="158">[00049] In another embodiment, the well treatment composite may be used to prepack a screen for use in gravel packed wells.</mrk> <mrk mtype="seg" mid="159">A screen assembly such as is known in the art may be placed or otherwise disposed within the wellbore so that at least a portion of the screen assembly is disposed adjacent the subterranean formation.</mrk> <mrk mtype="seg" mid="160">In this embodiment, the composite is preferably placed as close to the point of equilibrium as possible in order to ensure the continuous release of the well treatment agent throughout the producing flow stream.</mrk> <mrk mtype="seg" mid="161">A slurry including the composite and a carrier fluid may then be introduced into the wellbore and placed adjacent the subterranean formation by circulation or other suitable method so as to form a fluid-permeable pack in an annular area between the exterior of the screen and the interior of the wellbore that is capable of reducing or substantially preventing the passage of formation particles from the subterranean formation into the wellbore during production of fluids from the formation, while at the same time allowing passage of formation fluids from the subterranean formation through the screen into the wellbore.</mrk> <mrk mtype="seg" mid="162">It is possible that the slurry may contain all or only a portion of the composite; the balance of the slurry may be another material, such as a conventional gravel pack particulate.</mrk></g></seg-source><target><g id="374"><mrk mtype="seg" mid="158">[00049] في تجسيد آخر، يمكن استخدام مادة معالجة البئر المركبة لحشو شبكة ترشيح مسبقًا للاستخدام في آبار محشوة بالحصى.</mrk> <mrk mtype="seg" mid="159">يمكن وضع تجميعة شبكة ترشيح كتلك المعروفة في المجال أو بخلاف ذلك وضعها في حفرة البئر بحيث يتم وضع جزء على الأقل من تجميعة شبكة الترشيح بجوار التكوين الجوفي.</mrk> <mrk mtype="seg" mid="160">في هذا التجسيد، يفضل وضع المادة المركبة بالقرب من نقطة التوازن قدر الإمكان لضمان الإطلاق المستمر لعامل معالجة البئر خلال تيار التدفق المنتج.</mrk> <mrk mtype="seg" mid="161">يمكن بعد ذلك إدخال ملاط يتضمن المادة المركبة ومائع حامل في حفرة البئر ووضعه بالقرب من التكوين الجوفي بواسطة التدوير أو طريقة أخرى مناسبة ليتم تكوين حشوة منفذة للمائع في منطقة حلقية موجودة بين السطح الخارجي لشبكة الترشيح والسطح الداخلي لحفرة البئر التي تكون قادرة على تقليل أو إلى حدٍ كبير منه مرور جسيمات التكوين من التكوين الجوفي إلى داخل حفرة البئر أثناء إنتاج الموائع من التكوين، بينما في نفس الوقت يتم السماح بمرور موائع التكوين من التكوين الجوفي خلال شبكة الترشيح وإلى داخل حفرة البئر.</mrk> <mrk mtype="seg" mid="162">من الممكن أن يحتوي الملاط على جميع أو جزء فقط من المادة المركبة؛ يمكن أن يكون موازن الملاط عبارة عن مادة أخرى، مثل دقائق حشوة حصى تقليدية.</mrk></g></target><sdl:seg-defs><sdl:seg id="158" conf="ApprovedSignOff" origin="interactive"><sdl:value key="SegmentIdentityHash">kHEEpH7e+6BHgCILdg8fSJy7xlI=</sdl:value><sdl:value key="created_by">heba-PC\heba</sdl:value><sdl:value key="created_on">10/10/2017 08:36:21</sdl:value><sdl:value key="last_modified_by">DESKTOP-C8MRIMB\Sherif Youssef</sdl:value><sdl:value key="modified_on">10/12/2017 19:47:20</sdl:value><sdl:value key="SDL:ProjectTranslationHash">-2072635711</sdl:value><sdl:value key="SDL:OriginalTranslationHash">-2072635711</sdl:value></sdl:seg><sdl:seg id="159" conf="ApprovedSignOff" origin="interactive"><sdl:value key="SegmentIdentityHash">2JrgSOSq/MY4DgmxqrKJe+/YzHs=</sdl:value><sdl:value key="created_by">heba-PC\heba</sdl:value><sdl:value key="created_on">10/10/2017 08:36:24</sdl:value><sdl:value key="last_modified_by">DESKTOP-C8MRIMB\Sherif Youssef</sdl:value><sdl:value key="modified_on">10/12/2017 19:47:21</sdl:value><sdl:value key="SDL:ProjectTranslationHash">-82497678</sdl:value><sdl:value key="SDL:OriginalTranslationHash">-82497678</sdl:value></sdl:seg><sdl:seg id="160" conf="ApprovedSignOff" origin="interactive"><sdl:value key="SegmentIdentityHash">851Gc0F+rrCGujRtliLC0xVzVTk=</sdl:value><sdl:value key="created_by">heba-PC\heba</sdl:value><sdl:value key="created_on">10/10/2017 08:36:27</sdl:value><sdl:value key="last_modified_by">DESKTOP-C8MRIMB\Sherif Youssef</sdl:value><sdl:value key="modified_on">10/12/2017 19:47:22</sdl:value><sdl:value key="SDL:ProjectTranslationHash">-60208265</sdl:value><sdl:value key="SDL:OriginalTranslationHash">-60208265</sdl:value></sdl:seg><sdl:seg id="161" conf="ApprovedSignOff" origin="interactive"><sdl:value key="SegmentIdentityHash">06+9xpBJZrJ/quEhLnf4uqzV02g=</sdl:value><sdl:value key="created_by">heba-PC\heba</sdl:value><sdl:value key="created_on">10/10/2017 08:36:35</sdl:value><sdl:value key="last_modified_by">DESKTOP-C8MRIMB\Sherif Youssef</sdl:value><sdl:value key="modified_on">10/12/2017 19:47:24</sdl:value><sdl:value key="SDL:ProjectTranslationHash">25559027</sdl:value><sdl:value key="SDL:OriginalTranslationHash">25559027</sdl:value></sdl:seg><sdl:seg id="162" conf="ApprovedSignOff" origin="interactive"><sdl:value key="SegmentIdentityHash">AagLDEhlHqpbMHuW4XZa2tuq7yA=</sdl:value><sdl:value key="created_by">heba-PC\heba</sdl:value><sdl:value key="created_on">10/10/2017 08:36:39</sdl:value><sdl:value key="last_modified_by">DESKTOP-C8MRIMB\Sherif Youssef</sdl:value><sdl:value key="modified_on">10/12/2017 19:47:25</sdl:value><sdl:value key="SDL:ProjectTranslationHash">-17178107</sdl:value><sdl:value key="SDL:OriginalTranslationHash">-17178107</sdl:value></sdl:seg></sdl:seg-defs></trans-unit></group><group><sdl:cxts><sdl:cxt id="62"/><sdl:cxt id="2"/></sdl:cxts><trans-unit id="8275bcf6-56ed-4c14-a5e0-2fbe8e371b68"><source><g id="383">[00050] Thus, the shaped pellets may be used as a preventative measure by stopping precipitation and deposition of the well treatment agent before it starts. Such alternatives are desired, for instance, when there is a need to increase the amount of the solid well treatment agent that can be placed in gravel packed wells there the amount of proppant or gravel placed in the well is at a minimum. In addition, the well treatment composites in prepacked screens may be used to increase the amount of solid substrate exposed during sand control. When used in sand control, screens prepacked with the well treatment composite may reduce intervention costs for remediation and further increases the effectiveness of the operation. Preferably, however, the screen used is of a size to reduce plugging by formation fines migration. </g></source><seg-source><g id="383"><mrk mtype="seg" mid="163">[00050] Thus, the shaped pellets may be used as a preventative measure by stopping precipitation and deposition of the well treatment agent before it starts.</mrk> <mrk mtype="seg" mid="164">Such alternatives are desired, for instance, when there is a need to increase the amount of the solid well treatment agent that can be placed in gravel packed wells there the amount of proppant or gravel placed in the well is at a minimum.</mrk> <mrk mtype="seg" mid="165">In addition, the well treatment composites in prepacked screens may be used to increase the amount of solid substrate exposed during sand control.</mrk> <mrk mtype="seg" mid="166">When used in sand control, screens prepacked with the well treatment composite may reduce intervention costs for remediation and further increases the effectiveness of the operation.</mrk> <mrk mtype="seg" mid="167">Preferably, however, the screen used is of a size to reduce plugging by formation fines migration.</mrk> </g></seg-source><target><g id="383"><mrk mtype="seg" mid="163">[00050] بالتالي، يمكن استخدام الكريات المُشكلة كتدبير وقائي بواسطة إيقاف ترسب عامل معالجة البئر قبل أن يبدأ.</mrk> <mrk mtype="seg" mid="164">تكون هذه البدائل مطلوبة، على سبيل المثال، عندما تكون هناك حاجة إلى زيادة كمية عامل معالجة البئر الصلب التي يمكن وضعها في الآبار المحشوة بالحصى فتكون كمية مادة الحشو الدعمي أو الحصى التي يتم وضعها في البئر عند الحد الأدنى.</mrk> <mrk mtype="seg" mid="165">بالإضافة إلى ذلك، يتم استخدام مواد معالجة البئر المركبة الموجودة في شبكات ترشيح محشوة مسبقًا لزيادة كمية الركيزة الصلبة المكشوفة أثناء التحكم في الرمل.</mrk> <mrk mtype="seg" mid="166">عند استخدامها في التحكم في الرمل، يمكن أن تقلل شبكات الترشيح المحشوة مسبقًا بمادة معالجة البئر المركبة من تكاليف التدخل للصيانة وتزيد أيضًا من فاعلية العملية.</mrk> <mrk mtype="seg" mid="167">على نحو مفضل، مع ذلك، تكون شبكة الترشيح المستخدمة بحجم يقلل من الانسداد بواسطة انتقال دقائق التكوين.</mrk> </g></target><sdl:seg-defs><sdl:seg id="163" conf="ApprovedSignOff" origin="interactive"><sdl:value key="SegmentIdentityHash">eJ2LrbZxffLmeA62iNwlqXLEy58=</sdl:value><sdl:value key="created_by">heba-PC\heba</sdl:value><sdl:value key="created_on">10/10/2017 08:36:41</sdl:value><sdl:value key="last_modified_by">DESKTOP-C8MRIMB\Sherif Youssef</sdl:value><sdl:value key="modified_on">10/12/2017 19:47:28</sdl:value><sdl:value key="SDL:ProjectTranslationHash">-604799730</sdl:value><sdl:value key="SDL:OriginalTranslationHash">-604799730</sdl:value></sdl:seg><sdl:seg id="164" conf="ApprovedSignOff" origin="interactive"><sdl:value key="SegmentIdentityHash">fd1BOmhmmWpNn8bHAqzuKFkTiBw=</sdl:value><sdl:value key="created_by">heba-PC\heba</sdl:value><sdl:value key="created_on">10/10/2017 08:36:51</sdl:value><sdl:value key="last_modified_by">DESKTOP-C8MRIMB\Sherif Youssef</sdl:value><sdl:value key="modified_on">10/12/2017 19:47:34</sdl:value><sdl:value key="SDL:ProjectTranslationHash">1056806556</sdl:value><sdl:value key="SDL:OriginalTranslationHash">1056806556</sdl:value></sdl:seg><sdl:seg id="165" conf="ApprovedSignOff" origin="interactive"><sdl:value key="SegmentIdentityHash">CsFnSo7gU3VpH2ogcgYAOCjI61M=</sdl:value><sdl:value key="created_by">heba-PC\heba</sdl:value><sdl:value key="created_on">10/10/2017 08:36:54</sdl:value><sdl:value key="last_modified_by">DESKTOP-C8MRIMB\Sherif Youssef</sdl:value><sdl:value key="modified_on">10/12/2017 19:47:37</sdl:value><sdl:value key="SDL:ProjectTranslationHash">1610058941</sdl:value><sdl:value key="SDL:OriginalTranslationHash">1610058941</sdl:value></sdl:seg><sdl:seg id="166" conf="ApprovedSignOff" origin="interactive"><sdl:value key="SegmentIdentityHash">ABa3MwV7MEtds8ROjMjrGJslklU=</sdl:value><sdl:value key="created_by">heba-PC\heba</sdl:value><sdl:value key="created_on">10/10/2017 08:36:56</sdl:value><sdl:value key="last_modified_by">DESKTOP-C8MRIMB\Sherif Youssef</sdl:value><sdl:value key="modified_on">10/12/2017 19:47:38</sdl:value><sdl:value key="SDL:ProjectTranslationHash">-984744771</sdl:value><sdl:value key="SDL:OriginalTranslationHash">-984744771</sdl:value></sdl:seg><sdl:seg id="167" conf="ApprovedSignOff" origin="interactive"><sdl:value key="SegmentIdentityHash">H4CdwWVot/sh+PSAiSlaw8ZMuFI=</sdl:value><sdl:value key="created_by">heba-PC\heba</sdl:value><sdl:value key="created_on">10/10/2017 08:37:02</sdl:value><sdl:value key="last_modified_by">DESKTOP-C8MRIMB\Sherif Youssef</sdl:value><sdl:value key="modified_on">10/12/2017 19:47:38</sdl:value><sdl:value key="SDL:ProjectTranslationHash">1229659354</sdl:value><sdl:value key="SDL:OriginalTranslationHash">1229659354</sdl:value></sdl:seg></sdl:seg-defs></trans-unit></group><group><sdl:cxts><sdl:cxt id="63"/><sdl:cxt id="2"/></sdl:cxts><trans-unit id="2117f979-3384-44d5-8180-96dc888883a4"><source><g id="386">[00051] As an alternative to use of a screen, the composite may be used in any method in which a pack of particulate material is formed within a wellbore that it is permeable to fluids produced from a wellbore, such as oil, gas, or water, but that substantially prevents or reduces production of formation materials, such as formation sand, from the formation into the wellbore. Such methods may or may not employ a gravel pack screen, may be introduced into a wellbore at pressures below, at or above the fracturing pressure of the formation, such as frac pack, and/or may be employed in conjunction with resins such as sand consolidation resins if so desired.</g></source><seg-source><g id="386"><mrk mtype="seg" mid="168">[00051] As an alternative to use of a screen, the composite may be used in any method in which a pack of particulate material is formed within a wellbore that it is permeable to fluids produced from a wellbore, such as oil, gas, or water, but that substantially prevents or reduces production of formation materials, such as formation sand, from the formation into the wellbore.</mrk> <mrk mtype="seg" mid="169">Such methods may or may not employ a gravel pack screen, may be introduced into a wellbore at pressures below, at or above the fracturing pressure of the formation, such as frac pack, and/or may be employed in conjunction with resins such as sand consolidation resins if so desired.</mrk></g></seg-source><target><g id="386"><mrk mtype="seg" mid="168">[00051] كبديل لاستخدام شبكة الترشيح، يمكن استخدام المادة المركبة في أي طريقة يتم فيها تشكيل حشوة من مادة دقائقية في حفرة بئر منفذة للموائع المنتجة من حفرة بئر، مثل النفط، الغاز، أو الماء، ولكنها تمنع أو تقلل إلى حدٍ كبير من تَكَوّن مواد، مثل رمل التكوين، من التكوين داخل حفرة البئر.</mrk> <mrk mtype="seg" mid="169">قد تستخدم هذه الطرق أو لا تستخدم شبكة ترشيح من حشوة حصى، يمكن إدخالها في حفرة بئر عند معدلات ضغط أقل من، عند أو أعلى من ضغط تكوين الصدوع للتكوين، مثل حشوة صدع، و/أو يمكن استخدامها بالاشتراك مع راتنجات مثل راتنجات تقوية الرمل إذا لزم الأمر.</mrk></g></target><sdl:seg-defs><sdl:seg id="168" conf="ApprovedSignOff" origin="interactive"><sdl:value key="SegmentIdentityHash">zy2Mk+yg5wI2BitrojThQdqfDpw=</sdl:value><sdl:value key="created_by">heba-PC\heba</sdl:value><sdl:value key="created_on">10/10/2017 09:11:30</sdl:value><sdl:value key="last_modified_by">DESKTOP-C8MRIMB\Sherif Youssef</sdl:value><sdl:value key="modified_on">10/12/2017 19:47:40</sdl:value><sdl:value key="SDL:ProjectTranslationHash">1272479032</sdl:value><sdl:value key="SDL:OriginalTranslationHash">1272479032</sdl:value></sdl:seg><sdl:seg id="169" conf="ApprovedSignOff" origin="interactive"><sdl:value key="SegmentIdentityHash">wEdqZTv1r4GTvlgdFHd848MffqU=</sdl:value><sdl:value key="created_by">heba-PC\heba</sdl:value><sdl:value key="created_on">10/10/2017 09:11:34</sdl:value><sdl:value key="last_modified_by">DESKTOP-C8MRIMB\Sherif Youssef</sdl:value><sdl:value key="modified_on">10/12/2017 19:47:40</sdl:value><sdl:value key="SDL:ProjectTranslationHash">1023871015</sdl:value><sdl:value key="SDL:OriginalTranslationHash">1023871015</sdl:value></sdl:seg></sdl:seg-defs></trans-unit></group><group><sdl:cxts><sdl:cxt id="64"/><sdl:cxt id="2"/></sdl:cxts><trans-unit id="5d6b25ed-a457-45b1-88fe-13c791fa4fdd"><source><g id="389">[00052] The shaped compressed pellets defined herein may further be formed from a composite having a well treatment agent adsorbed onto a water-insoluble adsorbent. The composite may be those disclosed in U.S. Patent Nos. 7,491,682 and 7,493,955, herein incorporated by reference. In addition, the compressed pellet may contain a weighting agent in order to increase the specific gravity of the pellet.</g></source><seg-source><g id="389"><mrk mtype="seg" mid="170">[00052] The shaped compressed pellets defined herein may further be formed from a composite having a well treatment agent adsorbed onto a water-insoluble adsorbent.</mrk> <mrk mtype="seg" mid="171">The composite may be those disclosed in U.S. Patent Nos. 7,491,682 and 7,493,955, herein incorporated by reference.</mrk> <mrk mtype="seg" mid="172">In addition, the compressed pellet may contain a weighting agent in order to increase the specific gravity of the pellet.</mrk></g></seg-source><target><g id="389"><mrk mtype="seg" mid="170">[00052] يمكن أيضًا تشكيل الكريات المضغوطة المُشكلة المشار إليها هنا من مادة مركبة بها عامل معالجة بئر ممتز على المادة الممتزة غير القابلة للذوبان في الماء.</mrk> <mrk mtype="seg" mid="171">يمكن أن تتمثل المادة المركبة في تلك التي تم الكشف عنها في براءات الاختراع الأمريكية رقم 7,491,682 و7,493,955، التي تم تضمينها هنا كمرجع.</mrk> <mrk mtype="seg" mid="172">بالإضافة إلى ذلك، يمكن أن تحتوي الكرية المضغوطة على عامل ثقل لزيادة الثقل النوعي للكرية.</mrk></g></target><sdl:seg-defs><sdl:seg id="170" conf="ApprovedSignOff" origin="interactive"><sdl:value key="SegmentIdentityHash">CxSadgwVwYUgE0mewFtOMoJAR1o=</sdl:value><sdl:value key="created_by">heba-PC\heba</sdl:value><sdl:value key="created_on">10/09/2017 11:45:59</sdl:value><sdl:value key="last_modified_by">DESKTOP-C8MRIMB\Sherif Youssef</sdl:value><sdl:value key="modified_on">10/12/2017 19:47:42</sdl:value><sdl:value key="SDL:ProjectTranslationHash">533506993</sdl:value><sdl:value key="SDL:OriginalTranslationHash">533506993</sdl:value></sdl:seg><sdl:seg id="171" conf="ApprovedSignOff" origin="interactive"><sdl:value key="SegmentIdentityHash">oaupZLBfJiVEFMi1K2VyT6OF/p0=</sdl:value><sdl:value key="created_by">heba-PC\heba</sdl:value><sdl:value key="created_on">10/09/2017 05:36:27</sdl:value><sdl:value key="last_modified_by">DESKTOP-C8MRIMB\Sherif Youssef</sdl:value><sdl:value key="modified_on">10/12/2017 19:47:51</sdl:value><sdl:value key="SDL:ProjectTranslationHash">1061925043</sdl:value><sdl:value key="SDL:OriginalTranslationHash">1061925043</sdl:value></sdl:seg><sdl:seg id="172" conf="ApprovedSignOff" origin="interactive"><sdl:value key="SegmentIdentityHash">y60eNxvAfKB1He4Bh/8pDG0RN7E=</sdl:value><sdl:value key="created_by">heba-PC\heba</sdl:value><sdl:value key="created_on">10/09/2017 05:37:58</sdl:value><sdl:value key="last_modified_by">DESKTOP-C8MRIMB\Sherif Youssef</sdl:value><sdl:value key="modified_on">10/12/2017 19:47:52</sdl:value><sdl:value key="SDL:ProjectTranslationHash">-1369335305</sdl:value><sdl:value key="SDL:OriginalTranslationHash">-1369335305</sdl:value></sdl:seg></sdl:seg-defs></trans-unit></group><group><sdl:cxts><sdl:cxt id="65"/><sdl:cxt id="2"/></sdl:cxts><trans-unit id="b799fba0-b80f-49cf-b62b-9ec4152d28c4"><source><g id="392">[00053] The water insoluble adsorbent may be any of various kinds of commercially available high surface area materials having the affinity to adsorb the desired well treatment agent. Typically, the surface area of the adsorbent of the well treating composite is between from about 1 m<g id="398">2</g>/g to about 100 m<g id="404">2</g>/g.</g></source><seg-source><g id="392"><mrk mtype="seg" mid="173">[00053] The water insoluble adsorbent may be any of various kinds of commercially available high surface area materials having the affinity to adsorb the desired well treatment agent.</mrk> <mrk mtype="seg" mid="174">Typically, the surface area of the adsorbent of the well treating composite is between from about 1 m<g id="398">2</g>/g to about 100 m<g id="404">2</g>/g.</mrk></g></seg-source><target><g id="392"><mrk mtype="seg" mid="173">[00053] يمكن أن تكون المادة الممتزة غير القابلة للذوبان في الماء عبارة عن أيٍ من الأنواع المختلفة للمواد ذات مساحة السطح المرتفعة المتاحة تجاريًا التي يكون لها ألفة لامتزاز عامل معالجة البئر المطلوب.</mrk> <mrk mtype="seg" mid="174">على نحو نمطي، يمكن أن تتراوح مساحة سطح المادة الممتزة لمادة معالجة البئر المركبة من حوالي 1 متر<g id="398">2</g>/جم إلى حوالي 100 متر<g id="404">2</g>/جم.</mrk></g></target><sdl:seg-defs><sdl:seg id="173" conf="ApprovedSignOff" origin="interactive"><sdl:value key="SegmentIdentityHash">UOAHnqMDqWgMZjiI0/qK6jLJw3A=</sdl:value><sdl:value key="created_by">heba-PC\heba</sdl:value><sdl:value key="created_on">10/09/2017 05:38:31</sdl:value><sdl:value key="last_modified_by">DESKTOP-C8MRIMB\Sherif Youssef</sdl:value><sdl:value key="modified_on">10/12/2017 19:47:53</sdl:value><sdl:value key="SDL:ProjectTranslationHash">1307829966</sdl:value><sdl:value key="SDL:OriginalTranslationHash">1307829966</sdl:value></sdl:seg><sdl:seg id="174" conf="ApprovedSignOff" origin="interactive" percent="73"><sdl:prev-origin origin="tm" origin-system="171273_Petrol cases" percent="73"><sdl:prev-origin/><sdl:value key="SegmentIdentityHash">6+NuxfIZ1/iPUKetZ/MMtznEbgk=</sdl:value><sdl:value key="created_by">heba-PC\heba</sdl:value><sdl:value key="created_on">10/09/2017 05:00:30</sdl:value><sdl:value key="last_modified_by">heba-PC\heba</sdl:value><sdl:value key="modified_on">10/09/2017 05:03:13</sdl:value></sdl:prev-origin><sdl:value key="SegmentIdentityHash">6+NuxfIZ1/iPUKetZ/MMtznEbgk=</sdl:value><sdl:value key="created_by">heba-PC\heba</sdl:value><sdl:value key="created_on">10/09/2017 05:00:30</sdl:value><sdl:value key="last_modified_by">DESKTOP-C8MRIMB\Sherif Youssef</sdl:value><sdl:value key="modified_on">10/12/2017 19:48:00</sdl:value><sdl:value key="SDL:ProjectTranslationHash">1993484138</sdl:value><sdl:value key="SDL:OriginalTranslationHash">1993484138</sdl:value></sdl:seg></sdl:seg-defs></trans-unit></group><group><sdl:cxts><sdl:cxt id="66"/><sdl:cxt id="2"/></sdl:cxts><trans-unit id="d4df1f05-5699-4836-a3ff-cd1cdfa0bddf"><source><g id="410">[00054] Suitable adsorbents include finely divided minerals, fibers, ground almond shells, ground walnut shells, and ground coconut shells. Further suitable water-insoluble adsorbents include activated carbon and/or coals, silica particulates, precipitated silicas, silica (quartz sand), alumina, silica-alumina such as silica gel, mica, silicate, e.g., orthosilicates or metasilicates, calcium silicate, sand (e.g., 20-40 mesh), bauxite, kaolin, talc, zirconia, boron and glass, including glass microspheres or beads, fly ash, zeolites, diatomaceous earth, ground walnut shells, fuller&apos;s earth and organic synthetic high molecular weight water-insoluble adsorbents. Particularly preferred are diatomaceous earth and ground walnut shells.</g></source><seg-source><g id="410"><mrk mtype="seg" mid="175">[00054] Suitable adsorbents include finely divided minerals, fibers, ground almond shells, ground walnut shells, and ground coconut shells.</mrk> <mrk mtype="seg" mid="176">Further suitable water-insoluble adsorbents include activated carbon and/or coals, silica particulates, precipitated silicas, silica (quartz sand), alumina, silica-alumina such as silica gel, mica, silicate, e.g., orthosilicates or metasilicates, calcium silicate, sand (e.g., 20-40 mesh), bauxite, kaolin, talc, zirconia, boron and glass, including glass microspheres or beads, fly ash, zeolites, diatomaceous earth, ground walnut shells, fuller&apos;s earth and organic synthetic high molecular weight water-insoluble adsorbents.</mrk> <mrk mtype="seg" mid="177">Particularly preferred are diatomaceous earth and ground walnut shells.</mrk></g></seg-source><target><g id="410"><mrk mtype="seg" mid="175">[00054] تتضمن المواد الممتزة المناسبة معادن مقسمة بشكل دقيق، ألياف، قشور اللوز المطحونة، قشور الجوز المطحونة، وقشور جوز الهند المطحونة.</mrk> <mrk mtype="seg" mid="176">تتضمن المواد الممتزة غير القابلة للذوبان في الماء المناسبة الأخرى كربون منشط و/أو أنواع الفحم، دقائق السيليكا، أنواع سيليكا مترسبة، سيليكا (رمل كوارتز)، ألومينا، سيليكا-ألومينا مثل هلام السيليكا، ميكا، سيليكات، على سبيل المثال، مركبات أورثو سيليكات أو مركبات ميتا سيليكات، سيليكات الكالسيوم، رمل (على سبيل المثال، 20-40 مش)، بوكسيت، كاولين، تلك، زركونيا، بورون والزجاج، والتي تتضمن أجسام كروية دقيقة أو خرزات زجاجية، رماد متطاير، مركبات زيوليت، تراب دياتومي، قشور جوز مطحونة، تراب القصار ومواد ممتزة عضوية تخليقية مرتفعة الوزن الجزيئي غير قابلة للذوبان في الماء.</mrk> <mrk mtype="seg" mid="177">يكون التراب الدياتومي وقشور الجوز المطحونة مفضلة على وجه التحديد.</mrk></g></target><sdl:seg-defs><sdl:seg id="175" conf="ApprovedSignOff" origin="interactive"><sdl:value key="SegmentIdentityHash">0P4BF8nJOZ6+e0+oC0Nu3JJbwlU=</sdl:value><sdl:value key="created_by">heba-PC\heba</sdl:value><sdl:value key="created_on">10/10/2017 09:31:35</sdl:value><sdl:value key="last_modified_by">DESKTOP-C8MRIMB\Sherif Youssef</sdl:value><sdl:value key="modified_on">10/12/2017 19:48:01</sdl:value><sdl:value key="SDL:ProjectTranslationHash">514150824</sdl:value><sdl:value key="SDL:OriginalTranslationHash">514150824</sdl:value></sdl:seg><sdl:seg id="176" conf="ApprovedSignOff" origin="interactive"><sdl:value key="SegmentIdentityHash">95AVJHMJawFlDFaluC+3QkqrQ2A=</sdl:value><sdl:value key="created_by">heba-PC\heba</sdl:value><sdl:value key="created_on">10/10/2017 09:31:40</sdl:value><sdl:value key="last_modified_by">DESKTOP-C8MRIMB\Sherif Youssef</sdl:value><sdl:value key="modified_on">10/12/2017 19:48:06</sdl:value><sdl:value key="SDL:ProjectTranslationHash">390193158</sdl:value><sdl:value key="SDL:OriginalTranslationHash">390193158</sdl:value></sdl:seg><sdl:seg id="177" conf="ApprovedSignOff" origin="interactive"><sdl:value key="SegmentIdentityHash">hbqEFnx8h/knf3Z9rtGAJGn3SZU=</sdl:value><sdl:value key="created_by">heba-PC\heba</sdl:value><sdl:value key="created_on">10/10/2017 09:31:45</sdl:value><sdl:value key="last_modified_by">DESKTOP-C8MRIMB\Sherif Youssef</sdl:value><sdl:value key="modified_on">10/12/2017 19:48:08</sdl:value><sdl:value key="SDL:ProjectTranslationHash">329993104</sdl:value><sdl:value key="SDL:OriginalTranslationHash">329993104</sdl:value></sdl:seg></sdl:seg-defs></trans-unit></group><group><sdl:cxts><sdl:cxt id="67"/><sdl:cxt id="2"/></sdl:cxts><trans-unit id="3e98164a-3cf3-49c1-93fe-5a575df5a445"><source><g id="419">[00055] Further useful as adsorbents are clays such as natural clays, preferably those having a relatively large negatively charged surface and a much smaller surface that is positively charged. Other examples of such high surface area materials include such clays as bentonite, illite, montmorillonite and synthetic clays.</g></source><seg-source><g id="419"><mrk mtype="seg" mid="178">[00055] Further useful as adsorbents are clays such as natural clays, preferably those having a relatively large negatively charged surface and a much smaller surface that is positively charged.</mrk> <mrk mtype="seg" mid="179">Other examples of such high surface area materials include such clays as bentonite, illite, montmorillonite and synthetic clays.</mrk></g></seg-source><target><g id="419"><mrk mtype="seg" mid="178">[00055] تكون الطفلات مفيدة أيضًا في صورة مواد ممتزة مثل الطفلات الطبيعية، يفضل تلك التي سطح كبير نسبيًا سالب الشحنة وسطح أصغر بكثير موجب الشحنة.</mrk> <mrk mtype="seg" mid="179">تتضمن أمثلة أخرى على المواد التي لها مساحة سطح مرتفعة المذكورة طفلات مثل بنتونيت، إيليت، مونتموريللونيت وطفلات تخليقية.</mrk></g></target><sdl:seg-defs><sdl:seg id="178" conf="ApprovedSignOff" origin="interactive"><sdl:value key="SegmentIdentityHash">/qFQzsDi9deywjwqTklvAmzbV3o=</sdl:value><sdl:value key="created_by">heba-PC\heba</sdl:value><sdl:value key="created_on">10/10/2017 09:40:00</sdl:value><sdl:value key="last_modified_by">DESKTOP-C8MRIMB\Sherif Youssef</sdl:value><sdl:value key="modified_on">10/12/2017 19:48:10</sdl:value><sdl:value key="SDL:ProjectTranslationHash">1355487106</sdl:value><sdl:value key="SDL:OriginalTranslationHash">1355487106</sdl:value></sdl:seg><sdl:seg id="179" conf="ApprovedSignOff" origin="interactive"><sdl:value key="SegmentIdentityHash">AIP9/+3177wtaEz+1La1ay/Vc5w=</sdl:value><sdl:value key="created_by">heba-PC\heba</sdl:value><sdl:value key="created_on">10/10/2017 09:40:05</sdl:value><sdl:value key="last_modified_by">DESKTOP-C8MRIMB\Sherif Youssef</sdl:value><sdl:value key="modified_on">10/12/2017 19:48:11</sdl:value><sdl:value key="SDL:ProjectTranslationHash">-968464272</sdl:value><sdl:value key="SDL:OriginalTranslationHash">-968464272</sdl:value></sdl:seg></sdl:seg-defs></trans-unit></group><group><sdl:cxts><sdl:cxt id="68"/><sdl:cxt id="2"/></sdl:cxts><trans-unit id="2cdc065e-94ce-40cd-ab75-af5c4e3a9fb1"><source><g id="422">[00056] The weight ratio of well treatment agent to water-insoluble adsorbent in the composite is generally between from about 90:10 to about 10:90.</g></source><seg-source><g id="422"><mrk mtype="seg" mid="180">[00056] The weight ratio of well treatment agent to water-insoluble adsorbent in the composite is generally between from about 90:10 to about 10:90.</mrk></g></seg-source><target><g id="422"><mrk mtype="seg" mid="180">[00056] تتراوح النسبة بالوزن من عامل معالجة البئر إلى المادة الممتزة غير القابلة للذوبان في الماء في المادة المركبة بوجهٍ عام من حوالي 90: 10 إلى حوالي 10: 90.</mrk></g></target><sdl:seg-defs><sdl:seg id="180" conf="ApprovedSignOff" origin="interactive"><sdl:value key="SegmentIdentityHash">NSWktsJ5rkQRZBiAYJ4i2jfOpio=</sdl:value><sdl:value key="created_by">heba-PC\heba</sdl:value><sdl:value key="created_on">10/09/2017 11:46:52</sdl:value><sdl:value key="last_modified_by">DESKTOP-C8MRIMB\Sherif Youssef</sdl:value><sdl:value key="modified_on">10/12/2017 19:48:17</sdl:value><sdl:value key="SDL:ProjectTranslationHash">-714666528</sdl:value><sdl:value key="SDL:OriginalTranslationHash">-714666528</sdl:value></sdl:seg></sdl:seg-defs></trans-unit></group><group><sdl:cxts><sdl:cxt id="69"/><sdl:cxt id="2"/></sdl:cxts><trans-unit id="ac5ddb03-d7f8-4b0a-9dd5-d73167cd447c"><source><g id="425">[00057] As the oilfield fluid passes through or circulates around the well treatment composites, the well treatment agent slowly desorbs. In so doing, the composites are characterized by time-release capabilities. Gradual desorption of the well treatment agents insures that they are available to produced fluids for extended periods of time, typically extending for periods of time greater than a year and even as long as five years. Thus, the lifetime of a single treatment using the composite may be between 12 months and in excess of 5 years.</g></source><seg-source><g id="425"><mrk mtype="seg" mid="181">[00057] As the oilfield fluid passes through or circulates around the well treatment composites, the well treatment agent slowly desorbs.</mrk> <mrk mtype="seg" mid="182">In so doing, the composites are characterized by time-release capabilities.</mrk> <mrk mtype="seg" mid="183">Gradual desorption of the well treatment agents insures that they are available to produced fluids for extended periods of time, typically extending for periods of time greater than a year and even as long as five years.</mrk> <mrk mtype="seg" mid="184">Thus, the lifetime of a single treatment using the composite may be between 12 months and in excess of 5 years.</mrk></g></seg-source><target><g id="425"><mrk mtype="seg" mid="181">[00057] بما أن مائع حقل النفط يمر خلال أو يدور حول مواد معالجة البئر المركبة، فإنه يتم تصعيد عامل معالجة البئر ببطء.</mrk> <mrk mtype="seg" mid="182">عند إجراء ذلك، تتميز المواد المركبة بقدرات إطلاق متزامن.</mrk> <mrk mtype="seg" mid="183">يضمن التصعيد التدريجي لعوامل معالجة البئر أنها متوفر للموائع المنتج لفترات زمنية ممتدة، تمتد نمطيًا لفترات أكبر من سنة وتصل حتى إلى خمس سنوات.</mrk> <mrk mtype="seg" mid="184">بالتالي، يمكن أن يتراوح عمر المعالجة المفردة باستخدام المادة المركبة من 12 شهر ويزيد عن 5 سنوات.</mrk></g></target><sdl:seg-defs><sdl:seg id="181" conf="ApprovedSignOff" origin="interactive"><sdl:value key="SegmentIdentityHash">rAtLdVJwCoYRZwU+PSs+VSL32M8=</sdl:value><sdl:value key="created_by">heba-PC\heba</sdl:value><sdl:value key="created_on">10/10/2017 09:43:53</sdl:value><sdl:value key="last_modified_by">DESKTOP-C8MRIMB\Sherif Youssef</sdl:value><sdl:value key="modified_on">10/12/2017 19:48:18</sdl:value><sdl:value key="SDL:ProjectTranslationHash">-745778788</sdl:value><sdl:value key="SDL:OriginalTranslationHash">-745778788</sdl:value></sdl:seg><sdl:seg id="182" conf="ApprovedSignOff" origin="interactive"><sdl:value key="SegmentIdentityHash">O5K8T5OeYKX8zl8dU3RhzmqlG0s=</sdl:value><sdl:value key="created_by">heba-PC\heba</sdl:value><sdl:value key="created_on">10/10/2017 09:43:56</sdl:value><sdl:value key="last_modified_by">DESKTOP-C8MRIMB\Sherif Youssef</sdl:value><sdl:value key="modified_on">10/12/2017 19:48:20</sdl:value><sdl:value key="SDL:ProjectTranslationHash">-232001326</sdl:value><sdl:value key="SDL:OriginalTranslationHash">-232001326</sdl:value></sdl:seg><sdl:seg id="183" conf="ApprovedSignOff" origin="interactive"><sdl:value key="SegmentIdentityHash">jvByZ1mBvNh1bAAqV7gBKosqkF4=</sdl:value><sdl:value key="created_by">heba-PC\heba</sdl:value><sdl:value key="created_on">10/10/2017 09:43:58</sdl:value><sdl:value key="last_modified_by">DESKTOP-C8MRIMB\Sherif Youssef</sdl:value><sdl:value key="modified_on">10/12/2017 19:48:21</sdl:value><sdl:value key="SDL:ProjectTranslationHash">922979399</sdl:value><sdl:value key="SDL:OriginalTranslationHash">922979399</sdl:value></sdl:seg><sdl:seg id="184" conf="ApprovedSignOff" origin="interactive"><sdl:value key="SegmentIdentityHash">f7daZYM3yNvn1Lc/2A/iEGDNr5Y=</sdl:value><sdl:value key="created_by">heba-PC\heba</sdl:value><sdl:value key="created_on">10/10/2017 09:44:01</sdl:value><sdl:value key="last_modified_by">DESKTOP-C8MRIMB\Sherif Youssef</sdl:value><sdl:value key="modified_on">10/12/2017 19:48:24</sdl:value><sdl:value key="SDL:ProjectTranslationHash">-1168840885</sdl:value><sdl:value key="SDL:OriginalTranslationHash">-1168840885</sdl:value></sdl:seg></sdl:seg-defs></trans-unit></group><group><sdl:cxts><sdl:cxt id="70"/><sdl:cxt id="2"/></sdl:cxts><trans-unit id="8f94141a-6508-40fb-879a-58f4739587b8"><source><g id="428">[00058] The amount of well treatment agent in the composite is that amount sufficient to effectuate the desired release into the flowing produced fluid over a sustained period of time. Typically the resulting concentration of the well treatment agent in the wellbore is between from about 1 to about 50 ppm. In some instances, the amount of well treatment agent in the well produced fluid may be as low as 0.1 ppm. Such small amounts of well treatment agents in the produced fluid released from the composite forming the compressed pellet may be sufficient for up to 1,000 pore volumes.</g></source><seg-source><g id="428"><mrk mtype="seg" mid="185">[00058] The amount of well treatment agent in the composite is that amount sufficient to effectuate the desired release into the flowing produced fluid over a sustained period of time.</mrk> <mrk mtype="seg" mid="186">Typically the resulting concentration of the well treatment agent in the wellbore is between from about 1 to about 50 ppm.</mrk> <mrk mtype="seg" mid="187">In some instances, the amount of well treatment agent in the well produced fluid may be as low as 0.1 ppm.</mrk> <mrk mtype="seg" mid="188">Such small amounts of well treatment agents in the produced fluid released from the composite forming the compressed pellet may be sufficient for up to 1,000 pore volumes.</mrk></g></seg-source><target><g id="428"><mrk mtype="seg" mid="185">[00058] تكون كمية عامل معالجة البئر الموجود في المادة المركبة عبارة عن تلك الكمية الكافية لإحداث الإطلاق المطلوب في المائع المنتج المتدفق عبر فترة زمنية مستديمة.</mrk> <mrk mtype="seg" mid="186">يتراوح التركيز الناتج لعامل معالجة البئر في حفرة البئر نمطيًا من حوالي 1 إلى حوالي 50 جزء في المليون.</mrk> <mrk mtype="seg" mid="187">في بعض الحالات، يمكن أن تكون كمية عامل معالجة البئر الموجودة في مائع البئر المنتج منخفضة بحيث تبلغ 0.1 جزء في المليون.</mrk> <mrk mtype="seg" mid="188">يمكن أن تكون الكمية الصغيرة المذكورة من عوامل معالجة البئر الموجودة في المائع المنتج الذي يتم إطلاقه من المادة المركبة التي تُشكل الكرية المضغوطة كافية حتى حجم مسامي يبلغ 1000.</mrk></g></target><sdl:seg-defs><sdl:seg id="185" conf="ApprovedSignOff" origin="interactive"><sdl:value key="SegmentIdentityHash">aP1VjR0+HcvH6sWa92Vx+x6FPnQ=</sdl:value><sdl:value key="created_by">heba-PC\heba</sdl:value><sdl:value key="created_on">10/10/2017 11:33:18</sdl:value><sdl:value key="last_modified_by">DESKTOP-C8MRIMB\Sherif Youssef</sdl:value><sdl:value key="modified_on">10/12/2017 19:48:25</sdl:value><sdl:value key="SDL:ProjectTranslationHash">784051122</sdl:value><sdl:value key="SDL:OriginalTranslationHash">784051122</sdl:value></sdl:seg><sdl:seg id="186" conf="ApprovedSignOff" origin="interactive"><sdl:value key="SegmentIdentityHash">WXCbUAZTURqg2653RZFpf5j90GM=</sdl:value><sdl:value key="created_by">heba-PC\heba</sdl:value><sdl:value key="created_on">10/10/2017 11:33:22</sdl:value><sdl:value key="last_modified_by">DESKTOP-C8MRIMB\Sherif Youssef</sdl:value><sdl:value key="modified_on">10/12/2017 19:48:30</sdl:value><sdl:value key="SDL:ProjectTranslationHash">858777100</sdl:value><sdl:value key="SDL:OriginalTranslationHash">858777100</sdl:value></sdl:seg><sdl:seg id="187" conf="ApprovedSignOff" origin="interactive"><sdl:value key="SegmentIdentityHash">BJ4QmAC/9X5KwuKmcaMgHEjlxDY=</sdl:value><sdl:value key="created_by">heba-PC\heba</sdl:value><sdl:value key="created_on">10/10/2017 11:33:24</sdl:value><sdl:value key="last_modified_by">DESKTOP-C8MRIMB\Sherif Youssef</sdl:value><sdl:value key="modified_on">10/12/2017 19:48:35</sdl:value><sdl:value key="SDL:ProjectTranslationHash">-984813901</sdl:value><sdl:value key="SDL:OriginalTranslationHash">-984813901</sdl:value></sdl:seg><sdl:seg id="188" conf="ApprovedSignOff" origin="interactive"><sdl:value key="SegmentIdentityHash">iYAEFoPzNZGE7Eb4AN46yIp+lrU=</sdl:value><sdl:value key="created_by">heba-PC\heba</sdl:value><sdl:value key="created_on">10/10/2017 11:33:27</sdl:value><sdl:value key="last_modified_by">DESKTOP-C8MRIMB\Sherif Youssef</sdl:value><sdl:value key="modified_on">10/12/2017 19:48:36</sdl:value><sdl:value key="SDL:ProjectTranslationHash">-1108077010</sdl:value><sdl:value key="SDL:OriginalTranslationHash">-1108077010</sdl:value></sdl:seg></sdl:seg-defs></trans-unit></group><group><sdl:cxts><sdl:cxt id="71"/><sdl:cxt id="2"/></sdl:cxts><trans-unit id="37cfb30d-c094-46e0-923c-5a64d1014b09"><source><g id="431">[00059] When placed into a well, the well treatment agent slowly dissolves at a generally constant rate over an extended period of time in the water or hydrocarbons which are contained in the formation and/or well. The composite therefore permits a continuous supply of the well treatment agent into the targeted area.</g></source><seg-source><g id="431"><mrk mtype="seg" mid="189">[00059] When placed into a well, the well treatment agent slowly dissolves at a generally constant rate over an extended period of time in the water or hydrocarbons which are contained in the formation and/or well.</mrk> <mrk mtype="seg" mid="190">The composite therefore permits a continuous supply of the well treatment agent into the targeted area.</mrk></g></seg-source><target><g id="431"><mrk mtype="seg" mid="189">[00059] عند وضعه في بئر، يذوب عامل معالجة البئر ببطء بمعدل ثابت بوجهٍ عام خلال فترة زمنية ممتدة في الماء أو هيدروكربونات متضمنة في التكوين و/أو البئر.</mrk> <mrk mtype="seg" mid="190">وبالتالي تسمح المادة المركبة بإمداد عامل معالجة البئر بشكل مستمر في المنطقة المستهدفة.</mrk></g></target><sdl:seg-defs><sdl:seg id="189" conf="ApprovedSignOff" origin="interactive"><sdl:value key="SegmentIdentityHash">bYp/TkmgflT6gD/8kGOWyHysEgI=</sdl:value><sdl:value key="created_by">heba-PC\heba</sdl:value><sdl:value key="created_on">10/09/2017 11:47:58</sdl:value><sdl:value key="last_modified_by">DESKTOP-C8MRIMB\Sherif Youssef</sdl:value><sdl:value key="modified_on">10/12/2017 19:48:37</sdl:value><sdl:value key="SDL:ProjectTranslationHash">503108525</sdl:value><sdl:value key="SDL:OriginalTranslationHash">503108525</sdl:value></sdl:seg><sdl:seg id="190" conf="ApprovedSignOff" origin="interactive"><sdl:value key="SegmentIdentityHash">G4h71zHXXbdS0mGf9nUUlarIAaY=</sdl:value><sdl:value key="created_by">heba-PC\heba</sdl:value><sdl:value key="created_on">10/09/2017 11:48:49</sdl:value><sdl:value key="last_modified_by">DESKTOP-C8MRIMB\Sherif Youssef</sdl:value><sdl:value key="modified_on">10/12/2017 19:48:38</sdl:value><sdl:value key="SDL:ProjectTranslationHash">-770680611</sdl:value><sdl:value key="SDL:OriginalTranslationHash">-770680611</sdl:value></sdl:seg></sdl:seg-defs></trans-unit></group><group><sdl:cxts><sdl:cxt id="72"/><sdl:cxt id="2"/></sdl:cxts><trans-unit id="2acabc9a-b94e-4724-89d8-3c55329aeaf1"><source><g id="437">[00060] The well treatment agent is slowly released from the compressed pellet after being introduced into a targeted area in the well. The targeted area may be a site in the well where deposits have already formed or a location in the well where it is desirable for deposits not to form. The compressed pellets provide a continuous supply of the well treatment agent into the targeted area.</g></source><seg-source><g id="437"><mrk mtype="seg" mid="191">[00060] The well treatment agent is slowly released from the compressed pellet after being introduced into a targeted area in the well.</mrk> <mrk mtype="seg" mid="192">The targeted area may be a site in the well where deposits have already formed or a location in the well where it is desirable for deposits not to form.</mrk> <mrk mtype="seg" mid="193">The compressed pellets provide a continuous supply of the well treatment agent into the targeted area.</mrk></g></seg-source><target><g id="437"><mrk mtype="seg" mid="191">[00060] يتم إطلاق عامل معالجة البئر ببطء من الكرية المضغوطة بعد إدخاله في منطقة مستهدفة في البئر.</mrk> <mrk mtype="seg" mid="192">يمكن أن تكون المنطقة المستهدفة عبارة عن موقع في البئر تشكلت فيه الرواسب بالفعل أو موقع في البئر يفضل فيه عدم تَكَوّن الرواسب.</mrk> <mrk mtype="seg" mid="193">توفر الكريات المضغوطة إمداد عامل معالجة البئر بشكل مستمر في المنطقة المستهدفة.</mrk></g></target><sdl:seg-defs><sdl:seg id="191" conf="ApprovedSignOff" origin="interactive"><sdl:value key="SegmentIdentityHash">znP04QUo6FE4JJqW4xCMIgnzbZw=</sdl:value><sdl:value key="created_by">heba-PC\heba</sdl:value><sdl:value key="created_on">10/09/2017 11:50:08</sdl:value><sdl:value key="last_modified_by">DESKTOP-C8MRIMB\Sherif Youssef</sdl:value><sdl:value key="modified_on">10/12/2017 19:48:39</sdl:value><sdl:value key="SDL:ProjectTranslationHash">-1654021251</sdl:value><sdl:value key="SDL:OriginalTranslationHash">-1654021251</sdl:value></sdl:seg><sdl:seg id="192" conf="ApprovedSignOff" origin="interactive"><sdl:value key="SegmentIdentityHash">sY8vTm2V/87XTo477eBapj6su5w=</sdl:value><sdl:value key="created_by">heba-PC\heba</sdl:value><sdl:value key="created_on">10/09/2017 11:50:43</sdl:value><sdl:value key="last_modified_by">DESKTOP-C8MRIMB\Sherif Youssef</sdl:value><sdl:value key="modified_on">10/12/2017 19:48:52</sdl:value><sdl:value key="SDL:ProjectTranslationHash">-1101287369</sdl:value><sdl:value key="SDL:OriginalTranslationHash">-1101287369</sdl:value></sdl:seg><sdl:seg id="193" conf="ApprovedSignOff" origin="interactive" percent="88"><sdl:prev-origin origin="tm" origin-system="171273_Petrol cases" percent="88"><sdl:prev-origin/><sdl:value key="SegmentIdentityHash">deRuwVeMRQn0hrhHTL1ktpuOX8M=</sdl:value><sdl:value key="created_by">heba-PC\heba</sdl:value><sdl:value key="created_on">10/09/2017 11:48:49</sdl:value><sdl:value key="last_modified_by">heba-PC\heba</sdl:value><sdl:value key="modified_on">10/09/2017 11:49:13</sdl:value></sdl:prev-origin><sdl:value key="SegmentIdentityHash">deRuwVeMRQn0hrhHTL1ktpuOX8M=</sdl:value><sdl:value key="created_by">heba-PC\heba</sdl:value><sdl:value key="created_on">10/09/2017 11:48:49</sdl:value><sdl:value key="last_modified_by">DESKTOP-C8MRIMB\Sherif Youssef</sdl:value><sdl:value key="modified_on">10/12/2017 19:48:54</sdl:value><sdl:value key="SDL:ProjectTranslationHash">-343958195</sdl:value><sdl:value key="SDL:OriginalTranslationHash">-343958195</sdl:value></sdl:seg></sdl:seg-defs></trans-unit></group><group><sdl:cxts><sdl:cxt id="73"/><sdl:cxt id="2"/></sdl:cxts><trans-unit id="8c80ab96-b769-4cc5-98a6-e00023044d5a"><source><g id="440">[00061] The pellets have particular applicability in areas within the well where conventional systems have been unable to reach.</g></source><seg-source><g id="440"><mrk mtype="seg" mid="194">[00061] The pellets have particular applicability in areas within the well where conventional systems have been unable to reach.</mrk></g></seg-source><target><g id="440"><mrk mtype="seg" mid="194">[00061] يكون للكريات قابلية تطبيق محددة في مناطق موجودة في البئر لا يمكن للأنظمة التقليدية الوصول إليها.</mrk></g></target><sdl:seg-defs><sdl:seg id="194" conf="ApprovedSignOff" origin="interactive"><sdl:value key="SegmentIdentityHash">ME9DZVrdLDx8R6VhPQTcPBNpK+8=</sdl:value><sdl:value key="created_by">heba-PC\heba</sdl:value><sdl:value key="created_on">10/09/2017 11:49:19</sdl:value><sdl:value key="last_modified_by">DESKTOP-C8MRIMB\Sherif Youssef</sdl:value><sdl:value key="modified_on">10/12/2017 19:48:56</sdl:value><sdl:value key="SDL:ProjectTranslationHash">-805881782</sdl:value><sdl:value key="SDL:OriginalTranslationHash">-805881782</sdl:value></sdl:seg></sdl:seg-defs></trans-unit></group><group><sdl:cxts><sdl:cxt id="74"/><sdl:cxt id="2"/></sdl:cxts><trans-unit id="d6b0cbdd-b30e-4069-9c45-dbfaa21e1abc"><source><g id="443">[00062] Use of the shaped pellets renders unnecessary the use of burdensome mechanical tools and procedures. While the shaped compressed pellets may be used to treat any type of well that requires chemical treatment, they have particular applicability in the treatment of production wells where traditional mechanical means such as wire lines or coil tubing have been unable to reach. For instance, the shaped pellets may be introduced directly into production tubing by being dropped directly into the well head or may be placed in a receptacle and lowered into the well.</g></source><seg-source><g id="443"><mrk mtype="seg" mid="195">[00062] Use of the shaped pellets renders unnecessary the use of burdensome mechanical tools and procedures.</mrk> <mrk mtype="seg" mid="196">While the shaped compressed pellets may be used to treat any type of well that requires chemical treatment, they have particular applicability in the treatment of production wells where traditional mechanical means such as wire lines or coil tubing have been unable to reach.</mrk> <mrk mtype="seg" mid="197">For instance, the shaped pellets may be introduced directly into production tubing by being dropped directly into the well head or may be placed in a receptacle and lowered into the well.</mrk></g></seg-source><target><g id="443"><mrk mtype="seg" mid="195">[00062] يجعل استخدام الكريات المُشكلة استخدام الأدوات والإجراءات الميكانيكية الثقيلة غير ضروري.</mrk> <mrk mtype="seg" mid="196">في حين أنه يمكن استخدام الكريات المضغوطة المُشكلة لمعالجة أي نوع بئر يتطلب معالجة كيميائية، فإنه يكون لها قابلية تطبيق محددة في معالجة آبار الإنتاج التي لم تتمكن الوسائل الميكانيكية التقليدية مثل كبلات الحفر أو الأنابيب الملتفة من الوصول إليها.</mrk> <mrk mtype="seg" mid="197">على سبيل المثال، يمكن إدخال الكريات المُشكلة مباشرةً في أنابيب الإنتاج بواسطة إسقاطها مباشرةً في رأس البئر أو يمكن وضعها في وعاء وإنزالها في البئر.</mrk></g></target><sdl:seg-defs><sdl:seg id="195" conf="ApprovedSignOff" origin="interactive"><sdl:value key="SegmentIdentityHash">w0GCV6+74cWlF8caFd5Cd+sp0GQ=</sdl:value><sdl:value key="created_by">heba-PC\heba</sdl:value><sdl:value key="created_on">10/10/2017 11:33:30</sdl:value><sdl:value key="last_modified_by">DESKTOP-C8MRIMB\Sherif Youssef</sdl:value><sdl:value key="modified_on">10/12/2017 19:48:56</sdl:value><sdl:value key="SDL:ProjectTranslationHash">597201534</sdl:value><sdl:value key="SDL:OriginalTranslationHash">597201534</sdl:value></sdl:seg><sdl:seg id="196" conf="ApprovedSignOff" origin="interactive"><sdl:value key="SegmentIdentityHash">jTSCSCKOGd9fnTX/jStDVu4PUFQ=</sdl:value><sdl:value key="created_by">heba-PC\heba</sdl:value><sdl:value key="created_on">10/10/2017 11:33:37</sdl:value><sdl:value key="last_modified_by">DESKTOP-C8MRIMB\Sherif Youssef</sdl:value><sdl:value key="modified_on">10/12/2017 19:49:01</sdl:value><sdl:value key="SDL:ProjectTranslationHash">1590225188</sdl:value><sdl:value key="SDL:OriginalTranslationHash">1590225188</sdl:value></sdl:seg><sdl:seg id="197" conf="ApprovedSignOff" origin="interactive"><sdl:value key="SegmentIdentityHash">Z73rxXlzxviagfiIvT4uFT3gox4=</sdl:value><sdl:value key="created_by">heba-PC\heba</sdl:value><sdl:value key="created_on">10/10/2017 11:33:40</sdl:value><sdl:value key="last_modified_by">DESKTOP-C8MRIMB\Sherif Youssef</sdl:value><sdl:value key="modified_on">10/12/2017 19:49:03</sdl:value><sdl:value key="SDL:ProjectTranslationHash">1170543171</sdl:value><sdl:value key="SDL:OriginalTranslationHash">1170543171</sdl:value></sdl:seg></sdl:seg-defs></trans-unit></group><group><sdl:cxts><sdl:cxt id="75"/><sdl:cxt id="2"/></sdl:cxts><trans-unit id="31a0fd5d-8ac1-4860-8876-2d44cea9e638"><source><g id="446">[00063] When introduced into production tubing within the well, the shape and specific gravity of the pellets causes the particulates to flow past obstructions and through well deviations such that the pellets may be placed at or in close proximity to the targeted area where treatment is desired. Continuous release of the well treatment agent with the production fluid further protects the tubular and the surface equipment from unwanted deposits which may otherwise be formed. Production from the well is thereby improved.</g></source><seg-source><g id="446"><mrk mtype="seg" mid="198">[00063] When introduced into production tubing within the well, the shape and specific gravity of the pellets causes the particulates to flow past obstructions and through well deviations such that the pellets may be placed at or in close proximity to the targeted area where treatment is desired.</mrk> <mrk mtype="seg" mid="199">Continuous release of the well treatment agent with the production fluid further protects the tubular and the surface equipment from unwanted deposits which may otherwise be formed.</mrk> <mrk mtype="seg" mid="200">Production from the well is thereby improved.</mrk></g></seg-source><target><g id="446"><mrk mtype="seg" mid="198">[00063] عند إدخالها في أنابيب الإنتاج الموجودة في البئر، يتسبب شكل والثقل النوعي للكريات في تدفق الدقائق إلى ما بعد العوائق وخلال انحرافات البئر بحيث يمكن وضع الكريات عند أو بالقرب من المنطقة المستهدفة حيث تكون المعالجة مطلوبة.</mrk> <mrk mtype="seg" mid="199">كما يعمل الإطلاق المستمر لعامل معالجة البئر مع عامل الإنتاج أيضًا على حماية الأنابيب والمعدات السطحية من الرواسب غير المرغوب فيها التي يمكن أن تتشكل بخلاف ذلك.</mrk> <mrk mtype="seg" mid="200">وبالتالي يتم تحسين الإنتاج من البئر.</mrk></g></target><sdl:seg-defs><sdl:seg id="198" conf="ApprovedSignOff" origin="interactive"><sdl:value key="SegmentIdentityHash">6yuxDiPt848zG6Kk2v8sj+wVQzM=</sdl:value><sdl:value key="created_by">heba-PC\heba</sdl:value><sdl:value key="created_on">10/10/2017 11:33:45</sdl:value><sdl:value key="last_modified_by">DESKTOP-C8MRIMB\Sherif Youssef</sdl:value><sdl:value key="modified_on">10/12/2017 19:49:04</sdl:value><sdl:value key="SDL:ProjectTranslationHash">-951629242</sdl:value><sdl:value key="SDL:OriginalTranslationHash">-951629242</sdl:value></sdl:seg><sdl:seg id="199" conf="ApprovedSignOff" origin="interactive"><sdl:value key="SegmentIdentityHash">7/1tJwAvX0RvkCEKZLZOcJDEDXg=</sdl:value><sdl:value key="created_by">heba-PC\heba</sdl:value><sdl:value key="created_on">10/10/2017 11:33:47</sdl:value><sdl:value key="last_modified_by">DESKTOP-C8MRIMB\Sherif Youssef</sdl:value><sdl:value key="modified_on">10/12/2017 19:49:05</sdl:value><sdl:value key="SDL:ProjectTranslationHash">1730213498</sdl:value><sdl:value key="SDL:OriginalTranslationHash">1730213498</sdl:value></sdl:seg><sdl:seg id="200" conf="ApprovedSignOff" origin="interactive"><sdl:value key="SegmentIdentityHash">H1aR1sk/zqg/z7qcFKqMb3C12rc=</sdl:value><sdl:value key="created_by">heba-PC\heba</sdl:value><sdl:value key="created_on">10/10/2017 11:33:50</sdl:value><sdl:value key="last_modified_by">DESKTOP-C8MRIMB\Sherif Youssef</sdl:value><sdl:value key="modified_on">10/12/2017 19:49:06</sdl:value><sdl:value key="SDL:ProjectTranslationHash">-5349688</sdl:value><sdl:value key="SDL:OriginalTranslationHash">-5349688</sdl:value></sdl:seg></sdl:seg-defs></trans-unit></group><group><sdl:cxts><sdl:cxt id="76"/><sdl:cxt id="2"/></sdl:cxts><trans-unit id="0edac19c-6c8a-4527-a0b8-fb6fb4796178"><source><g id="449">[00064] Similar performance has been seen in producing wells where the shaped pellets are used simply to deploy production chemicals, particularly in horizontal wells where capillary deployment is not possible to the toe of the horizontal section of the well or where squeeze treatments are impractical; for example, in wells which have not been stimulated.</g></source><seg-source><g id="449"><mrk mtype="seg" mid="201">[00064] Similar performance has been seen in producing wells where the shaped pellets are used simply to deploy production chemicals, particularly in horizontal wells where capillary deployment is not possible to the toe of the horizontal section of the well or where squeeze treatments are impractical; for example, in wells which have not been stimulated.</mrk></g></seg-source><target><g id="449"><mrk mtype="seg" mid="201">[00064] تمت ملاحظة أداء مماثل ي الآبار المنتجة حيث يتم استخدام الكريات المشكلة ببساطة لنشر مواد إنتاج كيميائية، بشكل محدد في آبار أفقية حيث لا يكون النشر الشعري ممكنًا نحو مقدمة القسم الأفقي من البئر أو حيث تكون عمليات المعالجة بالكبس غير عملية؛ على سبيل المثال، في الآبار التي لم يتم تحفيزها.</mrk></g></target><sdl:seg-defs><sdl:seg id="201" conf="ApprovedSignOff" origin="interactive"><sdl:value key="SegmentIdentityHash">O+1mAsoYLcVwAmA5CnbDObgeXeg=</sdl:value><sdl:value key="created_by">heba-PC\heba</sdl:value><sdl:value key="created_on">10/09/2017 11:52:02</sdl:value><sdl:value key="last_modified_by">DESKTOP-C8MRIMB\Sherif Youssef</sdl:value><sdl:value key="modified_on">10/12/2017 19:49:07</sdl:value><sdl:value key="SDL:ProjectTranslationHash">-961905775</sdl:value><sdl:value key="SDL:OriginalTranslationHash">-961905775</sdl:value></sdl:seg></sdl:seg-defs></trans-unit></group><group><sdl:cxts><sdl:cxt id="77"/><sdl:cxt id="2"/></sdl:cxts><trans-unit id="91ea76bb-5e94-4541-8571-c8804b87d3ac"><source><g id="452">[00065] The shaped pellets may be dropped directly into the well from the well head. When introduced into production tubing within an oil or gas well, the shaped pellets easily flow past obstructions and through well deviations. Continuous release of the well treatment agent with the production fluid protects the tubular and the surface equipment from unwanted deposits which may be formed in the tubular or surface equipment. The high specific gravity of the shaped pellets allows them to pass by gravity into and through production tubing.</g></source><seg-source><g id="452"><mrk mtype="seg" mid="202">[00065] The shaped pellets may be dropped directly into the well from the well head.</mrk> <mrk mtype="seg" mid="203">When introduced into production tubing within an oil or gas well, the shaped pellets easily flow past obstructions and through well deviations.</mrk> <mrk mtype="seg" mid="204">Continuous release of the well treatment agent with the production fluid protects the tubular and the surface equipment from unwanted deposits which may be formed in the tubular or surface equipment.</mrk> <mrk mtype="seg" mid="205">The high specific gravity of the shaped pellets allows them to pass by gravity into and through production tubing.</mrk></g></seg-source><target><g id="452"><mrk mtype="seg" mid="202">[00065] يمكن إسقاط الكريات المُشكلة مباشرةً في البئر من رأس البئر.</mrk> <mrk mtype="seg" mid="203">عند إدخالها في أنابيب الإنتاج الموجودة في بئر النفط أو الغاز، تتدفق الكريات المُشكلة بسهولة بعد العوائق وخلال الانحرافات.</mrk> <mrk mtype="seg" mid="204">يؤدي الإطلاق المستمر لعامل معالجة البئر مع مائع الإنتاج إلى حماية الأنابيب والمعدات السطحية من الرواسب غير المرغوب فيها التي يمكن أن تتشكل في الأنابيب أو المعدات السطحية.</mrk> <mrk mtype="seg" mid="205">يسمح الثقل النوعي المرتفع للكريات المُشكلة بمرورها بفعل الجاذبية الأرضية داخل وخلال أنابيب الإنتاج.</mrk></g></target><sdl:seg-defs><sdl:seg id="202" conf="ApprovedSignOff" origin="interactive"><sdl:value key="SegmentIdentityHash">R8RoIg1Z541BXlt3VM393wJSzxc=</sdl:value><sdl:value key="created_by">heba-PC\heba</sdl:value><sdl:value key="created_on">10/10/2017 11:33:53</sdl:value><sdl:value key="last_modified_by">DESKTOP-C8MRIMB\Sherif Youssef</sdl:value><sdl:value key="modified_on">10/12/2017 19:49:09</sdl:value><sdl:value key="SDL:ProjectTranslationHash">-729636633</sdl:value><sdl:value key="SDL:OriginalTranslationHash">-729636633</sdl:value></sdl:seg><sdl:seg id="203" conf="ApprovedSignOff" origin="interactive"><sdl:value key="SegmentIdentityHash">Q0nMQSDPk/Jrao/Ze1cYUZW7ZO4=</sdl:value><sdl:value key="created_by">heba-PC\heba</sdl:value><sdl:value key="created_on">10/10/2017 11:33:56</sdl:value><sdl:value key="last_modified_by">DESKTOP-C8MRIMB\Sherif Youssef</sdl:value><sdl:value key="modified_on">10/12/2017 19:49:09</sdl:value><sdl:value key="SDL:ProjectTranslationHash">-893370421</sdl:value><sdl:value key="SDL:OriginalTranslationHash">-893370421</sdl:value></sdl:seg><sdl:seg id="204" conf="ApprovedSignOff" origin="interactive"><sdl:value key="SegmentIdentityHash">pttpRmgHySyoHJUJbvtjyhWZxwc=</sdl:value><sdl:value key="created_by">heba-PC\heba</sdl:value><sdl:value key="created_on">10/10/2017 11:33:58</sdl:value><sdl:value key="last_modified_by">DESKTOP-C8MRIMB\Sherif Youssef</sdl:value><sdl:value key="modified_on">10/12/2017 19:49:10</sdl:value><sdl:value key="SDL:ProjectTranslationHash">-973977118</sdl:value><sdl:value key="SDL:OriginalTranslationHash">-973977118</sdl:value></sdl:seg><sdl:seg id="205" conf="ApprovedSignOff" origin="interactive"><sdl:value key="SegmentIdentityHash">orhgxNzzRg87N/X54X1PieO34GI=</sdl:value><sdl:value key="created_by">heba-PC\heba</sdl:value><sdl:value key="created_on">10/10/2017 11:34:00</sdl:value><sdl:value key="last_modified_by">DESKTOP-C8MRIMB\Sherif Youssef</sdl:value><sdl:value key="modified_on">10/12/2017 19:49:11</sdl:value><sdl:value key="SDL:ProjectTranslationHash">-1490320224</sdl:value><sdl:value key="SDL:OriginalTranslationHash">-1490320224</sdl:value></sdl:seg></sdl:seg-defs></trans-unit></group><group><sdl:cxts><sdl:cxt id="78"/><sdl:cxt id="2"/></sdl:cxts><trans-unit id="ec694507-a077-47f3-85bb-8c04fb34a810"><source><g id="455">[00066] The shaped pellets are especially useful when introduced into horizontal or deviated wells since they easily pass through restrictions in the wellbore and flow into low points of the horizontal well or past obstruction in a deviated well.</g></source><seg-source><g id="455"><mrk mtype="seg" mid="206">[00066] The shaped pellets are especially useful when introduced into horizontal or deviated wells since they easily pass through restrictions in the wellbore and flow into low points of the horizontal well or past obstruction in a deviated well.</mrk></g></seg-source><target><g id="455"><mrk mtype="seg" mid="206">[00066] تكون الكريات المشكلة مفيدة بشكل خاص عند إدخالها في آبار أفقية أو منحرفة حيث أنها تمر بسهولة خلال حواز موجودة في حفرة البئر وتتدفق في نقطة منخفضة من البئر الأفقية أو بعد عائق موجود في البئر المنحرفة.</mrk></g></target><sdl:seg-defs><sdl:seg id="206" conf="ApprovedSignOff" origin="interactive"><sdl:value key="SegmentIdentityHash">sSshrUAzTzNTJsR/qHjjR2LUwFI=</sdl:value><sdl:value key="created_by">heba-PC\heba</sdl:value><sdl:value key="created_on">10/09/2017 11:54:14</sdl:value><sdl:value key="last_modified_by">DESKTOP-C8MRIMB\Sherif Youssef</sdl:value><sdl:value key="modified_on">10/12/2017 19:49:12</sdl:value><sdl:value key="SDL:ProjectTranslationHash">-451413737</sdl:value><sdl:value key="SDL:OriginalTranslationHash">-451413737</sdl:value></sdl:seg></sdl:seg-defs></trans-unit></group><group><sdl:cxts><sdl:cxt id="79"/><sdl:cxt id="2"/></sdl:cxts><trans-unit id="65692b83-5ec6-4119-9383-afc5f4f54842"><source><g id="458">[00067] When shaped as spheres, the pellets are able to readily roll over obstructions within the tubing and thru well deviations to effectively place the well treatment agent in close proximity to the targeted area. The spheres are especially useful in delivering well treatment agents in wells having deviations ranging from 45° to 89° or in wells with multiple deviations such as “S” shaped completions.</g></source><seg-source><g id="458"><mrk mtype="seg" mid="207">[00067] When shaped as spheres, the pellets are able to readily roll over obstructions within the tubing and thru well deviations to effectively place the well treatment agent in close proximity to the targeted area.</mrk> <mrk mtype="seg" mid="208">The spheres are especially useful in delivering well treatment agents in wells having deviations ranging from 45° to 89° or in wells with multiple deviations such as “S” shaped completions.</mrk></g></seg-source><target><g id="458"><mrk mtype="seg" mid="207">[00067] عند تشكيلها في صورة كريات، تكون الكريات قادرة على التدحرج بسهولة عبر العوائق الموجودة في الأنابيب لوضع عامل معالجة البئر بفاعلية بالقرب من المنطقة المستهدفة.</mrk> <mrk mtype="seg" mid="208">تكون الكريات مفيدة بشكل خاص في توصيل عوامل معالجة بئر في آبار بها انحرافات تتراوح من 45° إلى 89° أو في آبار بها انحرافات متعددة مثل آبار إكمال على شكل حرف &quot;S&quot;.</mrk></g></target><sdl:seg-defs><sdl:seg id="207" conf="ApprovedSignOff" origin="interactive"><sdl:value key="SegmentIdentityHash">tz3zXc7N/YO9jpMdMBtwP+KvOzI=</sdl:value><sdl:value key="created_by">heba-PC\heba</sdl:value><sdl:value key="created_on">10/09/2017 11:56:25</sdl:value><sdl:value key="last_modified_by">DESKTOP-C8MRIMB\Sherif Youssef</sdl:value><sdl:value key="modified_on">10/12/2017 19:49:12</sdl:value><sdl:value key="SDL:ProjectTranslationHash">-828777175</sdl:value><sdl:value key="SDL:OriginalTranslationHash">-828777175</sdl:value></sdl:seg><sdl:seg id="208" conf="ApprovedSignOff" origin="interactive"><sdl:value key="SegmentIdentityHash">Xx5G8O+KcJkq++rVucZc8VcYYIc=</sdl:value><sdl:value key="created_by">heba-PC\heba</sdl:value><sdl:value key="created_on">10/09/2017 05:40:59</sdl:value><sdl:value key="last_modified_by">DESKTOP-C8MRIMB\Sherif Youssef</sdl:value><sdl:value key="modified_on">10/12/2017 19:49:14</sdl:value><sdl:value key="SDL:ProjectTranslationHash">-199784651</sdl:value><sdl:value key="SDL:OriginalTranslationHash">-199784651</sdl:value></sdl:seg></sdl:seg-defs></trans-unit></group><group><sdl:cxts><sdl:cxt id="80"/><sdl:cxt id="2"/></sdl:cxts><trans-unit id="00adf46e-5e6e-47b0-82c0-03f18e90645f"><source><g id="461"> [00068] When formed to resemble hockey pucks, the shaped pellets may be placed into a receptacle and suspended at distant locations within the well. When the well treatment agent is depleted within the receptacle, the receptacle may then be pulled to the surface and reloaded with additional pellets.</g></source><seg-source><g id="461"> <mrk mtype="seg" mid="209">[00068] When formed to resemble hockey pucks, the shaped pellets may be placed into a receptacle and suspended at distant locations within the well.</mrk> <mrk mtype="seg" mid="210">When the well treatment agent is depleted within the receptacle, the receptacle may then be pulled to the surface and reloaded with additional pellets.</mrk></g></seg-source><target><g id="461"> <mrk mtype="seg" mid="209">[00068] عند تشكيلها لتشبه أقراص لعبة الهوكي، يمكن وضع الكريات المُشكلة في وعاء وتعليقها عند مواقع بعيدة داخل البئر.</mrk> <mrk mtype="seg" mid="210">عند استنفاد عامل معالجة البئر داخل الوعاء، يمكن بعد ذلك سحب الوعاء إلى السطح وإعادة تعبئته بكريات إضافية.</mrk></g></target><sdl:seg-defs><sdl:seg id="209" conf="ApprovedSignOff" origin="interactive"><sdl:value key="SegmentIdentityHash">h1zI3xwMHSFZpsefG6d1cw6VxAE=</sdl:value><sdl:value key="created_by">heba-PC\heba</sdl:value><sdl:value key="created_on">10/10/2017 11:34:03</sdl:value><sdl:value key="last_modified_by">DESKTOP-C8MRIMB\Sherif Youssef</sdl:value><sdl:value key="modified_on">10/12/2017 19:49:14</sdl:value><sdl:value key="SDL:ProjectTranslationHash">413793039</sdl:value><sdl:value key="SDL:OriginalTranslationHash">413793039</sdl:value></sdl:seg><sdl:seg id="210" conf="ApprovedSignOff" origin="interactive"><sdl:value key="SegmentIdentityHash">9Hi+TD6YThouHXpPfdI+jWuoaAg=</sdl:value><sdl:value key="created_by">heba-PC\heba</sdl:value><sdl:value key="created_on">10/10/2017 11:34:07</sdl:value><sdl:value key="last_modified_by">DESKTOP-C8MRIMB\Sherif Youssef</sdl:value><sdl:value key="modified_on">10/12/2017 19:49:15</sdl:value><sdl:value key="SDL:ProjectTranslationHash">-1993877488</sdl:value><sdl:value key="SDL:OriginalTranslationHash">-1993877488</sdl:value></sdl:seg></sdl:seg-defs></trans-unit></group><group><sdl:cxts><sdl:cxt id="81"/><sdl:cxt id="2"/></sdl:cxts><trans-unit id="6b02af10-a8ff-448f-8521-716892dc04f4"><source><g id="467">[00069] The shaped pellets may be in the form of a sphere, cylinder, rod or any other shape which allows for the slow release of the well treatment agent into the targeted area. In some applications, the shaped pellets are cylindrically shaped having a length of about 0.5 inch to about 6 inches, preferably from about 1 inch to about 2 inches and a diameter of from about 0.25 inch to about 4 inches, preferably from about 0.5 inch to about 1 inch.</g></source><seg-source><g id="467"><mrk mtype="seg" mid="211">[00069] The shaped pellets may be in the form of a sphere, cylinder, rod or any other shape which allows for the slow release of the well treatment agent into the targeted area.</mrk> <mrk mtype="seg" mid="212">In some applications, the shaped pellets are cylindrically shaped having a length of about 0.5 inch to about 6 inches, preferably from about 1 inch to about 2 inches and a diameter of from about 0.25 inch to about 4 inches, preferably from about 0.5 inch to about 1 inch.</mrk></g></seg-source><target><g id="467"><mrk mtype="seg" mid="211">[00069] يمكن أن تكون الكريات المُشكلة في صورة كرة، أسطوانة، قضيب أو أي شكل آخر يسمح بإطلاق عامل معالجة البئر ببطء إلى المنطقة المستهدفة.</mrk> <mrk mtype="seg" mid="212">في بعض التطبيقات، تكون الكريات المُشكلة أسطوانية الشكل لها طول يتراوح من حوالي 0.5 بوصة إلى حوالي 6 بوصة، يفضل من حوالي 1 بوصة إلى حوالي 2 بوصة وقطر يتراوح من حوالي 0.25 بوصة إلى حوالي 4 بوصة، يفضل من حوالي 0.5 بوصة إلى حوالي 1 بوصة.</mrk></g></target><sdl:seg-defs><sdl:seg id="211" conf="ApprovedSignOff" origin="interactive"><sdl:value key="SegmentIdentityHash">05gVUzN7YZzWliuOJza8araXdfY=</sdl:value><sdl:value key="created_by">heba-PC\heba</sdl:value><sdl:value key="created_on">10/10/2017 11:34:11</sdl:value><sdl:value key="last_modified_by">DESKTOP-C8MRIMB\Sherif Youssef</sdl:value><sdl:value key="modified_on">10/12/2017 19:49:16</sdl:value><sdl:value key="SDL:ProjectTranslationHash">-1569160016</sdl:value><sdl:value key="SDL:OriginalTranslationHash">-1569160016</sdl:value></sdl:seg><sdl:seg id="212" conf="ApprovedSignOff" origin="interactive"><sdl:value key="SegmentIdentityHash">sk2bjSBV7vPiiV51eip8Xz95lmU=</sdl:value><sdl:value key="created_by">heba-PC\heba</sdl:value><sdl:value key="created_on">10/10/2017 11:34:14</sdl:value><sdl:value key="last_modified_by">DESKTOP-C8MRIMB\Sherif Youssef</sdl:value><sdl:value key="modified_on">10/12/2017 19:49:18</sdl:value><sdl:value key="SDL:ProjectTranslationHash">-1598380195</sdl:value><sdl:value key="SDL:OriginalTranslationHash">-1598380195</sdl:value></sdl:seg></sdl:seg-defs></trans-unit></group><group><sdl:cxts><sdl:cxt id="82"/><sdl:cxt id="2"/></sdl:cxts><trans-unit id="92194174-7d4b-4ef1-8c41-8b3508d5d7ff"><source><g id="470">[00070] In those instances where the shaped pellet is to be directly dropped into the well from the well head, the pellet is preferably spherical and is formed into a ball-like sphere having a diameter between from about <g id="473">1</g>/<g id="479">2</g> inch to about 3 inches, more preferably from about <g id="485">3</g>/<g id="491">4</g> inch to about 2 <g id="497">1</g>/<g id="503">2</g> inches, most preferably approximately 1 3/4 inch. Such spheres resemble spherical balls.</g></source><seg-source><g id="470"><mrk mtype="seg" mid="213">[00070] In those instances where the shaped pellet is to be directly dropped into the well from the well head, the pellet is preferably spherical and is formed into a ball-like sphere having a diameter between from about <g id="473">1</g>/<g id="479">2</g> inch to about 3 inches, more preferably from about <g id="485">3</g>/<g id="491">4</g> inch to about 2 <g id="497">1</g>/<g id="503">2</g> inches, most preferably approximately 1 3/4 inch.</mrk> <mrk mtype="seg" mid="214">Such spheres resemble spherical balls.</mrk></g></seg-source><target><g id="470"><mrk mtype="seg" mid="213">[00070] في هذه الحالات التي يتم فيها إسقاط الكرية المُشكلة مباشرةً في البئر من قمة البئر، يفضل أن تكون الكرية كروية ومُشكلة في صورة جسم شبيه بالكرة له قطر يتراوح من حوالي 1/2 بوصة إلى حوالي 3 بوصة، على نحو مفضل أكثر من حوالي 3/4 بوصة إلى حوالي 2.5 بوصة، وعلى نحو أكثر تفضيلًا يبلغ حوالي 1.75 بوصة.</mrk> <mrk mtype="seg" mid="214">تشبه الأجسام الكروية المذكورة الكرات الدائرية.</mrk></g></target><sdl:seg-defs><sdl:seg id="213" conf="ApprovedSignOff" origin="interactive"><sdl:prev-origin origin="source"><sdl:prev-origin/><sdl:value key="SegmentIdentityHash">nC2DP2nJdf1Y1ZB7Jgs7g9IGa/E=</sdl:value><sdl:value key="created_by">heba-PC\heba</sdl:value><sdl:value key="created_on">10/09/2017 05:42:13</sdl:value><sdl:value key="last_modified_by">heba-PC\heba</sdl:value><sdl:value key="modified_on">10/09/2017 05:42:13</sdl:value></sdl:prev-origin><sdl:value key="SegmentIdentityHash">nC2DP2nJdf1Y1ZB7Jgs7g9IGa/E=</sdl:value><sdl:value key="created_by">heba-PC\heba</sdl:value><sdl:value key="created_on">10/09/2017 05:42:17</sdl:value><sdl:value key="last_modified_by">DESKTOP-C8MRIMB\Sherif Youssef</sdl:value><sdl:value key="modified_on">10/12/2017 19:50:38</sdl:value><sdl:value key="SDL:ProjectTranslationHash">-1693093402</sdl:value><sdl:value key="SDL:OriginalTranslationHash">-1693093402</sdl:value></sdl:seg><sdl:seg id="214" conf="ApprovedSignOff" origin="interactive"><sdl:value key="SegmentIdentityHash">LUXDPbgtAQohM4hfexfKKv0YVKc=</sdl:value><sdl:value key="created_by">heba-PC\heba</sdl:value><sdl:value key="created_on">10/09/2017 05:45:30</sdl:value><sdl:value key="last_modified_by">DESKTOP-C8MRIMB\Sherif Youssef</sdl:value><sdl:value key="modified_on">10/12/2017 19:50:39</sdl:value><sdl:value key="SDL:ProjectTranslationHash">1744404147</sdl:value><sdl:value key="SDL:OriginalTranslationHash">1744404147</sdl:value></sdl:seg></sdl:seg-defs></trans-unit></group><group><sdl:cxts><sdl:cxt id="83"/><sdl:cxt id="2"/></sdl:cxts><trans-unit id="90bd70f2-f46b-41b0-bbca-ae60502cc6cb"><source><g id="509">[00071] The specific gravity of the shaped pellets is generally between from about 1.1 to about 3. In a preferred embodiment, the specific gravity of the sphere is between from about 2 to about 2.5.</g></source><seg-source><g id="509"><mrk mtype="seg" mid="215">[00071] The specific gravity of the shaped pellets is generally between from about 1.1 to about 3.</mrk> <mrk mtype="seg" mid="216">In a preferred embodiment, the specific gravity of the sphere is between from about 2 to about 2.5.</mrk></g></seg-source><target><g id="509"><mrk mtype="seg" mid="215">[00071] يتراوح الثقل النوعي للكريات المشكلة بوجهٍ عام من حوالي 1.1 إلى حوالي 3.</mrk> <mrk mtype="seg" mid="216">في تجسيد مفضل، يتراوح الثقل النوعي للكرية من حوالي 2 إلى حوالي 2.5.</mrk></g></target><sdl:seg-defs><sdl:seg id="215" conf="ApprovedSignOff" origin="interactive"><sdl:value key="SegmentIdentityHash">3JDjh1etVX5Ab6vc4e6zz5+uqSI=</sdl:value><sdl:value key="created_by">heba-PC\heba</sdl:value><sdl:value key="created_on">10/09/2017 11:57:54</sdl:value><sdl:value key="last_modified_by">DESKTOP-C8MRIMB\Sherif Youssef</sdl:value><sdl:value key="modified_on">10/12/2017 19:50:41</sdl:value><sdl:value key="SDL:ProjectTranslationHash">-1230450951</sdl:value><sdl:value key="SDL:OriginalTranslationHash">-1230450951</sdl:value></sdl:seg><sdl:seg id="216" conf="ApprovedSignOff" origin="interactive" percent="72"><sdl:prev-origin origin="tm" origin-system="171273_Petrol cases" percent="72"><sdl:prev-origin/><sdl:value key="SegmentIdentityHash">mrbfprOFSfNWD6xhsIUgpGxBApg=</sdl:value><sdl:value key="created_by">heba-PC\heba</sdl:value><sdl:value key="created_on">10/09/2017 11:57:54</sdl:value><sdl:value key="last_modified_by">heba-PC\heba</sdl:value><sdl:value key="modified_on">10/09/2017 11:58:17</sdl:value></sdl:prev-origin><sdl:value key="SegmentIdentityHash">mrbfprOFSfNWD6xhsIUgpGxBApg=</sdl:value><sdl:value key="created_by">heba-PC\heba</sdl:value><sdl:value key="created_on">10/09/2017 11:57:54</sdl:value><sdl:value key="last_modified_by">DESKTOP-C8MRIMB\Sherif Youssef</sdl:value><sdl:value key="modified_on">10/12/2017 19:50:43</sdl:value><sdl:value key="SDL:ProjectTranslationHash">660320745</sdl:value><sdl:value key="SDL:OriginalTranslationHash">660320745</sdl:value></sdl:seg></sdl:seg-defs></trans-unit></group><group><sdl:cxts><sdl:cxt id="84"/><sdl:cxt id="2"/></sdl:cxts><trans-unit id="6b0deddd-e290-46a1-80ca-e244a07f527b"><source><g id="512">[00072] Such specific gravity is especially desirable when the shaped pellets are spherical and where it is desired to drop the pellet directly into the well head. When used as one or more spherical balls, the pellets may be introduced into the well above the master valve at the wellhead. The isolation valve above the spherical ball(s) may then be closed and the master valve then opened. Gravitational forces will pull the ball(s) into the production tubing. The low specific gravity allows the sphere(s) to fall by gravitational forces through the production tubing. The combination of gravitational forces, specific gravity of the ball(s), sphericity of the ball(s) and size then allow the ball(s) to fall, sink or roll down the tubing and pass through restrictions in the wellbore. When introduced into a horizontal well, the spherical ball(s) will generally flow into the lowest point of the well. When introduced into a deviated well, the spherical pellets easily may flow past obstructions as they are pulled by gravity through the deviations in the well path where traditional mechanical means such as wire line or coil tubing may not be able to reach. The shaped pellets have applicability when used during completion of a well having multiple deviations such as those wells having an “S” shaped configuration.</g></source><seg-source><g id="512"><mrk mtype="seg" mid="217">[00072] Such specific gravity is especially desirable when the shaped pellets are spherical and where it is desired to drop the pellet directly into the well head.</mrk> <mrk mtype="seg" mid="218">When used as one or more spherical balls, the pellets may be introduced into the well above the master valve at the wellhead.</mrk> <mrk mtype="seg" mid="219">The isolation valve above the spherical ball(s) may then be closed and the master valve then opened.</mrk> <mrk mtype="seg" mid="220">Gravitational forces will pull the ball(s) into the production tubing.</mrk> <mrk mtype="seg" mid="221">The low specific gravity allows the sphere(s) to fall by gravitational forces through the production tubing.</mrk> <mrk mtype="seg" mid="222">The combination of gravitational forces, specific gravity of the ball(s), sphericity of the ball(s) and size then allow the ball(s) to fall, sink or roll down the tubing and pass through restrictions in the wellbore.</mrk> <mrk mtype="seg" mid="223">When introduced into a horizontal well, the spherical ball(s) will generally flow into the lowest point of the well.</mrk> <mrk mtype="seg" mid="224">When introduced into a deviated well, the spherical pellets easily may flow past obstructions as they are pulled by gravity through the deviations in the well path where traditional mechanical means such as wire line or coil tubing may not be able to reach.</mrk> <mrk mtype="seg" mid="225">The shaped pellets have applicability when used during completion of a well having multiple deviations such as those wells having an “S” shaped configuration.</mrk></g></seg-source><target><g id="512"><mrk mtype="seg" mid="217">[00072] يكون الثقل النوعي المذكور مطلوب بشكل خاص عندما تكون الكريات المُشكلة أسطوانية وعندما يكون من المطلوب إسقاط الكرية مباشرةً في رأس البئر.</mrk> <mrk mtype="seg" mid="218">عند استخدامها في صورة واحدة أو أكثر من الكريات الدائرية، يمكن إدخال الكريات في البئر فوق الصمام الرئيسي الموجود عند رأس البئر.</mrk> <mrk mtype="seg" mid="219">يمكن بعد ذلك إغلاق صمام العزل الموجود فوق الكرة (الكرات) الدائرية وبعد ذلك يتم فتح الصمام الرئيسي.</mrk> <mrk mtype="seg" mid="220">ستقوم قوى الجاذبية الأرضية بسحب الكرة (الكرات) في أنابيب الإنتاج.</mrk> <mrk mtype="seg" mid="221">يسمح الثقل النوعي المنخفض بسقوط الكرة (الكرات) بفعل قوى الجاذبية الأرضية خلال أنابيب الإنتاج.</mrk> <mrk mtype="seg" mid="222">وبعد ذلك تسمح توليفة من قوى الجاذبية الأرضية، الثقل النوعي للكرة (الكرات)، كروية الكرة (الكرات) والحجم بسقوط الكرة (الكرات)، انخفاضها أو تدحرجها أسفل الأنابيب ومرورها خلال عوائق موجودة في حفرة البئر.</mrk> <mrk mtype="seg" mid="223">عند إدخالها في بئر أفقية، ستتدفق الكرة (الكرات) الكروية بوجهٍ عام في أدنى نقطة من البئر.</mrk> <mrk mtype="seg" mid="224">عند إدخالها في بئر منحرفة، يمكن أن تتدفق الكريات الدائرية بسهولة إلى ما بعد العوائق حيث يتم سحبها بفعل الجاذبية الأرضية خلال الانحرافات الموجودة في مسار البئر التي لا يمكن للوسائل الميكانيكية التقليدية مثل كبل الحفر أو الأنابيب الملتفة الوصول إليها.</mrk> <mrk mtype="seg" mid="225">يكون للكريات المُشكلة قابلية تطبيق عند استخدامها أثناء إكمال بئر به انحرافات متعددة كتلك الآبار التي يكون لها هيئة على شكل حرف &quot;S&quot;.</mrk></g></target><sdl:seg-defs><sdl:seg id="217" conf="ApprovedSignOff" origin="interactive"><sdl:value key="SegmentIdentityHash">5a6neh9Q8Q2hwx/UmXoyy1SW6Yw=</sdl:value><sdl:value key="created_by">heba-PC\heba</sdl:value><sdl:value key="created_on">10/10/2017 11:34:17</sdl:value><sdl:value key="last_modified_by">DESKTOP-C8MRIMB\Sherif Youssef</sdl:value><sdl:value key="modified_on">10/12/2017 19:50:45</sdl:value><sdl:value key="SDL:ProjectTranslationHash">-51833504</sdl:value><sdl:value key="SDL:OriginalTranslationHash">-51833504</sdl:value></sdl:seg><sdl:seg id="218" conf="ApprovedSignOff" origin="interactive"><sdl:value key="SegmentIdentityHash">veaWGVO55Dtv6PB5c2eLcC7CUpk=</sdl:value><sdl:value key="created_by">heba-PC\heba</sdl:value><sdl:value key="created_on">10/10/2017 11:34:22</sdl:value><sdl:value key="last_modified_by">DESKTOP-C8MRIMB\Sherif Youssef</sdl:value><sdl:value key="modified_on">10/12/2017 19:50:46</sdl:value><sdl:value key="SDL:ProjectTranslationHash">-1370638830</sdl:value><sdl:value key="SDL:OriginalTranslationHash">-1370638830</sdl:value></sdl:seg><sdl:seg id="219" conf="ApprovedSignOff" origin="interactive"><sdl:value key="SegmentIdentityHash">FZcqy80sb9DZbNhU04vZsPCZ0Lw=</sdl:value><sdl:value key="created_by">heba-PC\heba</sdl:value><sdl:value key="created_on">10/10/2017 11:34:26</sdl:value><sdl:value key="last_modified_by">DESKTOP-C8MRIMB\Sherif Youssef</sdl:value><sdl:value key="modified_on">10/12/2017 19:50:47</sdl:value><sdl:value key="SDL:ProjectTranslationHash">-790559343</sdl:value><sdl:value key="SDL:OriginalTranslationHash">-790559343</sdl:value></sdl:seg><sdl:seg id="220" conf="ApprovedSignOff" origin="interactive"><sdl:value key="SegmentIdentityHash">1izfljQ9UR9lXZDWmuS1GCGX8zk=</sdl:value><sdl:value key="created_by">heba-PC\heba</sdl:value><sdl:value key="created_on">10/10/2017 11:34:26</sdl:value><sdl:value key="last_modified_by">DESKTOP-C8MRIMB\Sherif Youssef</sdl:value><sdl:value key="modified_on">10/12/2017 19:50:48</sdl:value><sdl:value key="SDL:ProjectTranslationHash">-880249191</sdl:value><sdl:value key="SDL:OriginalTranslationHash">-880249191</sdl:value></sdl:seg><sdl:seg id="221" conf="ApprovedSignOff" origin="interactive"><sdl:value key="SegmentIdentityHash">iKLIa2NvKt2N1zKqraDTFgMLNNw=</sdl:value><sdl:value key="created_by">heba-PC\heba</sdl:value><sdl:value key="created_on">10/10/2017 11:34:36</sdl:value><sdl:value key="last_modified_by">DESKTOP-C8MRIMB\Sherif Youssef</sdl:value><sdl:value key="modified_on">10/12/2017 19:50:49</sdl:value><sdl:value key="SDL:ProjectTranslationHash">-1684874148</sdl:value><sdl:value key="SDL:OriginalTranslationHash">-1684874148</sdl:value></sdl:seg><sdl:seg id="222" conf="ApprovedSignOff" origin="interactive"><sdl:value key="SegmentIdentityHash">BWkjaI5QUzhEmTXiQIMfOnpiveA=</sdl:value><sdl:value key="created_by">heba-PC\heba</sdl:value><sdl:value key="created_on">10/10/2017 11:34:38</sdl:value><sdl:value key="last_modified_by">DESKTOP-C8MRIMB\Sherif Youssef</sdl:value><sdl:value key="modified_on">10/12/2017 19:50:50</sdl:value><sdl:value key="SDL:ProjectTranslationHash">-1018192044</sdl:value><sdl:value key="SDL:OriginalTranslationHash">-1018192044</sdl:value></sdl:seg><sdl:seg id="223" conf="ApprovedSignOff" origin="interactive"><sdl:value key="SegmentIdentityHash">LA3o2dVwOPK74fDZzJI9qLpxBqw=</sdl:value><sdl:value key="created_by">heba-PC\heba</sdl:value><sdl:value key="created_on">10/10/2017 11:34:40</sdl:value><sdl:value key="last_modified_by">DESKTOP-C8MRIMB\Sherif Youssef</sdl:value><sdl:value key="modified_on">10/12/2017 19:50:51</sdl:value><sdl:value key="SDL:ProjectTranslationHash">1052478544</sdl:value><sdl:value key="SDL:OriginalTranslationHash">1052478544</sdl:value></sdl:seg><sdl:seg id="224" conf="ApprovedSignOff" origin="interactive"><sdl:value key="SegmentIdentityHash">GK1J6RhxC14aCILyLCl+SYYUu6E=</sdl:value><sdl:value key="created_by">heba-PC\heba</sdl:value><sdl:value key="created_on">10/10/2017 11:34:43</sdl:value><sdl:value key="last_modified_by">DESKTOP-C8MRIMB\Sherif Youssef</sdl:value><sdl:value key="modified_on">10/12/2017 19:50:52</sdl:value><sdl:value key="SDL:ProjectTranslationHash">-1085574577</sdl:value><sdl:value key="SDL:OriginalTranslationHash">-1085574577</sdl:value></sdl:seg><sdl:seg id="225" conf="ApprovedSignOff" origin="interactive"><sdl:value key="SegmentIdentityHash">h5AF763eFemNJSkLTvbT4XI3avc=</sdl:value><sdl:value key="created_by">heba-PC\heba</sdl:value><sdl:value key="created_on">10/09/2017 05:46:08</sdl:value><sdl:value key="last_modified_by">DESKTOP-C8MRIMB\Sherif Youssef</sdl:value><sdl:value key="modified_on">10/12/2017 19:50:53</sdl:value><sdl:value key="SDL:ProjectTranslationHash">-833188072</sdl:value><sdl:value key="SDL:OriginalTranslationHash">-833188072</sdl:value></sdl:seg></sdl:seg-defs></trans-unit></group><group><sdl:cxts><sdl:cxt id="85"/><sdl:cxt id="2"/></sdl:cxts><trans-unit id="07f078f8-b14a-410a-bc3f-1dd9e3be3fb7"><source><g id="518">[00073] Once the spherical ball(s) reach their targeted area, they will slowly dissolve, providing a residual of the well treatment agent in produced fluids. Thus, the slow dissolution of the ball(s) provides the means to inhibit and/or remove unwanted deposits in the tubing.</g></source><seg-source><g id="518"><mrk mtype="seg" mid="226">[00073] Once the spherical ball(s) reach their targeted area, they will slowly dissolve, providing a residual of the well treatment agent in produced fluids.</mrk> <mrk mtype="seg" mid="227">Thus, the slow dissolution of the ball(s) provides the means to inhibit and/or remove unwanted deposits in the tubing.</mrk></g></seg-source><target><g id="518"><mrk mtype="seg" mid="226">[00073] فور وصول الكرة (الكرات) الكروية إلى المنطقة المستهدفة الخاصة بها، ستذوب ببطء، مما يوفر مادة متبقية من عامل معالجة البئر في الموائع المنتجة.</mrk> <mrk mtype="seg" mid="227">بالتالي، يوفر الذوبان البطيء للكرة (الكرات) وسائل لتثبيط و/أو إزالة الرواسب غير المرغوب فيها الموجودة في الأنابيب.</mrk></g></target><sdl:seg-defs><sdl:seg id="226" conf="ApprovedSignOff" origin="interactive"><sdl:value key="SegmentIdentityHash">/XMP3mmGIpYFpxnIldbsqvE5hfA=</sdl:value><sdl:value key="created_by">heba-PC\heba</sdl:value><sdl:value key="created_on">10/10/2017 11:34:46</sdl:value><sdl:value key="last_modified_by">DESKTOP-C8MRIMB\Sherif Youssef</sdl:value><sdl:value key="modified_on">10/12/2017 19:50:54</sdl:value><sdl:value key="SDL:ProjectTranslationHash">1504480492</sdl:value><sdl:value key="SDL:OriginalTranslationHash">1504480492</sdl:value></sdl:seg><sdl:seg id="227" conf="ApprovedSignOff" origin="interactive"><sdl:value key="SegmentIdentityHash">GlnmYfsGwOtuc2XWnrWVyuyqnpc=</sdl:value><sdl:value key="created_by">heba-PC\heba</sdl:value><sdl:value key="created_on">10/10/2017 11:34:49</sdl:value><sdl:value key="last_modified_by">DESKTOP-C8MRIMB\Sherif Youssef</sdl:value><sdl:value key="modified_on">10/12/2017 19:50:55</sdl:value><sdl:value key="SDL:ProjectTranslationHash">1157099602</sdl:value><sdl:value key="SDL:OriginalTranslationHash">1157099602</sdl:value></sdl:seg></sdl:seg-defs></trans-unit></group><group><sdl:cxts><sdl:cxt id="86"/><sdl:cxt id="2"/></sdl:cxts><trans-unit id="14aa97fb-3966-4470-a55e-d84eafcebecb"><source><g id="521">[00074] When dropped directly into the well head, it is often only necessary to use one spherical ball. Typically, no more than ten spherical balls need be used to effectuate the slow release of the well treatment agent. Slow dissolution of the spherical balls permits slow dissolution of the well treatment agent.</g></source><seg-source><g id="521"><mrk mtype="seg" mid="228">[00074] When dropped directly into the well head, it is often only necessary to use one spherical ball.</mrk> <mrk mtype="seg" mid="229">Typically, no more than ten spherical balls need be used to effectuate the slow release of the well treatment agent.</mrk> <mrk mtype="seg" mid="230">Slow dissolution of the spherical balls permits slow dissolution of the well treatment agent.</mrk></g></seg-source><target><g id="521"><mrk mtype="seg" mid="228">[00074] عند إسقاطها مباشرة في رأس البئر، يكون من الضروري عادةً استخدام كرة دائرية واحدة.</mrk> <mrk mtype="seg" mid="229">بشكل نمطي، لا تكون هناك حاجة إلى استخدام أكثر من عشر كرات دائرية لإحداث الإطلاق البطيء لعامل معالجة البئر.</mrk> <mrk mtype="seg" mid="230">يسمح الذوبان البطيء للكرات الدائرية بإذابة عامل معالجة البئر ببطء.</mrk></g></target><sdl:seg-defs><sdl:seg id="228" conf="ApprovedSignOff" origin="interactive"><sdl:value key="SegmentIdentityHash">Gkz3HqAhlw0MvfwskrvWg+Zq/RE=</sdl:value><sdl:value key="created_by">heba-PC\heba</sdl:value><sdl:value key="created_on">10/10/2017 11:34:52</sdl:value><sdl:value key="last_modified_by">DESKTOP-C8MRIMB\Sherif Youssef</sdl:value><sdl:value key="modified_on">10/12/2017 19:50:57</sdl:value><sdl:value key="SDL:ProjectTranslationHash">1787353712</sdl:value><sdl:value key="SDL:OriginalTranslationHash">1787353712</sdl:value></sdl:seg><sdl:seg id="229" conf="ApprovedSignOff" origin="interactive"><sdl:value key="SegmentIdentityHash">vpDR3xzi/l2eZp6ekC70qIpXd0U=</sdl:value><sdl:value key="created_by">heba-PC\heba</sdl:value><sdl:value key="created_on">10/10/2017 11:34:55</sdl:value><sdl:value key="last_modified_by">DESKTOP-C8MRIMB\Sherif Youssef</sdl:value><sdl:value key="modified_on">10/12/2017 19:50:58</sdl:value><sdl:value key="SDL:ProjectTranslationHash">-374221174</sdl:value><sdl:value key="SDL:OriginalTranslationHash">-374221174</sdl:value></sdl:seg><sdl:seg id="230" conf="ApprovedSignOff" origin="interactive"><sdl:value key="SegmentIdentityHash">JQRJCyC5vDkYDA8mB6+IyVQj0ik=</sdl:value><sdl:value key="created_by">heba-PC\heba</sdl:value><sdl:value key="created_on">10/10/2017 11:34:57</sdl:value><sdl:value key="last_modified_by">DESKTOP-C8MRIMB\Sherif Youssef</sdl:value><sdl:value key="modified_on">10/12/2017 19:50:59</sdl:value><sdl:value key="SDL:ProjectTranslationHash">156899270</sdl:value><sdl:value key="SDL:OriginalTranslationHash">156899270</sdl:value></sdl:seg></sdl:seg-defs></trans-unit></group><group><sdl:cxts><sdl:cxt id="87"/><sdl:cxt id="2"/></sdl:cxts><trans-unit id="4d60fea2-439f-4d66-82e3-9bdca8745e93"><source><g id="524">[00075] The shaped pellets further are useful in gas wells having a tubing pressure of from about 1 to about 10,000 psi. Exemplary of such wells are shale gas wells. Further the spherical particulates have applicability in unobstructed tubulars. For instance, the spherical pellets are useful in those wells where the hydrocarbons are no longer freely flowing, such as wells on bottom hole electric submersible pumps (ESP).</g></source><seg-source><g id="524"><mrk mtype="seg" mid="231">[00075] The shaped pellets further are useful in gas wells having a tubing pressure of from about 1 to about 10,000 psi.</mrk> <mrk mtype="seg" mid="232">Exemplary of such wells are shale gas wells.</mrk> <mrk mtype="seg" mid="233">Further the spherical particulates have applicability in unobstructed tubulars.</mrk> <mrk mtype="seg" mid="234">For instance, the spherical pellets are useful in those wells where the hydrocarbons are no longer freely flowing, such as wells on bottom hole electric submersible pumps (ESP).</mrk></g></seg-source><target><g id="524"><mrk mtype="seg" mid="231">[00075] تكون الكريات المُشكلة مفيدة أيضًا في آبار الغاز التي يكون لها ضغط أنابيب يتراوح من حوالي 1 إلى حوالي 10000 رطل لكل بوصة مربعة.</mrk> <mrk mtype="seg" mid="232">تتمثل أمثلة هذه الآبار في آبار الغاز الطفلي.</mrk> <mrk mtype="seg" mid="233">علاوة على ذلك يكون للدقائق الكروية قابلية تطبيق في الأنابيب غير المعاقة.</mrk> <mrk mtype="seg" mid="234">على سبيل المثال، تكون الكريات الدائرية مفيدة في الآبار التي لم تعد تتدفق فيها الهيدروكربونات بحرية، مثل الآبار الموجودة على مضخات كهربائية مغمورة (ESP) في قاع بئر.</mrk></g></target><sdl:seg-defs><sdl:seg id="231" conf="ApprovedSignOff" origin="interactive"><sdl:value key="SegmentIdentityHash">Tu6oxktFNX7FgDPgBZQZ4ULpdTQ=</sdl:value><sdl:value key="created_by">heba-PC\heba</sdl:value><sdl:value key="created_on">10/09/2017 11:58:50</sdl:value><sdl:value key="last_modified_by">DESKTOP-C8MRIMB\Sherif Youssef</sdl:value><sdl:value key="modified_on">10/12/2017 19:51:02</sdl:value><sdl:value key="SDL:ProjectTranslationHash">-1625382112</sdl:value><sdl:value key="SDL:OriginalTranslationHash">-1625382112</sdl:value></sdl:seg><sdl:seg id="232" conf="ApprovedSignOff" origin="interactive"><sdl:value key="SegmentIdentityHash">OYJv2Ge2YyiCgIv3K1w4yyMSGe0=</sdl:value><sdl:value key="created_by">heba-PC\heba</sdl:value><sdl:value key="created_on">10/09/2017 05:49:24</sdl:value><sdl:value key="last_modified_by">DESKTOP-C8MRIMB\Sherif Youssef</sdl:value><sdl:value key="modified_on">10/12/2017 19:51:03</sdl:value><sdl:value key="SDL:ProjectTranslationHash">-751629326</sdl:value><sdl:value key="SDL:OriginalTranslationHash">-751629326</sdl:value></sdl:seg><sdl:seg id="233" conf="ApprovedSignOff" origin="interactive"><sdl:value key="SegmentIdentityHash">uOKrJLFF15JliiC/VOrOrYHvzNU=</sdl:value><sdl:value key="created_by">heba-PC\heba</sdl:value><sdl:value key="created_on">10/09/2017 11:59:36</sdl:value><sdl:value key="last_modified_by">DESKTOP-C8MRIMB\Sherif Youssef</sdl:value><sdl:value key="modified_on">10/12/2017 19:51:09</sdl:value><sdl:value key="SDL:ProjectTranslationHash">-824725762</sdl:value><sdl:value key="SDL:OriginalTranslationHash">-824725762</sdl:value></sdl:seg><sdl:seg id="234" conf="ApprovedSignOff" origin="interactive"><sdl:value key="SegmentIdentityHash">V4WqbeB4AKBcoUyQtJWi3bTtWuo=</sdl:value><sdl:value key="created_by">heba-PC\heba</sdl:value><sdl:value key="created_on">10/09/2017 12:00:22</sdl:value><sdl:value key="last_modified_by">DESKTOP-C8MRIMB\Sherif Youssef</sdl:value><sdl:value key="modified_on">10/12/2017 19:51:14</sdl:value><sdl:value key="SDL:ProjectTranslationHash">1802989126</sdl:value><sdl:value key="SDL:OriginalTranslationHash">1802989126</sdl:value></sdl:seg></sdl:seg-defs></trans-unit></group><group><sdl:cxts><sdl:cxt id="88"/><sdl:cxt id="2"/></sdl:cxts><trans-unit id="544a5113-b45f-46bd-8fa4-90cc9d0c1d61"><source><g id="527">[00076] In another preferred embodiment of the invention, the shaped pellets may be simply lowered into the well. For instance, the particulates may be placed into a receptacle, such as a wire basket, and suspended at the bottom of the well by various means, such as by a wireline or by being hung to the bottom of a rod pump. When the particulates are depleted of the well treatment agent, the wire basket may then be pulled to the surface and reloaded with additional particulates for further treatment </g></source><seg-source><g id="527"><mrk mtype="seg" mid="235">[00076] In another preferred embodiment of the invention, the shaped pellets may be simply lowered into the well.</mrk> <mrk mtype="seg" mid="236">For instance, the particulates may be placed into a receptacle, such as a wire basket, and suspended at the bottom of the well by various means, such as by a wireline or by being hung to the bottom of a rod pump.</mrk> <mrk mtype="seg" mid="237">When the particulates are depleted of the well treatment agent, the wire basket may then be pulled to the surface and reloaded with additional particulates for further treatment</mrk> </g></seg-source><target><g id="527"><mrk mtype="seg" mid="235">[00076] في تجسيد مفضل آخر للاختراع، يمكن إنزال الكريات المُشكلة ببساطة في البئر.</mrk> <mrk mtype="seg" mid="236">على سبيل المثال، يمكن وضع الدقائق في وعاء، مثل سلة سلكية، وتعليقها عند قاع البئر بواسطة عدة وسائل، مثل بواسطة كبل حفر أو بواسطة تعليقها في قاع مضخة قضيبية.</mrk> <mrk mtype="seg" mid="237">عند استنفاد دقائق عامل معالجة البئر، يمكن بعد ذلك سحب السلة السلكية إلى السطح وإعادة تعبئتها بدقائق إضافية للمعالجة الإضافية.</mrk> </g></target><sdl:seg-defs><sdl:seg id="235" conf="ApprovedSignOff" origin="interactive"><sdl:value key="SegmentIdentityHash">0Gop5Z38VdOC0LGfShUnhhQXZl0=</sdl:value><sdl:value key="created_by">heba-PC\heba</sdl:value><sdl:value key="created_on">10/10/2017 11:35:00</sdl:value><sdl:value key="last_modified_by">DESKTOP-C8MRIMB\Sherif Youssef</sdl:value><sdl:value key="modified_on">10/12/2017 19:51:15</sdl:value><sdl:value key="SDL:ProjectTranslationHash">105996000</sdl:value><sdl:value key="SDL:OriginalTranslationHash">105996000</sdl:value></sdl:seg><sdl:seg id="236" conf="ApprovedSignOff" origin="interactive"><sdl:value key="SegmentIdentityHash">C72BHfCTWFrZALVv4EGhkmGop4Q=</sdl:value><sdl:value key="created_by">heba-PC\heba</sdl:value><sdl:value key="created_on">10/10/2017 11:35:02</sdl:value><sdl:value key="last_modified_by">DESKTOP-C8MRIMB\Sherif Youssef</sdl:value><sdl:value key="modified_on">10/12/2017 19:51:16</sdl:value><sdl:value key="SDL:ProjectTranslationHash">658432633</sdl:value><sdl:value key="SDL:OriginalTranslationHash">658432633</sdl:value></sdl:seg><sdl:seg id="237" conf="ApprovedSignOff" origin="interactive"><sdl:value key="SegmentIdentityHash">d5FCkarj/qqQYWATwqAIaXDjcDo=</sdl:value><sdl:value key="created_by">heba-PC\heba</sdl:value><sdl:value key="created_on">10/10/2017 11:35:05</sdl:value><sdl:value key="last_modified_by">DESKTOP-C8MRIMB\Sherif Youssef</sdl:value><sdl:value key="modified_on">10/12/2017 19:51:17</sdl:value><sdl:value key="SDL:ProjectTranslationHash">-884918347</sdl:value><sdl:value key="SDL:OriginalTranslationHash">-884918347</sdl:value></sdl:seg></sdl:seg-defs></trans-unit></group><group><sdl:cxts><sdl:cxt id="89"/><sdl:cxt id="2"/></sdl:cxts><trans-unit id="67e6f5a3-11b1-448e-ba2c-88e80da3415e"><source><g id="530">[00077] In another embodiment, the pellet may be placed into a receptacle and the receptacle then affixed to the bottom of a bottom hole electric submersible pump by hanging the receptacle from the bottom of the bottom hole electric submersible pump. The bottom hole electric submersible pump with the affixed receptacle may then be lowered into the well.</g></source><seg-source><g id="530"><mrk mtype="seg" mid="238">[00077] In another embodiment, the pellet may be placed into a receptacle and the receptacle then affixed to the bottom of a bottom hole electric submersible pump by hanging the receptacle from the bottom of the bottom hole electric submersible pump.</mrk> <mrk mtype="seg" mid="239">The bottom hole electric submersible pump with the affixed receptacle may then be lowered into the well.</mrk></g></seg-source><target><g id="530"><mrk mtype="seg" mid="238">[00077] في تجسيد آخر، يمكن وضع الكرية في وعاء ومن ثم يتم تثبيت الوعاء بقاع مضخة كهربائية مغمورة أسفل البئر بواسطة تعليق الوعاء من الجزء السفلي للمضخة الكهربائية المغمورة أسفل البئر.</mrk> <mrk mtype="seg" mid="239">يمكن بعد ذلك إنزال المضخة الكهربائية المغمورة أسفل البئر المثبت بها الوعاء في البئر.</mrk></g></target><sdl:seg-defs><sdl:seg id="238" conf="ApprovedSignOff" origin="interactive"><sdl:value key="SegmentIdentityHash">O8XJ5809wBt6CzVr0fPSXmhHYko=</sdl:value><sdl:value key="created_by">heba-PC\heba</sdl:value><sdl:value key="created_on">10/10/2017 11:35:08</sdl:value><sdl:value key="last_modified_by">DESKTOP-C8MRIMB\Sherif Youssef</sdl:value><sdl:value key="modified_on">10/12/2017 19:51:18</sdl:value><sdl:value key="SDL:ProjectTranslationHash">2029366629</sdl:value><sdl:value key="SDL:OriginalTranslationHash">2029366629</sdl:value></sdl:seg><sdl:seg id="239" conf="ApprovedSignOff" origin="interactive"><sdl:value key="SegmentIdentityHash">AQbts1trLpknydnj3NrPPXcPDfg=</sdl:value><sdl:value key="created_by">heba-PC\heba</sdl:value><sdl:value key="created_on">10/10/2017 11:35:10</sdl:value><sdl:value key="last_modified_by">DESKTOP-C8MRIMB\Sherif Youssef</sdl:value><sdl:value key="modified_on">10/12/2017 19:51:19</sdl:value><sdl:value key="SDL:ProjectTranslationHash">-489720841</sdl:value><sdl:value key="SDL:OriginalTranslationHash">-489720841</sdl:value></sdl:seg></sdl:seg-defs></trans-unit></group><group><sdl:cxts><sdl:cxt id="90"/><sdl:cxt id="2"/></sdl:cxts><trans-unit id="a1369aa5-fcda-46d6-bc42-16e22d67b0e5"><source><g id="533">[00078] The shaped compressed pellet may be used in completion or production services. The shaped compressed pellet may be used in the well to remove undesired contaminants from or control the formation of undesired contaminants onto tubular surface equipment within the wellbore</g></source><seg-source><g id="533"><mrk mtype="seg" mid="240">[00078] The shaped compressed pellet may be used in completion or production services.</mrk> <mrk mtype="seg" mid="241">The shaped compressed pellet may be used in the well to remove undesired contaminants from or control the formation of undesired contaminants onto tubular surface equipment within the wellbore</mrk></g></seg-source><target><g id="533"><mrk mtype="seg" mid="240">[00078] يمكن استخدام الكرية المضغوطة المُشكلة في خدمات الإكمال أو الإنتاج.</mrk> <mrk mtype="seg" mid="241">يمكن استخدام الكرية المضغوطة المُشكلة في البئر لإزالة الملوثات غير المرغوب فيها من أو التحكم في تَكَوّن الملوثات غير المرغوب فيها على أنابيب المعدات السطحية الموجودة في حفرة البئر.</mrk></g></target><sdl:seg-defs><sdl:seg id="240" conf="ApprovedSignOff" origin="interactive"><sdl:value key="SegmentIdentityHash">1pnf74NPBqYywHDPRbEauXt5ROM=</sdl:value><sdl:value key="created_by">heba-PC\heba</sdl:value><sdl:value key="created_on">10/10/2017 11:35:13</sdl:value><sdl:value key="last_modified_by">DESKTOP-C8MRIMB\Sherif Youssef</sdl:value><sdl:value key="modified_on">10/12/2017 19:51:28</sdl:value><sdl:value key="SDL:ProjectTranslationHash">1949023151</sdl:value><sdl:value key="SDL:OriginalTranslationHash">1949023151</sdl:value></sdl:seg><sdl:seg id="241" conf="ApprovedSignOff" origin="interactive"><sdl:value key="SegmentIdentityHash">nV/OnKpuvnQf3DcyN8kufY/uvuQ=</sdl:value><sdl:value key="created_by">heba-PC\heba</sdl:value><sdl:value key="created_on">10/10/2017 11:35:15</sdl:value><sdl:value key="last_modified_by">DESKTOP-C8MRIMB\Sherif Youssef</sdl:value><sdl:value key="modified_on">10/12/2017 19:51:29</sdl:value><sdl:value key="SDL:ProjectTranslationHash">-2116602105</sdl:value><sdl:value key="SDL:OriginalTranslationHash">-2116602105</sdl:value></sdl:seg></sdl:seg-defs></trans-unit></group><group><sdl:cxts><sdl:cxt id="91"/><sdl:cxt id="2"/></sdl:cxts><trans-unit id="cdb23f3a-4af8-4ba6-a527-aac25814e535"><source><g id="536">[00079] The well treatment agent is preferably a liquid material. If the well treatment agent is a solid, it can be dissolved in a suitable solvent, thus making it a liquid.</g></source><seg-source><g id="536"><mrk mtype="seg" mid="242">[00079] The well treatment agent is preferably a liquid material.</mrk> <mrk mtype="seg" mid="243">If the well treatment agent is a solid, it can be dissolved in a suitable solvent, thus making it a liquid.</mrk></g></seg-source><target><g id="536"><mrk mtype="seg" mid="242">[00079] يفضل أن يكون عامل معالجة البئر عبارة عن مادة سائلة.</mrk> <mrk mtype="seg" mid="243">إذا كان عامل معالجة البئر عبارة عن مادة صلبة، يمكن إذابته في مذيب مناسب، وبالتالي يتم تحويله إلى سائل.</mrk></g></target><sdl:seg-defs><sdl:seg id="242" conf="ApprovedSignOff" origin="interactive"><sdl:value key="SegmentIdentityHash">V+K9wzSSAZOqTM1/Emf7O6cbbqw=</sdl:value><sdl:value key="created_by">heba-PC\heba</sdl:value><sdl:value key="created_on">10/09/2017 12:02:03</sdl:value><sdl:value key="last_modified_by">DESKTOP-C8MRIMB\Sherif Youssef</sdl:value><sdl:value key="modified_on">10/12/2017 19:51:30</sdl:value><sdl:value key="SDL:ProjectTranslationHash">580938929</sdl:value><sdl:value key="SDL:OriginalTranslationHash">580938929</sdl:value></sdl:seg><sdl:seg id="243" conf="ApprovedSignOff" origin="interactive"><sdl:value key="SegmentIdentityHash">YV/vyw2ov6PTE8g5LlVqUsNSRIg=</sdl:value><sdl:value key="created_by">heba-PC\heba</sdl:value><sdl:value key="created_on">10/09/2017 12:02:21</sdl:value><sdl:value key="last_modified_by">DESKTOP-C8MRIMB\Sherif Youssef</sdl:value><sdl:value key="modified_on">10/12/2017 19:51:30</sdl:value><sdl:value key="SDL:ProjectTranslationHash">-635462865</sdl:value><sdl:value key="SDL:OriginalTranslationHash">-635462865</sdl:value></sdl:seg></sdl:seg-defs></trans-unit></group><group><sdl:cxts><sdl:cxt id="92"/><sdl:cxt id="2"/></sdl:cxts><trans-unit id="473cf375-0c9c-4196-bd0a-e9c79b14d3a3"><source><g id="539">[00080] The well treatment agent is preferably water soluble or soluble in aliphatic and aromatic hydrocarbons. In a preferred embodiment, the well treatment agent may be at least one member selected from the group consisting of demulsifying agents (both water-in-oil or oil-in-water), corrosion inhibitors, scale inhibitors, paraffin inhibitors, gas hydrate inhibitors, salt formation inhibitors, asphaltene dispersants, foaming agents, oxygen scavengers, hydrogen sulfide scavengers, water soluble tracers, oil soluble traders, biocides and surfactants as well as other agents wherein slow release into the production well is desired.</g></source><seg-source><g id="539"><mrk mtype="seg" mid="244">[00080] The well treatment agent is preferably water soluble or soluble in aliphatic and aromatic hydrocarbons.</mrk> <mrk mtype="seg" mid="245">In a preferred embodiment, the well treatment agent may be at least one member selected from the group consisting of demulsifying agents (both water-in-oil or oil-in-water), corrosion inhibitors, scale inhibitors, paraffin inhibitors, gas hydrate inhibitors, salt formation inhibitors, asphaltene dispersants, foaming agents, oxygen scavengers, hydrogen sulfide scavengers, water soluble tracers, oil soluble traders, biocides and surfactants as well as other agents wherein slow release into the production well is desired.</mrk></g></seg-source><target><g id="539"><mrk mtype="seg" mid="244">[00080] يفضل أن يكون عامل معالجة البئر قابل للذوبان في الماء أو قابل للذوبان في هيدروكربونات أليفاتية أو أروماتية.</mrk> <mrk mtype="seg" mid="245">في تجسيد مفضل، يمكن أن يكون عامل معالجة البئر عبارة عن عضو واحد على الأقل يتم اختياره من المجموعة التي تتألف من عوامل مزيلة للمستحلبات (كل من الماء في زيت أو الزيت في ماء)، مثبطات التآكل، مثبطات القشور، مثبطات بارافين، مثبطات هيدرات الغاز، مثبطات تَكَوّن الملح، مشتتات الأسفلتين، عوامل تكوين رغوة، عوامل كسح أكسجين، عوامل سلفيد الهيدروجين، عوامل تتبع قابلة للذوبان في الماء، عوامل تتبع قابلة للذوبان في الزيت، مبيدات حيوية ومواد خافضة للتوتر السطحي بالإضافة إلى عوامل أخرى حيث يكون الإطلاق البطيء في بئر الإنتاج مطلوبًا.</mrk></g></target><sdl:seg-defs><sdl:seg id="244" conf="ApprovedSignOff" origin="interactive"><sdl:value key="SegmentIdentityHash">5SXN3wF2v0ygtzmLeFyvDUR/dtA=</sdl:value><sdl:value key="created_by">heba-PC\heba</sdl:value><sdl:value key="created_on">10/09/2017 12:03:21</sdl:value><sdl:value key="last_modified_by">DESKTOP-C8MRIMB\Sherif Youssef</sdl:value><sdl:value key="modified_on">10/12/2017 19:51:31</sdl:value><sdl:value key="SDL:ProjectTranslationHash">1263598524</sdl:value><sdl:value key="SDL:OriginalTranslationHash">1263598524</sdl:value></sdl:seg><sdl:seg id="245" conf="ApprovedSignOff" origin="interactive"><sdl:value key="SegmentIdentityHash">F5DTaCnALh/x3zi+xnRZh7E5kvg=</sdl:value><sdl:value key="created_by">heba-PC\heba</sdl:value><sdl:value key="created_on">10/10/2017 11:35:19</sdl:value><sdl:value key="last_modified_by">DESKTOP-C8MRIMB\Sherif Youssef</sdl:value><sdl:value key="modified_on">10/12/2017 19:51:33</sdl:value><sdl:value key="SDL:ProjectTranslationHash">-71175771</sdl:value><sdl:value key="SDL:OriginalTranslationHash">-71175771</sdl:value></sdl:seg></sdl:seg-defs></trans-unit></group><group><sdl:cxts><sdl:cxt id="93"/><sdl:cxt id="2"/></sdl:cxts><trans-unit id="ba33abd9-fe35-4a52-bfbc-80bcd1f1b548"><source><g id="548">[00081] When fluid is produced, the well treatment agent may desorb into its respective solubilizing liquid. For instance, where a solid well treatment is an inhibitor for scales, corrosion, salts or biocidal action, the treatment agent may desorb into produced water. In the absence of water flow, the well treatment agent may remain intact on the solid adsorbent. As another example, solid inhibitors for paraffin or asphaltene may desorb into the hydrocarbon phase of produced fluid.</g></source><seg-source><g id="548"><mrk mtype="seg" mid="246">[00081] When fluid is produced, the well treatment agent may desorb into its respective solubilizing liquid.</mrk> <mrk mtype="seg" mid="247">For instance, where a solid well treatment is an inhibitor for scales, corrosion, salts or biocidal action, the treatment agent may desorb into produced water.</mrk> <mrk mtype="seg" mid="248">In the absence of water flow, the well treatment agent may remain intact on the solid adsorbent.</mrk> <mrk mtype="seg" mid="249">As another example, solid inhibitors for paraffin or asphaltene may desorb into the hydrocarbon phase of produced fluid.</mrk></g></seg-source><target><g id="548"><mrk mtype="seg" mid="246">[00081] عند إنتاج المائع، يمكن تصعيد عامل معالجة البئر في سائل الإذابة ذو الصلة الخاص به.</mrk> <mrk mtype="seg" mid="247">على سبيل المثال، عندما يكون عامل معالجة البئر الصلب عبارة عن مثبط للقشور، التآكل، الأملاح أو تأثير المبيد الحيوي، يمكن تصعيد عامل المعالجة في الماء المنتج.</mrk> <mrk mtype="seg" mid="248">في غياب تدفق الماء، يمكن أن يظل عامل معالجة البئر سليمًا على المادة الممتزة الصلبة.</mrk> <mrk mtype="seg" mid="249">كمثال آخر، يمكن تصعيد المثبطات الصلبة للبارافين أو الأسفلتين في الطور الهيدروكربوني للمائع المنتج.</mrk></g></target><sdl:seg-defs><sdl:seg id="246" conf="ApprovedSignOff" origin="interactive"><sdl:value key="SegmentIdentityHash">i2Z701Cca0a0dZp2B8p7SxKChfc=</sdl:value><sdl:value key="created_by">heba-PC\heba</sdl:value><sdl:value key="created_on">10/10/2017 11:35:24</sdl:value><sdl:value key="last_modified_by">DESKTOP-C8MRIMB\Sherif Youssef</sdl:value><sdl:value key="modified_on">10/12/2017 19:51:39</sdl:value><sdl:value key="SDL:ProjectTranslationHash">-1279427551</sdl:value><sdl:value key="SDL:OriginalTranslationHash">-1279427551</sdl:value></sdl:seg><sdl:seg id="247" conf="ApprovedSignOff" origin="interactive"><sdl:value key="SegmentIdentityHash">eFwG9My+aGsCj4Uo1ZOPliK3V/I=</sdl:value><sdl:value key="created_by">heba-PC\heba</sdl:value><sdl:value key="created_on">10/10/2017 11:35:27</sdl:value><sdl:value key="last_modified_by">DESKTOP-C8MRIMB\Sherif Youssef</sdl:value><sdl:value key="modified_on">10/12/2017 19:51:40</sdl:value><sdl:value key="SDL:ProjectTranslationHash">716957220</sdl:value><sdl:value key="SDL:OriginalTranslationHash">716957220</sdl:value></sdl:seg><sdl:seg id="248" conf="ApprovedSignOff" origin="interactive"><sdl:value key="SegmentIdentityHash">TnHG+FuZXlhLiz8QD6ItYen9EnU=</sdl:value><sdl:value key="created_by">heba-PC\heba</sdl:value><sdl:value key="created_on">10/10/2017 11:35:29</sdl:value><sdl:value key="last_modified_by">DESKTOP-C8MRIMB\Sherif Youssef</sdl:value><sdl:value key="modified_on">10/12/2017 19:51:40</sdl:value><sdl:value key="SDL:ProjectTranslationHash">433254804</sdl:value><sdl:value key="SDL:OriginalTranslationHash">433254804</sdl:value></sdl:seg><sdl:seg id="249" conf="ApprovedSignOff" origin="interactive"><sdl:value key="SegmentIdentityHash">mNSiDJbPskhe7HEepB5jJjcYn64=</sdl:value><sdl:value key="created_by">heba-PC\heba</sdl:value><sdl:value key="created_on">10/10/2017 11:35:33</sdl:value><sdl:value key="last_modified_by">DESKTOP-C8MRIMB\Sherif Youssef</sdl:value><sdl:value key="modified_on">10/12/2017 19:51:41</sdl:value><sdl:value key="SDL:ProjectTranslationHash">814227536</sdl:value><sdl:value key="SDL:OriginalTranslationHash">814227536</sdl:value></sdl:seg></sdl:seg-defs></trans-unit></group><group><sdl:cxts><sdl:cxt id="94"/><sdl:cxt id="2"/></sdl:cxts><trans-unit id="545d2716-5d7a-450d-8791-61a8cb90e95f"><source><g id="551">[00082] The shaped pellets of the invention may be employed with carrier or treatment fluids in order to facilitate placement of the composite to a desired location within the formation. In this regard, any carrier fluid suitable for transporting the composite may be used. Well treatment compositions containing the composite may be gelled or non-gelled. In one embodiment, the well treatment composites described herein may be introduced or pumped into a well as neutrally buoyant particles in, for example, a saturated sodium chloride solution carrier fluid or a carrier fluid that is any other completion or workover brine known in the art. Suitable carrier fluids include or may be used in combination with fluids have gelling agents, cross-linking agents, gel breakers, surfactants, foaming agents, demulsifiers, buffers, clay stabilizers, acids, or mixtures thereof. The shaped compressed pellets may further be advantageously employed in liquefied gas and foamed gas carrier fluids, such as liquid CO2, CO2/N2, and foamed N2 in CO2 based systems.</g></source><seg-source><g id="551"><mrk mtype="seg" mid="250">[00082] The shaped pellets of the invention may be employed with carrier or treatment fluids in order to facilitate placement of the composite to a desired location within the formation.</mrk> <mrk mtype="seg" mid="251">In this regard, any carrier fluid suitable for transporting the composite may be used.</mrk> <mrk mtype="seg" mid="252">Well treatment compositions containing the composite may be gelled or non-gelled.</mrk> <mrk mtype="seg" mid="253">In one embodiment, the well treatment composites described herein may be introduced or pumped into a well as neutrally buoyant particles in, for example, a saturated sodium chloride solution carrier fluid or a carrier fluid that is any other completion or workover brine known in the art.</mrk> <mrk mtype="seg" mid="254">Suitable carrier fluids include or may be used in combination with fluids have gelling agents, cross-linking agents, gel breakers, surfactants, foaming agents, demulsifiers, buffers, clay stabilizers, acids, or mixtures thereof.</mrk> <mrk mtype="seg" mid="255">The shaped compressed pellets may further be advantageously employed in liquefied gas and foamed gas carrier fluids, such as liquid CO2, CO2/N2, and foamed N2 in CO2 based systems.</mrk></g></seg-source><target><g id="551"><mrk mtype="seg" mid="250">[00082] يمكن استخدام الكريات المُشكلة الخاصة بالاختراع مع مادة حاملة أو موائع معالجة لتسهيل وضع المادة المركبة بموضع مطلوب في التكوين.</mrk> <mrk mtype="seg" mid="251">في هذا الصدد، يمكن استخدام أي مائع حامل مناسب لنقل المادة المركبة.</mrk> <mrk mtype="seg" mid="252">يمكن تحويل أو عم تحويل تركيبات معالجة البئر التي تحتوي على المادة المركبة إلى هلام.</mrk> <mrk mtype="seg" mid="253">في أحد التجسيدات، يمكن إدخال مواد معالجة البئر المركبة أو ضخها في بئر في صورة جسيمات طافية بصورة طبيعية في، على سبيل المثال، مادة حامل من كلوريد صوديوم مشبع أو مائع حامل عبارة عن أي براين إكمال أو صيانة معروف في المجال.</mrk> <mrk mtype="seg" mid="254">تتضمن الموائع الحاملة المناسبة أو يمكن استخدامها في توليفة مع موائع بها عوامل تحويل إلى هلام، عوامل ربط تشابكي، عوامل تكسير هلام، مواد خافضة للتوتر السطحي، عوامل تكوين رغوة، عوامل مزيلة للرغوة، عوامل منظمة، مثبتات طفل، أحماض، أو خلائط منها.</mrk> <mrk mtype="seg" mid="255">كما يمكن استخدام الكريات المضغوطة المُشكلة على نحو مميز في موائع حاملة من غاز مسال وغاز رغوي، مثل CO2 سائل، CO2/N2، وN2 رغوي في أنظمة أساسها CO2.</mrk></g></target><sdl:seg-defs><sdl:seg id="250" conf="ApprovedSignOff" origin="interactive"><sdl:value key="SegmentIdentityHash">Cniz/ssC5mhglqh4BVcjEj8jI1k=</sdl:value><sdl:value key="created_by">heba-PC\heba</sdl:value><sdl:value key="created_on">10/10/2017 11:35:36</sdl:value><sdl:value key="last_modified_by">DESKTOP-C8MRIMB\Sherif Youssef</sdl:value><sdl:value key="modified_on">10/12/2017 19:51:42</sdl:value><sdl:value key="SDL:ProjectTranslationHash">1559507835</sdl:value><sdl:value key="SDL:OriginalTranslationHash">1559507835</sdl:value></sdl:seg><sdl:seg id="251" conf="ApprovedSignOff" origin="interactive"><sdl:value key="SegmentIdentityHash">yKvdqOI0dnNIp31qbdVGc7yMrwM=</sdl:value><sdl:value key="created_by">heba-PC\heba</sdl:value><sdl:value key="created_on">10/10/2017 11:35:39</sdl:value><sdl:value key="last_modified_by">DESKTOP-C8MRIMB\Sherif Youssef</sdl:value><sdl:value key="modified_on">10/12/2017 19:51:43</sdl:value><sdl:value key="SDL:ProjectTranslationHash">77909528</sdl:value><sdl:value key="SDL:OriginalTranslationHash">77909528</sdl:value></sdl:seg><sdl:seg id="252" conf="ApprovedSignOff" origin="interactive"><sdl:value key="SegmentIdentityHash">XDPCyK3eQO4BxESw3mHaoXHqjtk=</sdl:value><sdl:value key="created_by">heba-PC\heba</sdl:value><sdl:value key="created_on">10/10/2017 11:35:42</sdl:value><sdl:value key="last_modified_by">DESKTOP-C8MRIMB\Sherif Youssef</sdl:value><sdl:value key="modified_on">10/12/2017 19:51:43</sdl:value><sdl:value key="SDL:ProjectTranslationHash">-1580604966</sdl:value><sdl:value key="SDL:OriginalTranslationHash">-1580604966</sdl:value></sdl:seg><sdl:seg id="253" conf="ApprovedSignOff" origin="interactive"><sdl:value key="SegmentIdentityHash">I6h4/XsA0AM39kIZ3xds6SG4aw0=</sdl:value><sdl:value key="created_by">heba-PC\heba</sdl:value><sdl:value key="created_on">10/10/2017 11:35:45</sdl:value><sdl:value key="last_modified_by">DESKTOP-C8MRIMB\Sherif Youssef</sdl:value><sdl:value key="modified_on">10/12/2017 19:51:44</sdl:value><sdl:value key="SDL:ProjectTranslationHash">1604866814</sdl:value><sdl:value key="SDL:OriginalTranslationHash">1604866814</sdl:value></sdl:seg><sdl:seg id="254" conf="ApprovedSignOff" origin="interactive"><sdl:value key="SegmentIdentityHash">7Xr4XWesRKBTwJGcRQe1vwAVW4w=</sdl:value><sdl:value key="created_by">heba-PC\heba</sdl:value><sdl:value key="created_on">10/10/2017 11:35:48</sdl:value><sdl:value key="last_modified_by">DESKTOP-C8MRIMB\Sherif Youssef</sdl:value><sdl:value key="modified_on">10/12/2017 19:51:50</sdl:value><sdl:value key="SDL:ProjectTranslationHash">739353147</sdl:value><sdl:value key="SDL:OriginalTranslationHash">739353147</sdl:value></sdl:seg><sdl:seg id="255" conf="ApprovedSignOff" origin="interactive"><sdl:value key="SegmentIdentityHash">7h09EAEQmiTdZIRF21a9qLXvBik=</sdl:value><sdl:value key="created_by">heba-PC\heba</sdl:value><sdl:value key="created_on">10/09/2017 05:50:06</sdl:value><sdl:value key="last_modified_by">DESKTOP-C8MRIMB\Sherif Youssef</sdl:value><sdl:value key="modified_on">10/12/2017 19:51:54</sdl:value><sdl:value key="SDL:ProjectTranslationHash">-892447078</sdl:value><sdl:value key="SDL:OriginalTranslationHash">-892447078</sdl:value></sdl:seg></sdl:seg-defs></trans-unit></group><group><sdl:cxts><sdl:cxt id="95"/><sdl:cxt id="2"/></sdl:cxts><trans-unit id="b632bfc2-f7ac-43d5-83e8-1a9011aa105f"><source><g id="554">[00083] The carrier fluid may be a brine (such as a saturated potassium chloride or sodium chloride solution), salt water, fresh water, a liquid hydrocarbon, or a gas such as nitrogen or carbon dioxide. The amount of composite present in the well treating composition is typically between from about 15 ppm to about 100,000 ppm depending upon the severity of the scale deposition. Suitable compositions include fracturing fluids, completion fluids, acidizing compositions, etc.</g></source><seg-source><g id="554"><mrk mtype="seg" mid="256">[00083] The carrier fluid may be a brine (such as a saturated potassium chloride or sodium chloride solution), salt water, fresh water, a liquid hydrocarbon, or a gas such as nitrogen or carbon dioxide.</mrk> <mrk mtype="seg" mid="257">The amount of composite present in the well treating composition is typically between from about 15 ppm to about 100,000 ppm depending upon the severity of the scale deposition.</mrk> <mrk mtype="seg" mid="258">Suitable compositions include fracturing fluids, completion fluids, acidizing compositions, etc.</mrk></g></seg-source><target><g id="554"><mrk mtype="seg" mid="256">[00083] يمكن أن يكون المائع الحامل عبارة عن براين (مثل محلول مشبع من كلوريد البوتاسيوم أو كلوريد الكالسيوم)، ماء مالح، ماء عذب، هيدروكربون سائل، أو غاز مثل النيتروجين أو ثاني أكسيد الكربون.</mrk> <mrk mtype="seg" mid="257">تتراوح كمية المادة المركبة الموجودة في تركيبة معالجة البئر نمطيًا من حوالي 15 جزء في المليون إلى حوالي 100000 جزء في المليون بناءً على خطوة ترسب القشور.</mrk> <mrk mtype="seg" mid="258">تتضمن التركيبات المناسبة موائع تكوين صدوع، موائع إكمال، تركيبات معالجة بالحمض، وهكذا.</mrk></g></target><sdl:seg-defs><sdl:seg id="256" conf="ApprovedSignOff" origin="interactive"><sdl:value key="SegmentIdentityHash">Hfgl8ZyX2siw4ja2v8zMVGb2gak=</sdl:value><sdl:value key="created_by">heba-PC\heba</sdl:value><sdl:value key="created_on">10/10/2017 11:35:52</sdl:value><sdl:value key="last_modified_by">DESKTOP-C8MRIMB\Sherif Youssef</sdl:value><sdl:value key="modified_on">10/12/2017 19:51:55</sdl:value><sdl:value key="SDL:ProjectTranslationHash">1152417265</sdl:value><sdl:value key="SDL:OriginalTranslationHash">1152417265</sdl:value></sdl:seg><sdl:seg id="257" conf="ApprovedSignOff" origin="interactive"><sdl:value key="SegmentIdentityHash">G3sZwZPLlcvAPv3FQHy++J058qo=</sdl:value><sdl:value key="created_by">heba-PC\heba</sdl:value><sdl:value key="created_on">10/10/2017 11:35:54</sdl:value><sdl:value key="last_modified_by">DESKTOP-C8MRIMB\Sherif Youssef</sdl:value><sdl:value key="modified_on">10/12/2017 19:51:55</sdl:value><sdl:value key="SDL:ProjectTranslationHash">-1715760854</sdl:value><sdl:value key="SDL:OriginalTranslationHash">-1715760854</sdl:value></sdl:seg><sdl:seg id="258" conf="ApprovedSignOff" origin="interactive"><sdl:value key="SegmentIdentityHash">P3jZMQp09LyVOyAddLTMe28uKa0=</sdl:value><sdl:value key="created_by">heba-PC\heba</sdl:value><sdl:value key="created_on">10/10/2017 11:35:57</sdl:value><sdl:value key="last_modified_by">DESKTOP-C8MRIMB\Sherif Youssef</sdl:value><sdl:value key="modified_on">10/12/2017 19:51:56</sdl:value><sdl:value key="SDL:ProjectTranslationHash">1538652183</sdl:value><sdl:value key="SDL:OriginalTranslationHash">1538652183</sdl:value></sdl:seg></sdl:seg-defs></trans-unit></group><group><sdl:cxts><sdl:cxt id="96"/><sdl:cxt id="2"/></sdl:cxts><trans-unit id="a2b6cb65-f704-4090-ab97-f13d1a41cc2b"><source><g id="557">[00084] In a particularly preferred embodiment, the shaped compressed pellets are used in wells in order inhibit the formation of scales, control the formation of scales or retard the release of scale inhibitors into the well. Suitable scale inhibitors are those which are efficacious in the treatment of scales of calcium, barium, magnesium salts and the like, including barium sulfate, calcium sulfate, and calcium carbonate scales as well as inorganic scales, such as zinc sulfide, iron sulfide, etc.</g></source><seg-source><g id="557"><mrk mtype="seg" mid="259">[00084] In a particularly preferred embodiment, the shaped compressed pellets are used in wells in order inhibit the formation of scales, control the formation of scales or retard the release of scale inhibitors into the well.</mrk> <mrk mtype="seg" mid="260">Suitable scale inhibitors are those which are efficacious in the treatment of scales of calcium, barium, magnesium salts and the like, including barium sulfate, calcium sulfate, and calcium carbonate scales as well as inorganic scales, such as zinc sulfide, iron sulfide, etc.</mrk></g></seg-source><target><g id="557"><mrk mtype="seg" mid="259">[00084] في تجسيد مفضل على وجه التحديد، يتم استخدام الكريات المضغوطة المُشكلة لتثبيط تَكَوّن القشور، التحكم في تَكَوّن القشور أو تأخير إطلاق مثبطات القشور في البئر.</mrk> <mrk mtype="seg" mid="260">تتمثل مثبطات القشور المناسبة في تلك التي تكون فعالة في معالجة قشور أملاح الكالسيوم، الباريوم، الماجنسيوم وما شابه، والتي تتضمن قشور سلفات الباريوم، سلفات الكالسيوم، وكربونات الكالسيوم بالإضافة إلى قشور غير عضوية، مثل سلفيد الزنك، سلفيد الحديد، وهكذا.</mrk></g></target><sdl:seg-defs><sdl:seg id="259" conf="ApprovedSignOff" origin="interactive"><sdl:value key="SegmentIdentityHash">GzP74TFffgmyZqD2rgu2cQALG9M=</sdl:value><sdl:value key="created_by">heba-PC\heba</sdl:value><sdl:value key="created_on">10/10/2017 11:36:00</sdl:value><sdl:value key="last_modified_by">DESKTOP-C8MRIMB\Sherif Youssef</sdl:value><sdl:value key="modified_on">10/12/2017 19:51:57</sdl:value><sdl:value key="SDL:ProjectTranslationHash">1678411212</sdl:value><sdl:value key="SDL:OriginalTranslationHash">1678411212</sdl:value></sdl:seg><sdl:seg id="260" conf="ApprovedSignOff" origin="interactive"><sdl:value key="SegmentIdentityHash">kBOhLa6MVmb76iW0BUztaZFiOOI=</sdl:value><sdl:value key="created_by">heba-PC\heba</sdl:value><sdl:value key="created_on">10/10/2017 11:36:03</sdl:value><sdl:value key="last_modified_by">DESKTOP-C8MRIMB\Sherif Youssef</sdl:value><sdl:value key="modified_on">10/12/2017 19:51:57</sdl:value><sdl:value key="SDL:ProjectTranslationHash">453870297</sdl:value><sdl:value key="SDL:OriginalTranslationHash">453870297</sdl:value></sdl:seg></sdl:seg-defs></trans-unit></group><group><sdl:cxts><sdl:cxt id="97"/><sdl:cxt id="2"/></sdl:cxts><trans-unit id="0bca46aa-6a6b-4cc7-9196-5282236bb297"><source><g id="566">[00085] Suitable scale inhibitors are anionic scale inhibitors.</g></source><seg-source><g id="566"><mrk mtype="seg" mid="261">[00085] Suitable scale inhibitors are anionic scale inhibitors.</mrk></g></seg-source><target><g id="566"><mrk mtype="seg" mid="261">[00085] تتمثل مثبطات قشور مناسبة في مثبطات قشور أنيونية.</mrk></g></target><sdl:seg-defs><sdl:seg id="261" conf="ApprovedSignOff" origin="interactive"><sdl:value key="SegmentIdentityHash">5NESKH5zagQb4KKAeLHKjq2D4b8=</sdl:value><sdl:value key="created_by">heba-PC\heba</sdl:value><sdl:value key="created_on">10/09/2017 12:04:16</sdl:value><sdl:value key="last_modified_by">DESKTOP-C8MRIMB\Sherif Youssef</sdl:value><sdl:value key="modified_on">10/12/2017 19:51:58</sdl:value><sdl:value key="SDL:ProjectTranslationHash">-1511585131</sdl:value><sdl:value key="SDL:OriginalTranslationHash">-1511585131</sdl:value></sdl:seg></sdl:seg-defs></trans-unit></group><group><sdl:cxts><sdl:cxt id="98"/><sdl:cxt id="2"/></sdl:cxts><trans-unit id="7c59449d-2414-433d-bb33-6d5b24185e45"><source><g id="569">[00086] Exemplary scale inhibitors are strong acidic materials such as a phosphonic acid, a phosphoric acid or a phosphorous acid, phosphate esters, phosphonate/phosphonic acids, the various aminopoly carboxylic acids, chelating agents, and polymeric inhibitors and salts thereof thereof. Included are organo phosphonates, organo phosphates and phosphate esters as well as the corresponding acids and salts thereof.</g></source><seg-source><g id="569"><mrk mtype="seg" mid="262">[00086] Exemplary scale inhibitors are strong acidic materials such as a phosphonic acid, a phosphoric acid or a phosphorous acid, phosphate esters, phosphonate/phosphonic acids, the various aminopoly carboxylic acids, chelating agents, and polymeric inhibitors and salts thereof thereof.</mrk> <mrk mtype="seg" mid="263">Included are organo phosphonates, organo phosphates and phosphate esters as well as the corresponding acids and salts thereof.</mrk></g></seg-source><target><g id="569"><mrk mtype="seg" mid="262">[00086] تكون مثبطات القشور التوضيحية عبارة عن مواد حمضية قوية مثل حمض فوسفونيك، حمض فوسفوريك أو حمض الفوسفور، إسترات الفوسفات، أحماض الفوسفونات/الفوسفونيك، العديد من أحماض أمينو بولي كربوكسيلية، عامل خلابية، ومثبطات بوليمرية وأملاح منها.</mrk> <mrk mtype="seg" mid="263">يتم تضمين مركبات فوسفونات عضوية، مركبات فوسفات عضوية وإسترات فوسفات بالإضافة إلى أحماض مناظرة وأملاح منها.</mrk></g></target><sdl:seg-defs><sdl:seg id="262" conf="ApprovedSignOff" origin="interactive"><sdl:value key="SegmentIdentityHash">bmi7G6Itt24E0czNUX2jk022Ajs=</sdl:value><sdl:value key="created_by">heba-PC\heba</sdl:value><sdl:value key="created_on">10/10/2017 11:36:08</sdl:value><sdl:value key="last_modified_by">DESKTOP-C8MRIMB\Sherif Youssef</sdl:value><sdl:value key="modified_on">10/12/2017 19:51:58</sdl:value><sdl:value key="SDL:ProjectTranslationHash">-1738189935</sdl:value><sdl:value key="SDL:OriginalTranslationHash">-1738189935</sdl:value></sdl:seg><sdl:seg id="263" conf="ApprovedSignOff" origin="interactive"><sdl:value key="SegmentIdentityHash">fC3RSkBmXFT0MdtE1mXB7UVyNFU=</sdl:value><sdl:value key="created_by">heba-PC\heba</sdl:value><sdl:value key="created_on">10/10/2017 11:36:12</sdl:value><sdl:value key="last_modified_by">DESKTOP-C8MRIMB\Sherif Youssef</sdl:value><sdl:value key="modified_on">10/12/2017 19:51:59</sdl:value><sdl:value key="SDL:ProjectTranslationHash">167468357</sdl:value><sdl:value key="SDL:OriginalTranslationHash">167468357</sdl:value></sdl:seg></sdl:seg-defs></trans-unit></group><group><sdl:cxts><sdl:cxt id="99"/><sdl:cxt id="2"/></sdl:cxts><trans-unit id="9aa64803-b61e-40f1-b2a2-6de1114d56f2"><source><g id="572">[00087] Phosphonate/phosphonic acid type scale inhibitors are often preferred in light of their effectiveness to control scales at relatively low concentration. Polymeric scale inhibitors, such as polyacrylamides, salts of acrylamido-methyl propane sulfonate/acrylic acid copolymer (AMPS/AA), salts of sulfonated co-polymer (VS-Co), phosphinated maleic copolymer (PHOS/MA) or sodium salt of polymaleic acid/acrylic acid/acrylamido-methyl propane sulfonate terpolymers (PMA/AMPS), are also effective scale inhibitors. Sodium salts are preferred.</g></source><seg-source><g id="572"><mrk mtype="seg" mid="264">[00087] Phosphonate/phosphonic acid type scale inhibitors are often preferred in light of their effectiveness to control scales at relatively low concentration.</mrk> <mrk mtype="seg" mid="265">Polymeric scale inhibitors, such as polyacrylamides, salts of acrylamido-methyl propane sulfonate/acrylic acid copolymer (AMPS/AA), salts of sulfonated co-polymer (VS-Co), phosphinated maleic copolymer (PHOS/MA) or sodium salt of polymaleic acid/acrylic acid/acrylamido-methyl propane sulfonate terpolymers (PMA/AMPS), are also effective scale inhibitors.</mrk> <mrk mtype="seg" mid="266">Sodium salts are preferred.</mrk></g></seg-source><target><g id="572"><mrk mtype="seg" mid="264">[00087] تكون مثبطات القشور من نوع حمض الفوسفونات/الفوسفونيك مفضلة في ضوء فاعليتها في التحكم في القشور عند تركيز منخفض نسبيًا.</mrk> <mrk mtype="seg" mid="265">تعتبر مثبطات القشور البوليمرية، مثل مركبات البولي أكريلاميد، أملاح من بوليمر مشترك من أكريلاميدو-ميثيل بروبان سلفونات/حمض أكريليك (AMPS/AA)، أملاح من بوليمر مشترك معالج بالسلفونات (VS-Co)، بوليمر مشترك من مالييك معالج بالفوسفينات (PHOS/MA) أو ملح صوديوم من بوليمر ثلاثي من حمض بولي مالييك/حمض أكريليك/أكريلاميدو-ميثيل بروبان سلفونات (PMA/AMPS)، مثبطات قشور فعالة أيضًا.</mrk> <mrk mtype="seg" mid="266">تكون أملاح الصوديوم مفضلة.</mrk></g></target><sdl:seg-defs><sdl:seg id="264" conf="ApprovedSignOff" origin="interactive"><sdl:value key="SegmentIdentityHash">9IDcsicbRbVhpl2P9DjBKXcIalQ=</sdl:value><sdl:value key="created_by">heba-PC\heba</sdl:value><sdl:value key="created_on">10/10/2017 11:36:16</sdl:value><sdl:value key="last_modified_by">DESKTOP-C8MRIMB\Sherif Youssef</sdl:value><sdl:value key="modified_on">10/12/2017 19:52:00</sdl:value><sdl:value key="SDL:ProjectTranslationHash">-1167850843</sdl:value><sdl:value key="SDL:OriginalTranslationHash">-1167850843</sdl:value></sdl:seg><sdl:seg id="265" conf="ApprovedSignOff" origin="interactive"><sdl:value key="SegmentIdentityHash">rl/wWCbY5EaqCW8Nzs9LiYWfBXc=</sdl:value><sdl:value key="created_by">heba-PC\heba</sdl:value><sdl:value key="created_on">10/10/2017 11:36:21</sdl:value><sdl:value key="last_modified_by">DESKTOP-C8MRIMB\Sherif Youssef</sdl:value><sdl:value key="modified_on">10/12/2017 19:52:00</sdl:value><sdl:value key="SDL:ProjectTranslationHash">-1280092357</sdl:value><sdl:value key="SDL:OriginalTranslationHash">-1280092357</sdl:value></sdl:seg><sdl:seg id="266" conf="ApprovedSignOff" origin="interactive"><sdl:value key="SegmentIdentityHash">2s0A7UBUTfvSQYIRl1wQazesPx8=</sdl:value><sdl:value key="created_by">heba-PC\heba</sdl:value><sdl:value key="created_on">10/09/2017 05:51:46</sdl:value><sdl:value key="last_modified_by">DESKTOP-C8MRIMB\Sherif Youssef</sdl:value><sdl:value key="modified_on">10/12/2017 19:52:01</sdl:value><sdl:value key="SDL:ProjectTranslationHash">-1587573662</sdl:value><sdl:value key="SDL:OriginalTranslationHash">-1587573662</sdl:value></sdl:seg></sdl:seg-defs></trans-unit></group><group><sdl:cxts><sdl:cxt id="100"/><sdl:cxt id="2"/></sdl:cxts><trans-unit id="3ad35de2-c801-44dd-a325-e9c0f20a4776"><source><g id="575">[00088] Further useful, especially for brines, are chelating agents, including diethylenetriaminepentamethylene phosphonic acid and ethylene diamine tetra acetic acid.</g></source><seg-source><g id="575"><mrk mtype="seg" mid="267">[00088] Further useful, especially for brines, are chelating agents, including diethylenetriaminepentamethylene phosphonic acid and ethylene diamine tetra acetic acid.</mrk></g></seg-source><target><g id="575"><mrk mtype="seg" mid="267">[00088] كما تعتبر العوامل الخلابية مفيدة أيضًا، خاصةً لمحاليل البراين، وتتضمن حمض داي إيثيلين تراي أمين بنتا ميثيلين فوسفونيك وحمض إيثيلين داي أمين تترا أسيتيك.</mrk></g></target><sdl:seg-defs><sdl:seg id="267" conf="ApprovedSignOff" origin="interactive"><sdl:value key="SegmentIdentityHash">jNRFG4HQpFN07LpttOp7z9JzVPE=</sdl:value><sdl:value key="created_by">heba-PC\heba</sdl:value><sdl:value key="created_on">10/09/2017 12:04:57</sdl:value><sdl:value key="last_modified_by">DESKTOP-C8MRIMB\Sherif Youssef</sdl:value><sdl:value key="modified_on">10/12/2017 19:52:02</sdl:value><sdl:value key="SDL:ProjectTranslationHash">1259306525</sdl:value><sdl:value key="SDL:OriginalTranslationHash">1259306525</sdl:value></sdl:seg></sdl:seg-defs></trans-unit></group><group><sdl:cxts><sdl:cxt id="101"/><sdl:cxt id="2"/></sdl:cxts><trans-unit id="2dd97edb-61c4-4174-85b3-4257e4814228"><source><g id="578">[00089] Further preferred as scale removal agents are inorganic and organic strong acids such as hydrochloric acid, acetic acid and formic acid. Caustic scale removal agents may be employed to remove sulfate scales and may include sodium hydroxide, chelants such as EDTA, glucoheptonate, and urea.</g></source><seg-source><g id="578"><mrk mtype="seg" mid="268">[00089] Further preferred as scale removal agents are inorganic and organic strong acids such as hydrochloric acid, acetic acid and formic acid.</mrk> <mrk mtype="seg" mid="269">Caustic scale removal agents may be employed to remove sulfate scales and may include sodium hydroxide, chelants such as EDTA, glucoheptonate, and urea.</mrk></g></seg-source><target><g id="578"><mrk mtype="seg" mid="268">[00089] كما تتمثل عوامل إزالة قشور مفضلة كذلك في أحماض غير عضوية وعضوية قوية مثل حمض هيدروكلوريك، حمض أسيتيك وحمض فورميك.</mrk> <mrk mtype="seg" mid="269">يمكن استخدام عوامل إزالة قشور كاوية لإزالة قشور السلفات ويمكن أن تتضمن هيدروكسيد الصوديوم، نواتج خلابية مثل EDTA، جليكوهيتونات، واليوريا.</mrk></g></target><sdl:seg-defs><sdl:seg id="268" conf="ApprovedSignOff" origin="interactive"><sdl:value key="SegmentIdentityHash">4DzSDbnXu2t/KeVXuHbNsd4a6kg=</sdl:value><sdl:value key="created_by">heba-PC\heba</sdl:value><sdl:value key="created_on">10/09/2017 12:06:33</sdl:value><sdl:value key="last_modified_by">DESKTOP-C8MRIMB\Sherif Youssef</sdl:value><sdl:value key="modified_on">10/12/2017 19:52:03</sdl:value><sdl:value key="SDL:ProjectTranslationHash">-517250473</sdl:value><sdl:value key="SDL:OriginalTranslationHash">-517250473</sdl:value></sdl:seg><sdl:seg id="269" conf="ApprovedSignOff" origin="interactive"><sdl:value key="SegmentIdentityHash">dDuSJs5hGzxZu5Vlw6t9AKmPh7M=</sdl:value><sdl:value key="created_by">heba-PC\heba</sdl:value><sdl:value key="created_on">10/09/2017 12:07:39</sdl:value><sdl:value key="last_modified_by">DESKTOP-C8MRIMB\Sherif Youssef</sdl:value><sdl:value key="modified_on">10/12/2017 19:52:03</sdl:value><sdl:value key="SDL:ProjectTranslationHash">366377262</sdl:value><sdl:value key="SDL:OriginalTranslationHash">366377262</sdl:value></sdl:seg></sdl:seg-defs></trans-unit></group><group><sdl:cxts><sdl:cxt id="102"/><sdl:cxt id="2"/></sdl:cxts><trans-unit id="e8072f1f-4ce1-433d-8b94-871416c605ce"><source><g id="581">[00090] The well treatment agent may further be any of the fructans or fructan derivatives, such as inulin and inulin derivatives, as disclosed in U.S. Patent Publication No. 2009/0325825, herein incorporated by reference.</g></source><seg-source><g id="581"><mrk mtype="seg" mid="270">[00090] The well treatment agent may further be any of the fructans or fructan derivatives, such as inulin and inulin derivatives, as disclosed in U.S. Patent Publication No. 2009/0325825, herein incorporated by reference.</mrk></g></seg-source><target><g id="581"><mrk mtype="seg" mid="270">[00090] كما يمكن أن يكون عامل معالجة البئر عبارة عن أيٍ من مركبات الفركتان أو مشتقات الفركتان، مثل الإينولين ومشتقات الإينولين، على النحو الذي تم الكشف عنه في منشور براءة الاختراع الأمريكية رقم 2009/0325825، الذي تم تضمينه هنا كمرجع.</mrk></g></target><sdl:seg-defs><sdl:seg id="270" conf="ApprovedSignOff" origin="interactive"><sdl:prev-origin origin="source"><sdl:prev-origin/><sdl:value key="SegmentIdentityHash">DVyC8astncE4b+oYpJx18uVqveQ=</sdl:value><sdl:value key="created_by">heba-PC\heba</sdl:value><sdl:value key="created_on">10/09/2017 05:52:01</sdl:value><sdl:value key="last_modified_by">heba-PC\heba</sdl:value><sdl:value key="modified_on">10/09/2017 05:52:01</sdl:value></sdl:prev-origin><sdl:value key="SegmentIdentityHash">DVyC8astncE4b+oYpJx18uVqveQ=</sdl:value><sdl:value key="created_by">heba-PC\heba</sdl:value><sdl:value key="created_on">10/09/2017 05:52:04</sdl:value><sdl:value key="last_modified_by">DESKTOP-C8MRIMB\Sherif Youssef</sdl:value><sdl:value key="modified_on">10/12/2017 19:52:04</sdl:value><sdl:value key="SDL:ProjectTranslationHash">388945742</sdl:value><sdl:value key="SDL:OriginalTranslationHash">388945742</sdl:value></sdl:seg></sdl:seg-defs></trans-unit></group><group><sdl:cxts><sdl:cxt id="103"/><sdl:cxt id="2"/></sdl:cxts><trans-unit id="3b9679ff-eaae-4a45-9098-c8e1cf97c371"><source><g id="584">[00091] Exemplary of the demulsifying agents that are useful include, but are not limited to, condensation polymers of alkylene oxides and glycols, such as ethylene oxide and propylene oxide condensation polymers of di-propylene glycol as well as trimethylol propane; and alkyl substituted phenol formaldehyde resins, bis-phenyl diepoxides, and esters and diesters of the such di-functional products. Especially preferred as non-ionic demulsifiers are oxyalkylated phenol formaldehyde resins, oxyalkylated amines and polyamines, di-epoxidized oxyalkylated polyethers, etc. Suitable oil-in-water demulsifiers include poly triethanolamine methyl chloride quaternary, melamine acid colloid, aminomethylated polyacrylamide etc.</g></source><seg-source><g id="584"><mrk mtype="seg" mid="271">[00091] Exemplary of the demulsifying agents that are useful include, but are not limited to, condensation polymers of alkylene oxides and glycols, such as ethylene oxide and propylene oxide condensation polymers of di-propylene glycol as well as trimethylol propane; and alkyl substituted phenol formaldehyde resins, bis-phenyl diepoxides, and esters and diesters of the such di-functional products.</mrk> <mrk mtype="seg" mid="272">Especially preferred as non-ionic demulsifiers are oxyalkylated phenol formaldehyde resins, oxyalkylated amines and polyamines, di-epoxidized oxyalkylated polyethers, etc. Suitable oil-in-water demulsifiers include poly triethanolamine methyl chloride quaternary, melamine acid colloid, aminomethylated polyacrylamide etc.</mrk></g></seg-source><target><g id="584"><mrk mtype="seg" mid="271">[00091] تتضمن أمثلة العوامل المزيلة للمستحلبات المفيدة، ولكن لا تقتصر على، بوليمرات تكثف من أكاسيد الألكيلين وجليكولات، مثل أكسيد الإيثيلين وبوليمرات تكثف أكسيد البروبيلين من داي- بروبيلين جليكول بالإضافة إلى تراي ميثيلول بروبان؛ وراتنجات فينول فورمالدهيد بها اسستبدال بألكيل، مركبات بيس-فينيل داي إيبوكسيد، وإسترات وداي إسترات من المنتجات ثنائية المجموعة الوظيفية المذكورة.</mrk> <mrk mtype="seg" mid="272">تتمثل عوامل مزيلة للرغوة غير أيونية مفضلة بشكل خاص في راتنجات فينول فورمالدهيد معالجة بالأكسي ألكيل، مركبات أمين وبولي أمين معالجة بالأكسي ألكيل، مركبات بولي إيثر معالجة بداي-إيبوكسي وأكسي ألكيل، وهكذا. تتضمن عوامل مزيلة للرغوة من نوع الزيت في ماء بولي تراي إيثانول أمين ميثيل كلوريد رباعي، حمض ميلامين غرواني، بولي أكريلاميد معالج بأمينو ميثيل وهكذا.</mrk></g></target><sdl:seg-defs><sdl:seg id="271" conf="ApprovedSignOff" origin="interactive"><sdl:value key="SegmentIdentityHash">jwShXeehVnLd+TLi0UENLABTTAY=</sdl:value><sdl:value key="created_by">heba-PC\heba</sdl:value><sdl:value key="created_on">10/10/2017 11:42:59</sdl:value><sdl:value key="last_modified_by">DESKTOP-C8MRIMB\Sherif Youssef</sdl:value><sdl:value key="modified_on">10/12/2017 19:52:05</sdl:value><sdl:value key="SDL:ProjectTranslationHash">1021740279</sdl:value><sdl:value key="SDL:OriginalTranslationHash">1021740279</sdl:value></sdl:seg><sdl:seg id="272" conf="ApprovedSignOff" origin="interactive"><sdl:value key="SegmentIdentityHash">GC3V8l/pvQa0k0G20NLrAN4my48=</sdl:value><sdl:value key="created_by">heba-PC\heba</sdl:value><sdl:value key="created_on">10/10/2017 11:43:03</sdl:value><sdl:value key="last_modified_by">DESKTOP-C8MRIMB\Sherif Youssef</sdl:value><sdl:value key="modified_on">10/12/2017 19:52:06</sdl:value><sdl:value key="SDL:ProjectTranslationHash">309977920</sdl:value><sdl:value key="SDL:OriginalTranslationHash">309977920</sdl:value></sdl:seg></sdl:seg-defs></trans-unit></group><group><sdl:cxts><sdl:cxt id="104"/><sdl:cxt id="2"/></sdl:cxts><trans-unit id="fc895da2-da27-44d5-8188-91b3a395ad67"><source><g id="599">[00092] Paraffin inhibitors useful as the well treatment agent include, but are not limited to, ethylene/vinyl acetate copolymers, acrylates (such as polyacrylate esters and methacrylate esters of fatty alcohols), and olefin/maleic esters.</g></source><seg-source><g id="599"><mrk mtype="seg" mid="273">[00092] Paraffin inhibitors useful as the well treatment agent include, but are not limited to, ethylene/vinyl acetate copolymers, acrylates (such as polyacrylate esters and methacrylate esters of fatty alcohols), and olefin/maleic esters.</mrk></g></seg-source><target><g id="599"><mrk mtype="seg" mid="273">[00092] تتضمن مثبطات البارافين المفيدة في صورة عامل معالجة البئر، ولكن لا تقتصر على، بوليمرات إيثيلين/أسيتات الڤينيل، الأكريلات (مثل إسترات البولي أكريلات وإسترات الميثاكريلات لكحولا دهنية)، وإسترات أوليفين/مالييك.</mrk></g></target><sdl:seg-defs><sdl:seg id="273" conf="ApprovedSignOff" origin="interactive"><sdl:value key="SegmentIdentityHash">HUcC9A2Fa+krha1SoElxNvCXl3I=</sdl:value><sdl:value key="created_by">heba-PC\heba</sdl:value><sdl:value key="created_on">10/09/2017 12:11:29</sdl:value><sdl:value key="last_modified_by">DESKTOP-C8MRIMB\Sherif Youssef</sdl:value><sdl:value key="modified_on">10/12/2017 19:52:07</sdl:value><sdl:value key="SDL:ProjectTranslationHash">-782680980</sdl:value><sdl:value key="SDL:OriginalTranslationHash">-782680980</sdl:value></sdl:seg></sdl:seg-defs></trans-unit></group><group><sdl:cxts><sdl:cxt id="105"/><sdl:cxt id="2"/></sdl:cxts><trans-unit id="f38a58ec-dd5c-47d6-8d50-1627b02b4914"><source><g id="602">[00093] Exemplary corrosion inhibitors useful for the practice of the invention include but are not limited to fatty imidazolines, alkyl pyridines, alkyl pyridine quaternaries, fatty amine quaternaries and phosphate salts of fatty imidazolines.</g></source><seg-source><g id="602"><mrk mtype="seg" mid="274">[00093] Exemplary corrosion inhibitors useful for the practice of the invention include but are not limited to fatty imidazolines, alkyl pyridines, alkyl pyridine quaternaries, fatty amine quaternaries and phosphate salts of fatty imidazolines.</mrk></g></seg-source><target><g id="602"><mrk mtype="seg" mid="274">[00093] تتضمن مثبطات التآكل التوضيحية المفيدة في ممارسة الاختراع ولكن لا تقتصر على مركبات إيميدازولين دهنية، مركبات ألكيل بيريدين، مركبات ألكيل بيريدين رباعية، مركبات أمين دهني رباعية وأملاح فوسفات لمركبات إيميدازولين دهنية.</mrk></g></target><sdl:seg-defs><sdl:seg id="274" conf="ApprovedSignOff" origin="interactive"><sdl:value key="SegmentIdentityHash">nnFlFU1FMJUt5sN3FXGluu2hSg0=</sdl:value><sdl:value key="created_by">heba-PC\heba</sdl:value><sdl:value key="created_on">10/09/2017 12:13:19</sdl:value><sdl:value key="last_modified_by">DESKTOP-C8MRIMB\Sherif Youssef</sdl:value><sdl:value key="modified_on">10/12/2017 19:52:09</sdl:value><sdl:value key="SDL:ProjectTranslationHash">1685532480</sdl:value><sdl:value key="SDL:OriginalTranslationHash">1685532480</sdl:value></sdl:seg></sdl:seg-defs></trans-unit></group><group><sdl:cxts><sdl:cxt id="106"/><sdl:cxt id="2"/></sdl:cxts><trans-unit id="60e56c74-b26f-4c10-bb35-951e382f3941"><source><g id="605">[00094] Gas hydrate treating chemicals or inhibitors that are useful for the practice of the present invention include but are not limited to polymers and homopolymers and copolymers of vinyl pyrrolidone, vinyl caprolactam and amine based hydrate inhibitors such as those disclosed in U.S. Patent Publication Nos. 2006/0223713 and 2009/0325823, both of which are herein incorporated by reference.</g></source><seg-source><g id="605"><mrk mtype="seg" mid="275">[00094] Gas hydrate treating chemicals or inhibitors that are useful for the practice of the present invention include but are not limited to polymers and homopolymers and copolymers of vinyl pyrrolidone, vinyl caprolactam and amine based hydrate inhibitors such as those disclosed in U.S. Patent Publication Nos. 2006/0223713 and 2009/0325823, both of which are herein incorporated by reference.</mrk></g></seg-source><target><g id="605"><mrk mtype="seg" mid="275">[00094] تتضمن المواد الكيميائية لمعالجة هيدرات الغاز أو المثبطات المفيدة في ممارسة الاختراع الحالي ولكن لا تقتصر على بوليمرات وبوليمرات متجانسة وبوليمرات مشتركة من ڤينيل بيروليدون، ڤينيل كابرولاكتام مثبطات هيدرات أساسها الأمين كتلك التي تم الكشف عنها في منشور براءة الاختراع الأمريكية رقم 2006/0223713 و2009/0325823، وقد تم تضمينهما هنا كمرجع.</mrk></g></target><sdl:seg-defs><sdl:seg id="275" conf="ApprovedSignOff" origin="interactive"><sdl:value key="SegmentIdentityHash">n/b5hyzbAL0ILpHPRfb/+TQtqY0=</sdl:value><sdl:value key="created_by">heba-PC\heba</sdl:value><sdl:value key="created_on">10/09/2017 05:55:36</sdl:value><sdl:value key="last_modified_by">DESKTOP-C8MRIMB\Sherif Youssef</sdl:value><sdl:value key="modified_on">10/12/2017 19:39:33</sdl:value><sdl:value key="SDL:ProjectTranslationHash">-1824146799</sdl:value><sdl:value key="SDL:OriginalTranslationHash">-1824146799</sdl:value></sdl:seg></sdl:seg-defs></trans-unit></group><group><sdl:cxts><sdl:cxt id="107"/><sdl:cxt id="2"/></sdl:cxts><trans-unit id="d685f17a-96b3-4d14-aa46-542a0940f3b9"><source><g id="608">[00095] Exemplary asphaltene treating chemicals include but are not limited to fatty ester homopolymers and copolymers (such as fatty esters of acrylic and methacrylic acid polymers and copolymers) and sorbitan monooleate.</g></source><seg-source><g id="608"><mrk mtype="seg" mid="276">[00095] Exemplary asphaltene treating chemicals include but are not limited to fatty ester homopolymers and copolymers (such as fatty esters of acrylic and methacrylic acid polymers and copolymers) and sorbitan monooleate.</mrk></g></seg-source><target><g id="608"><mrk mtype="seg" mid="276">[00095] تتضمن مركبات المعالجة بالأسفلتين التوضيحية ولكن لا تقتصر على بوليمرات متجانسة وبوليمرات مشتركة من إستر دهني (مثل إسترات دهنية لبوليمرات وبوليمرات مشتركة لحمض أكريليك وميثاكريليك) وسوربيتان مونو أوليات.</mrk></g></target><sdl:seg-defs><sdl:seg id="276" conf="ApprovedSignOff" origin="interactive"><sdl:value key="SegmentIdentityHash">HwAzYN/KHpIQGfIlnZs8nSOdv3A=</sdl:value><sdl:value key="created_by">heba-PC\heba</sdl:value><sdl:value key="created_on">10/09/2017 12:16:14</sdl:value><sdl:value key="last_modified_by">DESKTOP-C8MRIMB\Sherif Youssef</sdl:value><sdl:value key="modified_on">10/12/2017 19:52:12</sdl:value><sdl:value key="SDL:ProjectTranslationHash">-460601258</sdl:value><sdl:value key="SDL:OriginalTranslationHash">-460601258</sdl:value></sdl:seg></sdl:seg-defs></trans-unit></group><group><sdl:cxts><sdl:cxt id="108"/><sdl:cxt id="2"/></sdl:cxts><trans-unit id="724438ef-6927-4c06-9c8e-e7a1472b7f9e"><source><g id="611">[00096] Suitable tracers include dyes (such as phenoxazone dyes, fluroescein, pyridinium betaines dyes, solvatochromatic dyes, Oregon Green, Cascade Blue, Lucifer yellow, Auramine O, tetramethylrhodamine, pysranine, sulforhodamines, hydroxycoumarins; polysulfonated pyrenes; cyanines, hydroxylamines, neutral red, acridine orange; acids (such as picric acid and salicylic acid) or salts thereof; ionizable compounds (such as those which provide ammonium, boron, chromate, etc., ions); and radioactive materials (such as krypton-85); isotopes; genetically or biologically coded materials; microorganisms; minerals; and high molecular weight synthetic and natural compounds and polymers (such as oligonucleotides, perfluorinated hydrocarbons like perfluoro butane, perfluoro methyl cyclopentane and perfluoro methyl cyclohexane).</g></source><seg-source><g id="611"><mrk mtype="seg" mid="277">[00096] Suitable tracers include dyes (such as phenoxazone dyes, fluroescein, pyridinium betaines dyes, solvatochromatic dyes, Oregon Green, Cascade Blue, Lucifer yellow, Auramine O, tetramethylrhodamine, pysranine, sulforhodamines, hydroxycoumarins; polysulfonated pyrenes; cyanines, hydroxylamines, neutral red, acridine orange; acids (such as picric acid and salicylic acid) or salts thereof; ionizable compounds (such as those which provide ammonium, boron, chromate, etc., ions); and radioactive materials (such as krypton-85); isotopes; genetically or biologically coded materials; microorganisms; minerals; and high molecular weight synthetic and natural compounds and polymers (such as oligonucleotides, perfluorinated hydrocarbons like perfluoro butane, perfluoro methyl cyclopentane and perfluoro methyl cyclohexane).</mrk></g></seg-source><target><g id="611"><mrk mtype="seg" mid="277">[00096] تتضمن عوامل التتبع المناسبة أصباغ (مثل أصباغ الفينوكسازون، الفلوريسين، بيريدينيوم بيتايين، أصباغ يتغير لونها بسبب التغيُر في قطبية المذيب، Oregon Green، Cascade Blue، Lucifer yellow، أورامين O، تترا ميثيل رودامين، بيرانين، مركبات سلفو رودامين، مركبات هيدروكسي كومارين؛ مركبات بيرين معالجة ببولي سلفونات؛ مركبات سيانين، مركبات هيدروكسيل أمين، صبغ أحمر متعادل، برتقالية الأكريدين؛ أحماض (مثل حمض بيكريك وحمض ساليسيليك) أو أملاح منها؛ مركبات قابلة للتأين (كتلك التي توفر أمونيوم، بورون، كرومات، وهكذا، أيونات)؛ ومواد مشعة (مثل كريبتون-85)؛ نظائر؛ مواد مشفرة جينيًا أو بيولوجيًا؛ أحياء مجهرية؛ معادن؛ ومركبات وبوليمرات تخليقية وطبيعية مرتفعة الوزن الجزيئي (مثل أوليجو نوكليوتيدات، هيدروكربونات معالجة بالبرفلور مثل برفلورو بيوتان، برفلورو ميثيل سايكلو بنتان وبرفلورو ميثيل سايكلو هكسان).</mrk></g></target><sdl:seg-defs><sdl:seg id="277" conf="ApprovedSignOff" origin="interactive"><sdl:value key="SegmentIdentityHash">iuZ93w/YH1Mxj16ltFkoePY08cM=</sdl:value><sdl:value key="created_by">heba-PC\heba</sdl:value><sdl:value key="created_on">10/10/2017 15:14:23</sdl:value><sdl:value key="last_modified_by">DESKTOP-C8MRIMB\Sherif Youssef</sdl:value><sdl:value key="modified_on">10/12/2017 19:52:14</sdl:value><sdl:value key="SDL:ProjectTranslationHash">-1862582067</sdl:value><sdl:value key="SDL:OriginalTranslationHash">-1862582067</sdl:value></sdl:seg></sdl:seg-defs></trans-unit></group><group><sdl:cxts><sdl:cxt id="109"/><sdl:cxt id="2"/></sdl:cxts><trans-unit id="d32d5070-f33a-4088-a8d4-1d17678e477b"><source><g id="614">[00097] The tracer may also be a chelate, such as ethylene diamine tetra acetic acid (EDTA)) or a salt thereof. U.S. Patent No. 4,264,329, herein incorporated by reference, discloses acceptable metal chelates formed by reacting aryl substituted ethylene diamine tetra acetic acid and a metal ion selected from the consisting of lead, cadmium and zinc. Such chelates react with fluorogenic agents, such as fluorescamine and o-phthalaldehyde. Fluorescence spectroscopy is then used to detect the chelate.</g></source><seg-source><g id="614"><mrk mtype="seg" mid="278">[00097] The tracer may also be a chelate, such as ethylene diamine tetra acetic acid (EDTA)) or a salt thereof.</mrk> <mrk mtype="seg" mid="279">U.S. Patent No. 4,264,329, herein incorporated by reference, discloses acceptable metal chelates formed by reacting aryl substituted ethylene diamine tetra acetic acid and a metal ion selected from the consisting of lead, cadmium and zinc.</mrk> <mrk mtype="seg" mid="280">Such chelates react with fluorogenic agents, such as fluorescamine and o-phthalaldehyde.</mrk> <mrk mtype="seg" mid="281">Fluorescence spectroscopy is then used to detect the chelate.</mrk></g></seg-source><target><g id="614"><mrk mtype="seg" mid="278">[00097] يمكن أن يكون عامل التتبع كذلك عبارة عن ناتج خلابي، مثل حمض إيثيلين داي أمين تترا أسيتيك (EDTA) أو ملح منه.</mrk> <mrk mtype="seg" mid="279">تكشف براءة الاختراع الأمريكية رقم 4,264,329، التي تم تضمينها هنا كمرجع، عن نواتج خلابية فلزية مقبولة مُشكلة بواسطة تفاعل حمض إيثيلين داي أمين تترا أسيتيك به استبدال بأريل وأيون فلزي يتم اختياره من رصاص، كادميوم وزنك.</mrk> <mrk mtype="seg" mid="280">تتفاعل النواتج الخلابية المذكور مع عوامل مولدة للتفلور، مثل فلوريسكامين وo-فثالالدهيد.</mrk> <mrk mtype="seg" mid="281">يتم بعد ذلك قياس الطيف بالفلورة للكشف عن الناتج الخلابي.</mrk></g></target><sdl:seg-defs><sdl:seg id="278" conf="ApprovedSignOff" origin="interactive"><sdl:value key="SegmentIdentityHash">lkxnnUScAcx3r1VXpYFQUcD/EP4=</sdl:value><sdl:value key="created_by">heba-PC\heba</sdl:value><sdl:value key="created_on">10/09/2017 12:18:07</sdl:value><sdl:value key="last_modified_by">DESKTOP-C8MRIMB\Sherif Youssef</sdl:value><sdl:value key="modified_on">10/12/2017 19:52:15</sdl:value><sdl:value key="SDL:ProjectTranslationHash">-2085892354</sdl:value><sdl:value key="SDL:OriginalTranslationHash">-2085892354</sdl:value></sdl:seg><sdl:seg id="279" conf="ApprovedSignOff" origin="interactive"><sdl:value key="SegmentIdentityHash">wFpnAubJcQdoWHU6sTA1VIigT1Q=</sdl:value><sdl:value key="created_by">heba-PC\heba</sdl:value><sdl:value key="created_on">10/09/2017 05:58:30</sdl:value><sdl:value key="last_modified_by">DESKTOP-C8MRIMB\Sherif Youssef</sdl:value><sdl:value key="modified_on">10/12/2017 19:52:16</sdl:value><sdl:value key="SDL:ProjectTranslationHash">-664397810</sdl:value><sdl:value key="SDL:OriginalTranslationHash">-664397810</sdl:value></sdl:seg><sdl:seg id="280" conf="ApprovedSignOff" origin="interactive"><sdl:value key="SegmentIdentityHash">h7nchETLBjYgA1O47XRbKIom5V0=</sdl:value><sdl:value key="created_by">heba-PC\heba</sdl:value><sdl:value key="created_on">10/09/2017 12:19:33</sdl:value><sdl:value key="last_modified_by">DESKTOP-C8MRIMB\Sherif Youssef</sdl:value><sdl:value key="modified_on">10/12/2017 19:52:17</sdl:value><sdl:value key="SDL:ProjectTranslationHash">-217456452</sdl:value><sdl:value key="SDL:OriginalTranslationHash">-217456452</sdl:value></sdl:seg><sdl:seg id="281" conf="ApprovedSignOff" origin="interactive"><sdl:value key="SegmentIdentityHash">H/BJyyIF0/HRIHstARrYxcaJ4bA=</sdl:value><sdl:value key="created_by">heba-PC\heba</sdl:value><sdl:value key="created_on">10/09/2017 12:23:41</sdl:value><sdl:value key="last_modified_by">DESKTOP-C8MRIMB\Sherif Youssef</sdl:value><sdl:value key="modified_on">10/12/2017 19:52:18</sdl:value><sdl:value key="SDL:ProjectTranslationHash">1930758516</sdl:value><sdl:value key="SDL:OriginalTranslationHash">1930758516</sdl:value></sdl:seg></sdl:seg-defs></trans-unit></group><group><sdl:cxts><sdl:cxt id="110"/><sdl:cxt id="2"/></sdl:cxts><trans-unit id="2466e6e1-50dd-4a5a-bd27-b9c757f222ba"><source><g id="629">[00098] The hydrogen sulfide scavenger may be an oxidant, such as an inorganic peroxide, e.g. sodium peroxide, or chlorine dioxide, or an aldehyde, e.g. of 1 to 10 carbons such as formaldehyde or glutaraldehyde or (meth)acrolein or an amine based scavenger, such as a triazine or a hexamine.</g></source><seg-source><g id="629"><mrk mtype="seg" mid="282">[00098] The hydrogen sulfide scavenger may be an oxidant, such as an inorganic peroxide, e.g. sodium peroxide, or chlorine dioxide, or an aldehyde, e.g. of 1 to 10 carbons such as formaldehyde or glutaraldehyde or (meth)acrolein or an amine based scavenger, such as a triazine or a hexamine.</mrk></g></seg-source><target><g id="629"><mrk mtype="seg" mid="282">[00098] يمكن أن يكون عامل الكسح من سلفيد الهيدروجين عبارة عن عامل مُؤَكْسِد‎، مثل بيروكسيد غير عضوي، على سبيل المثال بيروكسيد الصوديوم، أو ثاني أكسيد الكلور، أو ألدهيد، على سبيل المثال به 1 إلى 10 ذرات كربون مثل فورمالدهيد أو جلوتارالدهيد أو (ميث) أكرولين أو عامل كسح أساسه أمين، مثل ترايازين أو هكسامين.</mrk></g></target><sdl:seg-defs><sdl:seg id="282" conf="ApprovedSignOff" origin="interactive"><sdl:value key="SegmentIdentityHash">XaDC3W8UM6n6CDNfFKzaUlDBZ00=</sdl:value><sdl:value key="created_by">heba-PC\heba</sdl:value><sdl:value key="created_on">10/09/2017 12:24:05</sdl:value><sdl:value key="last_modified_by">DESKTOP-C8MRIMB\Sherif Youssef</sdl:value><sdl:value key="modified_on">10/12/2017 19:52:19</sdl:value><sdl:value key="SDL:ProjectTranslationHash">-421684428</sdl:value><sdl:value key="SDL:OriginalTranslationHash">-421684428</sdl:value></sdl:seg></sdl:seg-defs></trans-unit></group><group><sdl:cxts><sdl:cxt id="111"/><sdl:cxt id="2"/></sdl:cxts><trans-unit id="7a83fdaa-5056-4597-bfe8-b6e11b519f2c"><source><g id="632">[00099] Suitable foaming agents include, but are not limited to, those which are amphoteric, anionic or cationic. Preferred anionic foaming agents include betaines, alkyl ether sulfates, oxyalkylated sulfates, alkoxylated alcohol sulfates, phosphate esters, alkyl ether phosphates, alkoxylated alcohol phosphate esters, alkyl sulfates as well as alpha olefin sulfonates. Included as amphoteric surfactants are glycinates, amphoacetates, propionates, betaines and mixtures thereof.</g></source><seg-source><g id="632"><mrk mtype="seg" mid="283">[00099] Suitable foaming agents include, but are not limited to, those which are amphoteric, anionic or cationic.</mrk> <mrk mtype="seg" mid="284">Preferred anionic foaming agents include betaines, alkyl ether sulfates, oxyalkylated sulfates, alkoxylated alcohol sulfates, phosphate esters, alkyl ether phosphates, alkoxylated alcohol phosphate esters, alkyl sulfates as well as alpha olefin sulfonates.</mrk> <mrk mtype="seg" mid="285">Included as amphoteric surfactants are glycinates, amphoacetates, propionates, betaines and mixtures thereof.</mrk></g></seg-source><target><g id="632"><mrk mtype="seg" mid="283">[00099] تتضمن عوامل تكوين الرغوة المناسبة، ولكن لا تقتصر على، تلك التي تكون مذبذبة، أنيونية أو كاتيونية.</mrk> <mrk mtype="seg" mid="284">تتضمن عوامل الإرغاء الأنيونية المفضلة مركبات ألكيل إيثر سلفات، مركبات سلفات معالجة بأكسي ألكيل، كحول سلفات معالجة بألكوكسي، إسترات الفوسفات، مركبات ألكيل إيثر فوسفات، إسترات كحول فوسفات معالجة بألكوكسي، مركبات ألكيل سلفات بالإضافة إلى مركبات ألفا أوليفين سلفونات.</mrk> <mrk mtype="seg" mid="285">تتمثل تلك التي يتم تضمينها في صورة مواد خافضة للتوتر السطحي مذبذبة في جليسينات، مركبات أسيتات مزدوجة، بروبيونات، مركبات بيتايين وخلائط منها.</mrk></g></target><sdl:seg-defs><sdl:seg id="283" conf="ApprovedSignOff" origin="interactive"><sdl:value key="SegmentIdentityHash">4PENUxKVoCguboR2FnP5OHsb0XM=</sdl:value><sdl:value key="created_by">heba-PC\heba</sdl:value><sdl:value key="created_on">10/09/2017 12:27:13</sdl:value><sdl:value key="last_modified_by">DESKTOP-C8MRIMB\Sherif Youssef</sdl:value><sdl:value key="modified_on">10/12/2017 19:52:20</sdl:value><sdl:value key="SDL:ProjectTranslationHash">-1057727133</sdl:value><sdl:value key="SDL:OriginalTranslationHash">-1057727133</sdl:value></sdl:seg><sdl:seg id="284" conf="ApprovedSignOff" origin="interactive" percent="76"><sdl:prev-origin origin="tm" origin-system="171273_General" percent="76"><sdl:prev-origin/><sdl:value key="SegmentIdentityHash">SlCeZs83YieQvIiiVTGBPoMGUVI=</sdl:value><sdl:value key="created_by">NAGWA\Nagwa</sdl:value><sdl:value key="created_on">04/21/2017 01:26:00</sdl:value><sdl:value key="last_modified_by">DESKTOP-C8MRIMB\Sherif Youssef</sdl:value><sdl:value key="modified_on">05/29/2017 15:08:04</sdl:value></sdl:prev-origin><sdl:value key="SegmentIdentityHash">SlCeZs83YieQvIiiVTGBPoMGUVI=</sdl:value><sdl:value key="created_by">NAGWA\Nagwa</sdl:value><sdl:value key="created_on">04/21/2017 01:26:00</sdl:value><sdl:value key="last_modified_by">DESKTOP-C8MRIMB\Sherif Youssef</sdl:value><sdl:value key="modified_on">10/12/2017 19:52:21</sdl:value><sdl:value key="SDL:ProjectTranslationHash">-301802114</sdl:value><sdl:value key="SDL:OriginalTranslationHash">-301802114</sdl:value></sdl:seg><sdl:seg id="285" conf="ApprovedSignOff" origin="interactive"><sdl:rep id="tuQPdAIecXzVSlokt5jtW7uCzgI="/><sdl:value key="SegmentIdentityHash">tuQPdAIecXzVSlokt5jtW7uCzgI=</sdl:value><sdl:value key="created_by">heba-PC\heba</sdl:value><sdl:value key="created_on">10/09/2017 12:28:09</sdl:value><sdl:value key="last_modified_by">DESKTOP-C8MRIMB\Sherif Youssef</sdl:value><sdl:value key="modified_on">10/12/2017 19:52:21</sdl:value><sdl:value key="SDL:ProjectTranslationHash">-1439149987</sdl:value><sdl:value key="SDL:OriginalTranslationHash">-1439149987</sdl:value></sdl:seg></sdl:seg-defs></trans-unit></group><group><sdl:cxts><sdl:cxt id="112"/><sdl:cxt id="2"/></sdl:cxts><trans-unit id="d87f8c1e-3f2f-4fa6-b691-44628c5ffbb1"><source><g id="635">[000100] Exemplary surfactants include cationic, amphoteric, anionic and nonionic surfactants. Included as cationic surfactants are those containing a quaternary ammonium moiety (such as a linear quaternary amine, a benzyl quaternary amine or a quaternary ammonium halide), a quaternary sulfonium moiety or a quaternary phosphonium moiety or mixtures thereof. Suitable surfactants containing a quaternary group include quaternary ammonium halide or quaternary amine, such as quaternary ammonium chloride or a quaternary ammonium bromide. Included as amphoteric surfactants are glycinates, amphoacetates, propionates, betaines and mixtures thereof. The cationic or amphoteric surfactant may have a hydrophobic tail (which may be saturated or unsaturated) such as a <g id="638">C12-C18</g> carbon chain length. Further, the hydrophobic tail may be obtained from a natural oil from plants such as one or more of coconut oil, rapeseed oil and palm oil.</g></source><seg-source><g id="635"><mrk mtype="seg" mid="286">[000100] Exemplary surfactants include cationic, amphoteric, anionic and nonionic surfactants.</mrk> <mrk mtype="seg" mid="287">Included as cationic surfactants are those containing a quaternary ammonium moiety (such as a linear quaternary amine, a benzyl quaternary amine or a quaternary ammonium halide), a quaternary sulfonium moiety or a quaternary phosphonium moiety or mixtures thereof.</mrk> <mrk mtype="seg" mid="288">Suitable surfactants containing a quaternary group include quaternary ammonium halide or quaternary amine, such as quaternary ammonium chloride or a quaternary ammonium bromide.</mrk> <mrk mtype="seg" mid="289">Included as amphoteric surfactants are glycinates, amphoacetates, propionates, betaines and mixtures thereof.</mrk> <mrk mtype="seg" mid="290">The cationic or amphoteric surfactant may have a hydrophobic tail (which may be saturated or unsaturated) such as a <g id="638">C12-C18</g> carbon chain length.</mrk> <mrk mtype="seg" mid="291">Further, the hydrophobic tail may be obtained from a natural oil from plants such as one or more of coconut oil, rapeseed oil and palm oil.</mrk></g></seg-source><target><g id="635"><mrk mtype="seg" mid="286">[000100] تتضمن مواد خافضة للتوتر السطحي توضيحية مواد خافضة للتوتر السطحي كاتيونية، مذبذبة، أنيونية وغير أيونية.</mrk> <mrk mtype="seg" mid="287">تتمثل تلك التي يتم تضمينها في صورة مواد خافضة للتوتر السطحي كاتيونية في تلك التي تحتوي على شطر أمونيوم رباعي (مثل أمين خطي رباعي، أمين بنزيل رباعي أو هاليد أمونيوم رباعي)، شطر سلفونيوم رباعي أو شطر فوسفونيوم رباعي أو خلائط منها.</mrk> <mrk mtype="seg" mid="288">تتضمن مواد خافضة للتوتر السطحي مناسبة تحتوي على مجموعة رباعية هاليد أمونيوم رباعي أو أمين رباعي، مثل كلوريد أمونيوم رباعي أو بروميد أمونيوم رباعي.</mrk> <mrk mtype="seg" mid="289">تتمثل تلك التي يتم تضمينها في صورة مواد خافضة للتوتر السطحي مذبذبة في جليسينات، مركبات أسيتات مزدوجة، بروبيونات، مركبات بيتايين وخلائط منها.</mrk> <mrk mtype="seg" mid="290">يمكن أن يكون للمادة الخافضة للتوتر السطحي الكاتيونية أو المذبذبة جزء ذيلي غير آلف للماء (الذي يمكن أن يكون مشبع أو غير مشبع) مثل طول سلسلة كربونية بها ما يتراوح من 12 إلى 18 ذرة كربون.</mrk> <mrk mtype="seg" mid="291">علاوة على ذلك، يمكن الحصول على الطرف الذيلي غير الآلف للماء من زيت طبيعي يتم الحصول عليها من النباتات كذلك الذي يتم الحصول عليه من واحد أو أكثر من زيت جوز الهند، زيت بذرة اللف وزيت النخيل.</mrk></g></target><sdl:seg-defs><sdl:seg id="286" conf="ApprovedSignOff" origin="interactive"><sdl:value key="SegmentIdentityHash">/yeczmrwAii2kgCCvKLuPVKcRCw=</sdl:value><sdl:value key="created_by">heba-PC\heba</sdl:value><sdl:value key="created_on">10/10/2017 15:14:31</sdl:value><sdl:value key="last_modified_by">DESKTOP-C8MRIMB\Sherif Youssef</sdl:value><sdl:value key="modified_on">10/12/2017 19:52:22</sdl:value><sdl:value key="SDL:ProjectTranslationHash">-827384189</sdl:value><sdl:value key="SDL:OriginalTranslationHash">-827384189</sdl:value></sdl:seg><sdl:seg id="287" conf="ApprovedSignOff" origin="interactive"><sdl:value key="SegmentIdentityHash">c4VDAZ3uLtesFWxifEFIZz84djs=</sdl:value><sdl:value key="created_by">heba-PC\heba</sdl:value><sdl:value key="created_on">10/10/2017 15:14:35</sdl:value><sdl:value key="last_modified_by">DESKTOP-C8MRIMB\Sherif Youssef</sdl:value><sdl:value key="modified_on">10/12/2017 19:52:23</sdl:value><sdl:value key="SDL:ProjectTranslationHash">-275982050</sdl:value><sdl:value key="SDL:OriginalTranslationHash">-275982050</sdl:value></sdl:seg><sdl:seg id="288" conf="ApprovedSignOff" origin="interactive"><sdl:value key="SegmentIdentityHash">F5JqxQvGDqnNJFdDQVVii9HoyCE=</sdl:value><sdl:value key="created_by">heba-PC\heba</sdl:value><sdl:value key="created_on">10/10/2017 15:14:38</sdl:value><sdl:value key="last_modified_by">DESKTOP-C8MRIMB\Sherif Youssef</sdl:value><sdl:value key="modified_on">10/12/2017 19:52:23</sdl:value><sdl:value key="SDL:ProjectTranslationHash">203169491</sdl:value><sdl:value key="SDL:OriginalTranslationHash">203169491</sdl:value></sdl:seg><sdl:seg id="289" conf="ApprovedSignOff" origin="tm" origin-system="171273_Petrol cases" percent="100"><sdl:rep id="tuQPdAIecXzVSlokt5jtW7uCzgI="/><sdl:prev-origin origin="auto-propagated" origin-system="Propagated from segment 285" percent="100"><sdl:rep id="tuQPdAIecXzVSlokt5jtW7uCzgI="/><sdl:value key="SegmentIdentityHash">tuQPdAIecXzVSlokt5jtW7uCzgI=</sdl:value><sdl:value key="last_modified_by">heba-PC\heba</sdl:value><sdl:value key="modified_on">10/09/2017 12:30:16</sdl:value></sdl:prev-origin><sdl:value key="SegmentIdentityHash">tuQPdAIecXzVSlokt5jtW7uCzgI=</sdl:value><sdl:value key="last_modified_by">DESKTOP-C8MRIMB\Sherif Youssef</sdl:value><sdl:value key="modified_on">10/12/2017 19:52:26</sdl:value><sdl:value key="created_by">DESKTOP-C8MRIMB\Sherif Youssef</sdl:value><sdl:value key="created_on">10/09/2017 12:28:09</sdl:value><sdl:value key="SDL:OriginalTranslationHash">-1439149987</sdl:value></sdl:seg><sdl:seg id="290" conf="ApprovedSignOff" origin="interactive"><sdl:value key="SegmentIdentityHash">/m8NA+mrpOTodTxx/RB3LDmMPDM=</sdl:value><sdl:value key="created_by">heba-PC\heba</sdl:value><sdl:value key="created_on">10/09/2017 10:51:41</sdl:value><sdl:value key="last_modified_by">DESKTOP-C8MRIMB\Sherif Youssef</sdl:value><sdl:value key="modified_on">10/12/2017 19:52:28</sdl:value><sdl:value key="SDL:ProjectTranslationHash">961159159</sdl:value><sdl:value key="SDL:OriginalTranslationHash">961159159</sdl:value></sdl:seg><sdl:seg id="291" conf="ApprovedSignOff" origin="interactive"><sdl:value key="SegmentIdentityHash">cscCkJd/GdA17L/FZ1lIhaqgb8Q=</sdl:value><sdl:value key="created_by">heba-PC\heba</sdl:value><sdl:value key="created_on">10/10/2017 15:14:40</sdl:value><sdl:value key="last_modified_by">DESKTOP-C8MRIMB\Sherif Youssef</sdl:value><sdl:value key="modified_on">10/12/2017 19:52:29</sdl:value><sdl:value key="SDL:ProjectTranslationHash">-10157816</sdl:value><sdl:value key="SDL:OriginalTranslationHash">-10157816</sdl:value></sdl:seg></sdl:seg-defs></trans-unit></group><group><sdl:cxts><sdl:cxt id="113"/><sdl:cxt id="2"/></sdl:cxts><trans-unit id="db0ada32-fb95-4a79-830d-6b355d6cc977"><source><g id="644">[000101] Preferred surfactants include N,N,N trimethyl-1-octadecammonium chloride: N,N,N trimethyl-1-hexadecammonium chloride; and N,N,N trimethyl-1-soyaammonium chloride, and mixtures thereof. Suitable anionic surfactants are sulfonates (like sodium xylene sulfonate and sodium naphthalene sulfonate), phosphonates, ethoxysulfates and mixtures thereof.</g></source><seg-source><g id="644"><mrk mtype="seg" mid="292">[000101] Preferred surfactants include N,N,N trimethyl-1-octadecammonium chloride:</mrk> <mrk mtype="seg" mid="293">N,N,N trimethyl-1-hexadecammonium chloride; and N,N,N trimethyl-1-soyaammonium chloride, and mixtures thereof.</mrk> <mrk mtype="seg" mid="294">Suitable anionic surfactants are sulfonates (like sodium xylene sulfonate and sodium naphthalene sulfonate), phosphonates, ethoxysulfates and mixtures thereof.</mrk></g></seg-source><target><g id="644"><mrk mtype="seg" mid="292">[000101] تتضمن المواد الخافضة للتوتر السطحي المفضلة N، N، N تراي ميثيل-1-أوكتا ديك أمونيوم كلوريد:</mrk> <mrk mtype="seg" mid="293">N، N، N تراي ميثيل-1-هكسا ديك أمونيوم كلوريد؛ وN، N، N تراي ميثيل-1-صويا أمونيوم كلوريد، وخلائط منها.</mrk> <mrk mtype="seg" mid="294">تتمثل مواد خافضة للتوتر السطحي أنيونية مناسبة في مركبات سلفونات (مثل صوديوم زيلين سلفونات وصوديوم نفثالين سلفونات)، مركبات فوسفونات، مركبات إيثوكسي سلفات وخلائط منها.</mrk></g></target><sdl:seg-defs><sdl:seg id="292" conf="ApprovedSignOff" origin="interactive"><sdl:value key="SegmentIdentityHash">3j8n02F/Dcbwnz9wu5B7H8XevOQ=</sdl:value><sdl:value key="created_by">heba-PC\heba</sdl:value><sdl:value key="created_on">10/10/2017 15:14:44</sdl:value><sdl:value key="last_modified_by">DESKTOP-C8MRIMB\Sherif Youssef</sdl:value><sdl:value key="modified_on">10/12/2017 19:52:30</sdl:value><sdl:value key="SDL:ProjectTranslationHash">-1146890850</sdl:value><sdl:value key="SDL:OriginalTranslationHash">-1146890850</sdl:value></sdl:seg><sdl:seg id="293" conf="ApprovedSignOff" origin="interactive"><sdl:value key="SegmentIdentityHash">OB9+r1NXwLeIXFs2U7jaiWdxPz0=</sdl:value><sdl:value key="created_by">heba-PC\heba</sdl:value><sdl:value key="created_on">10/10/2017 15:14:46</sdl:value><sdl:value key="last_modified_by">DESKTOP-C8MRIMB\Sherif Youssef</sdl:value><sdl:value key="modified_on">10/12/2017 19:52:32</sdl:value><sdl:value key="SDL:ProjectTranslationHash">-283661793</sdl:value><sdl:value key="SDL:OriginalTranslationHash">-283661793</sdl:value></sdl:seg><sdl:seg id="294" conf="ApprovedSignOff" origin="interactive"><sdl:value key="SegmentIdentityHash">phdFDxYcA8mrSH4ab6o7HkSAIjU=</sdl:value><sdl:value key="created_by">heba-PC\heba</sdl:value><sdl:value key="created_on">10/10/2017 15:14:49</sdl:value><sdl:value key="last_modified_by">DESKTOP-C8MRIMB\Sherif Youssef</sdl:value><sdl:value key="modified_on">10/12/2017 19:52:32</sdl:value><sdl:value key="SDL:ProjectTranslationHash">1038207166</sdl:value><sdl:value key="SDL:OriginalTranslationHash">1038207166</sdl:value></sdl:seg></sdl:seg-defs></trans-unit></group><group><sdl:cxts><sdl:cxt id="114"/><sdl:cxt id="2"/></sdl:cxts><trans-unit id="12348432-2eff-4a5a-b7c3-d7e88cd05e55"><source><g id="647">[000102] Exemplary oxygen scavengers include triazines, maleimides, formaldehydes, amines, carboxamides, alkylcarboxyl-azo compounds cumine-peroxide compounds morpholino and amino derivatives morpholine and piperazine derivatives, amine oxides, alkanolamines, aliphatic and aromatic polyamines.</g></source><seg-source><g id="647"><mrk mtype="seg" mid="295">[000102] Exemplary oxygen scavengers include triazines, maleimides, formaldehydes, amines, carboxamides, alkylcarboxyl-azo compounds cumine-peroxide compounds morpholino and amino derivatives morpholine and piperazine derivatives, amine oxides, alkanolamines, aliphatic and aromatic polyamines.</mrk></g></seg-source><target><g id="647"><mrk mtype="seg" mid="295">[000102] تتضمن عوامل كسح الأكسجين التوضيحية مركبات ترايازين، مركبات ماليميد، مركبات فورمالدهيد، مركبات أمين، مركبات كربوكساميد، مركبات ألكيل كربوكسيل-آزو، مركبات كيومين-بيروكسيد، مورفولينو ومشتقات أمينو، مورفولين ومشتقات ببرازين، أكاسيد الأمين، مركبات ألكانول أمين، مركبات بولي أمين أليفاتية وأروماتية.</mrk></g></target><sdl:seg-defs><sdl:seg id="295" conf="ApprovedSignOff" origin="interactive"><sdl:value key="SegmentIdentityHash">meMejaI+k6iPxGbNl2xCUKMqu4w=</sdl:value><sdl:value key="created_by">heba-PC\heba</sdl:value><sdl:value key="created_on">10/10/2017 15:14:53</sdl:value><sdl:value key="last_modified_by">DESKTOP-C8MRIMB\Sherif Youssef</sdl:value><sdl:value key="modified_on">10/12/2017 19:52:33</sdl:value><sdl:value key="SDL:ProjectTranslationHash">1668535298</sdl:value><sdl:value key="SDL:OriginalTranslationHash">1668535298</sdl:value></sdl:seg></sdl:seg-defs></trans-unit></group><group><sdl:cxts><sdl:cxt id="115"/><sdl:cxt id="2"/></sdl:cxts><trans-unit id="9e2fc43e-f3bb-4ae3-83a7-90267154bfaa"><source><g id="650">[000103] The binder, to which the composite is added, generally serves to hold the well treatment agent and any desired additives agents together during compression. Suitable binders may be an organic binder or inorganic binder. Typical organic binders are those selected from resole or novolac resins, such as phenolic resole or novolac resins, epoxy-modified novolac resins, epoxy resins, polyurethane resins, alkaline modified phenolic resoles curable with an ester, melamine resins, urea-aldehyde resins, urea-phenol-aldehyde resins, furans, synthetic rubbers, silanes, siloxanes, polyisocyanates, polyepoxys, polymethylmethacrylates, methyl celluloses, crosslink entangled polystyrene divinylbenzenes, and plastics of such polymers as polyesters, polyamides, polyimides, polyethylenes, polypropylenes, polystyrenes, polyolefins, polyvinyl alcohols, polyvinylacetates, silyl-modified polyamides and, optionally, a crosslinking agent. Typical inorganic binders include silicates, e.g., sodium silicate, aluminosilicates, phosphates, e.g., polyphosphate glass, borates, or mixtures thereof, e.g., silicate and phosphate.</g></source><seg-source><g id="650"><mrk mtype="seg" mid="296">[000103] The binder, to which the composite is added, generally serves to hold the well treatment agent and any desired additives agents together during compression.</mrk> <mrk mtype="seg" mid="297">Suitable binders may be an organic binder or inorganic binder.</mrk> <mrk mtype="seg" mid="298">Typical organic binders are those selected from resole or novolac resins, such as phenolic resole or novolac resins, epoxy-modified novolac resins, epoxy resins, polyurethane resins, alkaline modified phenolic resoles curable with an ester, melamine resins, urea-aldehyde resins, urea-phenol-aldehyde resins, furans, synthetic rubbers, silanes, siloxanes, polyisocyanates, polyepoxys, polymethylmethacrylates, methyl celluloses, crosslink entangled polystyrene divinylbenzenes, and plastics of such polymers as polyesters, polyamides, polyimides, polyethylenes, polypropylenes, polystyrenes, polyolefins, polyvinyl alcohols, polyvinylacetates, silyl-modified polyamides and, optionally, a crosslinking agent.</mrk> <mrk mtype="seg" mid="299">Typical inorganic binders include silicates, e.g., sodium silicate, aluminosilicates, phosphates, e.g., polyphosphate glass, borates, or mixtures thereof, e.g., silicate and phosphate.</mrk></g></seg-source><target><g id="650"><mrk mtype="seg" mid="296">[000103] تعمل المادة الرابطة، التي يتم إليها إضافة المادة المركبة، بوجهٍ عام على تثبيت عامل معالجة البئر وأية عوامل إضافة مطلوبة معًا أثناء الانضغاط.</mrk> <mrk mtype="seg" mid="297">يمكن أن تكون المواد الرابطة المناسبة عبارة عن مادة رابطة عضوية أو مادة رابطة غير عضوية.</mrk> <mrk mtype="seg" mid="298">تتمثل المواد الرابطة العضوية النمطية في تلك التي يتم اختيارها من راتنجات ريزول أو نوفولاك، مثل راتنجات ريزول أو نوفولاك فينولية، راتنجات نوفولاك معدلة بإيبوكسي، راتنجات إيبوكسي، راتنجات بولي يوريثان، ريزولات فينولية معدلة بمادة قلوية قابلة للمعالجة بإستر، راتنجات ميلامين، راتنجات يوريا-ألدهيد، راتنجات يوريا-فينول-ألدهيد، مركبات فيوران، أنواع مطاط تخليقي، مركبات سيلان، مركبات سيلوكسان، مركبات بولي أيزو سيانات، مركبات بولي إيبوكسي، مركبات بولي ميثيل ميثاكريلات، مركبات ميثيل سليولوز، مركبات بولي ستيرين داي ڤينيل بنزين متشابك مرتبط تشابكيًا، ومواد لدائنية من البوليمرات المذكورة مثل مركبات بولي إستر، مركبات بولي أميد، مركبات بولي إيميد، مركبات بولي إيثيلين، مركبات بولي بروبيلين، مركبات بولي ستيرين، مركبات بولي أوليفين، كحولات بولي ڤينيل، أسيتات بولي ڤينيل، مركبات بولي أميد معدلة بسيليل، وعلى نحو اختياري، عامل ربط تشابكي.</mrk> <mrk mtype="seg" mid="299">تتضمن مواد رابطة غير عضوية نمطية مركبات سيليكات، على سبيل المثال، صوديوم سيليكات، مركبات ألومينو سيليكات، مركبات فوسفات، على سبيل المثال، زجاج بولي فوسفات، مركبات بورات، أو خلائط منها، على سبيل المثال، سيليكات وفوسفات.</mrk></g></target><sdl:seg-defs><sdl:seg id="296" conf="ApprovedSignOff" origin="interactive"><sdl:value key="SegmentIdentityHash">MU9WYwsiaLJpE+4LldgE3Wpd6A8=</sdl:value><sdl:value key="created_by">heba-PC\heba</sdl:value><sdl:value key="created_on">10/10/2017 15:14:57</sdl:value><sdl:value key="last_modified_by">DESKTOP-C8MRIMB\Sherif Youssef</sdl:value><sdl:value key="modified_on">10/12/2017 19:52:34</sdl:value><sdl:value key="SDL:ProjectTranslationHash">1628515466</sdl:value><sdl:value key="SDL:OriginalTranslationHash">1628515466</sdl:value></sdl:seg><sdl:seg id="297" conf="ApprovedSignOff" origin="interactive"><sdl:value key="SegmentIdentityHash">o8IpFsoOaw7gPd49pI3MXSmVV9I=</sdl:value><sdl:value key="created_by">heba-PC\heba</sdl:value><sdl:value key="created_on">10/10/2017 15:14:59</sdl:value><sdl:value key="last_modified_by">DESKTOP-C8MRIMB\Sherif Youssef</sdl:value><sdl:value key="modified_on">10/12/2017 19:52:35</sdl:value><sdl:value key="SDL:ProjectTranslationHash">-1681258282</sdl:value><sdl:value key="SDL:OriginalTranslationHash">-1681258282</sdl:value></sdl:seg><sdl:seg id="298" conf="ApprovedSignOff" origin="interactive"><sdl:value key="SegmentIdentityHash">G8UHNGjgBNk0ywtm6Ld4iRqadug=</sdl:value><sdl:value key="created_by">heba-PC\heba</sdl:value><sdl:value key="created_on">10/10/2017 15:15:04</sdl:value><sdl:value key="last_modified_by">DESKTOP-C8MRIMB\Sherif Youssef</sdl:value><sdl:value key="modified_on">10/12/2017 19:52:37</sdl:value><sdl:value key="SDL:ProjectTranslationHash">-1360655492</sdl:value><sdl:value key="SDL:OriginalTranslationHash">-1360655492</sdl:value></sdl:seg><sdl:seg id="299" conf="ApprovedSignOff" origin="interactive"><sdl:value key="SegmentIdentityHash">xzsL8I3M+Hg9JwzjyrEOKF7kEWY=</sdl:value><sdl:value key="created_by">heba-PC\heba</sdl:value><sdl:value key="created_on">10/10/2017 15:15:09</sdl:value><sdl:value key="last_modified_by">DESKTOP-C8MRIMB\Sherif Youssef</sdl:value><sdl:value key="modified_on">10/12/2017 19:52:38</sdl:value><sdl:value key="SDL:ProjectTranslationHash">-1985876766</sdl:value><sdl:value key="SDL:OriginalTranslationHash">-1985876766</sdl:value></sdl:seg></sdl:seg-defs></trans-unit></group><group><sdl:cxts><sdl:cxt id="116"/><sdl:cxt id="2"/></sdl:cxts><trans-unit id="4d4f3ef3-e869-4e30-984f-e49675dd178a"><source><g id="662">[000104] The amount of binder added to the composite to form the compressed pellet is typically from about 0.5 to about 50, preferably from about 1 to about 5 percent based on the total weight of the binder and composite, prior to compression. </g></source><seg-source><g id="662"><mrk mtype="seg" mid="300">[000104] The amount of binder added to the composite to form the compressed pellet is typically from about 0.5 to about 50, preferably from about 1 to about 5 percent based on the total weight of the binder and composite, prior to compression.</mrk> </g></seg-source><target><g id="662"><mrk mtype="seg" mid="300">[000104] تتراوح كمية المادة الرابطة التي تتم إضافتها إلى المادة المركبة لتكوين الكرية المضغوطة بشكل نمطي من حوالي 0.5 إلى حوالي 50، يفضل من حوالي 1 إلى حوالي 5 % على أساس الوزن الإجمالي للمادة الرابطة والمادة المركبة، قبل الانضغاط.</mrk> </g></target><sdl:seg-defs><sdl:seg id="300" conf="ApprovedSignOff" origin="interactive"><sdl:value key="SegmentIdentityHash">eqIWS/6fC0sMMaePberb99+VIfk=</sdl:value><sdl:value key="created_by">heba-PC\heba</sdl:value><sdl:value key="created_on">10/10/2017 15:22:14</sdl:value><sdl:value key="last_modified_by">DESKTOP-C8MRIMB\Sherif Youssef</sdl:value><sdl:value key="modified_on">10/12/2017 19:52:44</sdl:value><sdl:value key="SDL:ProjectTranslationHash">-1393273958</sdl:value><sdl:value key="SDL:OriginalTranslationHash">-1393273958</sdl:value></sdl:seg></sdl:seg-defs></trans-unit></group><group><sdl:cxts><sdl:cxt id="117"/><sdl:cxt id="2"/></sdl:cxts><trans-unit id="1de8c6ce-0e09-49a0-82c9-fda4bdcd6fdb"><source><g id="665">[000105] Prior to being shaped, a weighting agent may be combined with the composite and binder in order to impart to the shaped pellet a higher specific gravity. When present, the amount of weighting agent added to the composite is that amount needed to adjust the specific gravity of the shaped particulate to the requirements of the treated well. Suitable weighting agents include sand, glass, hematite, silica, sand, aluminosilicate, and an alkali metal salt or trimanganese tetraoxide.</g></source><seg-source><g id="665"><mrk mtype="seg" mid="301">[000105] Prior to being shaped, a weighting agent may be combined with the composite and binder in order to impart to the shaped pellet a higher specific gravity.</mrk> <mrk mtype="seg" mid="302">When present, the amount of weighting agent added to the composite is that amount needed to adjust the specific gravity of the shaped particulate to the requirements of the treated well.</mrk> <mrk mtype="seg" mid="303">Suitable weighting agents include sand, glass, hematite, silica, sand, aluminosilicate, and an alkali metal salt or trimanganese tetraoxide.</mrk></g></seg-source><target><g id="665"><mrk mtype="seg" mid="301">[000105] قبل تشكيلها، يمكن مزج عامل ثقل مع المادة المركبة والمادة الرابطة لجعل الكرية المشكلة ذات ثقل نوعي أعلى.</mrk> <mrk mtype="seg" mid="302">عندما يكون موجود، تكون كمية عامل الثقل التي تتم إضافتها إلى المادة المركبة عبارة عن الكمية اللازمة لضبط الثقل النوعي للدقائق المشكلة وفقًا لمتطلبات البئر المعالجة.</mrk> <mrk mtype="seg" mid="303">تتضمن عوامل الثقل المناسبة رمل، زجاج، هيماتيت، سيليكا، رمل، ألومينو سيليكات، وملح لفلز قلوي أو تراي منجنيز تترا أكسيد.</mrk></g></target><sdl:seg-defs><sdl:seg id="301" conf="ApprovedSignOff" origin="interactive"><sdl:value key="SegmentIdentityHash">WIRKsbwO9QTJkhxxJRNxp0FJ4Cw=</sdl:value><sdl:value key="created_by">heba-PC\heba</sdl:value><sdl:value key="created_on">10/10/2017 15:22:17</sdl:value><sdl:value key="last_modified_by">DESKTOP-C8MRIMB\Sherif Youssef</sdl:value><sdl:value key="modified_on">10/12/2017 19:52:45</sdl:value><sdl:value key="SDL:ProjectTranslationHash">852327513</sdl:value><sdl:value key="SDL:OriginalTranslationHash">852327513</sdl:value></sdl:seg><sdl:seg id="302" conf="ApprovedSignOff" origin="interactive"><sdl:value key="SegmentIdentityHash">l+OgQVqhj8xgPrgNlKhZep0fpd0=</sdl:value><sdl:value key="created_by">heba-PC\heba</sdl:value><sdl:value key="created_on">10/10/2017 15:22:20</sdl:value><sdl:value key="last_modified_by">DESKTOP-C8MRIMB\Sherif Youssef</sdl:value><sdl:value key="modified_on">10/12/2017 19:52:45</sdl:value><sdl:value key="SDL:ProjectTranslationHash">386064228</sdl:value><sdl:value key="SDL:OriginalTranslationHash">386064228</sdl:value></sdl:seg><sdl:seg id="303" conf="ApprovedSignOff" origin="interactive"><sdl:value key="SegmentIdentityHash">4yj28Dq5reUaxFTOwiMDxlgr8eQ=</sdl:value><sdl:value key="created_by">heba-PC\heba</sdl:value><sdl:value key="created_on">10/10/2017 15:22:23</sdl:value><sdl:value key="last_modified_by">DESKTOP-C8MRIMB\Sherif Youssef</sdl:value><sdl:value key="modified_on">10/12/2017 19:52:46</sdl:value><sdl:value key="SDL:ProjectTranslationHash">-1133529059</sdl:value><sdl:value key="SDL:OriginalTranslationHash">-1133529059</sdl:value></sdl:seg></sdl:seg-defs></trans-unit></group><group><sdl:cxts><sdl:cxt id="118"/><sdl:cxt id="2"/></sdl:cxts><trans-unit id="515abf06-6b7f-4d6e-877a-561f19970ab5"><source><g id="668">[000106] The shaped particulates may be produced by procedures known in the art. Typically the shaped particulates are formed by combining the well treatment composite and, optional, weighting agent, with a binder and then compressing the mixture in a mold of the desired shape or extruding the mixture into its desired shape. [000107] Exemplary of the process for making the shaped particulates is to combine the composite, prepared in accordance with the teachings set forth in U.S. Patent No. 7,493,955 or 7,494,711, with an organic binder and then compressing the mixture at a temperature between from about 20<g id="671">o</g>C to about 50<g id="677">o</g>C at a pressure of from between 50 to about 5000 psi. The hardened particulates may then be screened to the desired size and shape. In another preferred embodiment, the shaped composites are produced by a continuous extrusion at a temperature between from about 400°C to about and 800°C.</g></source><seg-source><g id="668"><mrk mtype="seg" mid="304">[000106] The shaped particulates may be produced by procedures known in the art.</mrk> <mrk mtype="seg" mid="305">Typically the shaped particulates are formed by combining the well treatment composite and, optional, weighting agent, with a binder and then compressing the mixture in a mold of the desired shape or extruding the mixture into its desired shape.</mrk> <mrk mtype="seg" mid="306">[000107] Exemplary of the process for making the shaped particulates is to combine the composite, prepared in accordance with the teachings set forth in U.S. Patent No. 7,493,955 or 7,494,711, with an organic binder and then compressing the mixture at a temperature between from about 20<g id="671">o</g>C to about 50<g id="677">o</g>C at a pressure of from between 50 to about 5000 psi.</mrk> <mrk mtype="seg" mid="307">The hardened particulates may then be screened to the desired size and shape.</mrk> <mrk mtype="seg" mid="308">In another preferred embodiment, the shaped composites are produced by a continuous extrusion at a temperature between from about 400°C to about and 800°C.</mrk></g></seg-source><target><g id="668"><mrk mtype="seg" mid="304">[000106] يمكن إنتاج الدقائق المُشكلة بواسطة إجراءات معروفة في المجال.</mrk> <mrk mtype="seg" mid="305">على نحو نمطي يتم تشكيل الدقائق المُشكلة بواسطة مزج مادة معالجة البئر المركبة، وعلى نحو اختياري، عامل ثقل، مع مادة رابطة ومن ثم ضغط الخليط في قالب ذو شكل مطلوب أو بثق الخليط بشكله المطلوب.</mrk> <mrk mtype="seg" mid="306">[000107] يتمثل مثال على عملية لتحضير دقائق مشكلة في مزج المادة المركبة، المحضرة وفقًا للإرشادات المذكورة في براءة الاختراع الأمريكية رقم 7,493,955 أو 7,494,711، مع مادة رابطة عضوية ومن ثم ضغط الخلطي عند درجة حرارة تتراوح من حوالي 20 درجة مئوية إلى حوالي 50 درجة مئوية عند ضغط يتراوح من 50 إلى حوالي 5000 رطل لكل بوصة مربعة.</mrk> <mrk mtype="seg" mid="307">يمكن بعد ذلك ترشيح الدقائق الصلبة للحصول على الشكل والحجم المطلوبين.</mrk> <mrk mtype="seg" mid="308">في تجسيد آخر مفضل، يتم إنتاج المواد المركبة المُشكلة بواسطة البثق المستمر عند درجة حرارة تتراوح من حوالي 400 درجة مئوية إلى حوالي و800 درجة مئوية.</mrk></g></target><sdl:seg-defs><sdl:seg id="304" conf="ApprovedSignOff" origin="interactive"><sdl:value key="SegmentIdentityHash">xBo7WUT6vBmA3+UK/00/CkMBZwc=</sdl:value><sdl:value key="created_by">heba-PC\heba</sdl:value><sdl:value key="created_on">10/10/2017 15:28:36</sdl:value><sdl:value key="last_modified_by">DESKTOP-C8MRIMB\Sherif Youssef</sdl:value><sdl:value key="modified_on">10/12/2017 19:52:47</sdl:value><sdl:value key="SDL:ProjectTranslationHash">-1186744749</sdl:value><sdl:value key="SDL:OriginalTranslationHash">-1186744749</sdl:value></sdl:seg><sdl:seg id="305" conf="ApprovedSignOff" origin="interactive"><sdl:value key="SegmentIdentityHash">bVvEOHH9s2rM2/C4HAWi9sVt1IM=</sdl:value><sdl:value key="created_by">heba-PC\heba</sdl:value><sdl:value key="created_on">10/10/2017 15:28:39</sdl:value><sdl:value key="last_modified_by">DESKTOP-C8MRIMB\Sherif Youssef</sdl:value><sdl:value key="modified_on">10/12/2017 19:52:48</sdl:value><sdl:value key="SDL:ProjectTranslationHash">-1439929295</sdl:value><sdl:value key="SDL:OriginalTranslationHash">-1439929295</sdl:value></sdl:seg><sdl:seg id="306" conf="ApprovedSignOff" origin="interactive"><sdl:value key="SegmentIdentityHash">TS70baOEoO4m2YezWUD4yxgNT6Y=</sdl:value><sdl:value key="created_by">heba-PC\heba</sdl:value><sdl:value key="created_on">10/09/2017 06:04:08</sdl:value><sdl:value key="last_modified_by">DESKTOP-C8MRIMB\Sherif Youssef</sdl:value><sdl:value key="modified_on">10/12/2017 19:52:49</sdl:value><sdl:value key="SDL:ProjectTranslationHash">-823333616</sdl:value><sdl:value key="SDL:OriginalTranslationHash">-823333616</sdl:value></sdl:seg><sdl:seg id="307" conf="ApprovedSignOff" origin="interactive"><sdl:value key="SegmentIdentityHash">OEEpll93epMpObsAIxDij+gyjSs=</sdl:value><sdl:value key="created_by">heba-PC\heba</sdl:value><sdl:value key="created_on">10/10/2017 15:28:43</sdl:value><sdl:value key="last_modified_by">DESKTOP-C8MRIMB\Sherif Youssef</sdl:value><sdl:value key="modified_on">10/12/2017 19:52:50</sdl:value><sdl:value key="SDL:ProjectTranslationHash">-466220509</sdl:value><sdl:value key="SDL:OriginalTranslationHash">-466220509</sdl:value></sdl:seg><sdl:seg id="308" conf="ApprovedSignOff" origin="interactive"><sdl:value key="SegmentIdentityHash">chLHQHR1Z906uofmTWGK1G1wjeE=</sdl:value><sdl:value key="created_by">heba-PC\heba</sdl:value><sdl:value key="created_on">10/10/2017 15:28:46</sdl:value><sdl:value key="last_modified_by">DESKTOP-C8MRIMB\Sherif Youssef</sdl:value><sdl:value key="modified_on">10/12/2017 19:52:51</sdl:value><sdl:value key="SDL:ProjectTranslationHash">-484496866</sdl:value><sdl:value key="SDL:OriginalTranslationHash">-484496866</sdl:value></sdl:seg></sdl:seg-defs></trans-unit></group><group><sdl:cxts><sdl:cxt id="119"/><sdl:cxt id="2"/></sdl:cxts><trans-unit id="efd1620d-0ffb-4732-8610-87bbc86635df"><source><g id="683">[000108] The shaped particulates may further be coated with a resin, plastic or sealant which is resistant to the hydrocarbons produced in the well. Suitable resins include phenolic resins like phenol formaldehyde resins, melamine formaldehyde resins, urethane resins, epoxy resins, polyamides, such as nylon, polyethylene, polystyrene, furan resins or a combination thereof.</g></source><seg-source><g id="683"><mrk mtype="seg" mid="309">[000108] The shaped particulates may further be coated with a resin, plastic or sealant which is resistant to the hydrocarbons produced in the well.</mrk> <mrk mtype="seg" mid="310">Suitable resins include phenolic resins like phenol formaldehyde resins, melamine formaldehyde resins, urethane resins, epoxy resins, polyamides, such as nylon, polyethylene, polystyrene, furan resins or a combination thereof.</mrk></g></seg-source><target><g id="683"><mrk mtype="seg" mid="309">[000108] يمكن أيضًا تغليف الدقائق المُشكلة براتنج، مادة لدائنية أو مادة مانعة للتسرب مقاومة للهيدروكربونات المنتجة في البئر.</mrk> <mrk mtype="seg" mid="310">تتضمن الراتنجات المناسبة راتنجات مثل راتنجات فينول فورمالدهيد، راتنجات ميلامين فورمالدهيد، راتنجات يوريثان، راتنجات إيبوكسي، مركبات بولي أميد، مثل النيلون، بولي إيثيلين، بولي ستيرين، راتنجات الفيوران أو توليفة منها.</mrk></g></target><sdl:seg-defs><sdl:seg id="309" conf="ApprovedSignOff" origin="interactive"><sdl:value key="SegmentIdentityHash">lEyGFjf3so7X2AEfkUmyXsFUe4o=</sdl:value><sdl:value key="created_by">heba-PC\heba</sdl:value><sdl:value key="created_on">10/10/2017 15:28:49</sdl:value><sdl:value key="last_modified_by">DESKTOP-C8MRIMB\Sherif Youssef</sdl:value><sdl:value key="modified_on">10/12/2017 19:52:53</sdl:value><sdl:value key="SDL:ProjectTranslationHash">-1373090622</sdl:value><sdl:value key="SDL:OriginalTranslationHash">-1373090622</sdl:value></sdl:seg><sdl:seg id="310" conf="ApprovedSignOff" origin="interactive"><sdl:value key="SegmentIdentityHash">62X5PVCe2T6lVlzv6xfzr06U9CA=</sdl:value><sdl:value key="created_by">heba-PC\heba</sdl:value><sdl:value key="created_on">10/10/2017 15:28:52</sdl:value><sdl:value key="last_modified_by">DESKTOP-C8MRIMB\Sherif Youssef</sdl:value><sdl:value key="modified_on">10/12/2017 19:52:56</sdl:value><sdl:value key="SDL:ProjectTranslationHash">-91453685</sdl:value><sdl:value key="SDL:OriginalTranslationHash">-91453685</sdl:value></sdl:seg></sdl:seg-defs></trans-unit></group><group><sdl:cxts><sdl:cxt id="120"/><sdl:cxt id="2"/></sdl:cxts><trans-unit id="abcc0bef-afa5-4336-9a9e-9f489c3fbdb6"><source><g id="695">[000109] The coating layer serves to strengthen the compressed pellet, protect the pellet from harsh environmental conditions, protect the pellet from rupturing as it is lowered into the well and to lengthen the time of release of the well treatment agent from the pellet. The coating layer may be applied to the pellet by mixing the pellet and coating material in a vessel at elevated temperatures, typically from about 200 to about 350, preferably around 250° F. An adherent, such as a resin adhesive or tackifying resin, may further be added to the vessel during mixing. The adherent may be used to assist the adhesion of the coating onto the compressed pellet. Alternatively, the coating layer may also be applied as a spray in a solvent based coating on the compressed pellet and then dried to remove the solvent.</g></source><seg-source><g id="695"><mrk mtype="seg" mid="311">[000109] The coating layer serves to strengthen the compressed pellet, protect the pellet from harsh environmental conditions, protect the pellet from rupturing as it is lowered into the well and to lengthen the time of release of the well treatment agent from the pellet.</mrk> <mrk mtype="seg" mid="312">The coating layer may be applied to the pellet by mixing the pellet and coating material in a vessel at elevated temperatures, typically from about 200 to about 350, preferably around 250° F. An adherent, such as a resin adhesive or tackifying resin, may further be added to the vessel during mixing.</mrk> <mrk mtype="seg" mid="313">The adherent may be used to assist the adhesion of the coating onto the compressed pellet.</mrk> <mrk mtype="seg" mid="314">Alternatively, the coating layer may also be applied as a spray in a solvent based coating on the compressed pellet and then dried to remove the solvent.</mrk></g></seg-source><target><g id="695"><mrk mtype="seg" mid="311">[000109] تعمل طبقة التغليف على تقوية الكرية المضغوطة، حماية الكرية من الظروف البيئية القاسية، حماية الكرية من التمزق عند إنزالها في البئر ولإطالة زمن إطلاق عامل معالجة البئر من الكرية.</mrk> <mrk mtype="seg" mid="312">يمكن وضع طبقة التغليف على الكرية بواسطة خلط الكرية والمادة المغلفة في وعاء عند درجات حرارة مرتفعة، نمطيًا من حوالي 200 إلى حوالي 350، يفضل حوالي 250 درجة فهرنهايت. يمكن أيضًا إضافة عامل لصق، مثل مادة لاصقة راتنجية أو راتنج إكساب لزوجة، إلى الوعاء أثناء الخلط.</mrk> <mrk mtype="seg" mid="313">يمكن استخدام عامل اللصق للمساعدة على التصاق التغليف على الكرية المضغوطة.</mrk> <mrk mtype="seg" mid="314">على نحو بديل، كما يمكن وضع طبقة التغليف برش مادة مغلفة أساسها مذيب على الكرية المضغوطة ومن ثم يتم تجفيفها لإزالة المذيب.</mrk></g></target><sdl:seg-defs><sdl:seg id="311" conf="ApprovedSignOff" origin="interactive"><sdl:value key="SegmentIdentityHash">LLVGZEVTLJ4aJLA89PGQt0GdxX0=</sdl:value><sdl:value key="created_by">heba-PC\heba</sdl:value><sdl:value key="created_on">10/10/2017 15:38:31</sdl:value><sdl:value key="last_modified_by">DESKTOP-C8MRIMB\Sherif Youssef</sdl:value><sdl:value key="modified_on">10/12/2017 19:53:14</sdl:value><sdl:value key="SDL:ProjectTranslationHash">-632511978</sdl:value><sdl:value key="SDL:OriginalTranslationHash">-632511978</sdl:value></sdl:seg><sdl:seg id="312" conf="ApprovedSignOff" origin="interactive"><sdl:value key="SegmentIdentityHash">ZjtgQxyfd45RXC/655NFsEHJMOA=</sdl:value><sdl:value key="created_by">heba-PC\heba</sdl:value><sdl:value key="created_on">10/10/2017 15:38:34</sdl:value><sdl:value key="last_modified_by">DESKTOP-C8MRIMB\Sherif Youssef</sdl:value><sdl:value key="modified_on">10/12/2017 19:53:18</sdl:value><sdl:value key="SDL:ProjectTranslationHash">-1156380141</sdl:value><sdl:value key="SDL:OriginalTranslationHash">-1156380141</sdl:value></sdl:seg><sdl:seg id="313" conf="ApprovedSignOff" origin="interactive"><sdl:value key="SegmentIdentityHash">7eGwmufVrO+clA69oXoNsrDYMn0=</sdl:value><sdl:value key="created_by">heba-PC\heba</sdl:value><sdl:value key="created_on">10/10/2017 15:38:37</sdl:value><sdl:value key="last_modified_by">DESKTOP-C8MRIMB\Sherif Youssef</sdl:value><sdl:value key="modified_on">10/12/2017 19:53:19</sdl:value><sdl:value key="SDL:ProjectTranslationHash">-1599601774</sdl:value><sdl:value key="SDL:OriginalTranslationHash">-1599601774</sdl:value></sdl:seg><sdl:seg id="314" conf="ApprovedSignOff" origin="interactive"><sdl:value key="SegmentIdentityHash">+brvo9ZIPvhf58agmroOH43hl7U=</sdl:value><sdl:value key="created_by">heba-PC\heba</sdl:value><sdl:value key="created_on">10/10/2017 15:38:39</sdl:value><sdl:value key="last_modified_by">DESKTOP-C8MRIMB\Sherif Youssef</sdl:value><sdl:value key="modified_on">10/12/2017 19:53:21</sdl:value><sdl:value key="SDL:ProjectTranslationHash">-637940100</sdl:value><sdl:value key="SDL:OriginalTranslationHash">-637940100</sdl:value></sdl:seg></sdl:seg-defs></trans-unit></group><group><sdl:cxts><sdl:cxt id="121"/><sdl:cxt id="2"/></sdl:cxts><trans-unit id="df9220fe-e763-4bfb-bc6a-1019b96dc113"><source><g id="698">[000110] Adsorption of the well treatment agent onto the adsorbent reduces (or eliminates) the amount of well treatment agent required to be in solution. Since the well treatment agent is adsorbent onto a substrate, only a small amount of well treatment agent may be released into the aqueous medium.</g></source><seg-source><g id="698"><mrk mtype="seg" mid="315">[000110] Adsorption of the well treatment agent onto the adsorbent reduces (or eliminates) the amount of well treatment agent required to be in solution.</mrk> <mrk mtype="seg" mid="316">Since the well treatment agent is adsorbent onto a substrate, only a small amount of well treatment agent may be released into the aqueous medium.</mrk></g></seg-source><target><g id="698"><mrk mtype="seg" mid="315">[000110] يقلل امتزاز عامل معالجة البئر على المادة الممتزة من (أو يتخلص من) كمية عامل معالجة البئر المطلوب وجودها في المحلول.</mrk> <mrk mtype="seg" mid="316">بما أنه يتم امتزاز عامل معالجة البئر على الركيزة، فإنه يمكن إطلاق كمية صغيرة من عامل معالجة البئر في الوسط المائي.</mrk></g></target><sdl:seg-defs><sdl:seg id="315" conf="ApprovedSignOff" origin="interactive"><sdl:value key="SegmentIdentityHash">Eouinc+ZUXSQ6LS1u8oBiP2Rfho=</sdl:value><sdl:value key="created_by">heba-PC\heba</sdl:value><sdl:value key="created_on">10/10/2017 15:38:43</sdl:value><sdl:value key="last_modified_by">DESKTOP-C8MRIMB\Sherif Youssef</sdl:value><sdl:value key="modified_on">10/12/2017 19:53:21</sdl:value><sdl:value key="SDL:ProjectTranslationHash">-2002127303</sdl:value><sdl:value key="SDL:OriginalTranslationHash">-2002127303</sdl:value></sdl:seg><sdl:seg id="316" conf="ApprovedSignOff" origin="interactive"><sdl:value key="SegmentIdentityHash">lqj/ps05s154U3ZjelqNax5xUM8=</sdl:value><sdl:value key="created_by">heba-PC\heba</sdl:value><sdl:value key="created_on">10/10/2017 15:38:45</sdl:value><sdl:value key="last_modified_by">DESKTOP-C8MRIMB\Sherif Youssef</sdl:value><sdl:value key="modified_on">10/12/2017 19:53:23</sdl:value><sdl:value key="SDL:ProjectTranslationHash">1475055770</sdl:value><sdl:value key="SDL:OriginalTranslationHash">1475055770</sdl:value></sdl:seg></sdl:seg-defs></trans-unit></group><group><sdl:cxts><sdl:cxt id="122"/><sdl:cxt id="2"/></sdl:cxts><trans-unit id="d1236f7e-00f9-4c55-a937-c3efd21447e9"><source><g id="701">[000111] In another embodiment, the calcined porous metal oxide of the composite may be reactivated or recharged with the well treatment agent after at least a portion of the well treatment agent has been depleted. Such processes are disclosed in U.S. Patent No. 7,686,081 and U.S. Patent Publication no. 2010/0175875, both of which are herein incorporated by reference.</g></source><seg-source><g id="701"><mrk mtype="seg" mid="317">[000111] In another embodiment, the calcined porous metal oxide of the composite may be reactivated or recharged with the well treatment agent after at least a portion of the well treatment agent has been depleted.</mrk> <mrk mtype="seg" mid="318">Such processes are disclosed in U.S. Patent No. 7,686,081 and U.S. Patent Publication no. 2010/0175875, both of which are herein incorporated by reference.</mrk></g></seg-source><target><g id="701"><mrk mtype="seg" mid="317">[000111] في تجسيد آخر، يمكن إعادة تنشيط أكسيد الفلز المسامي المكلسن للمادة المركبة أو إعادة تعبئته بعامل معالجة البئر بعد استنفاد جزء على الأقل من عامل معالجة البئر.</mrk> <mrk mtype="seg" mid="318">يتم الكشف عن هذه العمليات في براءة الاختراع الأمريكية رقم 7,686,081 ومنشور براءة الاختراع الأمريكية رقم، 2010/0175875، اللذين تم تضمينهما هنا كمرجع.</mrk></g></target><sdl:seg-defs><sdl:seg id="317" conf="ApprovedSignOff" origin="interactive"><sdl:value key="SegmentIdentityHash">7qZ50SbLF9VbqUu/oqyF6+vfKAI=</sdl:value><sdl:value key="created_by">heba-PC\heba</sdl:value><sdl:value key="created_on">10/10/2017 15:38:50</sdl:value><sdl:value key="last_modified_by">DESKTOP-C8MRIMB\Sherif Youssef</sdl:value><sdl:value key="modified_on">10/12/2017 19:53:24</sdl:value><sdl:value key="SDL:ProjectTranslationHash">1414250212</sdl:value><sdl:value key="SDL:OriginalTranslationHash">1414250212</sdl:value></sdl:seg><sdl:seg id="318" conf="ApprovedSignOff" origin="interactive"><sdl:prev-origin origin="source"><sdl:prev-origin/><sdl:value key="SegmentIdentityHash">mRLCmn1yVNEIe0VVTLzhmfOwWaE=</sdl:value><sdl:value key="created_by">heba-PC\heba</sdl:value><sdl:value key="created_on">10/09/2017 06:06:15</sdl:value><sdl:value key="last_modified_by">heba-PC\heba</sdl:value><sdl:value key="modified_on">10/09/2017 06:06:15</sdl:value></sdl:prev-origin><sdl:value key="SegmentIdentityHash">mRLCmn1yVNEIe0VVTLzhmfOwWaE=</sdl:value><sdl:value key="created_by">heba-PC\heba</sdl:value><sdl:value key="created_on">10/09/2017 06:06:17</sdl:value><sdl:value key="last_modified_by">DESKTOP-C8MRIMB\Sherif Youssef</sdl:value><sdl:value key="modified_on">10/12/2017 19:53:25</sdl:value><sdl:value key="SDL:ProjectTranslationHash">917901235</sdl:value><sdl:value key="SDL:OriginalTranslationHash">917901235</sdl:value></sdl:seg></sdl:seg-defs></trans-unit></group><group><sdl:cxts><sdl:cxt id="123"/><sdl:cxt id="2"/></sdl:cxts><trans-unit id="6e321cd1-2b42-4bb2-b04b-f85185bc655f"><source><g id="704">[000112] In this procedure, an initial charge of the composite may be injected into the well bore in a conventional method, whether for fracturing or for gravel packing. Such conventional methods include truck treating, continuous injection, or high pressure pumping, for example. The downhole matrix formed within the formation after the initial charge is comprised of the well treatment agent on a water-insoluble adsorbent as part of the sand matrix.</g></source><seg-source><g id="704"><mrk mtype="seg" mid="319">[000112] In this procedure, an initial charge of the composite may be injected into the well bore in a conventional method, whether for fracturing or for gravel packing.</mrk> <mrk mtype="seg" mid="320">Such conventional methods include truck treating, continuous injection, or high pressure pumping, for example.</mrk> <mrk mtype="seg" mid="321">The downhole matrix formed within the formation after the initial charge is comprised of the well treatment agent on a water-insoluble adsorbent as part of the sand matrix.</mrk></g></seg-source><target><g id="704"><mrk mtype="seg" mid="319">[000112] في هذا الإجراء، يمكن حقن شحنة مبدئية من المادة المركبة في حفرة البئر بطريقة طريقة، إما للتصديع أو للحشو بالحصى.</mrk> <mrk mtype="seg" mid="320">تتضمن الطرق التقليدية المذكورة المعالجة بشاحنة، الحقن المستمر، أو الضخ عالي الضغط، على سبيل المثال.</mrk> <mrk mtype="seg" mid="321">تشتمل مصفوفة أسفل البئر المُشكلة في التكوين بعد الشحنة المبدئية على عامل معالجة البئر الموجود على مادة ممتزة غير قابلة للذوبان في الماء كجزء من مصفوفة الرمل.</mrk></g></target><sdl:seg-defs><sdl:seg id="319" conf="ApprovedSignOff" origin="interactive"><sdl:value key="SegmentIdentityHash">XTdektBinMZtH5W45P8eYf/cKYI=</sdl:value><sdl:value key="created_by">heba-PC\heba</sdl:value><sdl:value key="created_on">10/10/2017 15:43:38</sdl:value><sdl:value key="last_modified_by">DESKTOP-C8MRIMB\Sherif Youssef</sdl:value><sdl:value key="modified_on">10/12/2017 19:53:26</sdl:value><sdl:value key="SDL:ProjectTranslationHash">758642007</sdl:value><sdl:value key="SDL:OriginalTranslationHash">758642007</sdl:value></sdl:seg><sdl:seg id="320" conf="ApprovedSignOff" origin="interactive"><sdl:value key="SegmentIdentityHash">BEXgUqPJf1C3YFJmagvgbE3LcDE=</sdl:value><sdl:value key="created_by">heba-PC\heba</sdl:value><sdl:value key="created_on">10/10/2017 15:43:45</sdl:value><sdl:value key="last_modified_by">DESKTOP-C8MRIMB\Sherif Youssef</sdl:value><sdl:value key="modified_on">10/12/2017 19:53:27</sdl:value><sdl:value key="SDL:ProjectTranslationHash">-1799272311</sdl:value><sdl:value key="SDL:OriginalTranslationHash">-1799272311</sdl:value></sdl:seg><sdl:seg id="321" conf="ApprovedSignOff" origin="interactive"><sdl:value key="SegmentIdentityHash">FlQJTOYOShAjzl7VJ8JKykIuYiQ=</sdl:value><sdl:value key="created_by">heba-PC\heba</sdl:value><sdl:value key="created_on">10/10/2017 15:43:48</sdl:value><sdl:value key="last_modified_by">DESKTOP-C8MRIMB\Sherif Youssef</sdl:value><sdl:value key="modified_on">10/12/2017 19:53:27</sdl:value><sdl:value key="SDL:ProjectTranslationHash">-979644729</sdl:value><sdl:value key="SDL:OriginalTranslationHash">-979644729</sdl:value></sdl:seg></sdl:seg-defs></trans-unit></group><group><sdl:cxts><sdl:cxt id="124"/><sdl:cxt id="2"/></sdl:cxts><trans-unit id="cdc52aa4-9cca-4e7f-a459-da0fcdd05beb"><source><g id="707">[000113] Additional amounts of fluid containing the well treatment agent may be injected into the formation anytime after the initial charge of well treatment agent in the composite has at least partially depleted. Typically, the additional well treatment agent is introduced when the well treatment agent adsorbed onto the adsorbent or within the interstitial spaces of the composite has been substantially depleted and the performance level of the well treatment agent in the composite has become unacceptable.</g></source><seg-source><g id="707"><mrk mtype="seg" mid="322">[000113] Additional amounts of fluid containing the well treatment agent may be injected into the formation anytime after the initial charge of well treatment agent in the composite has at least partially depleted.</mrk> <mrk mtype="seg" mid="323">Typically, the additional well treatment agent is introduced when the well treatment agent adsorbed onto the adsorbent or within the interstitial spaces of the composite has been substantially depleted and the performance level of the well treatment agent in the composite has become unacceptable.</mrk></g></seg-source><target><g id="707"><mrk mtype="seg" mid="322">[000113] يمكن حقن كميات إضافية من عامل معالجة بئر يحتوي على مائع في التكوين في أي وقت بعد استنفاد الشحنة المبدئية من عامل معالجة البئر الموجود في المادة المركبة بشكل جزئي على الأقل.</mrk> <mrk mtype="seg" mid="323">نمطيًا، يتم إدخال عامل معالجة بئر الإضافي عند استنفاد عامل معالجة البئر الذي يتم امتزازه على المادة الممتزة أو في الأحياز الخلالية للمادة المركبة إلى حدٍ كبير وعندما يصبح مستوى أداء عامل معالجة البئر في المادة المركبة غير مقبول.</mrk></g></target><sdl:seg-defs><sdl:seg id="322" conf="ApprovedSignOff" origin="interactive"><sdl:value key="SegmentIdentityHash">IdX4LXZJIcfBq8Av+f5pAhgk4JM=</sdl:value><sdl:value key="created_by">heba-PC\heba</sdl:value><sdl:value key="created_on">10/10/2017 15:46:18</sdl:value><sdl:value key="last_modified_by">DESKTOP-C8MRIMB\Sherif Youssef</sdl:value><sdl:value key="modified_on">10/12/2017 19:53:28</sdl:value><sdl:value key="SDL:ProjectTranslationHash">-93583104</sdl:value><sdl:value key="SDL:OriginalTranslationHash">-93583104</sdl:value></sdl:seg><sdl:seg id="323" conf="ApprovedSignOff" origin="interactive"><sdl:value key="SegmentIdentityHash">MBPm+VukCYsYrX5KZ5ShLhMdc1c=</sdl:value><sdl:value key="created_by">heba-PC\heba</sdl:value><sdl:value key="created_on">10/10/2017 15:47:49</sdl:value><sdl:value key="last_modified_by">DESKTOP-C8MRIMB\Sherif Youssef</sdl:value><sdl:value key="modified_on">10/12/2017 19:53:28</sdl:value><sdl:value key="SDL:ProjectTranslationHash">839147451</sdl:value><sdl:value key="SDL:OriginalTranslationHash">839147451</sdl:value></sdl:seg></sdl:seg-defs></trans-unit></group><group><sdl:cxts><sdl:cxt id="125"/><sdl:cxt id="2"/></sdl:cxts><trans-unit id="8327ce44-1ea9-4d62-ab2b-ecb8c69f6cb6"><source><g id="716">[000114] The injection of additional well treatment agent may be carried out in the same manner by which the initial composite was charged into the wellbore, and can be carried out in any conventional method of injecting fluids into a wellbore of an oil or gas well, as mentioned above. The fluid which is injected will typically be comprised of the desired well treatment agent(s) in a solution which further comprises a solvent. The relative amounts of the solvent and treatment agent of the solution to be injected into the wellbore will of course vary depending upon the agent and solvent involved, but will typically be of a solvent to treatment agent ratio in the range of about 10:90 to about 95:5, by weight. The solvent in one embodiment is xylene, toluene, or a heavy aromatic distillate or a mixture thereof. When a mixture of all of xylene, toluene and heavy aromatic distillate is used, the relative amounts of each solvent component can vary, but will be typically in variable weight ratios (xylene:toluene:heavy aromatic distillate) such as 10:70:20, 20:70:10, 70:20:10 or 20:10:70. In another embodiment, the solvent can be water (for water soluble well treatment agents).</g></source><seg-source><g id="716"><mrk mtype="seg" mid="324">[000114] The injection of additional well treatment agent may be carried out in the same manner by which the initial composite was charged into the wellbore, and can be carried out in any conventional method of injecting fluids into a wellbore of an oil or gas well, as mentioned above.</mrk> <mrk mtype="seg" mid="325">The fluid which is injected will typically be comprised of the desired well treatment agent(s) in a solution which further comprises a solvent.</mrk> <mrk mtype="seg" mid="326">The relative amounts of the solvent and treatment agent of the solution to be injected into the wellbore will of course vary depending upon the agent and solvent involved, but will typically be of a solvent to treatment agent ratio in the range of about 10:90 to about 95:5, by weight.</mrk> <mrk mtype="seg" mid="327">The solvent in one embodiment is xylene, toluene, or a heavy aromatic distillate or a mixture thereof.</mrk> <mrk mtype="seg" mid="328">When a mixture of all of xylene, toluene and heavy aromatic distillate is used, the relative amounts of each solvent component can vary, but will be typically in variable weight ratios (xylene:toluene:heavy aromatic distillate) such as 10:70:20, 20:70:10, 70:20:10 or 20:10:70.</mrk> <mrk mtype="seg" mid="329">In another embodiment, the solvent can be water (for water soluble well treatment agents).</mrk></g></seg-source><target><g id="716"><mrk mtype="seg" mid="324">[000114] يمكن أن يتم حقن كمية إضافية من عامل معالجة البئر بنفس الطريقة التي تم بواسطتها شحن المادة المركبة المبدئية في حفرة البئر، ويمكن أن يتم بأي طريقة تقليدية لحقن الموائع في حفرة البئر الخاصة ببئر نفط أو غاز، على النحو المذكور أعلاه.</mrk> <mrk mtype="seg" mid="325">سيشتمل المائع الذي يتم حقنه نمطيًا على عامل معالجة البئر(عوامل معالجة البئر) المطلوب في محلول يشتمل أيضًا على مذيب.</mrk> <mrk mtype="seg" mid="326">ستتراوح الكميات النسبية من المذيب وعامل المعالجة للمحلول المراد حقنه في حفرة البئر بطبيعة الحالي بناءً على العامل والمذيب المتضمن، ولكن بصورة نمطية ستكون بنسبة مذيب إلى عامل معالجة تقع في نطاق يتراوح من حوالي 10: 90 إلى حوالي 95: 5، بالوزن.</mrk> <mrk mtype="seg" mid="327">يكون المذيب في أحد التجسيدات عبارة عن زيلين، تولوين، أو ناتج تقطير عطري ثقيل أو خليط منها.</mrk> <mrk mtype="seg" mid="328">عند استخدام خليط من كل من الزيلين، التولوين وناتج التقطير العطري الثقيل، يمكن أن تتفاوت الكميات النسبية من كل مكون مذيب، ولكن ستكون بصورة نمطية بنسب وزن متغيرة (زيلين: تولوين: ناتج تقطير عطري ثقيل) مثل 10: 70: 20، 20: 70: 10، 70: 20: 10 أو 20: 10: 70.</mrk> <mrk mtype="seg" mid="329">في تجسيد آخر، يمكن أن يكون المذيب عبارة عن ماء (بالنسبة لعوامل معالجة بئر قابلة للذوبان في الماء).</mrk></g></target><sdl:seg-defs><sdl:seg id="324" conf="ApprovedSignOff" origin="interactive"><sdl:value key="SegmentIdentityHash">NLFIxnpzkxwjrZTmAdbOyAdXAfc=</sdl:value><sdl:value key="created_by">heba-PC\heba</sdl:value><sdl:value key="created_on">10/10/2017 15:50:12</sdl:value><sdl:value key="last_modified_by">DESKTOP-C8MRIMB\Sherif Youssef</sdl:value><sdl:value key="modified_on">10/12/2017 19:53:29</sdl:value><sdl:value key="SDL:ProjectTranslationHash">1415618747</sdl:value><sdl:value key="SDL:OriginalTranslationHash">1415618747</sdl:value></sdl:seg><sdl:seg id="325" conf="ApprovedSignOff" origin="interactive"><sdl:value key="SegmentIdentityHash">gXvkQbPgKk2X8WZN5gSjtz5/bCc=</sdl:value><sdl:value key="created_by">heba-PC\heba</sdl:value><sdl:value key="created_on">10/10/2017 15:50:15</sdl:value><sdl:value key="last_modified_by">DESKTOP-C8MRIMB\Sherif Youssef</sdl:value><sdl:value key="modified_on">10/12/2017 19:53:30</sdl:value><sdl:value key="SDL:ProjectTranslationHash">61180650</sdl:value><sdl:value key="SDL:OriginalTranslationHash">61180650</sdl:value></sdl:seg><sdl:seg id="326" conf="ApprovedSignOff" origin="interactive"><sdl:value key="SegmentIdentityHash">q082M0YPb4sFnYB2gFlYMCTFQbw=</sdl:value><sdl:value key="created_by">heba-PC\heba</sdl:value><sdl:value key="created_on">10/10/2017 15:52:44</sdl:value><sdl:value key="last_modified_by">DESKTOP-C8MRIMB\Sherif Youssef</sdl:value><sdl:value key="modified_on">10/12/2017 19:53:30</sdl:value><sdl:value key="SDL:ProjectTranslationHash">2031638702</sdl:value><sdl:value key="SDL:OriginalTranslationHash">2031638702</sdl:value></sdl:seg><sdl:seg id="327" conf="ApprovedSignOff" origin="interactive"><sdl:value key="SegmentIdentityHash">5ujvrNLmNHUXm5n7K/Xvmk2JUck=</sdl:value><sdl:value key="created_by">heba-PC\heba</sdl:value><sdl:value key="created_on">10/10/2017 15:57:12</sdl:value><sdl:value key="last_modified_by">DESKTOP-C8MRIMB\Sherif Youssef</sdl:value><sdl:value key="modified_on">10/12/2017 19:53:32</sdl:value><sdl:value key="SDL:ProjectTranslationHash">370478747</sdl:value><sdl:value key="SDL:OriginalTranslationHash">370478747</sdl:value></sdl:seg><sdl:seg id="328" conf="ApprovedSignOff" origin="interactive"><sdl:value key="SegmentIdentityHash">3gqLMe+gOrCywtL7oLZbMo6oAjU=</sdl:value><sdl:value key="created_by">heba-PC\heba</sdl:value><sdl:value key="created_on">10/10/2017 15:57:16</sdl:value><sdl:value key="last_modified_by">DESKTOP-C8MRIMB\Sherif Youssef</sdl:value><sdl:value key="modified_on">10/12/2017 19:53:34</sdl:value><sdl:value key="SDL:ProjectTranslationHash">-2104952251</sdl:value><sdl:value key="SDL:OriginalTranslationHash">-2104952251</sdl:value></sdl:seg><sdl:seg id="329" conf="ApprovedSignOff" origin="interactive"><sdl:value key="SegmentIdentityHash">pRPiY2Gcfc09n8H5PZGRsUSZvJs=</sdl:value><sdl:value key="created_by">heba-PC\heba</sdl:value><sdl:value key="created_on">10/10/2017 15:57:19</sdl:value><sdl:value key="last_modified_by">DESKTOP-C8MRIMB\Sherif Youssef</sdl:value><sdl:value key="modified_on">10/12/2017 19:53:35</sdl:value><sdl:value key="SDL:ProjectTranslationHash">-655312600</sdl:value><sdl:value key="SDL:OriginalTranslationHash">-655312600</sdl:value></sdl:seg></sdl:seg-defs></trans-unit></group><group><sdl:cxts><sdl:cxt id="126"/><sdl:cxt id="2"/></sdl:cxts><trans-unit id="d3c52cbf-cfc8-4eb4-85f9-8f047c5e1aaf"><source><g id="719">[000115] After the injection step is carried out, the wellbore is pressurized for a time and under conditions sufficient to reactivate the downhole matrix in the formation. This pressurization of material in the wellbore and formation fracture is commonly referred to as a &quot;squeeze.&quot; Reactivation of the treatment agent downhole may occur through the squeeze process as long as the activity of the treatment agent in the in-place matrix is increased relative to the treatment agent activity of the matrix just prior to injecting the solution. The determination of whether the treatment agent activity has increased relative to the activity of that agent just prior to injection of the solution and completion of the squeeze may be made through conventional residual analysis and comparison of the same before and after the squeeze, and conventional analysis of the physical well parameters, e.g., the production rate of the well and well pressure.</g></source><seg-source><g id="719"><mrk mtype="seg" mid="330">[000115] After the injection step is carried out, the wellbore is pressurized for a time and under conditions sufficient to reactivate the downhole matrix in the formation.</mrk> <mrk mtype="seg" mid="331">This pressurization of material in the wellbore and formation fracture is commonly referred to as a &quot;squeeze.&quot;</mrk> <mrk mtype="seg" mid="332">Reactivation of the treatment agent downhole may occur through the squeeze process as long as the activity of the treatment agent in the in-place matrix is increased relative to the treatment agent activity of the matrix just prior to injecting the solution.</mrk> <mrk mtype="seg" mid="333">The determination of whether the treatment agent activity has increased relative to the activity of that agent just prior to injection of the solution and completion of the squeeze may be made through conventional residual analysis and comparison of the same before and after the squeeze, and conventional analysis of the physical well parameters, e.g., the production rate of the well and well pressure.</mrk></g></seg-source><target><g id="719"><mrk mtype="seg" mid="330">[000115] بعد إجراء خطوة الحقن، يتم ضغط حفرة البئر لفترة وفي ظل ظروف كافية لإعادة تنشيط مصفوفة أسفل البئر في التكوين.</mrk> <mrk mtype="seg" mid="331">تتم الإشارة بوجهٍ عام إلى الضغط المذكور لمادة في حفر بئر وتكوين صدع بـ &quot;الكبس&quot;.</mrk> <mrk mtype="seg" mid="332">يمكن أن تتم إعادة تنشيط عامل المعالجة أسفل البئر من خلال عملية كبس طالما أن نشاط العامل الموجود في المصفوفة الموجودة في مكانها يزيد بالنسبة لنشاط عامل المعالجة الخاص بالمصفوفة مباشرةً قبل حقن المحلول.</mrk> <mrk mtype="seg" mid="333">يمكن أن يتم تحديد ما إذا زاد نشاط عامل المعالجة بالنسبة لنشاط العامل المذكور مباشرةً قبل حقن المحلول وإكمال الكبس من خلال تحليل مادة متبقية تقليدي ومقارنته بقبل وبعد الكبس، وتحليل تقليدي للمتغيرات المادية للبئر، على سبيل المثال، معدل إنتاج البئر وضغط البئر.</mrk></g></target><sdl:seg-defs><sdl:seg id="330" conf="ApprovedSignOff" origin="interactive"><sdl:value key="SegmentIdentityHash">PigDsfcCyjU39w2phIYYbrvzuwQ=</sdl:value><sdl:value key="created_by">heba-PC\heba</sdl:value><sdl:value key="created_on">10/09/2017 12:08:10</sdl:value><sdl:value key="last_modified_by">DESKTOP-C8MRIMB\Sherif Youssef</sdl:value><sdl:value key="modified_on">10/12/2017 19:53:35</sdl:value><sdl:value key="SDL:ProjectTranslationHash">1032592333</sdl:value><sdl:value key="SDL:OriginalTranslationHash">1032592333</sdl:value></sdl:seg><sdl:seg id="331" conf="ApprovedSignOff" origin="interactive"><sdl:value key="SegmentIdentityHash">2eOYBpdQxFPCUCse4z+brCn08JI=</sdl:value><sdl:value key="created_by">heba-PC\heba</sdl:value><sdl:value key="created_on">10/09/2017 06:07:19</sdl:value><sdl:value key="last_modified_by">DESKTOP-C8MRIMB\Sherif Youssef</sdl:value><sdl:value key="modified_on">10/12/2017 19:53:36</sdl:value><sdl:value key="SDL:ProjectTranslationHash">162460025</sdl:value><sdl:value key="SDL:OriginalTranslationHash">162460025</sdl:value></sdl:seg><sdl:seg id="332" conf="ApprovedSignOff" origin="interactive"><sdl:value key="SegmentIdentityHash">O4bvCRRnZd//4m8xMWLyMzo6V6M=</sdl:value><sdl:value key="created_by">heba-PC\heba</sdl:value><sdl:value key="created_on">10/09/2017 10:53:38</sdl:value><sdl:value key="last_modified_by">DESKTOP-C8MRIMB\Sherif Youssef</sdl:value><sdl:value key="modified_on">10/12/2017 19:53:37</sdl:value><sdl:value key="SDL:ProjectTranslationHash">-103630677</sdl:value><sdl:value key="SDL:OriginalTranslationHash">-103630677</sdl:value></sdl:seg><sdl:seg id="333" conf="ApprovedSignOff" origin="interactive"><sdl:value key="SegmentIdentityHash">O80Hf4chqNC9Z536dimmLXgop7w=</sdl:value><sdl:value key="created_by">heba-PC\heba</sdl:value><sdl:value key="created_on">10/09/2017 10:54:56</sdl:value><sdl:value key="last_modified_by">DESKTOP-C8MRIMB\Sherif Youssef</sdl:value><sdl:value key="modified_on">10/12/2017 19:53:38</sdl:value><sdl:value key="SDL:ProjectTranslationHash">1880302429</sdl:value><sdl:value key="SDL:OriginalTranslationHash">1880302429</sdl:value></sdl:seg></sdl:seg-defs></trans-unit></group><group><sdl:cxts><sdl:cxt id="127"/><sdl:cxt id="2"/></sdl:cxts><trans-unit id="82af83de-d624-4d24-a9c6-eb22004b8d93"><source><g id="722">[000116] The pressure to which the wellbore is pressurized in the squeeze process typically will be a pressure below the fracturing pressure, and when applicable, below the pressure that would cause the gravel pack to break up. In one embodiment of the invention, the pressure is in a range of about 500 to about 15000 psia. The duration for which the pressure condition is applied to the well will vary, depending upon the ease of fracturing, but will typically be in the range of about 2 to about 10 hours.</g></source><seg-source><g id="722"><mrk mtype="seg" mid="334">[000116] The pressure to which the wellbore is pressurized in the squeeze process typically will be a pressure below the fracturing pressure, and when applicable, below the pressure that would cause the gravel pack to break up.</mrk> <mrk mtype="seg" mid="335">In one embodiment of the invention, the pressure is in a range of about 500 to about 15000 psia.</mrk> <mrk mtype="seg" mid="336">The duration for which the pressure condition is applied to the well will vary, depending upon the ease of fracturing, but will typically be in the range of about 2 to about 10 hours.</mrk></g></seg-source><target><g id="722"><mrk mtype="seg" mid="334">[000116] سيكون الضغط الذي يتم عنده ضغط حفرة البئر في عملية الكبس بصورة نمطية عبارة عن ضغط أقل من ضغط تكوين الصدوع، وحسب الاقتضاء، أقل من الضغط الذي قد يتسبب في تكسر حشوة الحصى.</mrk> <mrk mtype="seg" mid="335">في أحد تجسيدات الاختراع، يقع الضغط في نطاق يتراوح من حوالي 500 إلى حوالي 15000 رطل لكل بوصة مربعة مطلق.</mrk> <mrk mtype="seg" mid="336">ستتفاوت مدة تسليط ظرف الضغط على البئر، بناءً على سهولة التصديع، ولكن ستتراوح نمطيًا من حوالي 2 إلى 10 ساعات.</mrk></g></target><sdl:seg-defs><sdl:seg id="334" conf="ApprovedSignOff" origin="interactive"><sdl:value key="SegmentIdentityHash">X1kPmCdm3Zuv4Py/lNqJrz0A7mI=</sdl:value><sdl:value key="created_by">heba-PC\heba</sdl:value><sdl:value key="created_on">10/09/2017 10:57:13</sdl:value><sdl:value key="last_modified_by">DESKTOP-C8MRIMB\Sherif Youssef</sdl:value><sdl:value key="modified_on">10/12/2017 19:53:38</sdl:value><sdl:value key="SDL:ProjectTranslationHash">46192579</sdl:value><sdl:value key="SDL:OriginalTranslationHash">46192579</sdl:value></sdl:seg><sdl:seg id="335" conf="ApprovedSignOff" origin="interactive" percent="70"><sdl:prev-origin origin="tm" origin-system="171273_General" percent="70"><sdl:prev-origin/><sdl:value key="SegmentIdentityHash">cu98eOtt67vgi7wejJgyYHQ1pC4=</sdl:value><sdl:value key="created_by">NAGWA\Nagwa</sdl:value><sdl:value key="created_on">04/22/2017 23:33:49</sdl:value><sdl:value key="last_modified_by">DESKTOP-C8MRIMB\Sherif Youssef</sdl:value><sdl:value key="modified_on">04/26/2017 17:28:56</sdl:value></sdl:prev-origin><sdl:value key="SegmentIdentityHash">cu98eOtt67vgi7wejJgyYHQ1pC4=</sdl:value><sdl:value key="created_by">NAGWA\Nagwa</sdl:value><sdl:value key="created_on">04/22/2017 23:33:49</sdl:value><sdl:value key="last_modified_by">DESKTOP-C8MRIMB\Sherif Youssef</sdl:value><sdl:value key="modified_on">10/12/2017 19:53:39</sdl:value><sdl:value key="SDL:ProjectTranslationHash">699734898</sdl:value><sdl:value key="SDL:OriginalTranslationHash">699734898</sdl:value></sdl:seg><sdl:seg id="336" conf="ApprovedSignOff" origin="interactive"><sdl:value key="SegmentIdentityHash">KESL7D//0qBbZmusZSDu29ArtmY=</sdl:value><sdl:value key="created_by">heba-PC\heba</sdl:value><sdl:value key="created_on">10/09/2017 10:59:39</sdl:value><sdl:value key="last_modified_by">DESKTOP-C8MRIMB\Sherif Youssef</sdl:value><sdl:value key="modified_on">10/12/2017 19:53:41</sdl:value><sdl:value key="SDL:ProjectTranslationHash">-38723652</sdl:value><sdl:value key="SDL:OriginalTranslationHash">-38723652</sdl:value></sdl:seg></sdl:seg-defs></trans-unit></group><group><sdl:cxts><sdl:cxt id="128"/><sdl:cxt id="2"/></sdl:cxts><trans-unit id="b2f93866-4b77-46b1-bfb4-8369ea9caed2"><source><g id="725">[000117] The following examples are illustrative of some of the embodiments of the present invention. Other embodiments within the scope of the claims herein will be apparent to one skilled in the art from consideration of the description set forth herein. It is intended that the specification, together with the examples, be considered exemplary only, with the scope and spirit of the invention being indicated by the claims which follow.</g></source><seg-source><g id="725"><mrk mtype="seg" mid="337">[000117] The following examples are illustrative of some of the embodiments of the present invention.</mrk> <mrk mtype="seg" mid="338">Other embodiments within the scope of the claims herein will be apparent to one skilled in the art from consideration of the description set forth herein.</mrk> <mrk mtype="seg" mid="339">It is intended that the specification, together with the examples, be considered exemplary only, with the scope and spirit of the invention being indicated by the claims which follow.</mrk></g></seg-source><target><g id="725"><mrk mtype="seg" mid="337">[000117] تعتبر الأمثلة التالية توضيحية لبعض تجسيدات الاختراع الحالي.</mrk> <mrk mtype="seg" mid="338">ستتضح تجسيدات أخرى تقع ضمن مجال عناصر الحماية الواردة هنا لصاحب المهارة في المجال عند أخذ الوصف المذكور هنا في الاعتبار.</mrk> <mrk mtype="seg" mid="339">من المقرر اعتبار أن الوصف، مع الأمثلة، توضيحي فحسب، مع تحديد مجال وفحوى الاختراع بواسطة عناصر الحماية التالية.</mrk></g></target><sdl:seg-defs><sdl:seg id="337" conf="ApprovedSignOff" origin="interactive"><sdl:value key="SegmentIdentityHash">edr3F/WwX2l08d/4dvKLWzMkw0k=</sdl:value><sdl:value key="created_by">heba-PC\heba</sdl:value><sdl:value key="created_on">10/09/2017 06:09:03</sdl:value><sdl:value key="last_modified_by">DESKTOP-C8MRIMB\Sherif Youssef</sdl:value><sdl:value key="modified_on">10/12/2017 19:53:41</sdl:value><sdl:value key="SDL:ProjectTranslationHash">1098150999</sdl:value><sdl:value key="SDL:OriginalTranslationHash">1098150999</sdl:value></sdl:seg><sdl:seg id="338" conf="ApprovedSignOff" origin="interactive"><sdl:value key="SegmentIdentityHash">Az9QIHpLcSwGlxBNpXbfI4N0mKk=</sdl:value><sdl:value key="created_by">heba-PC\heba</sdl:value><sdl:value key="created_on">10/09/2017 06:09:26</sdl:value><sdl:value key="last_modified_by">DESKTOP-C8MRIMB\Sherif Youssef</sdl:value><sdl:value key="modified_on">10/12/2017 19:53:42</sdl:value><sdl:value key="SDL:ProjectTranslationHash">-1810685467</sdl:value><sdl:value key="SDL:OriginalTranslationHash">-1810685467</sdl:value></sdl:seg><sdl:seg id="339" conf="ApprovedSignOff" origin="interactive" percent="71"><sdl:prev-origin origin="tm" origin-system="171273_General" percent="71"><sdl:prev-origin/><sdl:value key="SegmentIdentityHash">dUg88p6y+zAnJTisglIhg9aARmA=</sdl:value><sdl:value key="created_by">DESKTOP-C8MRIMB\Sherif Youssef</sdl:value><sdl:value key="created_on">04/20/2017 11:08:48</sdl:value><sdl:value key="last_modified_by">DESKTOP-C8MRIMB\Sherif Youssef</sdl:value><sdl:value key="modified_on">04/20/2017 11:04:17</sdl:value></sdl:prev-origin><sdl:value key="SegmentIdentityHash">dUg88p6y+zAnJTisglIhg9aARmA=</sdl:value><sdl:value key="created_by">DESKTOP-C8MRIMB\Sherif Youssef</sdl:value><sdl:value key="created_on">04/20/2017 11:08:48</sdl:value><sdl:value key="last_modified_by">DESKTOP-C8MRIMB\Sherif Youssef</sdl:value><sdl:value key="modified_on">10/12/2017 19:53:43</sdl:value><sdl:value key="SDL:ProjectTranslationHash">-22592767</sdl:value><sdl:value key="SDL:OriginalTranslationHash">-22592767</sdl:value></sdl:seg></sdl:seg-defs></trans-unit></group><group><sdl:cxts><sdl:cxt id="129"/><sdl:cxt id="2"/></sdl:cxts><trans-unit id="59fec342-3305-4112-85f7-19977e1f0a6a"><source><g id="731">EXAMPLES</g></source><seg-source><g id="731"><mrk mtype="seg" mid="340">EXAMPLES</mrk></g></seg-source><target><g id="731"><mrk mtype="seg" mid="340">الأمثلة</mrk></g></target><sdl:seg-defs><sdl:seg id="340" conf="ApprovedSignOff" origin="tm" origin-system="General" percent="100"><sdl:rep id="2UttsJllA6H20fa/iPIfC744M24="/><sdl:value key="created_by">SHERIF\Sherif Youssef</sdl:value><sdl:value key="created_on">09/15/2015 10:43:46</sdl:value><sdl:value key="modified_on">10/12/2017 19:53:44</sdl:value><sdl:value key="last_modified_by">DESKTOP-C8MRIMB\Sherif Youssef</sdl:value><sdl:value key="SDL:OriginalTranslationHash">-1203483608</sdl:value><sdl:value key="SegmentIdentityHash">2UttsJllA6H20fa/iPIfC744M24=</sdl:value><sdl:value key="SDL:ProjectTranslationHash">-1203483608</sdl:value></sdl:seg></sdl:seg-defs></trans-unit></group><group><sdl:cxts><sdl:cxt id="130"/><sdl:cxt id="2"/></sdl:cxts><trans-unit id="bf112413-2e06-49df-8977-56b0a957e00b"><source><g id="734">[000118] All percentages set forth in the Examples are given in terms of weight units except as may otherwise be indicated.</g></source><seg-source><g id="734"><mrk mtype="seg" mid="341">[000118] All percentages set forth in the Examples are given in terms of weight units except as may otherwise be indicated.</mrk></g></seg-source><target><g id="734"><mrk mtype="seg" mid="341">[000118] تم التعبير عن جميع النسب المئوية المذكورة في الأمثلة في صورة وحدات بالوزن باستثناء ما إذا تمت الإشارة إلى خلاف ذلك.</mrk></g></target><sdl:seg-defs><sdl:seg id="341" conf="ApprovedSignOff" origin="interactive"><sdl:value key="SegmentIdentityHash">kFHvavQTJR1aOmvAYMwPEayE87E=</sdl:value><sdl:value key="created_by">heba-PC\heba</sdl:value><sdl:value key="created_on">10/09/2017 06:10:59</sdl:value><sdl:value key="last_modified_by">DESKTOP-C8MRIMB\Sherif Youssef</sdl:value><sdl:value key="modified_on">10/12/2017 19:53:49</sdl:value><sdl:value key="SDL:ProjectTranslationHash">-40369381</sdl:value><sdl:value key="SDL:OriginalTranslationHash">-40369381</sdl:value></sdl:seg></sdl:seg-defs></trans-unit></group><group><sdl:cxts><sdl:cxt id="131"/><sdl:cxt id="2"/></sdl:cxts><trans-unit id="986433f5-3d6c-4929-a344-5dcd6fb0480a"><source><g id="737">[000119] <g id="740">Example 1.</g> In accordance with the procedure set forth in U.S. Patent No. 4,013,587, alumina spheres were prepared by hydrolyzing aluminum alkoxide. The resulting spheres were then dried to remove the water. The dried aluminum was then dispersed into an oil at about 90° C. Gel particles were formed.</g></source><seg-source><g id="737"><mrk mtype="seg" mid="342">[000119] <g id="740">Example 1.</g></mrk> <mrk mtype="seg" mid="343">In accordance with the procedure set forth in U.S. Patent No. 4,013,587, alumina spheres were prepared by hydrolyzing aluminum alkoxide.</mrk> <mrk mtype="seg" mid="344">The resulting spheres were then dried to remove the water.</mrk> <mrk mtype="seg" mid="345">The dried aluminum was then dispersed into an oil at about 90° C. Gel particles were formed.</mrk></g></seg-source><target><g id="737"><mrk mtype="seg" mid="342">[000119] <g id="740">المثال 1.</g></mrk> <mrk mtype="seg" mid="343">وفقًا للإجراء المذكور في براءة الاختراع الأمريكية رقم 4,013,587، تم تحضير كريات الألومينا بواسطة تحليل ألكوكسيد الألومنيوم بالماء.</mrk> <mrk mtype="seg" mid="344">تم بعد ذلك تجفيف الكريات الناتجة لإزالة الماء.</mrk> <mrk mtype="seg" mid="345">تم بعد ذلك تشتيت الألومنيوم المجفف في زيت عند حوالي 90 درجة مئوية. تم تكوين جسيمات هلامية.</mrk></g></target><sdl:seg-defs><sdl:seg id="342" conf="ApprovedSignOff" origin="interactive"><sdl:rep id="IRx+ZuX+4FhIWaSY41kmDT6cRgo="/><sdl:prev-origin origin="source"><sdl:rep id="IRx+ZuX+4FhIWaSY41kmDT6cRgo="/><sdl:prev-origin/><sdl:value key="SegmentIdentityHash">IRx+ZuX+4FhIWaSY41kmDT6cRgo=</sdl:value><sdl:value key="created_by">heba-PC\heba</sdl:value><sdl:value key="created_on">10/09/2017 06:12:12</sdl:value><sdl:value key="last_modified_by">heba-PC\heba</sdl:value><sdl:value key="modified_on">10/09/2017 06:12:12</sdl:value></sdl:prev-origin><sdl:value key="SegmentIdentityHash">IRx+ZuX+4FhIWaSY41kmDT6cRgo=</sdl:value><sdl:value key="created_by">heba-PC\heba</sdl:value><sdl:value key="created_on">10/09/2017 06:12:15</sdl:value><sdl:value key="last_modified_by">DESKTOP-C8MRIMB\Sherif Youssef</sdl:value><sdl:value key="modified_on">10/12/2017 19:53:50</sdl:value><sdl:value key="SDL:ProjectTranslationHash">1641814562</sdl:value><sdl:value key="SDL:OriginalTranslationHash">1641814562</sdl:value></sdl:seg><sdl:seg id="343" conf="ApprovedSignOff" origin="interactive"><sdl:value key="SegmentIdentityHash">lE4wDZK+mq/jqSndko4sfPVMEo4=</sdl:value><sdl:value key="created_by">heba-PC\heba</sdl:value><sdl:value key="created_on">10/09/2017 06:14:19</sdl:value><sdl:value key="last_modified_by">DESKTOP-C8MRIMB\Sherif Youssef</sdl:value><sdl:value key="modified_on">10/12/2017 19:53:54</sdl:value><sdl:value key="SDL:ProjectTranslationHash">1304961162</sdl:value><sdl:value key="SDL:OriginalTranslationHash">1304961162</sdl:value></sdl:seg><sdl:seg id="344" conf="ApprovedSignOff" origin="interactive"><sdl:value key="SegmentIdentityHash">VBTmjUzDi02mEJOSTpYKKGDS0AE=</sdl:value><sdl:value key="created_by">heba-PC\heba</sdl:value><sdl:value key="created_on">10/09/2017 06:15:17</sdl:value><sdl:value key="last_modified_by">DESKTOP-C8MRIMB\Sherif Youssef</sdl:value><sdl:value key="modified_on">10/12/2017 19:53:56</sdl:value><sdl:value key="SDL:ProjectTranslationHash">50677701</sdl:value><sdl:value key="SDL:OriginalTranslationHash">50677701</sdl:value></sdl:seg><sdl:seg id="345" conf="ApprovedSignOff" origin="interactive"><sdl:value key="SegmentIdentityHash">wgLfvXHlWNu7DF9bgrb9mnr205w=</sdl:value><sdl:value key="created_by">heba-PC\heba</sdl:value><sdl:value key="created_on">10/09/2017 06:15:34</sdl:value><sdl:value key="last_modified_by">DESKTOP-C8MRIMB\Sherif Youssef</sdl:value><sdl:value key="modified_on">10/12/2017 19:53:57</sdl:value><sdl:value key="SDL:ProjectTranslationHash">-1645754040</sdl:value><sdl:value key="SDL:OriginalTranslationHash">-1645754040</sdl:value></sdl:seg></sdl:seg-defs></trans-unit></group><group><sdl:cxts><sdl:cxt id="132"/><sdl:cxt id="2"/></sdl:cxts><trans-unit id="fdf1d3c7-f6da-466b-8bb6-fd364ce71197"><source><g id="746">[000120] Water insoluble spherical particles of greater than 95% alumina were recovered as Sample A. The spherical alumina beads consisted of bohemite alumina (non calcined) having a 1 mm diameter, a pore volume of 0.5 cc/g and a surface area of 216 m2/g.</g></source><seg-source><g id="746"><mrk mtype="seg" mid="346">[000120] Water insoluble spherical particles of greater than 95% alumina were recovered as Sample A. The spherical alumina beads consisted of bohemite alumina (non calcined) having a 1 mm diameter, a pore volume of 0.5 cc/g and a surface area of 216 m2/g.</mrk></g></seg-source><target><g id="746"><mrk mtype="seg" mid="346">[000120] تم استخلاص الجسيمات الكروية غير القابلة للذوبان في الماء التي بها محتوى من الأولمينا أكبر من 95% في صورة العينة A. احتوت خرزات الألومينا الكروية على بيوميت ألومينا (غير مكلسنة) بقطر يبلغ 1 مم، حجم مسامي يبلغ 0.5 سم مكعب/جم ومساحة سطح تبلغ 216 متر<g id="761">2</g>/جم.</mrk></g></target><sdl:seg-defs><sdl:seg id="346" conf="ApprovedSignOff" origin="interactive"><sdl:value key="SegmentIdentityHash">zRYNIwwY+nY/qgT+tm8S7EiSCvQ=</sdl:value><sdl:value key="created_by">heba-PC\heba</sdl:value><sdl:value key="created_on">10/09/2017 06:16:13</sdl:value><sdl:value key="last_modified_by">DESKTOP-C8MRIMB\Sherif Youssef</sdl:value><sdl:value key="modified_on">10/12/2017 19:54:18</sdl:value><sdl:value key="SDL:ProjectTranslationHash">565262618</sdl:value><sdl:value key="SDL:OriginalTranslationHash">565262618</sdl:value></sdl:seg></sdl:seg-defs></trans-unit></group><group><sdl:cxts><sdl:cxt id="133"/><sdl:cxt id="2"/></sdl:cxts><trans-unit id="24da5e59-3abf-48b8-b6fc-02a1cde67e58"><source><g id="749">[000121] A portion of Sample A was calcined at 1200° C for 2 hours to render spherical beads of 1 mm diameter (Sample B) composed of alpha/delta theta alumina and having a pore volume of 0.08 cc/g and a surface area of 3 m<g id="761">2</g> /g.</g></source><seg-source><g id="749"><mrk mtype="seg" mid="347">[000121] A portion of Sample A was calcined at 1200° C for 2 hours to render spherical beads of 1 mm diameter (Sample B) composed of alpha/delta theta alumina and having a pore volume of 0.08 cc/g and a surface area of 3 m<g id="761">2</g> /g.</mrk></g></seg-source><target><g id="749"><mrk mtype="seg" mid="347">[000121] تمت كلسنة جزء من العينة A عند 1200 درجة مئوية لمدة ساعتين لجعل الخرزات الكروية التي لها قطر يبلغ 1 مم (العينة B) تتألف من ألفا/دلتا ثيتا ألومينا وتكون بحجم مسامي يبلغ 0.08 سم مكعب/جم وسماحة سطح تبلغ 3 متر<g id="761">2</g>/جم.</mrk></g></target><sdl:seg-defs><sdl:seg id="347" conf="ApprovedSignOff" origin="interactive"><sdl:value key="SegmentIdentityHash">+fA2y+M2o8v3Sb/z1VmG/m0i6iE=</sdl:value><sdl:value key="created_by">heba-PC\heba</sdl:value><sdl:value key="created_on">10/09/2017 06:19:34</sdl:value><sdl:value key="last_modified_by">DESKTOP-C8MRIMB\Sherif Youssef</sdl:value><sdl:value key="modified_on">10/12/2017 19:54:31</sdl:value><sdl:value key="SDL:ProjectTranslationHash">-852272742</sdl:value><sdl:value key="SDL:OriginalTranslationHash">-852272742</sdl:value></sdl:seg></sdl:seg-defs></trans-unit></group><group><sdl:cxts><sdl:cxt id="134"/><sdl:cxt id="2"/></sdl:cxts><trans-unit id="5d6bc82e-acbe-4c23-9883-359524a8bcaf"><source><g id="770">[000122] A portion of Sample A was calcined at 1400° C for 2 hours to render spherical beads of 1 mm diameter (Sample C) composed of alpha alumina and having a pore volume of 0.03cc/g and a surface area of 4 m<g id="782">2</g> /g.</g></source><seg-source><g id="770"><mrk mtype="seg" mid="348">[000122] A portion of Sample A was calcined at 1400° C for 2 hours to render spherical beads of 1 mm diameter (Sample C) composed of alpha alumina and having a pore volume of 0.03cc/g and a surface area of 4 m<g id="782">2</g> /g.</mrk></g></seg-source><target><g id="770"><mrk mtype="seg" mid="348">[000122] تمت كلسنة جزء من العينة A عند 1400 درجة مئوية لمدة ساعتين لجعل الخرزات الكروية التي لها قطر يبلغ 1 مم (العينة C) تتألف من ألفا ألومينا وتكون بحجم مسامي يبلغ 0.03 سم مكعب/جم ومساحة سطح تبلغ 4 متر<g id="782">2</g>/جم.</mrk></g></target><sdl:seg-defs><sdl:seg id="348" conf="ApprovedSignOff" origin="interactive" percent="92"><sdl:prev-origin origin="tm" origin-system="171273_Petrol cases" percent="92"><sdl:prev-origin/><sdl:value key="SegmentIdentityHash">PPS9YbH1dnw2s2vW1hRjtCD3zMk=</sdl:value><sdl:value key="created_by">heba-PC\heba</sdl:value><sdl:value key="created_on">10/09/2017 06:19:34</sdl:value><sdl:value key="last_modified_by">heba-PC\heba</sdl:value><sdl:value key="modified_on">10/09/2017 06:21:08</sdl:value></sdl:prev-origin><sdl:value key="SegmentIdentityHash">PPS9YbH1dnw2s2vW1hRjtCD3zMk=</sdl:value><sdl:value key="created_by">heba-PC\heba</sdl:value><sdl:value key="created_on">10/09/2017 06:19:34</sdl:value><sdl:value key="last_modified_by">DESKTOP-C8MRIMB\Sherif Youssef</sdl:value><sdl:value key="modified_on">10/12/2017 19:54:44</sdl:value><sdl:value key="SDL:ProjectTranslationHash">-277117062</sdl:value><sdl:value key="SDL:OriginalTranslationHash">-277117062</sdl:value></sdl:seg></sdl:seg-defs></trans-unit></group><group><sdl:cxts><sdl:cxt id="135"/><sdl:cxt id="2"/></sdl:cxts><trans-unit id="25166e11-1191-4d57-9776-3f3c567fe0c8"><source><g id="791">[000123] <g id="794">Example 2.</g> Each of Sample A, Sample B and Sample C were added at different weight percent loadings to commercial lightweight ceramic proppant, commercially available as CARBO LITE® from Carbo Ceramics Inc. of Dallas, Texas, and the crush was determined according to ISO13503-2: Measurement of Properties of Proppants used in Hydraulic Fracturing and Gravel Packing Operations) The results are shown in Table I below wherein the Comparative Sample is a 10/50 mesh diatomaceous earth (Celite MP-79):</g></source><seg-source><g id="791"><mrk mtype="seg" mid="349">[000123] <g id="794">Example 2.</g></mrk> <mrk mtype="seg" mid="350">Each of Sample A, Sample B and Sample C were added at different weight percent loadings to commercial lightweight ceramic proppant, commercially available as CARBO LITE® from Carbo Ceramics Inc. of Dallas, Texas, and the crush was determined according to ISO13503-2:</mrk> <mrk mtype="seg" mid="351">Measurement of Properties of Proppants used in Hydraulic Fracturing and Gravel Packing Operations) The results are shown in Table I below wherein the Comparative Sample is a 10/50 mesh diatomaceous earth (Celite MP-79):</mrk></g></seg-source><target><g id="791"><mrk mtype="seg" mid="349">[000123] <g id="794">المثال 2.</g></mrk> <mrk mtype="seg" mid="350">تمت إضافة كل من العينة A، العينة B والعينة C بحمولات بنسبة مئوية بالوزن مختلفة إلى مادة حشو دعمية خزفية خفيفة الوزن تجارية، متاحة تجاريًا في صورة CARBO LITE® من Carbo Ceramics Inc. of Dallas, Texas، وتم تحديد السحق وفقًا لـ ISO13503-2:</mrk> <mrk mtype="seg" mid="351">قياس خصائص مواد الحشو الدعمي المستخدمة في عمليات التصديع الهيدروليكي والحشو بالحصى. تم عرض النتاج في الجدول 1 أدناه حيث تتمثل عينة المقارنة في تراب دياتومي بحجم جسيمي يبلغ 10/50 مش (سيليت MP-79):</mrk></g></target><sdl:seg-defs><sdl:seg id="349" conf="ApprovedSignOff" origin="auto-propagated" origin-system="Propagated from segment 342" percent="100"><sdl:rep id="IRx+ZuX+4FhIWaSY41kmDT6cRgo="/><sdl:value key="SegmentIdentityHash">IRx+ZuX+4FhIWaSY41kmDT6cRgo=</sdl:value><sdl:value key="last_modified_by">DESKTOP-C8MRIMB\Sherif Youssef</sdl:value><sdl:value key="modified_on">10/12/2017 19:54:47</sdl:value></sdl:seg><sdl:seg id="350" conf="ApprovedSignOff" origin="interactive"><sdl:prev-origin origin="source"><sdl:prev-origin/><sdl:value key="SegmentIdentityHash">9lWCA4oj4J3QkfBp/Eapftg9pw8=</sdl:value><sdl:value key="created_by">heba-PC\heba</sdl:value><sdl:value key="created_on">10/09/2017 06:22:09</sdl:value><sdl:value key="last_modified_by">heba-PC\heba</sdl:value><sdl:value key="modified_on">10/09/2017 06:22:09</sdl:value></sdl:prev-origin><sdl:value key="SegmentIdentityHash">9lWCA4oj4J3QkfBp/Eapftg9pw8=</sdl:value><sdl:value key="created_by">heba-PC\heba</sdl:value><sdl:value key="created_on">10/09/2017 06:22:11</sdl:value><sdl:value key="last_modified_by">DESKTOP-C8MRIMB\Sherif Youssef</sdl:value><sdl:value key="modified_on">10/12/2017 19:54:49</sdl:value><sdl:value key="SDL:ProjectTranslationHash">-1913691153</sdl:value><sdl:value key="SDL:OriginalTranslationHash">-1913691153</sdl:value></sdl:seg><sdl:seg id="351" conf="ApprovedSignOff" origin="interactive"><sdl:value key="SegmentIdentityHash">m9wDO8fTcRjj/HFEftVCzztZIgI=</sdl:value><sdl:value key="created_by">heba-PC\heba</sdl:value><sdl:value key="created_on">10/09/2017 06:25:10</sdl:value><sdl:value key="last_modified_by">DESKTOP-C8MRIMB\Sherif Youssef</sdl:value><sdl:value key="modified_on">10/12/2017 19:54:51</sdl:value><sdl:value key="SDL:ProjectTranslationHash">-1401822738</sdl:value><sdl:value key="SDL:OriginalTranslationHash">-1401822738</sdl:value></sdl:seg></sdl:seg-defs></trans-unit></group><group><sdl:cxts><sdl:cxt id="136"/><sdl:cxt id="2"/></sdl:cxts><trans-unit id="ad3a84f6-50a3-458c-87b0-555b2e27bc76"><source><x id="801"/></source><seg-source><x id="801"/></seg-source><target><x id="801"/></target></trans-unit></group><group><sdl:cxts><sdl:cxt id="137"/><sdl:cxt id="2"/></sdl:cxts><trans-unit id="3356c1a9-cd43-4cfe-bf6e-1c54ad6eb4c2"><source><g id="804">The results indicate that the non-calcined Sample A has strength comparable to the diatomaceous earth of the Comparative Sample, whereas calcined Sample B and Sample C had the strength of commercial ceramic proppant in that even after the addition of 10% by weight of Sample B or Sample C the crush strength of the combined proppant particle mixtures, even at 10,000 psi stress, was not altered.</g></source><seg-source><g id="804"><mrk mtype="seg" mid="352">The results indicate that the non-calcined Sample A has strength comparable to the diatomaceous earth of the Comparative Sample, whereas calcined Sample B and Sample C had the strength of commercial ceramic proppant in that even after the addition of 10% by weight of Sample B or Sample C the crush strength of the combined proppant particle mixtures, even at 10,000 psi stress, was not altered.</mrk></g></seg-source><target><g id="804"><mrk mtype="seg" mid="352">تدل النتائج على أن العينة A غير الكلسنة لها مقاومة مشابهة للتراب الدياتومي الخاص بعينة المقارنة، بينما يكون للعينة B والعينة C المقاومة الخاصة بمادة الحشو الدعمية الخزفية التجارية حيث بعد إضافة 10% بالوزن من العينة B أو العينة C لم تتغير مقاومة السحق الخاصة بخلائط جسيم الحشو الدعمي، حتى عند إجهاد يبلغ 10000 رطل لكل بوصة مربعة.</mrk></g></target><sdl:seg-defs><sdl:seg id="352" conf="ApprovedSignOff" origin="interactive"><sdl:value key="SegmentIdentityHash">xYgDZKqrSeRyt2uLUnS6D3a1mIw=</sdl:value><sdl:value key="created_by">heba-PC\heba</sdl:value><sdl:value key="created_on">10/09/2017 06:31:59</sdl:value><sdl:value key="last_modified_by">DESKTOP-C8MRIMB\Sherif Youssef</sdl:value><sdl:value key="modified_on">10/12/2017 19:54:51</sdl:value><sdl:value key="SDL:ProjectTranslationHash">341299165</sdl:value><sdl:value key="SDL:OriginalTranslationHash">341299165</sdl:value></sdl:seg></sdl:seg-defs></trans-unit></group><group><sdl:cxts><sdl:cxt id="138"/><sdl:cxt id="2"/></sdl:cxts><trans-unit id="457153ba-d609-47ae-b6e7-16869552391b"><source><g id="807">[000124] <g id="810">Example 3.</g> Scale inhibitor amino tri(methylene phosphonic acid) (ATMP), commercially available as Dequest 2000 from ThermPhos International BV was adsorbed onto each of Sample A, Sample B and Sample C to render Samples FBG-90706-4A, FBG-90706-4B and FBG-90706-4C respectively. These Samples were prepared by first adsorbing water on the Samples to determine how much water could be adsorbed. Water was added to the sample until the Sample appeared wet. Sample A was found to adsorb 0.698 g of H2O/g of sample, Sample B adsorbed 0.362 g of H2O/g of sample, and Sample C adsorbed 0.415 g of H2O/g of sample. Next Dequest 2000 was added to each sample. Due to the low adsorbency compared to diatomaceous earth, two additions were followed to prepare the samples. In the first addition for Sample A, only 0.32 g of Dequest 2000/g of Sample A could be added. In the second addition, 0.25 g of Dequest 2000/g of Sample A could be added. This results in a product which contains about 22 % active content. The method used to prepare the diatomaceous earth based product set forth in U.S. Patent No. 7,493,955 was adapted to these alumina samples. For Sample B, only 0.31 g of Dequest 2000/g of Sample B could be added followed by 0.13 g of Dequest 2000/g of Sample B in the second addition. This results in a product which contains about 18 % active content. For Sample C, only 0.23 g of Dequest 2000/g of Sample C could be added followed by 0.08 g of Dequest 2000/g of Sample C in the second addition. This results in a product which contains about 13.5% active content. The properties of each of these samples is set forth in Table II below:</g></source><seg-source><g id="807"><mrk mtype="seg" mid="353">[000124] <g id="810">Example 3.</g></mrk> <mrk mtype="seg" mid="354">Scale inhibitor amino tri(methylene phosphonic acid) (ATMP), commercially available as Dequest 2000 from ThermPhos International BV was adsorbed onto each of Sample A, Sample B and Sample C to render Samples FBG-90706-4A, FBG-90706-4B and FBG-90706-4C respectively.</mrk> <mrk mtype="seg" mid="355">These Samples were prepared by first adsorbing water on the Samples to determine how much water could be adsorbed.</mrk> <mrk mtype="seg" mid="356">Water was added to the sample until the Sample appeared wet.</mrk> <mrk mtype="seg" mid="357">Sample A was found to adsorb 0.698 g of H2O/g of sample, Sample B adsorbed 0.362 g of H2O/g of sample, and Sample C adsorbed 0.415 g of H2O/g of sample.</mrk> <mrk mtype="seg" mid="358">Next Dequest 2000 was added to each sample.</mrk> <mrk mtype="seg" mid="359">Due to the low adsorbency compared to diatomaceous earth, two additions were followed to prepare the samples.</mrk> <mrk mtype="seg" mid="360">In the first addition for Sample A, only 0.32 g of Dequest 2000/g of Sample A could be added.</mrk> <mrk mtype="seg" mid="361">In the second addition, 0.25 g of Dequest 2000/g of Sample A could be added.</mrk> <mrk mtype="seg" mid="362">This results in a product which contains about 22 % active content.</mrk> <mrk mtype="seg" mid="363">The method used to prepare the diatomaceous earth based product set forth in U.S. Patent No. 7,493,955 was adapted to these alumina samples.</mrk> <mrk mtype="seg" mid="364">For Sample B, only 0.31 g of Dequest 2000/g of Sample B could be added followed by 0.13 g of Dequest 2000/g of Sample B in the second addition.</mrk> <mrk mtype="seg" mid="365">This results in a product which contains about 18 % active content.</mrk> <mrk mtype="seg" mid="366">For Sample C, only 0.23 g of Dequest 2000/g of Sample C could be added followed by 0.08 g of Dequest 2000/g of Sample C in the second addition.</mrk> <mrk mtype="seg" mid="367">This results in a product which contains about 13.5% active content.</mrk> <mrk mtype="seg" mid="368">The properties of each of these samples is set forth in Table II below:</mrk></g></seg-source><target><g id="807"><mrk mtype="seg" mid="353">[000124] <g id="810">المثال 3.</g></mrk> <mrk mtype="seg" mid="354">تم امتزاز مثبط القشور المتمثل في حمض أمينو تراي (ميثيلين فوسفونيك) (ATMP)، المتوفر تجاريًا في صورة Dequest 2000 من ThermPhos International BV على كل من العينة A، العينة B والعينة C للحصول على العينات FBG-90706-4A، FBG-90706-4B وFBG-90706-4Cعلى التوالي.</mrk> <mrk mtype="seg" mid="355">تم تحضير العينات المذكورة بواسطة القيام أولًا بامتزاز الماء على العينات لتحديد كمية الماء التي يمكن امتزازها.</mrk> <mrk mtype="seg" mid="356">تمت إضافة الماء إلى العينة حتى أصبحت العينة رطبة.</mrk> <mrk mtype="seg" mid="357">تمت ملاحظة أن العينة A قامت بامتزاز 0.698 جم من H2O/جم من العينة، قامت العينة B بامتزاز 0.362 جم من H2O/جم من العينة، وقامت العينة C بامتزاز 0.415 جم من H2O/جم من العينة.</mrk> <mrk mtype="seg" mid="358">بعد ذلك تمت إضافة Dequest 2000 إلى كل عينة.</mrk> <mrk mtype="seg" mid="359">بسبب الامتزاز المنخفض مقارنةً بالتراب الدياتومي، تم إجراء عمليتي إضافة لتحضير العينات.</mrk> <mrk mtype="seg" mid="360">في الإضافة الأولى للعينة A، يمكن إضافة 0.32 جم فقط من Dequest 2000/جم من العينة A.</mrk> <mrk mtype="seg" mid="361">في الإضافة الثانية، يمكن إضافة 0.25 جم من Dequest 2000/جم من العينة A.</mrk> <mrk mtype="seg" mid="362">ينتج عن ذلك منتج يحتوي على حوالي 22% من المحتوى الفعال.</mrk> <mrk mtype="seg" mid="363">تمت تهيئة الطريقة المستخدمة لتحضير المنتج الذي أساسه تراب دياتومي المذكورة في براءة الاختراع الأمريكية رقم 7,493,955 لعينات الألومينا المذكورة.</mrk> <mrk mtype="seg" mid="364">بالنسبة للعينة B، يمكن إضافة 0.31 جم فقط من Dequest 2000/جم من العينة B يليه 0.13 جم من Dequest 2000/جم من العينة B في الإضافة الثانية.</mrk> <mrk mtype="seg" mid="365">ينتج عن ذلك منتج يحتوي على حوالي 18% من المحتوى الفعال.</mrk> <mrk mtype="seg" mid="366">بالنسبة للعينة C، يمكن إضافة 0.23 جم فقط من Dequest 2000/جم من العينة C يليه 0.08 جم من Dequest 2000/جم من العينة C في الإضافة الثانية.</mrk> <mrk mtype="seg" mid="367">ينتج عن ذلك منتج يحتوي على حوالي 13.5% من المحتوى الفعال.</mrk> <mrk mtype="seg" mid="368">تم توضيح خصائص كل من هذه العينات في الجدول 2 أدناه.</mrk></g></target><sdl:seg-defs><sdl:seg id="353" conf="ApprovedSignOff" origin="auto-propagated" origin-system="Propagated from segment 349" percent="100"><sdl:rep id="IRx+ZuX+4FhIWaSY41kmDT6cRgo="/><sdl:value key="SegmentIdentityHash">IRx+ZuX+4FhIWaSY41kmDT6cRgo=</sdl:value><sdl:value key="last_modified_by">DESKTOP-C8MRIMB\Sherif Youssef</sdl:value><sdl:value key="modified_on">10/12/2017 19:54:53</sdl:value></sdl:seg><sdl:seg id="354" conf="ApprovedSignOff" origin="interactive"><sdl:value key="SegmentIdentityHash">+65vq8vg05uVn3uGYsKDcvOjKTY=</sdl:value><sdl:value key="created_by">heba-PC\heba</sdl:value><sdl:value key="created_on">10/09/2017 06:35:14</sdl:value><sdl:value key="last_modified_by">DESKTOP-C8MRIMB\Sherif Youssef</sdl:value><sdl:value key="modified_on">10/12/2017 19:54:54</sdl:value><sdl:value key="SDL:ProjectTranslationHash">-1803373379</sdl:value><sdl:value key="SDL:OriginalTranslationHash">-1803373379</sdl:value></sdl:seg><sdl:seg id="355" conf="ApprovedSignOff" origin="interactive"><sdl:value key="SegmentIdentityHash">ZEWk0x2j856N6yJUhvOj5KlAylg=</sdl:value><sdl:value key="created_by">heba-PC\heba</sdl:value><sdl:value key="created_on">10/09/2017 06:37:42</sdl:value><sdl:value key="last_modified_by">DESKTOP-C8MRIMB\Sherif Youssef</sdl:value><sdl:value key="modified_on">10/12/2017 19:54:55</sdl:value><sdl:value key="SDL:ProjectTranslationHash">-1157082326</sdl:value><sdl:value key="SDL:OriginalTranslationHash">-1157082326</sdl:value></sdl:seg><sdl:seg id="356" conf="ApprovedSignOff" origin="interactive"><sdl:value key="SegmentIdentityHash">K0JafE9StdRCy18WWmzcjtpV3wA=</sdl:value><sdl:value key="created_by">heba-PC\heba</sdl:value><sdl:value key="created_on">10/09/2017 06:38:15</sdl:value><sdl:value key="last_modified_by">DESKTOP-C8MRIMB\Sherif Youssef</sdl:value><sdl:value key="modified_on">10/12/2017 19:54:56</sdl:value><sdl:value key="SDL:ProjectTranslationHash">1975453095</sdl:value><sdl:value key="SDL:OriginalTranslationHash">1975453095</sdl:value></sdl:seg><sdl:seg id="357" conf="ApprovedSignOff" origin="interactive"><sdl:value key="SegmentIdentityHash">ynkGdV1get8u5Foa2JEcikYzx0k=</sdl:value><sdl:value key="created_by">heba-PC\heba</sdl:value><sdl:value key="created_on">10/09/2017 06:38:34</sdl:value><sdl:value key="last_modified_by">DESKTOP-C8MRIMB\Sherif Youssef</sdl:value><sdl:value key="modified_on">10/12/2017 19:55:00</sdl:value><sdl:value key="SDL:ProjectTranslationHash">-306352138</sdl:value><sdl:value key="SDL:OriginalTranslationHash">-306352138</sdl:value></sdl:seg><sdl:seg id="358" conf="ApprovedSignOff" origin="interactive"><sdl:value key="SegmentIdentityHash">7Wxa4nWCtu/du5gliv20ja2ZS4E=</sdl:value><sdl:value key="created_by">heba-PC\heba</sdl:value><sdl:value key="created_on">10/09/2017 06:40:09</sdl:value><sdl:value key="last_modified_by">DESKTOP-C8MRIMB\Sherif Youssef</sdl:value><sdl:value key="modified_on">10/12/2017 19:55:03</sdl:value><sdl:value key="SDL:ProjectTranslationHash">-1658953037</sdl:value><sdl:value key="SDL:OriginalTranslationHash">-1658953037</sdl:value></sdl:seg><sdl:seg id="359" conf="ApprovedSignOff" origin="interactive"><sdl:value key="SegmentIdentityHash">WJWzO/iv5GA/jw88vywIKIT63K0=</sdl:value><sdl:value key="created_by">heba-PC\heba</sdl:value><sdl:value key="created_on">10/09/2017 06:40:28</sdl:value><sdl:value key="last_modified_by">DESKTOP-C8MRIMB\Sherif Youssef</sdl:value><sdl:value key="modified_on">10/12/2017 19:55:04</sdl:value><sdl:value key="SDL:ProjectTranslationHash">1728171332</sdl:value><sdl:value key="SDL:OriginalTranslationHash">1728171332</sdl:value></sdl:seg><sdl:seg id="360" conf="ApprovedSignOff" origin="interactive"><sdl:value key="SegmentIdentityHash">zoYl/ZL9VqaV/9XQ8w3T/m0RI0c=</sdl:value><sdl:value key="created_by">heba-PC\heba</sdl:value><sdl:value key="created_on">10/09/2017 06:42:10</sdl:value><sdl:value key="last_modified_by">DESKTOP-C8MRIMB\Sherif Youssef</sdl:value><sdl:value key="modified_on">10/12/2017 19:55:05</sdl:value><sdl:value key="SDL:ProjectTranslationHash">1117289127</sdl:value><sdl:value key="SDL:OriginalTranslationHash">1117289127</sdl:value></sdl:seg><sdl:seg id="361" conf="ApprovedSignOff" origin="interactive" percent="80"><sdl:prev-origin origin="tm" origin-system="171273_Petrol cases" percent="80"><sdl:prev-origin/><sdl:value key="SegmentIdentityHash">ZVv+eK1Xe2tQvNSULV9sRow5Qa8=</sdl:value><sdl:value key="created_by">heba-PC\heba</sdl:value><sdl:value key="created_on">10/09/2017 06:42:10</sdl:value><sdl:value key="last_modified_by">heba-PC\heba</sdl:value><sdl:value key="modified_on">10/09/2017 06:42:48</sdl:value></sdl:prev-origin><sdl:value key="SegmentIdentityHash">ZVv+eK1Xe2tQvNSULV9sRow5Qa8=</sdl:value><sdl:value key="created_by">heba-PC\heba</sdl:value><sdl:value key="created_on">10/09/2017 06:42:10</sdl:value><sdl:value key="last_modified_by">DESKTOP-C8MRIMB\Sherif Youssef</sdl:value><sdl:value key="modified_on">10/12/2017 19:55:05</sdl:value><sdl:value key="SDL:ProjectTranslationHash">72872511</sdl:value><sdl:value key="SDL:OriginalTranslationHash">72872511</sdl:value></sdl:seg><sdl:seg id="362" conf="ApprovedSignOff" origin="interactive"><sdl:rep id="OWqGrqrVomxVhJ/owXA45TsAqBg="/><sdl:value key="SegmentIdentityHash">OWqGrqrVomxVhJ/owXA45TsAqBg=</sdl:value><sdl:value key="created_by">heba-PC\heba</sdl:value><sdl:value key="created_on">10/09/2017 06:43:11</sdl:value><sdl:value key="last_modified_by">DESKTOP-C8MRIMB\Sherif Youssef</sdl:value><sdl:value key="modified_on">10/12/2017 19:55:06</sdl:value><sdl:value key="SDL:ProjectTranslationHash">-213927862</sdl:value><sdl:value key="SDL:OriginalTranslationHash">-213927862</sdl:value></sdl:seg><sdl:seg id="363" conf="ApprovedSignOff" origin="interactive"><sdl:value key="SegmentIdentityHash">AAhqbwSv7s7RJTPVN82oNzZgCxI=</sdl:value><sdl:value key="created_by">heba-PC\heba</sdl:value><sdl:value key="created_on">10/09/2017 06:43:38</sdl:value><sdl:value key="last_modified_by">DESKTOP-C8MRIMB\Sherif Youssef</sdl:value><sdl:value key="modified_on">10/12/2017 19:55:07</sdl:value><sdl:value key="SDL:ProjectTranslationHash">-546541663</sdl:value><sdl:value key="SDL:OriginalTranslationHash">-546541663</sdl:value></sdl:seg><sdl:seg id="364" conf="ApprovedSignOff" origin="interactive"><sdl:prev-origin origin="source"><sdl:prev-origin/><sdl:value key="SegmentIdentityHash">Ye6Z/yVe4iYiV+w3TeLUiU/pVYg=</sdl:value><sdl:value key="created_by">heba-PC\heba</sdl:value><sdl:value key="created_on">10/09/2017 06:44:29</sdl:value><sdl:value key="last_modified_by">heba-PC\heba</sdl:value><sdl:value key="modified_on">10/09/2017 06:44:29</sdl:value></sdl:prev-origin><sdl:value key="SegmentIdentityHash">Ye6Z/yVe4iYiV+w3TeLUiU/pVYg=</sdl:value><sdl:value key="created_by">heba-PC\heba</sdl:value><sdl:value key="created_on">10/09/2017 06:44:31</sdl:value><sdl:value key="last_modified_by">DESKTOP-C8MRIMB\Sherif Youssef</sdl:value><sdl:value key="modified_on">10/12/2017 19:55:10</sdl:value><sdl:value key="SDL:ProjectTranslationHash">-852341871</sdl:value><sdl:value key="SDL:OriginalTranslationHash">-852341871</sdl:value></sdl:seg><sdl:seg id="365" conf="ApprovedSignOff" origin="interactive" percent="100"><sdl:rep id="OWqGrqrVomxVhJ/owXA45TsAqBg="/><sdl:prev-origin origin="auto-propagated" origin-system="Propagated from segment 362" percent="100"><sdl:rep id="OWqGrqrVomxVhJ/owXA45TsAqBg="/><sdl:prev-origin/><sdl:value key="SegmentIdentityHash">OWqGrqrVomxVhJ/owXA45TsAqBg=</sdl:value></sdl:prev-origin><sdl:value key="SegmentIdentityHash">OWqGrqrVomxVhJ/owXA45TsAqBg=</sdl:value><sdl:value key="last_modified_by">DESKTOP-C8MRIMB\Sherif Youssef</sdl:value><sdl:value key="modified_on">10/12/2017 19:55:10</sdl:value></sdl:seg><sdl:seg id="366" conf="ApprovedSignOff" origin="interactive" percent="91"><sdl:prev-origin origin="tm" origin-system="171273_Petrol cases" percent="91"><sdl:prev-origin/><sdl:value key="SegmentIdentityHash">te49t3HB1k9x9jid3GE3YH6XdOU=</sdl:value><sdl:value key="created_by">heba-PC\heba</sdl:value><sdl:value key="created_on">10/09/2017 06:44:31</sdl:value><sdl:value key="last_modified_by">heba-PC\heba</sdl:value><sdl:value key="modified_on">10/09/2017 06:45:12</sdl:value></sdl:prev-origin><sdl:value key="SegmentIdentityHash">te49t3HB1k9x9jid3GE3YH6XdOU=</sdl:value><sdl:value key="created_by">heba-PC\heba</sdl:value><sdl:value key="created_on">10/09/2017 06:44:31</sdl:value><sdl:value key="last_modified_by">DESKTOP-C8MRIMB\Sherif Youssef</sdl:value><sdl:value key="modified_on">10/12/2017 19:55:12</sdl:value><sdl:value key="SDL:ProjectTranslationHash">-60296875</sdl:value><sdl:value key="SDL:OriginalTranslationHash">-60296875</sdl:value></sdl:seg><sdl:seg id="367" conf="ApprovedSignOff" origin="tm" origin-system="171273_Petrol cases" percent="100"><sdl:rep id="OWqGrqrVomxVhJ/owXA45TsAqBg="/><sdl:prev-origin origin="auto-propagated" origin-system="Propagated from segment 365" percent="100"><sdl:rep id="OWqGrqrVomxVhJ/owXA45TsAqBg="/><sdl:value key="SegmentIdentityHash">OWqGrqrVomxVhJ/owXA45TsAqBg=</sdl:value><sdl:value key="last_modified_by">heba-PC\heba</sdl:value><sdl:value key="modified_on">10/09/2017 06:46:05</sdl:value></sdl:prev-origin><sdl:value key="SegmentIdentityHash">OWqGrqrVomxVhJ/owXA45TsAqBg=</sdl:value><sdl:value key="last_modified_by">DESKTOP-C8MRIMB\Sherif Youssef</sdl:value><sdl:value key="modified_on">10/12/2017 19:55:14</sdl:value><sdl:value key="created_by">DESKTOP-C8MRIMB\Sherif Youssef</sdl:value><sdl:value key="created_on">10/09/2017 06:43:11</sdl:value><sdl:value key="SDL:OriginalTranslationHash">-213927862</sdl:value></sdl:seg><sdl:seg id="368" conf="ApprovedSignOff" origin="interactive" percent="71"><sdl:prev-origin origin="tm" origin-system="171273_Petrol cases" percent="71"><sdl:prev-origin/><sdl:value key="SegmentIdentityHash">3RDWno/j8oFucDEY13Ny8pfG4cI=</sdl:value><sdl:value key="created_by">SHERIF\Sherif Youssef</sdl:value><sdl:value key="created_on">01/21/2016 14:22:15</sdl:value><sdl:value key="last_modified_by">SHERIF\Sherif Youssef</sdl:value><sdl:value key="modified_on">02/25/2016 09:20:33</sdl:value></sdl:prev-origin><sdl:value key="SegmentIdentityHash">3RDWno/j8oFucDEY13Ny8pfG4cI=</sdl:value><sdl:value key="created_by">SHERIF\Sherif Youssef</sdl:value><sdl:value key="created_on">01/21/2016 14:22:15</sdl:value><sdl:value key="last_modified_by">DESKTOP-C8MRIMB\Sherif Youssef</sdl:value><sdl:value key="modified_on">10/12/2017 19:55:16</sdl:value><sdl:value key="SDL:ProjectTranslationHash">1063791399</sdl:value><sdl:value key="SDL:OriginalTranslationHash">1063791399</sdl:value></sdl:seg></sdl:seg-defs></trans-unit></group><group><sdl:cxts><sdl:cxt id="139"/><sdl:cxt id="2"/></sdl:cxts><trans-unit id="92da3ffc-b8b9-4787-8019-d0c7e1458861"><source><g id="825">Table II</g></source><seg-source><g id="825"><mrk mtype="seg" mid="369">Table II</mrk></g></seg-source><target><g id="825"><mrk mtype="seg" mid="369">الجدول 2</mrk></g></target><sdl:seg-defs><sdl:seg id="369" conf="ApprovedSignOff" origin="interactive" percent="84"><sdl:rep id="OAiKOtoT3TpLJp3wLGTo311lPsA="/><sdl:prev-origin origin="tm" origin-system="171273_Petrol cases" percent="84"><sdl:rep id="OAiKOtoT3TpLJp3wLGTo311lPsA="/><sdl:prev-origin/><sdl:value key="SegmentIdentityHash">OAiKOtoT3TpLJp3wLGTo311lPsA=</sdl:value><sdl:value key="created_by">SHERIF\Sherif Youssef</sdl:value><sdl:value key="created_on">11/15/2016 16:55:01</sdl:value><sdl:value key="last_modified_by">DESKTOP-C8MRIMB\Sherif Youssef</sdl:value><sdl:value key="modified_on">11/15/2016 16:49:05</sdl:value></sdl:prev-origin><sdl:value key="SegmentIdentityHash">OAiKOtoT3TpLJp3wLGTo311lPsA=</sdl:value><sdl:value key="created_by">SHERIF\Sherif Youssef</sdl:value><sdl:value key="created_on">11/15/2016 16:55:01</sdl:value><sdl:value key="last_modified_by">DESKTOP-C8MRIMB\Sherif Youssef</sdl:value><sdl:value key="modified_on">10/12/2017 19:55:16</sdl:value><sdl:value key="SDL:ProjectTranslationHash">591765207</sdl:value><sdl:value key="SDL:OriginalTranslationHash">591765207</sdl:value></sdl:seg></sdl:seg-defs></trans-unit></group><group><sdl:cxts><sdl:cxt id="140"/><sdl:cxt id="2"/></sdl:cxts><trans-unit id="c3cdf71b-74a1-4791-a68c-23e825bac635"><source><x id="829"/></source><seg-source><x id="829"/></seg-source><target><x id="829"/></target></trans-unit></group><group><sdl:cxts><sdl:cxt id="141"/><sdl:cxt id="2"/></sdl:cxts><trans-unit id="699f0338-a4e4-49dd-949b-409c63085d49"><source><g id="832">[000125] <g id="835">Example 4.</g> The elution characteristic of the solid composites of Example 3 were determined by packing 20/40-mesh Ottawa sand and solid inhibitor (2% by weight of the sand) into a 35-cm-long stainless steel column (inner diameter = 1.08 cm). The pore volume was approximately 12 mL. The column was eluted with synthetic brine (0.025 mol/L CaCl2, 0.015 mol/L NaHCO3, 1 mol/L NaCl, sparged with 100% CO2) at 60 C with a flow rate of 120 mL/hour. The synthetic brine was at saturation with calcite to simulate typical connate brine in the formation. The effluent solution was collected and analyzed for phosphorus and Ca concentration to obtain the inhibitor release profile. The results are shown in FIG. 1A and FIG. 1B. The minimum effective concentration for scale inhibition was 0.1 ppm.</g></source><seg-source><g id="832"><mrk mtype="seg" mid="370">[000125] <g id="835">Example 4.</g></mrk> <mrk mtype="seg" mid="371">The elution characteristic of the solid composites of Example 3 were determined by packing 20/40-mesh Ottawa sand and solid inhibitor (2% by weight of the sand) into a 35-cm-long stainless steel column (inner diameter = 1.08 cm).</mrk> <mrk mtype="seg" mid="372">The pore volume was approximately 12 mL.</mrk> <mrk mtype="seg" mid="373">The column was eluted with synthetic brine (0.025 mol/L CaCl2, 0.015 mol/L NaHCO3, 1 mol/L NaCl, sparged with 100% CO2) at 60 C with a flow rate of 120 mL/hour.</mrk> <mrk mtype="seg" mid="374">The synthetic brine was at saturation with calcite to simulate typical connate brine in the formation.</mrk> <mrk mtype="seg" mid="375">The effluent solution was collected and analyzed for phosphorus and Ca concentration to obtain the inhibitor release profile.</mrk> <mrk mtype="seg" mid="376">The results are shown in FIG. 1A and FIG. 1B.</mrk> <mrk mtype="seg" mid="377">The minimum effective concentration for scale inhibition was 0.1 ppm.</mrk></g></seg-source><target><g id="832"><mrk mtype="seg" mid="370">[000125] <g id="835">المثال 4.</g></mrk> <mrk mtype="seg" mid="371">تم تحديد خصائص التصفية التتابعية للمواد المركب الصلبة الواردة في المثال 3 بواسطة حشو رمل Ottawa بحجم جسيمي يبلغ 20/40 مش ومثبط صلب (2% بالوزن من الرمل) في عمود من الفولاذ المقاوم للصدأ بطول 35 سم (قطر داخلي = 1.08 سم).</mrk> <mrk mtype="seg" mid="372">يبلغ الحجم المسامي حوالي 12 ملليلتر.</mrk> <mrk mtype="seg" mid="373">تمت تصفية العمود تتابعيًا باستخدام براين تخليقي (0.025 مول/لتر من CaCl2، 0.015 مول/لتر من NaHCO3، 1 مول/لتر من، NaCl، تم رشه بـ 100% من CO2) عند 60 درجة مئوية بمعدل تدفق يبلغ 120 ملليلتر/الساعة.</mrk> <mrk mtype="seg" mid="374">كان البراين التخليقي مشبع بالكالسيت ليحاكي البراين الكامن في التكوين.</mrk> <mrk mtype="seg" mid="375">تم تجميع محلول المادة المتدفقة وتحليله لتحديد تركيز الفوسفور وCa للحصول على منحنى إطلاق المثبط.</mrk> <mrk mtype="seg" mid="376">تم عرض النتائج في الشكلين 1أ و1ب.</mrk> <mrk mtype="seg" mid="377">يبلغ أدنى تركيز فعال لتثبيط القشور 0.1 جزء في المليون.</mrk></g></target><sdl:seg-defs><sdl:seg id="370" conf="ApprovedSignOff" origin="auto-propagated" origin-system="Propagated from segment 353" percent="100"><sdl:rep id="IRx+ZuX+4FhIWaSY41kmDT6cRgo="/><sdl:value key="SegmentIdentityHash">IRx+ZuX+4FhIWaSY41kmDT6cRgo=</sdl:value><sdl:value key="last_modified_by">DESKTOP-C8MRIMB\Sherif Youssef</sdl:value><sdl:value key="modified_on">10/12/2017 19:55:19</sdl:value></sdl:seg><sdl:seg id="371" conf="ApprovedSignOff" origin="interactive"><sdl:value key="SegmentIdentityHash">7P3kPHdmwhtop8Imxh1WQ+erQyc=</sdl:value><sdl:value key="created_by">heba-PC\heba</sdl:value><sdl:value key="created_on">10/09/2017 06:46:43</sdl:value><sdl:value key="last_modified_by">DESKTOP-C8MRIMB\Sherif Youssef</sdl:value><sdl:value key="modified_on">10/12/2017 19:55:21</sdl:value><sdl:value key="SDL:ProjectTranslationHash">-1043587630</sdl:value><sdl:value key="SDL:OriginalTranslationHash">-1043587630</sdl:value></sdl:seg><sdl:seg id="372" conf="ApprovedSignOff" origin="interactive"><sdl:value key="SegmentIdentityHash">hhbe1szB7fdcXsFbdX3WNgKEU/U=</sdl:value><sdl:value key="created_by">heba-PC\heba</sdl:value><sdl:value key="created_on">10/09/2017 06:48:34</sdl:value><sdl:value key="last_modified_by">DESKTOP-C8MRIMB\Sherif Youssef</sdl:value><sdl:value key="modified_on">10/12/2017 19:55:23</sdl:value><sdl:value key="SDL:ProjectTranslationHash">500200009</sdl:value><sdl:value key="SDL:OriginalTranslationHash">500200009</sdl:value></sdl:seg><sdl:seg id="373" conf="ApprovedSignOff" origin="interactive"><sdl:value key="SegmentIdentityHash">FTMTQVGpD696sBhNNJ5Rfqi9fFQ=</sdl:value><sdl:value key="created_by">heba-PC\heba</sdl:value><sdl:value key="created_on">10/09/2017 06:48:48</sdl:value><sdl:value key="last_modified_by">DESKTOP-C8MRIMB\Sherif Youssef</sdl:value><sdl:value key="modified_on">10/12/2017 19:55:51</sdl:value><sdl:value key="SDL:ProjectTranslationHash">-2144600694</sdl:value><sdl:value key="SDL:OriginalTranslationHash">-2144600694</sdl:value></sdl:seg><sdl:seg id="374" conf="ApprovedSignOff" origin="interactive"><sdl:value key="SegmentIdentityHash">v2zZu0p4Tfjp2VIqsl4Ccs8cvyQ=</sdl:value><sdl:value key="created_by">heba-PC\heba</sdl:value><sdl:value key="created_on">10/09/2017 06:51:22</sdl:value><sdl:value key="last_modified_by">DESKTOP-C8MRIMB\Sherif Youssef</sdl:value><sdl:value key="modified_on">10/12/2017 19:55:52</sdl:value><sdl:value key="SDL:ProjectTranslationHash">-2277185</sdl:value><sdl:value key="SDL:OriginalTranslationHash">-2277185</sdl:value></sdl:seg><sdl:seg id="375" conf="ApprovedSignOff" origin="interactive"><sdl:value key="SegmentIdentityHash">G+yRdlsTQZy1/CUIPNSpwlPheeY=</sdl:value><sdl:value key="created_by">heba-PC\heba</sdl:value><sdl:value key="created_on">10/09/2017 06:52:29</sdl:value><sdl:value key="last_modified_by">DESKTOP-C8MRIMB\Sherif Youssef</sdl:value><sdl:value key="modified_on">10/12/2017 19:55:53</sdl:value><sdl:value key="SDL:ProjectTranslationHash">-735733365</sdl:value><sdl:value key="SDL:OriginalTranslationHash">-735733365</sdl:value></sdl:seg><sdl:seg id="376" conf="ApprovedSignOff" origin="interactive" percent="74"><sdl:prev-origin origin="tm" origin-system="171273_Petrol cases" percent="74"><sdl:prev-origin/><sdl:value key="SegmentIdentityHash">xajzHnthKPRvmiP5dwW8Ww+7TwM=</sdl:value><sdl:value key="created_by">SHERIF\Sherif Youssef</sdl:value><sdl:value key="created_on">05/13/2016 13:27:52</sdl:value><sdl:value key="last_modified_by">DESKTOP-C8MRIMB\Sherif Youssef</sdl:value><sdl:value key="modified_on">06/21/2017 03:44:24</sdl:value></sdl:prev-origin><sdl:value key="SegmentIdentityHash">xajzHnthKPRvmiP5dwW8Ww+7TwM=</sdl:value><sdl:value key="created_by">SHERIF\Sherif Youssef</sdl:value><sdl:value key="created_on">05/13/2016 13:27:52</sdl:value><sdl:value key="last_modified_by">DESKTOP-C8MRIMB\Sherif Youssef</sdl:value><sdl:value key="modified_on">10/12/2017 19:55:53</sdl:value><sdl:value key="SDL:ProjectTranslationHash">-1519916863</sdl:value><sdl:value key="SDL:OriginalTranslationHash">-1519916863</sdl:value></sdl:seg><sdl:seg id="377" conf="ApprovedSignOff" origin="interactive"><sdl:value key="SegmentIdentityHash">5nMBpHAiiYyYKhP41dcb7BK8wGM=</sdl:value><sdl:value key="created_by">heba-PC\heba</sdl:value><sdl:value key="created_on">10/09/2017 06:53:34</sdl:value><sdl:value key="last_modified_by">DESKTOP-C8MRIMB\Sherif Youssef</sdl:value><sdl:value key="modified_on">10/12/2017 19:55:54</sdl:value><sdl:value key="SDL:ProjectTranslationHash">924172785</sdl:value><sdl:value key="SDL:OriginalTranslationHash">924172785</sdl:value></sdl:seg></sdl:seg-defs></trans-unit></group><group><sdl:cxts><sdl:cxt id="142"/><sdl:cxt id="2"/></sdl:cxts><trans-unit id="e9aed1a9-6717-4b08-a222-cff26e05b4ce"><source><g id="859">[000126] <g id="862">Example 5.</g> Five alumina samples labeled 23A, 23B, 23C, 23D and 23E were prepared. 23-A was the same as Sample A (1mm alumina bead, not calcined); 23-B was the same as Sample B (1 mm alumina beads calcined at 1200° C for 2 hours) and 23-C was the same as Sample C (1 mm alumina bead calcined at 1400° C for 2 hours). Samples 23D and 23E were prepared using the same protocols as Sample B and Sample C, respectively, except the diameter of the spherical beads was adjusted to 0.8 mm. Each of 23A, 23B, 23C, 23D and 23E were heated to 225° F and cooled to room temperature in a desiccator before the addition of the ATMP solution. A 55% by weight solution of ATMP was prepared. Three additions were made to each sample and the amount that was able to be adsorbed is set forth in Table III below:</g></source><seg-source><g id="859"><mrk mtype="seg" mid="378">[000126] <g id="862">Example 5.</g></mrk> <mrk mtype="seg" mid="379">Five alumina samples labeled 23A, 23B, 23C, 23D and 23E were prepared.</mrk> <mrk mtype="seg" mid="380">23-A was the same as Sample A (1mm alumina bead, not calcined); 23-B was the same as Sample B (1 mm alumina beads calcined at 1200° C for 2 hours) and 23-C was the same as Sample C (1 mm alumina bead calcined at 1400° C for 2 hours).</mrk> <mrk mtype="seg" mid="381">Samples 23D and 23E were prepared using the same protocols as Sample B and Sample C, respectively, except the diameter of the spherical beads was adjusted to 0.8 mm. Each of 23A, 23B, 23C, 23D and 23E were heated to 225° F and cooled to room temperature in a desiccator before the addition of the ATMP solution.</mrk> <mrk mtype="seg" mid="382">A 55% by weight solution of ATMP was prepared.</mrk> <mrk mtype="seg" mid="383">Three additions were made to each sample and the amount that was able to be adsorbed is set forth in Table III below:</mrk></g></seg-source><target><g id="859"><mrk mtype="seg" mid="378">[000126] <g id="862">المثال 5.</g></mrk> <mrk mtype="seg" mid="379">تم تحضير خمس عينات ألومينا تتم الإشارة إليها بـ 23أ، 23ب، 23ج، 23د و23هـ.</mrk> <mrk mtype="seg" mid="380">كانت 23-أ مماثلة للعينة A (خرزة ألومينا بحجم 1 مم، غير مكلنسة)؛ كانت 23-ب مماثلة للعينة B (خرزة ألومينا بحجم 1 مم مكلنسة عند 1200 درجة مئوية لمدة ساعتين) وكانت 23-ج مماثلة للعينة C (خرزة ألومينات بحجم 1 مم مكلنسة عند 1400 درجة مئوية لمدة ساعتين).</mrk> <mrk mtype="seg" mid="381">تم تحضير العينات 23د و23هـ باستخدام نفس بروتوكولات العينة B والعينة C، على التوالي، باستثناء ضبط قطر الخرزات الكروية عند 0.8 مم. تم تسخين كل من 23أ، 23ب، 23ج، 23د و23هـ إلى 225 درجة فهرنهايت وتم تبريدها إلى درجة حرارة الغرفة في مجفف قبل إضافة محلول ATMP.</mrk> <mrk mtype="seg" mid="382">تم تحضير 55% بالوزن من محلول ATMP.</mrk> <mrk mtype="seg" mid="383">تم إجراء ثلاث عمليات إضافة لكل عينة وتم توضيح الكمية التي تمكنت من امتزازها في الجدول 3 أدناه.</mrk></g></target><sdl:seg-defs><sdl:seg id="378" conf="ApprovedSignOff" origin="auto-propagated" origin-system="Propagated from segment 370" percent="100"><sdl:rep id="IRx+ZuX+4FhIWaSY41kmDT6cRgo="/><sdl:value key="SegmentIdentityHash">IRx+ZuX+4FhIWaSY41kmDT6cRgo=</sdl:value><sdl:value key="last_modified_by">DESKTOP-C8MRIMB\Sherif Youssef</sdl:value><sdl:value key="modified_on">10/12/2017 19:55:55</sdl:value></sdl:seg><sdl:seg id="379" conf="ApprovedSignOff" origin="interactive"><sdl:prev-origin origin="source"><sdl:prev-origin/><sdl:value key="SegmentIdentityHash">qcM5t2MDw9mw+vDbm9vcLRQ2x4U=</sdl:value><sdl:value key="created_by">heba-PC\heba</sdl:value><sdl:value key="created_on">10/09/2017 07:01:39</sdl:value><sdl:value key="last_modified_by">heba-PC\heba</sdl:value><sdl:value key="modified_on">10/09/2017 07:01:39</sdl:value></sdl:prev-origin><sdl:value key="SegmentIdentityHash">qcM5t2MDw9mw+vDbm9vcLRQ2x4U=</sdl:value><sdl:value key="created_by">heba-PC\heba</sdl:value><sdl:value key="created_on">10/09/2017 07:01:41</sdl:value><sdl:value key="last_modified_by">DESKTOP-C8MRIMB\Sherif Youssef</sdl:value><sdl:value key="modified_on">10/12/2017 19:55:56</sdl:value><sdl:value key="SDL:ProjectTranslationHash">-1688580208</sdl:value><sdl:value key="SDL:OriginalTranslationHash">-1688580208</sdl:value></sdl:seg><sdl:seg id="380" conf="ApprovedSignOff" origin="interactive"><sdl:value key="SegmentIdentityHash">GcDOn0EUPNk3PHJ9NuEdIkhgO1A=</sdl:value><sdl:value key="created_by">heba-PC\heba</sdl:value><sdl:value key="created_on">10/09/2017 07:02:47</sdl:value><sdl:value key="last_modified_by">DESKTOP-C8MRIMB\Sherif Youssef</sdl:value><sdl:value key="modified_on">10/12/2017 19:55:59</sdl:value><sdl:value key="SDL:ProjectTranslationHash">-2142379047</sdl:value><sdl:value key="SDL:OriginalTranslationHash">-2142379047</sdl:value></sdl:seg><sdl:seg id="381" conf="ApprovedSignOff" origin="interactive"><sdl:prev-origin origin="source"><sdl:prev-origin/><sdl:value key="SegmentIdentityHash">0EQjPjFcqMM0lmoD75gbOdrL0oU=</sdl:value><sdl:value key="created_by">heba-PC\heba</sdl:value><sdl:value key="created_on">10/09/2017 07:04:47</sdl:value><sdl:value key="last_modified_by">heba-PC\heba</sdl:value><sdl:value key="modified_on">10/09/2017 07:04:47</sdl:value></sdl:prev-origin><sdl:value key="SegmentIdentityHash">0EQjPjFcqMM0lmoD75gbOdrL0oU=</sdl:value><sdl:value key="created_by">heba-PC\heba</sdl:value><sdl:value key="created_on">10/09/2017 07:04:48</sdl:value><sdl:value key="last_modified_by">DESKTOP-C8MRIMB\Sherif Youssef</sdl:value><sdl:value key="modified_on">10/12/2017 19:56:04</sdl:value><sdl:value key="SDL:ProjectTranslationHash">-302833111</sdl:value><sdl:value key="SDL:OriginalTranslationHash">-302833111</sdl:value></sdl:seg><sdl:seg id="382" conf="ApprovedSignOff" origin="interactive"><sdl:value key="SegmentIdentityHash">LfHbL+dnJlcganmDnicfFXWIqoE=</sdl:value><sdl:value key="created_by">heba-PC\heba</sdl:value><sdl:value key="created_on">10/09/2017 07:07:06</sdl:value><sdl:value key="last_modified_by">DESKTOP-C8MRIMB\Sherif Youssef</sdl:value><sdl:value key="modified_on">10/12/2017 19:56:05</sdl:value><sdl:value key="SDL:ProjectTranslationHash">663376949</sdl:value><sdl:value key="SDL:OriginalTranslationHash">663376949</sdl:value></sdl:seg><sdl:seg id="383" conf="ApprovedSignOff" origin="interactive"><sdl:value key="SegmentIdentityHash">ZXgWrnotO8OYJBpTjmuOb2nXWAM=</sdl:value><sdl:value key="created_by">heba-PC\heba</sdl:value><sdl:value key="created_on">10/09/2017 07:07:24</sdl:value><sdl:value key="last_modified_by">DESKTOP-C8MRIMB\Sherif Youssef</sdl:value><sdl:value key="modified_on">10/12/2017 19:56:06</sdl:value><sdl:value key="SDL:ProjectTranslationHash">-1280801514</sdl:value><sdl:value key="SDL:OriginalTranslationHash">-1280801514</sdl:value></sdl:seg></sdl:seg-defs></trans-unit></group><group><sdl:cxts><sdl:cxt id="143"/><sdl:cxt id="2"/></sdl:cxts><trans-unit id="81bd6daf-9b96-4f0f-8857-0a6ce080c441"><source><g id="868">Table III</g></source><seg-source><g id="868"><mrk mtype="seg" mid="384">Table III</mrk></g></seg-source><target><g id="868"><mrk mtype="seg" mid="384">الجدول 3</mrk></g></target><sdl:seg-defs><sdl:seg id="384" conf="ApprovedSignOff" origin="interactive" percent="84"><sdl:rep id="OAiKOtoT3TpLJp3wLGTo311lPsA="/><sdl:prev-origin origin="tm" origin-system="171273_Petrol cases" percent="84"><sdl:rep id="OAiKOtoT3TpLJp3wLGTo311lPsA="/><sdl:prev-origin/><sdl:value key="SegmentIdentityHash">OAiKOtoT3TpLJp3wLGTo311lPsA=</sdl:value><sdl:value key="created_by">SHERIF\Sherif Youssef</sdl:value><sdl:value key="created_on">11/15/2016 16:55:01</sdl:value><sdl:value key="last_modified_by">heba-PC\heba</sdl:value><sdl:value key="modified_on">10/09/2017 06:46:29</sdl:value></sdl:prev-origin><sdl:value key="SegmentIdentityHash">OAiKOtoT3TpLJp3wLGTo311lPsA=</sdl:value><sdl:value key="created_by">SHERIF\Sherif Youssef</sdl:value><sdl:value key="created_on">11/15/2016 16:55:01</sdl:value><sdl:value key="last_modified_by">DESKTOP-C8MRIMB\Sherif Youssef</sdl:value><sdl:value key="modified_on">10/12/2017 19:56:10</sdl:value><sdl:value key="SDL:ProjectTranslationHash">-1230332201</sdl:value><sdl:value key="SDL:OriginalTranslationHash">-1230332201</sdl:value></sdl:seg></sdl:seg-defs></trans-unit></group><group><sdl:cxts><sdl:cxt id="144"/><sdl:cxt id="2"/></sdl:cxts><trans-unit id="0b5e2f39-2fcb-4b2e-828a-96c788caa24b"><source><x id="872"/></source><seg-source><x id="872"/></seg-source><target><x id="872"/></target></trans-unit></group><group><sdl:cxts><sdl:cxt id="145"/><sdl:cxt id="2"/></sdl:cxts><trans-unit id="f9377a06-f4e2-4fd8-a4fa-02d8b052ff1b"><source><g id="875">The results shown in Table III are in contrast to 22.1% for Sample A, 18.1% for Sample B and 13.5% for Sample C.</g></source><seg-source><g id="875"><mrk mtype="seg" mid="385">The results shown in Table III are in contrast to 22.1% for Sample A, 18.1% for Sample B and 13.5% for Sample C.</mrk></g></seg-source><target><g id="875"><mrk mtype="seg" mid="385">تعتبر النتائج الموضحة في الجدول 3 على العكس من 22.1% للعينة A، 18.1% للعينة B و13.5% للعينة C.</mrk></g></target><sdl:seg-defs><sdl:seg id="385" conf="ApprovedSignOff" origin="interactive"><sdl:value key="SegmentIdentityHash">zKVtFiQ+jHFsPLlqMpuH1gX4TD4=</sdl:value><sdl:value key="created_by">heba-PC\heba</sdl:value><sdl:value key="created_on">10/09/2017 07:08:27</sdl:value><sdl:value key="last_modified_by">DESKTOP-C8MRIMB\Sherif Youssef</sdl:value><sdl:value key="modified_on">10/12/2017 19:56:11</sdl:value><sdl:value key="SDL:ProjectTranslationHash">-410945793</sdl:value><sdl:value key="SDL:OriginalTranslationHash">-410945793</sdl:value></sdl:seg></sdl:seg-defs></trans-unit></group><group><sdl:cxts><sdl:cxt id="146"/><sdl:cxt id="2"/></sdl:cxts><trans-unit id="11ae2c63-1093-48f1-bbca-772fda0c3e8f"><source><g id="878">[000127] <g id="881">Example 6.</g> The elution of Samples 22B, 23C, 23D, 23E and the Comparative Sample of Example 2 were performed as set forth by the method in Example 4 with 2% of the particles by weight of the sand in the column. The results are shown in FIG. 2. The results are similar to those illustrated in FIG. 1A and FIG. 1B. Since there is commercial interest in using higher percentage of the particles in a proppant pack, the elution studies were performed on the samples at 50% of the particles in the sand pack and the results are shown in FIG. 3. FIG. 3 indicates much slower release and longer period of effective inhibition.</g></source><seg-source><g id="878"><mrk mtype="seg" mid="386">[000127] <g id="881">Example 6.</g></mrk> <mrk mtype="seg" mid="387">The elution of Samples 22B, 23C, 23D, 23E and the Comparative Sample of Example 2 were performed as set forth by the method in Example 4 with 2% of the particles by weight of the sand in the column.</mrk> <mrk mtype="seg" mid="388">The results are shown in FIG. 2.</mrk> <mrk mtype="seg" mid="389">The results are similar to those illustrated in FIG. 1A and FIG. 1B.</mrk> <mrk mtype="seg" mid="390">Since there is commercial interest in using higher percentage of the particles in a proppant pack, the elution studies were performed on the samples at 50% of the particles in the sand pack and the results are shown in FIG. 3.</mrk> <mrk mtype="seg" mid="391">FIG. 3 indicates much slower release and longer period of effective inhibition.</mrk></g></seg-source><target><g id="878"><mrk mtype="seg" mid="386">[000127] <g id="881">المثال 6.</g></mrk> <mrk mtype="seg" mid="387">تم إجراء التصفية التتابعية للعينات22ب، 23ج، 23د، 23هـ وعينة المقارنة الواردة في المثال 2 على النحو المذكور أعلاه بواسطة الطريقة الواردة في المثال 4 باستخدام 2% من الجسيمات بالوزن من الرمل الموجود في العمود.</mrk> <mrk mtype="seg" mid="388">يتم عرض النتائج في الشكل 2.</mrk> <mrk mtype="seg" mid="389">تكون النتائج مماثلة لتلك الموضحة في الشكل 1أ و1ب.</mrk> <mrk mtype="seg" mid="390">بما أنه يوجد اهتمام تجاري باستخدام نسبة مئوية أعلى من الجسيمات في حشوة من مادة الحشوة الدعمي، فقد تم إجراء دراسات التصفية التتابعية على العينات بنسبة 50% من الجسيمات الموجودة في حشوة الرمل وتم عرض النتائج في الشكل 3.</mrk> <mrk mtype="seg" mid="391">يعرض الشكل 3 إطلاق إبطاء وفترة تثبيط فعال أطول.</mrk></g></target><sdl:seg-defs><sdl:seg id="386" conf="ApprovedSignOff" origin="auto-propagated" origin-system="Propagated from segment 378" percent="100"><sdl:rep id="IRx+ZuX+4FhIWaSY41kmDT6cRgo="/><sdl:value key="SegmentIdentityHash">IRx+ZuX+4FhIWaSY41kmDT6cRgo=</sdl:value><sdl:value key="last_modified_by">DESKTOP-C8MRIMB\Sherif Youssef</sdl:value><sdl:value key="modified_on">10/12/2017 19:56:12</sdl:value></sdl:seg><sdl:seg id="387" conf="ApprovedSignOff" origin="interactive"><sdl:prev-origin><sdl:prev-origin><sdl:value key="SegmentIdentityHash">jyj1NcmtCRoTkgO4Xws0n8QpTMg=</sdl:value></sdl:prev-origin><sdl:value key="SegmentIdentityHash">jyj1NcmtCRoTkgO4Xws0n8QpTMg=</sdl:value></sdl:prev-origin><sdl:value key="SegmentIdentityHash">jyj1NcmtCRoTkgO4Xws0n8QpTMg=</sdl:value><sdl:value key="created_by">heba-PC\heba</sdl:value><sdl:value key="created_on">10/09/2017 09:45:24</sdl:value><sdl:value key="last_modified_by">DESKTOP-C8MRIMB\Sherif Youssef</sdl:value><sdl:value key="modified_on">10/12/2017 19:56:13</sdl:value><sdl:value key="SDL:ProjectTranslationHash">-2117605016</sdl:value><sdl:value key="SDL:OriginalTranslationHash">-2117605016</sdl:value></sdl:seg><sdl:seg id="388" conf="ApprovedSignOff" origin="tm" origin-system="General" percent="100"><sdl:value key="created_by">DESKTOP-C8MRIMB\Sherif Youssef</sdl:value><sdl:value key="created_on">06/21/2017 03:58:06</sdl:value><sdl:value key="modified_on">10/12/2017 19:56:13</sdl:value><sdl:value key="last_modified_by">DESKTOP-C8MRIMB\Sherif Youssef</sdl:value><sdl:value key="SDL:OriginalTranslationHash">23803251</sdl:value><sdl:value key="SegmentIdentityHash">ogNd8rxxo0iDfLNDDAIjur5OkyU=</sdl:value><sdl:value key="SDL:ProjectTranslationHash">73845882</sdl:value></sdl:seg><sdl:seg id="389" conf="ApprovedSignOff" origin="interactive" percent="79"><sdl:prev-origin origin="tm" origin-system="171273_Petrol cases" percent="79"><sdl:prev-origin/><sdl:value key="SegmentIdentityHash">nhEilnFm2A02jVSjuR7aYxlKtwU=</sdl:value><sdl:value key="created_by">SHERIF\Sherif Youssef</sdl:value><sdl:value key="created_on">05/13/2016 13:27:52</sdl:value><sdl:value key="last_modified_by">heba-PC\heba</sdl:value><sdl:value key="modified_on">10/09/2017 06:53:29</sdl:value></sdl:prev-origin><sdl:value key="SegmentIdentityHash">nhEilnFm2A02jVSjuR7aYxlKtwU=</sdl:value><sdl:value key="created_by">SHERIF\Sherif Youssef</sdl:value><sdl:value key="created_on">05/13/2016 13:27:52</sdl:value><sdl:value key="last_modified_by">DESKTOP-C8MRIMB\Sherif Youssef</sdl:value><sdl:value key="modified_on">10/12/2017 19:56:14</sdl:value><sdl:value key="SDL:ProjectTranslationHash">-2010662876</sdl:value><sdl:value key="SDL:OriginalTranslationHash">-2010662876</sdl:value></sdl:seg><sdl:seg id="390" conf="ApprovedSignOff" origin="interactive"><sdl:value key="SegmentIdentityHash">QCKSofDo8tWm7clzJo4E1ZyTzeg=</sdl:value><sdl:value key="created_by">heba-PC\heba</sdl:value><sdl:value key="created_on">10/09/2017 09:51:52</sdl:value><sdl:value key="last_modified_by">DESKTOP-C8MRIMB\Sherif Youssef</sdl:value><sdl:value key="modified_on">10/12/2017 19:56:15</sdl:value><sdl:value key="SDL:ProjectTranslationHash">-1706239076</sdl:value><sdl:value key="SDL:OriginalTranslationHash">-1706239076</sdl:value></sdl:seg><sdl:seg id="391" conf="ApprovedSignOff" origin="interactive"><sdl:value key="SegmentIdentityHash">nVoeLA4hmdEZDDR0QYRZtBMgLio=</sdl:value><sdl:value key="created_by">heba-PC\heba</sdl:value><sdl:value key="created_on">10/09/2017 09:53:16</sdl:value><sdl:value key="last_modified_by">DESKTOP-C8MRIMB\Sherif Youssef</sdl:value><sdl:value key="modified_on">10/12/2017 19:56:16</sdl:value><sdl:value key="SDL:ProjectTranslationHash">1864087644</sdl:value><sdl:value key="SDL:OriginalTranslationHash">1864087644</sdl:value></sdl:seg></sdl:seg-defs></trans-unit></group><group><sdl:cxts><sdl:cxt id="147"/><sdl:cxt id="2"/></sdl:cxts><trans-unit id="bd9a20cd-3a63-4bda-ba52-67825746bade"><source><g id="887">[000128] <g id="890">Example 7.</g> Four samples were prepared of two different sizes (0.8 mm and 1.0 mm diameter before calcining) in accordance with the procedure set forth in Example 1. The four samples were labeled as CO10118 (0.8 mm), CO10118 (1 mm), CO10524 (0.8 mm) and CO10593 (1 mm). Sample CO10118, after calcining, had a size of 25 mesh (0.71 mm) and a surface area of 1 m<g id="908">2</g> /g; sample CO10118, after calcining, had a size of 30 mesh (0.59 mm) and a surface area of less than 1 m<g id="923">2</g> /g. Sample CO10524, after calcining, had a size of 30 mesh (0.59 mm) and a surface area of 5.6 m<g id="941">2</g> /g and sample CO10593, after calcining, had a size of 20 mesh (0.84 mm) and a surface area of 7.3 m<g id="959">2</g> /g. Crush analysis was conducted on each of the samples as well as on ECONOPROP®, a commercial proppant available from Carbo Ceramics Inc. Further, two other samples labeled 25 mesh APA1.0/3C 12853 (surface area 3.1 m<g id="974">2</g> /g) and 30 mesh APA0.8/3C 12852 were also prepared. The crush data on these is presented also in Table 4. The crush data of each sample was generated using a pluviation method to load the proppant in the API crush cell. The results are shown in Table IV below:</g></source><seg-source><g id="887"><mrk mtype="seg" mid="392">[000128] <g id="890">Example 7.</g></mrk> <mrk mtype="seg" mid="393">Four samples were prepared of two different sizes (0.8 mm and 1.0 mm diameter before calcining) in accordance with the procedure set forth in Example 1.</mrk> <mrk mtype="seg" mid="394">The four samples were labeled as CO10118 (0.8 mm), CO10118 (1 mm), CO10524 (0.8 mm) and CO10593 (1 mm).</mrk> <mrk mtype="seg" mid="395">Sample CO10118, after calcining, had a size of 25 mesh (0.71 mm) and a surface area of 1 m<g id="908">2</g> /g; sample CO10118, after calcining, had a size of 30 mesh (0.59 mm) and a surface area of less than 1 m<g id="923">2</g> /g.</mrk> <mrk mtype="seg" mid="396">Sample CO10524, after calcining, had a size of 30 mesh (0.59 mm) and a surface area of 5.6 m<g id="941">2</g> /g and sample CO10593, after calcining, had a size of 20 mesh (0.84 mm) and a surface area of 7.3 m<g id="959">2</g> /g.</mrk> <mrk mtype="seg" mid="397">Crush analysis was conducted on each of the samples as well as on ECONOPROP®, a commercial proppant available from Carbo Ceramics Inc. Further, two other samples labeled 25 mesh APA1.0/3C 12853 (surface area 3.1 m<g id="974">2</g> /g) and 30 mesh APA0.8/3C 12852 were also prepared.</mrk> <mrk mtype="seg" mid="398">The crush data on these is presented also in Table 4.</mrk> <mrk mtype="seg" mid="399">The crush data of each sample was generated using a pluviation method to load the proppant in the API crush cell.</mrk> <mrk mtype="seg" mid="400">The results are shown in Table IV below:</mrk></g></seg-source><target><g id="887"><mrk mtype="seg" mid="392">[000128] <g id="890">المثال 7.</g></mrk> <mrk mtype="seg" mid="393">تم تحضير أربع عينات ذات حجمين مختلفين (قطر يبلغ 0.8 مم و1.0 مم قبل الكلسنة) وفقًا للإجراء المذكور في المثال 1.</mrk> <mrk mtype="seg" mid="394">تتم الإشارة إلى العينات الأربع بـ CO10118 (0.8 مم)، CO10118 (1 مم)، CO10524 (0.8 مم) وCO10593 (1 مم).</mrk> <mrk mtype="seg" mid="395">يكون للعينة CO10118، بعد الكلسنة، حجم يبلغ 25 مش (0.71 مم) ومساحة سطح تبلغ 1 متر<g id="908">2</g>/جم؛ يكون للعينة CO10118، بعد الكلسنة، حجم يبلغ 30 مش (0.59 مم) ومساحة سطح تبلغ 1 متر<g id="923">2</g>/جم.</mrk> <mrk mtype="seg" mid="396">يكون للعينة CO10524، بعد الكلسنة، حجم يبلغ 30 مش (0.59 مم) ومساحة سطح تبلغ 5.6 متر<g id="941">2</g>/جم؛ يكون للعينة CO10593، بعد الكلسنة، حجم يبلغ 20 مش (0.84 مم) ومساحة سطح تبلغ 7.3 متر<g id="959">2</g>/جم.</mrk> <mrk mtype="seg" mid="397">تم إجراء تحليل السحق على كل من العينات بالإضافة إلى ECONOPROP®، مادة حشو دعمي تجارية متوفرة من Carbo Ceramics Inc. علاوة على ذلك، تم أيضًا تحضير عينتين آخرتين تتم الإشارة إليها بـ APA1.0/3C 12853 بحجم 25 مش (مساحة سطح تبلغ 3.1 متر<g id="974">2</g>/جم) وAPA0.8/3C 12852 بحجم 30 مش.</mrk> <mrk mtype="seg" mid="398">يتم أيضًا عرض بيانات السحق لهاتين العينتين في الجدول 4.</mrk> <mrk mtype="seg" mid="399">تم إنتاج بيانات السحق لكل عينة باستخدام طريقة السقوط الجاف لتحميل مادة الحشو الدعمي في خلية سحق API.</mrk> <mrk mtype="seg" mid="400">يتم عرض النتائج في الجدول 4 أدناه.</mrk></g></target><sdl:seg-defs><sdl:seg id="392" conf="ApprovedSignOff" origin="auto-propagated" origin-system="Propagated from segment 386" percent="100"><sdl:rep id="IRx+ZuX+4FhIWaSY41kmDT6cRgo="/><sdl:value key="SegmentIdentityHash">IRx+ZuX+4FhIWaSY41kmDT6cRgo=</sdl:value><sdl:value key="last_modified_by">DESKTOP-C8MRIMB\Sherif Youssef</sdl:value><sdl:value key="modified_on">10/12/2017 19:56:17</sdl:value></sdl:seg><sdl:seg id="393" conf="ApprovedSignOff" origin="interactive"><sdl:value key="SegmentIdentityHash">xv/DBDkh9esMt2hZbCRU8b5gfus=</sdl:value><sdl:value key="created_by">heba-PC\heba</sdl:value><sdl:value key="created_on">10/09/2017 09:53:39</sdl:value><sdl:value key="last_modified_by">DESKTOP-C8MRIMB\Sherif Youssef</sdl:value><sdl:value key="modified_on">10/12/2017 19:56:19</sdl:value><sdl:value key="SDL:ProjectTranslationHash">854850689</sdl:value><sdl:value key="SDL:OriginalTranslationHash">854850689</sdl:value></sdl:seg><sdl:seg id="394" conf="ApprovedSignOff" origin="interactive"><sdl:prev-origin origin="source"><sdl:prev-origin/><sdl:value key="SegmentIdentityHash">w6GF2OnLnK2Q9IGySIFa0X6Us8I=</sdl:value><sdl:value key="created_by">heba-PC\heba</sdl:value><sdl:value key="created_on">10/09/2017 09:54:25</sdl:value><sdl:value key="last_modified_by">heba-PC\heba</sdl:value><sdl:value key="modified_on">10/09/2017 09:54:25</sdl:value></sdl:prev-origin><sdl:value key="SegmentIdentityHash">w6GF2OnLnK2Q9IGySIFa0X6Us8I=</sdl:value><sdl:value key="created_by">heba-PC\heba</sdl:value><sdl:value key="created_on">10/09/2017 09:54:27</sdl:value><sdl:value key="last_modified_by">DESKTOP-C8MRIMB\Sherif Youssef</sdl:value><sdl:value key="modified_on">10/12/2017 19:56:28</sdl:value><sdl:value key="SDL:ProjectTranslationHash">-521418457</sdl:value><sdl:value key="SDL:OriginalTranslationHash">-521418457</sdl:value></sdl:seg><sdl:seg id="395" conf="ApprovedSignOff" origin="interactive"><sdl:prev-origin origin="source"><sdl:prev-origin/><sdl:value key="SegmentIdentityHash">m/NUqmZEl10H3WxFQXNvfnH67/w=</sdl:value><sdl:value key="created_by">heba-PC\heba</sdl:value><sdl:value key="created_on">10/09/2017 09:55:16</sdl:value><sdl:value key="last_modified_by">heba-PC\heba</sdl:value><sdl:value key="modified_on">10/09/2017 09:55:16</sdl:value></sdl:prev-origin><sdl:value key="SegmentIdentityHash">m/NUqmZEl10H3WxFQXNvfnH67/w=</sdl:value><sdl:value key="created_by">heba-PC\heba</sdl:value><sdl:value key="created_on">10/09/2017 09:55:18</sdl:value><sdl:value key="last_modified_by">DESKTOP-C8MRIMB\Sherif Youssef</sdl:value><sdl:value key="modified_on">10/12/2017 19:56:34</sdl:value><sdl:value key="SDL:ProjectTranslationHash">193043066</sdl:value><sdl:value key="SDL:OriginalTranslationHash">193043066</sdl:value></sdl:seg><sdl:seg id="396" conf="ApprovedSignOff" origin="interactive" percent="91"><sdl:prev-origin origin="tm" origin-system="171273_Petrol cases" percent="91"><sdl:prev-origin/><sdl:value key="SegmentIdentityHash">72IvoHZODZe1hzZTvFFxy27nM1E=</sdl:value><sdl:value key="created_by">heba-PC\heba</sdl:value><sdl:value key="created_on">10/09/2017 09:55:18</sdl:value><sdl:value key="last_modified_by">heba-PC\heba</sdl:value><sdl:value key="modified_on">10/09/2017 09:56:42</sdl:value></sdl:prev-origin><sdl:value key="SegmentIdentityHash">72IvoHZODZe1hzZTvFFxy27nM1E=</sdl:value><sdl:value key="created_by">heba-PC\heba</sdl:value><sdl:value key="created_on">10/09/2017 09:55:18</sdl:value><sdl:value key="last_modified_by">DESKTOP-C8MRIMB\Sherif Youssef</sdl:value><sdl:value key="modified_on">10/12/2017 19:56:36</sdl:value><sdl:value key="SDL:ProjectTranslationHash">-686591878</sdl:value><sdl:value key="SDL:OriginalTranslationHash">-686591878</sdl:value></sdl:seg><sdl:seg id="397" conf="ApprovedSignOff" origin="interactive"><sdl:value key="SegmentIdentityHash">HTS7IeE85hQO5vrqalK4rIih2lM=</sdl:value><sdl:value key="created_by">heba-PC\heba</sdl:value><sdl:value key="created_on">10/09/2017 09:57:21</sdl:value><sdl:value key="last_modified_by">DESKTOP-C8MRIMB\Sherif Youssef</sdl:value><sdl:value key="modified_on">10/12/2017 19:56:37</sdl:value><sdl:value key="SDL:ProjectTranslationHash">-61485912</sdl:value><sdl:value key="SDL:OriginalTranslationHash">-61485912</sdl:value></sdl:seg><sdl:seg id="398" conf="ApprovedSignOff" origin="interactive"><sdl:value key="SegmentIdentityHash">mu/miYq68mYhFAMnJyWTElEWE68=</sdl:value><sdl:value key="created_by">heba-PC\heba</sdl:value><sdl:value key="created_on">10/09/2017 09:59:39</sdl:value><sdl:value key="last_modified_by">DESKTOP-C8MRIMB\Sherif Youssef</sdl:value><sdl:value key="modified_on">10/12/2017 19:56:39</sdl:value><sdl:value key="SDL:ProjectTranslationHash">-2131905663</sdl:value><sdl:value key="SDL:OriginalTranslationHash">-2131905663</sdl:value></sdl:seg><sdl:seg id="399" conf="ApprovedSignOff" origin="interactive"><sdl:value key="SegmentIdentityHash">gwnIJNPlKuUGFXDnvFkozmd8wpw=</sdl:value><sdl:value key="created_by">heba-PC\heba</sdl:value><sdl:value key="created_on">10/09/2017 10:00:06</sdl:value><sdl:value key="last_modified_by">DESKTOP-C8MRIMB\Sherif Youssef</sdl:value><sdl:value key="modified_on">10/12/2017 19:56:40</sdl:value><sdl:value key="SDL:ProjectTranslationHash">1643578612</sdl:value><sdl:value key="SDL:OriginalTranslationHash">1643578612</sdl:value></sdl:seg><sdl:seg id="400" conf="ApprovedSignOff" origin="interactive" percent="91"><sdl:prev-origin origin="tm" origin-system="171273_General" percent="91"><sdl:prev-origin/><sdl:value key="SegmentIdentityHash">LH7s5UOxbhvu43ZJAxfNVLC7Btk=</sdl:value><sdl:value key="created_by">SHERIF\Sherif Youssef</sdl:value><sdl:value key="created_on">05/13/2016 13:27:52</sdl:value><sdl:value key="last_modified_by">DESKTOP-C8MRIMB\Sherif Youssef</sdl:value><sdl:value key="modified_on">11/15/2016 18:09:43</sdl:value></sdl:prev-origin><sdl:value key="SegmentIdentityHash">LH7s5UOxbhvu43ZJAxfNVLC7Btk=</sdl:value><sdl:value key="created_by">SHERIF\Sherif Youssef</sdl:value><sdl:value key="created_on">05/13/2016 13:27:52</sdl:value><sdl:value key="last_modified_by">DESKTOP-C8MRIMB\Sherif Youssef</sdl:value><sdl:value key="modified_on">10/12/2017 19:56:41</sdl:value><sdl:value key="SDL:ProjectTranslationHash">-576635121</sdl:value><sdl:value key="SDL:OriginalTranslationHash">-576635121</sdl:value></sdl:seg></sdl:seg-defs></trans-unit></group><group><sdl:cxts><sdl:cxt id="148"/><sdl:cxt id="2"/></sdl:cxts><trans-unit id="e87cefb9-91b4-4a5e-92b4-2a4dc431a2e2"><source><g id="983">Table IV</g></source><seg-source><g id="983"><mrk mtype="seg" mid="401">Table IV</mrk></g></seg-source><target><g id="983"><mrk mtype="seg" mid="401">الجدول 4</mrk></g></target><sdl:seg-defs><sdl:seg id="401" conf="ApprovedSignOff" origin="tm" origin-system="Petrol cases" percent="100"><sdl:rep id="OAiKOtoT3TpLJp3wLGTo311lPsA="/><sdl:value key="created_by">SHERIF\Sherif Youssef</sdl:value><sdl:value key="created_on">11/15/2016 16:55:01</sdl:value><sdl:value key="modified_on">10/12/2017 19:56:42</sdl:value><sdl:value key="last_modified_by">DESKTOP-C8MRIMB\Sherif Youssef</sdl:value><sdl:value key="SDL:OriginalTranslationHash">168795863</sdl:value><sdl:value key="SegmentIdentityHash">OAiKOtoT3TpLJp3wLGTo311lPsA=</sdl:value></sdl:seg></sdl:seg-defs></trans-unit></group><group><sdl:cxts><sdl:cxt id="149"/><sdl:cxt id="150"/><sdl:cxt id="151"/><sdl:cxt id="152"/><sdl:node id="3"/></sdl:cxts><trans-unit id="4f97630b-4def-4aa4-aaa5-74889c41a619"><source><g id="986">Sample</g></source><seg-source><g id="986"><mrk mtype="seg" mid="402">Sample</mrk></g></seg-source><target><g id="986"><mrk mtype="seg" mid="402">العينة</mrk></g></target><sdl:seg-defs><sdl:seg id="402" conf="ApprovedSignOff" origin="tm" origin-system="General" percent="100"><sdl:rep id="FpWFxdmfMkz7MF0L8GRxTwVnroA="/><sdl:value key="created_by">NAGWA\Nagwa</sdl:value><sdl:value key="created_on">01/03/2016 18:24:44</sdl:value><sdl:value key="modified_on">10/12/2017 19:56:42</sdl:value><sdl:value key="last_modified_by">DESKTOP-C8MRIMB\Sherif Youssef</sdl:value><sdl:value key="SDL:OriginalTranslationHash">1005462066</sdl:value><sdl:value key="SegmentIdentityHash">FpWFxdmfMkz7MF0L8GRxTwVnroA=</sdl:value><sdl:value key="SDL:ProjectTranslationHash">1005462066</sdl:value></sdl:seg></sdl:seg-defs></trans-unit></group><group><sdl:cxts><sdl:cxt id="153"/><sdl:cxt id="150"/><sdl:cxt id="151"/><sdl:cxt id="152"/><sdl:node id="4"/></sdl:cxts><trans-unit id="b3621397-a37b-4c4c-9a4a-629f88626bf0"><source><g id="989">Crushed Fines %</g></source><seg-source><g id="989"><mrk mtype="seg" mid="403">Crushed Fines %</mrk></g></seg-source><target><g id="989"><mrk mtype="seg" mid="403">% الدقائق المسحوقة</mrk></g></target><sdl:seg-defs><sdl:seg id="403" conf="ApprovedSignOff" origin="interactive"><sdl:value key="SegmentIdentityHash">tlTEsoIWPPjkvN4Usj7LcM3DavE=</sdl:value><sdl:value key="created_by">heba-PC\heba</sdl:value><sdl:value key="created_on">10/09/2017 10:05:07</sdl:value><sdl:value key="last_modified_by">DESKTOP-C8MRIMB\Sherif Youssef</sdl:value><sdl:value key="modified_on">10/12/2017 19:56:42</sdl:value><sdl:value key="SDL:ProjectTranslationHash">-1689480717</sdl:value><sdl:value key="SDL:OriginalTranslationHash">-1689480717</sdl:value></sdl:seg></sdl:seg-defs></trans-unit></group><group><sdl:cxts><sdl:cxt id="154"/><sdl:cxt id="150"/><sdl:cxt id="151"/><sdl:cxt id="152"/><sdl:node id="6"/></sdl:cxts><trans-unit id="cecc65d3-56fc-487d-b003-23cbbd93f224"><source><g id="992">5000 psi</g></source><seg-source><g id="992"><mrk mtype="seg" mid="404">5000 psi</mrk></g></seg-source><target><g id="992"><mrk mtype="seg" mid="404">5000 رطل لكل بوصة مربعة</mrk></g></target><sdl:seg-defs><sdl:seg id="404" conf="ApprovedSignOff" origin="tm" origin-system="Petrol cases" percent="100"><sdl:rep id="l9glTMJEtv4oP11hQIpV937zb4w="/><sdl:value key="created_by">SHERIF\Sherif Youssef</sdl:value><sdl:value key="created_on">01/01/2017 13:55:48</sdl:value><sdl:value key="modified_on">10/12/2017 19:56:51</sdl:value><sdl:value key="last_modified_by">DESKTOP-C8MRIMB\Sherif Youssef</sdl:value><sdl:value key="SDL:OriginalTranslationHash">-2125240773</sdl:value><sdl:value key="SegmentIdentityHash">l9glTMJEtv4oP11hQIpV937zb4w=</sdl:value></sdl:seg></sdl:seg-defs></trans-unit></group><group><sdl:cxts><sdl:cxt id="155"/><sdl:cxt id="150"/><sdl:cxt id="151"/><sdl:cxt id="152"/><sdl:node id="7"/></sdl:cxts><trans-unit id="471abc18-b22c-40ec-a370-5ba2f8b5c03d"><source><g id="995">6000 psi</g></source><seg-source><g id="995"><mrk mtype="seg" mid="405">6000 psi</mrk></g></seg-source><target><g id="995"><mrk mtype="seg" mid="405">6000 رطل لكل بوصة مربعة</mrk></g></target><sdl:seg-defs><sdl:seg id="405" conf="ApprovedSignOff" origin="tm" origin-system="Petrol cases" percent="100" text-match="SourceAndTarget"><sdl:rep id="l9glTMJEtv4oP11hQIpV937zb4w="/><sdl:value key="created_by">SHERIF\Sherif Youssef</sdl:value><sdl:value key="created_on">01/01/2017 13:55:48</sdl:value><sdl:value key="modified_on">10/12/2017 19:56:51</sdl:value><sdl:value key="last_modified_by">DESKTOP-C8MRIMB\Sherif Youssef</sdl:value><sdl:value key="SDL:OriginalTranslationHash">-2125240773</sdl:value><sdl:value key="SegmentIdentityHash">l9glTMJEtv4oP11hQIpV937zb4w=</sdl:value></sdl:seg></sdl:seg-defs></trans-unit></group><group><sdl:cxts><sdl:cxt id="156"/><sdl:cxt id="150"/><sdl:cxt id="151"/><sdl:cxt id="152"/><sdl:node id="8"/></sdl:cxts><trans-unit id="2d3b18ae-f490-415a-81fb-dde8811fd8ec"><source><g id="998">8000 psi</g></source><seg-source><g id="998"><mrk mtype="seg" mid="406">8000 psi</mrk></g></seg-source><target><g id="998"><mrk mtype="seg" mid="406">8000 رطل لكل بوصة مربعة</mrk></g></target><sdl:seg-defs><sdl:seg id="406" conf="ApprovedSignOff" origin="tm" origin-system="Petrol cases" percent="100" text-match="SourceAndTarget"><sdl:rep id="l9glTMJEtv4oP11hQIpV937zb4w="/><sdl:value key="created_by">SHERIF\Sherif Youssef</sdl:value><sdl:value key="created_on">01/01/2017 13:55:48</sdl:value><sdl:value key="modified_on">10/12/2017 19:56:52</sdl:value><sdl:value key="last_modified_by">DESKTOP-C8MRIMB\Sherif Youssef</sdl:value><sdl:value key="SDL:OriginalTranslationHash">-2125240773</sdl:value><sdl:value key="SegmentIdentityHash">l9glTMJEtv4oP11hQIpV937zb4w=</sdl:value></sdl:seg></sdl:seg-defs></trans-unit></group><group><sdl:cxts><sdl:cxt id="157"/><sdl:cxt id="150"/><sdl:cxt id="151"/><sdl:cxt id="152"/><sdl:node id="9"/></sdl:cxts><trans-unit id="65dfb0be-d309-44d2-b051-2e1f9a734422"><source><g id="1001">10000 psi</g></source><seg-source><g id="1001"><mrk mtype="seg" mid="407">10000 psi</mrk></g></seg-source><target><g id="1001"><mrk mtype="seg" mid="407">10000 رطل لكل بوصة مربعة</mrk></g></target><sdl:seg-defs><sdl:seg id="407" conf="ApprovedSignOff" origin="tm" origin-system="Petrol cases" percent="100" text-match="SourceAndTarget"><sdl:rep id="l9glTMJEtv4oP11hQIpV937zb4w="/><sdl:value key="created_by">SHERIF\Sherif Youssef</sdl:value><sdl:value key="created_on">01/01/2017 13:55:48</sdl:value><sdl:value key="modified_on">10/12/2017 19:56:52</sdl:value><sdl:value key="last_modified_by">DESKTOP-C8MRIMB\Sherif Youssef</sdl:value><sdl:value key="SDL:OriginalTranslationHash">-2125240773</sdl:value><sdl:value key="SegmentIdentityHash">l9glTMJEtv4oP11hQIpV937zb4w=</sdl:value></sdl:seg></sdl:seg-defs></trans-unit></group><group><sdl:cxts><sdl:cxt id="158"/><sdl:cxt id="150"/><sdl:cxt id="151"/><sdl:cxt id="152"/><sdl:node id="11"/></sdl:cxts><trans-unit id="ffe50719-7103-45de-85d4-3a150565a9df"><source><g id="1004">25 Mesh 0.8 mm C010118 
(Surface Area: 1 m<g id="1016">2</g>/g)</g></source><seg-source><g id="1004"><mrk mtype="seg" mid="408">25 Mesh 0.8 mm C010118 
(Surface Area:</mrk> <mrk mtype="seg" mid="409">1 m<g id="1016">2</g>/g)</mrk></g></seg-source><target><g id="1004"><mrk mtype="seg" mid="408">C010118 بحجم جسيمي يبلغ 25 مش و0.8 مم 
(مساحة السطح:</mrk> <mrk mtype="seg" mid="409">1 متر<g id="1016">2</g>/جم)</mrk></g></target><sdl:seg-defs><sdl:seg id="408" conf="ApprovedSignOff" origin="interactive"><sdl:rep id="ZNKkWL5n4d1dAVbikbjplfDmUDc="/><sdl:prev-origin origin="source"><sdl:rep id="ZNKkWL5n4d1dAVbikbjplfDmUDc="/><sdl:prev-origin/><sdl:value key="SegmentIdentityHash">ZNKkWL5n4d1dAVbikbjplfDmUDc=</sdl:value><sdl:value key="created_by">heba-PC\heba</sdl:value><sdl:value key="created_on">10/09/2017 07:11:01</sdl:value><sdl:value key="last_modified_by">heba-PC\heba</sdl:value><sdl:value key="modified_on">10/09/2017 07:11:20</sdl:value></sdl:prev-origin><sdl:value key="SegmentIdentityHash">ZNKkWL5n4d1dAVbikbjplfDmUDc=</sdl:value><sdl:value key="created_by">heba-PC\heba</sdl:value><sdl:value key="created_on">10/09/2017 07:11:23</sdl:value><sdl:value key="last_modified_by">DESKTOP-C8MRIMB\Sherif Youssef</sdl:value><sdl:value key="modified_on">10/12/2017 19:56:57</sdl:value><sdl:value key="SDL:ProjectTranslationHash">-1665437263</sdl:value><sdl:value key="SDL:OriginalTranslationHash">-1665437263</sdl:value></sdl:seg><sdl:seg id="409" conf="ApprovedSignOff" origin="interactive"><sdl:rep id="vrAbeQzPbO3B8dIj0yGgGPH42HA="/><sdl:prev-origin origin="source"><sdl:rep id="vrAbeQzPbO3B8dIj0yGgGPH42HA="/><sdl:prev-origin/><sdl:value key="SegmentIdentityHash">vrAbeQzPbO3B8dIj0yGgGPH42HA=</sdl:value><sdl:value key="last_modified_by">heba-PC\heba</sdl:value><sdl:value key="modified_on">10/09/2017 07:11:31</sdl:value><sdl:value key="created_by">heba-PC\heba</sdl:value><sdl:value key="created_on">10/09/2017 07:11:31</sdl:value></sdl:prev-origin><sdl:value key="SegmentIdentityHash">vrAbeQzPbO3B8dIj0yGgGPH42HA=</sdl:value><sdl:value key="last_modified_by">DESKTOP-C8MRIMB\Sherif Youssef</sdl:value><sdl:value key="modified_on">10/12/2017 19:56:58</sdl:value><sdl:value key="created_by">heba-PC\heba</sdl:value><sdl:value key="created_on">10/09/2017 07:11:33</sdl:value><sdl:value key="SDL:ProjectTranslationHash">348233018</sdl:value><sdl:value key="SDL:OriginalTranslationHash">348233018</sdl:value></sdl:seg></sdl:seg-defs></trans-unit></group><group><sdl:cxts><sdl:cxt id="159"/><sdl:cxt id="150"/><sdl:cxt id="151"/><sdl:cxt id="152"/><sdl:node id="12"/></sdl:cxts><trans-unit id="901164d7-3b70-4191-9243-3e54b55b2748"><source><g id="1022">0.5</g></source><seg-source><g id="1022"><mrk mtype="seg" mid="410">0.5</mrk></g></seg-source><target><g id="1022"><mrk mtype="seg" mid="410">0.5</mrk></g></target><sdl:seg-defs><sdl:seg id="410" conf="ApprovedSignOff" origin="tm" origin-system="171273_WTHF" percent="99"><sdl:rep id="HdA4Ru8s6n5M6n4NgUokl9Cdqvs="/><sdl:value key="SegmentIdentityHash">HdA4Ru8s6n5M6n4NgUokl9Cdqvs=</sdl:value><sdl:value key="created_by">DESKTOP-C8MRIMB\Sherif Youssef</sdl:value><sdl:value key="created_on">02/08/2017 22:49:41</sdl:value><sdl:value key="last_modified_by">DESKTOP-C8MRIMB\Sherif Youssef</sdl:value><sdl:value key="modified_on">10/12/2017 19:56:59</sdl:value><sdl:value key="SDL:OriginalTranslationHash">-457393762</sdl:value></sdl:seg></sdl:seg-defs></trans-unit></group><group><sdl:cxts><sdl:cxt id="160"/><sdl:cxt id="150"/><sdl:cxt id="151"/><sdl:cxt id="152"/><sdl:node id="13"/></sdl:cxts><trans-unit id="300c390e-0b64-4088-bc37-e83cd938b6f2"><source><g id="1025">0.8</g></source><seg-source><g id="1025"><mrk mtype="seg" mid="411">0.8</mrk></g></seg-source><target><g id="1025"><mrk mtype="seg" mid="411">0.8</mrk></g></target><sdl:seg-defs><sdl:seg id="411" conf="ApprovedSignOff" origin="auto-propagated" origin-system="Propagated from segment 410" percent="100"><sdl:rep id="HdA4Ru8s6n5M6n4NgUokl9Cdqvs="/><sdl:value key="SegmentIdentityHash">HdA4Ru8s6n5M6n4NgUokl9Cdqvs=</sdl:value><sdl:value key="last_modified_by">DESKTOP-C8MRIMB\Sherif Youssef</sdl:value><sdl:value key="modified_on">10/12/2017 19:56:59</sdl:value></sdl:seg></sdl:seg-defs></trans-unit></group><group><sdl:cxts><sdl:cxt id="161"/><sdl:cxt id="150"/><sdl:cxt id="151"/><sdl:cxt id="152"/><sdl:node id="14"/></sdl:cxts><trans-unit id="0da70997-2387-4fff-9d11-c83299a6f34a"><source><g id="1028">1.9</g></source><seg-source><g id="1028"><mrk mtype="seg" mid="412">1.9</mrk></g></seg-source><target><g id="1028"><mrk mtype="seg" mid="412">1.9</mrk></g></target><sdl:seg-defs><sdl:seg id="412" conf="ApprovedSignOff" origin="auto-propagated" origin-system="Propagated from segment 411" percent="100"><sdl:rep id="HdA4Ru8s6n5M6n4NgUokl9Cdqvs="/><sdl:value key="SegmentIdentityHash">HdA4Ru8s6n5M6n4NgUokl9Cdqvs=</sdl:value><sdl:value key="last_modified_by">DESKTOP-C8MRIMB\Sherif Youssef</sdl:value><sdl:value key="modified_on">10/12/2017 19:56:59</sdl:value></sdl:seg></sdl:seg-defs></trans-unit></group><group><sdl:cxts><sdl:cxt id="162"/><sdl:cxt id="150"/><sdl:cxt id="151"/><sdl:cxt id="152"/><sdl:node id="15"/></sdl:cxts><trans-unit id="7e7c73b5-70ea-4c0f-9be3-0fe9438ece42"><source><g id="1031">8.4</g></source><seg-source><g id="1031"><mrk mtype="seg" mid="413">8.4</mrk></g></seg-source><target><g id="1031"><mrk mtype="seg" mid="413">8.4</mrk></g></target><sdl:seg-defs><sdl:seg id="413" conf="ApprovedSignOff" origin="auto-propagated" origin-system="Propagated from segment 412" percent="100"><sdl:rep id="HdA4Ru8s6n5M6n4NgUokl9Cdqvs="/><sdl:value key="SegmentIdentityHash">HdA4Ru8s6n5M6n4NgUokl9Cdqvs=</sdl:value><sdl:value key="last_modified_by">DESKTOP-C8MRIMB\Sherif Youssef</sdl:value><sdl:value key="modified_on">10/12/2017 19:56:59</sdl:value></sdl:seg></sdl:seg-defs></trans-unit></group><group><sdl:cxts><sdl:cxt id="163"/><sdl:cxt id="150"/><sdl:cxt id="151"/><sdl:cxt id="152"/><sdl:node id="17"/></sdl:cxts><trans-unit id="9c86fe68-395b-4074-acd1-ddf749e275ca"><source><g id="1034">30 Mesh 1.0 mm C010118 
(Surface Area: &lt;1 m<g id="1046">2</g>/g)</g></source><seg-source><g id="1034"><mrk mtype="seg" mid="414">30 Mesh 1.0 mm C010118 
(Surface Area:</mrk> <mrk mtype="seg" mid="415">&lt;1 m<g id="1046">2</g>/g)</mrk></g></seg-source><target><g id="1034"><mrk mtype="seg" mid="414">C010118 بحجم جسيمي يبلغ 30 مش و1.0 مم 
(مساحة السطح:</mrk> <mrk mtype="seg" mid="415">&lt; 1 متر<g id="1046">2</g>/جم)</mrk></g></target><sdl:seg-defs><sdl:seg id="414" conf="ApprovedSignOff" origin="interactive" percent="95"><sdl:rep id="ZNKkWL5n4d1dAVbikbjplfDmUDc="/><sdl:prev-origin origin="tm" origin-system="171273_Petrol cases" percent="95"><sdl:rep id="ZNKkWL5n4d1dAVbikbjplfDmUDc="/><sdl:prev-origin/><sdl:value key="SegmentIdentityHash">ZNKkWL5n4d1dAVbikbjplfDmUDc=</sdl:value><sdl:value key="created_by">heba-PC\heba</sdl:value><sdl:value key="created_on">10/09/2017 07:11:23</sdl:value><sdl:value key="last_modified_by">heba-PC\heba</sdl:value><sdl:value key="modified_on">10/09/2017 07:11:28</sdl:value></sdl:prev-origin><sdl:value key="SegmentIdentityHash">ZNKkWL5n4d1dAVbikbjplfDmUDc=</sdl:value><sdl:value key="created_by">heba-PC\heba</sdl:value><sdl:value key="created_on">10/09/2017 07:11:23</sdl:value><sdl:value key="last_modified_by">DESKTOP-C8MRIMB\Sherif Youssef</sdl:value><sdl:value key="modified_on">10/12/2017 19:57:00</sdl:value><sdl:value key="SDL:ProjectTranslationHash">-393411588</sdl:value><sdl:value key="SDL:OriginalTranslationHash">-393411588</sdl:value></sdl:seg><sdl:seg id="415" conf="ApprovedSignOff" origin="interactive" percent="99"><sdl:prev-origin origin="tm" origin-system="171273_Petrol cases" percent="99"><sdl:prev-origin/><sdl:value key="SegmentIdentityHash">gr1BSAKgWZX+5/n3XI14wtJIc0s=</sdl:value><sdl:value key="created_by">heba-PC\heba</sdl:value><sdl:value key="created_on">10/09/2017 07:11:33</sdl:value><sdl:value key="last_modified_by">heba-PC\heba</sdl:value><sdl:value key="modified_on">10/09/2017 07:11:36</sdl:value></sdl:prev-origin><sdl:value key="SegmentIdentityHash">gr1BSAKgWZX+5/n3XI14wtJIc0s=</sdl:value><sdl:value key="created_by">heba-PC\heba</sdl:value><sdl:value key="created_on">10/09/2017 07:11:33</sdl:value><sdl:value key="last_modified_by">DESKTOP-C8MRIMB\Sherif Youssef</sdl:value><sdl:value key="modified_on">10/12/2017 19:57:00</sdl:value><sdl:value key="SDL:ProjectTranslationHash">1784547098</sdl:value><sdl:value key="SDL:OriginalTranslationHash">1784547098</sdl:value></sdl:seg></sdl:seg-defs></trans-unit></group><group><sdl:cxts><sdl:cxt id="164"/><sdl:cxt id="150"/><sdl:cxt id="151"/><sdl:cxt id="152"/><sdl:node id="18"/></sdl:cxts><trans-unit id="64017a2c-7548-41e6-a6fe-0bd93278f54a"><source><g id="1052">5.2</g></source><seg-source><g id="1052"><mrk mtype="seg" mid="416">5.2</mrk></g></seg-source><target><g id="1052"><mrk mtype="seg" mid="416">5.2</mrk></g></target><sdl:seg-defs><sdl:seg id="416" conf="ApprovedSignOff" origin="auto-propagated" origin-system="Propagated from segment 413" percent="100"><sdl:rep id="HdA4Ru8s6n5M6n4NgUokl9Cdqvs="/><sdl:value key="SegmentIdentityHash">HdA4Ru8s6n5M6n4NgUokl9Cdqvs=</sdl:value><sdl:value key="last_modified_by">DESKTOP-C8MRIMB\Sherif Youssef</sdl:value><sdl:value key="modified_on">10/12/2017 19:57:01</sdl:value></sdl:seg></sdl:seg-defs></trans-unit></group><group><sdl:cxts><sdl:cxt id="165"/><sdl:cxt id="150"/><sdl:cxt id="151"/><sdl:cxt id="152"/><sdl:node id="19"/></sdl:cxts><trans-unit id="8c02308f-a336-4b79-abe0-0cf9c66369eb"><source><g id="1055">5.9</g></source><seg-source><g id="1055"><mrk mtype="seg" mid="417">5.9</mrk></g></seg-source><target><g id="1055"><mrk mtype="seg" mid="417">5.9</mrk></g></target><sdl:seg-defs><sdl:seg id="417" conf="ApprovedSignOff" origin="auto-propagated" origin-system="Propagated from segment 416" percent="100"><sdl:rep id="HdA4Ru8s6n5M6n4NgUokl9Cdqvs="/><sdl:value key="SegmentIdentityHash">HdA4Ru8s6n5M6n4NgUokl9Cdqvs=</sdl:value><sdl:value key="last_modified_by">DESKTOP-C8MRIMB\Sherif Youssef</sdl:value><sdl:value key="modified_on">10/12/2017 19:57:01</sdl:value></sdl:seg></sdl:seg-defs></trans-unit></group><group><sdl:cxts><sdl:cxt id="166"/><sdl:cxt id="150"/><sdl:cxt id="151"/><sdl:cxt id="152"/><sdl:node id="20"/></sdl:cxts><trans-unit id="ba762bcf-90aa-45d0-aab7-606b1d9231a3"><source><g id="1058">11.8</g></source><seg-source><g id="1058"><mrk mtype="seg" mid="418">11.8</mrk></g></seg-source><target><g id="1058"><mrk mtype="seg" mid="418">11.8</mrk></g></target><sdl:seg-defs><sdl:seg id="418" conf="ApprovedSignOff" origin="auto-propagated" origin-system="Propagated from segment 417" percent="100"><sdl:rep id="HdA4Ru8s6n5M6n4NgUokl9Cdqvs="/><sdl:value key="SegmentIdentityHash">HdA4Ru8s6n5M6n4NgUokl9Cdqvs=</sdl:value><sdl:value key="last_modified_by">DESKTOP-C8MRIMB\Sherif Youssef</sdl:value><sdl:value key="modified_on">10/12/2017 19:57:01</sdl:value></sdl:seg></sdl:seg-defs></trans-unit></group><group><sdl:cxts><sdl:cxt id="167"/><sdl:cxt id="150"/><sdl:cxt id="151"/><sdl:cxt id="152"/><sdl:node id="21"/></sdl:cxts><trans-unit id="24f65c9f-bcb1-4c19-a93c-f03e03448c49"><source><g id="1061">18.9</g></source><seg-source><g id="1061"><mrk mtype="seg" mid="419">18.9</mrk></g></seg-source><target><g id="1061"><mrk mtype="seg" mid="419">18.9</mrk></g></target><sdl:seg-defs><sdl:seg id="419" conf="ApprovedSignOff" origin="auto-propagated" origin-system="Propagated from segment 418" percent="100"><sdl:rep id="HdA4Ru8s6n5M6n4NgUokl9Cdqvs="/><sdl:value key="SegmentIdentityHash">HdA4Ru8s6n5M6n4NgUokl9Cdqvs=</sdl:value><sdl:value key="last_modified_by">DESKTOP-C8MRIMB\Sherif Youssef</sdl:value><sdl:value key="modified_on">10/12/2017 19:57:01</sdl:value></sdl:seg></sdl:seg-defs></trans-unit></group><group><sdl:cxts><sdl:cxt id="168"/><sdl:cxt id="150"/><sdl:cxt id="151"/><sdl:cxt id="152"/><sdl:node id="23"/></sdl:cxts><trans-unit id="a7e30570-e1b1-467f-a14e-cb21fc56b6ba"><source><g id="1064">30 Mesh 0.8 mm C010524 
(Surface Area: 5.6 m<g id="1076">2</g>/g)</g></source><seg-source><g id="1064"><mrk mtype="seg" mid="420">30 Mesh 0.8 mm C010524 
(Surface Area:</mrk> <mrk mtype="seg" mid="421">5.6 m<g id="1076">2</g>/g)</mrk></g></seg-source><target><g id="1064"><mrk mtype="seg" mid="420">C010524 بحجم جسيمي يبلغ 30 مش و0.8 مم 
(مساحة السطح:</mrk> <mrk mtype="seg" mid="421">5.6 متر<g id="1076">2</g>/جم)</mrk></g></target><sdl:seg-defs><sdl:seg id="420" conf="ApprovedSignOff" origin="auto-propagated" origin-system="Propagated from segment 408" percent="100"><sdl:rep id="ZNKkWL5n4d1dAVbikbjplfDmUDc="/><sdl:value key="SegmentIdentityHash">ZNKkWL5n4d1dAVbikbjplfDmUDc=</sdl:value><sdl:value key="last_modified_by">DESKTOP-C8MRIMB\Sherif Youssef</sdl:value><sdl:value key="modified_on">10/12/2017 19:57:02</sdl:value></sdl:seg><sdl:seg id="421" conf="ApprovedSignOff" origin="interactive" percent="90"><sdl:rep id="vrAbeQzPbO3B8dIj0yGgGPH42HA="/><sdl:prev-origin origin="tm" origin-system="171273_Petrol cases" percent="90"><sdl:rep id="vrAbeQzPbO3B8dIj0yGgGPH42HA="/><sdl:prev-origin/><sdl:value key="SegmentIdentityHash">vrAbeQzPbO3B8dIj0yGgGPH42HA=</sdl:value><sdl:value key="created_by">heba-PC\heba</sdl:value><sdl:value key="created_on">10/09/2017 07:11:33</sdl:value><sdl:value key="last_modified_by">heba-PC\heba</sdl:value><sdl:value key="modified_on">10/09/2017 07:11:36</sdl:value></sdl:prev-origin><sdl:value key="SegmentIdentityHash">vrAbeQzPbO3B8dIj0yGgGPH42HA=</sdl:value><sdl:value key="created_by">heba-PC\heba</sdl:value><sdl:value key="created_on">10/09/2017 07:11:33</sdl:value><sdl:value key="last_modified_by">DESKTOP-C8MRIMB\Sherif Youssef</sdl:value><sdl:value key="modified_on">10/12/2017 19:57:02</sdl:value><sdl:value key="SDL:ProjectTranslationHash">1574268154</sdl:value><sdl:value key="SDL:OriginalTranslationHash">1574268154</sdl:value></sdl:seg></sdl:seg-defs></trans-unit></group><group><sdl:cxts><sdl:cxt id="169"/><sdl:cxt id="150"/><sdl:cxt id="151"/><sdl:cxt id="152"/><sdl:node id="24"/></sdl:cxts><trans-unit id="96b77416-ce84-48cc-8c9d-999e77bab550"><source><g id="1082">9.0</g></source><seg-source><g id="1082"><mrk mtype="seg" mid="422">9.0</mrk></g></seg-source><target><g id="1082"><mrk mtype="seg" mid="422">9.0</mrk></g></target><sdl:seg-defs><sdl:seg id="422" conf="ApprovedSignOff" origin="auto-propagated" origin-system="Propagated from segment 419" percent="100"><sdl:rep id="HdA4Ru8s6n5M6n4NgUokl9Cdqvs="/><sdl:value key="SegmentIdentityHash">HdA4Ru8s6n5M6n4NgUokl9Cdqvs=</sdl:value><sdl:value key="last_modified_by">DESKTOP-C8MRIMB\Sherif Youssef</sdl:value><sdl:value key="modified_on">10/12/2017 19:57:02</sdl:value></sdl:seg></sdl:seg-defs></trans-unit></group><group><sdl:cxts><sdl:cxt id="170"/><sdl:cxt id="150"/><sdl:cxt id="151"/><sdl:cxt id="152"/><sdl:node id="25"/></sdl:cxts><trans-unit id="864bf5a1-bb3f-4a9f-98da-029b34529252"><source><g id="1085">12.1</g></source><seg-source><g id="1085"><mrk mtype="seg" mid="423">12.1</mrk></g></seg-source><target><g id="1085"><mrk mtype="seg" mid="423">12.1</mrk></g></target><sdl:seg-defs><sdl:seg id="423" conf="ApprovedSignOff" origin="auto-propagated" origin-system="Propagated from segment 422" percent="100"><sdl:rep id="HdA4Ru8s6n5M6n4NgUokl9Cdqvs="/><sdl:value key="SegmentIdentityHash">HdA4Ru8s6n5M6n4NgUokl9Cdqvs=</sdl:value><sdl:value key="last_modified_by">DESKTOP-C8MRIMB\Sherif Youssef</sdl:value><sdl:value key="modified_on">10/12/2017 19:57:03</sdl:value></sdl:seg></sdl:seg-defs></trans-unit></group><group><sdl:cxts><sdl:cxt id="171"/><sdl:cxt id="150"/><sdl:cxt id="151"/><sdl:cxt id="152"/><sdl:node id="26"/></sdl:cxts><trans-unit id="5d3cf8f7-4402-474a-b5e6-5a783e80ac62"><source><g id="1088">24.6</g></source><seg-source><g id="1088"><mrk mtype="seg" mid="424">24.6</mrk></g></seg-source><target><g id="1088"><mrk mtype="seg" mid="424">24.6</mrk></g></target><sdl:seg-defs><sdl:seg id="424" conf="ApprovedSignOff" origin="auto-propagated" origin-system="Propagated from segment 423" percent="100"><sdl:rep id="HdA4Ru8s6n5M6n4NgUokl9Cdqvs="/><sdl:value key="SegmentIdentityHash">HdA4Ru8s6n5M6n4NgUokl9Cdqvs=</sdl:value><sdl:value key="last_modified_by">DESKTOP-C8MRIMB\Sherif Youssef</sdl:value><sdl:value key="modified_on">10/12/2017 19:57:03</sdl:value></sdl:seg></sdl:seg-defs></trans-unit></group><group><sdl:cxts><sdl:cxt id="172"/><sdl:cxt id="150"/><sdl:cxt id="151"/><sdl:cxt id="152"/><sdl:node id="27"/></sdl:cxts><trans-unit id="bbed12e4-c985-46b9-8d4d-c5e71083c40b"><source><g id="1091">37.6</g></source><seg-source><g id="1091"><mrk mtype="seg" mid="425">37.6</mrk></g></seg-source><target><g id="1091"><mrk mtype="seg" mid="425">37.6</mrk></g></target><sdl:seg-defs><sdl:seg id="425" conf="ApprovedSignOff" origin="auto-propagated" origin-system="Propagated from segment 424" percent="100"><sdl:rep id="HdA4Ru8s6n5M6n4NgUokl9Cdqvs="/><sdl:value key="SegmentIdentityHash">HdA4Ru8s6n5M6n4NgUokl9Cdqvs=</sdl:value><sdl:value key="last_modified_by">DESKTOP-C8MRIMB\Sherif Youssef</sdl:value><sdl:value key="modified_on">10/12/2017 19:57:03</sdl:value></sdl:seg></sdl:seg-defs></trans-unit></group><group><sdl:cxts><sdl:cxt id="173"/><sdl:cxt id="150"/><sdl:cxt id="151"/><sdl:cxt id="152"/><sdl:node id="29"/></sdl:cxts><trans-unit id="4e9355e0-b292-47f8-9393-46bd0c9d6ea4"><source><g id="1094">20 Mesh 1.0 mm C010593 
(Surface Area: 7.3 m<g id="1106">2</g>/g)</g></source><seg-source><g id="1094"><mrk mtype="seg" mid="426">20 Mesh 1.0 mm C010593 
(Surface Area:</mrk> <mrk mtype="seg" mid="427">7.3 m<g id="1106">2</g>/g)</mrk></g></seg-source><target><g id="1094"><mrk mtype="seg" mid="426">C010593 بحجم جسيمي يبلغ 20 مش و1.0 مم 
(مساحة السطح:</mrk> <mrk mtype="seg" mid="427">7.3 متر<g id="1106">2</g>/جم)</mrk></g></target><sdl:seg-defs><sdl:seg id="426" conf="ApprovedSignOff" origin="tm" origin-system="171273_Petrol cases" percent="100" text-match="SourceAndTarget"><sdl:rep id="ZNKkWL5n4d1dAVbikbjplfDmUDc="/><sdl:prev-origin origin="auto-propagated" origin-system="Propagated from segment 414" percent="100"><sdl:rep id="ZNKkWL5n4d1dAVbikbjplfDmUDc="/><sdl:prev-origin/><sdl:value key="SegmentIdentityHash">ZNKkWL5n4d1dAVbikbjplfDmUDc=</sdl:value></sdl:prev-origin><sdl:value key="SegmentIdentityHash">ZNKkWL5n4d1dAVbikbjplfDmUDc=</sdl:value><sdl:value key="last_modified_by">DESKTOP-C8MRIMB\Sherif Youssef</sdl:value><sdl:value key="modified_on">10/12/2017 19:57:04</sdl:value><sdl:value key="created_on">10/09/2017 07:11:23</sdl:value><sdl:value key="created_by">heba-PC\heba</sdl:value><sdl:value key="SDL:OriginalTranslationHash">-393411588</sdl:value></sdl:seg><sdl:seg id="427" conf="ApprovedSignOff" origin="interactive" percent="90"><sdl:rep id="vrAbeQzPbO3B8dIj0yGgGPH42HA="/><sdl:prev-origin origin="tm" origin-system="171273_Petrol cases" percent="90"><sdl:rep id="vrAbeQzPbO3B8dIj0yGgGPH42HA="/><sdl:prev-origin/><sdl:value key="SegmentIdentityHash">vrAbeQzPbO3B8dIj0yGgGPH42HA=</sdl:value><sdl:value key="created_by">heba-PC\heba</sdl:value><sdl:value key="created_on">10/09/2017 07:11:33</sdl:value><sdl:value key="last_modified_by">heba-PC\heba</sdl:value><sdl:value key="modified_on">10/09/2017 07:12:18</sdl:value></sdl:prev-origin><sdl:value key="SegmentIdentityHash">vrAbeQzPbO3B8dIj0yGgGPH42HA=</sdl:value><sdl:value key="created_by">heba-PC\heba</sdl:value><sdl:value key="created_on">10/09/2017 07:11:33</sdl:value><sdl:value key="last_modified_by">DESKTOP-C8MRIMB\Sherif Youssef</sdl:value><sdl:value key="modified_on">10/12/2017 19:57:04</sdl:value><sdl:value key="SDL:ProjectTranslationHash">1446959082</sdl:value><sdl:value key="SDL:OriginalTranslationHash">1446959082</sdl:value></sdl:seg></sdl:seg-defs></trans-unit></group><group><sdl:cxts><sdl:cxt id="174"/><sdl:cxt id="150"/><sdl:cxt id="151"/><sdl:cxt id="152"/><sdl:node id="30"/></sdl:cxts><trans-unit id="ddae6a0e-c0d6-4ac2-b230-da1d4c02aeea"><source><g id="1112">26.6</g></source><seg-source><g id="1112"><mrk mtype="seg" mid="428">26.6</mrk></g></seg-source><target><g id="1112"><mrk mtype="seg" mid="428">26.6</mrk></g></target><sdl:seg-defs><sdl:seg id="428" conf="ApprovedSignOff" origin="auto-propagated" origin-system="Propagated from segment 425" percent="100"><sdl:rep id="HdA4Ru8s6n5M6n4NgUokl9Cdqvs="/><sdl:value key="SegmentIdentityHash">HdA4Ru8s6n5M6n4NgUokl9Cdqvs=</sdl:value><sdl:value key="last_modified_by">DESKTOP-C8MRIMB\Sherif Youssef</sdl:value><sdl:value key="modified_on">10/12/2017 19:57:04</sdl:value></sdl:seg></sdl:seg-defs></trans-unit></group><group><sdl:cxts><sdl:cxt id="175"/><sdl:cxt id="150"/><sdl:cxt id="151"/><sdl:cxt id="152"/><sdl:node id="31"/></sdl:cxts><trans-unit id="d1a55a1e-7314-4107-ac90-58ca913d6373"><source><g id="1115">36.5</g></source><seg-source><g id="1115"><mrk mtype="seg" mid="429">36.5</mrk></g></seg-source><target><g id="1115"><mrk mtype="seg" mid="429">36.5</mrk></g></target><sdl:seg-defs><sdl:seg id="429" conf="ApprovedSignOff" origin="auto-propagated" origin-system="Propagated from segment 428" percent="100"><sdl:rep id="HdA4Ru8s6n5M6n4NgUokl9Cdqvs="/><sdl:value key="SegmentIdentityHash">HdA4Ru8s6n5M6n4NgUokl9Cdqvs=</sdl:value><sdl:value key="last_modified_by">DESKTOP-C8MRIMB\Sherif Youssef</sdl:value><sdl:value key="modified_on">10/12/2017 19:57:04</sdl:value></sdl:seg></sdl:seg-defs></trans-unit></group><group><sdl:cxts><sdl:cxt id="176"/><sdl:cxt id="150"/><sdl:cxt id="151"/><sdl:cxt id="152"/><sdl:node id="32"/></sdl:cxts><trans-unit id="2de7412f-886d-4fd6-874e-9fe741abb6a4"><source><g id="1118">49.2</g></source><seg-source><g id="1118"><mrk mtype="seg" mid="430">49.2</mrk></g></seg-source><target><g id="1118"><mrk mtype="seg" mid="430">49.2</mrk></g></target><sdl:seg-defs><sdl:seg id="430" conf="ApprovedSignOff" origin="auto-propagated" origin-system="Propagated from segment 429" percent="100"><sdl:rep id="HdA4Ru8s6n5M6n4NgUokl9Cdqvs="/><sdl:value key="SegmentIdentityHash">HdA4Ru8s6n5M6n4NgUokl9Cdqvs=</sdl:value><sdl:value key="last_modified_by">DESKTOP-C8MRIMB\Sherif Youssef</sdl:value><sdl:value key="modified_on">10/12/2017 19:57:05</sdl:value></sdl:seg></sdl:seg-defs></trans-unit></group><group><sdl:cxts><sdl:cxt id="177"/><sdl:cxt id="150"/><sdl:cxt id="151"/><sdl:cxt id="152"/><sdl:node id="33"/></sdl:cxts><trans-unit id="6c4d3fbb-1fde-43ce-bcb9-7506bee59d1d"><source><g id="1121">61.4</g></source><seg-source><g id="1121"><mrk mtype="seg" mid="431">61.4</mrk></g></seg-source><target><g id="1121"><mrk mtype="seg" mid="431">61.4</mrk></g></target><sdl:seg-defs><sdl:seg id="431" conf="ApprovedSignOff" origin="auto-propagated" origin-system="Propagated from segment 430" percent="100"><sdl:rep id="HdA4Ru8s6n5M6n4NgUokl9Cdqvs="/><sdl:value key="SegmentIdentityHash">HdA4Ru8s6n5M6n4NgUokl9Cdqvs=</sdl:value><sdl:value key="last_modified_by">DESKTOP-C8MRIMB\Sherif Youssef</sdl:value><sdl:value key="modified_on">10/12/2017 19:57:05</sdl:value></sdl:seg></sdl:seg-defs></trans-unit></group><group><sdl:cxts><sdl:cxt id="178"/><sdl:cxt id="150"/><sdl:cxt id="151"/><sdl:cxt id="152"/><sdl:node id="35"/></sdl:cxts><trans-unit id="78bfec50-aaf2-47fe-ae9f-ad83393e25b1"><source><g id="1124">25 Mesh EconoProp</g></source><seg-source><g id="1124"><mrk mtype="seg" mid="432">25 Mesh EconoProp</mrk></g></seg-source><target><g id="1124"><mrk mtype="seg" mid="432">EconoProp بحجم جسيمي يبلغ 25 مش</mrk></g></target><sdl:seg-defs><sdl:seg id="432" conf="ApprovedSignOff" origin="tm" origin-system="171273_Petrol cases" percent="100" text-match="SourceAndTarget"><sdl:rep id="rLx/4xlu1d3fYvUrYJvxCa6FZrA="/><sdl:value key="SegmentIdentityHash">rLx/4xlu1d3fYvUrYJvxCa6FZrA=</sdl:value><sdl:value key="created_by">SHERIF\Sherif Youssef</sdl:value><sdl:value key="created_on">09/24/2015 19:31:23</sdl:value><sdl:value key="last_modified_by">DESKTOP-C8MRIMB\Sherif Youssef</sdl:value><sdl:value key="modified_on">10/12/2017 19:57:05</sdl:value><sdl:value key="SDL:OriginalTranslationHash">-862413776</sdl:value><sdl:value key="SDL:ProjectTranslationHash">-862413776</sdl:value></sdl:seg></sdl:seg-defs></trans-unit></group><group><sdl:cxts><sdl:cxt id="179"/><sdl:cxt id="150"/><sdl:cxt id="151"/><sdl:cxt id="152"/><sdl:node id="36"/></sdl:cxts><trans-unit id="28324d62-b0cb-41eb-b15d-504126374de2"><source><g id="1127">NA</g></source><seg-source><g id="1127"><mrk mtype="seg" mid="433">NA</mrk></g></seg-source><target><g id="1127"><mrk mtype="seg" mid="433">غير موجود</mrk></g></target><sdl:seg-defs><sdl:seg id="433" conf="ApprovedSignOff" origin="tm" origin-system="171273_General" percent="99"><sdl:rep id="2UttsJllA6H20fa/iPIfC744M24="/><sdl:value key="SegmentIdentityHash">2UttsJllA6H20fa/iPIfC744M24=</sdl:value><sdl:value key="created_by">NAGWA\Nagwa</sdl:value><sdl:value key="created_on">10/17/2016 18:13:51</sdl:value><sdl:value key="last_modified_by">DESKTOP-C8MRIMB\Sherif Youssef</sdl:value><sdl:value key="modified_on">10/12/2017 19:57:06</sdl:value><sdl:value key="SDL:OriginalTranslationHash">-593439417</sdl:value><sdl:value key="SDL:ProjectTranslationHash">-593439417</sdl:value></sdl:seg></sdl:seg-defs></trans-unit></group><group><sdl:cxts><sdl:cxt id="180"/><sdl:cxt id="150"/><sdl:cxt id="151"/><sdl:cxt id="152"/><sdl:node id="37"/></sdl:cxts><trans-unit id="90b65b01-f396-4718-8895-6626b6e94d53"><source><g id="1130">NA</g></source><seg-source><g id="1130"><mrk mtype="seg" mid="434">NA</mrk></g></seg-source><target><g id="1130"><mrk mtype="seg" mid="434">غير موجود</mrk></g></target><sdl:seg-defs><sdl:seg id="434" conf="ApprovedSignOff" origin="tm" origin-system="General" percent="100" text-match="SourceAndTarget"><sdl:rep id="2UttsJllA6H20fa/iPIfC744M24="/><sdl:value key="created_by">NAGWA\Nagwa</sdl:value><sdl:value key="created_on">10/17/2016 18:13:51</sdl:value><sdl:value key="modified_on">10/12/2017 19:57:06</sdl:value><sdl:value key="last_modified_by">DESKTOP-C8MRIMB\Sherif Youssef</sdl:value><sdl:value key="SDL:OriginalTranslationHash">-593439417</sdl:value><sdl:value key="SegmentIdentityHash">2UttsJllA6H20fa/iPIfC744M24=</sdl:value></sdl:seg></sdl:seg-defs></trans-unit></group><group><sdl:cxts><sdl:cxt id="181"/><sdl:cxt id="150"/><sdl:cxt id="151"/><sdl:cxt id="152"/><sdl:node id="38"/></sdl:cxts><trans-unit id="48fef2ce-4411-4faa-8314-74f259e55de4"><source><g id="1133">21.5</g></source><seg-source><g id="1133"><mrk mtype="seg" mid="435">21.5</mrk></g></seg-source><target><g id="1133"><mrk mtype="seg" mid="435">21.5</mrk></g></target><sdl:seg-defs><sdl:seg id="435" conf="ApprovedSignOff" origin="auto-propagated" origin-system="Propagated from segment 431" percent="100"><sdl:rep id="HdA4Ru8s6n5M6n4NgUokl9Cdqvs="/><sdl:value key="SDL:OriginalTranslationHash">2128501014</sdl:value><sdl:value key="SegmentIdentityHash">HdA4Ru8s6n5M6n4NgUokl9Cdqvs=</sdl:value><sdl:value key="last_modified_by">DESKTOP-C8MRIMB\Sherif Youssef</sdl:value><sdl:value key="modified_on">10/12/2017 19:57:06</sdl:value></sdl:seg></sdl:seg-defs></trans-unit></group><group><sdl:cxts><sdl:cxt id="182"/><sdl:cxt id="150"/><sdl:cxt id="151"/><sdl:cxt id="152"/><sdl:node id="39"/></sdl:cxts><trans-unit id="5630861d-be11-41ae-bbf6-4d1c28867dc6"><source><g id="1136">24.9</g></source><seg-source><g id="1136"><mrk mtype="seg" mid="436">24.9</mrk></g></seg-source><target><g id="1136"><mrk mtype="seg" mid="436">24.9</mrk></g></target><sdl:seg-defs><sdl:seg id="436" conf="ApprovedSignOff" origin="auto-propagated" origin-system="Propagated from segment 435" percent="100"><sdl:rep id="HdA4Ru8s6n5M6n4NgUokl9Cdqvs="/><sdl:value key="SegmentIdentityHash">HdA4Ru8s6n5M6n4NgUokl9Cdqvs=</sdl:value><sdl:value key="last_modified_by">DESKTOP-C8MRIMB\Sherif Youssef</sdl:value><sdl:value key="modified_on">10/12/2017 19:57:06</sdl:value></sdl:seg></sdl:seg-defs></trans-unit></group><group><sdl:cxts><sdl:cxt id="183"/><sdl:cxt id="150"/><sdl:cxt id="151"/><sdl:cxt id="152"/><sdl:node id="41"/></sdl:cxts><trans-unit id="f73a4735-bfcc-485b-be19-8657c0d56978"><source><g id="1139">30 Mesh EconoProp</g></source><seg-source><g id="1139"><mrk mtype="seg" mid="437">30 Mesh EconoProp</mrk></g></seg-source><target><g id="1139"><mrk mtype="seg" mid="437">EconoProp بحجم جسيمي يبلغ 30 مش</mrk></g></target><sdl:seg-defs><sdl:seg id="437" conf="ApprovedSignOff" origin="tm" origin-system="171273_Petrol cases" percent="100" text-match="SourceAndTarget"><sdl:rep id="rLx/4xlu1d3fYvUrYJvxCa6FZrA="/><sdl:value key="SegmentIdentityHash">rLx/4xlu1d3fYvUrYJvxCa6FZrA=</sdl:value><sdl:value key="created_by">SHERIF\Sherif Youssef</sdl:value><sdl:value key="created_on">09/24/2015 19:31:23</sdl:value><sdl:value key="last_modified_by">DESKTOP-C8MRIMB\Sherif Youssef</sdl:value><sdl:value key="modified_on">10/12/2017 19:57:07</sdl:value><sdl:value key="SDL:OriginalTranslationHash">-2033140469</sdl:value></sdl:seg></sdl:seg-defs></trans-unit></group><group><sdl:cxts><sdl:cxt id="184"/><sdl:cxt id="150"/><sdl:cxt id="151"/><sdl:cxt id="152"/><sdl:node id="42"/></sdl:cxts><trans-unit id="15b7c25d-66aa-46ef-a2ab-11149453f8ff"><source><g id="1142">11.1</g></source><seg-source><g id="1142"><mrk mtype="seg" mid="438">11.1</mrk></g></seg-source><target><g id="1142"><mrk mtype="seg" mid="438">11.1</mrk></g></target><sdl:seg-defs><sdl:seg id="438" conf="ApprovedSignOff" origin="auto-propagated" origin-system="Propagated from segment 436" percent="100"><sdl:rep id="HdA4Ru8s6n5M6n4NgUokl9Cdqvs="/><sdl:value key="SegmentIdentityHash">HdA4Ru8s6n5M6n4NgUokl9Cdqvs=</sdl:value><sdl:value key="last_modified_by">DESKTOP-C8MRIMB\Sherif Youssef</sdl:value><sdl:value key="modified_on">10/12/2017 19:57:07</sdl:value></sdl:seg></sdl:seg-defs></trans-unit></group><group><sdl:cxts><sdl:cxt id="185"/><sdl:cxt id="150"/><sdl:cxt id="151"/><sdl:cxt id="152"/><sdl:node id="43"/></sdl:cxts><trans-unit id="ee63a023-b49c-4c1c-9598-4d570d36bdad"><source><g id="1145">12.2</g></source><seg-source><g id="1145"><mrk mtype="seg" mid="439">12.2</mrk></g></seg-source><target><g id="1145"><mrk mtype="seg" mid="439">12.2</mrk></g></target><sdl:seg-defs><sdl:seg id="439" conf="ApprovedSignOff" origin="auto-propagated" origin-system="Propagated from segment 438" percent="100"><sdl:rep id="HdA4Ru8s6n5M6n4NgUokl9Cdqvs="/><sdl:value key="SegmentIdentityHash">HdA4Ru8s6n5M6n4NgUokl9Cdqvs=</sdl:value><sdl:value key="last_modified_by">DESKTOP-C8MRIMB\Sherif Youssef</sdl:value><sdl:value key="modified_on">10/12/2017 19:57:07</sdl:value></sdl:seg></sdl:seg-defs></trans-unit></group><group><sdl:cxts><sdl:cxt id="186"/><sdl:cxt id="150"/><sdl:cxt id="151"/><sdl:cxt id="152"/><sdl:node id="44"/></sdl:cxts><trans-unit id="71788f36-fd01-4b32-a2ef-6991577d18db"><source><g id="1148">15.0</g></source><seg-source><g id="1148"><mrk mtype="seg" mid="440">15.0</mrk></g></seg-source><target><g id="1148"><mrk mtype="seg" mid="440">15.0</mrk></g></target><sdl:seg-defs><sdl:seg id="440" conf="ApprovedSignOff" origin="auto-propagated" origin-system="Propagated from segment 439" percent="100"><sdl:rep id="HdA4Ru8s6n5M6n4NgUokl9Cdqvs="/><sdl:value key="SegmentIdentityHash">HdA4Ru8s6n5M6n4NgUokl9Cdqvs=</sdl:value><sdl:value key="last_modified_by">DESKTOP-C8MRIMB\Sherif Youssef</sdl:value><sdl:value key="modified_on">10/12/2017 19:57:08</sdl:value></sdl:seg></sdl:seg-defs></trans-unit></group><group><sdl:cxts><sdl:cxt id="187"/><sdl:cxt id="150"/><sdl:cxt id="151"/><sdl:cxt id="152"/><sdl:node id="45"/></sdl:cxts><trans-unit id="e4e8cc12-4507-4b04-af83-57a4a3e35ca2"><source><g id="1151">20.6</g></source><seg-source><g id="1151"><mrk mtype="seg" mid="441">20.6</mrk></g></seg-source><target><g id="1151"><mrk mtype="seg" mid="441">20.6</mrk></g></target><sdl:seg-defs><sdl:seg id="441" conf="ApprovedSignOff" origin="auto-propagated" origin-system="Propagated from segment 440" percent="100"><sdl:rep id="HdA4Ru8s6n5M6n4NgUokl9Cdqvs="/><sdl:value key="SegmentIdentityHash">HdA4Ru8s6n5M6n4NgUokl9Cdqvs=</sdl:value><sdl:value key="last_modified_by">DESKTOP-C8MRIMB\Sherif Youssef</sdl:value><sdl:value key="modified_on">10/12/2017 19:57:08</sdl:value></sdl:seg></sdl:seg-defs></trans-unit></group><group><sdl:cxts><sdl:cxt id="188"/><sdl:cxt id="150"/><sdl:cxt id="151"/><sdl:cxt id="152"/><sdl:node id="47"/></sdl:cxts><trans-unit id="6e40f8cc-b4db-43a0-bda9-e6e46b67f9d1"><source><g id="1154">25 Mesh APA 1.0/3 C12853 
(Surface Area: 3.1 m<g id="1166">2</g>/g)</g></source><seg-source><g id="1154"><mrk mtype="seg" mid="442">25 Mesh APA 1.0/3 C12853 
(Surface Area:</mrk> <mrk mtype="seg" mid="443">3.1 m<g id="1166">2</g>/g)</mrk></g></seg-source><target><g id="1154"><mrk mtype="seg" mid="442">APA 1.0/3 C12853 بحجم جسيمي يبلغ 25 مش
(مساحة السطح:</mrk> <mrk mtype="seg" mid="443">3.1 متر<g id="1166">2</g>/جم)</mrk></g></target><sdl:seg-defs><sdl:seg id="442" conf="ApprovedSignOff" origin="interactive" percent="70"><sdl:prev-origin origin="tm" origin-system="171273_Petrol cases" percent="70"><sdl:prev-origin/><sdl:value key="SegmentIdentityHash">eoOW5CPc7zWej3NXtPEwriK7jYU=</sdl:value><sdl:value key="created_by">heba-PC\heba</sdl:value><sdl:value key="created_on">10/09/2017 07:11:23</sdl:value><sdl:value key="last_modified_by">heba-PC\heba</sdl:value><sdl:value key="modified_on">10/09/2017 07:11:52</sdl:value></sdl:prev-origin><sdl:value key="SegmentIdentityHash">eoOW5CPc7zWej3NXtPEwriK7jYU=</sdl:value><sdl:value key="created_by">heba-PC\heba</sdl:value><sdl:value key="created_on">10/09/2017 07:11:23</sdl:value><sdl:value key="last_modified_by">DESKTOP-C8MRIMB\Sherif Youssef</sdl:value><sdl:value key="modified_on">10/12/2017 19:57:08</sdl:value><sdl:value key="SDL:ProjectTranslationHash">-1508670320</sdl:value><sdl:value key="SDL:OriginalTranslationHash">-1508670320</sdl:value></sdl:seg><sdl:seg id="443" conf="ApprovedSignOff" origin="interactive" percent="90"><sdl:rep id="vrAbeQzPbO3B8dIj0yGgGPH42HA="/><sdl:prev-origin origin="tm" origin-system="171273_Petrol cases" percent="90"><sdl:rep id="vrAbeQzPbO3B8dIj0yGgGPH42HA="/><sdl:prev-origin/><sdl:value key="SegmentIdentityHash">vrAbeQzPbO3B8dIj0yGgGPH42HA=</sdl:value><sdl:value key="created_by">heba-PC\heba</sdl:value><sdl:value key="created_on">10/09/2017 07:11:33</sdl:value><sdl:value key="last_modified_by">heba-PC\heba</sdl:value><sdl:value key="modified_on">10/09/2017 07:12:30</sdl:value></sdl:prev-origin><sdl:value key="SegmentIdentityHash">vrAbeQzPbO3B8dIj0yGgGPH42HA=</sdl:value><sdl:value key="created_by">heba-PC\heba</sdl:value><sdl:value key="created_on">10/09/2017 07:11:33</sdl:value><sdl:value key="last_modified_by">DESKTOP-C8MRIMB\Sherif Youssef</sdl:value><sdl:value key="modified_on">10/12/2017 19:57:08</sdl:value><sdl:value key="SDL:ProjectTranslationHash">1694375242</sdl:value><sdl:value key="SDL:OriginalTranslationHash">1694375242</sdl:value></sdl:seg></sdl:seg-defs></trans-unit></group><group><sdl:cxts><sdl:cxt id="189"/><sdl:cxt id="150"/><sdl:cxt id="151"/><sdl:cxt id="152"/><sdl:node id="48"/></sdl:cxts><trans-unit id="2edc699e-a702-423c-8eb3-6b2de7a5a9cc"><source><g id="1172">1.2</g></source><seg-source><g id="1172"><mrk mtype="seg" mid="444">1.2</mrk></g></seg-source><target><g id="1172"><mrk mtype="seg" mid="444">1.2</mrk></g></target><sdl:seg-defs><sdl:seg id="444" conf="ApprovedSignOff" origin="auto-propagated" origin-system="Propagated from segment 441" percent="100"><sdl:rep id="HdA4Ru8s6n5M6n4NgUokl9Cdqvs="/><sdl:value key="SegmentIdentityHash">HdA4Ru8s6n5M6n4NgUokl9Cdqvs=</sdl:value><sdl:value key="last_modified_by">DESKTOP-C8MRIMB\Sherif Youssef</sdl:value><sdl:value key="modified_on">10/12/2017 19:57:09</sdl:value></sdl:seg></sdl:seg-defs></trans-unit></group><group><sdl:cxts><sdl:cxt id="190"/><sdl:cxt id="150"/><sdl:cxt id="151"/><sdl:cxt id="152"/><sdl:node id="49"/></sdl:cxts><trans-unit id="fb6bff53-f245-4417-bf88-fa17a37444d7"><source><g id="1175">2.2</g></source><seg-source><g id="1175"><mrk mtype="seg" mid="445">2.2</mrk></g></seg-source><target><g id="1175"><mrk mtype="seg" mid="445">2.2</mrk></g></target><sdl:seg-defs><sdl:seg id="445" conf="ApprovedSignOff" origin="auto-propagated" origin-system="Propagated from segment 444" percent="100"><sdl:rep id="HdA4Ru8s6n5M6n4NgUokl9Cdqvs="/><sdl:value key="SegmentIdentityHash">HdA4Ru8s6n5M6n4NgUokl9Cdqvs=</sdl:value><sdl:value key="last_modified_by">DESKTOP-C8MRIMB\Sherif Youssef</sdl:value><sdl:value key="modified_on">10/12/2017 19:57:09</sdl:value></sdl:seg></sdl:seg-defs></trans-unit></group><group><sdl:cxts><sdl:cxt id="191"/><sdl:cxt id="150"/><sdl:cxt id="151"/><sdl:cxt id="152"/><sdl:node id="50"/></sdl:cxts><trans-unit id="a26e4392-f478-4dd5-8869-fa7acb84a3f9"><source><g id="1178">8.6</g></source><seg-source><g id="1178"><mrk mtype="seg" mid="446">8.6</mrk></g></seg-source><target><g id="1178"><mrk mtype="seg" mid="446">8.6</mrk></g></target><sdl:seg-defs><sdl:seg id="446" conf="ApprovedSignOff" origin="auto-propagated" origin-system="Propagated from segment 445" percent="100"><sdl:rep id="HdA4Ru8s6n5M6n4NgUokl9Cdqvs="/><sdl:value key="SegmentIdentityHash">HdA4Ru8s6n5M6n4NgUokl9Cdqvs=</sdl:value><sdl:value key="last_modified_by">DESKTOP-C8MRIMB\Sherif Youssef</sdl:value><sdl:value key="modified_on">10/12/2017 19:57:09</sdl:value></sdl:seg></sdl:seg-defs></trans-unit></group><group><sdl:cxts><sdl:cxt id="192"/><sdl:cxt id="150"/><sdl:cxt id="151"/><sdl:cxt id="152"/><sdl:node id="51"/></sdl:cxts><trans-unit id="9a4f9448-2c2f-4637-8d5e-7393de164939"><source><g id="1181">17.5</g></source><seg-source><g id="1181"><mrk mtype="seg" mid="447">17.5</mrk></g></seg-source><target><g id="1181"><mrk mtype="seg" mid="447">17.5</mrk></g></target><sdl:seg-defs><sdl:seg id="447" conf="ApprovedSignOff" origin="auto-propagated" origin-system="Propagated from segment 446" percent="100"><sdl:rep id="HdA4Ru8s6n5M6n4NgUokl9Cdqvs="/><sdl:value key="SegmentIdentityHash">HdA4Ru8s6n5M6n4NgUokl9Cdqvs=</sdl:value><sdl:value key="last_modified_by">DESKTOP-C8MRIMB\Sherif Youssef</sdl:value><sdl:value key="modified_on">10/12/2017 19:57:10</sdl:value></sdl:seg></sdl:seg-defs></trans-unit></group><group><sdl:cxts><sdl:cxt id="193"/><sdl:cxt id="150"/><sdl:cxt id="151"/><sdl:cxt id="152"/><sdl:node id="53"/></sdl:cxts><trans-unit id="de86be10-b12b-49b6-9849-463d98528d6f"><source><g id="1184">30 Mesh APA 0.8/3 
C12852</g></source><seg-source><g id="1184"><mrk mtype="seg" mid="448">30 Mesh APA 0.8/3 
C12852</mrk></g></seg-source><target><g id="1184"><mrk mtype="seg" mid="448">APA 0.8/3 C12852 بحجم جسيمي يبلغ 30 مش</mrk></g></target><sdl:seg-defs><sdl:seg id="448" conf="ApprovedSignOff" origin="interactive" percent="78"><sdl:prev-origin origin="tm" origin-system="171273_Petrol cases" percent="78"><sdl:prev-origin/><sdl:value key="SegmentIdentityHash">VnQu35WO5RwvGQcnlldhrwwoQsk=</sdl:value><sdl:value key="created_by">heba-PC\heba</sdl:value><sdl:value key="created_on">10/09/2017 07:11:23</sdl:value><sdl:value key="last_modified_by">heba-PC\heba</sdl:value><sdl:value key="modified_on">10/09/2017 07:13:07</sdl:value></sdl:prev-origin><sdl:value key="SegmentIdentityHash">VnQu35WO5RwvGQcnlldhrwwoQsk=</sdl:value><sdl:value key="created_by">heba-PC\heba</sdl:value><sdl:value key="created_on">10/09/2017 07:11:23</sdl:value><sdl:value key="last_modified_by">DESKTOP-C8MRIMB\Sherif Youssef</sdl:value><sdl:value key="modified_on">10/12/2017 19:57:10</sdl:value><sdl:value key="SDL:ProjectTranslationHash">-1354686530</sdl:value><sdl:value key="SDL:OriginalTranslationHash">-1354686530</sdl:value></sdl:seg></sdl:seg-defs></trans-unit></group><group><sdl:cxts><sdl:cxt id="194"/><sdl:cxt id="150"/><sdl:cxt id="151"/><sdl:cxt id="152"/><sdl:node id="53"/></sdl:cxts><trans-unit id="4d93261e-d1d3-4491-b9d8-5bb588874579"><source><g id="1190">(Surface Area: 3.1 m<g id="1199">2</g>/g)</g></source><seg-source><g id="1190"><mrk mtype="seg" mid="449">(Surface Area:</mrk> <mrk mtype="seg" mid="450">3.1 m<g id="1199">2</g>/g)</mrk></g></seg-source><target><g id="1190"><mrk mtype="seg" mid="449">(مساحة السطح:</mrk> <mrk mtype="seg" mid="450">3.1 متر<g id="1199">2</g>/جم)</mrk></g></target><sdl:seg-defs><sdl:seg id="449" conf="ApprovedSignOff" origin="interactive" percent="92"><sdl:prev-origin origin="tm" origin-system="171273_Petrol cases" percent="92"><sdl:prev-origin/><sdl:value key="SegmentIdentityHash">6x0C34t4wQ0u4vJnsL6fzbiweQI=</sdl:value><sdl:value key="created_by">NAGWA\Nagwa</sdl:value><sdl:value key="created_on">03/20/2016 15:43:35</sdl:value><sdl:value key="last_modified_by">SHERIF\Sherif Youssef</sdl:value><sdl:value key="modified_on">03/22/2016 09:56:34</sdl:value></sdl:prev-origin><sdl:value key="SegmentIdentityHash">6x0C34t4wQ0u4vJnsL6fzbiweQI=</sdl:value><sdl:value key="created_by">NAGWA\Nagwa</sdl:value><sdl:value key="created_on">03/20/2016 15:43:35</sdl:value><sdl:value key="last_modified_by">DESKTOP-C8MRIMB\Sherif Youssef</sdl:value><sdl:value key="modified_on">10/12/2017 19:57:10</sdl:value><sdl:value key="SDL:ProjectTranslationHash">-491984348</sdl:value><sdl:value key="SDL:OriginalTranslationHash">-491984348</sdl:value></sdl:seg><sdl:seg id="450" conf="ApprovedSignOff" origin="auto-propagated" origin-system="Propagated from segment 443" percent="100"><sdl:rep id="vrAbeQzPbO3B8dIj0yGgGPH42HA="/><sdl:value key="SegmentIdentityHash">vrAbeQzPbO3B8dIj0yGgGPH42HA=</sdl:value><sdl:value key="last_modified_by">DESKTOP-C8MRIMB\Sherif Youssef</sdl:value><sdl:value key="modified_on">10/12/2017 19:57:10</sdl:value></sdl:seg></sdl:seg-defs></trans-unit></group><group><sdl:cxts><sdl:cxt id="195"/><sdl:cxt id="150"/><sdl:cxt id="151"/><sdl:cxt id="152"/><sdl:node id="54"/></sdl:cxts><trans-unit id="d7771b53-7e95-40ae-8782-ef86a1c57588"><source><g id="1205">0.7</g></source><seg-source><g id="1205"><mrk mtype="seg" mid="451">0.7</mrk></g></seg-source><target><g id="1205"><mrk mtype="seg" mid="451">0.7</mrk></g></target><sdl:seg-defs><sdl:seg id="451" conf="ApprovedSignOff" origin="auto-propagated" origin-system="Propagated from segment 447" percent="100"><sdl:rep id="HdA4Ru8s6n5M6n4NgUokl9Cdqvs="/><sdl:value key="SegmentIdentityHash">HdA4Ru8s6n5M6n4NgUokl9Cdqvs=</sdl:value><sdl:value key="last_modified_by">DESKTOP-C8MRIMB\Sherif Youssef</sdl:value><sdl:value key="modified_on">10/12/2017 19:57:11</sdl:value></sdl:seg></sdl:seg-defs></trans-unit></group><group><sdl:cxts><sdl:cxt id="196"/><sdl:cxt id="150"/><sdl:cxt id="151"/><sdl:cxt id="152"/><sdl:node id="55"/></sdl:cxts><trans-unit id="3128e1b5-b75c-4493-a607-1b4d254ed43f"><source><g id="1208">1.5</g></source><seg-source><g id="1208"><mrk mtype="seg" mid="452">1.5</mrk></g></seg-source><target><g id="1208"><mrk mtype="seg" mid="452">1.5</mrk></g></target><sdl:seg-defs><sdl:seg id="452" conf="ApprovedSignOff" origin="auto-propagated" origin-system="Propagated from segment 451" percent="100"><sdl:rep id="HdA4Ru8s6n5M6n4NgUokl9Cdqvs="/><sdl:value key="SegmentIdentityHash">HdA4Ru8s6n5M6n4NgUokl9Cdqvs=</sdl:value><sdl:value key="last_modified_by">DESKTOP-C8MRIMB\Sherif Youssef</sdl:value><sdl:value key="modified_on">10/12/2017 19:57:11</sdl:value></sdl:seg></sdl:seg-defs></trans-unit></group><group><sdl:cxts><sdl:cxt id="197"/><sdl:cxt id="150"/><sdl:cxt id="151"/><sdl:cxt id="152"/><sdl:node id="56"/></sdl:cxts><trans-unit id="7ffbe22a-ddb6-4a14-b96b-b6d85f32d0bf"><source><g id="1211">4.4</g></source><seg-source><g id="1211"><mrk mtype="seg" mid="453">4.4</mrk></g></seg-source><target><g id="1211"><mrk mtype="seg" mid="453">4.4</mrk></g></target><sdl:seg-defs><sdl:seg id="453" conf="ApprovedSignOff" origin="auto-propagated" origin-system="Propagated from segment 452" percent="100"><sdl:rep id="HdA4Ru8s6n5M6n4NgUokl9Cdqvs="/><sdl:value key="SegmentIdentityHash">HdA4Ru8s6n5M6n4NgUokl9Cdqvs=</sdl:value><sdl:value key="last_modified_by">DESKTOP-C8MRIMB\Sherif Youssef</sdl:value><sdl:value key="modified_on">10/12/2017 19:57:11</sdl:value></sdl:seg></sdl:seg-defs></trans-unit></group><group><sdl:cxts><sdl:cxt id="198"/><sdl:cxt id="150"/><sdl:cxt id="151"/><sdl:cxt id="152"/><sdl:node id="57"/></sdl:cxts><trans-unit id="f9474abe-4c4b-401b-9d17-be57f868d686"><source><g id="1214">11.6</g></source><seg-source><g id="1214"><mrk mtype="seg" mid="454">11.6</mrk></g></seg-source><target><g id="1214"><mrk mtype="seg" mid="454">11.6</mrk></g></target><sdl:seg-defs><sdl:seg id="454" conf="ApprovedSignOff" origin="auto-propagated" origin-system="Propagated from segment 453" percent="100"><sdl:rep id="HdA4Ru8s6n5M6n4NgUokl9Cdqvs="/><sdl:value key="SegmentIdentityHash">HdA4Ru8s6n5M6n4NgUokl9Cdqvs=</sdl:value><sdl:value key="last_modified_by">DESKTOP-C8MRIMB\Sherif Youssef</sdl:value><sdl:value key="modified_on">10/12/2017 19:57:12</sdl:value></sdl:seg></sdl:seg-defs></trans-unit></group><group><sdl:cxts><sdl:cxt id="199"/><sdl:cxt id="150"/><sdl:cxt id="151"/><sdl:cxt id="152"/><sdl:node id="59"/></sdl:cxts><trans-unit id="d9abbf04-2c48-4de1-81c8-210ac9faebf2"><source><g id="1217">25 Mesh EconoProp</g></source><seg-source><g id="1217"><mrk mtype="seg" mid="455">25 Mesh EconoProp</mrk></g></seg-source><target><g id="1217"><mrk mtype="seg" mid="455">EconoProp بحجم جسيمي يبلغ 25 مش</mrk></g></target><sdl:seg-defs><sdl:seg id="455" conf="ApprovedSignOff" origin="tm" origin-system="171273_Petrol cases" percent="100" text-match="SourceAndTarget"><sdl:rep id="rLx/4xlu1d3fYvUrYJvxCa6FZrA="/><sdl:value key="SegmentIdentityHash">rLx/4xlu1d3fYvUrYJvxCa6FZrA=</sdl:value><sdl:value key="created_by">SHERIF\Sherif Youssef</sdl:value><sdl:value key="created_on">09/24/2015 19:31:23</sdl:value><sdl:value key="last_modified_by">DESKTOP-C8MRIMB\Sherif Youssef</sdl:value><sdl:value key="modified_on">10/12/2017 19:57:12</sdl:value><sdl:value key="SDL:OriginalTranslationHash">-2033140469</sdl:value></sdl:seg></sdl:seg-defs></trans-unit></group><group><sdl:cxts><sdl:cxt id="200"/><sdl:cxt id="150"/><sdl:cxt id="151"/><sdl:cxt id="152"/><sdl:node id="60"/></sdl:cxts><trans-unit id="f760f0a9-8dca-44f1-9950-348a51b64445"><source><g id="1220">NA</g></source><seg-source><g id="1220"><mrk mtype="seg" mid="456">NA</mrk></g></seg-source><target><g id="1220"><mrk mtype="seg" mid="456">غير موجود</mrk></g></target><sdl:seg-defs><sdl:seg id="456" conf="ApprovedSignOff" origin="tm" origin-system="171273_Petrol cases" percent="100" text-match="SourceAndTarget"><sdl:rep id="2UttsJllA6H20fa/iPIfC744M24="/><sdl:prev-origin origin="auto-propagated" origin-system="Propagated from segment 433" percent="100"><sdl:rep id="2UttsJllA6H20fa/iPIfC744M24="/><sdl:prev-origin/><sdl:value key="SegmentIdentityHash">2UttsJllA6H20fa/iPIfC744M24=</sdl:value></sdl:prev-origin><sdl:value key="SegmentIdentityHash">2UttsJllA6H20fa/iPIfC744M24=</sdl:value><sdl:value key="last_modified_by">DESKTOP-C8MRIMB\Sherif Youssef</sdl:value><sdl:value key="modified_on">10/12/2017 19:57:12</sdl:value><sdl:value key="created_on">10/09/2017 07:14:24</sdl:value><sdl:value key="created_by">heba-PC\heba</sdl:value><sdl:value key="SDL:OriginalTranslationHash">-593439417</sdl:value></sdl:seg></sdl:seg-defs></trans-unit></group><group><sdl:cxts><sdl:cxt id="201"/><sdl:cxt id="150"/><sdl:cxt id="151"/><sdl:cxt id="152"/><sdl:node id="61"/></sdl:cxts><trans-unit id="b99f1350-2f36-4596-8f0b-7d583cb118bb"><source><g id="1223">NA</g></source><seg-source><g id="1223"><mrk mtype="seg" mid="457">NA</mrk></g></seg-source><target><g id="1223"><mrk mtype="seg" mid="457">غير موجود</mrk></g></target><sdl:seg-defs><sdl:seg id="457" conf="ApprovedSignOff" origin="tm" origin-system="General" percent="100" text-match="SourceAndTarget"><sdl:rep id="2UttsJllA6H20fa/iPIfC744M24="/><sdl:value key="created_by">NAGWA\Nagwa</sdl:value><sdl:value key="created_on">10/17/2016 18:13:51</sdl:value><sdl:value key="modified_on">10/12/2017 19:57:13</sdl:value><sdl:value key="last_modified_by">DESKTOP-C8MRIMB\Sherif Youssef</sdl:value><sdl:value key="SDL:OriginalTranslationHash">-593439417</sdl:value><sdl:value key="SegmentIdentityHash">2UttsJllA6H20fa/iPIfC744M24=</sdl:value></sdl:seg></sdl:seg-defs></trans-unit></group><group><sdl:cxts><sdl:cxt id="202"/><sdl:cxt id="150"/><sdl:cxt id="151"/><sdl:cxt id="152"/><sdl:node id="62"/></sdl:cxts><trans-unit id="d1e2e22d-b1d2-45f5-a690-b03e527670c7"><source><g id="1226">21.4</g></source><seg-source><g id="1226"><mrk mtype="seg" mid="458">21.4</mrk></g></seg-source><target><g id="1226"><mrk mtype="seg" mid="458">21.4</mrk></g></target><sdl:seg-defs><sdl:seg id="458" conf="ApprovedSignOff" origin="mt" origin-system="ENSC-General" percent="100"><sdl:rep id="HdA4Ru8s6n5M6n4NgUokl9Cdqvs="/><sdl:value key="SDL:OriginalTranslationHash">-344368874</sdl:value><sdl:value key="SegmentIdentityHash">HdA4Ru8s6n5M6n4NgUokl9Cdqvs=</sdl:value><sdl:value key="last_modified_by">DESKTOP-C8MRIMB\Sherif Youssef</sdl:value><sdl:value key="modified_on">10/12/2017 19:57:13</sdl:value></sdl:seg></sdl:seg-defs></trans-unit></group><group><sdl:cxts><sdl:cxt id="203"/><sdl:cxt id="150"/><sdl:cxt id="151"/><sdl:cxt id="152"/><sdl:node id="63"/></sdl:cxts><trans-unit id="c6e8336a-ae66-4b45-b218-d6bcef1660ec"><source><g id="1229">26.0</g></source><seg-source><g id="1229"><mrk mtype="seg" mid="459">26.0</mrk></g></seg-source><target><g id="1229"><mrk mtype="seg" mid="459">26.0</mrk></g></target><sdl:seg-defs><sdl:seg id="459" conf="ApprovedSignOff" origin="auto-propagated" origin-system="Propagated from segment 458" percent="100"><sdl:rep id="HdA4Ru8s6n5M6n4NgUokl9Cdqvs="/><sdl:value key="SegmentIdentityHash">HdA4Ru8s6n5M6n4NgUokl9Cdqvs=</sdl:value><sdl:value key="last_modified_by">DESKTOP-C8MRIMB\Sherif Youssef</sdl:value><sdl:value key="modified_on">10/12/2017 19:57:13</sdl:value></sdl:seg></sdl:seg-defs></trans-unit></group><group><sdl:cxts><sdl:cxt id="204"/><sdl:cxt id="150"/><sdl:cxt id="151"/><sdl:cxt id="152"/><sdl:node id="65"/></sdl:cxts><trans-unit id="146adaff-7e28-4517-b60b-aad288ce265d"><source><g id="1232">30 Mesh EconoProp</g></source><seg-source><g id="1232"><mrk mtype="seg" mid="460">30 Mesh EconoProp</mrk></g></seg-source><target><g id="1232"><mrk mtype="seg" mid="460">EconoProp بحجم جسيمي يبلغ 30 مش</mrk></g></target><sdl:seg-defs><sdl:seg id="460" conf="ApprovedSignOff" origin="interactive" percent="77"><sdl:rep id="rLx/4xlu1d3fYvUrYJvxCa6FZrA="/><sdl:prev-origin origin="tm" origin-system="171273_Petrol cases" percent="77"><sdl:rep id="rLx/4xlu1d3fYvUrYJvxCa6FZrA="/><sdl:prev-origin/><sdl:value key="SegmentIdentityHash">rLx/4xlu1d3fYvUrYJvxCa6FZrA=</sdl:value><sdl:value key="created_by">SHERIF\Sherif Youssef</sdl:value><sdl:value key="created_on">09/24/2015 19:31:23</sdl:value><sdl:value key="last_modified_by">SHERIF\Sherif Youssef</sdl:value><sdl:value key="modified_on">09/24/2015 19:31:23</sdl:value></sdl:prev-origin><sdl:value key="SegmentIdentityHash">rLx/4xlu1d3fYvUrYJvxCa6FZrA=</sdl:value><sdl:value key="created_by">SHERIF\Sherif Youssef</sdl:value><sdl:value key="created_on">09/24/2015 19:31:23</sdl:value><sdl:value key="last_modified_by">DESKTOP-C8MRIMB\Sherif Youssef</sdl:value><sdl:value key="modified_on">10/12/2017 19:57:13</sdl:value><sdl:value key="SDL:ProjectTranslationHash">-2033140469</sdl:value></sdl:seg></sdl:seg-defs></trans-unit></group><group><sdl:cxts><sdl:cxt id="205"/><sdl:cxt id="150"/><sdl:cxt id="151"/><sdl:cxt id="152"/><sdl:node id="66"/></sdl:cxts><trans-unit id="911aaf11-9a0a-4b48-905e-3324b9ebeeba"><source><g id="1235">4.9</g></source><seg-source><g id="1235"><mrk mtype="seg" mid="461">4.9</mrk></g></seg-source><target><g id="1235"><mrk mtype="seg" mid="461">4.9</mrk></g></target><sdl:seg-defs><sdl:seg id="461" conf="ApprovedSignOff" origin="auto-propagated" origin-system="Propagated from segment 459" percent="100"><sdl:rep id="HdA4Ru8s6n5M6n4NgUokl9Cdqvs="/><sdl:value key="SegmentIdentityHash">HdA4Ru8s6n5M6n4NgUokl9Cdqvs=</sdl:value><sdl:value key="last_modified_by">DESKTOP-C8MRIMB\Sherif Youssef</sdl:value><sdl:value key="modified_on">10/12/2017 19:57:22</sdl:value></sdl:seg></sdl:seg-defs></trans-unit></group><group><sdl:cxts><sdl:cxt id="206"/><sdl:cxt id="150"/><sdl:cxt id="151"/><sdl:cxt id="152"/><sdl:node id="67"/></sdl:cxts><trans-unit id="6ec90ed3-e71b-4f3d-83d3-ce36d343c116"><source><g id="1238">5.3</g></source><seg-source><g id="1238"><mrk mtype="seg" mid="462">5.3</mrk></g></seg-source><target><g id="1238"><mrk mtype="seg" mid="462">5.3</mrk></g></target><sdl:seg-defs><sdl:seg id="462" conf="ApprovedSignOff" origin="auto-propagated" origin-system="Propagated from segment 461" percent="100"><sdl:rep id="HdA4Ru8s6n5M6n4NgUokl9Cdqvs="/><sdl:value key="SegmentIdentityHash">HdA4Ru8s6n5M6n4NgUokl9Cdqvs=</sdl:value><sdl:value key="last_modified_by">DESKTOP-C8MRIMB\Sherif Youssef</sdl:value><sdl:value key="modified_on">10/12/2017 19:57:23</sdl:value></sdl:seg></sdl:seg-defs></trans-unit></group><group><sdl:cxts><sdl:cxt id="207"/><sdl:cxt id="150"/><sdl:cxt id="151"/><sdl:cxt id="152"/><sdl:node id="68"/></sdl:cxts><trans-unit id="e6a6904b-d639-424f-9bc2-c9ee9fb49f33"><source><g id="1241">10.1</g></source><seg-source><g id="1241"><mrk mtype="seg" mid="463">10.1</mrk></g></seg-source><target><g id="1241"><mrk mtype="seg" mid="463">10.1</mrk></g></target><sdl:seg-defs><sdl:seg id="463" conf="ApprovedSignOff" origin="auto-propagated" origin-system="Propagated from segment 462" percent="100"><sdl:rep id="HdA4Ru8s6n5M6n4NgUokl9Cdqvs="/><sdl:value key="SegmentIdentityHash">HdA4Ru8s6n5M6n4NgUokl9Cdqvs=</sdl:value><sdl:value key="last_modified_by">DESKTOP-C8MRIMB\Sherif Youssef</sdl:value><sdl:value key="modified_on">10/12/2017 19:57:23</sdl:value></sdl:seg></sdl:seg-defs></trans-unit></group><group><sdl:cxts><sdl:cxt id="208"/><sdl:cxt id="150"/><sdl:cxt id="151"/><sdl:cxt id="152"/><sdl:node id="69"/></sdl:cxts><trans-unit id="98ece8b1-d0b0-4711-af2a-c9f2a8a53161"><source><g id="1244">14.7</g></source><seg-source><g id="1244"><mrk mtype="seg" mid="464">14.7</mrk></g></seg-source><target><g id="1244"><mrk mtype="seg" mid="464">14.7</mrk></g></target><sdl:seg-defs><sdl:seg id="464" conf="ApprovedSignOff" origin="auto-propagated" origin-system="Propagated from segment 463" percent="100"><sdl:rep id="HdA4Ru8s6n5M6n4NgUokl9Cdqvs="/><sdl:value key="SegmentIdentityHash">HdA4Ru8s6n5M6n4NgUokl9Cdqvs=</sdl:value><sdl:value key="last_modified_by">DESKTOP-C8MRIMB\Sherif Youssef</sdl:value><sdl:value key="modified_on">10/12/2017 19:57:23</sdl:value></sdl:seg></sdl:seg-defs></trans-unit></group><group><sdl:cxts><sdl:cxt id="209"/><sdl:cxt id="2"/></sdl:cxts><trans-unit id="53b9d749-e368-4b56-b1aa-c2a853afe989"><source><g id="1247">[000129] <g id="1250">Example 8.</g> Scale Inhibitor amino tri(methylene phosphonic acid) (ATMP), commercially available as Dequest 2000 from ThermPhos International BV was adsorbed onto the four samples of Example 7 and resultant materials were labeled FBG-100824A, FBG-100824B, FBG-100824C and FBG-100824D, respectively. The procedure for the preparation of these samples is set forth above in Example 3. The properties for each of the samples is set forth in Table V below:</g></source><seg-source><g id="1247"><mrk mtype="seg" mid="465">[000129] <g id="1250">Example 8.</g></mrk> <mrk mtype="seg" mid="466">Scale Inhibitor amino tri(methylene phosphonic acid) (ATMP), commercially available as Dequest 2000 from ThermPhos International BV was adsorbed onto the four samples of Example 7 and resultant materials were labeled FBG-100824A, FBG-100824B, FBG-100824C and FBG-100824D, respectively.</mrk> <mrk mtype="seg" mid="467">The procedure for the preparation of these samples is set forth above in Example 3.</mrk> <mrk mtype="seg" mid="468">The properties for each of the samples is set forth in Table V below:</mrk></g></seg-source><target><g id="1247"><mrk mtype="seg" mid="465">[000129] <g id="1250">المثال 8.</g></mrk> <mrk mtype="seg" mid="466">تم امتزاز مثبط القشور المتمثل في حمض أمينو تراي (ميثيلين فوسفونيك) (ATMP)، المتوفر تجاريًا في صورة Dequest 2000 من ThermPhos International BV على العينات الأربع الواردة في المثال 7 وتتم الإشارة إلى المواد الناتجة بـ FBG-100824A، FBG-100824B، FBG-100824C وFBG-100824D, على التوالي.</mrk> <mrk mtype="seg" mid="467">تم توضيح الإجراء الخاص بتحضير هذه العينات أعلاه في المثال 3.</mrk> <mrk mtype="seg" mid="468">تم توضيح خصائص كل من هذه العينات في الجدول 5 أدناه.</mrk></g></target><sdl:seg-defs><sdl:seg id="465" conf="ApprovedSignOff" origin="auto-propagated" origin-system="Propagated from segment 392" percent="100"><sdl:rep id="IRx+ZuX+4FhIWaSY41kmDT6cRgo="/><sdl:value key="SegmentIdentityHash">IRx+ZuX+4FhIWaSY41kmDT6cRgo=</sdl:value><sdl:value key="last_modified_by">DESKTOP-C8MRIMB\Sherif Youssef</sdl:value><sdl:value key="modified_on">10/12/2017 19:57:28</sdl:value></sdl:seg><sdl:seg id="466" conf="ApprovedSignOff" origin="interactive" percent="100" text-match="SourceAndTarget"><sdl:prev-origin origin="tm" origin-system="171273_Petrol cases" percent="100" text-match="SourceAndTarget"><sdl:prev-origin/><sdl:value key="created_by">heba-PC\heba</sdl:value><sdl:value key="created_on">10/09/2017 06:35:14</sdl:value><sdl:value key="last_modified_by">heba-PC\heba</sdl:value><sdl:value key="modified_on">10/09/2017 10:05:32</sdl:value><sdl:value key="SDL:OriginalTranslationHash">-1299959976</sdl:value></sdl:prev-origin><sdl:value key="created_by">heba-PC\heba</sdl:value><sdl:value key="created_on">10/09/2017 06:35:14</sdl:value><sdl:value key="last_modified_by">DESKTOP-C8MRIMB\Sherif Youssef</sdl:value><sdl:value key="modified_on">10/12/2017 19:57:33</sdl:value><sdl:value key="SDL:OriginalTranslationHash">-437536999</sdl:value><sdl:value key="SDL:ProjectTranslationHash">-437536999</sdl:value><sdl:value key="SegmentIdentityHash">mE6cZHh6WTrCSb55MdcMOX755xM=</sdl:value></sdl:seg><sdl:seg id="467" conf="ApprovedSignOff" origin="interactive"><sdl:value key="SegmentIdentityHash">jDFtW4iz8hFM4XOWjMuIw0g0uWQ=</sdl:value><sdl:value key="created_by">heba-PC\heba</sdl:value><sdl:value key="created_on">10/09/2017 10:07:00</sdl:value><sdl:value key="last_modified_by">DESKTOP-C8MRIMB\Sherif Youssef</sdl:value><sdl:value key="modified_on">10/12/2017 19:57:34</sdl:value><sdl:value key="SDL:ProjectTranslationHash">-190756482</sdl:value><sdl:value key="SDL:OriginalTranslationHash">-190756482</sdl:value></sdl:seg><sdl:seg id="468" conf="ApprovedSignOff" origin="interactive" percent="86"><sdl:prev-origin origin="tm" origin-system="171273_Petrol cases" percent="86"><sdl:prev-origin/><sdl:value key="SegmentIdentityHash">y2yX6Avi9u0f0aC9Phw7A9Pz9LM=</sdl:value><sdl:value key="created_by">SHERIF\Sherif Youssef</sdl:value><sdl:value key="created_on">01/21/2016 14:22:15</sdl:value><sdl:value key="last_modified_by">heba-PC\heba</sdl:value><sdl:value key="modified_on">10/09/2017 06:46:25</sdl:value></sdl:prev-origin><sdl:value key="SegmentIdentityHash">y2yX6Avi9u0f0aC9Phw7A9Pz9LM=</sdl:value><sdl:value key="created_by">SHERIF\Sherif Youssef</sdl:value><sdl:value key="created_on">01/21/2016 14:22:15</sdl:value><sdl:value key="last_modified_by">DESKTOP-C8MRIMB\Sherif Youssef</sdl:value><sdl:value key="modified_on">10/12/2017 19:57:34</sdl:value><sdl:value key="SDL:ProjectTranslationHash">1832487286</sdl:value><sdl:value key="SDL:OriginalTranslationHash">1832487286</sdl:value></sdl:seg></sdl:seg-defs></trans-unit></group><group><sdl:cxts><sdl:cxt id="210"/><sdl:cxt id="2"/></sdl:cxts><trans-unit id="41fca310-16db-4f05-ad1b-ecc520c64567"><source><g id="1256">Table V</g></source><seg-source><g id="1256"><mrk mtype="seg" mid="469">Table V</mrk></g></seg-source><target><g id="1256"><mrk mtype="seg" mid="469">الجدول 5</mrk></g></target><sdl:seg-defs><sdl:seg id="469" conf="ApprovedSignOff" origin="interactive" percent="84"><sdl:prev-origin origin="tm" origin-system="171273_Petrol cases" percent="84"><sdl:prev-origin/><sdl:value key="SegmentIdentityHash">OcCv1eZOCjuyuvpT375Vk5zlgdg=</sdl:value><sdl:value key="created_by">SHERIF\Sherif Youssef</sdl:value><sdl:value key="created_on">11/15/2016 16:55:01</sdl:value><sdl:value key="last_modified_by">DESKTOP-C8MRIMB\Sherif Youssef</sdl:value><sdl:value key="modified_on">11/15/2016 16:49:05</sdl:value></sdl:prev-origin><sdl:value key="SegmentIdentityHash">OcCv1eZOCjuyuvpT375Vk5zlgdg=</sdl:value><sdl:value key="created_by">SHERIF\Sherif Youssef</sdl:value><sdl:value key="created_on">11/15/2016 16:55:01</sdl:value><sdl:value key="last_modified_by">DESKTOP-C8MRIMB\Sherif Youssef</sdl:value><sdl:value key="modified_on">10/12/2017 19:57:35</sdl:value><sdl:value key="SDL:ProjectTranslationHash">-1653301545</sdl:value><sdl:value key="SDL:OriginalTranslationHash">-1653301545</sdl:value></sdl:seg></sdl:seg-defs></trans-unit></group><group><sdl:cxts><sdl:cxt id="211"/><sdl:cxt id="150"/><sdl:cxt id="151"/><sdl:cxt id="152"/><sdl:node id="72"/></sdl:cxts><trans-unit id="f59bd6f9-e623-4209-84ff-a4ae14abb398"><source><g id="1259">Sample</g></source><seg-source><g id="1259"><mrk mtype="seg" mid="470">Sample</mrk></g></seg-source><target><g id="1259"><mrk mtype="seg" mid="470">العينة</mrk></g></target><sdl:seg-defs><sdl:seg id="470" conf="ApprovedSignOff" origin="tm" origin-system="General" percent="100"><sdl:rep id="FpWFxdmfMkz7MF0L8GRxTwVnroA="/><sdl:value key="created_by">NAGWA\Nagwa</sdl:value><sdl:value key="created_on">01/03/2016 18:24:44</sdl:value><sdl:value key="modified_on">10/12/2017 19:57:35</sdl:value><sdl:value key="last_modified_by">DESKTOP-C8MRIMB\Sherif Youssef</sdl:value><sdl:value key="SDL:OriginalTranslationHash">1005462066</sdl:value><sdl:value key="SegmentIdentityHash">FpWFxdmfMkz7MF0L8GRxTwVnroA=</sdl:value></sdl:seg></sdl:seg-defs></trans-unit></group><group><sdl:cxts><sdl:cxt id="212"/><sdl:cxt id="150"/><sdl:cxt id="151"/><sdl:cxt id="152"/><sdl:node id="73"/></sdl:cxts><trans-unit id="67eff42e-3e18-48d4-a350-af5da2a41c1e"><source><g id="1262">FBG 100824 A</g></source><seg-source><g id="1262"><mrk mtype="seg" mid="471">FBG 100824 A</mrk></g></seg-source><target><g id="1262"><mrk mtype="seg" mid="471">FBG 100824 A</mrk></g></target><sdl:seg-defs><sdl:seg id="471" conf="ApprovedSignOff" origin="source"><sdl:rep id="791DGqa0K23BWepoAAP1xhXvwZk="/><sdl:value key="SegmentIdentityHash">791DGqa0K23BWepoAAP1xhXvwZk=</sdl:value><sdl:value key="created_by">heba-PC\heba</sdl:value><sdl:value key="created_on">10/09/2017 07:01:14</sdl:value><sdl:value key="last_modified_by">DESKTOP-C8MRIMB\Sherif Youssef</sdl:value><sdl:value key="modified_on">10/12/2017 19:57:35</sdl:value><sdl:value key="SDL:ProjectTranslationHash">1428831988</sdl:value><sdl:value key="SDL:OriginalTranslationHash">1428831988</sdl:value></sdl:seg></sdl:seg-defs></trans-unit></group><group><sdl:cxts><sdl:cxt id="213"/><sdl:cxt id="150"/><sdl:cxt id="151"/><sdl:cxt id="152"/><sdl:node id="74"/></sdl:cxts><trans-unit id="f19cb03a-3f56-4415-995d-5c1163a38012"><source><g id="1265">FBG 100824 B</g></source><seg-source><g id="1265"><mrk mtype="seg" mid="472">FBG 100824 B</mrk></g></seg-source><target><g id="1265"><mrk mtype="seg" mid="472">FBG 100824 B</mrk></g></target><sdl:seg-defs><sdl:seg id="472" conf="ApprovedSignOff" origin="auto-propagated" origin-system="Propagated from segment 471" percent="100"><sdl:rep id="791DGqa0K23BWepoAAP1xhXvwZk="/><sdl:value key="SegmentIdentityHash">791DGqa0K23BWepoAAP1xhXvwZk=</sdl:value><sdl:value key="last_modified_by">DESKTOP-C8MRIMB\Sherif Youssef</sdl:value><sdl:value key="modified_on">10/12/2017 19:57:35</sdl:value><sdl:value key="SDL:ProjectTranslationHash">-1044037900</sdl:value><sdl:value key="SDL:OriginalTranslationHash">-1044037900</sdl:value></sdl:seg></sdl:seg-defs></trans-unit></group><group><sdl:cxts><sdl:cxt id="214"/><sdl:cxt id="150"/><sdl:cxt id="151"/><sdl:cxt id="152"/><sdl:node id="75"/></sdl:cxts><trans-unit id="a6115787-6b88-4280-9499-f3c4a8ad33a4"><source><g id="1268">FBG 100824 C</g></source><seg-source><g id="1268"><mrk mtype="seg" mid="473">FBG 100824 C</mrk></g></seg-source><target><g id="1268"><mrk mtype="seg" mid="473">FBG 100824 C</mrk></g></target><sdl:seg-defs><sdl:seg id="473" conf="ApprovedSignOff" origin="source"><sdl:value key="SegmentIdentityHash">0PCY3FU7etuy3z3fY+5pkbUddp8=</sdl:value><sdl:value key="created_by">heba-PC\heba</sdl:value><sdl:value key="created_on">10/09/2017 07:01:21</sdl:value><sdl:value key="last_modified_by">DESKTOP-C8MRIMB\Sherif Youssef</sdl:value><sdl:value key="modified_on">10/12/2017 19:57:36</sdl:value><sdl:value key="SDL:ProjectTranslationHash">1314930420</sdl:value><sdl:value key="SDL:OriginalTranslationHash">1314930420</sdl:value></sdl:seg></sdl:seg-defs></trans-unit></group><group><sdl:cxts><sdl:cxt id="215"/><sdl:cxt id="150"/><sdl:cxt id="151"/><sdl:cxt id="152"/><sdl:node id="76"/></sdl:cxts><trans-unit id="6ab11c83-65dc-4887-b9bd-21d3e9c57db9"><source><g id="1271">FBG 100824 D</g></source><seg-source><g id="1271"><mrk mtype="seg" mid="474">FBG 100824 D</mrk></g></seg-source><target><g id="1271"><mrk mtype="seg" mid="474">FBG 100824 D</mrk></g></target><sdl:seg-defs><sdl:seg id="474" conf="ApprovedSignOff" origin="source"><sdl:value key="created_by">heba-PC\heba</sdl:value><sdl:value key="created_on">10/09/2017 07:01:25</sdl:value><sdl:value key="last_modified_by">DESKTOP-C8MRIMB\Sherif Youssef</sdl:value><sdl:value key="modified_on">10/12/2017 19:57:36</sdl:value><sdl:value key="SDL:ProjectTranslationHash">505626356</sdl:value><sdl:value key="SegmentIdentityHash">DSC+rb50FYaG+wmmu0KvGAUkBaw=</sdl:value><sdl:value key="SDL:OriginalTranslationHash">505626356</sdl:value></sdl:seg></sdl:seg-defs></trans-unit></group><group><sdl:cxts><sdl:cxt id="216"/><sdl:cxt id="150"/><sdl:cxt id="151"/><sdl:cxt id="152"/><sdl:node id="78"/></sdl:cxts><trans-unit id="c4adc880-eb51-4b32-9f84-b16257b229fb"><source><g id="1274">Alumina</g></source><seg-source><g id="1274"><mrk mtype="seg" mid="475">Alumina</mrk></g></seg-source><target><g id="1274"><mrk mtype="seg" mid="475">ألومينا</mrk></g></target><sdl:seg-defs><sdl:seg id="475" conf="ApprovedSignOff" origin="interactive"><sdl:value key="SegmentIdentityHash">KvPPVte0qhT9MePjc3HN5f1FTTk=</sdl:value><sdl:value key="created_by">heba-PC\heba</sdl:value><sdl:value key="created_on">10/09/2017 07:15:09</sdl:value><sdl:value key="last_modified_by">DESKTOP-C8MRIMB\Sherif Youssef</sdl:value><sdl:value key="modified_on">10/12/2017 19:57:37</sdl:value><sdl:value key="SDL:ProjectTranslationHash">-834074258</sdl:value><sdl:value key="SDL:OriginalTranslationHash">-834074258</sdl:value></sdl:seg></sdl:seg-defs></trans-unit></group><group><sdl:cxts><sdl:cxt id="217"/><sdl:cxt id="150"/><sdl:cxt id="151"/><sdl:cxt id="152"/><sdl:node id="79"/></sdl:cxts><trans-unit id="def3c06d-8b19-43d1-b614-d102b3286808"><source><g id="1277">CO10118, 
0.8 mm</g></source><seg-source><g id="1277"><mrk mtype="seg" mid="476">CO10118, 
0.8 mm</mrk></g></seg-source><target><g id="1277"><mrk mtype="seg" mid="476">CO10118، 
0.8 مم</mrk></g></target><sdl:seg-defs><sdl:seg id="476" conf="ApprovedSignOff" origin="interactive"><sdl:rep id="zExw08ye1ibWLbHJEtVwCbkgGI4="/><sdl:prev-origin origin="source"><sdl:rep id="zExw08ye1ibWLbHJEtVwCbkgGI4="/><sdl:prev-origin/><sdl:value key="SegmentIdentityHash">zExw08ye1ibWLbHJEtVwCbkgGI4=</sdl:value><sdl:value key="created_by">heba-PC\heba</sdl:value><sdl:value key="created_on">10/09/2017 07:15:14</sdl:value><sdl:value key="last_modified_by">heba-PC\heba</sdl:value><sdl:value key="modified_on">10/09/2017 07:15:14</sdl:value></sdl:prev-origin><sdl:value key="SegmentIdentityHash">zExw08ye1ibWLbHJEtVwCbkgGI4=</sdl:value><sdl:value key="created_by">heba-PC\heba</sdl:value><sdl:value key="created_on">10/09/2017 07:15:17</sdl:value><sdl:value key="last_modified_by">DESKTOP-C8MRIMB\Sherif Youssef</sdl:value><sdl:value key="modified_on">10/12/2017 19:57:37</sdl:value><sdl:value key="SDL:ProjectTranslationHash">1989385775</sdl:value><sdl:value key="SDL:OriginalTranslationHash">1989385775</sdl:value></sdl:seg></sdl:seg-defs></trans-unit></group><group><sdl:cxts><sdl:cxt id="218"/><sdl:cxt id="150"/><sdl:cxt id="151"/><sdl:cxt id="152"/><sdl:node id="80"/></sdl:cxts><trans-unit id="44a3ab2b-99c7-456c-85c9-b3ebcbb88f66"><source><g id="1283">CO10524, 
0.8 mm</g></source><seg-source><g id="1283"><mrk mtype="seg" mid="477">CO10524, 
0.8 mm</mrk></g></seg-source><target><g id="1283"><mrk mtype="seg" mid="477">CO10524، 
0.8 مم</mrk></g></target><sdl:seg-defs><sdl:seg id="477" conf="ApprovedSignOff" origin="auto-propagated" origin-system="Propagated from segment 476" percent="100"><sdl:rep id="zExw08ye1ibWLbHJEtVwCbkgGI4="/><sdl:value key="SegmentIdentityHash">zExw08ye1ibWLbHJEtVwCbkgGI4=</sdl:value><sdl:value key="last_modified_by">DESKTOP-C8MRIMB\Sherif Youssef</sdl:value><sdl:value key="modified_on">10/12/2017 19:57:37</sdl:value></sdl:seg></sdl:seg-defs></trans-unit></group><group><sdl:cxts><sdl:cxt id="219"/><sdl:cxt id="150"/><sdl:cxt id="151"/><sdl:cxt id="152"/><sdl:node id="81"/></sdl:cxts><trans-unit id="c3aaf224-625c-4587-b4f4-ec5b9a5c04fd"><source><g id="1289">CO10593, 
1 mm</g></source><seg-source><g id="1289"><mrk mtype="seg" mid="478">CO10593, 
1 mm</mrk></g></seg-source><target><g id="1289"><mrk mtype="seg" mid="478">CO10593، 
1 مم</mrk></g></target><sdl:seg-defs><sdl:seg id="478" conf="ApprovedSignOff" origin="interactive" percent="85"><sdl:rep id="zExw08ye1ibWLbHJEtVwCbkgGI4="/><sdl:prev-origin origin="tm" origin-system="171273_Petrol cases" percent="85"><sdl:rep id="zExw08ye1ibWLbHJEtVwCbkgGI4="/><sdl:prev-origin/><sdl:value key="SegmentIdentityHash">zExw08ye1ibWLbHJEtVwCbkgGI4=</sdl:value><sdl:value key="created_by">heba-PC\heba</sdl:value><sdl:value key="created_on">10/09/2017 07:15:17</sdl:value><sdl:value key="last_modified_by">heba-PC\heba</sdl:value><sdl:value key="modified_on">10/09/2017 07:15:21</sdl:value></sdl:prev-origin><sdl:value key="SegmentIdentityHash">zExw08ye1ibWLbHJEtVwCbkgGI4=</sdl:value><sdl:value key="created_by">heba-PC\heba</sdl:value><sdl:value key="created_on">10/09/2017 07:15:17</sdl:value><sdl:value key="last_modified_by">DESKTOP-C8MRIMB\Sherif Youssef</sdl:value><sdl:value key="modified_on">10/12/2017 19:57:38</sdl:value><sdl:value key="SDL:ProjectTranslationHash">1862220976</sdl:value><sdl:value key="SDL:OriginalTranslationHash">1862220976</sdl:value></sdl:seg></sdl:seg-defs></trans-unit></group><group><sdl:cxts><sdl:cxt id="220"/><sdl:cxt id="150"/><sdl:cxt id="151"/><sdl:cxt id="152"/><sdl:node id="82"/></sdl:cxts><trans-unit id="dd4dc77e-e7fb-4003-ba4d-455330f7a2ba"><source><g id="1295">CO10118, 
1 mm</g></source><seg-source><g id="1295"><mrk mtype="seg" mid="479">CO10118, 
1 mm</mrk></g></seg-source><target><g id="1295"><mrk mtype="seg" mid="479">CO10118، 
1 مم</mrk></g></target><sdl:seg-defs><sdl:seg id="479" conf="ApprovedSignOff" origin="tm" origin-system="171273_Petrol cases" percent="100" text-match="SourceAndTarget"><sdl:rep id="zExw08ye1ibWLbHJEtVwCbkgGI4="/><sdl:prev-origin origin="auto-propagated" origin-system="Propagated from segment 478" percent="100"><sdl:rep id="zExw08ye1ibWLbHJEtVwCbkgGI4="/><sdl:prev-origin/><sdl:value key="SegmentIdentityHash">zExw08ye1ibWLbHJEtVwCbkgGI4=</sdl:value></sdl:prev-origin><sdl:value key="SegmentIdentityHash">zExw08ye1ibWLbHJEtVwCbkgGI4=</sdl:value><sdl:value key="last_modified_by">DESKTOP-C8MRIMB\Sherif Youssef</sdl:value><sdl:value key="modified_on">10/12/2017 19:57:38</sdl:value><sdl:value key="created_on">10/09/2017 07:15:17</sdl:value><sdl:value key="created_by">heba-PC\heba</sdl:value><sdl:value key="SDL:OriginalTranslationHash">1862220976</sdl:value></sdl:seg></sdl:seg-defs></trans-unit></group><group><sdl:cxts><sdl:cxt id="221"/><sdl:cxt id="150"/><sdl:cxt id="151"/><sdl:cxt id="152"/><sdl:node id="84"/></sdl:cxts><trans-unit id="251da9c5-146a-4614-bfa3-59cbc18f0690"><source><g id="1301">Calculated Content</g></source><seg-source><g id="1301"><mrk mtype="seg" mid="480">Calculated Content</mrk></g></seg-source><target><g id="1301"><mrk mtype="seg" mid="480">المحتوى المحسوب</mrk></g></target><sdl:seg-defs><sdl:seg id="480" conf="ApprovedSignOff" origin="interactive"><sdl:value key="SegmentIdentityHash">5LI/LQwGckr6Z7sihjQJ6wkeNTk=</sdl:value><sdl:value key="created_by">heba-PC\heba</sdl:value><sdl:value key="created_on">10/09/2017 07:15:34</sdl:value><sdl:value key="last_modified_by">DESKTOP-C8MRIMB\Sherif Youssef</sdl:value><sdl:value key="modified_on">10/12/2017 19:57:38</sdl:value><sdl:value key="SDL:ProjectTranslationHash">-908891914</sdl:value><sdl:value key="SDL:OriginalTranslationHash">-908891914</sdl:value></sdl:seg></sdl:seg-defs></trans-unit></group><group><sdl:cxts><sdl:cxt id="222"/><sdl:cxt id="150"/><sdl:cxt id="151"/><sdl:cxt id="152"/><sdl:node id="85"/></sdl:cxts><trans-unit id="9d2bc441-8ff2-428f-bae2-b1d3cc35f036"><source><g id="1304">ATMP % by weight</g></source><seg-source><g id="1304"><mrk mtype="seg" mid="481">ATMP % by weight</mrk></g></seg-source><target><g id="1304"><mrk mtype="seg" mid="481">% بالوزن من ATMP</mrk></g></target><sdl:seg-defs><sdl:seg id="481" conf="ApprovedSignOff" origin="interactive"><sdl:prev-origin origin="source"><sdl:prev-origin/><sdl:value key="SegmentIdentityHash">rERfTeDu8JjF5gcE6mq+YwfEhJM=</sdl:value><sdl:value key="created_by">heba-PC\heba</sdl:value><sdl:value key="created_on">10/09/2017 07:15:46</sdl:value><sdl:value key="last_modified_by">heba-PC\heba</sdl:value><sdl:value key="modified_on">10/09/2017 07:15:46</sdl:value></sdl:prev-origin><sdl:value key="SegmentIdentityHash">rERfTeDu8JjF5gcE6mq+YwfEhJM=</sdl:value><sdl:value key="created_by">heba-PC\heba</sdl:value><sdl:value key="created_on">10/09/2017 07:15:50</sdl:value><sdl:value key="last_modified_by">DESKTOP-C8MRIMB\Sherif Youssef</sdl:value><sdl:value key="modified_on">10/12/2017 19:57:38</sdl:value><sdl:value key="SDL:ProjectTranslationHash">-262703158</sdl:value><sdl:value key="SDL:OriginalTranslationHash">-262703158</sdl:value></sdl:seg></sdl:seg-defs></trans-unit></group><group><sdl:cxts><sdl:cxt id="223"/><sdl:cxt id="150"/><sdl:cxt id="151"/><sdl:cxt id="152"/><sdl:node id="86"/></sdl:cxts><trans-unit id="2439bd8e-558d-4662-ac08-0f8c668808cf"><source><g id="1307">17.7</g></source><seg-source><g id="1307"><mrk mtype="seg" mid="482">17.7</mrk></g></seg-source><target><g id="1307"><mrk mtype="seg" mid="482">17.7</mrk></g></target><sdl:seg-defs><sdl:seg id="482" conf="ApprovedSignOff" origin="auto-propagated" origin-system="Propagated from segment 454" percent="100"><sdl:rep id="HdA4Ru8s6n5M6n4NgUokl9Cdqvs="/><sdl:value key="SegmentIdentityHash">HdA4Ru8s6n5M6n4NgUokl9Cdqvs=</sdl:value><sdl:value key="last_modified_by">DESKTOP-C8MRIMB\Sherif Youssef</sdl:value><sdl:value key="modified_on">10/12/2017 19:57:39</sdl:value></sdl:seg></sdl:seg-defs></trans-unit></group><group><sdl:cxts><sdl:cxt id="224"/><sdl:cxt id="150"/><sdl:cxt id="151"/><sdl:cxt id="152"/><sdl:node id="87"/></sdl:cxts><trans-unit id="0ec5967c-4333-4137-b858-a9c9ccbbb390"><source><g id="1310">38.5</g></source><seg-source><g id="1310"><mrk mtype="seg" mid="483">38.5</mrk></g></seg-source><target><g id="1310"><mrk mtype="seg" mid="483">38.5</mrk></g></target><sdl:seg-defs><sdl:seg id="483" conf="ApprovedSignOff" origin="auto-propagated" origin-system="Propagated from segment 482" percent="100"><sdl:rep id="HdA4Ru8s6n5M6n4NgUokl9Cdqvs="/><sdl:value key="SegmentIdentityHash">HdA4Ru8s6n5M6n4NgUokl9Cdqvs=</sdl:value><sdl:value key="last_modified_by">DESKTOP-C8MRIMB\Sherif Youssef</sdl:value><sdl:value key="modified_on">10/12/2017 19:57:40</sdl:value></sdl:seg></sdl:seg-defs></trans-unit></group><group><sdl:cxts><sdl:cxt id="225"/><sdl:cxt id="150"/><sdl:cxt id="151"/><sdl:cxt id="152"/><sdl:node id="88"/></sdl:cxts><trans-unit id="164c48c8-eaab-437b-ac0b-794a984d5825"><source><g id="1313">40.5</g></source><seg-source><g id="1313"><mrk mtype="seg" mid="484">40.5</mrk></g></seg-source><target><g id="1313"><mrk mtype="seg" mid="484">40.5</mrk></g></target><sdl:seg-defs><sdl:seg id="484" conf="ApprovedSignOff" origin="auto-propagated" origin-system="Propagated from segment 483" percent="100"><sdl:rep id="HdA4Ru8s6n5M6n4NgUokl9Cdqvs="/><sdl:value key="SegmentIdentityHash">HdA4Ru8s6n5M6n4NgUokl9Cdqvs=</sdl:value><sdl:value key="last_modified_by">DESKTOP-C8MRIMB\Sherif Youssef</sdl:value><sdl:value key="modified_on">10/12/2017 19:57:40</sdl:value></sdl:seg></sdl:seg-defs></trans-unit></group><group><sdl:cxts><sdl:cxt id="226"/><sdl:cxt id="150"/><sdl:cxt id="151"/><sdl:cxt id="152"/><sdl:node id="89"/></sdl:cxts><trans-unit id="39b149ef-cd7e-4990-af41-d8ae115ebc22"><source><g id="1316">26.2</g></source><seg-source><g id="1316"><mrk mtype="seg" mid="485">26.2</mrk></g></seg-source><target><g id="1316"><mrk mtype="seg" mid="485">26.2</mrk></g></target><sdl:seg-defs><sdl:seg id="485" conf="ApprovedSignOff" origin="auto-propagated" origin-system="Propagated from segment 484" percent="100"><sdl:rep id="HdA4Ru8s6n5M6n4NgUokl9Cdqvs="/><sdl:value key="SegmentIdentityHash">HdA4Ru8s6n5M6n4NgUokl9Cdqvs=</sdl:value><sdl:value key="last_modified_by">DESKTOP-C8MRIMB\Sherif Youssef</sdl:value><sdl:value key="modified_on">10/12/2017 19:57:40</sdl:value></sdl:seg></sdl:seg-defs></trans-unit></group><group><sdl:cxts><sdl:cxt id="227"/><sdl:cxt id="150"/><sdl:cxt id="151"/><sdl:cxt id="152"/><sdl:node id="91"/></sdl:cxts><trans-unit id="fd733891-ff5c-4128-85f7-9279a774e4f0"><source><g id="1319">Determined Content</g></source><seg-source><g id="1319"><mrk mtype="seg" mid="486">Determined Content</mrk></g></seg-source><target><g id="1319"><mrk mtype="seg" mid="486">المحتوى المحدد</mrk></g></target><sdl:seg-defs><sdl:seg id="486" conf="ApprovedSignOff" origin="interactive"><sdl:value key="SegmentIdentityHash">T4PE90w6SScKIppG/BCUR4GX1cs=</sdl:value><sdl:value key="created_by">heba-PC\heba</sdl:value><sdl:value key="created_on">10/09/2017 07:16:15</sdl:value><sdl:value key="last_modified_by">DESKTOP-C8MRIMB\Sherif Youssef</sdl:value><sdl:value key="modified_on">10/12/2017 19:57:41</sdl:value><sdl:value key="SDL:ProjectTranslationHash">1394984079</sdl:value><sdl:value key="SDL:OriginalTranslationHash">1394984079</sdl:value></sdl:seg></sdl:seg-defs></trans-unit></group><group><sdl:cxts><sdl:cxt id="228"/><sdl:cxt id="150"/><sdl:cxt id="151"/><sdl:cxt id="152"/><sdl:node id="92"/></sdl:cxts><trans-unit id="44d4e32f-7ef8-4ffb-92d5-4b3d23f6e135"><source><g id="1322">9.7</g></source><seg-source><g id="1322"><mrk mtype="seg" mid="487">9.7</mrk></g></seg-source><target><g id="1322"><mrk mtype="seg" mid="487">9.7</mrk></g></target><sdl:seg-defs><sdl:seg id="487" conf="ApprovedSignOff" origin="auto-propagated" origin-system="Propagated from segment 485" percent="100"><sdl:rep id="HdA4Ru8s6n5M6n4NgUokl9Cdqvs="/><sdl:value key="SegmentIdentityHash">HdA4Ru8s6n5M6n4NgUokl9Cdqvs=</sdl:value><sdl:value key="last_modified_by">DESKTOP-C8MRIMB\Sherif Youssef</sdl:value><sdl:value key="modified_on">10/12/2017 19:57:41</sdl:value></sdl:seg></sdl:seg-defs></trans-unit></group><group><sdl:cxts><sdl:cxt id="229"/><sdl:cxt id="150"/><sdl:cxt id="151"/><sdl:cxt id="152"/><sdl:node id="93"/></sdl:cxts><trans-unit id="9904d0ac-a22e-4523-8c99-a4850c68c1e3"><source><g id="1325">16.7</g></source><seg-source><g id="1325"><mrk mtype="seg" mid="488">16.7</mrk></g></seg-source><target><g id="1325"><mrk mtype="seg" mid="488">16.7</mrk></g></target><sdl:seg-defs><sdl:seg id="488" conf="ApprovedSignOff" origin="auto-propagated" origin-system="Propagated from segment 487" percent="100"><sdl:rep id="HdA4Ru8s6n5M6n4NgUokl9Cdqvs="/><sdl:value key="SegmentIdentityHash">HdA4Ru8s6n5M6n4NgUokl9Cdqvs=</sdl:value><sdl:value key="last_modified_by">DESKTOP-C8MRIMB\Sherif Youssef</sdl:value><sdl:value key="modified_on">10/12/2017 19:57:41</sdl:value></sdl:seg></sdl:seg-defs></trans-unit></group><group><sdl:cxts><sdl:cxt id="230"/><sdl:cxt id="150"/><sdl:cxt id="151"/><sdl:cxt id="152"/><sdl:node id="94"/></sdl:cxts><trans-unit id="8da41ad2-9f4a-4373-9f87-3e74e40915d5"><source><g id="1328">20.6</g></source><seg-source><g id="1328"><mrk mtype="seg" mid="489">20.6</mrk></g></seg-source><target><g id="1328"><mrk mtype="seg" mid="489">20.6</mrk></g></target><sdl:seg-defs><sdl:seg id="489" conf="ApprovedSignOff" origin="auto-propagated" origin-system="Propagated from segment 488" percent="100"><sdl:rep id="HdA4Ru8s6n5M6n4NgUokl9Cdqvs="/><sdl:value key="SegmentIdentityHash">HdA4Ru8s6n5M6n4NgUokl9Cdqvs=</sdl:value><sdl:value key="last_modified_by">DESKTOP-C8MRIMB\Sherif Youssef</sdl:value><sdl:value key="modified_on">10/12/2017 19:57:42</sdl:value></sdl:seg></sdl:seg-defs></trans-unit></group><group><sdl:cxts><sdl:cxt id="231"/><sdl:cxt id="150"/><sdl:cxt id="151"/><sdl:cxt id="152"/><sdl:node id="95"/></sdl:cxts><trans-unit id="a7a7cd11-e54b-401b-a6e8-d5dac8e6b521"><source><g id="1331">13.2</g></source><seg-source><g id="1331"><mrk mtype="seg" mid="490">13.2</mrk></g></seg-source><target><g id="1331"><mrk mtype="seg" mid="490">13.2</mrk></g></target><sdl:seg-defs><sdl:seg id="490" conf="ApprovedSignOff" origin="auto-propagated" origin-system="Propagated from segment 489" percent="100"><sdl:rep id="HdA4Ru8s6n5M6n4NgUokl9Cdqvs="/><sdl:value key="SegmentIdentityHash">HdA4Ru8s6n5M6n4NgUokl9Cdqvs=</sdl:value><sdl:value key="last_modified_by">DESKTOP-C8MRIMB\Sherif Youssef</sdl:value><sdl:value key="modified_on">10/12/2017 19:57:42</sdl:value></sdl:seg></sdl:seg-defs></trans-unit></group><group><sdl:cxts><sdl:cxt id="232"/><sdl:cxt id="150"/><sdl:cxt id="151"/><sdl:cxt id="152"/><sdl:node id="97"/></sdl:cxts><trans-unit id="530efc2e-1780-427a-a323-810de864aab6"><source><g id="1334">Bulk Density</g></source><seg-source><g id="1334"><mrk mtype="seg" mid="491">Bulk Density</mrk></g></seg-source><target><g id="1334"><mrk mtype="seg" mid="491">الكثافة الكتلية</mrk></g></target><sdl:seg-defs><sdl:seg id="491" conf="ApprovedSignOff" origin="interactive" percent="74"><sdl:prev-origin origin="tm" origin-system="171273_General" percent="74"><sdl:prev-origin/><sdl:value key="SegmentIdentityHash">YyE2oEfkv71Ap4y6aiw8CGY0IlU=</sdl:value><sdl:value key="created_by">DESKTOP-C8MRIMB\Sherif Youssef</sdl:value><sdl:value key="created_on">07/01/2016 05:05:34</sdl:value><sdl:value key="last_modified_by">DESKTOP-C8MRIMB\Sherif Youssef</sdl:value><sdl:value key="modified_on">07/01/2016 04:53:16</sdl:value></sdl:prev-origin><sdl:value key="SegmentIdentityHash">YyE2oEfkv71Ap4y6aiw8CGY0IlU=</sdl:value><sdl:value key="created_by">DESKTOP-C8MRIMB\Sherif Youssef</sdl:value><sdl:value key="created_on">07/01/2016 05:05:34</sdl:value><sdl:value key="last_modified_by">DESKTOP-C8MRIMB\Sherif Youssef</sdl:value><sdl:value key="modified_on">10/12/2017 19:57:42</sdl:value><sdl:value key="SDL:ProjectTranslationHash">-1211943152</sdl:value><sdl:value key="SDL:OriginalTranslationHash">-1211943152</sdl:value></sdl:seg></sdl:seg-defs></trans-unit></group><group><sdl:cxts><sdl:cxt id="233"/><sdl:cxt id="150"/><sdl:cxt id="151"/><sdl:cxt id="152"/><sdl:node id="98"/></sdl:cxts><trans-unit id="47eb1646-11ff-4e84-8987-fe8c31bc7636"><source><g id="1337">Loose</g></source><seg-source><g id="1337"><mrk mtype="seg" mid="492">Loose</mrk></g></seg-source><target><g id="1337"><mrk mtype="seg" mid="492">سائب</mrk></g></target><sdl:seg-defs><sdl:seg id="492" conf="ApprovedSignOff" origin="interactive"><sdl:value key="SegmentIdentityHash">jQEQIebVadCK75pVgqDtYYxsiZU=</sdl:value><sdl:value key="created_by">heba-PC\heba</sdl:value><sdl:value key="created_on">10/09/2017 07:16:52</sdl:value><sdl:value key="last_modified_by">DESKTOP-C8MRIMB\Sherif Youssef</sdl:value><sdl:value key="modified_on">10/12/2017 19:57:43</sdl:value><sdl:value key="SDL:ProjectTranslationHash">1895726797</sdl:value><sdl:value key="SDL:OriginalTranslationHash">1895726797</sdl:value></sdl:seg></sdl:seg-defs></trans-unit></group><group><sdl:cxts><sdl:cxt id="234"/><sdl:cxt id="150"/><sdl:cxt id="151"/><sdl:cxt id="152"/><sdl:node id="99"/></sdl:cxts><trans-unit id="961020ff-dd53-4621-9f52-f6d0b881353b"><source><g id="1340">lb/ft<g id="1343">3</g></g></source><seg-source><g id="1340"><mrk mtype="seg" mid="493">lb/ft<g id="1343">3</g></mrk></g></seg-source><target><g id="1340"><mrk mtype="seg" mid="493">رطل/قدم<g id="1343">3</g></mrk></g></target><sdl:seg-defs><sdl:seg id="493" conf="ApprovedSignOff" origin="interactive" percent="86"><sdl:prev-origin origin="tm" origin-system="171273_Petrol cases" percent="86"><sdl:prev-origin/><sdl:value key="SegmentIdentityHash">QLKpCTqDMa2B46UI/BaBRYeOsIk=</sdl:value><sdl:value key="created_by">DESKTOP-C8MRIMB\Sherif Youssef</sdl:value><sdl:value key="created_on">01/04/2017 12:59:07</sdl:value><sdl:value key="last_modified_by">DESKTOP-C8MRIMB\Sherif Youssef</sdl:value><sdl:value key="modified_on">01/04/2017 12:46:29</sdl:value></sdl:prev-origin><sdl:value key="SegmentIdentityHash">QLKpCTqDMa2B46UI/BaBRYeOsIk=</sdl:value><sdl:value key="created_by">DESKTOP-C8MRIMB\Sherif Youssef</sdl:value><sdl:value key="created_on">01/04/2017 12:59:07</sdl:value><sdl:value key="last_modified_by">DESKTOP-C8MRIMB\Sherif Youssef</sdl:value><sdl:value key="modified_on">10/12/2017 19:57:43</sdl:value><sdl:value key="SDL:ProjectTranslationHash">-939160150</sdl:value><sdl:value key="SDL:OriginalTranslationHash">-939160150</sdl:value></sdl:seg></sdl:seg-defs></trans-unit></group><group><sdl:cxts><sdl:cxt id="235"/><sdl:cxt id="150"/><sdl:cxt id="151"/><sdl:cxt id="152"/><sdl:node id="100"/></sdl:cxts><trans-unit id="db64aaf9-3cd6-4be2-8663-060f8300537d"><source><g id="1346">106</g></source><seg-source><g id="1346"><mrk mtype="seg" mid="494">106</mrk></g></seg-source><target><g id="1346"><mrk mtype="seg" mid="494">106</mrk></g></target><sdl:seg-defs><sdl:seg id="494" conf="ApprovedSignOff" origin="auto-propagated" origin-system="Propagated from segment 490" percent="100"><sdl:rep id="HdA4Ru8s6n5M6n4NgUokl9Cdqvs="/><sdl:value key="SegmentIdentityHash">HdA4Ru8s6n5M6n4NgUokl9Cdqvs=</sdl:value><sdl:value key="last_modified_by">DESKTOP-C8MRIMB\Sherif Youssef</sdl:value><sdl:value key="modified_on">10/12/2017 19:57:44</sdl:value></sdl:seg></sdl:seg-defs></trans-unit></group><group><sdl:cxts><sdl:cxt id="236"/><sdl:cxt id="150"/><sdl:cxt id="151"/><sdl:cxt id="152"/><sdl:node id="101"/></sdl:cxts><trans-unit id="1cf7a8de-9b0a-4ea0-97f8-3f1057ef85b4"><source><g id="1349">88</g></source><seg-source><g id="1349"><mrk mtype="seg" mid="495">88</mrk></g></seg-source><target><g id="1349"><mrk mtype="seg" mid="495">88</mrk></g></target><sdl:seg-defs><sdl:seg id="495" conf="ApprovedSignOff" origin="auto-propagated" origin-system="Propagated from segment 494" percent="100"><sdl:rep id="HdA4Ru8s6n5M6n4NgUokl9Cdqvs="/><sdl:value key="SegmentIdentityHash">HdA4Ru8s6n5M6n4NgUokl9Cdqvs=</sdl:value><sdl:value key="last_modified_by">DESKTOP-C8MRIMB\Sherif Youssef</sdl:value><sdl:value key="modified_on">10/12/2017 19:57:44</sdl:value></sdl:seg></sdl:seg-defs></trans-unit></group><group><sdl:cxts><sdl:cxt id="237"/><sdl:cxt id="150"/><sdl:cxt id="151"/><sdl:cxt id="152"/><sdl:node id="102"/></sdl:cxts><trans-unit id="9fd42737-cff4-489c-8a0f-e513f4ded59d"><source><g id="1352">87</g></source><seg-source><g id="1352"><mrk mtype="seg" mid="496">87</mrk></g></seg-source><target><g id="1352"><mrk mtype="seg" mid="496">87</mrk></g></target><sdl:seg-defs><sdl:seg id="496" conf="ApprovedSignOff" origin="auto-propagated" origin-system="Propagated from segment 495" percent="100"><sdl:rep id="HdA4Ru8s6n5M6n4NgUokl9Cdqvs="/><sdl:value key="SegmentIdentityHash">HdA4Ru8s6n5M6n4NgUokl9Cdqvs=</sdl:value><sdl:value key="last_modified_by">DESKTOP-C8MRIMB\Sherif Youssef</sdl:value><sdl:value key="modified_on">10/12/2017 19:57:44</sdl:value></sdl:seg></sdl:seg-defs></trans-unit></group><group><sdl:cxts><sdl:cxt id="238"/><sdl:cxt id="150"/><sdl:cxt id="151"/><sdl:cxt id="152"/><sdl:node id="103"/></sdl:cxts><trans-unit id="5382b28d-5beb-423f-82a4-25fef81ea6ea"><source><g id="1355">100</g></source><seg-source><g id="1355"><mrk mtype="seg" mid="497">100</mrk></g></seg-source><target><g id="1355"><mrk mtype="seg" mid="497">100</mrk></g></target><sdl:seg-defs><sdl:seg id="497" conf="ApprovedSignOff" origin="auto-propagated" origin-system="Propagated from segment 496" percent="100"><sdl:rep id="HdA4Ru8s6n5M6n4NgUokl9Cdqvs="/><sdl:value key="SegmentIdentityHash">HdA4Ru8s6n5M6n4NgUokl9Cdqvs=</sdl:value><sdl:value key="last_modified_by">DESKTOP-C8MRIMB\Sherif Youssef</sdl:value><sdl:value key="modified_on">10/12/2017 19:57:45</sdl:value></sdl:seg></sdl:seg-defs></trans-unit></group><group><sdl:cxts><sdl:cxt id="239"/><sdl:cxt id="150"/><sdl:cxt id="151"/><sdl:cxt id="152"/><sdl:node id="105"/></sdl:cxts><trans-unit id="f467b7c6-8d12-4523-af40-62977b4ba393"><source><g id="1358">Packed</g></source><seg-source><g id="1358"><mrk mtype="seg" mid="498">Packed</mrk></g></seg-source><target><g id="1358"><mrk mtype="seg" mid="498">محشو</mrk></g></target><sdl:seg-defs><sdl:seg id="498" conf="ApprovedSignOff" origin="interactive"><sdl:value key="SegmentIdentityHash">PaxnEvQ/QMsfksTzJI95+gkW/i4=</sdl:value><sdl:value key="created_by">heba-PC\heba</sdl:value><sdl:value key="created_on">10/09/2017 07:17:10</sdl:value><sdl:value key="last_modified_by">DESKTOP-C8MRIMB\Sherif Youssef</sdl:value><sdl:value key="modified_on">10/12/2017 19:57:45</sdl:value><sdl:value key="SDL:ProjectTranslationHash">-1428507819</sdl:value><sdl:value key="SDL:OriginalTranslationHash">-1428507819</sdl:value></sdl:seg></sdl:seg-defs></trans-unit></group><group><sdl:cxts><sdl:cxt id="240"/><sdl:cxt id="150"/><sdl:cxt id="151"/><sdl:cxt id="152"/><sdl:node id="106"/></sdl:cxts><trans-unit id="e4658ce5-5823-4931-bddc-aee5c0bc443c"><source><g id="1361">114</g></source><seg-source><g id="1361"><mrk mtype="seg" mid="499">114</mrk></g></seg-source><target><g id="1361"><mrk mtype="seg" mid="499">114</mrk></g></target><sdl:seg-defs><sdl:seg id="499" conf="ApprovedSignOff" origin="auto-propagated" origin-system="Propagated from segment 497" percent="100"><sdl:rep id="HdA4Ru8s6n5M6n4NgUokl9Cdqvs="/><sdl:value key="SegmentIdentityHash">HdA4Ru8s6n5M6n4NgUokl9Cdqvs=</sdl:value><sdl:value key="last_modified_by">DESKTOP-C8MRIMB\Sherif Youssef</sdl:value><sdl:value key="modified_on">10/12/2017 19:57:46</sdl:value></sdl:seg></sdl:seg-defs></trans-unit></group><group><sdl:cxts><sdl:cxt id="241"/><sdl:cxt id="150"/><sdl:cxt id="151"/><sdl:cxt id="152"/><sdl:node id="107"/></sdl:cxts><trans-unit id="e6a3813a-0532-4632-b180-f3f8c2c770c8"><source><g id="1364">94</g></source><seg-source><g id="1364"><mrk mtype="seg" mid="500">94</mrk></g></seg-source><target><g id="1364"><mrk mtype="seg" mid="500">94</mrk></g></target><sdl:seg-defs><sdl:seg id="500" conf="ApprovedSignOff" origin="auto-propagated" origin-system="Propagated from segment 499" percent="100"><sdl:rep id="HdA4Ru8s6n5M6n4NgUokl9Cdqvs="/><sdl:value key="SegmentIdentityHash">HdA4Ru8s6n5M6n4NgUokl9Cdqvs=</sdl:value><sdl:value key="last_modified_by">DESKTOP-C8MRIMB\Sherif Youssef</sdl:value><sdl:value key="modified_on">10/12/2017 19:57:46</sdl:value></sdl:seg></sdl:seg-defs></trans-unit></group><group><sdl:cxts><sdl:cxt id="242"/><sdl:cxt id="150"/><sdl:cxt id="151"/><sdl:cxt id="152"/><sdl:node id="108"/></sdl:cxts><trans-unit id="bd97fbcc-1831-4a6c-a3cf-fdea8efb2e90"><source><g id="1367">94</g></source><seg-source><g id="1367"><mrk mtype="seg" mid="501">94</mrk></g></seg-source><target><g id="1367"><mrk mtype="seg" mid="501">94</mrk></g></target><sdl:seg-defs><sdl:seg id="501" conf="ApprovedSignOff" origin="auto-propagated" origin-system="Propagated from segment 500" percent="100"><sdl:rep id="HdA4Ru8s6n5M6n4NgUokl9Cdqvs="/><sdl:value key="SegmentIdentityHash">HdA4Ru8s6n5M6n4NgUokl9Cdqvs=</sdl:value><sdl:value key="last_modified_by">DESKTOP-C8MRIMB\Sherif Youssef</sdl:value><sdl:value key="modified_on">10/12/2017 19:57:47</sdl:value></sdl:seg></sdl:seg-defs></trans-unit></group><group><sdl:cxts><sdl:cxt id="243"/><sdl:cxt id="150"/><sdl:cxt id="151"/><sdl:cxt id="152"/><sdl:node id="109"/></sdl:cxts><trans-unit id="797eba54-e035-4a9d-a97c-e29c2976ede2"><source><g id="1370">108</g></source><seg-source><g id="1370"><mrk mtype="seg" mid="502">108</mrk></g></seg-source><target><g id="1370"><mrk mtype="seg" mid="502">108</mrk></g></target><sdl:seg-defs><sdl:seg id="502" conf="ApprovedSignOff" origin="auto-propagated" origin-system="Propagated from segment 501" percent="100"><sdl:rep id="HdA4Ru8s6n5M6n4NgUokl9Cdqvs="/><sdl:value key="SegmentIdentityHash">HdA4Ru8s6n5M6n4NgUokl9Cdqvs=</sdl:value><sdl:value key="last_modified_by">DESKTOP-C8MRIMB\Sherif Youssef</sdl:value><sdl:value key="modified_on">10/12/2017 19:57:47</sdl:value></sdl:seg></sdl:seg-defs></trans-unit></group><group><sdl:cxts><sdl:cxt id="244"/><sdl:cxt id="150"/><sdl:cxt id="151"/><sdl:cxt id="152"/><sdl:node id="111"/></sdl:cxts><trans-unit id="662f9173-6c71-42ae-87d2-77434b273c8d"><source><g id="1373">Specific gravity</g></source><seg-source><g id="1373"><mrk mtype="seg" mid="503">Specific gravity</mrk></g></seg-source><target><g id="1373"><mrk mtype="seg" mid="503">الثقل النوعي</mrk></g></target><sdl:seg-defs><sdl:seg id="503" conf="ApprovedSignOff" origin="interactive" percent="98"><sdl:prev-origin origin="tm" origin-system="171273_Petrol cases" percent="98"><sdl:prev-origin/><sdl:value key="SegmentIdentityHash">6RbaSViowAZjWatFlwV4k9lVurA=</sdl:value><sdl:value key="created_by">NAGWA\Nagwa</sdl:value><sdl:value key="created_on">03/20/2016 15:37:50</sdl:value><sdl:value key="last_modified_by">SHERIF\Sherif Youssef</sdl:value><sdl:value key="modified_on">03/22/2016 09:56:24</sdl:value></sdl:prev-origin><sdl:value key="SegmentIdentityHash">6RbaSViowAZjWatFlwV4k9lVurA=</sdl:value><sdl:value key="created_by">NAGWA\Nagwa</sdl:value><sdl:value key="created_on">03/20/2016 15:37:50</sdl:value><sdl:value key="last_modified_by">DESKTOP-C8MRIMB\Sherif Youssef</sdl:value><sdl:value key="modified_on">10/12/2017 19:57:47</sdl:value><sdl:value key="SDL:ProjectTranslationHash">-2048288500</sdl:value><sdl:value key="SDL:OriginalTranslationHash">-2048288500</sdl:value></sdl:seg></sdl:seg-defs></trans-unit></group><group><sdl:cxts><sdl:cxt id="245"/><sdl:cxt id="150"/><sdl:cxt id="151"/><sdl:cxt id="152"/><sdl:node id="112"/></sdl:cxts><trans-unit id="17f785f2-9bfb-4e1d-a1f7-87df978bbfcb"><source><g id="1376">H2O = 1</g></source><seg-source><g id="1376"><mrk mtype="seg" mid="504">H2O = 1</mrk></g></seg-source><target><g id="1376"><mrk mtype="seg" mid="504">H2O = 1</mrk></g></target><sdl:seg-defs><sdl:seg id="504" conf="ApprovedSignOff" origin="source"><sdl:prev-origin origin="tm" origin-system="171273_Petrol cases" percent="96"><sdl:prev-origin/><sdl:value key="SegmentIdentityHash">BkXgY8YwcBduVsNv+i0hejLIV/U=</sdl:value><sdl:value key="created_by">NAGWA\Nagwa</sdl:value><sdl:value key="created_on">01/14/2017 14:47:15</sdl:value><sdl:value key="last_modified_by">DESKTOP-C8MRIMB\Sherif Youssef</sdl:value><sdl:value key="modified_on">01/19/2017 14:31:05</sdl:value></sdl:prev-origin><sdl:value key="SegmentIdentityHash">BkXgY8YwcBduVsNv+i0hejLIV/U=</sdl:value><sdl:value key="created_by">heba-PC\heba</sdl:value><sdl:value key="created_on">10/09/2017 07:17:23</sdl:value><sdl:value key="last_modified_by">DESKTOP-C8MRIMB\Sherif Youssef</sdl:value><sdl:value key="modified_on">10/12/2017 19:57:48</sdl:value><sdl:value key="SDL:ProjectTranslationHash">-2044690441</sdl:value><sdl:value key="SDL:OriginalTranslationHash">-2044690441</sdl:value></sdl:seg></sdl:seg-defs></trans-unit></group><group><sdl:cxts><sdl:cxt id="246"/><sdl:cxt id="150"/><sdl:cxt id="151"/><sdl:cxt id="152"/><sdl:node id="113"/></sdl:cxts><trans-unit id="b1022be9-9b9e-489c-8229-7010c1c0ed83"><source><g id="1379">3.19</g></source><seg-source><g id="1379"><mrk mtype="seg" mid="505">3.19</mrk></g></seg-source><target><g id="1379"><mrk mtype="seg" mid="505">3.19</mrk></g></target><sdl:seg-defs><sdl:seg id="505" conf="ApprovedSignOff" origin="auto-propagated" origin-system="Propagated from segment 502" percent="100"><sdl:rep id="HdA4Ru8s6n5M6n4NgUokl9Cdqvs="/><sdl:value key="SegmentIdentityHash">HdA4Ru8s6n5M6n4NgUokl9Cdqvs=</sdl:value><sdl:value key="last_modified_by">DESKTOP-C8MRIMB\Sherif Youssef</sdl:value><sdl:value key="modified_on">10/12/2017 19:57:49</sdl:value></sdl:seg></sdl:seg-defs></trans-unit></group><group><sdl:cxts><sdl:cxt id="247"/><sdl:cxt id="150"/><sdl:cxt id="151"/><sdl:cxt id="152"/><sdl:node id="114"/></sdl:cxts><trans-unit id="1404aa61-3f39-47f2-b633-0beac6b97390"><source><g id="1382">2.94</g></source><seg-source><g id="1382"><mrk mtype="seg" mid="506">2.94</mrk></g></seg-source><target><g id="1382"><mrk mtype="seg" mid="506">2.94</mrk></g></target><sdl:seg-defs><sdl:seg id="506" conf="ApprovedSignOff" origin="auto-propagated" origin-system="Propagated from segment 505" percent="100"><sdl:rep id="HdA4Ru8s6n5M6n4NgUokl9Cdqvs="/><sdl:value key="SegmentIdentityHash">HdA4Ru8s6n5M6n4NgUokl9Cdqvs=</sdl:value><sdl:value key="last_modified_by">DESKTOP-C8MRIMB\Sherif Youssef</sdl:value><sdl:value key="modified_on">10/12/2017 19:57:49</sdl:value></sdl:seg></sdl:seg-defs></trans-unit></group><group><sdl:cxts><sdl:cxt id="248"/><sdl:cxt id="150"/><sdl:cxt id="151"/><sdl:cxt id="152"/><sdl:node id="115"/></sdl:cxts><trans-unit id="18bd20a2-a629-4b82-a818-0f919a84a1ac"><source><g id="1385">2.87</g></source><seg-source><g id="1385"><mrk mtype="seg" mid="507">2.87</mrk></g></seg-source><target><g id="1385"><mrk mtype="seg" mid="507">2.87</mrk></g></target><sdl:seg-defs><sdl:seg id="507" conf="ApprovedSignOff" origin="auto-propagated" origin-system="Propagated from segment 506" percent="100"><sdl:rep id="HdA4Ru8s6n5M6n4NgUokl9Cdqvs="/><sdl:value key="SegmentIdentityHash">HdA4Ru8s6n5M6n4NgUokl9Cdqvs=</sdl:value><sdl:value key="last_modified_by">DESKTOP-C8MRIMB\Sherif Youssef</sdl:value><sdl:value key="modified_on">10/12/2017 19:57:49</sdl:value></sdl:seg></sdl:seg-defs></trans-unit></group><group><sdl:cxts><sdl:cxt id="249"/><sdl:cxt id="150"/><sdl:cxt id="151"/><sdl:cxt id="152"/><sdl:node id="116"/></sdl:cxts><trans-unit id="5c6815fe-34a7-4f57-aa99-d9cf9b38396b"><source><g id="1388">3.11</g></source><seg-source><g id="1388"><mrk mtype="seg" mid="508">3.11</mrk></g></seg-source><target><g id="1388"><mrk mtype="seg" mid="508">3.11</mrk></g></target><sdl:seg-defs><sdl:seg id="508" conf="ApprovedSignOff" origin="auto-propagated" origin-system="Propagated from segment 507" percent="100"><sdl:rep id="HdA4Ru8s6n5M6n4NgUokl9Cdqvs="/><sdl:value key="SegmentIdentityHash">HdA4Ru8s6n5M6n4NgUokl9Cdqvs=</sdl:value><sdl:value key="last_modified_by">DESKTOP-C8MRIMB\Sherif Youssef</sdl:value><sdl:value key="modified_on">10/12/2017 19:57:49</sdl:value></sdl:seg></sdl:seg-defs></trans-unit></group><group><sdl:cxts><sdl:cxt id="250"/><sdl:cxt id="150"/><sdl:cxt id="151"/><sdl:cxt id="152"/><sdl:node id="118"/></sdl:cxts><trans-unit id="caaa79a9-c4e2-4929-90b9-359a7c37a56d"><source><g id="1391">Moisture</g></source><seg-source><g id="1391"><mrk mtype="seg" mid="509">Moisture</mrk></g></seg-source><target><g id="1391"><mrk mtype="seg" mid="509">الرطوبة</mrk></g></target><sdl:seg-defs><sdl:seg id="509" conf="ApprovedSignOff" origin="interactive"><sdl:value key="SegmentIdentityHash">LgEyExCBH+FRtNMaiwrFdVP3+iM=</sdl:value><sdl:value key="created_by">heba-PC\heba</sdl:value><sdl:value key="created_on">10/09/2017 07:17:28</sdl:value><sdl:value key="last_modified_by">DESKTOP-C8MRIMB\Sherif Youssef</sdl:value><sdl:value key="modified_on">10/12/2017 19:57:50</sdl:value><sdl:value key="SDL:ProjectTranslationHash">-263247197</sdl:value><sdl:value key="SDL:OriginalTranslationHash">-263247197</sdl:value></sdl:seg></sdl:seg-defs></trans-unit></group><group><sdl:cxts><sdl:cxt id="251"/><sdl:cxt id="150"/><sdl:cxt id="151"/><sdl:cxt id="152"/><sdl:node id="119"/></sdl:cxts><trans-unit id="a4bd2fb8-9cd0-429e-92e9-444abc83d798"><source><g id="1394">% by weight</g></source><seg-source><g id="1394"><mrk mtype="seg" mid="510">% by weight</mrk></g></seg-source><target><g id="1394"><mrk mtype="seg" mid="510">% بالوزن</mrk></g></target><sdl:seg-defs><sdl:seg id="510" conf="ApprovedSignOff" origin="interactive"><sdl:value key="SegmentIdentityHash">wRNYyi0nJlDLT1rDPb6aUfw0LK4=</sdl:value><sdl:value key="created_by">heba-PC\heba</sdl:value><sdl:value key="created_on">10/09/2017 07:17:31</sdl:value><sdl:value key="last_modified_by">DESKTOP-C8MRIMB\Sherif Youssef</sdl:value><sdl:value key="modified_on">10/12/2017 19:57:50</sdl:value><sdl:value key="SDL:ProjectTranslationHash">-919700229</sdl:value><sdl:value key="SDL:OriginalTranslationHash">-919700229</sdl:value></sdl:seg></sdl:seg-defs></trans-unit></group><group><sdl:cxts><sdl:cxt id="252"/><sdl:cxt id="150"/><sdl:cxt id="151"/><sdl:cxt id="152"/><sdl:node id="120"/></sdl:cxts><trans-unit id="e587088b-2159-4713-958d-01384d39d16b"><source><g id="1397">0.41</g></source><seg-source><g id="1397"><mrk mtype="seg" mid="511">0.41</mrk></g></seg-source><target><g id="1397"><mrk mtype="seg" mid="511">0.41</mrk></g></target><sdl:seg-defs><sdl:seg id="511" conf="ApprovedSignOff" origin="auto-propagated" origin-system="Propagated from segment 508" percent="100"><sdl:rep id="HdA4Ru8s6n5M6n4NgUokl9Cdqvs="/><sdl:value key="SegmentIdentityHash">HdA4Ru8s6n5M6n4NgUokl9Cdqvs=</sdl:value><sdl:value key="last_modified_by">DESKTOP-C8MRIMB\Sherif Youssef</sdl:value><sdl:value key="modified_on">10/12/2017 19:57:51</sdl:value></sdl:seg></sdl:seg-defs></trans-unit></group><group><sdl:cxts><sdl:cxt id="253"/><sdl:cxt id="150"/><sdl:cxt id="151"/><sdl:cxt id="152"/><sdl:node id="121"/></sdl:cxts><trans-unit id="50bec0df-1d82-4e3e-bee4-9f2a03d8392f"><source><g id="1400">0.50</g></source><seg-source><g id="1400"><mrk mtype="seg" mid="512">0.50</mrk></g></seg-source><target><g id="1400"><mrk mtype="seg" mid="512">0.50</mrk></g></target><sdl:seg-defs><sdl:seg id="512" conf="ApprovedSignOff" origin="auto-propagated" origin-system="Propagated from segment 511" percent="100"><sdl:rep id="HdA4Ru8s6n5M6n4NgUokl9Cdqvs="/><sdl:value key="SegmentIdentityHash">HdA4Ru8s6n5M6n4NgUokl9Cdqvs=</sdl:value><sdl:value key="last_modified_by">DESKTOP-C8MRIMB\Sherif Youssef</sdl:value><sdl:value key="modified_on">10/12/2017 19:57:51</sdl:value></sdl:seg></sdl:seg-defs></trans-unit></group><group><sdl:cxts><sdl:cxt id="254"/><sdl:cxt id="150"/><sdl:cxt id="151"/><sdl:cxt id="152"/><sdl:node id="122"/></sdl:cxts><trans-unit id="5e938c24-47e0-4f12-bedd-74a0642e2d62"><source><g id="1403">0.51</g></source><seg-source><g id="1403"><mrk mtype="seg" mid="513">0.51</mrk></g></seg-source><target><g id="1403"><mrk mtype="seg" mid="513">0.51</mrk></g></target><sdl:seg-defs><sdl:seg id="513" conf="ApprovedSignOff" origin="auto-propagated" origin-system="Propagated from segment 512" percent="100"><sdl:rep id="HdA4Ru8s6n5M6n4NgUokl9Cdqvs="/><sdl:value key="SegmentIdentityHash">HdA4Ru8s6n5M6n4NgUokl9Cdqvs=</sdl:value><sdl:value key="last_modified_by">DESKTOP-C8MRIMB\Sherif Youssef</sdl:value><sdl:value key="modified_on">10/12/2017 19:57:51</sdl:value></sdl:seg></sdl:seg-defs></trans-unit></group><group><sdl:cxts><sdl:cxt id="255"/><sdl:cxt id="150"/><sdl:cxt id="151"/><sdl:cxt id="152"/><sdl:node id="123"/></sdl:cxts><trans-unit id="802aa64d-148a-47b9-b7c6-fb5192806984"><source><g id="1406">0.48</g></source><seg-source><g id="1406"><mrk mtype="seg" mid="514">0.48</mrk></g></seg-source><target><g id="1406"><mrk mtype="seg" mid="514">0.48</mrk></g></target><sdl:seg-defs><sdl:seg id="514" conf="ApprovedSignOff" origin="auto-propagated" origin-system="Propagated from segment 513" percent="100"><sdl:rep id="HdA4Ru8s6n5M6n4NgUokl9Cdqvs="/><sdl:value key="SegmentIdentityHash">HdA4Ru8s6n5M6n4NgUokl9Cdqvs=</sdl:value><sdl:value key="last_modified_by">DESKTOP-C8MRIMB\Sherif Youssef</sdl:value><sdl:value key="modified_on">10/12/2017 19:57:52</sdl:value></sdl:seg></sdl:seg-defs></trans-unit></group><group><sdl:cxts><sdl:cxt id="256"/><sdl:cxt id="2"/></sdl:cxts><trans-unit id="844ce965-90c8-4d82-bd7f-e0eb6f3a63af"><source><g id="1409">[000130] <g id="1412">Example 9.</g> The elution of each of samples of Example 8 was performed in accordance with the procedures set forth in Examples 4 and 6 with 50% of the particles by weight of the sand in the column. The results are set forth in FIG. 4A and FIG. 4B and are compared to the results of 2% of loading of the composite exemplified in U.S. Patent No. 7,493,955. The results are similar to those of Example 6 and show that the amount of composite may be tailored with the amount of proppant depending on the amount of water produced from the well and how long protection is desired. As illustrated, 2% of the particles in the sand and 50% particles in the sand may be used for the same purpose.</g></source><seg-source><g id="1409"><mrk mtype="seg" mid="515">[000130] <g id="1412">Example 9.</g></mrk> <mrk mtype="seg" mid="516">The elution of each of samples of Example 8 was performed in accordance with the procedures set forth in Examples 4 and 6 with 50% of the particles by weight of the sand in the column.</mrk> <mrk mtype="seg" mid="517">The results are set forth in FIG. 4A and FIG. 4B and are compared to the results of 2% of loading of the composite exemplified in U.S. Patent No. 7,493,955.</mrk> <mrk mtype="seg" mid="518">The results are similar to those of Example 6 and show that the amount of composite may be tailored with the amount of proppant depending on the amount of water produced from the well and how long protection is desired.</mrk> <mrk mtype="seg" mid="519">As illustrated, 2% of the particles in the sand and 50% particles in the sand may be used for the same purpose.</mrk></g></seg-source><target><g id="1409"><mrk mtype="seg" mid="515">[000130] <g id="1412">المثال 9.</g></mrk> <mrk mtype="seg" mid="516">تم إجراء التصفية التتابعي لكل من العينات الواردة في المثال 8 وفقًا للإجراء المذكور في الأمثلة 4 و6 باستخدام 50% من الجسيمات بالوزن من الرمل الموجود في العمود.</mrk> <mrk mtype="seg" mid="517">تم عرض النتائج في الشكل 4أ والشكل 4ب وتمت مقارنتها بالنتائج الخاصة بـ 2% من حمولة المادة المركبة الموضحة في براءة الاختراع الأمريكية رقم 7,493,955.</mrk> <mrk mtype="seg" mid="518">تعتبر النتائج مماثل لتلك الخاصة بالمثال 6 وتعرض أنه يمكن ضبط كمية المادة المركبة باستخدام كمية من مادة الحشو الدعمي بناءً على كمية الماء المنتجة من البئر ومدة الحماية المطلوبة.</mrk> <mrk mtype="seg" mid="519">على النحو الموضح، يمكن استخدام 2% من الجسيمات الموجودة في الرمل و50% من الجسيمات الموجودة في الرمل لنفس الغرض.</mrk></g></target><sdl:seg-defs><sdl:seg id="515" conf="ApprovedSignOff" origin="auto-propagated" origin-system="Propagated from segment 465" percent="100"><sdl:rep id="IRx+ZuX+4FhIWaSY41kmDT6cRgo="/><sdl:value key="SegmentIdentityHash">IRx+ZuX+4FhIWaSY41kmDT6cRgo=</sdl:value><sdl:value key="last_modified_by">DESKTOP-C8MRIMB\Sherif Youssef</sdl:value><sdl:value key="modified_on">10/12/2017 19:57:53</sdl:value></sdl:seg><sdl:seg id="516" conf="ApprovedSignOff" origin="interactive"><sdl:value key="SegmentIdentityHash">QZvFesITSZmBMMk2nvgWp4XP2SU=</sdl:value><sdl:value key="created_by">heba-PC\heba</sdl:value><sdl:value key="created_on">10/09/2017 10:07:53</sdl:value><sdl:value key="last_modified_by">DESKTOP-C8MRIMB\Sherif Youssef</sdl:value><sdl:value key="modified_on">10/12/2017 19:57:53</sdl:value><sdl:value key="SDL:ProjectTranslationHash">887814117</sdl:value><sdl:value key="SDL:OriginalTranslationHash">887814117</sdl:value></sdl:seg><sdl:seg id="517" conf="ApprovedSignOff" origin="interactive"><sdl:value key="SegmentIdentityHash">9UywAW5z5g3B4pHk2tFt5PUOCNk=</sdl:value><sdl:value key="created_by">heba-PC\heba</sdl:value><sdl:value key="created_on">10/09/2017 10:08:47</sdl:value><sdl:value key="last_modified_by">DESKTOP-C8MRIMB\Sherif Youssef</sdl:value><sdl:value key="modified_on">10/12/2017 19:57:57</sdl:value><sdl:value key="SDL:ProjectTranslationHash">-616988050</sdl:value><sdl:value key="SDL:OriginalTranslationHash">-616988050</sdl:value></sdl:seg><sdl:seg id="518" conf="ApprovedSignOff" origin="interactive"><sdl:value key="SegmentIdentityHash">e9unfX+awXqxUPQbauJt7Y5Yl3M=</sdl:value><sdl:value key="created_by">heba-PC\heba</sdl:value><sdl:value key="created_on">10/09/2017 10:09:56</sdl:value><sdl:value key="last_modified_by">DESKTOP-C8MRIMB\Sherif Youssef</sdl:value><sdl:value key="modified_on">10/12/2017 19:57:59</sdl:value><sdl:value key="SDL:ProjectTranslationHash">455505163</sdl:value><sdl:value key="SDL:OriginalTranslationHash">455505163</sdl:value></sdl:seg><sdl:seg id="519" conf="ApprovedSignOff" origin="interactive"><sdl:value key="SegmentIdentityHash">2hCo/gagOI2DM/LBKbWymNsJurM=</sdl:value><sdl:value key="created_by">heba-PC\heba</sdl:value><sdl:value key="created_on">10/09/2017 10:10:59</sdl:value><sdl:value key="last_modified_by">DESKTOP-C8MRIMB\Sherif Youssef</sdl:value><sdl:value key="modified_on">10/12/2017 19:58:04</sdl:value><sdl:value key="SDL:ProjectTranslationHash">-654723264</sdl:value><sdl:value key="SDL:OriginalTranslationHash">-654723264</sdl:value></sdl:seg></sdl:seg-defs></trans-unit></group><group><sdl:cxts><sdl:cxt id="257"/><sdl:cxt id="2"/></sdl:cxts><trans-unit id="b2cb7092-7259-4fd9-aa2f-c06f7809b37c"><source><g id="1418">[000131] <g id="1421">Example 10.</g> About 800 g of 10/50 mesh diatomaceous earth (Celite MP-79) absorbent was added into a mixing bowl. A paddle mixer blade was attached and liquid organophosphate (Solutia Dequest 2000) was added to the mixing bowl at a rate in which the liquid was readily absorbed, and the liquid did not puddle. After all of the liquid was added, mixing was continued until a homogenous blend was produced. The blend was then dried at 225 F until the percent moisture of the resulting product was less than 3%. The composite thus prepared contained 25 percent by weight of organophosphate scale inhibitor. To the composite was then added a binder of an epoxy resin (A), phenolic resin (B) and polyvinyl alcohol (C). The mixture contained about 50 percent by weight of the resin. The mixture was then compressed under a pressure of about 250 psi for about 1 minute in a mold to render a cylindrical pellet resembling a hockey puck having a diameter of about 1 inch and a thickness of about 0.5 inch to render puck (A), (B) and (C) corresponding to the epoxy resin binder, phenolic resin binder and polyvinyl alcohol binder, respectively. Puck (D) was obtained by coating Puck (C) with an epoxy resin by spray and drying. [000132] <g id="1433">Example 11.</g> The elution characteristics of Puck C and Puck D were then determined by packing approximately 440 grams 20/40 Ottawa white frac sand and 3 pieces of the pucks into a 30 cm length stainless steel column (ID = 3.48 cm). The pore volume of the column was approximately 80 milliliters. The column was eluted with a synthetic brine (0.025 mol/L CaCl2, 0.015 mol/L NaHCO3, 1 mol/L NaCl, sparged with 100% CO2) at 60°C. at a flow rate of 270 ml/hour. The effluent solution was collected and analyzed for phosphorus and calcium concentration to obtain the inhibitor flow back curve, set forth in FIG. 5. As illustrated in FIG. 5, the concentration of phosphorus in the effluent gradually decreased as synthetic brine was pumped into the column. After 1200 pore volumes of return flow, the concentration of effluent phosphorus remained approximately 0.4 ppm. There was no significant difference found between the phosphorus return curves of Puck (C) and Puck (D). The data demonstrates the ease that the pucks have while flowing through production tubing.</g></source><seg-source><g id="1418"><mrk mtype="seg" mid="520">[000131] <g id="1421">Example 10.</g></mrk> <mrk mtype="seg" mid="521">About 800 g of 10/50 mesh diatomaceous earth (Celite MP-79) absorbent was added into a mixing bowl.</mrk> <mrk mtype="seg" mid="522">A paddle mixer blade was attached and liquid organophosphate (Solutia Dequest 2000) was added to the mixing bowl at a rate in which the liquid was readily absorbed, and the liquid did not puddle.</mrk> <mrk mtype="seg" mid="523">After all of the liquid was added, mixing was continued until a homogenous blend was produced.</mrk> <mrk mtype="seg" mid="524">The blend was then dried at 225 F until the percent moisture of the resulting product was less than 3%.</mrk> <mrk mtype="seg" mid="525">The composite thus prepared contained 25 percent by weight of organophosphate scale inhibitor.</mrk> <mrk mtype="seg" mid="526">To the composite was then added a binder of an epoxy resin (A), phenolic resin (B) and polyvinyl alcohol (C).</mrk> <mrk mtype="seg" mid="527">The mixture contained about 50 percent by weight of the resin.</mrk> <mrk mtype="seg" mid="528">The mixture was then compressed under a pressure of about 250 psi for about 1 minute in a mold to render a cylindrical pellet resembling a hockey puck having a diameter of about 1 inch and a thickness of about 0.5 inch to render puck (A), (B) and (C) corresponding to the epoxy resin binder, phenolic resin binder and polyvinyl alcohol binder, respectively.</mrk> <mrk mtype="seg" mid="529">Puck (D) was obtained by coating Puck (C) with an epoxy resin by spray and drying.</mrk> <mrk mtype="seg" mid="530">[000132] <g id="1433">Example 11.</g></mrk> <mrk mtype="seg" mid="531">The elution characteristics of Puck C and Puck D were then determined by packing approximately 440 grams 20/40 Ottawa white frac sand and 3 pieces of the pucks into a 30 cm length stainless steel column (ID = 3.48 cm).</mrk> <mrk mtype="seg" mid="532">The pore volume of the column was approximately 80 milliliters.</mrk> <mrk mtype="seg" mid="533">The column was eluted with a synthetic brine (0.025 mol/L CaCl2, 0.015 mol/L NaHCO3, 1 mol/L NaCl, sparged with 100% CO2) at 60°C. at a flow rate of 270 ml/hour.</mrk> <mrk mtype="seg" mid="534">The effluent solution was collected and analyzed for phosphorus and calcium concentration to obtain the inhibitor flow back curve, set forth in FIG. 5.</mrk> <mrk mtype="seg" mid="535">As illustrated in FIG. 5, the concentration of phosphorus in the effluent gradually decreased as synthetic brine was pumped into the column.</mrk> <mrk mtype="seg" mid="536">After 1200 pore volumes of return flow, the concentration of effluent phosphorus remained approximately 0.4 ppm.</mrk> <mrk mtype="seg" mid="537">There was no significant difference found between the phosphorus return curves of Puck (C) and Puck (D).</mrk> <mrk mtype="seg" mid="538">The data demonstrates the ease that the pucks have while flowing through production tubing.</mrk></g></seg-source><target><g id="1418"><mrk mtype="seg" mid="520">[000131] <g id="1421">المثال 10.</g></mrk> <mrk mtype="seg" mid="521">تمت إضافة حوالي 800 جم من المادة الممتزة المتمثلة في التراب الدياتومي بحجم جسيمي يبلغ 10/50 (سيليت MP-79) في وعاء خلط.</mrk> <mrk mtype="seg" mid="522">تم إلحاق نصل خلاط ذو أرياش وتمت إضافة فوسفات عضوي سائل (Solutia Dequest 2000) إلى وعاء الخلط بمعدل يتم بواسطته امتزاز السائل بسهولة، ولم يتوحل السائل.</mrk> <mrk mtype="seg" mid="523">بعد إضافة كل كمية السائل، استمر الخلط حتى تم إنتاج مزيج متجانس.</mrk> <mrk mtype="seg" mid="524">تم بعد ذلك تجفيف المزيج عند 225 درجة فهرنهايت حتى أصبحت نسبة الرطوبة بالمنتج الناتج أقل من 3%.</mrk> <mrk mtype="seg" mid="525">وبالتالي احتوت المادة المركبة التي تم تحضيرها على 25% بالوزن من مثبط قشور من فوسفات عضوي.</mrk> <mrk mtype="seg" mid="526">إلى المادة المركبة تم بعد ذلك إضافة مادة رابطة من راتنج الإيبوكسي (A)، راتنج فينولي (B) وكحول بولي ڤينيل (C).</mrk> <mrk mtype="seg" mid="527">احتوى الخليط على حوالي 50% بالوزن من الراتنج.</mrk> <mrk mtype="seg" mid="528">تم بعد ذلك ضغط الخليط في ظل ضغط يبلغ 250 رطل لكل بوصة مربعة لمدة حوالي دقيقة واحدة في قالب لجعل الكرية الأسطوانية تشبه قرص لعبة الهوكي بحيث يكون له قطر يبلغ حوالي 1 بوصة وسمك يبلغ حوالي 0.5 بوصة لجعل القرص (A)، (B) و(C) مناظر لمادة راتنج الإيبوكس الرابطة، مادة الراتنج الفينولي الرابطة ومادة كحول الڤينيل الرابطة، على التوالي.</mrk> <mrk mtype="seg" mid="529">تم الحصول على القرص (D) بواسطة تغليف القرص (C) براتنج الإيبوكسي بواسطة الرش والتجفيف.</mrk> <mrk mtype="seg" mid="530">[000132] <g id="1433">المثال 11.</g></mrk> <mrk mtype="seg" mid="531">تم بعد ذلك تحديد خصائص التصفية التتابعية للقرص C والقرص D بواسطة حشو حوالي 440 جرام من رمل تكسير أبيض Ottawa حجم يبلغ 20/40 و3 قطع من الأقراص في عمود من الفولاذ المقاوم للصدأ طوله 30 سم (قطر داخلي = 3.48 سم).</mrk> <mrk mtype="seg" mid="532">يبلغ الحجم المسامي للعمود حوالي 80 ملليلتر.</mrk> <mrk mtype="seg" mid="533">تمت تصفية العمود تتابعيًا باستخدام براين تخليقي (0.025 مول/لتر من CaCl2، 0.015 مول/لتر من NaHCO3، 1 مول/لتر من، NaCl، تم رشه بـ 100% من CO2) عند 60 درجة مئوية بمعدل تدفق يبلغ 270 ملليلتر/الساعة.</mrk> <mrk mtype="seg" mid="534">تم تجميع محلول المادة المتدفقة وتحليله لتحديد تركيز الفوسفور والكالسيوم للحصول على منحنى تدفق رجعي للمثبط، معروض في الشكل 5.</mrk> <mrk mtype="seg" mid="535">على النحو الموضح في الشكل 5، ينخفض تركيز الفسفور في المادة المتدفقة تدريجيًا عند ضخ البراين التخليقي في العمود.</mrk> <mrk mtype="seg" mid="536">يعد تدفق رجعي بحجم مسامي يبلغ 1200، ظل تركيز الفسفور في المادة المتدفقة عند حوالي 0.4 جزء في المليون.</mrk> <mrk mtype="seg" mid="537">لم يتم اكتشاف أي فرق كبير بين المنحنيات الرجعية للفسفور للقرص (C) والقرص (D).</mrk> <mrk mtype="seg" mid="538">تعرض البيانات أن الأقراص تتدفق بسهول لفترة خلال أنابيب الإنتاج.</mrk></g></target><sdl:seg-defs><sdl:seg id="520" conf="ApprovedSignOff" origin="auto-propagated" origin-system="Propagated from segment 515" percent="100"><sdl:rep id="IRx+ZuX+4FhIWaSY41kmDT6cRgo="/><sdl:value key="SegmentIdentityHash">IRx+ZuX+4FhIWaSY41kmDT6cRgo=</sdl:value><sdl:value key="last_modified_by">DESKTOP-C8MRIMB\Sherif Youssef</sdl:value><sdl:value key="modified_on">10/12/2017 19:58:05</sdl:value></sdl:seg><sdl:seg id="521" conf="ApprovedSignOff" origin="interactive"><sdl:value key="SegmentIdentityHash">pcpHbCjs4PqF9Llni8kBp57azMY=</sdl:value><sdl:value key="created_by">heba-PC\heba</sdl:value><sdl:value key="created_on">10/09/2017 10:13:58</sdl:value><sdl:value key="last_modified_by">DESKTOP-C8MRIMB\Sherif Youssef</sdl:value><sdl:value key="modified_on">10/12/2017 19:58:06</sdl:value><sdl:value key="SDL:ProjectTranslationHash">-1940703812</sdl:value><sdl:value key="SDL:OriginalTranslationHash">-1940703812</sdl:value></sdl:seg><sdl:seg id="522" conf="ApprovedSignOff" origin="interactive"><sdl:value key="SegmentIdentityHash">30AJ6x9H4DNNepf3CKc+GkR7B7I=</sdl:value><sdl:value key="created_by">heba-PC\heba</sdl:value><sdl:value key="created_on">10/09/2017 10:14:55</sdl:value><sdl:value key="last_modified_by">DESKTOP-C8MRIMB\Sherif Youssef</sdl:value><sdl:value key="modified_on">10/12/2017 19:58:07</sdl:value><sdl:value key="SDL:ProjectTranslationHash">-736531072</sdl:value><sdl:value key="SDL:OriginalTranslationHash">-736531072</sdl:value></sdl:seg><sdl:seg id="523" conf="ApprovedSignOff" origin="interactive"><sdl:value key="SegmentIdentityHash">hWoN1Hdh2CldcYfETpa5xMyNplo=</sdl:value><sdl:value key="created_by">heba-PC\heba</sdl:value><sdl:value key="created_on">10/09/2017 10:16:23</sdl:value><sdl:value key="last_modified_by">DESKTOP-C8MRIMB\Sherif Youssef</sdl:value><sdl:value key="modified_on">10/12/2017 19:58:08</sdl:value><sdl:value key="SDL:ProjectTranslationHash">1504203721</sdl:value><sdl:value key="SDL:OriginalTranslationHash">1504203721</sdl:value></sdl:seg><sdl:seg id="524" conf="ApprovedSignOff" origin="interactive"><sdl:value key="SegmentIdentityHash">lt7BR/jtaGHaGqM+VjmNTbNPFB4=</sdl:value><sdl:value key="created_by">heba-PC\heba</sdl:value><sdl:value key="created_on">10/09/2017 10:16:48</sdl:value><sdl:value key="last_modified_by">DESKTOP-C8MRIMB\Sherif Youssef</sdl:value><sdl:value key="modified_on">10/12/2017 19:58:08</sdl:value><sdl:value key="SDL:ProjectTranslationHash">-413358042</sdl:value><sdl:value key="SDL:OriginalTranslationHash">-413358042</sdl:value></sdl:seg><sdl:seg id="525" conf="ApprovedSignOff" origin="interactive"><sdl:value key="SegmentIdentityHash">EgaHHA3fDkld0eK5w2wRqOouOgs=</sdl:value><sdl:value key="created_by">heba-PC\heba</sdl:value><sdl:value key="created_on">10/09/2017 10:17:34</sdl:value><sdl:value key="last_modified_by">DESKTOP-C8MRIMB\Sherif Youssef</sdl:value><sdl:value key="modified_on">10/12/2017 19:58:09</sdl:value><sdl:value key="SDL:ProjectTranslationHash">-1459308452</sdl:value><sdl:value key="SDL:OriginalTranslationHash">-1459308452</sdl:value></sdl:seg><sdl:seg id="526" conf="ApprovedSignOff" origin="interactive"><sdl:value key="SegmentIdentityHash">Z64csD5OzfdwxGCH9yl58Aqmm2Y=</sdl:value><sdl:value key="created_by">heba-PC\heba</sdl:value><sdl:value key="created_on">10/09/2017 10:18:10</sdl:value><sdl:value key="last_modified_by">DESKTOP-C8MRIMB\Sherif Youssef</sdl:value><sdl:value key="modified_on">10/12/2017 19:58:09</sdl:value><sdl:value key="SDL:ProjectTranslationHash">2120385565</sdl:value><sdl:value key="SDL:OriginalTranslationHash">2120385565</sdl:value></sdl:seg><sdl:seg id="527" conf="ApprovedSignOff" origin="interactive"><sdl:value key="SegmentIdentityHash">4WZHla4IvMyehzayht9oS0Yrfrg=</sdl:value><sdl:value key="created_by">heba-PC\heba</sdl:value><sdl:value key="created_on">10/09/2017 10:19:06</sdl:value><sdl:value key="last_modified_by">DESKTOP-C8MRIMB\Sherif Youssef</sdl:value><sdl:value key="modified_on">10/12/2017 19:58:10</sdl:value><sdl:value key="SDL:ProjectTranslationHash">674911162</sdl:value><sdl:value key="SDL:OriginalTranslationHash">674911162</sdl:value></sdl:seg><sdl:seg id="528" conf="ApprovedSignOff" origin="interactive"><sdl:value key="SegmentIdentityHash">ccboGcEKVnJY986jNC9JJgv6504=</sdl:value><sdl:value key="created_by">heba-PC\heba</sdl:value><sdl:value key="created_on">10/09/2017 10:19:33</sdl:value><sdl:value key="last_modified_by">DESKTOP-C8MRIMB\Sherif Youssef</sdl:value><sdl:value key="modified_on">10/12/2017 19:58:11</sdl:value><sdl:value key="SDL:ProjectTranslationHash">1683585069</sdl:value><sdl:value key="SDL:OriginalTranslationHash">1683585069</sdl:value></sdl:seg><sdl:seg id="529" conf="ApprovedSignOff" origin="interactive"><sdl:value key="SegmentIdentityHash">7fcEmyYum+jS8n1k11X6w5sCGLc=</sdl:value><sdl:value key="created_by">heba-PC\heba</sdl:value><sdl:value key="created_on">10/09/2017 10:22:36</sdl:value><sdl:value key="last_modified_by">DESKTOP-C8MRIMB\Sherif Youssef</sdl:value><sdl:value key="modified_on">10/12/2017 19:58:12</sdl:value><sdl:value key="SDL:ProjectTranslationHash">750241106</sdl:value><sdl:value key="SDL:OriginalTranslationHash">750241106</sdl:value></sdl:seg><sdl:seg id="530" conf="ApprovedSignOff" origin="auto-propagated" origin-system="Propagated from segment 520" percent="100"><sdl:rep id="IRx+ZuX+4FhIWaSY41kmDT6cRgo="/><sdl:value key="SegmentIdentityHash">IRx+ZuX+4FhIWaSY41kmDT6cRgo=</sdl:value><sdl:value key="last_modified_by">DESKTOP-C8MRIMB\Sherif Youssef</sdl:value><sdl:value key="modified_on">10/12/2017 19:58:14</sdl:value></sdl:seg><sdl:seg id="531" conf="ApprovedSignOff" origin="interactive"><sdl:value key="SegmentIdentityHash">Xrw35I26hbj2Uochm8Cnet9KxVM=</sdl:value><sdl:value key="created_by">heba-PC\heba</sdl:value><sdl:value key="created_on">10/09/2017 10:23:16</sdl:value><sdl:value key="last_modified_by">DESKTOP-C8MRIMB\Sherif Youssef</sdl:value><sdl:value key="modified_on">10/12/2017 19:58:16</sdl:value><sdl:value key="SDL:ProjectTranslationHash">1928831511</sdl:value><sdl:value key="SDL:OriginalTranslationHash">1928831511</sdl:value></sdl:seg><sdl:seg id="532" conf="ApprovedSignOff" origin="interactive" percent="71"><sdl:prev-origin origin="tm" origin-system="171273_Petrol cases" percent="71"><sdl:prev-origin/><sdl:value key="SegmentIdentityHash">GCpJ8Jk4uwDOZoVArWa5NHuDDUM=</sdl:value><sdl:value key="created_by">heba-PC\heba</sdl:value><sdl:value key="created_on">10/09/2017 06:48:34</sdl:value><sdl:value key="last_modified_by">heba-PC\heba</sdl:value><sdl:value key="modified_on">10/09/2017 06:48:45</sdl:value></sdl:prev-origin><sdl:value key="SegmentIdentityHash">GCpJ8Jk4uwDOZoVArWa5NHuDDUM=</sdl:value><sdl:value key="created_by">heba-PC\heba</sdl:value><sdl:value key="created_on">10/09/2017 06:48:34</sdl:value><sdl:value key="last_modified_by">DESKTOP-C8MRIMB\Sherif Youssef</sdl:value><sdl:value key="modified_on">10/12/2017 19:58:16</sdl:value><sdl:value key="SDL:ProjectTranslationHash">-647169349</sdl:value><sdl:value key="SDL:OriginalTranslationHash">-647169349</sdl:value></sdl:seg><sdl:seg id="533" conf="ApprovedSignOff" origin="interactive" percent="88"><sdl:prev-origin origin="tm" origin-system="171273_Petrol cases" percent="88"><sdl:prev-origin/><sdl:value key="SegmentIdentityHash">Mq266o8EXKqN8Zfj5Jb6bnDn0nE=</sdl:value><sdl:value key="created_by">heba-PC\heba</sdl:value><sdl:value key="created_on">10/09/2017 06:48:48</sdl:value><sdl:value key="last_modified_by">heba-PC\heba</sdl:value><sdl:value key="modified_on">10/09/2017 06:50:40</sdl:value></sdl:prev-origin><sdl:value key="SegmentIdentityHash">Mq266o8EXKqN8Zfj5Jb6bnDn0nE=</sdl:value><sdl:value key="created_by">heba-PC\heba</sdl:value><sdl:value key="created_on">10/09/2017 06:48:48</sdl:value><sdl:value key="last_modified_by">DESKTOP-C8MRIMB\Sherif Youssef</sdl:value><sdl:value key="modified_on">10/12/2017 19:58:22</sdl:value><sdl:value key="SDL:ProjectTranslationHash">-1863033029</sdl:value><sdl:value key="SDL:OriginalTranslationHash">-1863033029</sdl:value></sdl:seg><sdl:seg id="534" conf="ApprovedSignOff" origin="interactive" percent="72"><sdl:prev-origin origin="tm" origin-system="171273_Petrol cases" percent="72"><sdl:prev-origin/><sdl:value key="SegmentIdentityHash">0VoLNnjTSxsm3BuN1ndEXc9YNJQ=</sdl:value><sdl:value key="created_by">heba-PC\heba</sdl:value><sdl:value key="created_on">10/09/2017 06:52:29</sdl:value><sdl:value key="last_modified_by">heba-PC\heba</sdl:value><sdl:value key="modified_on">10/09/2017 06:53:12</sdl:value></sdl:prev-origin><sdl:value key="SegmentIdentityHash">0VoLNnjTSxsm3BuN1ndEXc9YNJQ=</sdl:value><sdl:value key="created_by">heba-PC\heba</sdl:value><sdl:value key="created_on">10/09/2017 06:52:29</sdl:value><sdl:value key="last_modified_by">DESKTOP-C8MRIMB\Sherif Youssef</sdl:value><sdl:value key="modified_on">10/12/2017 19:58:23</sdl:value><sdl:value key="SDL:ProjectTranslationHash">284566699</sdl:value><sdl:value key="SDL:OriginalTranslationHash">284566699</sdl:value></sdl:seg><sdl:seg id="535" conf="ApprovedSignOff" origin="interactive"><sdl:value key="SegmentIdentityHash">kf5eV23K0YwMFOzR04N1avRCjPE=</sdl:value><sdl:value key="created_by">heba-PC\heba</sdl:value><sdl:value key="created_on">10/09/2017 10:27:49</sdl:value><sdl:value key="last_modified_by">DESKTOP-C8MRIMB\Sherif Youssef</sdl:value><sdl:value key="modified_on">10/12/2017 19:58:24</sdl:value><sdl:value key="SDL:ProjectTranslationHash">577637692</sdl:value><sdl:value key="SDL:OriginalTranslationHash">577637692</sdl:value></sdl:seg><sdl:seg id="536" conf="ApprovedSignOff" origin="interactive"><sdl:value key="SegmentIdentityHash">gQ+rTzFnZKrEtWGGWyFIjC66hFA=</sdl:value><sdl:value key="created_by">heba-PC\heba</sdl:value><sdl:value key="created_on">10/09/2017 10:28:30</sdl:value><sdl:value key="last_modified_by">DESKTOP-C8MRIMB\Sherif Youssef</sdl:value><sdl:value key="modified_on">10/12/2017 19:58:25</sdl:value><sdl:value key="SDL:ProjectTranslationHash">1843550452</sdl:value><sdl:value key="SDL:OriginalTranslationHash">1843550452</sdl:value></sdl:seg><sdl:seg id="537" conf="ApprovedSignOff" origin="interactive"><sdl:value key="SegmentIdentityHash">2VufgfgryxHRbtrtF8jRt2nd8Ts=</sdl:value><sdl:value key="created_by">heba-PC\heba</sdl:value><sdl:value key="created_on">10/09/2017 10:29:39</sdl:value><sdl:value key="last_modified_by">DESKTOP-C8MRIMB\Sherif Youssef</sdl:value><sdl:value key="modified_on">10/12/2017 19:58:25</sdl:value><sdl:value key="SDL:ProjectTranslationHash">-912379443</sdl:value><sdl:value key="SDL:OriginalTranslationHash">-912379443</sdl:value></sdl:seg><sdl:seg id="538" conf="ApprovedSignOff" origin="interactive"><sdl:value key="SegmentIdentityHash">UxTc5SLu+AJkS9gPJn8Wz0WlNjM=</sdl:value><sdl:value key="created_by">heba-PC\heba</sdl:value><sdl:value key="created_on">10/09/2017 10:30:29</sdl:value><sdl:value key="last_modified_by">DESKTOP-C8MRIMB\Sherif Youssef</sdl:value><sdl:value key="modified_on">10/12/2017 19:58:26</sdl:value><sdl:value key="SDL:ProjectTranslationHash">-802483162</sdl:value><sdl:value key="SDL:OriginalTranslationHash">-802483162</sdl:value></sdl:seg></sdl:seg-defs></trans-unit></group><group><sdl:cxts><sdl:cxt id="258"/><sdl:cxt id="2"/></sdl:cxts><trans-unit id="4cf855b0-2d6c-4fd4-b9dd-35d18ce02929"><source><g id="1442">[000133] <g id="1445">Example 12.</g> Puck (A) and Puck (B) were mixed with 500 ml of water. After 30 minutes, the supernatant was removed and the concentration of phosphorus in the supernatant was measured by (ICP) spectrophotometer. The test was repeated 14 times. The amount of residual phosphorous in the supernatant, illustrated as the static breaker test, is illustrated in FIG. 6. FIG. 6 demonstrates that the concentration of phosphorus in the effluent concentration of Puck (B) was higher than that of sample Puck (A) after washing with tap water.</g></source><seg-source><g id="1442"><mrk mtype="seg" mid="539">[000133] <g id="1445">Example 12.</g></mrk> <mrk mtype="seg" mid="540">Puck (A) and Puck (B) were mixed with 500 ml of water.</mrk> <mrk mtype="seg" mid="541">After 30 minutes, the supernatant was removed and the concentration of phosphorus in the supernatant was measured by (ICP) spectrophotometer.</mrk> <mrk mtype="seg" mid="542">The test was repeated 14 times.</mrk> <mrk mtype="seg" mid="543">The amount of residual phosphorous in the supernatant, illustrated as the static breaker test, is illustrated in FIG. 6.</mrk> <mrk mtype="seg" mid="544">FIG. 6 demonstrates that the concentration of phosphorus in the effluent concentration of Puck (B) was higher than that of sample Puck (A) after washing with tap water.</mrk></g></seg-source><target><g id="1442"><mrk mtype="seg" mid="539">[000133] <g id="1445">المثال 12.</g></mrk> <mrk mtype="seg" mid="540">تم خلط القرص (A) والقرص (B) مع 500 ملليلتر من الماء.</mrk> <mrk mtype="seg" mid="541">بعد 30 دقيقة، تمت إزالة المادة الطافية وتم قياس تركيز الفسفور في المادة الطافية بواسطة (ICP) مقياس الطيف الضوئي.</mrk> <mrk mtype="seg" mid="542">تم تكرار الاختبار 14 مرة.</mrk> <mrk mtype="seg" mid="543">يتم عرض كمية الفسفور المتبقية في المادة الطافية، الموضح في اختبار مكسر ثابت، في الشكل 6.</mrk> <mrk mtype="seg" mid="544">يعرض الشكل 6 أن تركيز الفسفور في تركيز المادة المتدفقة للقرص (B) أعلى من عينة القرص (A) بعد الغسل بماء الصنبور.</mrk></g></target><sdl:seg-defs><sdl:seg id="539" conf="ApprovedSignOff" origin="auto-propagated" origin-system="Propagated from segment 530" percent="100"><sdl:rep id="IRx+ZuX+4FhIWaSY41kmDT6cRgo="/><sdl:value key="SegmentIdentityHash">IRx+ZuX+4FhIWaSY41kmDT6cRgo=</sdl:value><sdl:value key="last_modified_by">DESKTOP-C8MRIMB\Sherif Youssef</sdl:value><sdl:value key="modified_on">10/12/2017 19:58:27</sdl:value></sdl:seg><sdl:seg id="540" conf="ApprovedSignOff" origin="interactive"><sdl:value key="SegmentIdentityHash">OKcmzCt97AR8PKESi71RTNkp2PY=</sdl:value><sdl:value key="created_by">heba-PC\heba</sdl:value><sdl:value key="created_on">10/09/2017 10:31:08</sdl:value><sdl:value key="last_modified_by">DESKTOP-C8MRIMB\Sherif Youssef</sdl:value><sdl:value key="modified_on">10/12/2017 19:58:29</sdl:value><sdl:value key="SDL:ProjectTranslationHash">-1140264627</sdl:value><sdl:value key="SDL:OriginalTranslationHash">-1140264627</sdl:value></sdl:seg><sdl:seg id="541" conf="ApprovedSignOff" origin="interactive"><sdl:value key="SegmentIdentityHash">IHAe+vqSk+7vZb3Q4Y2QmRC/ZPw=</sdl:value><sdl:value key="created_by">heba-PC\heba</sdl:value><sdl:value key="created_on">10/09/2017 10:31:35</sdl:value><sdl:value key="last_modified_by">DESKTOP-C8MRIMB\Sherif Youssef</sdl:value><sdl:value key="modified_on">10/12/2017 19:58:30</sdl:value><sdl:value key="SDL:ProjectTranslationHash">503170886</sdl:value><sdl:value key="SDL:OriginalTranslationHash">503170886</sdl:value></sdl:seg><sdl:seg id="542" conf="ApprovedSignOff" origin="interactive"><sdl:value key="SegmentIdentityHash">JccsNaEhiuNhygfzK8wb2/C8sfc=</sdl:value><sdl:value key="created_by">heba-PC\heba</sdl:value><sdl:value key="created_on">10/09/2017 10:32:25</sdl:value><sdl:value key="last_modified_by">DESKTOP-C8MRIMB\Sherif Youssef</sdl:value><sdl:value key="modified_on">10/12/2017 19:58:30</sdl:value><sdl:value key="SDL:ProjectTranslationHash">-1265187462</sdl:value><sdl:value key="SDL:OriginalTranslationHash">-1265187462</sdl:value></sdl:seg><sdl:seg id="543" conf="ApprovedSignOff" origin="interactive"><sdl:value key="SegmentIdentityHash">1cFMHm2+Klmz3lj8pPNftnBAEQw=</sdl:value><sdl:value key="created_by">heba-PC\heba</sdl:value><sdl:value key="created_on">10/09/2017 10:32:43</sdl:value><sdl:value key="last_modified_by">DESKTOP-C8MRIMB\Sherif Youssef</sdl:value><sdl:value key="modified_on">10/12/2017 19:58:31</sdl:value><sdl:value key="SDL:ProjectTranslationHash">-1089774138</sdl:value><sdl:value key="SDL:OriginalTranslationHash">-1089774138</sdl:value></sdl:seg><sdl:seg id="544" conf="ApprovedSignOff" origin="interactive"><sdl:value key="SegmentIdentityHash">0W6C6++nUVhtuhhf5vYvPauBPVI=</sdl:value><sdl:value key="created_by">heba-PC\heba</sdl:value><sdl:value key="created_on">10/09/2017 10:33:16</sdl:value><sdl:value key="last_modified_by">DESKTOP-C8MRIMB\Sherif Youssef</sdl:value><sdl:value key="modified_on">10/12/2017 19:58:32</sdl:value><sdl:value key="SDL:ProjectTranslationHash">-1033160808</sdl:value><sdl:value key="SDL:OriginalTranslationHash">-1033160808</sdl:value></sdl:seg></sdl:seg-defs></trans-unit></group><group><sdl:cxts><sdl:cxt id="259"/><sdl:cxt id="2"/></sdl:cxts><trans-unit id="0410560e-0504-402e-ba00-b55a00cd6af1"><source><g id="1451">[000134] <g id="1454">Example 13.</g> To about 95% by weight of the composite of Example 5 was added about 5% by weight of a high melting polyethylene wax. The mixture was then compressed into a pellet having a diameter of 1 inch and about half inch in height to obtain Puck (E). Puck (F) was obtained by coating the compressed pellet of Puck (E) with about 20 weight % epoxy resin and drying the coated resin at 120°F. Puck(E) and Puck (F) were then immersed in water at 180° F for five days. No deterioration was seen in either puck after 5 days. Puck (E) and Puck (F) were also immersed in W. Texas Crude Oil for two weeks at 140°F. No deterioration was seen in either puck after two weeks. Elution studies were then conducted on Puck (E) and Puck (F) in accordance with the testing conditions of Example 11. FIG. 7 represents the inhibitor flow back curve of Puck (E) and Puck (F). The results indicate the release of scale inhibitor above the minimum effective inhibitor concentration of 0.1 mg/l even after 1500 pore volumes of fluid elution through the column when the testing was terminated. The results of the release curve for the coated Puck (F) indicate no premature release of the inhibitor at the beginning which should result in longer effectiveness of the puck.</g></source><seg-source><g id="1451"><mrk mtype="seg" mid="545">[000134] <g id="1454">Example 13.</g></mrk> <mrk mtype="seg" mid="546">To about 95% by weight of the composite of Example 5 was added about 5% by weight of a high melting polyethylene wax.</mrk> <mrk mtype="seg" mid="547">The mixture was then compressed into a pellet having a diameter of 1 inch and about half inch in height to obtain Puck (E).</mrk> <mrk mtype="seg" mid="548">Puck (F) was obtained by coating the compressed pellet of Puck (E) with about 20 weight % epoxy resin and drying the coated resin at 120°F. Puck(E) and Puck (F) were then immersed in water at 180° F for five days.</mrk> <mrk mtype="seg" mid="549">No deterioration was seen in either puck after 5 days.</mrk> <mrk mtype="seg" mid="550">Puck (E) and Puck (F) were also immersed in W. Texas Crude Oil for two weeks at 140°F. No deterioration was seen in either puck after two weeks.</mrk> <mrk mtype="seg" mid="551">Elution studies were then conducted on Puck (E) and Puck (F) in accordance with the testing conditions of Example 11.</mrk> <mrk mtype="seg" mid="552">FIG. 7 represents the inhibitor flow back curve of Puck (E) and Puck (F).</mrk> <mrk mtype="seg" mid="553">The results indicate the release of scale inhibitor above the minimum effective inhibitor concentration of 0.1 mg/l even after 1500 pore volumes of fluid elution through the column when the testing was terminated.</mrk> <mrk mtype="seg" mid="554">The results of the release curve for the coated Puck (F) indicate no premature release of the inhibitor at the beginning which should result in longer effectiveness of the puck.</mrk></g></seg-source><target><g id="1451"><mrk mtype="seg" mid="545">[000134] <g id="1454">المثال 13.</g></mrk> <mrk mtype="seg" mid="546">إلى حوالي 95% بالوزن من المادة المركبة الواردة في المثال 5 تمت إضافة حوالي 5% بالوزن من شمع بولي إيثيلين شديد الانصهار.</mrk> <mrk mtype="seg" mid="547">تم بعد ذلك ضغط الخليط في كرية بقطر يبلغ 1 بوصة وارتفاع يبلغ حوالي نصف بوصة للحصول على القرص (E).</mrk> <mrk mtype="seg" mid="548">تم الحصول على القرص (F) بواسطة تغليف الكرية المضغوطة للقرص (E) بحوالي 20% بالوزن من راتنج إيبوكسي وتجفيف الراتنج المغلف عند 120 درجة مئوية. تم بعد ذلك غمر القرص (E) والقرص (F) في الماء عند 180 درجة مئوية لمدة خمسة أيام.</mrk> <mrk mtype="seg" mid="549">لم تتم ملاحظة أي تلف أيٍ من القرصين بعد 5 أيام.</mrk> <mrk mtype="seg" mid="550">تم أيضًا غمر القرص (E) والقرص (F) في نفط خام W. Texas لمدة أسبوعين عند 140 درجة فهرنهايت. لم تتم ملاحظة أي تلف أيٍ من القرصين بعد أسبوعين.</mrk> <mrk mtype="seg" mid="551">تم بعد ذلك إجراء دراسات التصفية التتابعية على القرص (E) والقرص (F) وفقًا لظروف الاختبار الواردة في المثال 11.</mrk> <mrk mtype="seg" mid="552">يعرض الشكل 7 منحنى التدفق الرجعي للمثبط للقرص (E) والقرص (F).</mrk> <mrk mtype="seg" mid="553">تدل النتائج على أن إطلاق مثبط القشور أعلى من أدنى تركيز فعال للمثبط الذي يبلغ 0.1 مجم/لتر حتى بعد تصفية 1500 حجم مسامي من المائع تتباعيًا خلال العمود عند إنهاء الاختبار.</mrk> <mrk mtype="seg" mid="554">تدل نتائج منحنى الإطلاق الخاص بالقرص المغلف (F) على عدم إطلاق مبكر للمثبط في البداية وهو ما ينبغي أن ينتج عنه فاعلية أطول للقرص.</mrk></g></target><sdl:seg-defs><sdl:seg id="545" conf="ApprovedSignOff" origin="auto-propagated" origin-system="Propagated from segment 539" percent="100"><sdl:rep id="IRx+ZuX+4FhIWaSY41kmDT6cRgo="/><sdl:value key="SegmentIdentityHash">IRx+ZuX+4FhIWaSY41kmDT6cRgo=</sdl:value><sdl:value key="last_modified_by">DESKTOP-C8MRIMB\Sherif Youssef</sdl:value><sdl:value key="modified_on">10/12/2017 19:58:32</sdl:value></sdl:seg><sdl:seg id="546" conf="ApprovedSignOff" origin="interactive"><sdl:value key="SegmentIdentityHash">dBdzxshWMiNOU5ljX2qYSxgY1C4=</sdl:value><sdl:value key="created_by">heba-PC\heba</sdl:value><sdl:value key="created_on">10/09/2017 10:35:30</sdl:value><sdl:value key="last_modified_by">DESKTOP-C8MRIMB\Sherif Youssef</sdl:value><sdl:value key="modified_on">10/12/2017 19:58:33</sdl:value><sdl:value key="SDL:ProjectTranslationHash">2008720684</sdl:value><sdl:value key="SDL:OriginalTranslationHash">2008720684</sdl:value></sdl:seg><sdl:seg id="547" conf="ApprovedSignOff" origin="interactive"><sdl:value key="SegmentIdentityHash">LgQYhC/QHqPJNzIEmhISgvd5Mfc=</sdl:value><sdl:value key="created_by">heba-PC\heba</sdl:value><sdl:value key="created_on">10/09/2017 10:40:05</sdl:value><sdl:value key="last_modified_by">DESKTOP-C8MRIMB\Sherif Youssef</sdl:value><sdl:value key="modified_on">10/12/2017 19:58:34</sdl:value><sdl:value key="SDL:ProjectTranslationHash">1833296556</sdl:value><sdl:value key="SDL:OriginalTranslationHash">1833296556</sdl:value></sdl:seg><sdl:seg id="548" conf="ApprovedSignOff" origin="interactive"><sdl:value key="SegmentIdentityHash">XZTbU9NRYB3OYqMlbMEd+rSn+V8=</sdl:value><sdl:value key="created_by">heba-PC\heba</sdl:value><sdl:value key="created_on">10/09/2017 10:40:47</sdl:value><sdl:value key="last_modified_by">DESKTOP-C8MRIMB\Sherif Youssef</sdl:value><sdl:value key="modified_on">10/12/2017 19:58:35</sdl:value><sdl:value key="SDL:ProjectTranslationHash">-1605137346</sdl:value><sdl:value key="SDL:OriginalTranslationHash">-1605137346</sdl:value></sdl:seg><sdl:seg id="549" conf="ApprovedSignOff" origin="interactive"><sdl:value key="SegmentIdentityHash">DRzYmv+D0nKNUWlHV6Te+kxBWwA=</sdl:value><sdl:value key="created_by">heba-PC\heba</sdl:value><sdl:value key="created_on">10/09/2017 10:42:45</sdl:value><sdl:value key="last_modified_by">DESKTOP-C8MRIMB\Sherif Youssef</sdl:value><sdl:value key="modified_on">10/12/2017 19:58:36</sdl:value><sdl:value key="SDL:ProjectTranslationHash">-675708048</sdl:value><sdl:value key="SDL:OriginalTranslationHash">-675708048</sdl:value></sdl:seg><sdl:seg id="550" conf="ApprovedSignOff" origin="interactive"><sdl:value key="SegmentIdentityHash">KTW67e6geFAZ65np/QPbsvVLJXA=</sdl:value><sdl:value key="created_by">heba-PC\heba</sdl:value><sdl:value key="created_on">10/09/2017 10:43:02</sdl:value><sdl:value key="last_modified_by">DESKTOP-C8MRIMB\Sherif Youssef</sdl:value><sdl:value key="modified_on">10/12/2017 19:58:37</sdl:value><sdl:value key="SDL:ProjectTranslationHash">1170428694</sdl:value><sdl:value key="SDL:OriginalTranslationHash">1170428694</sdl:value></sdl:seg><sdl:seg id="551" conf="ApprovedSignOff" origin="interactive"><sdl:value key="SegmentIdentityHash">ZfvuLzJR9Bu7yDCxL6s7IYL5/R4=</sdl:value><sdl:value key="created_by">heba-PC\heba</sdl:value><sdl:value key="created_on">10/09/2017 10:43:56</sdl:value><sdl:value key="last_modified_by">DESKTOP-C8MRIMB\Sherif Youssef</sdl:value><sdl:value key="modified_on">10/12/2017 19:58:38</sdl:value><sdl:value key="SDL:ProjectTranslationHash">-533410722</sdl:value><sdl:value key="SDL:OriginalTranslationHash">-533410722</sdl:value></sdl:seg><sdl:seg id="552" conf="ApprovedSignOff" origin="interactive"><sdl:value key="SegmentIdentityHash">Jwl8v8Vifcq+s8DPv/lfQJqfJtk=</sdl:value><sdl:value key="created_by">heba-PC\heba</sdl:value><sdl:value key="created_on">10/09/2017 06:57:32</sdl:value><sdl:value key="last_modified_by">DESKTOP-C8MRIMB\Sherif Youssef</sdl:value><sdl:value key="modified_on">10/12/2017 19:58:38</sdl:value><sdl:value key="SDL:ProjectTranslationHash">-1698903500</sdl:value><sdl:value key="SDL:OriginalTranslationHash">-1698903500</sdl:value></sdl:seg><sdl:seg id="553" conf="ApprovedSignOff" origin="interactive"><sdl:value key="SegmentIdentityHash">mtT2TyllpHs84hi63/8k0CLz+EQ=</sdl:value><sdl:value key="created_by">heba-PC\heba</sdl:value><sdl:value key="created_on">10/09/2017 06:58:00</sdl:value><sdl:value key="last_modified_by">DESKTOP-C8MRIMB\Sherif Youssef</sdl:value><sdl:value key="modified_on">10/12/2017 19:58:39</sdl:value><sdl:value key="SDL:ProjectTranslationHash">30826408</sdl:value><sdl:value key="SDL:OriginalTranslationHash">30826408</sdl:value></sdl:seg><sdl:seg id="554" conf="ApprovedSignOff" origin="interactive"><sdl:value key="SegmentIdentityHash">eh75fTet9y8MX88F7Tm+RgqlwQY=</sdl:value><sdl:value key="created_by">heba-PC\heba</sdl:value><sdl:value key="created_on">10/09/2017 07:00:04</sdl:value><sdl:value key="last_modified_by">DESKTOP-C8MRIMB\Sherif Youssef</sdl:value><sdl:value key="modified_on">10/12/2017 19:58:40</sdl:value><sdl:value key="SDL:ProjectTranslationHash">2022754927</sdl:value><sdl:value key="SDL:OriginalTranslationHash">2022754927</sdl:value></sdl:seg></sdl:seg-defs></trans-unit></group><group><sdl:cxts><sdl:cxt id="260"/><sdl:cxt id="2"/></sdl:cxts><trans-unit id="dd38f02b-90d0-4b4a-881b-9558c58c3fae"><source><g id="1466">[000135] From the foregoing, it will be observed that numerous variations and modifications may be effected without departing from the true spirit and scope of the novel concepts of the invention.</g></source><seg-source><g id="1466"><mrk mtype="seg" mid="555">[000135] From the foregoing, it will be observed that numerous variations and modifications may be effected without departing from the true spirit and scope of the novel concepts of the invention.</mrk></g></seg-source><target><g id="1466"><mrk mtype="seg" mid="555">[000135] مما سبق، ستتم ملاحظة أنه يمكن إدخال العديد من التغييرات والتعديلات دون الابتعاد عن المجال والفحوى الحقيقي للمبادئ الجديدة للاختراع.</mrk></g></target><sdl:seg-defs><sdl:seg id="555" conf="ApprovedSignOff" origin="interactive"><sdl:value key="SegmentIdentityHash">wA7qjKhyNC/WxOapaXwQDoDV/Pc=</sdl:value><sdl:value key="created_by">heba-PC\heba</sdl:value><sdl:value key="created_on">10/09/2017 06:55:04</sdl:value><sdl:value key="last_modified_by">DESKTOP-C8MRIMB\Sherif Youssef</sdl:value><sdl:value key="modified_on">10/12/2017 19:58:40</sdl:value><sdl:value key="SDL:ProjectTranslationHash">1253212698</sdl:value><sdl:value key="SDL:OriginalTranslationHash">1253212698</sdl:value></sdl:seg></sdl:seg-defs></trans-unit></group><group><sdl:cxts><sdl:cxt id="261"/><sdl:cxt id="2"/></sdl:cxts><trans-unit id="3022bcd2-90ce-46c5-9142-877080c6dce5"><source><x id="1470"/></source><seg-source><x id="1470"/></seg-source><target><x id="1470"/></target></trans-unit></group><group><sdl:cxts><sdl:cxt id="262"/><sdl:cxt id="2"/></sdl:cxts><trans-unit id="ee0750fd-aaea-4a37-a606-12c07ac811c3"><source><g id="1473">CLAIMS</g></source><seg-source><g id="1473"><mrk mtype="seg" mid="556">CLAIMS</mrk></g></seg-source><target><g id="1473"><mrk mtype="seg" mid="556">عناصر الحماية</mrk></g></target><sdl:seg-defs><sdl:seg id="556" conf="ApprovedSignOff" origin="tm" origin-system="General" percent="100"><sdl:rep id="2UttsJllA6H20fa/iPIfC744M24="/><sdl:value key="created_by">SHERIF\Sherif Youssef</sdl:value><sdl:value key="created_on">06/15/2015 23:09:26</sdl:value><sdl:value key="modified_on">10/12/2017 19:58:41</sdl:value><sdl:value key="last_modified_by">DESKTOP-C8MRIMB\Sherif Youssef</sdl:value><sdl:value key="SDL:OriginalTranslationHash">1760022699</sdl:value><sdl:value key="SegmentIdentityHash">2UttsJllA6H20fa/iPIfC744M24=</sdl:value><sdl:value key="SDL:ProjectTranslationHash">1760022699</sdl:value></sdl:seg></sdl:seg-defs></trans-unit></group><group><sdl:cxts><sdl:cxt id="263"/><sdl:cxt id="2"/></sdl:cxts><trans-unit id="89eb2de5-80f5-4f97-8525-4155a51110fd"><source><g id="1476">What is claimed is:</g></source><seg-source><g id="1476"><mrk mtype="seg" mid="557">What is claimed is:</mrk></g></seg-source><target><g id="1476"><mrk mtype="seg" mid="557">ما يجب حمايته:</mrk></g></target><sdl:seg-defs><sdl:seg id="557" conf="ApprovedSignOff" origin="tm" origin-system="General" percent="100" text-match="SourceAndTarget"><sdl:value key="created_by">SHERIF\Sherif Youssef</sdl:value><sdl:value key="created_on">02/07/2017 14:03:11</sdl:value><sdl:value key="modified_on">10/12/2017 19:58:41</sdl:value><sdl:value key="last_modified_by">DESKTOP-C8MRIMB\Sherif Youssef</sdl:value><sdl:value key="SDL:OriginalTranslationHash">354916344</sdl:value><sdl:value key="SegmentIdentityHash">C/2OYGtPM1RbGhc7FHUN9ozAat8=</sdl:value><sdl:value key="SDL:ProjectTranslationHash">354916344</sdl:value></sdl:seg></sdl:seg-defs></trans-unit></group><group><sdl:cxts><sdl:cxt id="264"/><sdl:cxt id="265"/></sdl:cxts><trans-unit id="b5970663-8be8-4c91-ab53-11c7a898e3cd"><source><g id="1479">A shaped compressed pellet of a binder and a well treatment composite, the well treatment composite comprising a well treatment agent and calcined porous metal oxide wherein the porosity and permeability of the calcined porous metal oxide is such that the well treatment agent is adsorbed onto the porous metal oxide or into the interstitial spaces of the porous metal oxide.</g></source><seg-source><g id="1479"><mrk mtype="seg" mid="558">A shaped compressed pellet of a binder and a well treatment composite, the well treatment composite comprising a well treatment agent and calcined porous metal oxide wherein the porosity and permeability of the calcined porous metal oxide is such that the well treatment agent is adsorbed onto the porous metal oxide or into the interstitial spaces of the porous metal oxide.</mrk></g></seg-source><target><g id="1479"><mrk mtype="seg" mid="558">كرية مضغوطة مُشكلة من مادة رابطة ومادة معالجة بئر مركبة، حيث تشتمل مادة معالجة البئر المركبة على عامل معالجة بئر وأكسيد فلز مسامي مكلسن حيث يتم تحديد مسامية ونفاذية أكسيد الفلز المسامي المكلسن بحيث يتم امتزاز عامل معالجة البئر على أكسيد الفلز المسامي أو في الأحياز الخلالية لأكسيد الفلز المسامي.</mrk></g></target><sdl:seg-defs><sdl:seg id="558" conf="ApprovedSignOff" origin="interactive"><sdl:value key="SegmentIdentityHash">+kUtxneekFxfK9qH7Udb2hZzxm0=</sdl:value><sdl:value key="created_by">heba-PC\heba</sdl:value><sdl:value key="created_on">10/10/2017 11:44:12</sdl:value><sdl:value key="last_modified_by">DESKTOP-C8MRIMB\Sherif Youssef</sdl:value><sdl:value key="modified_on">10/12/2017 19:58:42</sdl:value><sdl:value key="SDL:ProjectTranslationHash">-1109780256</sdl:value><sdl:value key="SDL:OriginalTranslationHash">-1109780256</sdl:value></sdl:seg></sdl:seg-defs></trans-unit></group><group><sdl:cxts><sdl:cxt id="266"/><sdl:cxt id="265"/></sdl:cxts><trans-unit id="07f96882-1522-4a7e-881b-b2ccd178945c"><source><g id="1482">The shaped compressed pellet of claim 1, wherein at least one of the following conditions prevail:</g></source><seg-source><g id="1482"><mrk mtype="seg" mid="559">The shaped compressed pellet of claim 1, wherein at least one of the following conditions prevail:</mrk></g></seg-source><target><g id="1482"><mrk mtype="seg" mid="559">الكرية المضغوطة المُشكلة وفقًا لعنصر الحماية 1، حيث يسود واحد على الأقل من الظروف التالية:</mrk></g></target><sdl:seg-defs><sdl:seg id="559" conf="ApprovedSignOff" origin="interactive"><sdl:value key="SegmentIdentityHash">IA3aSjKLqOLT/bk65MGD08d84xQ=</sdl:value><sdl:value key="created_by">heba-PC\heba</sdl:value><sdl:value key="created_on">10/10/2017 12:01:39</sdl:value><sdl:value key="last_modified_by">DESKTOP-C8MRIMB\Sherif Youssef</sdl:value><sdl:value key="modified_on">10/12/2017 19:58:43</sdl:value><sdl:value key="SDL:ProjectTranslationHash">-1845542907</sdl:value><sdl:value key="SDL:OriginalTranslationHash">-1845542907</sdl:value></sdl:seg></sdl:seg-defs></trans-unit></group><group><sdl:cxts><sdl:cxt id="267"/><sdl:cxt id="265"/></sdl:cxts><trans-unit id="c95ef423-a00b-42ac-ae9b-0e234593a122"><source><g id="1485">the surface area of the calcined porous metal oxide is between from about 1 m<g id="1494">2</g> /g to about 10 m<g id="1506">2</g> /g;</g></source><seg-source><g id="1485"><mrk mtype="seg" mid="560">the surface area of the calcined porous metal oxide is between from about 1 m<g id="1494">2</g> /g to about 10 m<g id="1506">2</g> /g;</mrk></g></seg-source><target><g id="1485"><mrk mtype="seg" mid="560">تتراوح مساحة سطح أكسيد الفلز المسامي المكلسن من حوالي 1 متر<g id="1494">2</g>/جم إلى حوالي 10 متر<g id="1506">2</g>/جم؛</mrk></g></target><sdl:seg-defs><sdl:seg id="560" conf="ApprovedSignOff" origin="interactive" percent="94"><sdl:prev-origin origin="tm" origin-system="171273_Petrol cases" percent="94"><sdl:prev-origin/><sdl:value key="SegmentIdentityHash">Jxe52KEQrO351cq9NbySnp3sEr0=</sdl:value><sdl:value key="created_by">heba-PC\heba</sdl:value><sdl:value key="created_on">10/09/2017 05:00:30</sdl:value><sdl:value key="last_modified_by">heba-PC\heba</sdl:value><sdl:value key="modified_on">10/09/2017 05:03:13</sdl:value></sdl:prev-origin><sdl:value key="SegmentIdentityHash">Jxe52KEQrO351cq9NbySnp3sEr0=</sdl:value><sdl:value key="created_by">heba-PC\heba</sdl:value><sdl:value key="created_on">10/09/2017 05:00:30</sdl:value><sdl:value key="last_modified_by">DESKTOP-C8MRIMB\Sherif Youssef</sdl:value><sdl:value key="modified_on">10/12/2017 19:58:43</sdl:value><sdl:value key="SDL:ProjectTranslationHash">-1986427478</sdl:value><sdl:value key="SDL:OriginalTranslationHash">-1986427478</sdl:value></sdl:seg></sdl:seg-defs></trans-unit></group><group><sdl:cxts><sdl:cxt id="268"/><sdl:cxt id="265"/></sdl:cxts><trans-unit id="f0d8a9d8-76c1-4c38-8dc1-5787969ad146"><source><g id="1515">the diameter of the calcined porous metal oxide is between from about 0.1 to 3 mm;</g></source><seg-source><g id="1515"><mrk mtype="seg" mid="561">the diameter of the calcined porous metal oxide is between from about 0.1 to 3 mm;</mrk></g></seg-source><target><g id="1515"><mrk mtype="seg" mid="561">يتراوح قطر أكسيد الفلز المسامي المكلسن من حوالي 0.1 إلى 3 مم؛</mrk></g></target><sdl:seg-defs><sdl:seg id="561" conf="ApprovedSignOff" origin="interactive" percent="76"><sdl:prev-origin origin="tm" origin-system="171273_Petrol cases" percent="76"><sdl:prev-origin/><sdl:value key="SegmentIdentityHash">r34kBB2oVlDv5gYYvy91fwf9JWQ=</sdl:value><sdl:value key="created_by">heba-PC\heba</sdl:value><sdl:value key="created_on">10/09/2017 05:00:30</sdl:value><sdl:value key="last_modified_by">heba-PC\heba</sdl:value><sdl:value key="modified_on">10/09/2017 10:45:32</sdl:value></sdl:prev-origin><sdl:value key="SegmentIdentityHash">r34kBB2oVlDv5gYYvy91fwf9JWQ=</sdl:value><sdl:value key="created_by">heba-PC\heba</sdl:value><sdl:value key="created_on">10/09/2017 05:00:30</sdl:value><sdl:value key="last_modified_by">DESKTOP-C8MRIMB\Sherif Youssef</sdl:value><sdl:value key="modified_on">10/12/2017 19:58:43</sdl:value><sdl:value key="SDL:ProjectTranslationHash">1745473952</sdl:value><sdl:value key="SDL:OriginalTranslationHash">1745473952</sdl:value></sdl:seg></sdl:seg-defs></trans-unit></group><group><sdl:cxts><sdl:cxt id="269"/><sdl:cxt id="265"/></sdl:cxts><trans-unit id="44ff7abe-d064-4559-b975-bb72267e7757"><source><g id="1518">the pore volume of the calcined porous metal oxide is between from about to about 0.10 cc/g;</g></source><seg-source><g id="1518"><mrk mtype="seg" mid="562">the pore volume of the calcined porous metal oxide is between from about to about 0.10 cc/g;</mrk></g></seg-source><target><g id="1518"><mrk mtype="seg" mid="562">يتراوح الحجم المسامي لأكسيد الفلز المسامي المكلسن من حوالي إلى حوالي 0.10<mrk mtype="x-sdl-location" mid="4d17aba9-b0de-4be8-945e-41715fa71096"/> سم مكعب/جم.</mrk></g></target><sdl:seg-defs><sdl:seg id="562" conf="ApprovedSignOff" origin="interactive" percent="71"><sdl:prev-origin origin="tm" origin-system="171273_Petrol cases" percent="71"><sdl:prev-origin/><sdl:value key="SegmentIdentityHash">oDIA8NwkMJTYqCtJKigK9DuOJHw=</sdl:value><sdl:value key="created_by">heba-PC\heba</sdl:value><sdl:value key="created_on">10/09/2017 05:00:30</sdl:value><sdl:value key="last_modified_by">heba-PC\heba</sdl:value><sdl:value key="modified_on">10/09/2017 05:03:13</sdl:value></sdl:prev-origin><sdl:value key="SegmentIdentityHash">oDIA8NwkMJTYqCtJKigK9DuOJHw=</sdl:value><sdl:value key="created_by">heba-PC\heba</sdl:value><sdl:value key="created_on">10/09/2017 05:00:30</sdl:value><sdl:value key="last_modified_by">DESKTOP-C8MRIMB\Sherif Youssef</sdl:value><sdl:value key="modified_on">10/12/2017 19:58:55</sdl:value><sdl:value key="SDL:ProjectTranslationHash">-1415420265</sdl:value><sdl:value key="SDL:OriginalTranslationHash">-1415420265</sdl:value></sdl:seg></sdl:seg-defs></trans-unit></group><group><sdl:cxts><sdl:cxt id="270"/><sdl:cxt id="265"/></sdl:cxts><trans-unit id="fc829285-3f03-47a4-a1d5-8e12b1cc7aff"><source><g id="1521">the bulk density of the composite is between from about 75 to about 150 lb/ft<g id="1530">3</g> ; or</g></source><seg-source><g id="1521"><mrk mtype="seg" mid="563">the bulk density of the composite is between from about 75 to about 150 lb/ft<g id="1530">3</g> ; or</mrk></g></seg-source><target><g id="1521"><mrk mtype="seg" mid="563">تتراوح الكثافة الكتلية للمادة المركبة من حوالي 75 إلى حوالي 150 رطل/قدم<g id="1530">3</g>؛ أو </mrk></g></target><sdl:seg-defs><sdl:seg id="563" conf="ApprovedSignOff" origin="interactive" percent="90"><sdl:prev-origin origin="tm" origin-system="171273_Petrol cases" percent="90"><sdl:prev-origin/><sdl:value key="SegmentIdentityHash">66IAGNkKEt0wnPF61f9krYK75sY=</sdl:value><sdl:value key="created_by">heba-PC\heba</sdl:value><sdl:value key="created_on">10/09/2017 05:04:52</sdl:value><sdl:value key="last_modified_by">heba-PC\heba</sdl:value><sdl:value key="modified_on">10/09/2017 05:05:44</sdl:value></sdl:prev-origin><sdl:value key="SegmentIdentityHash">66IAGNkKEt0wnPF61f9krYK75sY=</sdl:value><sdl:value key="created_by">heba-PC\heba</sdl:value><sdl:value key="created_on">10/09/2017 05:04:52</sdl:value><sdl:value key="last_modified_by">DESKTOP-C8MRIMB\Sherif Youssef</sdl:value><sdl:value key="modified_on">10/12/2017 19:58:58</sdl:value><sdl:value key="SDL:ProjectTranslationHash">687658100</sdl:value><sdl:value key="SDL:OriginalTranslationHash">687658100</sdl:value></sdl:seg></sdl:seg-defs></trans-unit></group><group><sdl:cxts><sdl:cxt id="271"/><sdl:cxt id="265"/></sdl:cxts><trans-unit id="0682f2c3-73a8-4ee1-ba4b-b3beb8c6563b"><source><g id="1539">the specific gravity of the well treatment composite is less than or equal to 3.75 g/cc.</g></source><seg-source><g id="1539"><mrk mtype="seg" mid="564">the specific gravity of the well treatment composite is less than or equal to 3.75 g/cc.</mrk></g></seg-source><target><g id="1539"><mrk mtype="seg" mid="564">يكون الثقل النوعي لمادة معالجة البئر المركبة أقل من أو مساوية لـ 3.75 جم/سم مكعب.</mrk></g></target><sdl:seg-defs><sdl:seg id="564" conf="ApprovedSignOff" origin="interactive" percent="96"><sdl:prev-origin origin="tm" origin-system="171273_Petrol cases" percent="96"><sdl:prev-origin/><sdl:value key="SegmentIdentityHash">mNCYgQVT5+BSsNRv8UvA2qiHswM=</sdl:value><sdl:value key="created_by">heba-PC\heba</sdl:value><sdl:value key="created_on">10/09/2017 05:05:54</sdl:value><sdl:value key="last_modified_by">heba-PC\heba</sdl:value><sdl:value key="modified_on">10/09/2017 05:29:08</sdl:value></sdl:prev-origin><sdl:value key="SegmentIdentityHash">mNCYgQVT5+BSsNRv8UvA2qiHswM=</sdl:value><sdl:value key="created_by">heba-PC\heba</sdl:value><sdl:value key="created_on">10/09/2017 05:05:54</sdl:value><sdl:value key="last_modified_by">DESKTOP-C8MRIMB\Sherif Youssef</sdl:value><sdl:value key="modified_on">10/12/2017 19:59:06</sdl:value><sdl:value key="SDL:ProjectTranslationHash">159606260</sdl:value><sdl:value key="SDL:OriginalTranslationHash">159606260</sdl:value></sdl:seg></sdl:seg-defs></trans-unit></group><group><sdl:cxts><sdl:cxt id="272"/><sdl:cxt id="265"/></sdl:cxts><trans-unit id="5bfb1120-0d98-414e-9e4b-f56648e51602"><source><g id="1542">A method of inhibiting or controlling the rate of release of a well treatment agent in a well by introducing into the well the shaped compressed pellet of claim 1.</g></source><seg-source><g id="1542"><mrk mtype="seg" mid="565">A method of inhibiting or controlling the rate of release of a well treatment agent in a well by introducing into the well the shaped compressed pellet of claim 1.</mrk></g></seg-source><target><g id="1542"><mrk mtype="seg" mid="565">طريقة لتثبيط أو التحكم في معدل إطلاق عامل معالجة بئر في بئر بواسطة إدخال في البئر الكرية المضغوطة المُشكلة وفقًا لعنصر الحماية 1.</mrk></g></target><sdl:seg-defs><sdl:seg id="565" conf="ApprovedSignOff" origin="interactive"><sdl:value key="SegmentIdentityHash">7LXpChEiKTPM9/FP8uXmId+b6hc=</sdl:value><sdl:value key="created_by">heba-PC\heba</sdl:value><sdl:value key="created_on">10/10/2017 12:01:48</sdl:value><sdl:value key="last_modified_by">DESKTOP-C8MRIMB\Sherif Youssef</sdl:value><sdl:value key="modified_on">10/12/2017 19:59:07</sdl:value><sdl:value key="SDL:ProjectTranslationHash">-711121076</sdl:value><sdl:value key="SDL:OriginalTranslationHash">-711121076</sdl:value></sdl:seg></sdl:seg-defs></trans-unit></group><group><sdl:cxts><sdl:cxt id="273"/><sdl:cxt id="265"/></sdl:cxts><trans-unit id="041718cb-417a-47f8-8a05-fed98e24a07d"><source><g id="1545">The method of claim 3, wherein the shaped compressed pellet is spherical.</g></source><seg-source><g id="1545"><mrk mtype="seg" mid="566">The method of claim 3, wherein the shaped compressed pellet is spherical.</mrk></g></seg-source><target><g id="1545"><mrk mtype="seg" mid="566">الطريقة وفقًا لعنصر الحماية 3، حيث تكون الكرية المضغوطة المُشكلة دائرية.</mrk></g></target><sdl:seg-defs><sdl:seg id="566" conf="ApprovedSignOff" origin="interactive"><sdl:value key="SegmentIdentityHash">ByZrQQx+qCz/fAVbbP7pWaXRi4I=</sdl:value><sdl:value key="created_by">heba-PC\heba</sdl:value><sdl:value key="created_on">10/10/2017 12:01:51</sdl:value><sdl:value key="last_modified_by">DESKTOP-C8MRIMB\Sherif Youssef</sdl:value><sdl:value key="modified_on">10/12/2017 19:59:08</sdl:value><sdl:value key="SDL:ProjectTranslationHash">553455872</sdl:value><sdl:value key="SDL:OriginalTranslationHash">553455872</sdl:value></sdl:seg></sdl:seg-defs></trans-unit></group><group><sdl:cxts><sdl:cxt id="274"/><sdl:cxt id="265"/></sdl:cxts><trans-unit id="ce46a497-9365-4687-88fe-8322809f1d6d"><source><g id="1548">The method of claim 3, wherein the well treatment composite contains between from about 1 to about 50 weight percent of the well treatment agent.</g></source><seg-source><g id="1548"><mrk mtype="seg" mid="567">The method of claim 3, wherein the well treatment composite contains between from about 1 to about 50 weight percent of the well treatment agent.</mrk></g></seg-source><target><g id="1548"><mrk mtype="seg" mid="567">الطريقة وفقًا لعنصر الحماية 3، حيث تحتوي مادة معالجة البئر المركبة على ما يتراوح من حوالي 1 إلى حوالي 50% بالوزن من عامل معالجة البئر.</mrk></g></target><sdl:seg-defs><sdl:seg id="567" conf="ApprovedSignOff" origin="interactive"><sdl:value key="SegmentIdentityHash">EJyHE/q9cfOfeQRTc3ZkJqInYaw=</sdl:value><sdl:value key="created_by">heba-PC\heba</sdl:value><sdl:value key="created_on">10/10/2017 12:01:53</sdl:value><sdl:value key="last_modified_by">DESKTOP-C8MRIMB\Sherif Youssef</sdl:value><sdl:value key="modified_on">10/12/2017 19:59:09</sdl:value><sdl:value key="SDL:ProjectTranslationHash">1524571923</sdl:value><sdl:value key="SDL:OriginalTranslationHash">1524571923</sdl:value></sdl:seg></sdl:seg-defs></trans-unit></group><group><sdl:cxts><sdl:cxt id="275"/><sdl:cxt id="265"/></sdl:cxts><trans-unit id="cfb91285-2e17-43ff-ab74-aa912885c948"><source><g id="1551">The method of claim 3, wherein the calcined porous metal oxide further contains silica.</g></source><seg-source><g id="1551"><mrk mtype="seg" mid="568">The method of claim 3, wherein the calcined porous metal oxide further contains silica.</mrk></g></seg-source><target><g id="1551"><mrk mtype="seg" mid="568">الطريقة وفقًا لعنصر الحماية 3، حيث يحتوي أكسيد الفلز المسامي المكلسن كذلك على سيليكا.</mrk></g></target><sdl:seg-defs><sdl:seg id="568" conf="ApprovedSignOff" origin="interactive"><sdl:value key="SegmentIdentityHash">mp0TX5tqSPzO/VnWUjRYD2iQ7CE=</sdl:value><sdl:value key="created_by">heba-PC\heba</sdl:value><sdl:value key="created_on">10/10/2017 12:01:56</sdl:value><sdl:value key="last_modified_by">DESKTOP-C8MRIMB\Sherif Youssef</sdl:value><sdl:value key="modified_on">10/12/2017 19:59:10</sdl:value><sdl:value key="SDL:ProjectTranslationHash">426626349</sdl:value><sdl:value key="SDL:OriginalTranslationHash">426626349</sdl:value></sdl:seg></sdl:seg-defs></trans-unit></group><group><sdl:cxts><sdl:cxt id="276"/><sdl:cxt id="265"/></sdl:cxts><trans-unit id="9ea3f86b-145d-41e9-bd6d-ad5acfbe5971"><source><g id="1554">The method of claim 3, wherein the well treatment agent is selected from the group consisting of scale inhibitors, corrosion inhibitors, paraffin inhibitors, salt inhibitors, gas hydrate inhibitors, asphaltene inhibitors, oxygen scavengers, hydrogen sulfide scavengers, water soluble tracers, oil soluble traders biocides, foaming agent, emulsion breakers and surfactants and mixtures thereof.</g></source><seg-source><g id="1554"><mrk mtype="seg" mid="569">The method of claim 3, wherein the well treatment agent is selected from the group consisting of scale inhibitors, corrosion inhibitors, paraffin inhibitors, salt inhibitors, gas hydrate inhibitors, asphaltene inhibitors, oxygen scavengers, hydrogen sulfide scavengers, water soluble tracers, oil soluble traders biocides, foaming agent, emulsion breakers and surfactants and mixtures thereof.</mrk></g></seg-source><target><g id="1554"><mrk mtype="seg" mid="569">الطريقة وفقًا لعنصر الحماية 3، حيث يتم اختيار عامل معالجة البئر من المجموعة التي تتألف من مثبطات القشور، مثبطات التآكل، مثبطات بارافين، مثبطات ملح، مثبطات هيدرات الغاز، مثبطات أسفلتين، عوامل كسح أكسجين، عوامل سلفيد الهيدروجين، عوامل تتبع قابلة للذوبان في الماء، عوامل تتبع قابلة للذوبان في الزيت مبيدات حيوية، عامل تكوين رغوة، عوامل تكسير مستحلب ومواد خافضة للتوتر السطحي وخلائط منها.</mrk></g></target><sdl:seg-defs><sdl:seg id="569" conf="ApprovedSignOff" origin="interactive"><sdl:value key="SegmentIdentityHash">qvEJVg8FTCJa5ykweIfwE2qbsEQ=</sdl:value><sdl:value key="created_by">heba-PC\heba</sdl:value><sdl:value key="created_on">10/10/2017 12:01:59</sdl:value><sdl:value key="last_modified_by">DESKTOP-C8MRIMB\Sherif Youssef</sdl:value><sdl:value key="modified_on">10/12/2017 19:59:11</sdl:value><sdl:value key="SDL:ProjectTranslationHash">-781459777</sdl:value><sdl:value key="SDL:OriginalTranslationHash">-781459777</sdl:value></sdl:seg></sdl:seg-defs></trans-unit></group><group><sdl:cxts><sdl:cxt id="277"/><sdl:cxt id="265"/></sdl:cxts><trans-unit id="648ed1ea-21c5-41cd-bd67-5f3bb1108bfa"><source><g id="1557">The method of claim 7, wherein the well treatment agent is a scale inhibitor.</g></source><seg-source><g id="1557"><mrk mtype="seg" mid="570">The method of claim 7, wherein the well treatment agent is a scale inhibitor.</mrk></g></seg-source><target><g id="1557"><mrk mtype="seg" mid="570">الطريقة وفقًا لعنصر الحماية 7، حيث يكون عامل معالجة البئر عبارة عن مثبط قشور.</mrk></g></target><sdl:seg-defs><sdl:seg id="570" conf="ApprovedSignOff" origin="interactive"><sdl:rep id="2yulyTeW6T982c/0BZoFWR+LeX0="/><sdl:value key="SegmentIdentityHash">2yulyTeW6T982c/0BZoFWR+LeX0=</sdl:value><sdl:value key="created_by">heba-PC\heba</sdl:value><sdl:value key="created_on">10/10/2017 12:02:01</sdl:value><sdl:value key="last_modified_by">DESKTOP-C8MRIMB\Sherif Youssef</sdl:value><sdl:value key="modified_on">10/12/2017 19:59:12</sdl:value><sdl:value key="SDL:ProjectTranslationHash">-339319056</sdl:value><sdl:value key="SDL:OriginalTranslationHash">-339319056</sdl:value></sdl:seg></sdl:seg-defs></trans-unit></group><group><sdl:cxts><sdl:cxt id="278"/><sdl:cxt id="2"/></sdl:cxts><trans-unit id="014daa53-8dfb-4162-b0eb-117cff623cba"><source><g id="1560">9.	The method of claim 3, wherein the calcined porous metal oxide is alumina.</g></source><seg-source><g id="1560"><mrk mtype="seg" mid="571">9.</mrk>	<mrk mtype="seg" mid="572">The method of claim 3, wherein the calcined porous metal oxide is alumina.</mrk></g></seg-source><target><g id="1560"><mrk mtype="seg" mid="571">9.</mrk>	<mrk mtype="seg" mid="572">الطريقة وفقًا لعنصر الحماية 3، حيث يكون أكسيد الفلز المسامي المكلسن عبارة عن ألومينا.</mrk></g></target><sdl:seg-defs><sdl:seg id="571" conf="ApprovedSignOff" origin="tm" origin-system="171273_ENSCO" percent="99"><sdl:rep id="kvDb2IoakeVV5COiU7UJZ5iVYjA="/><sdl:value key="SegmentIdentityHash">kvDb2IoakeVV5COiU7UJZ5iVYjA=</sdl:value><sdl:value key="created_by">DESKTOP-C8MRIMB\Sherif Youssef</sdl:value><sdl:value key="created_on">11/30/2016 20:21:16</sdl:value><sdl:value key="last_modified_by">DESKTOP-C8MRIMB\Sherif Youssef</sdl:value><sdl:value key="modified_on">10/12/2017 19:59:13</sdl:value><sdl:value key="SDL:OriginalTranslationHash">-1638704837</sdl:value></sdl:seg><sdl:seg id="572" conf="ApprovedSignOff" origin="interactive"><sdl:value key="SegmentIdentityHash">mgWnXNSQJJ59S+93opDf7xFXLAU=</sdl:value><sdl:value key="created_by">heba-PC\heba</sdl:value><sdl:value key="created_on">10/10/2017 12:02:03</sdl:value><sdl:value key="last_modified_by">DESKTOP-C8MRIMB\Sherif Youssef</sdl:value><sdl:value key="modified_on">10/12/2017 19:59:14</sdl:value><sdl:value key="SDL:ProjectTranslationHash">172514657</sdl:value><sdl:value key="SDL:OriginalTranslationHash">172514657</sdl:value></sdl:seg></sdl:seg-defs></trans-unit></group><group><sdl:cxts><sdl:cxt id="279"/><sdl:cxt id="2"/></sdl:cxts><trans-unit id="fceae8d4-b73e-4af3-b514-056a4e7d7112"><source><g id="1566">10.	The method of claim 9, wherein the calcined porous alumina is alpha/delta theta</g></source><seg-source><g id="1566"><mrk mtype="seg" mid="573">10.</mrk>	<mrk mtype="seg" mid="574">The method of claim 9, wherein the calcined porous alumina is alpha/delta theta</mrk></g></seg-source><target><g id="1566"><mrk mtype="seg" mid="573">10.</mrk>	<mrk mtype="seg" mid="574">الطريقة وفقًا لعنصر الحماية 9، حيث تكون الألومينات المسامية المكلسنة عبارة عن ألفا/دلتا ثيتا</mrk></g></target><sdl:seg-defs><sdl:seg id="573" conf="ApprovedSignOff" origin="auto-propagated" origin-system="Propagated from segment 571" percent="100"><sdl:rep id="kvDb2IoakeVV5COiU7UJZ5iVYjA="/><sdl:value key="SegmentIdentityHash">kvDb2IoakeVV5COiU7UJZ5iVYjA=</sdl:value><sdl:value key="last_modified_by">DESKTOP-C8MRIMB\Sherif Youssef</sdl:value><sdl:value key="modified_on">10/12/2017 19:59:14</sdl:value></sdl:seg><sdl:seg id="574" conf="ApprovedSignOff" origin="interactive"><sdl:value key="SegmentIdentityHash">VL7oC07PKXKd9oo43dImP/eviJ8=</sdl:value><sdl:value key="created_by">heba-PC\heba</sdl:value><sdl:value key="created_on">10/10/2017 12:02:08</sdl:value><sdl:value key="last_modified_by">DESKTOP-C8MRIMB\Sherif Youssef</sdl:value><sdl:value key="modified_on">10/12/2017 19:59:15</sdl:value><sdl:value key="SDL:ProjectTranslationHash">-2144514889</sdl:value><sdl:value key="SDL:OriginalTranslationHash">-2144514889</sdl:value></sdl:seg></sdl:seg-defs></trans-unit></group><group><sdl:cxts><sdl:cxt id="280"/><sdl:cxt id="2"/></sdl:cxts><trans-unit id="74a6d1c9-b1fd-4bda-98dc-276a591436c1"><source><g id="1572">alumina or alpha alumina.</g></source><seg-source><g id="1572"><mrk mtype="seg" mid="575">alumina or alpha alumina.</mrk></g></seg-source><target><g id="1572"><mrk mtype="seg" mid="575">ألومينا أو ألفا ألومينا.</mrk></g></target><sdl:seg-defs><sdl:seg id="575" conf="ApprovedSignOff" origin="interactive"><sdl:value key="SegmentIdentityHash">2gkzuSvkSJVvKVbS4pt7ZcSUdQ4=</sdl:value><sdl:value key="created_by">heba-PC\heba</sdl:value><sdl:value key="created_on">10/10/2017 12:02:11</sdl:value><sdl:value key="last_modified_by">DESKTOP-C8MRIMB\Sherif Youssef</sdl:value><sdl:value key="modified_on">10/12/2017 19:59:16</sdl:value><sdl:value key="SDL:ProjectTranslationHash">-728732271</sdl:value><sdl:value key="SDL:OriginalTranslationHash">-728732271</sdl:value></sdl:seg></sdl:seg-defs></trans-unit></group><group><sdl:cxts><sdl:cxt id="281"/><sdl:cxt id="2"/></sdl:cxts><trans-unit id="50d92d89-0737-48b5-ad52-96b0f4281e21"><source><g id="1575">11.	The method of claim 3, where the well treatment agent is released from the calcined porous metal oxide at a constant rate over an extended period of time into formation fluid within the well or the subterranean formation penetrated by the well.</g></source><seg-source><g id="1575"><mrk mtype="seg" mid="576">11.</mrk>	<mrk mtype="seg" mid="577">The method of claim 3, where the well treatment agent is released from the calcined porous metal oxide at a constant rate over an extended period of time into formation fluid within the well or the subterranean formation penetrated by the well.</mrk></g></seg-source><target><g id="1575"><mrk mtype="seg" mid="576">11.</mrk>	<mrk mtype="seg" mid="577">الطريقة وفقًا لعنصر الحماية 3، حيث يتم إطلاق عامل معالجة البئر من أكسيد الفلز المسامي المكلسن بمعدل ثابت خلال فترة زمنية ممتدة في مائع التكوين الموجود في البئر أو التكوين الجوفي الذي يتم اختراقه بواسطة البئر.</mrk></g></target><sdl:seg-defs><sdl:seg id="576" conf="ApprovedSignOff" origin="auto-propagated" origin-system="Propagated from segment 573" percent="100"><sdl:rep id="kvDb2IoakeVV5COiU7UJZ5iVYjA="/><sdl:value key="SegmentIdentityHash">kvDb2IoakeVV5COiU7UJZ5iVYjA=</sdl:value><sdl:value key="last_modified_by">DESKTOP-C8MRIMB\Sherif Youssef</sdl:value><sdl:value key="modified_on">10/12/2017 19:59:16</sdl:value></sdl:seg><sdl:seg id="577" conf="ApprovedSignOff" origin="interactive"><sdl:value key="SegmentIdentityHash">+ldiWM3RP4QM6my+Uo84jexT++o=</sdl:value><sdl:value key="created_by">heba-PC\heba</sdl:value><sdl:value key="created_on">10/10/2017 12:02:14</sdl:value><sdl:value key="last_modified_by">DESKTOP-C8MRIMB\Sherif Youssef</sdl:value><sdl:value key="modified_on">10/12/2017 19:59:17</sdl:value><sdl:value key="SDL:ProjectTranslationHash">-431499792</sdl:value><sdl:value key="SDL:OriginalTranslationHash">-431499792</sdl:value></sdl:seg></sdl:seg-defs></trans-unit></group><group><sdl:cxts><sdl:cxt id="282"/><sdl:cxt id="2"/></sdl:cxts><trans-unit id="6b6e687e-02e2-4904-ad55-8d9dc1002e4c"><source><g id="1581">12.	The method of claim 3, further comprising introducing the well treatment agent into the well after at least a portion of the well treatment agent on the composite has been depleted in order to recharge or reactivate the calcined porous metal oxide of the well treatment composite.</g></source><seg-source><g id="1581"><mrk mtype="seg" mid="578">12.</mrk>	<mrk mtype="seg" mid="579">The method of claim 3, further comprising introducing the well treatment agent into the well after at least a portion of the well treatment agent on the composite has been depleted in order to recharge or reactivate the calcined porous metal oxide of the well treatment composite.</mrk></g></seg-source><target><g id="1581"><mrk mtype="seg" mid="578">12.</mrk>	<mrk mtype="seg" mid="579">الطريقة وفقًا لعنصر الحماية 3، حيث تشتمل كذلك على إدخال عامل معالجة البئر في البئر بعد استنفاد جزء على الأقل من عامل معالجة البئر الموجود على المادة المركبة لإعادة تعبئة أو إعادة تنشيط أكسيد الفلز المسامي المكلسن لمادة معالجة البئر المركبة.</mrk></g></target><sdl:seg-defs><sdl:seg id="578" conf="ApprovedSignOff" origin="auto-propagated" origin-system="Propagated from segment 576" percent="100"><sdl:rep id="kvDb2IoakeVV5COiU7UJZ5iVYjA="/><sdl:value key="SegmentIdentityHash">kvDb2IoakeVV5COiU7UJZ5iVYjA=</sdl:value><sdl:value key="last_modified_by">DESKTOP-C8MRIMB\Sherif Youssef</sdl:value><sdl:value key="modified_on">10/12/2017 19:59:18</sdl:value></sdl:seg><sdl:seg id="579" conf="ApprovedSignOff" origin="interactive"><sdl:value key="SegmentIdentityHash">8nx5c2UQM4XjB8Hlvox7R4c+8K0=</sdl:value><sdl:value key="created_by">heba-PC\heba</sdl:value><sdl:value key="created_on">10/10/2017 12:02:17</sdl:value><sdl:value key="last_modified_by">DESKTOP-C8MRIMB\Sherif Youssef</sdl:value><sdl:value key="modified_on">10/12/2017 19:59:19</sdl:value><sdl:value key="SDL:ProjectTranslationHash">-640106943</sdl:value><sdl:value key="SDL:OriginalTranslationHash">-640106943</sdl:value></sdl:seg></sdl:seg-defs></trans-unit></group><group><sdl:cxts><sdl:cxt id="283"/><sdl:cxt id="2"/></sdl:cxts><trans-unit id="967b1dbf-b4ee-4b71-a30c-f7464942f6f7"><source><g id="1587">13.	The method of claim 3, wherein the well treatment composite has a lifetime, from a single treatment, of at least six months.</g></source><seg-source><g id="1587"><mrk mtype="seg" mid="580">13.</mrk>	<mrk mtype="seg" mid="581">The method of claim 3, wherein the well treatment composite has a lifetime, from a single treatment, of at least six months.</mrk></g></seg-source><target><g id="1587"><mrk mtype="seg" mid="580">13.</mrk>	<mrk mtype="seg" mid="581">الطريقة وفقًا لعنصر الحماية 3، حيث يكون لمادة معالجة البئر المركبة عمر، من عملية معالجة مفردة، يبلغ ستة أشهر على الأقل.</mrk></g></target><sdl:seg-defs><sdl:seg id="580" conf="ApprovedSignOff" origin="auto-propagated" origin-system="Propagated from segment 578" percent="100"><sdl:rep id="kvDb2IoakeVV5COiU7UJZ5iVYjA="/><sdl:value key="SegmentIdentityHash">kvDb2IoakeVV5COiU7UJZ5iVYjA=</sdl:value><sdl:value key="last_modified_by">DESKTOP-C8MRIMB\Sherif Youssef</sdl:value><sdl:value key="modified_on">10/12/2017 19:59:19</sdl:value></sdl:seg><sdl:seg id="581" conf="ApprovedSignOff" origin="interactive"><sdl:value key="SegmentIdentityHash">SSw/yVsAdHFbaLkmMn655byvmcE=</sdl:value><sdl:value key="created_by">heba-PC\heba</sdl:value><sdl:value key="created_on">10/10/2017 12:02:56</sdl:value><sdl:value key="last_modified_by">DESKTOP-C8MRIMB\Sherif Youssef</sdl:value><sdl:value key="modified_on">10/12/2017 19:59:20</sdl:value><sdl:value key="SDL:ProjectTranslationHash">-637976578</sdl:value><sdl:value key="SDL:OriginalTranslationHash">-637976578</sdl:value></sdl:seg></sdl:seg-defs></trans-unit></group><group><sdl:cxts><sdl:cxt id="284"/><sdl:cxt id="2"/></sdl:cxts><trans-unit id="74838454-8c2a-42a8-9124-19b48a7cce50"><source><g id="1593">14.	The method of claim 3, wherein at least one of the following conditions prevail:</g></source><seg-source><g id="1593"><mrk mtype="seg" mid="582">14.</mrk>	<mrk mtype="seg" mid="583">The method of claim 3, wherein at least one of the following conditions prevail:</mrk></g></seg-source><target><g id="1593"><mrk mtype="seg" mid="582">14.</mrk>	<mrk mtype="seg" mid="583">الطريقة وفقًا لعنصر الحماية 3، حيث يسود واحد على الأقل من الظروف التالية:</mrk></g></target><sdl:seg-defs><sdl:seg id="582" conf="ApprovedSignOff" origin="auto-propagated" origin-system="Propagated from segment 580" percent="100"><sdl:rep id="kvDb2IoakeVV5COiU7UJZ5iVYjA="/><sdl:value key="SegmentIdentityHash">kvDb2IoakeVV5COiU7UJZ5iVYjA=</sdl:value><sdl:value key="last_modified_by">DESKTOP-C8MRIMB\Sherif Youssef</sdl:value><sdl:value key="modified_on">10/12/2017 19:59:23</sdl:value></sdl:seg><sdl:seg id="583" conf="ApprovedSignOff" origin="interactive" percent="86"><sdl:prev-origin origin="tm" origin-system="171273_Petrol cases" percent="86"><sdl:prev-origin/><sdl:value key="SegmentIdentityHash">75KHIOPQYWHjREDOV9waYHMuM4I=</sdl:value><sdl:value key="created_by">heba-PC\heba</sdl:value><sdl:value key="created_on">10/10/2017 12:01:39</sdl:value><sdl:value key="last_modified_by">heba-PC\heba</sdl:value><sdl:value key="modified_on">10/10/2017 12:01:48</sdl:value></sdl:prev-origin><sdl:value key="SegmentIdentityHash">75KHIOPQYWHjREDOV9waYHMuM4I=</sdl:value><sdl:value key="created_by">heba-PC\heba</sdl:value><sdl:value key="created_on">10/10/2017 12:01:39</sdl:value><sdl:value key="last_modified_by">DESKTOP-C8MRIMB\Sherif Youssef</sdl:value><sdl:value key="modified_on">10/12/2017 19:59:24</sdl:value><sdl:value key="SDL:ProjectTranslationHash">-624239514</sdl:value><sdl:value key="SDL:OriginalTranslationHash">-624239514</sdl:value></sdl:seg></sdl:seg-defs></trans-unit></group><group><sdl:cxts><sdl:cxt id="285"/><sdl:cxt id="265"/></sdl:cxts><trans-unit id="0e5ef99b-b659-49e6-8b12-c017b5516a17"><source><g id="1605">the shaped compressed pellet is directly dropped into the well from the well head.</g></source><seg-source><g id="1605"><mrk mtype="seg" mid="584">the shaped compressed pellet is directly dropped into the well from the well head.</mrk></g></seg-source><target><g id="1605"><mrk mtype="seg" mid="584">يتم إسقاط الكرية المضغوطة المُشكلة مباشرةً في البئر من رأس البئر.</mrk></g></target><sdl:seg-defs><sdl:seg id="584" conf="ApprovedSignOff" origin="interactive"><sdl:value key="SegmentIdentityHash">1qjIsp4sz8G/5JDAi0sreMfOvIw=</sdl:value><sdl:value key="created_by">heba-PC\heba</sdl:value><sdl:value key="created_on">10/10/2017 12:04:23</sdl:value><sdl:value key="last_modified_by">DESKTOP-C8MRIMB\Sherif Youssef</sdl:value><sdl:value key="modified_on">10/12/2017 19:59:25</sdl:value><sdl:value key="SDL:ProjectTranslationHash">179521743</sdl:value><sdl:value key="SDL:OriginalTranslationHash">179521743</sdl:value></sdl:seg></sdl:seg-defs></trans-unit></group><group><sdl:cxts><sdl:cxt id="286"/><sdl:cxt id="265"/></sdl:cxts><trans-unit id="c1b8ab60-e0cb-422c-82c7-4e09b50b36c0"><source><g id="1608">the shaped compressed pellet is directly dropped into the production tubing within the well; or</g></source><seg-source><g id="1608"><mrk mtype="seg" mid="585">the shaped compressed pellet is directly dropped into the production tubing within the well; or</mrk></g></seg-source><target><g id="1608"><mrk mtype="seg" mid="585">يتم إسقاط الكرية المضغوطة المُشكلة مباشرةً في أنابيب الإنتاج الموجودة في البئر؛ أو</mrk></g></target><sdl:seg-defs><sdl:seg id="585" conf="ApprovedSignOff" origin="interactive"><sdl:value key="SegmentIdentityHash">jbliXwzOnyzw0pMX5kTOvEy2Css=</sdl:value><sdl:value key="created_by">heba-PC\heba</sdl:value><sdl:value key="created_on">10/10/2017 12:04:26</sdl:value><sdl:value key="last_modified_by">DESKTOP-C8MRIMB\Sherif Youssef</sdl:value><sdl:value key="modified_on">10/12/2017 19:59:26</sdl:value><sdl:value key="SDL:ProjectTranslationHash">-694495251</sdl:value><sdl:value key="SDL:OriginalTranslationHash">-694495251</sdl:value></sdl:seg></sdl:seg-defs></trans-unit></group><group><sdl:cxts><sdl:cxt id="287"/><sdl:cxt id="265"/></sdl:cxts><trans-unit id="d22453b4-9a41-44c0-af72-34cedffa12c6"><source><g id="1611">the shaped compressed pellet is introduced into the well in a receptacle and further wherein the receptacle is suspended in the well to a targeted area.</g></source><seg-source><g id="1611"><mrk mtype="seg" mid="586">the shaped compressed pellet is introduced into the well in a receptacle and further wherein the receptacle is suspended in the well to a targeted area.</mrk></g></seg-source><target><g id="1611"><mrk mtype="seg" mid="586">يتم إدخال الكرية المضغوطة المُشكلة في البئر في وعاء وأيضًا حيث يتم تعليق الوعاء في البئر إلى منطقة مستهدفة.</mrk></g></target><sdl:seg-defs><sdl:seg id="586" conf="ApprovedSignOff" origin="interactive"><sdl:value key="SegmentIdentityHash">XadsJL8NWNk3gow9w1WM61lO69E=</sdl:value><sdl:value key="created_by">heba-PC\heba</sdl:value><sdl:value key="created_on">10/10/2017 12:04:29</sdl:value><sdl:value key="last_modified_by">DESKTOP-C8MRIMB\Sherif Youssef</sdl:value><sdl:value key="modified_on">10/12/2017 19:59:26</sdl:value><sdl:value key="SDL:ProjectTranslationHash">-1142385295</sdl:value><sdl:value key="SDL:OriginalTranslationHash">-1142385295</sdl:value></sdl:seg></sdl:seg-defs></trans-unit></group><group><sdl:cxts><sdl:cxt id="288"/><sdl:cxt id="2"/></sdl:cxts><trans-unit id="0b98204c-f7fb-4a97-b22a-1c2213d7de25"><source><g id="1614">15.	The method of claim 14, wherein the shaped compressed pellet is introduced into the well in a receptacle suspended at the bottom of the well by a wireline.</g></source><seg-source><g id="1614"><mrk mtype="seg" mid="587">15.</mrk>	<mrk mtype="seg" mid="588">The method of claim 14, wherein the shaped compressed pellet is introduced into the well in a receptacle suspended at the bottom of the well by a wireline.</mrk></g></seg-source><target><g id="1614"><mrk mtype="seg" mid="587">15.</mrk>	<mrk mtype="seg" mid="588">الطريقة وفقًا لعنصر الحماية 14، حيث يتم إدخال الكرية المضغوطة المُشكلة في البئر في وعاء معلق عند قاع البئر بواسطة كبل حفر.</mrk></g></target><sdl:seg-defs><sdl:seg id="587" conf="ApprovedSignOff" origin="auto-propagated" origin-system="Propagated from segment 582" percent="100"><sdl:rep id="kvDb2IoakeVV5COiU7UJZ5iVYjA="/><sdl:value key="SegmentIdentityHash">kvDb2IoakeVV5COiU7UJZ5iVYjA=</sdl:value><sdl:value key="last_modified_by">DESKTOP-C8MRIMB\Sherif Youssef</sdl:value><sdl:value key="modified_on">10/12/2017 19:59:27</sdl:value></sdl:seg><sdl:seg id="588" conf="ApprovedSignOff" origin="interactive"><sdl:value key="SegmentIdentityHash">av/E+3HpIMwC0EzwbIZgffFv25w=</sdl:value><sdl:value key="created_by">heba-PC\heba</sdl:value><sdl:value key="created_on">10/10/2017 12:09:24</sdl:value><sdl:value key="last_modified_by">DESKTOP-C8MRIMB\Sherif Youssef</sdl:value><sdl:value key="modified_on">10/12/2017 19:59:28</sdl:value><sdl:value key="SDL:ProjectTranslationHash">269627472</sdl:value><sdl:value key="SDL:OriginalTranslationHash">269627472</sdl:value></sdl:seg></sdl:seg-defs></trans-unit></group><group><sdl:cxts><sdl:cxt id="289"/><sdl:cxt id="2"/></sdl:cxts><trans-unit id="2185337b-919f-41f5-9018-6cdad20baba9"><source><g id="1620">16.	The method of claim 14, wherein the shaped compressed pellet is introduced into the well in a receptacle hung to bottom of a rod pump.</g></source><seg-source><g id="1620"><mrk mtype="seg" mid="589">16.</mrk>	<mrk mtype="seg" mid="590">The method of claim 14, wherein the shaped compressed pellet is introduced into the well in a receptacle hung to bottom of a rod pump.</mrk></g></seg-source><target><g id="1620"><mrk mtype="seg" mid="589">16.</mrk>	<mrk mtype="seg" mid="590">الطريقة وفقًا لعنصر الحماية 14، حيث يتم إدخال الكرية المضغوطة المُشكلة في البئر في وعاء معلق بقاع مضخة قضيبية.</mrk></g></target><sdl:seg-defs><sdl:seg id="589" conf="ApprovedSignOff" origin="auto-propagated" origin-system="Propagated from segment 587" percent="100"><sdl:rep id="kvDb2IoakeVV5COiU7UJZ5iVYjA="/><sdl:value key="SegmentIdentityHash">kvDb2IoakeVV5COiU7UJZ5iVYjA=</sdl:value><sdl:value key="last_modified_by">DESKTOP-C8MRIMB\Sherif Youssef</sdl:value><sdl:value key="modified_on">10/12/2017 19:59:29</sdl:value></sdl:seg><sdl:seg id="590" conf="ApprovedSignOff" origin="interactive"><sdl:value key="SegmentIdentityHash">UO6R63Oz//fS/2dfVwPR5ka4GLM=</sdl:value><sdl:value key="created_by">heba-PC\heba</sdl:value><sdl:value key="created_on">10/10/2017 12:09:27</sdl:value><sdl:value key="last_modified_by">DESKTOP-C8MRIMB\Sherif Youssef</sdl:value><sdl:value key="modified_on">10/12/2017 19:59:30</sdl:value><sdl:value key="SDL:ProjectTranslationHash">627077716</sdl:value><sdl:value key="SDL:OriginalTranslationHash">627077716</sdl:value></sdl:seg></sdl:seg-defs></trans-unit></group><group><sdl:cxts><sdl:cxt id="290"/><sdl:cxt id="2"/></sdl:cxts><trans-unit id="8ff50d30-3bb0-49b1-a226-dacf7c1a6344"><source><g id="1626">17.	The method of claim 3, wherein the well is a horizontal or deviated well.</g></source><seg-source><g id="1626"><mrk mtype="seg" mid="591">17.</mrk>	<mrk mtype="seg" mid="592">The method of claim 3, wherein the well is a horizontal or deviated well.</mrk></g></seg-source><target><g id="1626"><mrk mtype="seg" mid="591">17.</mrk>	<mrk mtype="seg" mid="592">الطريقة وفقًا لعنصر الحماية 3، حيث تكون البئر عبارة عن بئر أفقية أو منحرفة.</mrk></g></target><sdl:seg-defs><sdl:seg id="591" conf="ApprovedSignOff" origin="auto-propagated" origin-system="Propagated from segment 589" percent="100"><sdl:rep id="kvDb2IoakeVV5COiU7UJZ5iVYjA="/><sdl:value key="SegmentIdentityHash">kvDb2IoakeVV5COiU7UJZ5iVYjA=</sdl:value><sdl:value key="last_modified_by">DESKTOP-C8MRIMB\Sherif Youssef</sdl:value><sdl:value key="modified_on">10/12/2017 19:59:31</sdl:value></sdl:seg><sdl:seg id="592" conf="ApprovedSignOff" origin="interactive"><sdl:value key="SegmentIdentityHash">jOXebt+mFWIb52SR50tKbcFyzhc=</sdl:value><sdl:value key="created_by">heba-PC\heba</sdl:value><sdl:value key="created_on">10/10/2017 12:09:30</sdl:value><sdl:value key="last_modified_by">DESKTOP-C8MRIMB\Sherif Youssef</sdl:value><sdl:value key="modified_on">10/12/2017 19:59:32</sdl:value><sdl:value key="SDL:ProjectTranslationHash">-863596907</sdl:value><sdl:value key="SDL:OriginalTranslationHash">-863596907</sdl:value></sdl:seg></sdl:seg-defs></trans-unit></group><group><sdl:cxts><sdl:cxt id="291"/><sdl:cxt id="2"/></sdl:cxts><trans-unit id="c5ea7989-b42a-4657-8de3-3a04840e42a8"><source><g id="1632">18.	The method of claim 17, wherein the well is a deviated well and wherein the</g></source><seg-source><g id="1632"><mrk mtype="seg" mid="593">18.</mrk>	<mrk mtype="seg" mid="594">The method of claim 17, wherein the well is a deviated well and wherein the</mrk></g></seg-source><target><g id="1632"><mrk mtype="seg" mid="593">18.</mrk>	<mrk mtype="seg" mid="594">الطريقة وفقًا لعنصر الحماية 17، حيث تكون البئر عبارة عن بئر منحرفة وحيث تكون</mrk></g></target><sdl:seg-defs><sdl:seg id="593" conf="ApprovedSignOff" origin="auto-propagated" origin-system="Propagated from segment 591" percent="100"><sdl:rep id="kvDb2IoakeVV5COiU7UJZ5iVYjA="/><sdl:value key="SegmentIdentityHash">kvDb2IoakeVV5COiU7UJZ5iVYjA=</sdl:value><sdl:value key="last_modified_by">DESKTOP-C8MRIMB\Sherif Youssef</sdl:value><sdl:value key="modified_on">10/12/2017 19:59:32</sdl:value></sdl:seg><sdl:seg id="594" conf="ApprovedSignOff" origin="interactive"><sdl:value key="SegmentIdentityHash">uKKyKyCFAYJOQZhUgEAQLU67p+0=</sdl:value><sdl:value key="created_by">heba-PC\heba</sdl:value><sdl:value key="created_on">10/10/2017 12:09:32</sdl:value><sdl:value key="last_modified_by">DESKTOP-C8MRIMB\Sherif Youssef</sdl:value><sdl:value key="modified_on">10/12/2017 19:59:33</sdl:value><sdl:value key="SDL:ProjectTranslationHash">-1768974174</sdl:value><sdl:value key="SDL:OriginalTranslationHash">-1768974174</sdl:value></sdl:seg></sdl:seg-defs></trans-unit></group><group><sdl:cxts><sdl:cxt id="292"/><sdl:cxt id="2"/></sdl:cxts><trans-unit id="40c2a6be-a38d-4d5e-a1c3-4cec18a770e2"><source><g id="1638">deviations in the well are between from 45° to about 89° or wherein the deviations in the well are S-shaped.</g></source><seg-source><g id="1638"><mrk mtype="seg" mid="595">deviations in the well are between from 45° to about 89° or wherein the deviations in the well are S-shaped.</mrk></g></seg-source><target><g id="1638"><mrk mtype="seg" mid="595">الانحرافات الموجودة في البئر بزاوية تتراوح من 45° إلى حوالي 89° أو حيث تكون الانحرافات الموجودة في البئر على شكل حرف S.</mrk></g></target><sdl:seg-defs><sdl:seg id="595" conf="ApprovedSignOff" origin="interactive"><sdl:value key="SegmentIdentityHash">NjW8rtDN4tQac2qboBYUMOqIwT8=</sdl:value><sdl:value key="created_by">heba-PC\heba</sdl:value><sdl:value key="created_on">10/10/2017 12:09:35</sdl:value><sdl:value key="last_modified_by">DESKTOP-C8MRIMB\Sherif Youssef</sdl:value><sdl:value key="modified_on">10/12/2017 19:59:40</sdl:value><sdl:value key="SDL:ProjectTranslationHash">-746659268</sdl:value><sdl:value key="SDL:OriginalTranslationHash">-746659268</sdl:value></sdl:seg></sdl:seg-defs></trans-unit></group><group><sdl:cxts><sdl:cxt id="293"/><sdl:cxt id="2"/></sdl:cxts><trans-unit id="ca7a1e69-24e8-4767-bdfa-603b74379d2c"><source><g id="1641">19.	A method of inhibiting or controlling the rate of release of a well treatment agent in a well comprising:</g></source><seg-source><g id="1641"><mrk mtype="seg" mid="596">19.</mrk>	<mrk mtype="seg" mid="597">A method of inhibiting or controlling the rate of release of a well treatment agent in a well comprising:</mrk></g></seg-source><target><g id="1641"><mrk mtype="seg" mid="596">19.</mrk>	<mrk mtype="seg" mid="597">طريقة لتثبيط أو التحكم في معدل إطلاق عامل معالجة بئر في بئر تشتمل على:</mrk></g></target><sdl:seg-defs><sdl:seg id="596" conf="ApprovedSignOff" origin="auto-propagated" origin-system="Propagated from segment 593" percent="100"><sdl:rep id="kvDb2IoakeVV5COiU7UJZ5iVYjA="/><sdl:value key="SegmentIdentityHash">kvDb2IoakeVV5COiU7UJZ5iVYjA=</sdl:value><sdl:value key="last_modified_by">DESKTOP-C8MRIMB\Sherif Youssef</sdl:value><sdl:value key="modified_on">10/12/2017 19:59:41</sdl:value></sdl:seg><sdl:seg id="597" conf="ApprovedSignOff" origin="interactive"><sdl:value key="SegmentIdentityHash">Ih4kyDpQhBOe869AGumVSwOw7Gk=</sdl:value><sdl:value key="created_by">heba-PC\heba</sdl:value><sdl:value key="created_on">10/10/2017 12:09:39</sdl:value><sdl:value key="last_modified_by">DESKTOP-C8MRIMB\Sherif Youssef</sdl:value><sdl:value key="modified_on">10/12/2017 19:59:42</sdl:value><sdl:value key="SDL:ProjectTranslationHash">988504843</sdl:value><sdl:value key="SDL:OriginalTranslationHash">988504843</sdl:value></sdl:seg></sdl:seg-defs></trans-unit></group><group><sdl:cxts><sdl:cxt id="294"/><sdl:cxt id="2"/></sdl:cxts><trans-unit id="6e646010-0ee4-40d3-ab77-ff82709c449e"><source><g id="1647">(a)	placing into a receptacle a shaped compressed pellet of a binder and a composite of a well treatment agent adsorbed onto a water-insoluble adsorbent or into interstitial spaces of the adsorbent.</g></source><seg-source><g id="1647"><mrk mtype="seg" mid="598">(a)	placing into a receptacle a shaped compressed pellet of a binder and a composite of a well treatment agent adsorbed onto a water-insoluble adsorbent or into interstitial spaces of the adsorbent.</mrk></g></seg-source><target><g id="1647"><mrk mtype="seg" mid="598">(أ) وضع في الوعاء كرية مضغوطة مُشكلة من مادة رابطة ومادة مركبة من عامل معالجة بئر يتم امتزازها على مادة ممتزة غير قابلة للذوبان في الماء أو في الأحياز الخلالية للمادة الممتزة.</mrk></g></target><sdl:seg-defs><sdl:seg id="598" conf="ApprovedSignOff" origin="interactive"><sdl:value key="SegmentIdentityHash">VJ6wZ7VW23eysif40sSg/emXu8s=</sdl:value><sdl:value key="created_by">heba-PC\heba</sdl:value><sdl:value key="created_on">10/10/2017 12:09:42</sdl:value><sdl:value key="last_modified_by">DESKTOP-C8MRIMB\Sherif Youssef</sdl:value><sdl:value key="modified_on">10/12/2017 19:59:42</sdl:value><sdl:value key="SDL:ProjectTranslationHash">-2098010831</sdl:value><sdl:value key="SDL:OriginalTranslationHash">-2098010831</sdl:value></sdl:seg></sdl:seg-defs></trans-unit></group><group><sdl:cxts><sdl:cxt id="295"/><sdl:cxt id="265"/></sdl:cxts><trans-unit id="20120a31-123d-4bbd-b234-d758d56c6e3a"><source><g id="1653">affixing the receptacle to the bottom of a bottom hole electric submersible pump by hanging the receptacle from the bottom of the bottom hole electric submersible pump;</g></source><seg-source><g id="1653"><mrk mtype="seg" mid="599">affixing the receptacle to the bottom of a bottom hole electric submersible pump by hanging the receptacle from the bottom of the bottom hole electric submersible pump;</mrk></g></seg-source><target><g id="1653"><mrk mtype="seg" mid="599">تثبيت الوعاء بقاع مضخة كهربائية مغمورة أسفل البئر بواسطة تعليق الوعاء من الجزء السفلي للمضخة الكهربائية المغمورة أسفل البئر؛</mrk></g></target><sdl:seg-defs><sdl:seg id="599" conf="ApprovedSignOff" origin="interactive"><sdl:value key="SegmentIdentityHash">DwG/iMon+UDLFlc6lOrgRZkBF1w=</sdl:value><sdl:value key="created_by">heba-PC\heba</sdl:value><sdl:value key="created_on">10/10/2017 12:09:45</sdl:value><sdl:value key="last_modified_by">DESKTOP-C8MRIMB\Sherif Youssef</sdl:value><sdl:value key="modified_on">10/12/2017 19:59:43</sdl:value><sdl:value key="SDL:ProjectTranslationHash">1612801996</sdl:value><sdl:value key="SDL:OriginalTranslationHash">1612801996</sdl:value></sdl:seg></sdl:seg-defs></trans-unit></group><group><sdl:cxts><sdl:cxt id="296"/><sdl:cxt id="265"/></sdl:cxts><trans-unit id="74e3e896-f32b-4c01-90d6-e038092173de"><source><g id="1656">lowering the bottom hole electric submersible pump with the affixed receptacle into the well; and</g></source><seg-source><g id="1656"><mrk mtype="seg" mid="600">lowering the bottom hole electric submersible pump with the affixed receptacle into the well; and</mrk></g></seg-source><target><g id="1656"><mrk mtype="seg" mid="600">إنزال المضخة الكهربائية المغمورة أسفل البئر المثبت بها الوعاء في البئر؛ و</mrk></g></target><sdl:seg-defs><sdl:seg id="600" conf="ApprovedSignOff" origin="interactive"><sdl:value key="SegmentIdentityHash">x36Kv6cuMV+skJZ/vVUX8MIaICc=</sdl:value><sdl:value key="created_by">heba-PC\heba</sdl:value><sdl:value key="created_on">10/10/2017 12:09:47</sdl:value><sdl:value key="last_modified_by">DESKTOP-C8MRIMB\Sherif Youssef</sdl:value><sdl:value key="modified_on">10/12/2017 19:59:43</sdl:value><sdl:value key="SDL:ProjectTranslationHash">-1815918758</sdl:value><sdl:value key="SDL:OriginalTranslationHash">-1815918758</sdl:value></sdl:seg></sdl:seg-defs></trans-unit></group><group><sdl:cxts><sdl:cxt id="297"/><sdl:cxt id="265"/></sdl:cxts><trans-unit id="03b552d9-2255-4e8a-8d1a-d3b6c2255053"><source><g id="1659">continuously releasing the well treatment agent from the water-insoluble adsorbent.</g></source><seg-source><g id="1659"><mrk mtype="seg" mid="601">continuously releasing the well treatment agent from the water-insoluble adsorbent.</mrk></g></seg-source><target><g id="1659"><mrk mtype="seg" mid="601">إطلاق عامل معالجة البئر بشكل مستمر من المادة الممتزة غير القابلة للذوبان في الماء.</mrk></g></target><sdl:seg-defs><sdl:seg id="601" conf="ApprovedSignOff" origin="interactive"><sdl:value key="SegmentIdentityHash">Lef7iILdlG3zoo7EB/YhtrOY6uU=</sdl:value><sdl:value key="created_by">heba-PC\heba</sdl:value><sdl:value key="created_on">10/10/2017 12:09:49</sdl:value><sdl:value key="last_modified_by">DESKTOP-C8MRIMB\Sherif Youssef</sdl:value><sdl:value key="modified_on">10/12/2017 19:59:44</sdl:value><sdl:value key="SDL:ProjectTranslationHash">-2058431809</sdl:value><sdl:value key="SDL:OriginalTranslationHash">-2058431809</sdl:value></sdl:seg></sdl:seg-defs></trans-unit></group><group><sdl:cxts><sdl:cxt id="298"/><sdl:cxt id="265"/></sdl:cxts><trans-unit id="8c7bfd21-704c-4c3d-a8f2-aa1c80273f3f"><source><g id="1662">The method of claim 19, wherein the composite comprises a shaped compressed pellet of a binder and a well treatment composite, the well treatment composite comprising a well treatment agent and calcined porous metal oxide wherein the porosity and permeability of the calcined porous metal oxide is such that the well treatment agent is adsorbed onto the porous metal oxide or into the interstitial spaces of the porous metal oxide.</g></source><seg-source><g id="1662"><mrk mtype="seg" mid="602">The method of claim 19, wherein the composite comprises a shaped compressed pellet of a binder and a well treatment composite, the well treatment composite comprising a well treatment agent and calcined porous metal oxide wherein the porosity and permeability of the calcined porous metal oxide is such that the well treatment agent is adsorbed onto the porous metal oxide or into the interstitial spaces of the porous metal oxide.</mrk></g></seg-source><target><g id="1662"><mrk mtype="seg" mid="602">الطريقة وفقًا لعنصر الحماية 19، حيث تشتمل المادة المركبة على كرية مضغوطة مُشكلة من مادة رابطة ومادة معالجة بئر مركبة، تشتمل مادة معالجة البئر المركبة على عامل معالجة بئر وأكسيد فلز مسامي مكلسن حيث يتم تحديد مسامية ونفاذية أكسيد الفلز المسامي المكلسن بحيث يتم امتزاز عامل معالجة البئر على أكسيد الفلز المسامي أو في الأحياز الخلالية لأكسيد الفلز المسامي.</mrk></g></target><sdl:seg-defs><sdl:seg id="602" conf="ApprovedSignOff" origin="interactive"><sdl:value key="SegmentIdentityHash">JZTyohXdijoge36B2XQymwnmBSc=</sdl:value><sdl:value key="created_by">heba-PC\heba</sdl:value><sdl:value key="created_on">10/10/2017 12:09:52</sdl:value><sdl:value key="last_modified_by">DESKTOP-C8MRIMB\Sherif Youssef</sdl:value><sdl:value key="modified_on">10/12/2017 19:59:45</sdl:value><sdl:value key="SDL:ProjectTranslationHash">-844395092</sdl:value><sdl:value key="SDL:OriginalTranslationHash">-844395092</sdl:value></sdl:seg></sdl:seg-defs></trans-unit></group><group><sdl:cxts><sdl:cxt id="299"/><sdl:cxt id="265"/></sdl:cxts><trans-unit id="22963e0f-ac6d-4062-bf9c-c2b391902e4c"><source><g id="1665">The method of claim 19, wherein the well treatment agent is a scale inhibitor.</g></source><seg-source><g id="1665"><mrk mtype="seg" mid="603">The method of claim 19, wherein the well treatment agent is a scale inhibitor.</mrk></g></seg-source><target><g id="1665"><mrk mtype="seg" mid="603">الطريقة وفقًا لعنصر الحماية 19، حيث يكون عامل معالجة البئر عبارة عن مثبط قشور.</mrk></g></target><sdl:seg-defs><sdl:seg id="603" conf="ApprovedSignOff" origin="interactive" percent="100"><sdl:rep id="2yulyTeW6T982c/0BZoFWR+LeX0="/><sdl:prev-origin origin="auto-propagated" origin-system="Propagated from segment 570" percent="100"><sdl:rep id="2yulyTeW6T982c/0BZoFWR+LeX0="/><sdl:prev-origin/><sdl:value key="SegmentIdentityHash">2yulyTeW6T982c/0BZoFWR+LeX0=</sdl:value></sdl:prev-origin><sdl:value key="SegmentIdentityHash">2yulyTeW6T982c/0BZoFWR+LeX0=</sdl:value><sdl:value key="last_modified_by">DESKTOP-C8MRIMB\Sherif Youssef</sdl:value><sdl:value key="modified_on">10/12/2017 19:59:46</sdl:value><sdl:value key="SDL:OriginalTranslationHash">-339319056</sdl:value></sdl:seg></sdl:seg-defs></trans-unit></group><group><sdl:cxts><sdl:cxt id="300"/><sdl:cxt id="265"/></sdl:cxts><trans-unit id="2af09ed4-4e64-42e0-a768-b733447767ac"><source><g id="1668">The method of claim 19, wherein the adsorbent is diatomaceous earth.</g></source><seg-source><g id="1668"><mrk mtype="seg" mid="604">The method of claim 19, wherein the adsorbent is diatomaceous earth.</mrk></g></seg-source><target><g id="1668"><mrk mtype="seg" mid="604">الطريقة وفقًا لعنصر الحماية 19، حيث تكون المادة الممتزة عبارة عن تراب دياتومي.</mrk></g></target><sdl:seg-defs><sdl:seg id="604" conf="ApprovedSignOff" origin="interactive"><sdl:value key="SegmentIdentityHash">E/mZeAinFnp16Rrglc3KiJEVm28=</sdl:value><sdl:value key="created_by">heba-PC\heba</sdl:value><sdl:value key="created_on">10/10/2017 12:09:59</sdl:value><sdl:value key="last_modified_by">DESKTOP-C8MRIMB\Sherif Youssef</sdl:value><sdl:value key="modified_on">10/12/2017 19:59:46</sdl:value><sdl:value key="SDL:ProjectTranslationHash">-904860206</sdl:value><sdl:value key="SDL:OriginalTranslationHash">-904860206</sdl:value></sdl:seg></sdl:seg-defs></trans-unit></group><group><sdl:cxts><sdl:cxt id="301"/><sdl:cxt id="265"/></sdl:cxts><trans-unit id="fb6a56e9-9b02-44a6-95ff-2c32071b8041"><source><g id="1671">A method of inhibiting or controlling the formation of unwanted deposits in a deviated well by:</g></source><seg-source><g id="1671"><mrk mtype="seg" mid="605">A method of inhibiting or controlling the formation of unwanted deposits in a deviated well by:</mrk></g></seg-source><target><g id="1671"><mrk mtype="seg" mid="605">طريقة لتثبيط أو التحكم في تَكَوّن رواسب غير مرغوب فيها في آبار منحرفة بواسطة:</mrk></g></target><sdl:seg-defs><sdl:seg id="605" conf="ApprovedSignOff" origin="interactive"><sdl:value key="SegmentIdentityHash">hGxBsYAvFtoV32XYWyh6Ozj3il0=</sdl:value><sdl:value key="created_by">heba-PC\heba</sdl:value><sdl:value key="created_on">10/10/2017 12:10:01</sdl:value><sdl:value key="last_modified_by">DESKTOP-C8MRIMB\Sherif Youssef</sdl:value><sdl:value key="modified_on">10/12/2017 19:59:47</sdl:value><sdl:value key="SDL:ProjectTranslationHash">236417775</sdl:value><sdl:value key="SDL:OriginalTranslationHash">236417775</sdl:value></sdl:seg></sdl:seg-defs></trans-unit></group><group><sdl:cxts><sdl:cxt id="302"/><sdl:cxt id="265"/></sdl:cxts><trans-unit id="f87e36f4-0c81-40ce-bfb9-49892e93812c"><source><g id="1674">introducing into tubing in the well a shaped compressed pellet of a binder and a well treatment composite comprising a well treatment agent and calcined porous metal oxide wherein the porosity and permeability of the calcined porous metal oxide is such that the well treatment agent is adsorbed onto the porous metal oxide or into the interstitial spaces of the porous metal oxide;</g></source><seg-source><g id="1674"><mrk mtype="seg" mid="606">introducing into tubing in the well a shaped compressed pellet of a binder and a well treatment composite comprising a well treatment agent and calcined porous metal oxide wherein the porosity and permeability of the calcined porous metal oxide is such that the well treatment agent is adsorbed onto the porous metal oxide or into the interstitial spaces of the porous metal oxide;</mrk></g></seg-source><target><g id="1674"><mrk mtype="seg" mid="606">إدخال في أنابيب موجودة في البئر كرية مضغوطة مُشكلة من مادة رابطة ومادة معالجة بئر مركبة تشتمل على عامل معالجة بئر وأكسيد فلز مسامي مكلسن حيث يتم تحديد مسامية ونفاذية أكسيد الفلز المسامي المكلسن بحيث يتم امتزاز عامل معالجة البئر على أكسيد الفلز المسامي أو في الأحياز الخلالية لأكسيد الفلز المسامي؛</mrk></g></target><sdl:seg-defs><sdl:seg id="606" conf="ApprovedSignOff" origin="interactive"><sdl:value key="SegmentIdentityHash">0AcdC62qMW0q6ccH1tV2acFTrlQ=</sdl:value><sdl:value key="created_by">heba-PC\heba</sdl:value><sdl:value key="created_on">10/10/2017 12:10:04</sdl:value><sdl:value key="last_modified_by">DESKTOP-C8MRIMB\Sherif Youssef</sdl:value><sdl:value key="modified_on">10/12/2017 19:59:47</sdl:value><sdl:value key="SDL:ProjectTranslationHash">1087118062</sdl:value><sdl:value key="SDL:OriginalTranslationHash">1087118062</sdl:value></sdl:seg></sdl:seg-defs></trans-unit></group><group><sdl:cxts><sdl:cxt id="303"/><sdl:cxt id="265"/></sdl:cxts><trans-unit id="976fe5a2-4419-48ad-a1a8-e96ada4c1dc6"><source><g id="1677">flowing the shaped compressed pellet over obstructions within the tubing and deviations in the well into a targeted area in the well where unwanted deposits are undesired; and</g></source><seg-source><g id="1677"><mrk mtype="seg" mid="607">flowing the shaped compressed pellet over obstructions within the tubing and deviations in the well into a targeted area in the well where unwanted deposits are undesired; and</mrk></g></seg-source><target><g id="1677"><mrk mtype="seg" mid="607">تدفق الكرية المضغوطة المُشكلة عبر العوائق الموجودة في الأنابيب والانحرافات الموجودة في البئر داخل المنطقة المستهدفة من البئر حيث تكون الرواسب غير المرغوب فيها غير مطلوبة؛ و</mrk></g></target><sdl:seg-defs><sdl:seg id="607" conf="ApprovedSignOff" origin="interactive"><sdl:value key="SegmentIdentityHash">/97QU6onQNYBpYDuwVi7jc/5xV4=</sdl:value><sdl:value key="created_by">heba-PC\heba</sdl:value><sdl:value key="created_on">10/10/2017 12:10:11</sdl:value><sdl:value key="last_modified_by">DESKTOP-C8MRIMB\Sherif Youssef</sdl:value><sdl:value key="modified_on">10/12/2017 19:59:48</sdl:value><sdl:value key="SDL:ProjectTranslationHash">78989900</sdl:value><sdl:value key="SDL:OriginalTranslationHash">78989900</sdl:value></sdl:seg></sdl:seg-defs></trans-unit></group><group><sdl:cxts><sdl:cxt id="304"/><sdl:cxt id="265"/></sdl:cxts><trans-unit id="6ec0d579-fb0d-489c-b64c-2d40f5b3d986"><source><g id="1680">continuously releasing the well treatment agent from the shaped compressed pellet into the targeted area.</g></source><seg-source><g id="1680"><mrk mtype="seg" mid="608">continuously releasing the well treatment agent from the shaped compressed pellet into the targeted area.</mrk></g></seg-source><target><g id="1680"><mrk mtype="seg" mid="608">إطلاق عامل معالجة البئر بشكل مستمر من الكرية المضغوطة المُشكلة إلى المنطقة المستهدفة.</mrk></g></target><sdl:seg-defs><sdl:seg id="608" conf="ApprovedSignOff" origin="interactive"><sdl:value key="SegmentIdentityHash">JwMt046AbQU76nbRACTTthmsqvc=</sdl:value><sdl:value key="created_by">heba-PC\heba</sdl:value><sdl:value key="created_on">10/10/2017 12:12:59</sdl:value><sdl:value key="last_modified_by">DESKTOP-C8MRIMB\Sherif Youssef</sdl:value><sdl:value key="modified_on">10/12/2017 19:59:49</sdl:value><sdl:value key="SDL:ProjectTranslationHash">-373821105</sdl:value><sdl:value key="SDL:OriginalTranslationHash">-373821105</sdl:value></sdl:seg></sdl:seg-defs></trans-unit></group><group><sdl:cxts><sdl:cxt id="305"/><sdl:cxt id="2"/></sdl:cxts><trans-unit id="82538f4b-e477-4619-a44f-ddee674c5649"><source><x id="1684"/></source><seg-source><x id="1684"/></seg-source><target><x id="1684"/></target></trans-unit></group><group><sdl:cxts><sdl:cxt id="306"/><sdl:cxt id="2"/></sdl:cxts><trans-unit id="c64ec0e2-ccc1-477a-866f-04188b676e58"><source><g id="1687">ABSTRACT OF THE DISCLOSURE </g></source><seg-source><g id="1687"><mrk mtype="seg" mid="609">ABSTRACT OF THE DISCLOSURE</mrk> </g></seg-source><target><g id="1687"><mrk mtype="seg" mid="609">الملخص</mrk> </g></target><sdl:seg-defs><sdl:seg id="609" conf="ApprovedSignOff" origin="tm" origin-system="General" percent="100"><sdl:value key="created_by">SHERIF\Sherif Youssef</sdl:value><sdl:value key="created_on">08/15/2015 20:01:46</sdl:value><sdl:value key="modified_on">10/12/2017 19:59:50</sdl:value><sdl:value key="last_modified_by">DESKTOP-C8MRIMB\Sherif Youssef</sdl:value><sdl:value key="SDL:OriginalTranslationHash">-1839252170</sdl:value><sdl:value key="SegmentIdentityHash">wczYy7gKZS0WnQFOj5nLkL4Rwt8=</sdl:value><sdl:value key="SDL:ProjectTranslationHash">-1839252170</sdl:value></sdl:seg></sdl:seg-defs></trans-unit></group><group><sdl:cxts><sdl:cxt id="307"/><sdl:cxt id="2"/></sdl:cxts><trans-unit id="cadbae1c-169e-491c-9d9a-2014a66a5e92"><source><g id="1690">A shaped compressed pellet formed from a composite of a well treatment agent adsorbed onto a calcined porous metal oxide or into the interstitial spaces of the calcined porous metal oxide may be introduced into an oil or gas producing well. The well treatment agent of the shaped compressed pellet may be used to prevent and/or control the formation of deposits in the well.</g></source><seg-source><g id="1690"><mrk mtype="seg" mid="610">A shaped compressed pellet formed from a composite of a well treatment agent adsorbed onto a calcined porous metal oxide or into the interstitial spaces of the calcined porous metal oxide may be introduced into an oil or gas producing well.</mrk> <mrk mtype="seg" mid="611">The well treatment agent of the shaped compressed pellet may be used to prevent and/or control the formation of deposits in the well.</mrk></g></seg-source><target><g id="1690"><mrk mtype="seg" mid="610">يتعلق الاختراع الحالي بكرية مضغوطة مُشكلة يتم تشكيلها من مادة مركبة من عامل معالجة بئر يتم امتزازه على أكسيد فلز مسامي مكلسن أو في الأحياز الخلالية لأكسيد الفلز المسامي الكلسن يمكن إدخالها في بئر إنتاج نفط أو غاز.</mrk> <mrk mtype="seg" mid="611">يمكن استخدام عامل معالجة البئر من الكرية المضغوطة المُشكلة لمنع و/أو التحكم في تَكَوّن الرواسب في البئر.</mrk></g></target><sdl:seg-defs><sdl:seg id="610" conf="ApprovedSignOff" origin="interactive" percent="76"><sdl:prev-origin origin="tm" origin-system="171273_Petrol cases" percent="76"><sdl:prev-origin/><sdl:value key="SegmentIdentityHash">Wkv7iFJuiAKAc7maLxJIENay4xs=</sdl:value><sdl:value key="created_by">heba-PC\heba</sdl:value><sdl:value key="created_on">10/09/2017 03:25:01</sdl:value><sdl:value key="last_modified_by">heba-PC\heba</sdl:value><sdl:value key="modified_on">10/09/2017 03:26:18</sdl:value></sdl:prev-origin><sdl:value key="SegmentIdentityHash">Wkv7iFJuiAKAc7maLxJIENay4xs=</sdl:value><sdl:value key="created_by">heba-PC\heba</sdl:value><sdl:value key="created_on">10/09/2017 03:25:01</sdl:value><sdl:value key="last_modified_by">DESKTOP-C8MRIMB\Sherif Youssef</sdl:value><sdl:value key="modified_on">10/12/2017 19:59:51</sdl:value><sdl:value key="SDL:ProjectTranslationHash">-1338892692</sdl:value><sdl:value key="SDL:OriginalTranslationHash">-1338892692</sdl:value></sdl:seg><sdl:seg id="611" conf="ApprovedSignOff" origin="interactive"><sdl:value key="SegmentIdentityHash">jfKguQRIMXxSRj3LexjaguOkj7M=</sdl:value><sdl:value key="created_by">heba-PC\heba</sdl:value><sdl:value key="created_on">10/09/2017 10:49:16</sdl:value><sdl:value key="last_modified_by">DESKTOP-C8MRIMB\Sherif Youssef</sdl:value><sdl:value key="modified_on">10/12/2017 19:59:51</sdl:value><sdl:value key="SDL:ProjectTranslationHash">1318540758</sdl:value><sdl:value key="SDL:OriginalTranslationHash">1318540758</sdl:value></sdl:seg></sdl:seg-defs></trans-unit></group></body></file></xliff>