<?xml version="1.0" encoding="utf-8"?><xliff xmlns:sdl="http://sdl.com/FileTypes/SdlXliff/1.0" xmlns="urn:oasis:names:tc:xliff:document:1.2" version="1.2" sdl:version="1.0"><doc-info xmlns="http://sdl.com/FileTypes/SdlXliff/1.0"><rep-defs><rep-def id="7ZdnrmvZzFuqd0UpcfHaO3zMfds="><entry tu="8fb79f0c-a614-4748-be3f-533bcd3290d7" seg="40"/><entry tu="453160b9-6df6-4000-9056-a12eef0e7864" seg="43"/></rep-def><rep-def id="XIkr2gLBu88J61TndouhKBSsqW4="><entry tu="3f62819c-62c4-4c85-af4f-8425f8ac83ab" seg="49"/><entry tu="6311b396-2201-412d-a4f8-7aaf9c619f6a" seg="70"/><entry tu="f68d7042-6859-4b55-84ec-999944dc70f8" seg="151"/><entry tu="c017d0af-1ad1-4974-9f46-1b36faf2c4c4" seg="170"/><entry tu="4e929f39-a2b4-43c1-a2b3-ffd63c9183dc" seg="173"/></rep-def><rep-def id="84Mpati6cyi2nqS+2oNhFLzHDuU="><entry tu="ff1bcf3d-2a30-43d7-bac5-23b9354c73c2" seg="152"/><entry tu="05e15054-028b-40d2-88d2-4b90383c199a" seg="157"/></rep-def></rep-defs></doc-info><file original="D:\Daten_Okt16\Ubersetzungen\Rheinschrift\171004_UTC\UT_1710_1364_updated\Privacy notice for Public Websites w apps ccs.utc.com (FINAL w slight changes 09-22-17).docx" datatype="x-sdlfilterframework2" source-language="en-US" target-language="de-DE"><header><reference><internal-file form="base64">UEsDBBQAAAAIACyiREsFPH5OWJYAALilAAARAAAAZGRqcG9qc3gud2piLmRvY3jsu1OvMEwUpXls
27bt99i2bdu2bdu2bdu2bZ/5ujuTzCT9D7rXRSVVt1XPWnsnteWlgEFQAMAAIAAAAAgBCt0+CMYB
AQBw/tsiA0AAaQnZ2Tqb2DrrKXvYmzjp0LnbWBMUggBR5AMAAfxf/R+t5hQ5uyV+hJE7cW9wq7qU
Hgt4iAKOf8mv6lSIIGszntnV636bGc0zbWbW5KqAyGXtHcKOq0+7c3NHGR8vTU0bxCQsA2mHjekR
MN1wKQ9Xit5auyf4IqHF3iXW9/KRuPntut1+7Hq3RPqjK3hSDYSRecXCPYBl9RCIPHnLhJwi3hmr
TFQ/SjUCujOm+MVwuf1KsjGh6tN8QjWtqY1bZr9dxBL6CsbsOzExapTK0avmItJU+D4vYVK9bhTt
jT3g7GSHoEYQnOfz2d9b+npvIUUSpYHXAqSdarGMx0riKdWBu1y+oYft0wBm5VZFBXV2y4ZQWAic
TmZRv8OUR/DfQjieUSjb8GYlhPbwlMLd2dFLUWye8eP8eQcIQlkhe52oJKV5179qGD3PDQSaEMU5
oN5egbJvwl93oWxtLrCZXb7djDinsJ4LGt3luG7ARLNfKEl7fSPe1V/2dTyR9yBVdWZF7oS8UIph
/LzznLs+9P+gAHu5kIcEPFAKTjU6lKmhyZ13qbMK0/BCCHQBCLb2LprKUzhNJ4oacb265Rf9eF4N
jFhWOOf2kU917sanzB1n56u7oCrXPN2YPRt9yJn16bZ2et9BAQD+/oAB/v8GkKHiCwrynwEc/Mc3
9H8GoOdoYu1ET/c/1v8L/v/V/1B14pzkED/C6F3gXf10T0ZzZDjLhUjwrvAhMEzXEkn6z9Ct8lab
G204mOVi0FjOx2nWnve1p1N9kOdZuucdlToaKYXrZtZuC2o3m1yUl7zEOCZW9xFUbLa+kp5ejZ47
wYRQxZWQ4sZICRRXwr1/uvNYquIBcNf2xoe5xCNzK4Z4n8JUO9UUd3Tfv3w8j8qaCgLbGdjyU4zH
Uw+7vq2XTPyeXS1XR1PQR4F1TLYoBGatZF69IqxIWinQ0aszbVlxQhRM7HuehUvHwr46kSnB0GD5
r/ElHr1IyvyTE/4nxBhUvgvvd3MGMedJ18jTVz6LZ96INuaHbJY9cY7P9BdygP8dNJ7XWw0C/3ER
D/tfcgJAALrZORrT/y9yjO2MXGz+C9D/kZz/L0WA/1EE+H/6K1pW07FbYkDxETvkE/Ylt4WyZqDF
RUKxgPfCzJnEdszOGrU0FHu92fz1ss3yLdZKZDomfFCcYK/08Z794ejt1UgRuYdYpSwyQgsBRvNP
JVPxRGsKm3hzy1Pflz9XRhEVml7dX585v8m68qIAWczTrqVCn6fbHKERq67lcGMKU2yfV86/kDK1
poxPdR2lJjwzBPPmwNC239oOipF9hbFdSt/YSp7Nq6bm+vjeJZtKDrYTpZOcX3cEAc+xDHIO0Se6
hmEw/RIX58C0C0PoeYsgLNtaF7z4QBy+tZw6YdIWFKwukQxeTPZm6u07UuINOU5TgjCIDXYM+5kt
Hp50D9FvOR+9TelDuy6RB82smqwUI1zDXlYpCE5FkLzopZG3FaQfuk6xDbsqpHTvuU3ywvhIxq5A
0ff7S7dJ8/7Cfglof44gZAbLO/4hXAYnwvoUfrBLJH+c1GY3pVK2dFD29ss7091YiWIClLL5SrcK
k68bRf/LGxXKVPwNFTRlkRVWZKl8Rrg0mSWH6LA3n8wbe8VrYjgOoyi71Xtlg6ljUnT8AxCeLB0t
twbxsnjY5O2Cnj8b/jhXknyL7vApTmOrw9A0t0qHUUAhYmTJismgLo/BZKxvEfYzp+5W1efbzAkj
uOIAHntrhFar0Q3/aJJL0WLoC0T9nAfsUF7EMmPa3hzefLeFuTupKDtt2cqgmh7TAEPCPvm+VtJz
7WVziTl+JnNDd6OtS3yiD0PrwE6vYOV1udHz0NEx4+Hm8xCL8QX+3yEI+DMyNysIAADMAASA+N/J
/0Tw/wvftc+W49Z46smX8DQfwTODjdgUG6UCetdm9WrLFKKZN04rFZVsn7Q/CUkBCBAPAEXqZQXe
KfypBdFn93TZStq0JjezBAGkfD6ohD+cnLCbRrd/Rofb7dWm199WXF8M8NlqFDIfFJ+ty55rKw49
jigxX/dn+8vTyEfWEC25xI79MZjCuc9251NiDf7X30/fz9b1EAWW7JhuOpe7cLp3ukwoflvtkvPj
wU6XsftNzM7xzTr+qAKSTqld2MK7jrPHBXyPWxMFXs/WhTP3Y50EDmwPycBdTvtBTZb1xVhMWh6a
TDdCnwvmiBG7zK7ow0pXA/aeNLnd/XNE1icw3/0SN09Xkx0ess925ugBeE8++xPoAzX+cuCz3zT7
YYkOynft52kFL+DHiFsDuj6sQrr2V9IIW++bxfphi8biTaXMdizwU8dG8ZbWZ89HatX8PourGcHI
YYBUHDVHdMLnIof8Gf8nXbklX8OWRgumDCKvYW8oldT4X6nGxPrL0IdR7515Y1gU9gPC728cR6bs
6VTGO7zXZtm96S+N7jSr6upGWlbajmbjKnBq7W2blduhDefRQZicmgFKVxAAdaaLFxynYxW8AWO4
qNv33XCGj389ps9P+8pF996di4fKi1TZbgk3rKJH2RL33j/WO+8DKe4yL26zr8f6iTT13BfaHmge
769VWF5bnyw4RT7Y7ho3b/qMdiEGpl0cdwQM9dlbX7Ee1Cq7sTOFdLJ3/ywYH4SjQXyviKeNLE69
ogbo3gyfdl6opEC3Y3CwSzNfdr4+p3K/9zdkXuXUYl2vsJsH8ge9nnsM/HihdyCDpQucnJu7nJzJ
2VwrmyZ4iz+p673OIe4zp2RBaaeOChpNep8IT8+Njx6c59fYevSnQ8vEXPzrPj4FbHqSCzPJz310
O3nyg1AFhAQAwYLY7zn52e7OJeY6Y3PKOtT5xDNF+A1LDcyK16cRiVhv9XzC8P8K1AF2qwvlX0c3
BwPyhjT3h5q2FTdZIPzP+S1XWXuzIwrx7L+DWHI+jr3uA5bQSTf9fA5eWycmXP72d9vrI7onEXQ2
sf2jrognqDNs96HlvpfALpuzOb7fKd7iT3FOhAt5bAE52d4NKxtIgS+/34e4ta1YbC84mtqGvNLd
cQlicDBBSU1+4bI1vF/lRvJOZ9ufYbkijoOyRSv8wWVgGaU5j5dhMXlm2AG7eONtyNjjiDZFbOLe
VCnWkR5pnPlINVucgetXHDcmyO8CJn89gIpYsqTiHmcqtKK6Pa7YJ0oX+7LvB5LIg9WSdkPbS+Gl
dQXhnFDi+VS4PCfcGfs3exsRS9snYMGfhDyYIAi/dWntvPfqGL0+fWaFc7DZMvmOmPu5bDXbw+hu
Kb5gCix3AZYm9sS0mp0g2zP3OtGn6tadHt0ee5so1jiakWvI2+mbsFemtVwnzM4yL3CzO+rNtB5Z
szvhD/ybFvqn6XWmTF35gDNcaO0eY4wvYHVjFO6k9RBMf4R44gdkE1wUXS3a8PcIq/ZFtTW4aSIj
XAqrOn50AdsQQCBpFmb9YH3O2iR3ZPZQGQ52bkEHD5xwiO6ot/p8i/1B89VScF09X2dS3xZtbRNf
q16WZJ0bkgvycRmKRy/8EYnKhVdKFy/mtiY88uJRkaWoz5DMhnhkMcT1lOkyjUexM/JzSY8VuZmo
e5HQNY2ep6OfxRnHCjVm0dEIL8rFm+olbu5/VQorq9NI9QdRGIclmJGGhKYwZMR2Zmu86psuguw5
owyVZIY6J+tYBaGt69iNU4hIGL8lc+ElQpR3uwMkzt4/jeyN7GbGrtRHFK2jliQNnzewrihbLYPK
mko03RQ5hA635iAb2qvd1Mv0iV6vjVo+nDh8wSD+b1VDSm0IQMWxzE9LVunRD7Q1yzaitaJLhED4
COi+suKD2vtnRnd3SvQSN1Oq57PXOHe5OLczOxnZyoxlHZtQ83Lumk/1aPCtywzTGGwvGKEtNGlk
B6CCKZ9kzPH9EOqhwKa+CPJexQ3YRH8ozOyxBGTuhdeFDF9NXUtefWs1C6cVNm1bJlOzDRZPxioR
GK1uS6khzGhmdTvjoaqKgpAq2ylWb2htoG5UmQw4nLAZkwMxmB5CUHsbLWJlOYFocJ6qNF/xtXl0
IptwdcSjRDXw7Qe4duR5Nvg6T+O/cvlaLbLajWUF0kVTTekXE8+2gcV7KtexfSXh/dYSYDF2xkwn
MyswrdU02+saHJZrrZrUEnqlyIBbhliRVVCEEtNa+4ThG0CA4BH4W1PWEzN0HUCGR4yOuCGvo1jl
+tYXy2gNmo7vDBAEeiMCRaFz6/tbTmIxqkPbKkUjhKOj2vA9Mwo18+z/dX23uXfTPk0rtuqizC3s
GFv8sz4TA/k8R58HDOlIbjtgAb+BhQI/NmdMsaNUy043IY/w++P+KoLlWeWAkUi0HI6KxMBVRcR9
frtB9H0Ox2b4l5H8yVF/612PSSi9hIstVHhlg85sPmxIsACRY6TgynTIObaPBaCBVcFF1q0WLTZY
nUYEJuRrbpD37gFHsaIAi0T2MkoSUCYI2ISLBq42xbooe/fQFPcOgxfu+yNbcJNu3x9uoK8uF7+l
ez5bQIJLgMnDUdgkiOlPosNc22RGHKbRomO4wkpEBxAQCfu93unpKsRm5akOxo+IEp69zOSU75x8
IMZwDB2IfMOVSSh/4Mk6mgPTzY6/HeG5B0MxNx2iJqI6h7cmowjHvPvh4cFzWPn7NqCVhXV06nLD
cjYd6/wun4dE0Fgktvg9iKAzrSxJjSZnw5pP6+XDdP4s4Ajd1nLYiueKHZ5ROqdgpI/80x308xwl
jMOwpHhBSCNphlsfzyYGyptuRR5qXfjCanCR/eE7+lSs4copkcyOSmu6vQmNsOhqP906G+I4aoxv
NBkoH8h87ns7HnvCDMIPtr0guVHHToe0ZgbTvRSZmdAPFBSBLNBqavkNIBdzhGvPz+pZLNGF2Kk+
ghZi9sv7NQXN+6JUMD0HLuGNe9TdP8T9nZWXYtn7jJZDTab2v4aop6CznV3gZ+RP3f5c5FNRWjf1
F+TyqpfGATFOQFolYhF3l43OKay6B+vK5UqzSyp1beLaay9bgQVv2Q1+LjlcBWVU3NFnBRTJLoMq
DyJMgK/ANoIk95Hj1WLljIOYToWWBHjbqLBtxMZpx2Pkp+Nd0JAuwZSI6vZGJPwpP7QCljudD7jS
MCyoCeXc99rOd2P92cL3R/RN/PSXsL2cejvGWHIA3B4p3asFKEBFHxHXdfmrxvsJf8+lPQqgt41Q
oqrMi9CVsJSHw2HOpuoOGvbIyl6huZ1qEq0mQd2hXnV2JFP8/aSd+0YtHfbe89y7SrhU11/bwTko
VfWkIdvqghgLhICRL8jysGWyfYIe8nfWd95+brUeqlNgPwaE5H96m3/UQNya9gKymBUkUIkmnqnn
k8OSYUskMaO/dwgHYOC0pc8IOxgUhgodZzuSjA35Okch2cXraiUe4RGFv3QCe2RjH9hC0ht5Sybo
CEfl4z1Ji1RE2tsYSJkFGr65fKOaA5SGmwsE93XKNZzRn5Qg9JUc+qvU/WyTXjqVIMZhBG2IaSIO
aIgAt/E5peHEOJ4UvqOIBMNR8EKrT+DO+yZZdH3qiBIszw9GRvCwpDhot2mi7ObHN7g3rnEpF1S0
DVCb6vwitKpBJvWmuiOHCaOR99AgqEI1qCQ9IYEj7O1I89/39/vtSutppH+xzZseaC2KUf1s6Y+C
QzUflS2rzOaFahj9tT9QQdCF+s8jPY+xDoB2JN7Bv0KgLZ9VqLZv9VtXtywMR7reCvj/BcMgxzzi
CPRaZtoF7Tg5MYWFg5ByZiYn4i5tiRpfzHXKmhnYikjWb9g2Fj7doSx8Zxg4uKNPpf5qPJbqy5mv
PTYGtuab8pBXnuhpy63X5or63jf2S/pQC07xAoJMcizp2l3UKNfsQJTGlgW2hqld9DqZbRHjrO+4
VCZsWf5UlsMLTFJrz9iWgiyGf1ZDg3TJcOT77NtHYYs2rychsXOWzA/Jnr69xQ95juxdvVLtJv28
PtoJkRH+DZmfYZaop8hiXcN9jgEQ/sCnYI1GleFIRl9YDAqnD6xHAAjjoZCl9ph5RKBu66GgR9t9
nXMQmgM6cScF3zGHPbGxbn78BwuZNlSDSvuYiHei9ELeA1x1kY/ZCN1zHjXD2MHB7MStwIj56Khq
wHN5iYONTWB3DVa5unKRxPbOHRJfJGKLWEM4fFAk667+T3a+VSnK34iukdY04IrBlK7PU3edYS3i
i7rC7gUSoVD6ysJWTLdVdjezbTr+LlFsjkub43ZXKWHx0GgmNcl3Z4HPkXldFiwCEp2Al+YAlcGP
FQuAJu8YoHpPx7E0TLdaz3UW+eLneKCsy2LwB0ZK/gAfxcpuwIBUIioeVFwRN+YPYY9D5QeQ190b
vOvc2WluoMxxErweM9OD+Z/+nXXuleVJD8bymUErg+XLWkDxOolW1tB2wkAqFi2toVZV7eLvxO6C
A7LUdWRNkHUk8trErgYwaSAk4LrUzGSTCnpHL+2KuweGS+V+XG0K3vb5eenF+SE1RFGMExjOWySq
BqWkzw7lorqyW/NhOBFAtZWkPjo5svwFZTigp4eH2vhv09gQ7SeSjeElvZ/tZJvBdQHA9r3kYeji
vpBIi7+dQClpbNG63Kis/6NR92z++V4Zb+PGcA1HAPcWRCY6n+5ZVZo0EZFgwL4DAan/1oEz1i8y
kJAWU2UFAAbQ0/M+JUyCD4BipDopg3zmEKUe4TBW2CPvpcyCe/aRHNX9goJZ2ZoOiHyKSE9fX1df
Ez+5GY3lTZg1zwzo5WY6KyeMmw+btE3BqpKxfqA5EMoLjHmLFH3oX0Q5d6m7uDteB+3ZXf9Ig08u
WBNt4cup0PCgDMswmDwvaPyT75AULxkvkOEMPAwPzLlBdR7u478zR8nnFv678R5gFO7obMr0PPfO
kKlyEBKOLAZr0NKuR8E42kLQUPYIsuNL12fJT0BR/tlvHeb8pg5TKoUF87SWOAHD68MsRmDSLciE
25BxywpZSAyc0CzCHJHll/hcK7dPUNJbZvllqPPfpaFbDTvCRjWps2n/YKr3bLCSsEyZr6a90F0S
Ey+FeQ19q3BxEqULAcmPk9mG0coKmIYhe5h+7LQlgJRge6jmWj0E/HdsCGGeaHiEA3UQs+En5ah9
iuX+vegPhnRDKDrASTIk8leTQ8RfmCkDAOoCoLCbbBc32WuGrJdDy1YvtGe7mFvf0I/HT508QZ/P
nlERZtGHqAx5pXEuaU73IigVILGxrq87dJx5fsM1Q3STcW18ESsNTAuPa1gdSeDh0ZTL/XKeHWTt
ttgNV1/RISMMZfSMR2HpdmETzFDkBpR91Elmxilk1CjP4EMVBFh95Qrw+bD4966IWkVHgJioV17i
PFEimVYDFpENEN7OGQ3b6qb42RT3tXR7e9n9nvuzYlisLADKmdC6K99puk7qK9Hpp7lycKku0yc2
9CDUeayR1pHc4csc6tl/peraNNzYgKIqYNwZnxFU+UugVBHu6xw4pG84Z4ebQw6zbUE1jTq7k8NR
cMps8dz9SPHnFDEwPw/O3cs5TR7UdHC1kBWsyEUWzFDGqa2GJPXK4+Uw8lWu7K/r8FMCXuSx8aDI
QV1Ou4CD+TUb8xsso++u7MX7EYLSSy5CbseR3o1vz+XOVWp2qfenlbgus65zXmOqdIp962iWVAnd
lmlySeUVMiazJl+V/1hTxc2JO8/3M4WPSCkV7IumpTq03bXe40bBtFCSFaRsKju4OO6kVqhG80R6
W0LsfA34QXXtd+FonT3kH7PqZ6iv1RmdIXsEMujNWmgNb8R7GZxrDeMP1YYUymAvf8j2YP6p/jSu
AQNyexvZGp76WI19mBj0L9qb8CeHXjcCTnX11mcpcNuwDQkjeIL/TSYX6Ya68NUynhLBfd+PRvC9
F8VpPZQlRDeJgLLhdHfFaXV+yeiyPcu+zbq6Op0g7C1yZwfZmtwneVym6sseOqFIDXG/3/u04E3c
nXa8qU2ENx1VoWGNuj1k1yk9a03e4Nxuel8NVs4cqVVVIeFK0zGx+7mnnOiLpz60P+GjoyiJBvWE
l+9e3mK283GyjesfJQeO44i9AJSuFI5+RHePr0HU0stwVQAtxjgx3Y2PqCc1SUlLPXPHg+ApjrSZ
J2Uhihu1P9qGgzQ0Y94/18ON45DWRafnEwMyxo+bP1ZTaPio7q0YfFfMVt7BHVFM6H2SWvqtweHl
5QMPFBWwjojIutSPxcskRK9rTnyQVhv9sz1uSEz1zBdaVbk4iNMSSyQ7pTZXDGNqy5F925dpeypd
6jq/9V3/9z1/8V2mCPYOUfUr2+OPx0aHLOnZZGm4gvVwhC6f6HPORTf1PeFHnafK9211W7r7FoXq
PIfcULw7DyWprqUaxg/V5NVUKPUm4PzRyauyqOITxhxHTSIbyp0lFJbYeMqDh2QWJ5T20mZu9hNC
lW8SwaDA4XiEeJgcZco65J+wP+xRoklfxXvw/cwB9Mf5ebPmurmhLajy3HKJp8b1H/Qt9TxdRC5s
peQct180J52B+KRMUHTBojCA9QbRYTffIxpBcqoSqdnRdikYiHaKjhBUzPD4cfwosNPIewzYWQoW
ett8JH4ue5QS77qDLSDDI1JmwwB0fELbAiQciSVHfXK6K4bOvhE/Wm7uba9x7Lqw3qIFH/NNppL8
2DRfulaAzXmkUTpRHPu7LiV3nm/2KTnaduKVfpXYRFCHBTi3AB8iMhAwrE0xqI5raBEp8lzbG2KI
qDcMFvYJDnXQ9arYndhq7b2XxKPuGBDMNaoW3Shg1+HJhCQJS15PzWvMqmj1wkoWiTZsAWgo1n+R
MG3+OLR6lGww8UeRn7XitGnoYirVUwn+bW9LmSVZdPCvYJoyCKJuaV0IW1rWeDGfIgoRqkqD6QYQ
kZjn2CXgwZCaWpeTWgSJERoLRr1Gw88+z6QJo7MMP6MYuLWdn0eZMspKr6dKjeryCKzCgNDXcyjy
ywJM0T8BY7UnaUoqcUQTCLDNCzFq4XLC2EAXQKZ23aTdC2MMRunIszLhrjUUpRLzZIu7ksB2xPHv
r1Rajvsj1+DsYvB+Wj01Tbu7twuRYDpTgO44U1TQLXQvW5G6saRmdrgfPAapEeviPIux68Z3IkGP
gcgnTb0qAHyGF3twYRN9ckuEepM2aLJz3m2NWd+klnRttAMQj9BrvVKp/PBTM6suMpIc9hPiNmOu
qs+odLvniKOCrWtEZcypXbz2MVsC5c30B1w6xsRCPBDqeF0PMWmNVZK7mUWo/vnbOUFwT0Mssfqn
BfhdU9cwjCSja8ZervrhZ0vc4c/59FDUTJnFdsUhPJXMaKfLizU2M6A/hdVaGIMsyIDEryW7JF2c
oMd03Is2nJidjzAz7wfK2i5GClpjdWRFjc0hDDeU5gIwMjBA9XS5P4Sg6cwilyxjcSqHbpMxa0aY
MG+rWNsdD90TZsYcqGSlqbcerKMLTA68TV/bCctjiax0nSy9hIgDOPDHyMioh/NV1UOebfZ+RMUH
S4KRKZlJ2k2WabtGaMqBAq/1WBT8SVCE68gsJzybyfCkQnt+vPinuuvKRl/cafZkLzGHsucnqs2C
VFD2W4+09G1bosgKO4Vb9Aorl8AWwvuD7kAAWaC71SrJaycDAA70D3wsBhl1mfnOFelffRKI1m8m
C/CI1q4XUza+rjMSzq+8V8yklsS7UUn2a4Nh/j/CAtCxfc3ychn5Nsgmpu494CB8iyDEKKAEZ9FT
Asadn28wsBKJVn6L3ofJ5fMrJ9CvrZqFmZX6t7Ty/DV0hi7TH1R3xWgV6Q/gWxR1W2zRUkDi0+Sb
7GUBYXnuEK4CmRK9nqEHlE4MBHoz6ytX2DU2xFrQ5SH2xAQfi5Chte6jvNiEmREXo6U1gFhiVaos
FsupG7rcTOKQhZbMW1Yy6mZ/Weh7QBfmgasOHk3Brpv6M30ZI6Er407A6aFb9VjIzZKY0hu+Dpzs
y2hBUEqsGl+UsQVUgv2um5LYKYf6nVG3KtcNJRzF5I9cFHlGoLfe5ikZK4MbtAOk/kLfiefuFZC9
YmKVLGDzO+U7/Gl4F3OcXbGjj8kdZmWawEVO6OCYY/5RRpSLCGE5XbXux/oFBv4Sve9TsYOWCnE2
NFSJdzvgeRHwCiH7ZqT6RVKQTfevUD2Ca40F8G5vb3BzJdHVkhGX2qjb7BiORTy9VqLp/XbMOPmW
Eug9ZwTV0gQwB/T3ZFjOi8Le8l6bNgw7LKqBwgMk0FvLiQLMMjYLUqY4D1Th2LOu8moqXBu1Izlx
K54+Qzl7Mzl5qzaluUtiIROHT0u6b+59ROd+M7IZ2AEpKMetljXoFGwtvcNMkosZ2nukANdg85fy
BwiEab4Q7hgJf/O5EStWfMC2Bj9XHxsDCwe+reMfAR0nmoXsKIspWOB3L65Ucv++zc6uumdqRASB
j5j3nJ/UN70huyEZt8ITCU1x612XvyMLnckQraVkUZV1Gs9o9SpEkJuLBFLuC6OSIS3ht+/JcmUX
D3ausretZ3rGi2oiR3o6l0P3MzDqem8/cS0KEhMAVK6XTEfdZ1RTmvzq126yKZO6BKZoRb6+YyyM
2vWncKXTz9s6mj3YW9X/SQT09ryrLln0Y5mhrFC0ZZDK+Us34qPxqHkVzRQp4vfLMWT2zKsqDYPQ
oBnwG6ItWnklwRaHmmGhXenWIR1SWMZforBjtbSZn4sX1b6O8rdgumwtnsizO4Seos29rlGWAsQg
ABKBre6qAUuoCQDfZd/eZNPi0JWkysq+uu3NlTGYnjGjJetewTt9qSw7XsIV70H/Qsv200zGaQW4
ZSyeZAlDphtC40FGgz51eD4bxvArYjFhKVurc7pZvjwIxESV5j0uHTlYz1CLUO6PN2OJdxOCO6GU
cFD3a9K+zmKkV3FqcBmkLDszD0f7EoTPxvpMzyS0Nyuzpb/X0WTILFd4aGx5hmzIMRWVmaPbnS2Y
ugU3gvLQi5bRPIcbDUkdMRGbtVOE7BstvMAR/qX3Np2/IsJJdM6R3pKWSjRgJ8jYDtWksus0Tin2
m27Sb4qs4DfF42MZqjeCjX1QZhK6IhBLFUGhnVuG1EaTBzK/RAxZCaHEJ6JtGOqz9OB3Ei5980BN
2z8Nc2Z1MP7JX4Bu5KOwRv+QFHiFzlNSKQhojjiNkx27qpwPXOc6z756iQBW7V78fhzkeojxYNBS
kR4nXtFr/CavWFuCJCSKdYeoF4tPK1K6dG5tcXPMjCo06lGz/ghA4FUoJ8AUpe9TDUcuvNxLyqLR
1vAkl45nmAqcdwAvD68i7Xxu/CbSGr+rSKx5re28AUk3dh7ZVBJgTMp1Z9tioqrVgzsdhlg7Bh5P
HgTKOGoxfU1DlCXd7j5ceGdnHeK+gCzQffuRqoHRaeZa1dgL5Ob1nqI1HjaI/OZosJ9E+FbzAO4s
/PKKVEorIgp14rKho3gvdSu7CGxhiI/SRUirH7crRB6wcm/2VaWSS3fGG7yGTUsybTHRq+hol0ox
kPPmL8I2Ad2Yio0EK0iBwPMNNiobJueAMWGNdgkLoiJSQPRB8XUEirSLGFNT8xR/c3xFlqPmNhgS
KncJixcJsYSSq7irfnhGAoPNX0gLTr2jUERAF5e8dGtUkmfbfZ/h8xdecZk3AEVLyMMxjNdvHT3x
X+7W2xSwI3YKDXym7S9cHwYYKwbpg+G9TroPws5gPzb27jIoJ3+rickfZK/0yitCJOgni7128p6M
bJMNGe0SuuctB9WEnPYkWpwxKu/CYDkov1tzBr0gTwMltrRPwJZyOnIwXlEP9GrnSc3jQ7GFMThV
iiu4DJZQ3MHEpdBXBJ9tpAMfr+kQpZaMdMfyLbXoh63G7bT0fzteGHKJcYd93TWhSWrv7vSvczvb
X5rzyHdWRv8oFHrWGK4bfti61ilHsEGrQjTZpVMaPIKhcsgw9tOj8mboibu6+djx12p/Yb7ZgbX1
Diqt4MVSeTd6w49I82Togz7nJoo3xhrZHXeVjmIWgQQCqNIVI9zhgeDV5a6jOZKqiACy4ChzmYDM
iZOAXU0LyX0EpAHI1aMEiKxe+6kZIFt2xRU9UHcwWG2Wirw2NMqk/WSy4uewy6ZN77pM9CizxDFR
wsnNF1HEewI/y53HqFerHig7FoZZT1Iy+TTo6brJkHkY8on9+036eeyM08MgM/eNpAOcspE6CYus
C7vWAo74BrQERmx2Pw+0T4p2IInL2182O++qBXcbN1FACwhivDZ0JsAvClt80HnGGKcvnO/b5Lu+
fYaLafKRG1b0SydXIDXcyPQF2o53lcYPjynnzH2D5lYlWVtAweMauWLBCai/zqzBFlbMpdNPd0sH
wtjtZzlZO/cwBIo+IyqZjYZU13Tjq9o/4SPTIkF2E7cIIFtMgxAasF9HAlSHB7WUME6PFx5FUXAV
m5rk4zWQp78haI4EX+r3UW8lvjz60ZTNPT2HStmVpBpXCWZI4637DBU9n8HobUgZDsWIH3Z5UGio
RYNGFhkDvJb9eo9Z4NczdWtbumFFYmNvStvhr9W4gWT9RntLIwKD5TGAoUjdBUVIpeKh9FVz8FYc
KUaoEGQFLbj7eHbdStleZLXFa5EUXohSck70hrP5WIZriMwmD4KXh63kIbFStRO+dbQjb9jAV1Nr
G9Sm7d1aI/vTdcXEqgWOchMZUzoCBkjJFuNBwBasFQr06hYU9xfHweutkDiRNmTjDwYOZHgnCb/V
90asplCIbkTeVDcYdi8YP++6ita0DaHNoKxRuJ7tgDKLSwAUToxsSKP3JFgwy9gr0tcMbBKoZIVr
ylAoJ7zgDecu/IxgegzaapQXP2dP5csanM9VIU1H5hAlNctHBmU0/gHB80px1/sHmI0lZC6HPlrh
sFACgUoUMdzfCGrqs1a4a8MjRFC2C4tCLYB5yBJdmCVm8/VGwh2wuFoyNj8XqCTOmMAeHXheqe8k
an5MImGUUSeY7HVX3bXGnU7Ot9zrTM/etLGCpMhXUBnsvT3fZojZxzvUrey7untX+1oihdOxH6u6
kFwlkbvhhVry3k5SN/I3Gd/Ru6U9NalrzeavLlgjeLrRMaZ01bIgSI5wk4Kl8SEeWVB7gl71ZPKs
8EQn8DCZBpRHWyD0JwxpGrazlsRY1aMUjcuvFgQACIRpAPgc1B8zrwVli/C4BhLWSkgDD3AV1Ykb
r3g0gWLxyYbzq0WA07jKuW9OH4UBZW52V+HxCCWE/i+IrUFtC4lQhciRMF1+EFknhFc0GhjsBtCC
uNFiqwOkGnSeflnVuniFmXWakAQVw2NQ3qZ1SzuxDtESv+3yCU4KWAWKqjtBpSD/PW7wrBOmHXR5
N/i2U02twU1kIXiTHr3AOJz24rW83LiRLR0KLD2R3VRqGm1rZLQXB9EkxXDKKPmbquDb8Ya5dHs4
cLYMzP/WPPecWqG2ddq2rcJfYfo1dFMQ0jT7uqUtE0MTaVp92PaQDiFO3JA6asBsDuB4/VqGPU6f
oSZBZljHTKQAancPmvgy5xavbw49lNWz0hK6XJ4SaXXdaYyGQtdBR2M/1jen8TK7RUN3sqFQn+FC
HYE7iCOT8HlQM7lqHXepUbQGkkMuk12qCtY37kH6OWVezUoC+MREjMxCUW7y3QE4WEqQsC8rp8f2
Tp9czWXjeIrVDmYxUEpU1qhkPHvjPqznWhV5SBvjFoHY4wdghOsJxpq6GbEyWhdNhKzzjO6kiKVq
DQxoXV7Swpla8YgxwP71N8uMGSVrqxK6bwOl5J20UGMRTgJqdLLqQyW3rCGwTq8wO0ss/aRU9gbN
bKYPas5fwtPwqjhAm66kXGCQziCque34LdVll8Q+DAsXZxab4xiLLw4gXdoHE2twgzhb6f0Q6V/u
pWFbh5yRcTCfF/PZRODasz0QikxYZ+/kynVpYOF9mHm85GhYnrHeGRpChTDhaYrMlGWWFk7erIM0
IZGNW9mbb50VIfIc/OteXvas3nT/8iN+2i/+J6llEBVDCxjnISaHZq7Ay29W2X7kjRXKXldRwlyv
Mn3Rda/J2Z1+c+LcgTNRLScQitNWWLpa6G7TOVSouxqOTN28NvCN7vyY3JT4sxpmoddCuCEe0G4K
/Z8U0PE/7qGisEsMVFwyqtRdmXv0LUoo7Yicb2PfkNtlUWSzwGWlw+3P3WnsHpdfKJ8A/MTa02Yt
fezGfzXDu0x98RwYVeQd1J0meL6cBPQF+1QDQ/uBu4O/B6u7XOgw4GaflxVwXaX+INSjugh9Q6qj
57FTsf3eJKKfMPeWpxKiWRdG8l8G9fBhrKMonEVwGgbTdw+Up02SuIYUM+FlLpyw2QFTqR9LEa4k
jCeWk4UM3jJKgFcJAw5DlEZ4AIEdNeIcu3e8zTeJ/vrdUGjIATy64WQtQyKbKENq5Odu5w+sxnFN
z+R5R9jAIHEDyuH5/s3hZNIlO/URyRSp8zADp7P7ptrc98H1crym2uUo+HBrfqOBpbA0ei+aspg5
DrH/0L0TxlDQFrvrw2XOVKJd4hmDLakNtQ6a8/L3Si77+paIs8Gu0K4qlm0trLHK120RYxKZFbAj
CCmiHjFr5QUmU3N6LjdNBEmZt5MDOinNT12PaVoIx+9ezO3e7PnWCr4DdqZVtQO/UdN9xH3pu9Cq
D9LvhkyrvsE2RWkoZiyYQIOhclSyI/6ywhpMGD5vwvkVwtQwkYBqoIlvb49U1Urgn8oW/l3jXB+b
aae0OY2g+qivOuw8bO/PlJiWxfs/9USmpe7Jb41TU3A2c9dntNLCURiH9Ty7IoOEFmJk2hOFstuL
82AU2OMN+ydHrB2iHTC3x2RL1mRHNTKvP6e5R/4i1XQ9P3sA43OCkbscUbf36ZeJTAJ6pr9WrU46
a0/4ZKsC6/ny9GurYqpTwi7QjmZFjUoX2WVYL5iy5iPyddTsFoG5evbc6pYF+Gf4Wvy9uW4mVgrg
DPIiXTsyuo32oWyjfzvOKqfwnSLQD7ezMG40kIjNm27+0Ut3mET7gM6QO+cAqAgqIeooSMLXo5jz
PCt2iiRZQBRBBx+g7SnrDVOAJCtvorBU5lnKxU1Y5BIu4Uvmz8+IgfX7mb7cdEdI0Q14882UjiYO
bfDEUsYaUJwVP8OxZEd9Go4RzfiT+Gu7R5sPhSdpp+tVujWH64sQFX4XkUcUmM530ZM2pFtcLOTz
mFv47JSN1AMl8QeCRl6GhBCJk8QXmxZ5zZbRk3klGxWoQZZ+wfJM37rPTFoYrZzyGlklnEL69/rF
NZpjujDKiBCWiFpXvhOKAYSmSwRswwwPNo9bmN2dOwMSqOMSzcE0VDiWJPAoN3jztcPmp5ug1dge
xr3xxkxb7eDi4uf5FQmsVbFo18XVOmTjtUt8og4Vx3Ng+wiofmBILGFTnsl8iUHDqzC1cZnwkH7n
4zDvXUOM/9tVV5pQZjqWHC88LQ0g4rOufSEG/NJ0q0E3CvjZI3V/7ukueMl+SGYjwt9xkmJujkm6
tfjTkiWj+eiOYTX6zD4ztf/nBGlmVxoA/gts0tgj6+STHLW+LkTv6vUEZ+di5UDMpayX/EjjKlrD
Ep/k56ugXR2Ii3UIAY8+L4CNo57TMufq1jnGJMcq+73wD/iWaa0nkji5Myh42/8PK438nk6JqJlc
AehKs4vv1OnFnQ+44SMPSK50rpY3tM7nAiSNoNPBuL6hw0t+nISb+6vnCE6C5Dt/+PthYHd34HBk
pTTJF0iuBCppWehZM58Dk1C1/e8TQmfKUQpYX8xAd4GVme8lAmNtXiqHHsMR70A4W43zVbvxngWd
LQ6q3fB1Ert9fO0VS2vmKCqclgoJRlcPQSKQSwlQr/Ut8TR7OAcxAdZ1KH4d+xT6TKiPJEif98Kd
n00/FYQaVf0wVvbuUecY/cFlqHEvS1xdKra3X1jQyM6+oat/w6F6poVe9onO7eGTUKnEM/QF/BVP
0/HjCyex2ulroaQnohUBCJPM64KW889wlGkwrYQRcVOjMBHGUHE+lCJFwK8Y3sOXupkF+onJSmKc
dSfBI/XE5NREk0z7j3wSVCkVhqhJsrg5qT0ND2xISZ101x4LuP9pKDQGr6r/r+SdS0+BFP2LAlGn
mY0MRJoZ9SSJWZgPhilzecFGHar05ug52hxf6oVe/hDmmwDrB1CaImfkuwA7X5Qjw3PC8duraOzS
Km6H15ayNSRWReUuuT+IpOR10FoprHZIGwwTpXslsYiL3SawWVHiv8akNjlnE7H4B/oQ5iz7LvEJ
udJpXNP1iazRX/TPvr82r+aNZ2SI+lk0uA2lCRwssiE/GbEYy33N1n6i0s/7uEUYPxo9z8qwYFAD
oD/mQ0O0YtmZIMJfYZdimrrLGeNLs+jwQ8jQyAgJ/JL6h/AXp35iDAZCjDHhF7TFELj5+93WocVA
VCKtmZRLYKOofYyCClON9h+FoLpQkkW0c869mX9mZHbwJMhFRCo3313uqyyWepdydZfUW6KUF2tc
7M8Rt7aK7u3HzB5aEvBKuzhEWLOQorLOlQeq417YuQFuDGcquAMW3xGhAkZ7kgTAVFqLh4ooOR+P
c5OCgFxZ4Ce6uI6+MWTmEslsC7p0PzdcaE4+RzuDa1rXfpxxoDXBCujHyylkpmFDxaL+PIwRe+9D
eD4aJPPjqHUgX4coegMJaGsm3XNohv0FXpGQWcXQUiPHfQJGTjp3cKmtZzrQ1iikmMh5OWgJyK/k
beIytt26BXK30kwxyHpyxZMiXbSlC2E3iBdrAOtRt2TpkBX4v4/82+y8vt+QkS2mE+qtRHtEBlfT
9/NuGTAaYhWS2k6URcXAKVLAXH/KOkxLGec7QS67jP6nK3JoPFsWC2oWi7+65rZTJRrBt9UwSDC4
ECxQKVgD371uAaqhIQTM2fwqAEZOzo09H/qYRCb5fzNwZD3dWJVtZHfNVqpdnEAnUyatmvCH94z1
mSOnq23m50FSjqnKo3d0W3tGNPV/HjsqPPU3q0bWhe/JrEzWOz//RoG+8lZ1RKxkOYsanbxonJlp
Ads0Uy/gl8IW642+covCbD2T32/HaqAzFbTeThonuV5TNHfLwHeGgoIGz9V0+mS6xKaAg0ymh0Oc
xDQDP2scSEfQI3BTOb3pm2q9jNXAxp7UWahHJKX6s8Xl2rGM+HQ0LRLkdI8QX3WyTD1aXrLFkiZk
tw3akygIh5z9VUjWYNClyOtEsIDfc0QoEHMGbRd4Acmz5Kz+YZth6QF0pJDhfD26F4mdtiZCdw0/
zxwMOGq0NZ+bcXLvCJJoaM444RjsoXWBwc+BED8FA7mMlUuaep3XOy62SPBvqm33EsR5d/uwXH2K
qu0gsbzBzXupQn4Mhyl7+7HC08EvuKPhCSuVimZDTSN44c454I2QJG2gApZ6NfiYYm1A+1x3ucpd
xZv1KKLXU8hjtN5kG81vEETapr5jAdF08kQZxSclHMZpZXd/we6IK5ksPsVICx9buC71RRZW9d92
qLcvN9k/Z0P/rJWdtr4IaWDK1bl1+vm2m10qmDgvLXl50r7I4mtFa69nP9Og0wO5gwZ4CKaHd6Ng
k195VVK2gLqCdoWJAgsOqbQQNB4OG89cqbMwVU2XNFxRQt99NkWRai2j1z56kCpGRGbrTxOcGuga
ROYLdm1sv65f/8N/nb2O+zmaG7gkBQcdyuWsWYfu1tr3pZHVA7P+99iRUt0ICb7OlzcqPRRd5B6R
H+dN9cY654tFXRLMFu1nYMyPMQNk5ywSjEGmvgHidQ2c6QHkBgqiYtz+8wTbaf+6iPdl3EvgTxYx
KBd139ETCoYLbxhkxB5CnbcyiETuTLtBsvE8/ezPubyMpBnyuvZr4FbmZk4zZH2WeboZvZqpcimr
5yM0EP2gxVB7dRGzJxa3Wmu5LZHPw19jfczjaue/wW+iOt3hBdYiO2M2KYJ5OPm4zdOqh1EJxgOL
+zdkAFCMVY+zQa+IZ9pbJKRoZHccFHTQpDYwzsvgwToxw/QJk9+HDTBRhzPGRn6oxSb6gYMHOBOC
40fRnEAbGLX8Pz4n65HjMDPwb7+UUfAOtPufj6J4m/eFNgWM3yneYADyxb7d5GAoFB8rTVG01vSz
tP4osuiKHkJdqHjGAiAdiv9ZIbQfwLJO+hCbdf57tp1d5HbT8hNUpoLz5pFUnIaXnq3j9oB5tdlt
D3nNttNd3UZ61LxoECTef/d5O/YpQIz3EwMS+yTNFUiZNS6l3XFqrqsqEcCQk3Yhimvq/qwXcA/6
0kfep7twr/Wcqq3cIEk/IA+2XjcKi8wt9UOoYEIBHPhJR5b+I4Gpn/XxQ4GqawJIjC8mPh3qgCoE
9LeEYNwp7EqNnsOT/uGfrqruFKiMC+ql9ylXWXkx8rIdcqgM+43kFhlI1CdpU2gl4ri3OUMLofHN
/7P/eYedzFlG8FAKRfBKa/Aj7XcAiUWxzw5HaUWNsPPJjFU/4BCcQkxtJ/TwJ4HxHejr9AXumMmU
xLy2XhU4Z9g2CMRtVzcmQ1r+RyBSkBvRSCWMwBkCscUliWMIgzL+jnSTVphBE7UXM684/TWDS1xL
apTDmEc/3dSlHQxIzJluCtTdBfO0VFbRWyf07ylmfNL9d02Yg1jRNQJUNT0iHj1WY4/yb/YtfGbS
xtU1dRSfJ25YJ2wvy/4gMogDPcHmoZrymVZZycXKJeepqJtBJeI08IErttT8gMmZnIIHbv4d3E16
6FWGY/y/mv8MKQRir0gZK3GYR+K2/5zOecz6aKChqUjPgQ9dkBjKCQu0tqYhRL3H07357dd5Z8JL
ztXaiZDCETz1H800tRf31cVHmaYX45ggXhnNLaUL3yY/MoQOJvo4hzAAaqIkJt+SeFralvDrEfAS
gupMDHNkoSV/u2PZQwXEah2DMWEdJRtXcePG1w7X8UT5n8TMQPHEUaUlhYGx1nqzqGvqOL411Msj
Hk3jOVxR77Zkf8lZX7ZJVwBRcAbP55dytRIIu5QzOUmicgDzJOVtajMIv532PPakI5LUGfhkLbqo
fTsUQ9w/4Thc/vDR6F/DtGfl6xg2pZhXAc4juHiHISsuKmJ31Hst79upXbEtO4pvuk03jdbWtnVp
RdS9BfxsnrIazIX1jZ0dbj4mzLoYu1eUo6hVZ9vIC1/Eg8bJfMNlNzC4YhpDODh50vRtQMoZBMCN
7y1npC6/37u/Ngjl/UHqYKSSho5PwC22B2oKctDDiL9psjr5BhjnNs9KF437YB5Hpgx3gfgRihq3
LNUThlWe9t5Nnk0AZc0noIZna2o6shYnlox1rXHOjAyCZp1rZVvNZY95Pn8HR7PuUpTJrR9symV+
yuWwfkwPCIXYAJtlWhjn6XlnzhcDfgJzbpj1DegeOWL1z1Pi6BxlgJtTzAJdcPsdcQLE/Cb4bLpn
Byu9OU2fz6uXnVydmLcudRofwYY58ZEJlTKGU+3UR9rAsYmJUC4iY1bbWj45eMLcPzio+CAuDiJ/
SfvdMjhCby9kmSWk0QvhZogZfCKWM0Ev0eCweKFx2p8Jk6dOdDunCbL7zAT1x9bPbmPATQ8IPPSO
acL7KfshJxBaASWLlb+NIYyvvO59NJ2W0NonKTFR5Sto5fvTfx3rEdzHI/MJFf9g8T53uuubrHQn
kjuz1mrPjCrDAAzHnrlIKH8cojw4fyOoBKMR/qX9PQjsq8zAUpFzDH0BWO+UL1quxIJ7jj4zo+b/
fvM2nUVIllcocH8qWR8Qn0HqkOInhBGJhUIjA4GB2ukmoxth+v0++Bmbxnkfb/aoGMSYM0UcOmMR
VfHTsj+GjssIknuCAD29ImqFske79HTTbEvgImAXynGce96xoxGhUedQTfE9IUej0jt6i15FEui7
ItQK/CI3qrXaxQxCWXbUcx7tTgiUrcUz+sVF6VYh5sUrnOm/SUtk8M58JkvGRLHlQ1nIs0bOF00m
YHINromIH0IRRAmmakK3dpr2zY2ZJHQOsMZN47TQpFk7AHYoDQMSscZ8B2VzNbCk4pOtF/INdptP
+oz/XVH8truQ/J1Qx0/7z904d4Lbdeaw5+yKuL0J1T0VLH3IgSYygw8H655Zo+soOu53hAEmWnLn
frc6fDTY6T4koJ/fSDXV3O31BiqdijxUgONubisN7NJ37z3f2zyFmXsuvLmLBOcT2tuGvUSMbYrT
8JdQgDDtj2YVV34TCCCBiCIBsJj/ATEDE3KpasHcF8wDa1I4MCLE2/yVJzfxhrpWP9CywQ5jcVrH
yBcuowbTLlLcV4Yx5asdehWoqd/YwMV5y3eZVlydR+5IXmOhTeVcAhltp1MKZi8ATNgP2JK6ghpa
v27Zm1JuMFb/QLx2FH1aDAWzvGZhYQE/O5yK0whw7XlCS+C6q+VbbYRiyU7xztj0w44hOZCjzZd3
zWel3FSECBfyFR2oFDXasGYrk67J7jEJuBPakiYkQvc/5zSAi8kLsLiAGlxPtNcpBqlF/IRkhymL
fbIIon9LFXJdSBaq/BoDGdQ0UqB8g2hkSmBNHZASL26OM4mrNyerzDOfi4uH0okCvEAhtpW4N69P
szYAq9PaNy5MoTPoR6xjxDMQweY7bVjEt3v2hxS4cd8pboBh92bxWolvnAI+oPe3UwcL/q/RkIsC
4+y326+epqamj6iqKdoXZPNJVUpMD+0+FRHIVYnqVFEGT7Gvr54drJ56T2KMEcl99IGDKxaw6ATr
VeyMe4t6ntN2XvxjSrZw5+/5vuH34BX25oPhqyjfXjPorp6gIm/InaFCAKtEcuQqutMWL/H8EPGd
65bZHVPhMFpsquG7yJP9AmVGrIN1Ik71KDktKiy319fOnKZqc22920Q2PRLOhmDQifppt39t6Tpp
TdKhtZIVay0VfwDtKCr3Bjdbl0YoiNuNyP5pouKX1al4LjdkepSg1Ae9QlpPvmhLk5IPpr6paKe3
D7O3ArbBm5l8m2Y2uArijvl96+QZB33gaGRrjrAeSssA9l4FoWgjYYvJLUfJNY5W800eZtqDEcKe
RvY1WFZERnL+AvzaTh2p1bjLALQAR27rnDQunWGzuExr/uraSFYTljhZY5pCFKEE9eC2Jte/WCPT
psA9sWmMk3drFtfkxDACaxuOwRQJR2A4OBlWo7SiiFSyGc2lHQD8AECt4QafQqNd6Lghw7ipiaSs
q1GETKknkMKkyL4CwUrQFyKGOB6ivH0PY12VK9PrTwAg82fZUeiFsrAPXskA8IVa9Qm20mVv0eGF
UFgjIwLgFrpqu1GtC4s1wpYE4+OyS5UF4SCjWHLvqtQZjkwow7eZ5IuVzw/1PMkuOQki2yb7hCph
xs5tSwbhYj8R0i7FfIFu753BngmNuwloDOXFI2quK2rvY2sW/ujbz/TKJFqVUVGXxQnfuQOSL++p
DqTMcCKhYKOj9F9o13mGj7/TBG1QCrntAXE6Ib1fBduuyq6/jXqavfuLebxQQsf3+aRofNHmHeco
5sBEYqyeEjTSOvnxKyRvL/DfsawK0+uKo+skrLY6nb6AH6HiRal2wKcA8aChUCsS+ubb5mhcxMdJ
odZSpqb6RNeEesqemJdL5MVTsPoGHeLU/SgOuoQKPI/zdf/dKIFXL1PT7Rzf79UW6y4y7TM6GjK3
n4PZ/5z5klzqtGwG05SpHwAR3N1gzpP4lnoLBE/PUiHCigwXyZ8DjQZbcR/kHYVpqyWR9gvAbcB/
gEgexyAblJ1usLqcVyguFM3hcx3u87cBC0oUZYi/HlHZxR/IigqA4KE9AGYFshcxzBf9ZdbSJqoz
pfKj0TlXhG9zAvoVkuLSR3eUBtPtSE+D3ZjL0KKHbEcSC7tUWxsjUBvE0df1vVtAjWLox68Gn/2S
52zYjziUK7rlPWnYsacWanJXsatZgYmidr+Cu9uVlMRTgFYfHjJ4vFtyHk9ztAp6zqWX9eVpCkzh
U+x28TpSNS5AY6SdztgS3n3R7rjmDY752QHfOfQV1VhXvI4qDHpSYW1t8Gu7VDCa+avv+8pnTZuX
3Wsx5npPQcoFAzwQYF6ehJQWbynCEyZe7/csj+zlb/fqAF0k278lM81gedNLrTFyLQ3Wv9vfN25j
cO8cBLg0s8adfGnKSwNy+n/Y+8YoWZpm3bFt29hj27a5x7Zt27Zt2/bswR7vsW3eed/vnHu+e++7
1l3n/+m1ujoqKzsqMp6nIzK7qjJVNIqCCma2437lCg3M40FVoC5Qhq1erKrE4TrZAyVERvyMA87P
S4UwBhoSO2UB9YUrxaiuGlpU5ec/US1UBqElZhMnYk0prYx2ACgjb2oQsMDqT4Zgb3hx7aPUTvTy
MtfnwKtAwNd2bqHH/KkxO4h3SQnMIkz7KKsGjda7UEsLxY5/q+UC/2m1b31AJfVsZLMCB/meWMFe
Nq6Psvgr8VjyPK9RnbH5kR39attRL0wDk6Ghrg7tUK4HdRKLqMcoluVH9zO67svnWReGtuH8x9Cd
zbF1UT2UWX8R9TSY16z5incWArycfQE8x8LX7GbzI5mN8HxvwKMj0QWSbrWylHucWbELNkv1oyFo
EAJ1najfZEtvz9EGF/Cjm1Wff3T2R0IcS85o9qh3lqNt0RMGHHdOzeqH9sYv7Ppz0b3gvGIvajkh
RiIEnjf+IgbIjj4L/S2YtwuFNoxhJpxE+fox/UAgSWYKdupdv6al9otHQTm/SBHysJSkbmey9Qhe
zQtq+M1zQQBwn/XgaCqpzkjgRtoZ/otwPHPcfvKJfR8nyDvAii6MhuMh2wjC8rTOgZw+j+CnWj5d
nY3X3VyRlSjH4K8Hu3tq7oNx0fNws7OQcvhnerx+cLjc51Q31qJto4eusF1IxblB/frlZ6SVYm9w
h3IRS5RSYcZRHVsgJRhwZrUf5971a6WBD6x82c8gYNvDUNnwnzp5P83j2D3r9D0LoH+mP8Z/0MNG
AkpRUafcMNpyS1Igv2P1HTSEHm34RLn2xeolI2UEjNkLHX1BkRaKsMRTGW6cd+w1nePHHx9VHmdp
Shqyq4eshjcV+uNmQ4mr9tCPeuoLMqgFF10ZKfKM+3Poo6jT2vrR/sbo2nAkkdsiZ3iVy14ujTW4
J+XXUNtcVvF8GzX4ynUPpFg+TfYctDo53QmkJxQUagLJBv76Ze0mfs36R0DaVoKJC5L0OfnPLLEL
50okRbq3yKLL1WhFTGC61WZPD7AAgS7bMxiX2CWPq1dycvADphdiXen6hWY46SpwwQEPqsyhN9cq
VnZEKQ+8pWr8DqMW3rPb+iUFU7ZnmJIC5ZZncrKIX5PbnLmyDENRGtHqGnXtr8UJ/wgrmYMdVyQj
VZUHF2GAHjmZI269ZKLWK9Qs/UYOfSLEumOX1S1Psp4St4PT6IHevtk0935cBR1OObmWuuRNwF+a
JHZc7Xvlkfy7HI40Rh0/ke1BmHlOOR+ihWjiJyyEPoUmyhvTHhfVtAgdUpVkWgJ+wvkiTe/FlP0w
VfLwNQpRQO4H6bpDaMsWic3bQUSSc6G/g2aEoeDDxCGDw+BVYH/zQgzitM7rgJroDexh7ApUpoYe
SBP/U3tj3IvxhRyzciXFS+7Cm7P86oNPnuW7R+DAxO9miSTnL5csH7ejXemLCbpPUGbJVai1vD9z
I1U0IvlbiJsEQg+VUSBBGDcsX0QcBb1SlPTAguXGjURj3o17YQEzKM/jDZFMppqPLmrmjIHtlxv1
lxDPIZnvycy1ui4JN1tAavF5qg3xitqkH7aF8eSFaT1Cubm0JXntSd+l+G97cG2igASE7lI8L9Yg
K+GfdvHnSB2uybpPnd3raIQzSBey9xNKGzytai/qLRuoqc3CUjC0rtXpQW0B2kmO7ED02Us0eRhS
N5IEQFC0GYYuon9ECvSLZhEfwTzyQvOJqrgp3iho4XFAAXojdoIm4X7q08IJuZE0CUakAykGDPlR
D4cAedYLR/RJczJzZ4GpFrQd05R2ibZDQiAlwbPV57Q+0M4w6sumWK77ahXLWdA4dv6662oZtcIZ
gCJdZ7WjHxpIwzoimJcOe4vfu0Zc1gKR8IU3/eMbFRCLXSYXxb2OBqVqJ5pyZpneJzCe4vL8MtnN
IjaXZgW/fS0WkRkQZG0a5yuWmum7EeqpMzntIY9SR/kk+eUXdLMnvRXylkBw6ORumR2SBiy+BTM1
cWPgyyvrkf2gdRE5qVy+7MC0b6e0iKXYrvZK7p0opFszdYFa7oo+cD4AEGQaHkS6wSn9BBdEU0uW
FA506NXR3wllbAn/8uB1KyVnWOtr77koYcAz2VjtMGIdcg+GQzMac1thmr0u93HYLMfDJWy+UZ3j
jv2kRc92wQvFpM6RragvbQbyQuwHNTaAFpBrcuP8XmIRp92myYfUp+CBSLLIIP5jYoXZZBuEAxkt
5GoidePEwmajbmfwI0XmLrSNIEkdmKRiQaOUsK+G/b6aYxC9btz88KyXj9AW66aLjAu4q7HrbF7F
SQaCZ8KJZEKFN2Q77Nj41IBFLnkGupcuw5CJYN1mrrbiqp+KxeKKU5v3rt2sh9OVdbcHJqlAGuWe
IfIp3UuNyL548En15L3rIITiJyVasxZcyju5vj/xF22QP8iSW0TxXhr91fhFr45byGxxpf128i4f
sF94iPkp836nPYlKoefe+al8f3iwTmu5ONEhYJkXXbnPTriMmFFcpyb1FoXnftG5tqun9bjMDlbQ
yVf8gEUtPUQ3uWznyqmTLRQcenqgdzHu+wQzF1YGWGNBXIkhWOtV5Qd0uT2mnAHz7/PioLSe5khS
p2W9dKCjs0EKD8LYn9IsVQApnAiZ2TB3P3nfvdF1YEXp8Engg7zRQpYOJaaBCKVnSdUhn6A7I8Tl
GR1n4mfJ4Wl6GkWRIkwaSSN3MHv3IAPRcuV8AtHRxGyYR7e1XsPmUFvxQ+ctUKdbcpuP073TihVH
KWbmrCfOcomyAtdjE91I8WUc5e30yD6kOaFCxmvHEPAL5zeJ9q/Fvbvh1YjvbwUnK/Q1ThBIb0A5
6m6he5AWARHe4f9p8ovl4kmFAUAAgAxQAACk/5z8wsTW1snG1snY8a/ZL4qSNmUH6FH8rmS8Qouf
5mYICKEHocNHtObBy3RGsVYcM1oMbx9dAmGdgvI2zkste++yc7Jn8HucMK2LnKEISW/S4sUD+qT7
OUmvbOUKMcOzjuJukARKjKhx3dU3tqbOSMTu/XQ7KOj7SJsRKSm72CCLZVEUHdmWJdWd0t7q+WUY
ZpPjmkQz57nQGh/H1VEW2hGu4wdDuBpGTwhho78Tv1hlu6thk2VF+0fVFMUc7NOpUPKELXCmDBdM
SVFD3HmwaLd8I8lvyAvbTSiusV3hjc0J0ghJqWtrYQtjTBwE7fwpwuivBcEIkdImjtQh0dTNrrWh
RIEu3gMpi7qmLrhidgDwNuTM+Au0E4dWeBlveJUPmajf7UaPqOYI3YOkUHyGLmQZ1McMX+sZe9Ow
tPbTXx9W9YzdMQor87o7jaYs2S/gTKzWXFfsLE/kfXnOaqBsCcKaJHSW/JN8E3rKo4llL8Tju8dN
YadDtjLPp0V/UjybSGDKaUgL27LNBizZYxpWkuhZNWRzTZ6mo1zMKB11kz+PpQJbpotH54ezWgz/
WKwdXeZxlhMidAVUWG8s2ZK6RM9L3HJ0EmyUdwyz/eOMQyslj9h/IZ70jfj/nu7E2Mbo3wCfthkk
gBm9SnyEQ3xCY3ReQmHZ1F8q0Xm6AYiKA6NdhRBv7PkQzyjaVFTZ9CAEuZ71NTwf/kj9URjdJEtY
RJLDiCSBkEapXrr/cWHvIEZ0xGHUJRxH+VtS7DJ1RS2SMz4O0OOkwA8g9ZdoUdH1FkkSp4L49KYy
tf68/mUpEMswt5rgApa1qK361Fp6PUWRY/82cCisa9HgCcM34Dt/A670H4CT/Bfg055/A+4UQBaY
N/IN+ClvdzCuiP3Q1YxDcMECktdZvKYGGCxEjbwJ/oivOeFQQWoTB+o34B/ta0ON8b2E+44OdQ1d
cOWrwGJtxKnxF1FO7Z2hZL1vVZ9kI+fK9DqiWEN5f3Ag+bwfJZnV6PU+XVlCU7GpdhOePozqGQNx
Cn8U8gwe9VlA3cFPrHZVdw3ObeQCFC5407bFkywQuesCa34qgIk4c0dmoEukvJkgLoVvZ9Sd/Atw
mm/AE9t4TAdszUR/S0liZFYfxrq2Toe7mJP+BbheKeG6CYadU3vehSaGDNfV2i8GRKB+6rK1Cu8P
2jCdgiOKl6CWvBbb0knbfwScbOnwhy0YAEAMNgAA6n8C7mRmbG38ry3D33PcaMzarLNi9MKvciF0
tNbjckUHcoqcr14sl8AatArFNglrWVEoEJwU9bTI0Vs94YKdMzph18FxMa9PGmEvX8yprYopNoyn
CSyyrsJJwVWLfPR8+T7Hd7ifmY/MISIm3HYhL9WuEAnfppEz57oUhBb2N09DSATfgTDlJMoykzN2
NH/ciLHdpEhKiCLMHTlAuxYolxtYWsuM1EUdOOvG4WzJtI3VBYgx6EiB8IL1YGpZ/rLAtsQscQ9y
yAJcB0+EjIbEMk+Zdxnumt1hUFOkG5KGYbHcVcCwclBfgeBI5SGbQzTJhtgneXcTzqmAYKBB7ToW
ZrlDr7be1h7UIkVUOprjdAK+U1tIBhnXHxxDWbwRNPOes9pe1blmAyhRtf/w6V2ppXvGBIgxrPt1
untrBcd6thlRCtzAp+b+ZFGtuTjK9b6i5mTj2rmp2vlrmJGF4K2xPWC7yprZFQtvy4+mpznA1sXV
oxsW3pYfrbc+AH/DzJbZuwuwOOowlNoMd64/b7/HT5q9EznIFsirUXUglWIsRMTFHBE5p5K/Jh/P
KKGIwUIYK/kPuTYMQAU+hiqzmIVuHGQMYa4ryLA09IAWCNeZC2UKtZQmWUJ9XvCpcC4aBpXh+MX0
eCQbOV/B9zuL19P99fxo8WhWLtfb1t09yNWO1xny6/XkYHs7K8h/AbTH5+HFttcLEUwQklbl5WPl
6tPrYQmfrgcsYmXbBzNvFdHtXJG95tqZ1NAecYNi+NfwQ5s4hejTuD2/289ivOdPHCacPufwqzIx
ICxRCDfPx6FFh7SI9ALAGNfFKeDLXY0euVtmkKUCnNwYkxdmGq0p7Q3AETHCeZ4sz/7zWSizJOah
hlQkuUnvEMfgUhJyqBPX97g4v5FYyoeNDjHDftJcivu0gh8lArFRx6tS2aTzuBkC6oeEoIRrObaP
ePk/TAkrXcfjY4M2ai1mpJoQ9XOwbffSBzTCDiBMp5yfeaoW4hIG28N0tH9SAS5A7pXlIlAKMcOD
rJ6BfPwIQUOFecPLNOVVpPDA2HWHd7wkcn3RpxvWQByAo9wvIP5Cdh/jGDTLrUTwin0DLcglhGPn
Y9uIpbgZ8Nbd5CtSkos31jxmY0IU710P8tTgymqEJGsXFbx6xLIXvauswbH7o6LG+narotZzOnFZ
5LyUPBl/d9t524AoFLuM3YBbPu2XHXxoyaQiR2EoxGK6n8Mc2BwkQ47ZV1DCZCrVwG6LSvlOwwYI
z4a6OkfQv2SqXDyIgk6ftBIdVE6jIUdK1RZkmK8Bd7ssqF+n9ij/e2EUdl2LVNWTu37yzKOdU4Vm
Na3a3CKmJjnPeXqnYGDZNkm6//wJUXVFUkddc7PMZIY6pyl4HGFQZVHP/o9MmgnCFP/OASz7puW8
XVZ/FMnalUthzUBBt+ZHTxLCOAp5UVR8iyeLqDNyEZXaFA/QviyB6GvYM1otx8JaxgW4eKd4nLb9
tOOQyvxbHIUKprbICPuRFUfDBq1sSuGe7C8bFk3ECPv5cDI7uJBcDUCFVA+/ISuoFcl6JNaLbc2p
konUeSu1kBcR+VApuLMn1MBuXnmIcpd6aWuLNDVjqDptqYZXNs2d5UnGPpNXT7P6Hsjx61xzQJ97
ISkyZCRqttWZiMdsbxotylxKohBzh6gRKzI4+qCfpVSrifKQ6FglxMfgbcGLW6y174faaNmeT8Z2
LriNRMPGnUukmioNwZnKOsd6OTgPfS15lyNtrmzDSe+k6bslN19TKN25fc2DHgXECIOkdX3iK5bk
u4LFOB3y8QtuBHp29N3ADaA2Dn9YSFC1RTK/QDkWvnsCjdzSGoMcirhzlEgoj8TJUIKP+bTp557Q
jR7trhopVUZGjBMKamiqFwwcRFZFnjshW+vESYIVmTaKLYCBXJm+n44aAnvleA4bHnceYwZXzSzX
tnK8LWn9FL3wmf4lt1+CInu0vrf19yFda546QveRB2lLVRVAQRxaAp00b0/Kf3BbNdfrVWlsmqgO
CCIq0QZ3DQiodm4hTnz1vgqJTB47Q7bkxd4BPKgDZlEyMItgjR5YuNwINgkudjHAyDvNEiUaG2po
S7Uumi0ae5IYLDADgjeYZpYzdEi2ro7Ph+0OI+8sbhizdTxW75p1uFaWEH43kkJJJZ4SGAIZ8oa1
b1c9P0OCeKD3QE6lJZCl70Qm9dF7wMng8t9ohYc4veH/Y4Zqn+3ZHAcBAFCD/bcuiaOxk5O5jenf
XZImtXWbdXYE7596X/1zd5zLOg0IpXVWlmwiDbQV98Bm4S3h10TyTdn3Z64UkgrZdQLzBrnS03Yz
G3DjNw+h5KLk5DRaRM8DNzXapgHupBYDT9BHZ0IMMtkSlQi1iKg4dFmmG5z4Np/ve69ZzeqUq8uy
AAGtmJVoMwLlZJnTa6d+mBa1woEcFK6CjEU7SpemMOOjhkzVIJZxRFqC4R45LzXYXDxR6uxi4414
BhPipCLULpKZRgatxKiXvmDQL0w+0QeaymIh7afcMyQlCIE7F/7MF34jPqiwitwwBKVPCewMnOdc
npeeXG9Os4LLdGh8yDmsZkVlduuCgRgsJ4zCz9BR6D2AHpQPqEkeJl6zzChpnjatWMS2J9ieUq0y
6FdjqkTmazAgcwp1VJ2bjoTzKUDlM7rHGwCFPZD9ZEdV/Q0BZIC4Oivp5sFD0lnXpnnlO2FbDoMU
ZjqlwcrDNcri+vQ22NLmo1sRBiA1M791icC6tNhFF35ThFeM0j0LM9+syyrv4XIqPvi1FCPBrmYj
kKQ/e8MsAfpHDzRYyYPCqQZQUx7X1aJ9QTUDaUqVdYS/yk/e+mF1sfZdTDePadIe8zQnKoXkEshp
I4OOVhGyCMlBj7oOtoumZTe2IhxZkQftCv6ZVUw1eQ5gF++2K8m5+ZDcOABwC1xdNdCN5f8Ypc6S
OgFw1DebaYgZrpJ0pANAEIPpsCz60OhFZ1nm4ZC8DeHnI8ljPc4A5D7RNHYFQYlP+IXBKW5fnkP5
I0+M9CUktevTzQrVf72Q66YXsd8TUK+GxzdA6+pPez+o6CmE1XNulnMQNYX5ZXiS4NYt1szUFSdw
RNRFkFg+2MLATeAwut7mHNjKQ6FZ+mEJmiaXxQYFRUCPTC1zZp8UcuU0GYUgdUaqmw3eb6t7wpsU
VRkE4WCdu8EyYL4ssY/59ihOCG26KGufAJIx5E6ZS/DxCRPkmj2i5kPk6T0SCivWecZrh8pcM9Q3
R0uRQpXdkB7U6utDampNnOFMO+vGcEO+MKVKE1RaR8vWPZUE0cEH7/64Noj8DdYmI+S3+GRwCUSx
9mbO8iM6tU1nczdORgaZxI3mw8QfhS9rWOsbsJF9FkxyewV1y3qY5PNkdQeNU4ljrS5c4GRrltmz
3Usbp6YHIi9rExUPnBsky1goNllHUlpWw2QaJaq66MGtcFx8dtjHgwCuAJP3boU/YRsX0M+C0qXc
g1dVkZjbV4ARtGdp1idGs64FeoevtfeuWA7suShKlQrNMAua/MBd5J0u9DVk1sC2ZuFStojb8e3f
cBeogskf96BTcsjq3rUiDA27skktpoI52u4G6kaJtTcRWcfW91pwqthhGLbLY7o+nRKw7FhTjrIo
07w7Q4/gbj76RKdKf0p1o16qUUnx4O95/mKmF+tLudjSYk86h59YjA0OqMU63L807HzyzN4+2ZE6
64BXPpnSc+2dw55CcnmIVECDadBL6kcxewwupMEymqeIBMecOqFP7jsj0x/zCCL3Urd4kZWnmmn7
NEX4kcVGpBRkA/O61F6WW0DhgSbmzCB0AikFrzAd7KRIHKyXca7prL8xrV5rwGHKUgMxV+9lsm7f
08nor7RQgcRGD0VFSHhgQ/NSKYT3hbj5Dv5Pce9ZrwBl6ntYfukPAAD/v+Oek7vVvwZi+zrrDhus
SN7bFR+h5e5r3nUsbNEkaklJNFKWahwRhuPJpnDgC/SHcY0kow13D+tm2hBAIJBhcVbGrpUGsHRm
9yeXwHnhZL6vB2esuN6EIun7v0/cXh0Y8eJpZlYkXFw5P50cX3bduKkqKbTEzHPiF2/YFGN8X15y
v55PPlU0vKUkOALAGm6XWHlxbSssnk538qLYjLCT6e5wx3f2rXWtCqF80FzB18ueu7a7w+4uflQk
qCSQLbUG/jZqwLkzgUpVvV1fJyGzvXXrJdUIfsJHIQlGu6vaIOlUbHK5Wljz1q1yFcFLbAApbqW0
tMUmTbcy6aDHWiOzj099sX5ASuLQ4+HMk+m/WIT8bJYZLbR+P93USUGfpwK9viyNvJn12+CM3Y5b
N8tVJf3Q8KJ4lvuE/mqfaqzA2eyNmGCXsAFQNNPL5NeynW1gxBzEREpe0kgXriZnu69YZrJ35+yR
aNHroHbge02zLbTy4hdJ8RUo/Flw78SdGU581AQdbWietBluSOJ5c6J5MXGijqdJerbvhINKVzNr
ZgheVvqsNu9K3myqZr7jp9E/tjK1AsDp8MYby5f44AxKLju6U+t2vdgJL5KAviNXupeI7HOdYZXY
Ou4hU2YZCd0o00DmayX+WE5y9vp8lXpc2jXMvm2KulPHLRhYfPC6aynt8muQXxdNwVB7HrtvBCCL
CJyrSe50qw44Q5n7+Sehw8ScTXIDISLsCOJjrxKCRTc+jZkoiyJqn0v3Kyf+1pCBG3LoYCaALlbE
8Pw1mV9A6GPAS8hu8qVo9W0aR+4p8l0iXGqxK4buL8/QP8zdrhi8C98C0reAN+cZqn+9xQXz9ril
n9Z4F8MuuLvQbeazqj+YWSQJ2V2Y6FACPB4ND1wIr4C4iTpvw1RQmLM1/8Oja6uWqrQG7vxERTd+
Xmtk+KIOYyjS0IK6tPejhVgkwyjXWYYcF629JoK70zK1GoQVZjOJNmqrT4Acrnf1klUhvQ+nYvSx
0T9sa45j/phPpOES1XnsfXNuPOY6lDlinExupQhjM652qpj7sndCbKWTIsS/tdWRnZ4P5+ppfLME
S8fWLukKtaXJz0YsoPmLlxIxcMZMV1P5xHJjPEQq8uca9ldyVeKHKv8ePaBmA+HQ4FQGxLkBmzC0
BdHiWremPHBbWZ8ohS9qnXfoZ+PNVK+3hWHqZ+P8lf8F131udDK8Ff5H4XrPlvQdWEoTcek1523M
5h33dOS6N5VBXipeTBexeoSdUj9XmPGbLIn9Pm4/7CtO9jADDZrO+691NJZYD/EbVvDEgP7DmshW
Bea1TA+zfWsCmeUpoWX6mgeEfZkO/PHUIJMpL3BgI3OO3xewR+2ggCvtG1eeac2Pkuka7LMqE50w
jMykmO0SmVpEsypYT+SsW+6rbqt9R4RmqxDH3xv5Y8KxXfxHjlgc5M1gGHwcHiP3xQac4bmLrPSX
scz0YoJeQoK5thP6rwbh2k30KftFgYhW/399ODfVS8dkwjUERH9vaApDNkWpSl8pDnhsKgL2pfsE
Cun3LwgoYNy5IKCEtuACQhJde+PsvosmM7FJSiu+BQi6G41TKQGq7xq3h2AjLtymJCM8VsWe9th+
XbhFbthjJLbglFvL9fGtgTRdQ6PIzBoJpzhGwYS24AL6Y+sC8hi3LggoIV24IH8XDY53/hRnv3WJ
O5iGTVBS+T62LwOvGCf5feprJHwbM1LbqFcx8r80gjGOr/9lPrNgcqIyuMYW2IKRxPf3glOf2YFT
g2cuCpW/Nc/9l+UDca2BeX/2N+lIcNy5xr5NHS//2+YScEpx0u8zb23MSW5hRMXKbsEpdsEaJbQG
otiemQVRuc8IpLT6f1vdhWuU3wtD9l3VbVwI9MXsL6OZ/xuqif8f1d8N+Jfq/3TIcVrgdxmC7i2A
AIYIr8lfyrH+f27pave3uQ/+KJhZVypFI7fbNCVwYWGHztKI2qeKo36O30gAkqwTv+qJfuH3FxSC
D0d7slO5cc7xxWu/oMnVwhnSUG6QTMR5SvId1OGcQDt5URhlPcvcnlny3tKcDyTEm8j4BUVKU1jQ
LGmnD9rZJTfKVd+c/QhUkWq2hF7LOQDU4SofOEQdfjzd1ATxYyiC2gcjd/22e/2ZDeWsepglcXzc
gSEYiNPlUEh/OSZ9SdeusQzXkie82fAQEyUfJZw2be6WrlgcxrWOulm3zBCeCgm8p9cngkWNCskZ
EeVRH1XgZNm2CWmyjzJwest69MTG0147jGNbGFQpv6WhLWSldVW/lz1LO8dRLACJtWLXVNBFjSD3
z1BLrJAnNRBp3A5kIyivb6QNNZBxTF0idu3kE+p9dNdXAtQ8kOAWlTJ4BitqsPd8Lu6D3/0+aC1i
0dYKBWTVlVFcw1dO6vOVqaK401EDmrxTHa8idg4uttlz+tJ1F7w+DJ8jvVc3ET9/xh099z2PNjC1
PsD+1TEWJFWunZjC6k5bMOz1Kn9pmla2wQxJiH3ES6MzVFT01RlKBPZ1fBkDxU69v00fVek6GCgv
TLB94HCjM3AU2CCsKkZNZSn0ipBl263DIL0Lp5cHVzI83vy8kKe04cHSKFRZ8ZK8tgGGEG1uYv6c
iCdMsV12FubSHcHjYZC/9qgu59yIs9cA5giz2Ow4swFMfzn8zltc8HD90sHLPilMzegspNo9xeCB
CivW8RS56twLFjXMMfkspBMDnc+CuxfGboT+PM5wXdDFmOl1g4/GcZDIhxNipWJG8WMubatRi2gV
xwsXwGuKsYtBmVm7u1huPU43EyLTgNRqRiGpfl93e21oHLpmsZUEvG/XpBkZ+JZSUDlgCoOmb3Qa
Aruv7ML9SlneqsrLjI+5pI35GjBWhiz9dA1L80Ql1fbaFV0d1OYaQF+FS8hHkeTqzczjOiqlG2A3
y5XI4iIYH/8ND15rG1DXFvjsPaH1ldZg6J435Jz2YlF2TqolSYTT1wG52KLCNDdWcvMI4GM3La7x
A41LQfqD0qKcby1MfKm9OuOoSZYGwd51uq7UauvrbqwxtTN9aLjSR0otICW2HHX9ecS05B2/6i5k
/pE56fAP4BSvHBf9E7hMHTT/8wEm5v7zBkE42Mxf1yAxB/hWfbhgQDGl0niQ7NR03Nlf9ed+sCPG
BBjtvLFAxFOMdu+wrOt6lQ7YJGL+BH/Cg/TiKM6XHtXljfoGBIfR1ljLYoAFhsXG9eQ1Bi9P/Awj
jbHtyP399u7u9fpQq2uFq/GNBm5FuZdVc2M7eIAuYvdGEr1epjKsTefyjcR+07Oc67O0OG3dFGFt
9Yc6dOWIdRw2fEUBKnuNyf6sAo70QXkY5GvMGU+vPv6MM12uUQpcU66+pGeuQMllFJJ0649tvpV/
QgxqlvCkn2gVOAWLIxcMKjKripkAH8lpQR1iWe0Z/OHn4+IEmwDmxsoEC4tKGDSvItV07bT7FJMi
lsYy7h/eS/fLL61btIn2O9VTIQvchNixzR5hUjlvHp4oKNK24yupSedgVGWs+K2le1l21XTXf1Tw
DnZEfqmYhnw8NyntqPzQ1a4ALupabIIlcm7NN7fFo9c9VH3yg1nHF13svzUPiKcb4Zl5MPc92OGx
dEvMdHnPlwko98xw48PF75+0qw/G0P0JwwXwpDBRDSDWnwDvYTa+VVqiFY97sThvjE3SohyrXzL9
Z9gOr+6aP49346qzplBkc1QVJyQGGSrN5cETHBKtRb+ti6fsRdV6WQcXsj5WS0HUEy4/pCXStGy3
Awdk6+DoD0FKmz8mJ693ggLJbjC5qh4wLRQixdtVs50zq9CFbFHoaw5VdL9ZRx5A2wpoJkK4yOw5
oTk6x8KChLLkfl1FYL/sCiimGYkSaNng9TVisPDlz+H7h1bB1EGmV99XgNaCbcH+jsRFBlItmsC+
QDbID7PR9NXhwGh/tnzRprdncGtA10O2DUGL6WkDlczclftloBlLsoe4/ObJrXvEWCQSL6t1aIIT
NZsdCXaM4cQSUuGpW+ffYcNMp9BzgGD8IMk/Pnn3B0avqa7s6uxmy5aW7RFrlH4yYGB8ai9Y7w4E
Rr7EQMrxU5jlw0upHWNQkPIHJh/FvnUl+f7CKeBVhtw24N5AS/0gXOUl9KMi7fnqS4OtBJW2RoiU
gaUpsloETBwbJhd9bdEZu5LOs3sbGy4FNvmBCA7DAHldfPW6iNVxtGS6Jl/P5KIUmGJBjSYX3W/B
+/PHMGsyeLBK59Jv7kv4BsaomZmoT9Cjz2mYyvlqTlBma+pXi5VkrckpbDnyNmfzYBFZ0zeqo9Tr
bmbu4eHagZ9rInqw+lYce5ailLXChYa9Y1fUob8MWEo6BK3ZBbzN4rpjFphnmd59wi5l3nHe2sQz
hcr9Kju9k0Q7S5YHiD7ml5t+D78Y2Y/kujr0sPVFsV5Ps0WU+Mni9ckN1v8sU4rebzpIp+dajrUx
LFiq35QMLYG+y2+0FUFzxPKUNyPD8Gs97J54eupJZNhPuuTeXrClXGZCxn2jmHR43sX7+NQhpE5a
f9+SLZqBaEVZN8/LnT66YzJhu9zX527OduFgr+bO2xFcIereqFT0X7gslBdAl6TRR/3h4qzj9PXn
KJ4udKSGyFL9PAMAU7vcm3wRJ2AtUL1ThlgpntaqahEMVgUHST39Q8LAUax6t5i0t4jWBVZv6Xe+
fcNwcvs7+e0h6iKg5XqAZ0NFxHT6C4uLryp9JUP93mNWlwZobo0VAeOqqYG7LH2W7WRs9bFJHPkc
/E5jzXW+2vuie5E5HHXjSih6ZE57Itqq/7PfkRmY4TJD+5oagwShfYoKHeO7nTXP8kmbi/baCNap
dCvkcebeyXDBS0yQB2C/GhjTI6wEBNSqD1/u7lnycWysZwc+X8XWogQyLEyYXQ9E/ZRl7ViOTwHD
h2AFSYyorzQ9w9hRGy25QupIg3XAl6FCmds3asxVxBXW9XRzLFkSCgQ38HaRNTh7xnDQkZ4NNalF
HZBT1GtxvhHty5kH+179d7Y4z2Amo36/GSp1FW4bWkNCVr/8LPUzRvw+xDntsF3aYGmX5FTgTGiX
3q1MY7fCT+6tXNxfQjgQXFXLuAZivQZ7A4heVKme2yf/aG1Eku6E4qrW9IsROUWHpGZN/T4T7JtX
9yTCwOGpDURHuXCm+U35dmziyoesW5KH+z0kLWPXLND5CuDgP2jqWoDAsVcz4EFBnkxeMobb3mH8
uE/BfbxRWl74qsylWjvzmZCFfVBantiekwMVS+L7+ser7pHppKiKSN8D/vV/u+pu42xtYOxgbmP6
9/U4nU2bvTbUHro5VwwMiDnd8yDfgjK9RuiIhAjKlsiCTpHa7KFEjAc5Pa5xWbon41cI7yrvYLzw
FmItJFJFRZrZQ5NGw8immT8cofiz+L0fn6kv54N3Rs05P9BXiN8Ro3ml0VonO092Pz3uZ3MTbYeO
Bz2YdDeiTSeH9z3ujRvwvL828b+uLyaXds19mDT6A/H1YoZfTw9uHj3u635z6+ro1tjik93dvO55
eXRq1qTmsuHbpt5NHhzNLq6PH0w6OLtKIIj+/uKpSWlNfMA6VNgbvnPjWZNlo5tp8cqi2WnlpVO7
uzH5sG/v6M2KVfvy8XgHM/HFsS1hW/ztdAd6KOrFNn3rcd+kqW398zjzA7pYqOYe2vrrXLQKSjnp
vQYPk9Y29zBxmOxteHLJCOyqTrsKvyS21qhtBoyE91z35Lfw0J1Xi+flAWLjwNWFhE0D2LzFO5DU
Dae+fgeSycaJwF36oVBHT22lBzexKJlBC3WCbL1vKFmt3XNmJ1t6bGnkB7NN1TgTunJBtNeXcbOX
x0bvzF7TplUu2tfWbLJFyXAmYY65bk5T8xII6NLHif47O6Z32raud8dPGrW9TMyueWgTfMVwHG/w
ZQOvxq2qkdZM/NxDfLjPh5NLj6AGMbSzE1yvJ+6cfnKaKHbYuWNGXG7fDOsSPukc8sbcXm5Zl1lu
r3YNmavPFB82qd7FWZvD2MZNZHsMxx+oi9tTOYt0JdfkHyLP29N7MFFR5EIk7+q9ZKsdSyZsOGf2
escJL5+DmaW/rRp+zz7f7ad+qPV+vPZ+HPl2b04zZnpt8X4+P6lITjvFJ6T7ePHcSjySwe8Ne5s4
LPoCj6fSqa2HqnlMUWn8YLXEYNXdlhVw8Hll7NUI2OrV5hHfWe8HXwSV9mJ74QabsSKfNPGX8H+8
h73N6qvNklcnIKkbUy1EJU9p8RL35Sg0GYWYyGQQpM1VXRw/HYxNTMVhi+FrNoR0N5ZAIbWXDraY
Tdj2+ailVQpzJcGVSb+liyt2gg7VMaMjCM39zRDUw0gSnx/2kebaj2BpnR/ULiHhejqgq+HPTVM/
AMDSlwQA5Tf9hTmFZzOLZfmQD1gm1bEsJI9/lSwiEQZhnGOiWUrjIE8+EoydCKcitr4+OHv+S0JK
uuVFWNoONfi3pzO1EFxm/ChOtJ3r6UHvBBy5sHzBQYfWsnol+mhMyLMb/kKD43t59n1fuBW4DtEP
N78mmfMUEbjT4eBCe15lUvQHIKPEwdRmOyWtY+C28eQd3mKPUJfgzAn0oEn+8yd39TKgjaADKARB
3HMkOKxLLs2+SxRucLbWrLmdgsXpfs3++iOzlxiVduV+2z9Ozu952TNHCCcplh6JF0mWcJxyYYX6
VrV3oaVpOIKb1OpHdVMCf8R3zFA6F9u4DZZaTCGwxNxzw5q7Rw74z/OYYxTEkLea/yXPDMaUdHFF
T/qv0lqG5Nnn2DUtjWqpyXlqw63ASe6x40RmzSxfsMwgrSRM3dn5WSILe83subSlvIb9od/iNLyb
EfK2mZZtIAor7nPAsPlVEtNw6cQbaplIkJBPruIie4aS/3tP85Ci07bozl0be4RqxGeDZ0XbjtZF
mPzCuQdpRZEvSB3sSqBK267aLohw0/z7tB5QErmI3YFZqnt9t20XaLZF9hza2AVBwspjAmY4hTHH
RZbRk3/W1OkJQS8EqnCYZ4Dl90GEOr4bWiOiHcDXDW5o1D3q3lNY7UP8V704cIDRV34wOE8c0xiy
ru4RjV1Nzb7mNLL4WbtfcCuvhKL++MiFvawk4iGEYeqnqjaoKK7yHlExy8dNL4AUYcjFzGaN2yam
k6njp6HjJkwaFxw5crltBPhPuWzSuX0szy3cB4ShnOkQ7gHlZ3hp8fexB15dq70vgCJNUQVL95/5
nMRBOEJy4tHi5OCKDUlxDglNgYRcYZTbprpVbNCheXOb+y6c+LaJ5jtVrvzw1IWjaTuCFn4GHBzu
VuhUskLLmXPuyyRLAl0OCQ59UhFpEKQ6yOCnQTGpCkZoHUCvFiROHGVDiAe8IFa49UUKx++MHlGC
aqHJE2oU4LYF7GGG8A3aGwYQzSmyq4nKgQ4TEhP68EhkNEb+llSi2XOgxijpwTUA/FRBcOKN4ZcW
8Mpb0CEaCM8UNpib0ULFQH1dnlI/0TaL7VAOuJPIBaBHx4PIHwLc8QyRSGuojMQbm3gJf+UHpVZG
0EyycRLuX4dJY8ALnXesY7Yd2glS8MeXAC19BsmfgBpG5I15XzEzjnHi18NtKEOpupre4igi8QIb
CXhe52laauMKVxhNYX9DH+VOoxAPL8Flo9WtkFfF5APNfq6MlRro4oMSNxfpaffAjhN2FqdTrOdc
as+RhgGBRS6A/8PdMpqLmA7jLiyq/A6wWSua2m+udZFdSvsMtVuvPmkIXnN3DSQK34BFhFFYOMyO
N+r4UiJbz7yi+36Q8LzBNMgy+To5wKFK4LxBaKhZguCbZeTKq2+q0aI3U/bWJAIOJKeAfupXf1U0
DMcI7joUMNtAsKdVCN/RX4iUaFhu0/+jSden6K4ArwvxlyHa0P5QMeZrHnlnHvzg29MvO5o6khlP
KwnqDDHGBTzVNUvsDDdx0pYJDUi3EVUiP4iIeBDZ7leW3fq/nPy/ur7aSwilzxCuAnUuxH8wIUK5
hucO1fTErNWNQAK18crGQSCp2ck35qGXQuwQ4YgvKdFcgABqZ4mPcJuCa1XPZRP4TSaoK5K9RhRn
E/lJoRBLI6glhKD1ieARAbbR4DztauZzCQCw5UdIyT0Yn4Qg9z1Ax/yIMKgjkJASQ0eENHIUFF4A
gUi6jy+a9+xAvx/rV6RY/ok0BDkHpIzL2KdVo2oTZiYQnKBUpc2QPW+XC0QrjveG0So5xnSAkQNE
OzQHGswfSNnqqJ89lw1ESxImGVN3pmuE0oFc5PnCveuD1J7AJNxEUDaaV1CBCsBI0gIHTntsY+z+
BHjA8ECAX5/9RhAujONYJsaUD7orAJ4S9CG7AY5kX1Lg0lk6zpoLgEBxvDOMtH8KUtM4XWqH76Yw
JXTQ3kEY3fIC4keAshPxWFgLiQBST44R/orUoQQABIoispFOUjiXDYAgvsoViIdbTG6HL4+/Jiui
8JPCid2PgKIDHiXaDOXlAkCAPx4Kcb8/HQAw1o4mYMSdkeVtdG4PEkEagSFGuzVDc8MLiJ8AYJrw
8iE4Uw4QAkUIhsKBdNwsUw4AQs8b4qaHkT8v6eqleiY3ZHCNEgAQZUaqJusuPUrQFYg/zi/5rsjR
rWh54dsOELxkhDEL4y5YQTYcfr/Ii4P+/lkEuShMMI0tARHDFwICbll+fak6/kZO+0K/vQYDTsPh
QucTNcLwnYNTsDD/LCPDWjfw3ZIz/EtTLl5cZeS9WDjS7dGkZTJgLoUKLfOl1Dd8GkPY4oNxkBHj
5tovOnlLXYVNzXxHTrpzewHCdI5CnUijYR2IlCZWGd1WbaW8hwHeijm+9g7dvNhiUAc6SYZgjZTY
Wrcx9bkDILbupD5zf/9daM8dhbaVAscC56auXmOwArrzeQnCYV5D4dTIzfuUBLRIWKefSQMYhVno
NhdjbvMxTpOKhNrndrKF/O4IaAwv/FuIcuMX7FdhR9efxFLea8T7+UWDPcQ5ygVa1Sdcu+Yu7Wpf
mV9cu/Mrw8lbv0zMy5uULdOeYtwawHBgrR8REOTqn1gKJXaEZqqod//AZEySImwAHLusxuxfJAix
zT1TfDg/Q48b/p4O02tfFG4YJdWmuj19W+Ux69CqMzfulKkEMQt/zt3MFABWi3aIxiNpJWEX8rYs
TGjA9aXCSOdKvsiZcmywU7edmBC9kIaygdEq6RB1gZG2VrdvMVQF1XIkz91MdG9BgwuX+W2x/XMs
pfgXg0ajb0rJB0pzRnJDU8mmgbFv0qfGaYb7HJdUY8GlRYrJz8Clhh6tet8UD6HkhaqtzoxiW3U4
m8rnmj91W8XMlQi1JuWOgO5fihXYZM4biwUKltXZwVWrOQ1rDsBSlpo2OXMpHaqe9z+KNX67s0ht
11F1695YZ1cMs+7DcFY4rLXUUyARhWgRT0eLGLbB497OZ+I9e0rQLKZvv3lfP9zPy3j9UCubMRxK
GHrZ2ln77hwNMUJJeIOhAAyA0ILFyEVgpZtat+fjqZDgSIJuwPGzQGviabE+bZOKq9FfoTcVfF3+
+aNGbOjtXl+7CxBVRiwB/pn+gzMaf/xo3rzAK5iZanrsRmWoa6z9TKJ67jd4eHkpU8wj9a8wkmgo
pgQgLEHOih6hvnx0r+y5ZDD/aUFwlcNQj1/ix01hxiSQIOVRgPZLxIVzv0ddNTLOLK3RHGhJKKGM
EtBIW+mhSzKw3uZok5g54ooQw1mh68mJUds8SE+DapiJLNE4KV55SMoFj60QBeqX2H/B2v0YTCk/
FASbk4CgEgWUwNX8uTlDbcgkVH8tvMqsNA7xUfWmgmuqj4tZImlmtacVtFT2QGKSlRcOwMueyorB
vjjWmuZq/nBGaeVbbY0XF0RQjjiDMqhvS29XnX9HP9vK5gSaMUwFbvtOkbTg+gOUnnFM80/IkkWW
UhuO0P38zKLmXtamY7TX3QXLj9CRoijhoe9ujGghP8tt6D7LJay3nUn0pD4XEYWe3REamyiYhmVW
o1h1J8+PUGQJ6XCILKlqmKr65TYmi/GxAgKyIDjDWE+ho5X6kf5e65q5/mHdPZoA1b2FVKyEjkcj
ZYGBOoRihod7gKR+DtBsdiMIWj3Fa63cVQsE61BoMDBQK2Cz80H6U/3BOtVXJqCWHiiQJwHlzZhf
ou4NWyahEFaQsuIYA6QqPPRjHpm4GHXReegIwGyeR38bANQSTqeP+WZebF1tLwTSgrHWToV/uXqs
XYXT0uYPqNU2NUk8w1aHVdXcPJKNWCdjWyU5GOINkfT3Hi0r9hERxA7WcYqaRGBrCgHM8C+y2Oo+
dlkQJxMP8JYFIUBUnrDa5oVcxLpk+UFUMm+/xNohQylkUXqcl7e6CFM4K0I4HCG+c7yawG9THIFa
oPoUn33CZ/QRGI/qVfAOifJr6nWBPbg89TIpiAIxFjo4R9+XsVxF+1IUy4EOnvpYQnkuo/ys6817
YjXWLrmtjuqDJ1NEiPJi6yBXGYFSL9zazLE3bJp95PG0wsqp9+vxhlY0T2YhVg1CDMmyPVexD8Zf
mbmEY2mjMSIFFwbdx/UzcVNGWSE4ioju44v1q+1NQayA26hzhALvLvvDB1m/q1oPlBHZAUriwzTw
SsJNGkJb7xQjeBuZq1tuYAJq5eiJwyXzCKfgMP9l1Y0PeG7onHd86/2qhyD98bF5D54i0bgdBOZZ
r2ds9RE00sBw1ua6kGUxH7EedKp1w5CjbPDXqz/tRtqk8YBHfcTy+nmdX/UtUHg+7gvAXxqrI4iC
ixxlNFux2IT1qA3khiFsuC83aE/sknDQ6g5o/M7PedUNu0e/cYFFrjLb9ermb/3LVy1ucuF0eVkI
Dvpr7lYfBIiMBcXd40rZKyweEfRBfXuPneAtSSLynIfaFjYIP/9lzaMEWc75MOFLspsVqf/OMT1Q
ITBwC1W3RCDMHwp30T40Fw3UgNpO+A2TvykTZB/wnUL8ZvFWGRMoxO1xAv6iBixQsIGsx43Mt2de
ALTsykvyGH2Ja/EN7VoCLiYSICYiR6Wnj4wrfgNSBTfZgupZeoR3swqt8aTRtXhH4gS/hqiFami3
vWUXIe5u3oB/DtgXzS2yAvcTkMs3tHkyzo77MNx6Ui/f7Pp0tPXiATJKNqOq5he0r7h5c2Xrxr7a
4ot3pi6GIDZmv6uIW4RUVJIuYTo9zS7geU1s1jEP7i3ROIecfTT+wq5IMpHv/o7NYfvWbGWLgLVY
w7Ndy99HXSye6IqvqtWhtZad6tvxNmV4Y3NNsKPlLjjXnhIIfx27yRMX/w7P15TcvuZXqH0e/kSx
mwbME3q+Ku08i++ZoVrp313chOO8lIfiTs/mvB10smxa0N9C20iCXfTWlQo1Np+7bjAedEoQP6E/
Ls1HL7DKumxW4P1xBqB249kRVeel7YIvOcyeTanL+wOaRzlqsT5gwV7jbC1Cn3NKgZOmMqUKo6W7
qdlJW2/n8PG0ccGe3vSB0a+SFTVvwb/EuA/Mvl8UChaosVeyUFqvZVNDchuljD7ODAlzm3mOgGnE
HiydIRyLFQKWFXJ9+Ul+BitxFSEwnIESOYiHuvhQLwvtLnMcSlZt++MnwD/echdMz4XGCQgAkAIE
AIAMAAFoZGso72Br50hn6OzoZGv9119Q/7Pc8H+sVp+gIDVIjzC6DdorNOaZwmypw7UGt2JDFPA8
94KX6ATdJCHRME3k48p1SAblqeDF/Tl65TOqw+lpjV2XuExZyIQRBQGi6EicpGtqp0KrAON/Jw29
jEHLtCoFbvryoPJqJENerbbgD5ivA8a25aoUhbs9ltI+j3BGWB5tnY4v2TlSUoOaWvxnXdUilpKQ
Lc02m432dIbdbV/G9bNVXP+5f4ZHzZvt+PCEvAvc+Sx5bEcLE9UYMx5iXkQxzw/EMSkqEZKIgdBJ
NtLYodMtNI+LWQmC2TJ0ifqg9dLG+SfcUHYu6+aWe2avNJGACA2CnEGEoCZ4mAhygHDa9XVI1CAB
jOL7Uu5u4jR+9wh5rYqKcoJt024VZbrp9j3edC8MPB2sb9zHlvrNoEBg4x9SXC/23zf5t/D/SDkn
Pg6PgW+J4ptReN+U+xfT1K2t/mO9a3MnY2uG/1ns+v96Bc32RwAxwIDtdO5wJW1kz7ghxJ+4aaB1
hbftNDsxMg2bK2VQvD6iyVHTnDNAvnwWbfINVF2m/VZinlNmoYiK8cAXA+Y7ulpCQ4mM7s6mLPAn
ZzzvPCjg+WNVTHOzj1xZIMxKH16UvXxOBpNCLYkxaZSHU5XEGMup4dpMfOqsY+v0ac3/pF8hZEuA
/wr26yVd8vaLFTbQ9VnkEo1+Ah9xbVOdQnvAayqpbYw1lgKsS8+tNaNiA7rD8mHUdxP6n1iguFrX
/udbUvlGFgOAAuC/WPAX/n/HIIZ/RR8SAIo8gv+vf7Li+iWH6BFCrgKu5A9zZFqWrXUyflyWDOiK
9FuyyqzzJ1JKUEU8X5a4acbmhNiGpF+Zng6GZje4XgQKjOp36seZl9Yx2excv94KU40JJtUkInNO
9xPiZKxndkC/yYpiEnl4x6yZlOsr8kDD/TxXjritpxB3n3JU3BeMs/B0JeJaVq1Cpe30ZfcRSvn1
IxsSZwTjiKdYIHptoq5fo5P5fF4LE/nV32Abuxi0YtgC3XxmNaaC9OQiMztP4+7dhu+MV3sPy/rm
sDclsl0aDJzu6AbZTGmRryK5Vnf+/R9/ROVj2hVR39IawF9x+/9233/Lcw0SDVAzdLSSsrSqELLT
EjI/JGQgf5RPSTSrRNjD2P2KhHhUUASAfiY9BAL1N5CEQm3ncB9WlWiRxCQlBVV9fR0exyxvDx/2
eAEtd+dvb3ov2BhCImil0OHjo6Vl4lgi5WtnZmOpFd4e6+uT5qNkoiRn4uumqCcoRLLAUIlqaJwP
9RyJSYX+x0Zaeq7e8n/zwxror/vB/z052ToY/09q+jfyJ/y0HCRAGd4Gf4PrfxKWeYKXUFwVzVXF
qDI0tC1oLafBUlhp2vYhM29Ee20a9by6OeJQi3yRZRtHy1KrpkSchpDsC1OlUko99m4Wx5ffBWZL
YKv2R7roL3R39laBmBQ+21lqRtOW30kUZ8yB1CqQgUjRPx8GY37SUE5j126VvUOQUjOcHGarBTwK
2tCH9ZfCY7/0L88OO/ZLMhBcw1+BAaCkZ87rB4k1F73JZfVb/Nz113co+EV1bj3lVOc5kWKAI3ua
rZZYd9ZRlQnLWuAbwZdKZyv0SzndRw1IXkW8PwgYT1MN9bkpLNKyDX6yba8Z6KUt9g66e9WhTuWj
U9lJXtrYCF5hBJqfbB4HuxCHHL+x9GgJSIUj/4mSlLJdY14r5SgqrnZr5vfL1vnqHLjSFxkeoGHJ
HbziB9A/0W6eWk44+PtIJuT/8SysjZOyvoHV37z7laxju0aPEnJFfsEn3ENnP2CqkG/BNecyODzy
y9IQp+4wdsxF/OWJqx74gHhJb40TFoRk9BH77Q/P0cZmrziidVq9diWipCaGiLRC974Fi+D20WIm
YEQVsYVEkKpVUMtUwdvNKLzrAf3ixG+IZWquJKeg5ZmDQfYWp2mSetpsJtDAdNYE9jaWSnWku8Ix
27IUDnuvflDXdfbhtlALTMfwiBlG2d/kMtDjSXdnhoMgFBbGK9ytXM23SM2KmcY2zMbLA+nFEB4J
ds2pEpymgglKhdUz2tBwyKG4w8koNHJ1vQlAIglwvVVJrEaEfjrpTnNtYOjJQiIkIL3WB4LQ+LPh
Cymk9E2EBkF26FuQNSBvbeC9Ohti9qT8K0Pqh4/IiwgzYfsGnZFYtOFQwByuTt2RtmF/lnwG4g6o
MSjOgQaBz9Ch4kHe7XAkZg+bYol/ncHAqQqAOD1O1H2wsx/BDGVJmRRiUhfW+hwtBSkRUcof/2GN
O+4jD66UZUJ8Nw3zY7N/pT/uRfqdS0LfERf2M1m6NHnmQDjHSZ+dCTVR1LdoJ5K1BxQumU1RzwEW
tjx1ihmTZI/Oyv0yJtwUcQbAx9/3AZLoQ6BUZ9Hd2F5LDGvzxpMmh5CjssAIW8Kp+3herZEOiykY
RTb05EukgJv/kxU9CoVP0MOpi5BKyY80g4G5JJS2vVnN/rn15A+0aCHuVqd0VzrWuGfRSFZVvl4P
IBEGkfLUBIbvCgKyGcbJfpPovd3TDYrwayVW/E7l2UEUKs3r1FAIh6zEfRQyfDAEW6AqdPFK69Ii
7x7XqXkhBxXpn8MIaU6zbsnOdspVr8zG67xB1S4jTMqgyqQnnfqeur3cf4yV3HEwSWHfgVALGAAA
5T9J62psoPRvj88kKY3bDNAjdKudfrM2UEgEOhoiWV5EpTyzYxN3lFDVOtY4s+j6ATfrR9M9APns
Y8721GpipGt1gig7Xf++0f9q57q/mujWboBQBIJ0ECmhCyJdpPfe8QWkSw1BIRRBioIC0kF6kRoE
EekgndCldwIKBOlN6aGj4Ie+77pqPu+9/8DdP0wmyew9z8zkrKx19tnPsI4aC3HI7VQlbYvM1UYB
tceWebaEkd096l5uAlLSqZXG18M5ybANT4HGkUPCQ2oMAQPXDhDUqSfSRlb8xv5IHvg6tb7QUXWl
FMlUBZjoja3RSLywFGuWMIyJOp+7p4N95xU1h6KkhzwzK+1djfXmiSnfCROXVx4tQUcT0YYMWZDR
x0jiYAlFEzd8xoLhLgj0dSgsn1RaNecVlZrwUAkNHv11Su0yBuIeyq47vZ1PMtXSeshfPxGnj1ZZ
zXkrTE2pW8JrF9gTzNVPXs/V9eljKPdjJeT2Wo7Z2LdnWa1b7wfBwOEnC9eghvUDDPP4Ni7rQKIz
cc5jkeGySBuakRU4ILkjCUv8yj2NSavuheSX7WWwhj0FuDCMWeTjC6SaZ2fHU9DtvqqUwDQxaKOL
K9Zxt+HRysEhh48mF5Rpq2RYbu19corfH5+cYIy9szYpADD7DACg+331/x0Hd6gSBGJn4/5PEMD4
wbQIud9swdnloh9BgGRlFSU1LnHrHzmAZXuSEPSPHIBKxd46EkoPxAoABsfQ28Vzayz4Kz/5eIYF
fdnD5HdarxYYUnstXlLiqpZFtIpcutIJd490VpT0jHmzOCOuHRWkkH/g7bHj/g1eFZmz4+0nZzte
Joazo7XEcP8iSd9pZfscDwMnncskvVAG5zb0AUdYOKJ/u/CDXpNY9/Z2/DVpr/6I8VZ3ySuLziiW
6IUKoAON1SFpEuv7aWXnG7OdV7rrhyK0jBJL9xb2Wjl4mjaqS+EHTkbsfWxaBc7Dh16taT1Dyg0s
EnYMPuziijCxVwzWMscMQXlKEWY+q3aMmyKuhtnvAlm0sy97G5bEOxV3NhX7h9+feRXCy84owtW8
5Srx4j76Wa+ISC1Pmwq/0kf4ezMi2us+SI5XoqRf3hsamKZHNiRYUTNrhUpPuGdzxR/ZUnC8gEJk
oLYuzIzBx0d8Sk2o8C3HeKvixoGm0GpVI/F9R0RLd7zB9Qy6YfmjhwywRb2yMO1Zv0E0i1necE5X
jySYUeyULN86USV517dWozDuqzGCbyJrg++ra4a9wRXJzGC7BDZPWebhXg5/vNl0ezvBACFXI8NV
O/LqTLP4QpMhRfiseQVWSX0YU+DlE45+ZXxF2xNO4VPSPPucTwlMdWBzKL1G+4aQDLV9qfRMr7nY
1TCFPltcQ1DEnZrV3HKcsfhvCfsfCTc/GRCKyrLKctckmGHVH5+bM/qG3amhShe9iiW32BrtPEuj
ZgFYzIjS1p5oRXnFI9QMC1NcxJr5TTkLj5Hig9JJuwXS519uCnLdF+j1NMYV5Xk+bOlQV39K12Ha
BgXzEYUJwLpBsrcA6Wz4EpUan2eGccL1JY9leN3kR2CJFc8VBE+BE9+05fIPYGVwrhFVQwDK4/O6
oxfF3rwWPYkztvJgthE9yBl7hV7hkZyvAlr9UY6ht2KGzmHYpFpIX5yEMN/nRoUHqTMSwkyfLnbC
LnYurzUqCHltM6T6Ptoe7p/0VqFkcX1jISyxUTZvfvsVf+iBC8oWXFduBfZiop5fZZkuwRH8/IZh
82UX6mNFxefPLZkzSwb0iGyzaZIIZYRoXrXbaZozqlaVQtDBAe+wtp2lxiA2vgcarWa5xhF1r9E/
0JDer2qypF3QX+xRFtw/dCY2TG9HI7ZlqVpljPnAU4tTqG0byR/+wbs+PGKO91zdvHf+PE2y9mMw
2eD5I/EQnL1zr2YN6dJCwEqkbcK2krUV4GMk0Omb+W0WvAyK0CC5xKbOYsda/uNXdbt3Fw0qUC5Q
Hg5ZIvFnoinGZP7mG8HQGUbzRhNSnIl8WZVrnlRlvhHnyN3+Rl9rm7Rz5Ijz0OGNU52uXimUyre1
6lIhpJn8KHsZYSnr6kRjNxJRO/tKEs/n03y3WEAQgQRVeqBRpbMSucog2TR8aE4y3LIcuvh6sDrf
e0wu/K1YPiWxyCPz9KiXwzPv5Fjtcbgq8kgqgl2LA8H2o2ekMmxsShvitGCNiB6Ys+gQMcHE4LLf
bGtR1Z3esRbv6tszkJhsrsUW7al+Uu/q0RSZkd3B1s52PGl8uXZl2YtNsDy+HN43/iHvdylQPtvj
uTVw34ukjmvBMPuBfpXBfh5gHQgrs1Mr4iSZ2WegCR6dRn07HZT746U4J9LOeroyZtnpYmNHe7Nf
JE5sXIlr1fUvajYINjXdCbMzkZxfN0o+hgldTSqcjvgSdMzqTGQ8OA0WNeC4+M4rLHNCICSWlC2+
JghsD4M7drkpP55uN6ynqWG8oIW/9XdHV8csODJQeJt2t2mYScrFsucPyid9l1sKQdwA/tczDO6D
gT1LTswEfK7zwYbozvwnbj8UwRmIG7mipirM+gJqVTHLjmClJPAFzyssQojfeG2aV/27ctTXmIu6
ZC7o3Ze9TQnotGfO5L/G1gTx2MNI07l/1OxDGmD7vZh+UPFSVOvx0sWxHZOy4t6mqq7Vz+XzA1Z5
bMWuqsayX5RIfdpneXHos+SN691KrBeq2bH/ug4Q57Yf8/nFQUlCtwi0E3suLkhIikBO8OKsbivf
66b1xqxbboa64uJBdJPr2zP3fS9Pvotec4Y6YCdOCmhFWZfSc/EZ9L+L41WM0BxGmDjrZNCmtzzM
wpodt7zhco8/rlg2by7kWJoXvsK/9bFG4Oq1mPtr4JE5xmru8/TVu9gNGctCgYFGEepJDnGLmWjn
Wg2VAt8UBg/Ht01fNuVnVosppaAL2UVqJbptgty3C4E0hmV9Xxwrl01RanxwnzB93/IC1iJaX6Kb
qkVxodOa6hFz8kW11iG7/hSohqhmBY/P4XeFGLN4Viiu7ebaz9D4bKZYbOLe2psqfx9vJJGXJUd2
O3YinfDGt4Twdy74DfrrQeKHcBYXyy/rnEYP2Fn1aOSsmJKYE2BnytzlwumCExsfH6ZvVK921aVE
eBjpUt27vnffyDfiymFh++4B7gO2a1as3H5hi5ug7teiI5uLwzOCwSzmO88+0Wc1Bx0ZENtV/Qgj
eFLt3/A7inEboZd/z62P/1lkOch3nonh4OnSElUhGdvfYYTcmNEnfOpfT9h5gfVCekTdEkZMb0A6
0SDhr2NQr/f4MsFZJrRNFmRg8IA3LeMpY4l/Ij8A7ekeBUzUSclRdXSZbsPzcoT/1R+pLZBDfiba
sdEhjtvZeeRB2AOaUB2jpdyZkL0FT0Q6BWJfDf5a2/q1ox5LOXAFT4P4w/Je0Hq2gJlxXTaTBIN0
c0Zvo4r7/jAjktb74A32PSthyvi1Lt2IZNtr7iOMCmpmnBDlA8nQJjEr8IeRZJJKV4Y0l1OBgREN
QRCTgstnnOOtt2WiIvWSaYjj1oNj9vlwxld1iH5lnIyTdwTipjYnWGdL7P6Dqx1D4tFHCmZkPKnt
BEllDCfEhu/5CDPK8rN4rO3UhcbOkctJ3e93bnI+wpedrejXJKbiurW9JpSU48lhjY14ViJmQo7X
n/bFh8A72049eX+nDxVp68Y4aWoP7YQe3MyVn/uqlJ7XHIzbWtJbs6KBPM7MlYJn99AiN9T/6kMU
oKNOzrELh6NAgCI3+7UsxUtCM5Owt5FEhkhY/6PY/crOy7qPo7tAJYDSo1YhX9W0L+935qF3sIVr
2BxeryzThbGMP5nssSQf68/RNb5PbzmLGtVTHnrJmWosI3a2P9RLKkYXwvFAs/OFjyBJ2qeqZ76F
fOeNjuyXV/hdC2bRN8F2i1D2VHMBY4eVHnUe5n3BYrZJu5a4oRFe4Y9WFX3T8eZGwZ1p5knd2X7x
dM9bRr4GXqpV0GkpT+ihwLJfClrdk0ll4G+t3QGyIlfVLJ8Z4z1vnoFcdTeABSx1U7DxxM6ByMMa
pxiJ0MQpd/PX5FHA8XLO/Ilrn0DcNhNSTC7u5Y7YW+8oXBwzt0C1Lw8S8w8CNY1mdrqm0Ht6DSrw
M9dprzi+TGPkJjF3wv41hrxgqaLOJF7xTP12iWPd58g9VZTZIRPZ0/DLkz0RHpYj0S/PD4eKXltD
+hpkll5UbY7BRQwKJYijuHte78csWOwcmXh3fyH4OpUrRduBAhvghFJIy8fdMlRZzix/7YhbDqre
LiOCZzE4BeZiZfZoKigEEWW7j5Pf4Mk4bsxZvgTRsra03iYaB+eVkjlF4DyoV1eJaWaeHtwzDla3
qBHzSdDV2OjSp6LgxCtcEYY/5JilK73v7NhcMDS8tdCM7i9jynpIiOg5idAweJrrmVotx7YtMrY5
gN3ZM41mjLH60q4qbiSpNYzuqO2qk94soUfYg5wrkM+lKtX4PXTIt+1zcrj2XhD8SCJ4WvUWATYD
2I98oGqzr/NMYhk3kSOQv5MI9d+TCCRlZbLg70mE6n8lEchTIN+TCHTVft+TCJOGTlPmVJeaok1v
K3uTMIdUR9l3/5NEmAMH/51EINd7txjE/iOJMH+tYbuqzENE6+8kAk9UW34DGP9HEmFXacg9qzKC
1qGHjTuqo6wgQE7nRxLBHDe/3WWHLEyRUYcVfWpa0jcvdpIl2VLcXaNbtrXkqNhN3QfemTOXl55y
HfTctbSZ08on+yR9Lm/SknECqiE1EXpLOw5ZpWpMfPogVW1TqPLhZJrkQmzAsygnCRK2k3pKyUv4
OaKjlU9DTZp4rwp4KftiibcAQuGjHR9DHI9pLRK2L1OvXKma4uad9vh8HQ+nPVNjSsvMyEVvdmR+
lwCXaz/7EyEVzhsgtAy94ZoVj9ZJVdAP4d4yTQhBLVTIAFGcQN1X7w6ZoG+t6p6+AVk3vfEPTnAQ
h1OIfXunOltNtJtxiRLGWDfhLjvEvvC0lROrZN/8iYnCAeJU8yo3pBN2b/i2k9LiGwGjAUgE7mxe
xR2jKtOMwUXpDo2BtX3NHSbRo7v3jIJgy1xwmOnMnbcl/SY+M16CnQV57NRiGdsF6eZth6NllDQN
hN9u82Lfd7GJuHJXSN2Yne7KF2+/u+JsNIV64+z32i99bpI7fJCS5505f6Sg72y9utalNEWvjmc2
s8l6c+pm1Qr1p+jqvIES3s69B4eI+N1GPEhtsHMTmbCY+wLAj+75eZD4uKq2SeYlpM3ZmgiHCQOq
WB9az88k/iXJVu+1AH6QdQCW1/WZ675PtiWuKGh+4kWDTh7aSwnplV9+yxPCtxW7PUv1Ur5uYHtA
8V6Ui0Z5BvbpiaOIxOuHNtpbXX+hHJL9kb045Ly2N0b7GgWpVDelL1G5ZytSGJ5b3xlXOmB6yHji
Bt1QrwjuKCGJ6Uzs9RQ8YM6XCk1EUQouT7Z1ijsN63aA/RMnmVxzt/MTEZW2yZUdJXhFkhJj2tW1
gvHfNGcQueKWTmmeOkkGAmJCDZ0bQ+SQmxyQaYu4W31z8YkgRbwzTZ6+S6d7TrvlVOPEC8BTrMfv
qaT3w5tNooUHrOxO9+bHEfZbucBqTmlLsdTWFA/NkocGlK9jRPsK7lzxq61mXNc3k+B1sgF556GA
+2gvt5vOTazZFrJlia0JfgrkAdjVs0Mcxz7s6K4QhsloJsPt7twwIJ6iqOkz2pWqW7vPH78U8A0t
ZCMM1LHRJK4Qg/Wpjb0qd7y6+ESYkD0a4h0c7OFVdeMQtz5YiAub7RwbNpJogxi0stqlLf3M/uYe
9lm4yFKWTYlHHe3dfuPzKKzZlg1afolOdnh6cuMH4Xfnj8yI4oXxNlRu+5si252gPX7cD/id3qzY
Cz3a19bkXEWur2t8lu03zt4ikEGDZMSUKor1d1ZFQpxdh2ieMj00qsdjCou5SWfhJphTSoSlkrO5
a1m2jyCxiKm8U577uj8nbfLM3etNAASa9o55ERr68IBoBZA4jlZndnlnHu5xV5PH0PCD2ONAjSPk
I5+JDh0HjW+lftwOpadcUjfHdByuf5OVWabXOz9O/rMRbLFvBJvEAgD6cQAA0l/n2q1cXP431f7L
VPtfrTAUP3Hj5QkZ2qZbz+PBfdjGHcPWa1amOO+chlI1UW22ajFGOZMfoitoPkz6FGgvse7u76uW
rydrc0odw4u4Rh+Xa1Lwjxr2Ciud6vo1Tr1Sk7Xizi72Z5GSUy096bq8MVeME00oL0/JQekQsXZo
TG1LlEFAxH21YOy9JzbXgRZk3USttgpdhxM4ea9uGrITYMmdXzKtmPI88gvjrIaJ8ZWDoC70kiq/
Pbu7NhHwnLV3hCcNYGhCWa/PsMPe+lcbyUv/Fk+eqziHtr5Ux/dq2KGRk1rXETGqW7uPG2Z0rYLL
+AYd2HHj3n5tiJvBM7Vxk/GKUcRLGjClPXEDnmxQZb5M8O5t4lKwRh8k2dmoohFQhIvT3LrcUkJF
DiUdbO0MQS0O6LPAeojPMngIpgyDSG09ioH6ko85p25xa/mFA0aqWDaD7rSB62hQnbahVURr3m90
KW6Ndz4mWHXaM3LykhbWdZmkvaQM0q/VvzVNunXfh7uJWSQrgkE48ra9G2TevUumyHa1dGdO/dHV
D4ulVslzjoM6hKgcCkGSxQfnn6wX3tJJjEJklVglhZqwN55PH4hbaKCs6fIHpb7RLJBIPc+KX03r
iBssE7aPTHpwevPrT5MaC/sG4OeAeOl5Au6++LnTE3x32DBhquAMc7eDud/V93axe2D+fYRgCrww
8MMFXgjMYwMARL+RsYAAwN9e9w+LG5Pos4Eql7sgxYAuzv4bUQT/n+nBv9kXY9TD6aKIf5nlmEpY
Zx1Dg/IAAA4/9o+GSj9RR/iP0q8amHTMpqA/Ua31pxahmHzMFpM/ka/zh4aTmHTMhoU/8ULv37Qv
xJTA7Cj1ExJGf+gvhUnHbMzyE0Lm/69NCyYZM9z1EzxOf4p6YfJ/X5rzK0qeAAB/WKiDKfD7Qotf
wRwAAPznZReYWr/b9b+C8xng35r3mCq/u9a/AhIE+JOHjSnwuyP8KzSCf70n//jDmHRMZ+8n2kL/
5PNh8jFNlp/wjPiz5YKpgDnZ/xMCUf9p6h9T5/e/619Rk/HLjfjnz1tXAxcP8OOeUwCmL4ZDJ/z7
u/8DUEsBAhQAFAAAAAgALKJESwU8fk5YlgAAuKUAABEAAAAAAAAAAAAAAAAAAAAAAGRkanBvanN4
LndqYi5kb2N4UEsFBgAAAAABAAEAPwAAAIeWAAAAAA==
</internal-file></reference><sdl:ref-files><sdl:ref-file uid="0" id="Docx.DependencyFileId" name="wugo3dto.k1s.docx" o-path="D:\Daten_Okt16\Ubersetzungen\Rheinschrift\171004_UTC\UT_1710_1364_updated\Privacy notice for Public Websites w apps ccs.utc.com (FINAL w slight changes 09-22-17).docx" date="10/04/2017 20:17:24" expected-use="Generation"/></sdl:ref-files><file-info xmlns="http://sdl.com/FileTypes/SdlXliff/1.0"><value key="SDL:FileId">bbf3c1ed-02fa-42cb-a521-ba8ea5eff379</value><value key="SDL:CreationDate">10/06/2017 12:28:16</value><value key="SDL:OriginalFilePath">D:\Daten_Okt16\Ubersetzungen\Rheinschrift\171004_UTC\UT_1710_1364_updated\Privacy notice for Public Websites w apps ccs.utc.com (FINAL w slight changes 09-22-17).docx</value><value key="NeedsSegmentRenumbering">False</value><value key="RelationshipHighestId">21</value><value key="CommentHighestId">0</value><value key="ParagraphTextDirections"></value><sniff-info><detected-source-lang detection-level="Guess" lang="en-US"/></sniff-info></file-info><sdl:filetype-info><sdl:filetype-id>WordprocessingML v. 2</sdl:filetype-id></sdl:filetype-info><fmt-defs xmlns="http://sdl.com/FileTypes/SdlXliff/1.0"><fmt-def id="1"><value key="FontName">Times New Roman</value><value key="FontSize">12</value></fmt-def><fmt-def id="2"><value key="FontName">Times New Roman</value><value key="Bold">True</value><value key="FontSize">14</value></fmt-def><fmt-def id="3"><value key="FontName">Times</value><value key="FontSize">10</value></fmt-def><fmt-def id="4"><value key="Bold">True</value></fmt-def><fmt-def id="5"><value key="FontName">Times New Roman</value><value key="TextColor">0, 0, 0, 0</value><value key="FontSize">12</value></fmt-def><fmt-def id="6"><value key="FontName">Times New Roman</value><value key="Bold">True</value><value key="TextColor">0, 0, 0, 0</value><value key="FontSize">12</value></fmt-def><fmt-def id="7"><value key="TextColor">0, 0, 0, 0</value></fmt-def><fmt-def id="8"><value key="FontName">Times New Roman</value></fmt-def><fmt-def id="9"><value key="FontTheme">minorHAnsi</value></fmt-def><fmt-def id="10"><value key="TextColor">0, 0, 0, 0</value><value key="FontSize">12</value></fmt-def><fmt-def id="11"><value key="Bold">True</value><value key="TextColor">0, 51, 102, 153</value><value key="Underline">True</value><value key="rStyle">Hyperlink</value><value key="FontName">Times New Roman</value><value key="FontSize">12</value></fmt-def><fmt-def id="12"><value key="FontSize">12</value></fmt-def><fmt-def id="13"><value key="Bold">True</value><value key="TextColor">0, 51, 102, 153</value><value key="Underline">True</value><value key="rStyle">Hyperlink</value></fmt-def><fmt-def id="14"><value key="FontName">Times New Roman</value><value key="Bold">True</value><value key="Italic">True</value><value key="TextColor">0, 0, 0, 0</value><value key="FontSize">12</value></fmt-def><fmt-def id="15"><value key="Bold">True</value><value key="Italic">True</value><value key="TextColor">0, 0, 0, 0</value><value key="FontSize">12</value></fmt-def><fmt-def id="16"><value key="FontName">Neue Helvetica W01</value><value key="TextColor">0, 0, 0, 0</value><value key="FontSize">11.5</value></fmt-def><fmt-def id="17"/><fmt-def id="18"><value key="FontName">Times New Roman</value><value key="Bold">True</value><value key="FontSize">12</value></fmt-def><fmt-def id="19"><value key="FontName">Times New Roman</value><value key="TextColor">0, 0, 0, 0</value></fmt-def><fmt-def id="20"><value key="Bold">True</value><value key="TextColor">0, 0, 0, 0</value></fmt-def></fmt-defs><cxt-defs xmlns="http://sdl.com/FileTypes/SdlXliff/1.0"><cxt-def id="1" type="LocationDetails" purpose="Location"><fmt id="1"/><props><value key="StartsAt">1134</value><value key="EndsAt">1574</value><value key="ParagraphFormatting">&lt;w:pPr&gt;&lt;w:pStyle w:val=&quot;Subtitle&quot;/&gt;&lt;w:spacing w:before=&quot;360&quot;/&gt;&lt;w:rPr&gt;&lt;w:rFonts w:ascii=&quot;Times New Roman&quot; w:hAnsi=&quot;Times New Roman&quot;/&gt;&lt;w:b/&gt;&lt;w:sz w:val=&quot;28&quot;/&gt;&lt;w:szCs w:val=&quot;28&quot;/&gt;&lt;/w:rPr&gt;&lt;/w:pPr&gt;</value><value key="document">word\document.xml</value></props></cxt-def><cxt-def id="2" type="Subtitle" code="ST" name="Untertitel" descr="Untertitel des Dokuments" color=""/><cxt-def id="3" type="LocationDetails" purpose="Location"><fmt id="3"/><props><value key="StartsAt">1580</value><value key="EndsAt">4239</value><value key="ParagraphFormatting">&lt;w:pPr&gt;&lt;w:pStyle w:val=&quot;NormalWeb&quot;/&gt;&lt;w:rPr&gt;&lt;w:rFonts w:ascii=&quot;Times New Roman&quot; w:hAnsi=&quot;Times New Roman&quot;/&gt;&lt;w:color w:val=&quot;000000&quot;/&gt;&lt;w:sz w:val=&quot;24&quot;/&gt;&lt;w:szCs w:val=&quot;24&quot;/&gt;&lt;/w:rPr&gt;&lt;/w:pPr&gt;</value><value key="document">word\document.xml</value></props></cxt-def><cxt-def id="4" type="sdl:paragraph"/><cxt-def id="5" type="LocationDetails" purpose="Location"><fmt id="3"/><props><value key="StartsAt">4245</value><value key="EndsAt">4927</value><value key="ParagraphFormatting">&lt;w:pPr&gt;&lt;w:pStyle w:val=&quot;NormalWeb&quot;/&gt;&lt;w:rPr&gt;&lt;w:rFonts w:ascii=&quot;Times New Roman&quot; w:hAnsi=&quot;Times New Roman&quot;/&gt;&lt;w:color w:val=&quot;000000&quot;/&gt;&lt;w:sz w:val=&quot;24&quot;/&gt;&lt;w:szCs w:val=&quot;24&quot;/&gt;&lt;/w:rPr&gt;&lt;/w:pPr&gt;</value><value key="document">word\document.xml</value></props></cxt-def><cxt-def id="6" type="LocationDetails" purpose="Location"><fmt id="3"/><props><value key="StartsAt">4933</value><value key="EndsAt">5485</value><value key="ParagraphFormatting">&lt;w:pPr&gt;&lt;w:pStyle w:val=&quot;NormalWeb&quot;/&gt;&lt;w:rPr&gt;&lt;w:rFonts w:ascii=&quot;Times New Roman&quot; w:hAnsi=&quot;Times New Roman&quot;/&gt;&lt;w:b/&gt;&lt;w:color w:val=&quot;000000&quot;/&gt;&lt;w:sz w:val=&quot;24&quot;/&gt;&lt;w:szCs w:val=&quot;24&quot;/&gt;&lt;/w:rPr&gt;&lt;/w:pPr&gt;</value><value key="document">word\document.xml</value></props></cxt-def><cxt-def id="7" type="LocationDetails" purpose="Location"><fmt id="3"/><props><value key="StartsAt">5491</value><value key="EndsAt">7514</value><value key="ParagraphFormatting">&lt;w:pPr&gt;&lt;w:pStyle w:val=&quot;NormalWeb&quot;/&gt;&lt;w:rPr&gt;&lt;w:rFonts w:ascii=&quot;Times New Roman&quot; w:hAnsi=&quot;Times New Roman&quot;/&gt;&lt;w:color w:val=&quot;000000&quot;/&gt;&lt;w:sz w:val=&quot;24&quot;/&gt;&lt;w:szCs w:val=&quot;24&quot;/&gt;&lt;/w:rPr&gt;&lt;/w:pPr&gt;</value><value key="document">word\document.xml</value></props></cxt-def><cxt-def id="8" type="LocationDetails" purpose="Location"><fmt id="3"/><props><value key="StartsAt">7520</value><value key="EndsAt">10998</value><value key="ParagraphFormatting">&lt;w:pPr&gt;&lt;w:pStyle w:val=&quot;NormalWeb&quot;/&gt;&lt;w:rPr&gt;&lt;w:rFonts w:ascii=&quot;Times New Roman&quot; w:hAnsi=&quot;Times New Roman&quot;/&gt;&lt;w:color w:val=&quot;000000&quot;/&gt;&lt;w:sz w:val=&quot;24&quot;/&gt;&lt;w:szCs w:val=&quot;24&quot;/&gt;&lt;/w:rPr&gt;&lt;/w:pPr&gt;</value><value key="document">word\document.xml</value></props></cxt-def><cxt-def id="9" type="LocationDetails" purpose="Location"><fmt id="3"/><props><value key="StartsAt">11004</value><value key="EndsAt">13661</value><value key="ParagraphFormatting">&lt;w:pPr&gt;&lt;w:pStyle w:val=&quot;NormalWeb&quot;/&gt;&lt;w:rPr&gt;&lt;w:rFonts w:ascii=&quot;Times New Roman&quot; w:hAnsi=&quot;Times New Roman&quot;/&gt;&lt;w:color w:val=&quot;000000&quot;/&gt;&lt;w:sz w:val=&quot;24&quot;/&gt;&lt;w:szCs w:val=&quot;24&quot;/&gt;&lt;/w:rPr&gt;&lt;/w:pPr&gt;</value><value key="document">word\document.xml</value></props></cxt-def><cxt-def id="10" type="LocationDetails" purpose="Location"><fmt id="3"/><props><value key="StartsAt">13667</value><value key="EndsAt">17162</value><value key="ParagraphFormatting">&lt;w:pPr&gt;&lt;w:pStyle w:val=&quot;NormalWeb&quot;/&gt;&lt;w:rPr&gt;&lt;w:rFonts w:ascii=&quot;Times New Roman&quot; w:hAnsi=&quot;Times New Roman&quot;/&gt;&lt;w:color w:val=&quot;000000&quot;/&gt;&lt;w:sz w:val=&quot;24&quot;/&gt;&lt;w:szCs w:val=&quot;24&quot;/&gt;&lt;/w:rPr&gt;&lt;/w:pPr&gt;</value><value key="document">word\document.xml</value></props></cxt-def><cxt-def id="11" type="LocationDetails" purpose="Location"><fmt id="1"/><props><value key="StartsAt">17168</value><value key="EndsAt">17768</value><value key="ParagraphFormatting">&lt;w:pPr&gt;&lt;w:rPr&gt;&lt;w:rFonts w:eastAsia=&quot;Times&quot;/&gt;&lt;w:color w:val=&quot;000000&quot;/&gt;&lt;w:szCs w:val=&quot;24&quot;/&gt;&lt;/w:rPr&gt;&lt;/w:pPr&gt;</value><value key="document">word\document.xml</value></props></cxt-def><cxt-def id="12" type="LocationDetails" purpose="Location"><fmt id="3"/><props><value key="StartsAt">17774</value><value key="EndsAt">18820</value><value key="ParagraphFormatting">&lt;w:pPr&gt;&lt;w:pStyle w:val=&quot;NormalWeb&quot;/&gt;&lt;w:rPr&gt;&lt;w:rFonts w:ascii=&quot;Times New Roman&quot; w:hAnsi=&quot;Times New Roman&quot;/&gt;&lt;w:b/&gt;&lt;w:color w:val=&quot;000000&quot;/&gt;&lt;w:sz w:val=&quot;24&quot;/&gt;&lt;w:szCs w:val=&quot;24&quot;/&gt;&lt;/w:rPr&gt;&lt;/w:pPr&gt;</value><value key="document">word\document.xml</value></props></cxt-def><cxt-def id="13" type="LocationDetails" purpose="Location"><fmt id="1"/><props><value key="StartsAt">18826</value><value key="EndsAt">19391</value><value key="ParagraphFormatting"></value><value key="document">word\document.xml</value></props></cxt-def><cxt-def id="14" type="LocationDetails" purpose="Location"><fmt id="3"/><props><value key="StartsAt">19657</value><value key="EndsAt">20902</value><value key="ParagraphFormatting">&lt;w:pPr&gt;&lt;w:pStyle w:val=&quot;NormalWeb&quot;/&gt;&lt;w:rPr&gt;&lt;w:rFonts w:ascii=&quot;Times New Roman&quot; w:hAnsi=&quot;Times New Roman&quot;/&gt;&lt;w:color w:val=&quot;000000&quot;/&gt;&lt;w:sz w:val=&quot;24&quot;/&gt;&lt;w:szCs w:val=&quot;24&quot;/&gt;&lt;/w:rPr&gt;&lt;/w:pPr&gt;</value><value key="document">word\document.xml</value></props></cxt-def><cxt-def id="15" type="LocationDetails" purpose="Location"><fmt id="3"/><props><value key="StartsAt">20908</value><value key="EndsAt">21456</value><value key="ParagraphFormatting">&lt;w:pPr&gt;&lt;w:pStyle w:val=&quot;NormalWeb&quot;/&gt;&lt;w:numPr&gt;&lt;w:ilvl w:val=&quot;0&quot;/&gt;&lt;w:numId w:val=&quot;19&quot;/&gt;&lt;/w:numPr&gt;&lt;w:rPr&gt;&lt;w:rFonts w:ascii=&quot;Times New Roman&quot; w:hAnsi=&quot;Times New Roman&quot;/&gt;&lt;w:color w:val=&quot;000000&quot;/&gt;&lt;w:sz w:val=&quot;24&quot;/&gt;&lt;w:szCs w:val=&quot;24&quot;/&gt;&lt;/w:rPr&gt;&lt;/w:pPr&gt;</value><value key="document">word\document.xml</value></props></cxt-def><cxt-def id="16" type="x-tm-listitem"/><cxt-def id="17" type="LocationDetails" purpose="Location"><fmt id="3"/><props><value key="StartsAt">21462</value><value key="EndsAt">22581</value><value key="ParagraphFormatting">&lt;w:pPr&gt;&lt;w:pStyle w:val=&quot;NormalWeb&quot;/&gt;&lt;w:numPr&gt;&lt;w:ilvl w:val=&quot;0&quot;/&gt;&lt;w:numId w:val=&quot;19&quot;/&gt;&lt;/w:numPr&gt;&lt;w:rPr&gt;&lt;w:rFonts w:ascii=&quot;Times New Roman&quot; w:hAnsi=&quot;Times New Roman&quot;/&gt;&lt;w:color w:val=&quot;000000&quot;/&gt;&lt;w:sz w:val=&quot;24&quot;/&gt;&lt;w:szCs w:val=&quot;24&quot;/&gt;&lt;/w:rPr&gt;&lt;/w:pPr&gt;</value><value key="document">word\document.xml</value></props></cxt-def><cxt-def id="18" type="LocationDetails" purpose="Location"><fmt id="3"/><props><value key="StartsAt">22587</value><value key="EndsAt">23122</value><value key="ParagraphFormatting">&lt;w:pPr&gt;&lt;w:pStyle w:val=&quot;NormalWeb&quot;/&gt;&lt;w:numPr&gt;&lt;w:ilvl w:val=&quot;0&quot;/&gt;&lt;w:numId w:val=&quot;19&quot;/&gt;&lt;/w:numPr&gt;&lt;w:rPr&gt;&lt;w:rFonts w:ascii=&quot;Times New Roman&quot; w:hAnsi=&quot;Times New Roman&quot;/&gt;&lt;w:color w:val=&quot;000000&quot;/&gt;&lt;w:sz w:val=&quot;24&quot;/&gt;&lt;w:szCs w:val=&quot;24&quot;/&gt;&lt;/w:rPr&gt;&lt;/w:pPr&gt;</value><value key="document">word\document.xml</value></props></cxt-def><cxt-def id="19" type="LocationDetails" purpose="Location"><fmt id="3"/><props><value key="StartsAt">23128</value><value key="EndsAt">24386</value><value key="ParagraphFormatting">&lt;w:pPr&gt;&lt;w:pStyle w:val=&quot;NormalWeb&quot;/&gt;&lt;w:numPr&gt;&lt;w:ilvl w:val=&quot;0&quot;/&gt;&lt;w:numId w:val=&quot;19&quot;/&gt;&lt;/w:numPr&gt;&lt;w:rPr&gt;&lt;w:rFonts w:ascii=&quot;Times New Roman&quot; w:hAnsi=&quot;Times New Roman&quot;/&gt;&lt;w:color w:val=&quot;000000&quot;/&gt;&lt;w:sz w:val=&quot;24&quot;/&gt;&lt;w:szCs w:val=&quot;24&quot;/&gt;&lt;/w:rPr&gt;&lt;/w:pPr&gt;</value><value key="document">word\document.xml</value></props></cxt-def><cxt-def id="20" type="LocationDetails" purpose="Location"><fmt id="3"/><props><value key="StartsAt">24392</value><value key="EndsAt">24894</value><value key="ParagraphFormatting">&lt;w:pPr&gt;&lt;w:pStyle w:val=&quot;NormalWeb&quot;/&gt;&lt;w:numPr&gt;&lt;w:ilvl w:val=&quot;0&quot;/&gt;&lt;w:numId w:val=&quot;19&quot;/&gt;&lt;/w:numPr&gt;&lt;w:rPr&gt;&lt;w:rFonts w:ascii=&quot;Times New Roman&quot; w:hAnsi=&quot;Times New Roman&quot;/&gt;&lt;w:color w:val=&quot;000000&quot;/&gt;&lt;w:sz w:val=&quot;24&quot;/&gt;&lt;w:szCs w:val=&quot;24&quot;/&gt;&lt;/w:rPr&gt;&lt;/w:pPr&gt;</value><value key="document">word\document.xml</value></props></cxt-def><cxt-def id="21" type="LocationDetails" purpose="Location"><fmt id="3"/><props><value key="StartsAt">24900</value><value key="EndsAt">25665</value><value key="ParagraphFormatting">&lt;w:pPr&gt;&lt;w:pStyle w:val=&quot;NormalWeb&quot;/&gt;&lt;w:numPr&gt;&lt;w:ilvl w:val=&quot;0&quot;/&gt;&lt;w:numId w:val=&quot;19&quot;/&gt;&lt;/w:numPr&gt;&lt;w:rPr&gt;&lt;w:rFonts w:ascii=&quot;Times New Roman&quot; w:hAnsi=&quot;Times New Roman&quot;/&gt;&lt;w:color w:val=&quot;000000&quot;/&gt;&lt;w:sz w:val=&quot;24&quot;/&gt;&lt;w:szCs w:val=&quot;24&quot;/&gt;&lt;/w:rPr&gt;&lt;/w:pPr&gt;</value><value key="document">word\document.xml</value></props></cxt-def><cxt-def id="22" type="LocationDetails" purpose="Location"><fmt id="3"/><props><value key="StartsAt">25671</value><value key="EndsAt">26850</value><value key="ParagraphFormatting">&lt;w:pPr&gt;&lt;w:pStyle w:val=&quot;NormalWeb&quot;/&gt;&lt;w:numPr&gt;&lt;w:ilvl w:val=&quot;0&quot;/&gt;&lt;w:numId w:val=&quot;19&quot;/&gt;&lt;/w:numPr&gt;&lt;w:rPr&gt;&lt;w:rFonts w:ascii=&quot;Times New Roman&quot; w:hAnsi=&quot;Times New Roman&quot;/&gt;&lt;w:b/&gt;&lt;w:color w:val=&quot;000000&quot;/&gt;&lt;w:sz w:val=&quot;24&quot;/&gt;&lt;w:szCs w:val=&quot;24&quot;/&gt;&lt;/w:rPr&gt;&lt;/w:pPr&gt;</value><value key="document">word\document.xml</value></props></cxt-def><cxt-def id="23" type="LocationDetails" purpose="Location"><fmt id="3"/><props><value key="StartsAt">26856</value><value key="EndsAt">27428</value><value key="ParagraphFormatting">&lt;w:pPr&gt;&lt;w:pStyle w:val=&quot;NormalWeb&quot;/&gt;&lt;w:numPr&gt;&lt;w:ilvl w:val=&quot;0&quot;/&gt;&lt;w:numId w:val=&quot;19&quot;/&gt;&lt;/w:numPr&gt;&lt;w:rPr&gt;&lt;w:rFonts w:ascii=&quot;Times New Roman&quot; w:hAnsi=&quot;Times New Roman&quot;/&gt;&lt;w:color w:val=&quot;000000&quot;/&gt;&lt;w:sz w:val=&quot;24&quot;/&gt;&lt;w:szCs w:val=&quot;24&quot;/&gt;&lt;/w:rPr&gt;&lt;/w:pPr&gt;</value><value key="document">word\document.xml</value></props></cxt-def><cxt-def id="24" type="LocationDetails" purpose="Location"><fmt id="3"/><props><value key="StartsAt">27434</value><value key="EndsAt">27979</value><value key="ParagraphFormatting">&lt;w:pPr&gt;&lt;w:pStyle w:val=&quot;NormalWeb&quot;/&gt;&lt;w:numPr&gt;&lt;w:ilvl w:val=&quot;0&quot;/&gt;&lt;w:numId w:val=&quot;19&quot;/&gt;&lt;/w:numPr&gt;&lt;w:rPr&gt;&lt;w:rFonts w:ascii=&quot;Times New Roman&quot; w:hAnsi=&quot;Times New Roman&quot;/&gt;&lt;w:color w:val=&quot;000000&quot;/&gt;&lt;w:sz w:val=&quot;24&quot;/&gt;&lt;w:szCs w:val=&quot;24&quot;/&gt;&lt;/w:rPr&gt;&lt;/w:pPr&gt;</value><value key="document">word\document.xml</value></props></cxt-def><cxt-def id="25" type="LocationDetails" purpose="Location"><fmt id="3"/><props><value key="StartsAt">27985</value><value key="EndsAt">28563</value><value key="ParagraphFormatting">&lt;w:pPr&gt;&lt;w:pStyle w:val=&quot;NormalWeb&quot;/&gt;&lt;w:numPr&gt;&lt;w:ilvl w:val=&quot;0&quot;/&gt;&lt;w:numId w:val=&quot;19&quot;/&gt;&lt;/w:numPr&gt;&lt;w:rPr&gt;&lt;w:rFonts w:ascii=&quot;Times New Roman&quot; w:hAnsi=&quot;Times New Roman&quot;/&gt;&lt;w:color w:val=&quot;000000&quot;/&gt;&lt;w:sz w:val=&quot;24&quot;/&gt;&lt;w:szCs w:val=&quot;24&quot;/&gt;&lt;/w:rPr&gt;&lt;/w:pPr&gt;</value><value key="document">word\document.xml</value></props></cxt-def><cxt-def id="26" type="LocationDetails" purpose="Location"><fmt id="3"/><props><value key="StartsAt">28569</value><value key="EndsAt">29455</value><value key="ParagraphFormatting">&lt;w:pPr&gt;&lt;w:pStyle w:val=&quot;NormalWeb&quot;/&gt;&lt;w:numPr&gt;&lt;w:ilvl w:val=&quot;0&quot;/&gt;&lt;w:numId w:val=&quot;19&quot;/&gt;&lt;/w:numPr&gt;&lt;w:rPr&gt;&lt;w:rFonts w:ascii=&quot;Times New Roman&quot; w:hAnsi=&quot;Times New Roman&quot;/&gt;&lt;w:color w:val=&quot;000000&quot;/&gt;&lt;w:sz w:val=&quot;24&quot;/&gt;&lt;w:szCs w:val=&quot;24&quot;/&gt;&lt;/w:rPr&gt;&lt;/w:pPr&gt;</value><value key="document">word\document.xml</value></props></cxt-def><cxt-def id="27" type="LocationDetails" purpose="Location"><fmt id="3"/><props><value key="StartsAt">29461</value><value key="EndsAt">30022</value><value key="ParagraphFormatting">&lt;w:pPr&gt;&lt;w:pStyle w:val=&quot;NormalWeb&quot;/&gt;&lt;w:numPr&gt;&lt;w:ilvl w:val=&quot;0&quot;/&gt;&lt;w:numId w:val=&quot;19&quot;/&gt;&lt;/w:numPr&gt;&lt;w:rPr&gt;&lt;w:rFonts w:ascii=&quot;Times New Roman&quot; w:hAnsi=&quot;Times New Roman&quot;/&gt;&lt;w:color w:val=&quot;000000&quot;/&gt;&lt;w:sz w:val=&quot;24&quot;/&gt;&lt;w:szCs w:val=&quot;24&quot;/&gt;&lt;/w:rPr&gt;&lt;/w:pPr&gt;</value><value key="document">word\document.xml</value></props></cxt-def><cxt-def id="28" type="LocationDetails" purpose="Location"><fmt id="3"/><props><value key="StartsAt">30028</value><value key="EndsAt">30632</value><value key="ParagraphFormatting">&lt;w:pPr&gt;&lt;w:pStyle w:val=&quot;NormalWeb&quot;/&gt;&lt;w:rPr&gt;&lt;w:rFonts w:ascii=&quot;Times New Roman&quot; w:hAnsi=&quot;Times New Roman&quot;/&gt;&lt;w:color w:val=&quot;000000&quot;/&gt;&lt;w:sz w:val=&quot;24&quot;/&gt;&lt;w:szCs w:val=&quot;24&quot;/&gt;&lt;/w:rPr&gt;&lt;/w:pPr&gt;</value><value key="document">word\document.xml</value></props></cxt-def><cxt-def id="29" type="LocationDetails" purpose="Location"><fmt id="3"/><props><value key="StartsAt">30638</value><value key="EndsAt">31146</value><value key="ParagraphFormatting">&lt;w:pPr&gt;&lt;w:pStyle w:val=&quot;NormalWeb&quot;/&gt;&lt;w:rPr&gt;&lt;w:rFonts w:ascii=&quot;Times New Roman&quot; w:hAnsi=&quot;Times New Roman&quot;/&gt;&lt;w:b/&gt;&lt;w:color w:val=&quot;000000&quot;/&gt;&lt;w:sz w:val=&quot;24&quot;/&gt;&lt;w:szCs w:val=&quot;24&quot;/&gt;&lt;/w:rPr&gt;&lt;/w:pPr&gt;</value><value key="document">word\document.xml</value></props></cxt-def><cxt-def id="30" type="LocationDetails" purpose="Location"><fmt id="3"/><props><value key="StartsAt">31152</value><value key="EndsAt">35075</value><value key="SubParagraphUnitCount">1</value><value key="ParagraphFormatting">&lt;w:pPr&gt;&lt;w:pStyle w:val=&quot;NormalWeb&quot;/&gt;&lt;w:rPr&gt;&lt;w:rFonts w:ascii=&quot;Times New Roman&quot; w:hAnsi=&quot;Times New Roman&quot;/&gt;&lt;w:color w:val=&quot;000000&quot;/&gt;&lt;w:sz w:val=&quot;24&quot;/&gt;&lt;w:szCs w:val=&quot;24&quot;/&gt;&lt;/w:rPr&gt;&lt;/w:pPr&gt;</value><value key="document">word\document.xml</value></props></cxt-def><cxt-def id="31" type="Hyperlink" code="ADR" name="Hyperlink-Adresse" descr="&lt;hyperlink value=&quot;http://www.utc.com/pages/privacy.aspx&quot;&gt;" color=""><props><value key="HTYPE">ExternalHyperlink</value><value key="Id">rId9</value><value key="relationship">document.xml.rels</value></props></cxt-def><cxt-def id="32" type="LocationDetails" purpose="Location"><fmt id="3"/><props><value key="StartsAt">35081</value><value key="EndsAt">38527</value><value key="SubParagraphUnitCount">1</value><value key="ParagraphFormatting">&lt;w:pPr&gt;&lt;w:pStyle w:val=&quot;NormalWeb&quot;/&gt;&lt;w:rPr&gt;&lt;w:rFonts w:ascii=&quot;Times New Roman&quot; w:hAnsi=&quot;Times New Roman&quot;/&gt;&lt;w:color w:val=&quot;000000&quot;/&gt;&lt;w:sz w:val=&quot;24&quot;/&gt;&lt;w:szCs w:val=&quot;24&quot;/&gt;&lt;/w:rPr&gt;&lt;/w:pPr&gt;</value><value key="document">word\document.xml</value></props></cxt-def><cxt-def id="33" type="Hyperlink" code="ADR" name="Hyperlink-Adresse" descr="&lt;hyperlink value=&quot;http://www.utc.com/pages/privacy.aspx&quot;&gt;" color=""><props><value key="HTYPE">ExternalHyperlink</value><value key="Id">rId10</value><value key="relationship">document.xml.rels</value></props></cxt-def><cxt-def id="34" type="LocationDetails" purpose="Location"><fmt id="3"/><props><value key="StartsAt">38533</value><value key="EndsAt">39010</value><value key="ParagraphFormatting">&lt;w:pPr&gt;&lt;w:pStyle w:val=&quot;NormalWeb&quot;/&gt;&lt;w:rPr&gt;&lt;w:rFonts w:ascii=&quot;Times New Roman&quot; w:hAnsi=&quot;Times New Roman&quot;/&gt;&lt;w:color w:val=&quot;000000&quot;/&gt;&lt;w:sz w:val=&quot;24&quot;/&gt;&lt;w:szCs w:val=&quot;24&quot;/&gt;&lt;/w:rPr&gt;&lt;/w:pPr&gt;</value><value key="document">word\document.xml</value></props></cxt-def><cxt-def id="35" type="LocationDetails" purpose="Location"><fmt id="3"/><props><value key="StartsAt">39016</value><value key="EndsAt">43579</value><value key="SubParagraphUnitCount">1</value><value key="ParagraphFormatting">&lt;w:pPr&gt;&lt;w:pStyle w:val=&quot;NormalWeb&quot;/&gt;&lt;w:rPr&gt;&lt;w:rFonts w:ascii=&quot;Times New Roman&quot; w:hAnsi=&quot;Times New Roman&quot;/&gt;&lt;w:color w:val=&quot;000000&quot;/&gt;&lt;w:sz w:val=&quot;24&quot;/&gt;&lt;w:szCs w:val=&quot;24&quot;/&gt;&lt;/w:rPr&gt;&lt;/w:pPr&gt;</value><value key="document">word\document.xml</value></props></cxt-def><cxt-def id="36" type="Hyperlink" code="ADR" name="Hyperlink-Adresse" descr="&lt;hyperlink value=&quot;mailto:privacy.compliance.ccs@utc.com&quot;&gt;" color=""><props><value key="HTYPE">MailHyperlink</value><value key="Id">rId11</value><value key="relationship">document.xml.rels</value></props></cxt-def><cxt-def id="37" type="LocationDetails" purpose="Location"><fmt id="3"/><props><value key="StartsAt">43585</value><value key="EndsAt">44513</value><value key="ParagraphFormatting">&lt;w:pPr&gt;&lt;w:pStyle w:val=&quot;NormalWeb&quot;/&gt;&lt;w:keepNext/&gt;&lt;w:rPr&gt;&lt;w:rFonts w:ascii=&quot;Times New Roman&quot; w:hAnsi=&quot;Times New Roman&quot;/&gt;&lt;w:b/&gt;&lt;w:color w:val=&quot;000000&quot;/&gt;&lt;w:sz w:val=&quot;24&quot;/&gt;&lt;w:szCs w:val=&quot;24&quot;/&gt;&lt;/w:rPr&gt;&lt;/w:pPr&gt;</value><value key="document">word\document.xml</value></props></cxt-def><cxt-def id="38" type="LocationDetails" purpose="Location"><fmt id="3"/><props><value key="StartsAt">44519</value><value key="EndsAt">47217</value><value key="ParagraphFormatting">&lt;w:pPr&gt;&lt;w:pStyle w:val=&quot;NormalWeb&quot;/&gt;&lt;w:rPr&gt;&lt;w:rFonts w:ascii=&quot;Times New Roman&quot; w:hAnsi=&quot;Times New Roman&quot;/&gt;&lt;w:color w:val=&quot;000000&quot;/&gt;&lt;w:sz w:val=&quot;24&quot;/&gt;&lt;w:szCs w:val=&quot;24&quot;/&gt;&lt;/w:rPr&gt;&lt;/w:pPr&gt;</value><value key="document">word\document.xml</value></props></cxt-def><cxt-def id="39" type="LocationDetails" purpose="Location"><fmt id="3"/><props><value key="StartsAt">47223</value><value key="EndsAt">48504</value><value key="ParagraphFormatting">&lt;w:pPr&gt;&lt;w:pStyle w:val=&quot;NormalWeb&quot;/&gt;&lt;w:rPr&gt;&lt;w:rFonts w:ascii=&quot;Times New Roman&quot; w:hAnsi=&quot;Times New Roman&quot;/&gt;&lt;w:color w:val=&quot;000000&quot;/&gt;&lt;w:sz w:val=&quot;24&quot;/&gt;&lt;w:szCs w:val=&quot;24&quot;/&gt;&lt;/w:rPr&gt;&lt;/w:pPr&gt;</value><value key="document">word\document.xml</value></props></cxt-def><cxt-def id="40" type="LocationDetails" purpose="Location"><fmt id="3"/><props><value key="StartsAt">48510</value><value key="EndsAt">50101</value><value key="ParagraphFormatting">&lt;w:pPr&gt;&lt;w:pStyle w:val=&quot;NormalWeb&quot;/&gt;&lt;w:numPr&gt;&lt;w:ilvl w:val=&quot;0&quot;/&gt;&lt;w:numId w:val=&quot;20&quot;/&gt;&lt;/w:numPr&gt;&lt;w:rPr&gt;&lt;w:rFonts w:ascii=&quot;Times New Roman&quot; w:hAnsi=&quot;Times New Roman&quot;/&gt;&lt;w:color w:val=&quot;000000&quot;/&gt;&lt;w:sz w:val=&quot;24&quot;/&gt;&lt;w:szCs w:val=&quot;24&quot;/&gt;&lt;/w:rPr&gt;&lt;/w:pPr&gt;</value><value key="document">word\document.xml</value></props></cxt-def><cxt-def id="41" type="LocationDetails" purpose="Location"><fmt id="3"/><props><value key="StartsAt">50107</value><value key="EndsAt">50771</value><value key="ParagraphFormatting">&lt;w:pPr&gt;&lt;w:pStyle w:val=&quot;NormalWeb&quot;/&gt;&lt;w:numPr&gt;&lt;w:ilvl w:val=&quot;0&quot;/&gt;&lt;w:numId w:val=&quot;20&quot;/&gt;&lt;/w:numPr&gt;&lt;w:rPr&gt;&lt;w:rFonts w:ascii=&quot;Times New Roman&quot; w:hAnsi=&quot;Times New Roman&quot;/&gt;&lt;w:color w:val=&quot;000000&quot;/&gt;&lt;w:sz w:val=&quot;24&quot;/&gt;&lt;w:szCs w:val=&quot;24&quot;/&gt;&lt;/w:rPr&gt;&lt;/w:pPr&gt;</value><value key="document">word\document.xml</value></props></cxt-def><cxt-def id="42" type="LocationDetails" purpose="Location"><fmt id="3"/><props><value key="StartsAt">50777</value><value key="EndsAt">51302</value><value key="ParagraphFormatting">&lt;w:pPr&gt;&lt;w:pStyle w:val=&quot;NormalWeb&quot;/&gt;&lt;w:numPr&gt;&lt;w:ilvl w:val=&quot;0&quot;/&gt;&lt;w:numId w:val=&quot;20&quot;/&gt;&lt;/w:numPr&gt;&lt;w:rPr&gt;&lt;w:rFonts w:ascii=&quot;Times New Roman&quot; w:hAnsi=&quot;Times New Roman&quot;/&gt;&lt;w:color w:val=&quot;000000&quot;/&gt;&lt;w:sz w:val=&quot;24&quot;/&gt;&lt;w:szCs w:val=&quot;24&quot;/&gt;&lt;/w:rPr&gt;&lt;/w:pPr&gt;</value><value key="document">word\document.xml</value></props></cxt-def><cxt-def id="43" type="LocationDetails" purpose="Location"><fmt id="3"/><props><value key="StartsAt">51308</value><value key="EndsAt">52030</value><value key="ParagraphFormatting">&lt;w:pPr&gt;&lt;w:pStyle w:val=&quot;NormalWeb&quot;/&gt;&lt;w:numPr&gt;&lt;w:ilvl w:val=&quot;0&quot;/&gt;&lt;w:numId w:val=&quot;20&quot;/&gt;&lt;/w:numPr&gt;&lt;w:rPr&gt;&lt;w:rFonts w:ascii=&quot;Times New Roman&quot; w:hAnsi=&quot;Times New Roman&quot;/&gt;&lt;w:color w:val=&quot;000000&quot;/&gt;&lt;w:sz w:val=&quot;24&quot;/&gt;&lt;w:szCs w:val=&quot;24&quot;/&gt;&lt;/w:rPr&gt;&lt;/w:pPr&gt;</value><value key="document">word\document.xml</value></props></cxt-def><cxt-def id="44" type="LocationDetails" purpose="Location"><fmt id="3"/><props><value key="StartsAt">52036</value><value key="EndsAt">52821</value><value key="ParagraphFormatting">&lt;w:pPr&gt;&lt;w:pStyle w:val=&quot;NormalWeb&quot;/&gt;&lt;w:numPr&gt;&lt;w:ilvl w:val=&quot;0&quot;/&gt;&lt;w:numId w:val=&quot;20&quot;/&gt;&lt;/w:numPr&gt;&lt;w:rPr&gt;&lt;w:rFonts w:ascii=&quot;Times New Roman&quot; w:hAnsi=&quot;Times New Roman&quot;/&gt;&lt;w:color w:val=&quot;000000&quot;/&gt;&lt;w:sz w:val=&quot;24&quot;/&gt;&lt;w:szCs w:val=&quot;24&quot;/&gt;&lt;/w:rPr&gt;&lt;/w:pPr&gt;</value><value key="document">word\document.xml</value></props></cxt-def><cxt-def id="45" type="LocationDetails" purpose="Location"><fmt id="3"/><props><value key="StartsAt">52827</value><value key="EndsAt">54743</value><value key="ParagraphFormatting">&lt;w:pPr&gt;&lt;w:pStyle w:val=&quot;NormalWeb&quot;/&gt;&lt;w:rPr&gt;&lt;w:rFonts w:ascii=&quot;Times New Roman&quot; w:hAnsi=&quot;Times New Roman&quot;/&gt;&lt;w:color w:val=&quot;000000&quot;/&gt;&lt;w:sz w:val=&quot;24&quot;/&gt;&lt;w:szCs w:val=&quot;24&quot;/&gt;&lt;/w:rPr&gt;&lt;/w:pPr&gt;</value><value key="document">word\document.xml</value></props></cxt-def><cxt-def id="46" type="LocationDetails" purpose="Location"><fmt id="3"/><props><value key="StartsAt">54749</value><value key="EndsAt">55478</value><value key="ParagraphFormatting">&lt;w:pPr&gt;&lt;w:pStyle w:val=&quot;NormalWeb&quot;/&gt;&lt;w:tabs&gt;&lt;w:tab w:val=&quot;left&quot; w:pos=&quot;0&quot;/&gt;&lt;/w:tabs&gt;&lt;w:rPr&gt;&lt;w:rFonts w:ascii=&quot;Times New Roman&quot; w:hAnsi=&quot;Times New Roman&quot;/&gt;&lt;w:b/&gt;&lt;w:color w:val=&quot;000000&quot;/&gt;&lt;w:sz w:val=&quot;24&quot;/&gt;&lt;w:szCs w:val=&quot;24&quot;/&gt;&lt;/w:rPr&gt;&lt;/w:pPr&gt;</value><value key="document">word\document.xml</value></props></cxt-def><cxt-def id="47" type="LocationDetails" purpose="Location"><fmt id="1"/><props><value key="StartsAt">55484</value><value key="EndsAt">56087</value><value key="ParagraphFormatting"></value><value key="document">word\document.xml</value></props></cxt-def><cxt-def id="48" type="LocationDetails" purpose="Location"><fmt id="1"/><props><value key="StartsAt">56163</value><value key="EndsAt">56527</value><value key="ParagraphFormatting">&lt;w:pPr&gt;&lt;w:rPr&gt;&lt;w:b/&gt;&lt;/w:rPr&gt;&lt;/w:pPr&gt;</value><value key="document">word\document.xml</value></props></cxt-def><cxt-def id="49" type="LocationDetails" purpose="Location"><fmt id="1"/><props><value key="StartsAt">56644</value><value key="EndsAt">59350</value><value key="SubParagraphUnitCount">1</value><value key="ParagraphFormatting"></value><value key="document">word\document.xml</value></props></cxt-def><cxt-def id="50" type="Hyperlink" code="ADR" name="Hyperlink-Adresse" descr="&lt;hyperlink value=&quot;mailto:privacy.compliance.ccs@utc.com&quot;&gt;" color=""><props><value key="HTYPE">MailHyperlink</value><value key="Id">rId12</value><value key="relationship">document.xml.rels</value></props></cxt-def><cxt-def id="51" type="LocationDetails" purpose="Location"><fmt id="1"/><props><value key="StartsAt">59447</value><value key="EndsAt">60058</value><value key="ParagraphFormatting"></value><value key="document">word\document.xml</value></props></cxt-def><cxt-def id="52" type="LocationDetails" purpose="Location"><fmt id="3"/><props><value key="StartsAt">60064</value><value key="EndsAt">60593</value><value key="ParagraphFormatting">&lt;w:pPr&gt;&lt;w:pStyle w:val=&quot;NormalWeb&quot;/&gt;&lt;w:keepNext/&gt;&lt;w:rPr&gt;&lt;w:rFonts w:ascii=&quot;Times New Roman&quot; w:hAnsi=&quot;Times New Roman&quot;/&gt;&lt;w:b/&gt;&lt;w:color w:val=&quot;000000&quot;/&gt;&lt;w:sz w:val=&quot;24&quot;/&gt;&lt;w:szCs w:val=&quot;24&quot;/&gt;&lt;/w:rPr&gt;&lt;/w:pPr&gt;</value><value key="document">word\document.xml</value></props></cxt-def><cxt-def id="53" type="LocationDetails" purpose="Location"><fmt id="3"/><props><value key="StartsAt">60599</value><value key="EndsAt">65141</value><value key="ParagraphFormatting">&lt;w:pPr&gt;&lt;w:pStyle w:val=&quot;NormalWeb&quot;/&gt;&lt;w:spacing w:after=&quot;0&quot;/&gt;&lt;w:rPr&gt;&lt;w:rFonts w:ascii=&quot;Times New Roman&quot; w:hAnsi=&quot;Times New Roman&quot;/&gt;&lt;w:color w:val=&quot;000000&quot;/&gt;&lt;w:sz w:val=&quot;24&quot;/&gt;&lt;w:szCs w:val=&quot;24&quot;/&gt;&lt;/w:rPr&gt;&lt;/w:pPr&gt;</value><value key="document">word\document.xml</value></props></cxt-def><cxt-def id="54" type="LocationDetails" purpose="Location"><fmt id="3"/><props><value key="StartsAt">65147</value><value key="EndsAt">66455</value><value key="ParagraphFormatting">&lt;w:pPr&gt;&lt;w:pStyle w:val=&quot;NormalWeb&quot;/&gt;&lt;w:rPr&gt;&lt;w:rFonts w:ascii=&quot;Times New Roman&quot; w:hAnsi=&quot;Times New Roman&quot;/&gt;&lt;w:b/&gt;&lt;w:color w:val=&quot;000000&quot;/&gt;&lt;w:sz w:val=&quot;24&quot;/&gt;&lt;w:szCs w:val=&quot;24&quot;/&gt;&lt;/w:rPr&gt;&lt;/w:pPr&gt;</value><value key="document">word\document.xml</value></props></cxt-def><cxt-def id="55" type="LocationDetails" purpose="Location"><fmt id="3"/><props><value key="StartsAt">66461</value><value key="EndsAt">66975</value><value key="ParagraphFormatting">&lt;w:pPr&gt;&lt;w:pStyle w:val=&quot;NormalWeb&quot;/&gt;&lt;w:spacing w:after=&quot;0&quot;/&gt;&lt;w:rPr&gt;&lt;w:rFonts w:ascii=&quot;Times New Roman&quot; w:hAnsi=&quot;Times New Roman&quot;/&gt;&lt;w:b/&gt;&lt;w:i/&gt;&lt;w:color w:val=&quot;000000&quot;/&gt;&lt;w:sz w:val=&quot;24&quot;/&gt;&lt;w:szCs w:val=&quot;24&quot;/&gt;&lt;/w:rPr&gt;&lt;/w:pPr&gt;</value><value key="document">word\document.xml</value></props></cxt-def><cxt-def id="56" type="LocationDetails" purpose="Location"><fmt id="3"/><props><value key="StartsAt">66981</value><value key="EndsAt">76843</value><value key="ParagraphFormatting">&lt;w:pPr&gt;&lt;w:pStyle w:val=&quot;NormalWeb&quot;/&gt;&lt;w:spacing w:after=&quot;0&quot;/&gt;&lt;w:rPr&gt;&lt;w:rFonts w:ascii=&quot;Times New Roman&quot; w:hAnsi=&quot;Times New Roman&quot;/&gt;&lt;w:color w:val=&quot;000000&quot;/&gt;&lt;w:sz w:val=&quot;24&quot;/&gt;&lt;w:szCs w:val=&quot;24&quot;/&gt;&lt;/w:rPr&gt;&lt;/w:pPr&gt;</value><value key="document">word\document.xml</value></props></cxt-def><cxt-def id="57" type="LocationDetails" purpose="Location"><fmt id="3"/><props><value key="StartsAt">76849</value><value key="EndsAt">78654</value><value key="ParagraphFormatting">&lt;w:pPr&gt;&lt;w:pStyle w:val=&quot;NormalWeb&quot;/&gt;&lt;w:rPr&gt;&lt;w:rFonts w:ascii=&quot;Times New Roman&quot; w:hAnsi=&quot;Times New Roman&quot;/&gt;&lt;w:color w:val=&quot;000000&quot;/&gt;&lt;w:sz w:val=&quot;24&quot;/&gt;&lt;w:szCs w:val=&quot;24&quot;/&gt;&lt;/w:rPr&gt;&lt;/w:pPr&gt;</value><value key="document">word\document.xml</value></props></cxt-def><cxt-def id="58" type="LocationDetails" purpose="Location"><fmt id="3"/><props><value key="StartsAt">78660</value><value key="EndsAt">79154</value><value key="ParagraphFormatting">&lt;w:pPr&gt;&lt;w:pStyle w:val=&quot;NormalWeb&quot;/&gt;&lt;w:rPr&gt;&lt;w:rFonts w:ascii=&quot;Times New Roman&quot; w:hAnsi=&quot;Times New Roman&quot;/&gt;&lt;w:b/&gt;&lt;w:i/&gt;&lt;w:color w:val=&quot;000000&quot;/&gt;&lt;w:sz w:val=&quot;24&quot;/&gt;&lt;w:szCs w:val=&quot;24&quot;/&gt;&lt;/w:rPr&gt;&lt;/w:pPr&gt;</value><value key="document">word\document.xml</value></props></cxt-def><cxt-def id="59" type="LocationDetails" purpose="Location"><fmt id="3"/><props><value key="StartsAt">79160</value><value key="EndsAt">84098</value><value key="SubParagraphUnitCount">2</value><value key="ParagraphFormatting">&lt;w:pPr&gt;&lt;w:pStyle w:val=&quot;NormalWeb&quot;/&gt;&lt;w:rPr&gt;&lt;w:color w:val=&quot;000000&quot;/&gt;&lt;w:szCs w:val=&quot;24&quot;/&gt;&lt;/w:rPr&gt;&lt;/w:pPr&gt;</value><value key="document">word\document.xml</value></props></cxt-def><cxt-def id="60" type="Hyperlink" code="ADR" name="Hyperlink-Adresse" descr="&lt;hyperlink value=&quot;http://www.webopedia.com/TERM/W/Web_site.html&quot;&gt;" color=""><props><value key="HTYPE">ExternalHyperlink</value><value key="Id">rId13</value><value key="relationship">document.xml.rels</value></props></cxt-def><cxt-def id="61" type="Hyperlink" code="ADR" name="Hyperlink-Adresse" descr="&lt;hyperlink value=&quot;http://www.webopedia.com/TERM/C/cookie.html&quot;&gt;" color=""><props><value key="HTYPE">ExternalHyperlink</value><value key="Id">rId14</value><value key="relationship">document.xml.rels</value></props></cxt-def><cxt-def id="62" type="LocationDetails" purpose="Location"><fmt id="3"/><props><value key="StartsAt">84104</value><value key="EndsAt">85077</value><value key="ParagraphFormatting">&lt;w:pPr&gt;&lt;w:pStyle w:val=&quot;NormalWeb&quot;/&gt;&lt;w:rPr&gt;&lt;w:rFonts w:ascii=&quot;Times New Roman&quot; w:hAnsi=&quot;Times New Roman&quot;/&gt;&lt;w:color w:val=&quot;000000&quot;/&gt;&lt;w:sz w:val=&quot;24&quot;/&gt;&lt;w:szCs w:val=&quot;24&quot;/&gt;&lt;/w:rPr&gt;&lt;/w:pPr&gt;</value><value key="document">word\document.xml</value></props></cxt-def><cxt-def id="63" type="LocationDetails" purpose="Location"><fmt id="3"/><props><value key="StartsAt">85083</value><value key="EndsAt">86060</value><value key="ParagraphFormatting">&lt;w:pPr&gt;&lt;w:pStyle w:val=&quot;NormalWeb&quot;/&gt;&lt;w:numPr&gt;&lt;w:ilvl w:val=&quot;0&quot;/&gt;&lt;w:numId w:val=&quot;12&quot;/&gt;&lt;/w:numPr&gt;&lt;w:rPr&gt;&lt;w:rFonts w:ascii=&quot;Times New Roman&quot; w:hAnsi=&quot;Times New Roman&quot;/&gt;&lt;w:color w:val=&quot;000000&quot;/&gt;&lt;w:sz w:val=&quot;24&quot;/&gt;&lt;w:szCs w:val=&quot;24&quot;/&gt;&lt;/w:rPr&gt;&lt;/w:pPr&gt;</value><value key="document">word\document.xml</value></props></cxt-def><cxt-def id="64" type="LocationDetails" purpose="Location"><fmt id="3"/><props><value key="StartsAt">86066</value><value key="EndsAt">86600</value><value key="ParagraphFormatting">&lt;w:pPr&gt;&lt;w:pStyle w:val=&quot;NormalWeb&quot;/&gt;&lt;w:numPr&gt;&lt;w:ilvl w:val=&quot;0&quot;/&gt;&lt;w:numId w:val=&quot;12&quot;/&gt;&lt;/w:numPr&gt;&lt;w:rPr&gt;&lt;w:rFonts w:ascii=&quot;Times New Roman&quot; w:hAnsi=&quot;Times New Roman&quot;/&gt;&lt;w:color w:val=&quot;000000&quot;/&gt;&lt;w:sz w:val=&quot;24&quot;/&gt;&lt;w:szCs w:val=&quot;24&quot;/&gt;&lt;/w:rPr&gt;&lt;/w:pPr&gt;</value><value key="document">word\document.xml</value></props></cxt-def><cxt-def id="65" type="LocationDetails" purpose="Location"><fmt id="3"/><props><value key="StartsAt">86606</value><value key="EndsAt">87683</value><value key="ParagraphFormatting">&lt;w:pPr&gt;&lt;w:pStyle w:val=&quot;NormalWeb&quot;/&gt;&lt;w:numPr&gt;&lt;w:ilvl w:val=&quot;0&quot;/&gt;&lt;w:numId w:val=&quot;12&quot;/&gt;&lt;/w:numPr&gt;&lt;w:rPr&gt;&lt;w:rFonts w:ascii=&quot;Times New Roman&quot; w:hAnsi=&quot;Times New Roman&quot;/&gt;&lt;w:color w:val=&quot;000000&quot;/&gt;&lt;w:sz w:val=&quot;24&quot;/&gt;&lt;w:szCs w:val=&quot;24&quot;/&gt;&lt;/w:rPr&gt;&lt;/w:pPr&gt;</value><value key="document">word\document.xml</value></props></cxt-def><cxt-def id="66" type="LocationDetails" purpose="Location"><fmt id="3"/><props><value key="StartsAt">87689</value><value key="EndsAt">88414</value><value key="ParagraphFormatting">&lt;w:pPr&gt;&lt;w:pStyle w:val=&quot;NormalWeb&quot;/&gt;&lt;w:numPr&gt;&lt;w:ilvl w:val=&quot;0&quot;/&gt;&lt;w:numId w:val=&quot;12&quot;/&gt;&lt;/w:numPr&gt;&lt;w:rPr&gt;&lt;w:rFonts w:ascii=&quot;Times New Roman&quot; w:hAnsi=&quot;Times New Roman&quot;/&gt;&lt;w:color w:val=&quot;000000&quot;/&gt;&lt;w:sz w:val=&quot;24&quot;/&gt;&lt;w:szCs w:val=&quot;24&quot;/&gt;&lt;/w:rPr&gt;&lt;/w:pPr&gt;</value><value key="document">word\document.xml</value></props></cxt-def><cxt-def id="67" type="LocationDetails" purpose="Location"><fmt id="3"/><props><value key="StartsAt">88420</value><value key="EndsAt">88963</value><value key="ParagraphFormatting">&lt;w:pPr&gt;&lt;w:pStyle w:val=&quot;NormalWeb&quot;/&gt;&lt;w:tabs&gt;&lt;w:tab w:val=&quot;left&quot; w:pos=&quot;0&quot;/&gt;&lt;/w:tabs&gt;&lt;w:rPr&gt;&lt;w:rFonts w:ascii=&quot;Times New Roman&quot; w:hAnsi=&quot;Times New Roman&quot;/&gt;&lt;w:b/&gt;&lt;w:i/&gt;&lt;w:color w:val=&quot;000000&quot;/&gt;&lt;w:sz w:val=&quot;24&quot;/&gt;&lt;w:szCs w:val=&quot;24&quot;/&gt;&lt;/w:rPr&gt;&lt;/w:pPr&gt;</value><value key="document">word\document.xml</value></props></cxt-def><cxt-def id="68" type="LocationDetails" purpose="Location"><fmt id="3"/><props><value key="StartsAt">88969</value><value key="EndsAt">90315</value><value key="ParagraphFormatting">&lt;w:pPr&gt;&lt;w:pStyle w:val=&quot;NormalWeb&quot;/&gt;&lt;w:rPr&gt;&lt;w:rFonts w:ascii=&quot;Times New Roman&quot; w:hAnsi=&quot;Times New Roman&quot;/&gt;&lt;w:color w:val=&quot;000000&quot;/&gt;&lt;w:sz w:val=&quot;24&quot;/&gt;&lt;w:szCs w:val=&quot;24&quot;/&gt;&lt;/w:rPr&gt;&lt;/w:pPr&gt;</value><value key="document">word\document.xml</value></props></cxt-def><cxt-def id="69" type="LocationDetails" purpose="Location"><fmt id="3"/><props><value key="StartsAt">90321</value><value key="EndsAt">91629</value><value key="ParagraphFormatting">&lt;w:pPr&gt;&lt;w:pStyle w:val=&quot;NormalWeb&quot;/&gt;&lt;w:rPr&gt;&lt;w:rFonts w:ascii=&quot;Times New Roman&quot; w:hAnsi=&quot;Times New Roman&quot;/&gt;&lt;w:color w:val=&quot;000000&quot;/&gt;&lt;w:sz w:val=&quot;24&quot;/&gt;&lt;w:szCs w:val=&quot;24&quot;/&gt;&lt;/w:rPr&gt;&lt;/w:pPr&gt;</value><value key="document">word\document.xml</value></props></cxt-def><cxt-def id="70" type="LocationDetails" purpose="Location"><fmt id="3"/><props><value key="StartsAt">91635</value><value key="EndsAt">92212</value><value key="ParagraphFormatting">&lt;w:pPr&gt;&lt;w:pStyle w:val=&quot;NormalWeb&quot;/&gt;&lt;w:numPr&gt;&lt;w:ilvl w:val=&quot;0&quot;/&gt;&lt;w:numId w:val=&quot;12&quot;/&gt;&lt;/w:numPr&gt;&lt;w:rPr&gt;&lt;w:rFonts w:ascii=&quot;Times New Roman&quot; w:hAnsi=&quot;Times New Roman&quot;/&gt;&lt;w:color w:val=&quot;000000&quot;/&gt;&lt;w:sz w:val=&quot;24&quot;/&gt;&lt;w:szCs w:val=&quot;24&quot;/&gt;&lt;/w:rPr&gt;&lt;/w:pPr&gt;</value><value key="document">word\document.xml</value></props></cxt-def><cxt-def id="71" type="LocationDetails" purpose="Location"><fmt id="3"/><props><value key="StartsAt">92218</value><value key="EndsAt">92807</value><value key="ParagraphFormatting">&lt;w:pPr&gt;&lt;w:pStyle w:val=&quot;NormalWeb&quot;/&gt;&lt;w:numPr&gt;&lt;w:ilvl w:val=&quot;0&quot;/&gt;&lt;w:numId w:val=&quot;12&quot;/&gt;&lt;/w:numPr&gt;&lt;w:rPr&gt;&lt;w:rFonts w:ascii=&quot;Times New Roman&quot; w:hAnsi=&quot;Times New Roman&quot;/&gt;&lt;w:color w:val=&quot;000000&quot;/&gt;&lt;w:sz w:val=&quot;24&quot;/&gt;&lt;w:szCs w:val=&quot;24&quot;/&gt;&lt;/w:rPr&gt;&lt;/w:pPr&gt;</value><value key="document">word\document.xml</value></props></cxt-def><cxt-def id="72" type="LocationDetails" purpose="Location"><fmt id="3"/><props><value key="StartsAt">92813</value><value key="EndsAt">93365</value><value key="ParagraphFormatting">&lt;w:pPr&gt;&lt;w:pStyle w:val=&quot;NormalWeb&quot;/&gt;&lt;w:numPr&gt;&lt;w:ilvl w:val=&quot;0&quot;/&gt;&lt;w:numId w:val=&quot;12&quot;/&gt;&lt;/w:numPr&gt;&lt;w:rPr&gt;&lt;w:rFonts w:ascii=&quot;Times New Roman&quot; w:hAnsi=&quot;Times New Roman&quot;/&gt;&lt;w:color w:val=&quot;000000&quot;/&gt;&lt;w:sz w:val=&quot;24&quot;/&gt;&lt;w:szCs w:val=&quot;24&quot;/&gt;&lt;/w:rPr&gt;&lt;/w:pPr&gt;</value><value key="document">word\document.xml</value></props></cxt-def><cxt-def id="73" type="LocationDetails" purpose="Location"><fmt id="3"/><props><value key="StartsAt">93371</value><value key="EndsAt">93955</value><value key="ParagraphFormatting">&lt;w:pPr&gt;&lt;w:pStyle w:val=&quot;NormalWeb&quot;/&gt;&lt;w:numPr&gt;&lt;w:ilvl w:val=&quot;0&quot;/&gt;&lt;w:numId w:val=&quot;12&quot;/&gt;&lt;/w:numPr&gt;&lt;w:rPr&gt;&lt;w:rFonts w:ascii=&quot;Times New Roman&quot; w:hAnsi=&quot;Times New Roman&quot;/&gt;&lt;w:color w:val=&quot;000000&quot;/&gt;&lt;w:sz w:val=&quot;24&quot;/&gt;&lt;w:szCs w:val=&quot;24&quot;/&gt;&lt;/w:rPr&gt;&lt;/w:pPr&gt;</value><value key="document">word\document.xml</value></props></cxt-def><cxt-def id="74" type="LocationDetails" purpose="Location"><fmt id="3"/><props><value key="StartsAt">93961</value><value key="EndsAt">94501</value><value key="ParagraphFormatting">&lt;w:pPr&gt;&lt;w:pStyle w:val=&quot;NormalWeb&quot;/&gt;&lt;w:tabs&gt;&lt;w:tab w:val=&quot;left&quot; w:pos=&quot;0&quot;/&gt;&lt;/w:tabs&gt;&lt;w:rPr&gt;&lt;w:rFonts w:ascii=&quot;Times New Roman&quot; w:hAnsi=&quot;Times New Roman&quot;/&gt;&lt;w:b/&gt;&lt;w:i/&gt;&lt;w:color w:val=&quot;000000&quot;/&gt;&lt;w:sz w:val=&quot;24&quot;/&gt;&lt;w:szCs w:val=&quot;24&quot;/&gt;&lt;/w:rPr&gt;&lt;/w:pPr&gt;</value><value key="document">word\document.xml</value></props></cxt-def><cxt-def id="75" type="LocationDetails" purpose="Location"><fmt id="3"/><props><value key="StartsAt">94507</value><value key="EndsAt">95154</value><value key="ParagraphFormatting">&lt;w:pPr&gt;&lt;w:pStyle w:val=&quot;NormalWeb&quot;/&gt;&lt;w:rPr&gt;&lt;w:rFonts w:ascii=&quot;Times New Roman&quot; w:hAnsi=&quot;Times New Roman&quot;/&gt;&lt;w:color w:val=&quot;000000&quot;/&gt;&lt;w:sz w:val=&quot;24&quot;/&gt;&lt;w:szCs w:val=&quot;24&quot;/&gt;&lt;/w:rPr&gt;&lt;/w:pPr&gt;</value><value key="document">word\document.xml</value></props></cxt-def><cxt-def id="76" type="LocationDetails" purpose="Location"><fmt id="3"/><props><value key="StartsAt">95160</value><value key="EndsAt">96168</value><value key="ParagraphFormatting">&lt;w:pPr&gt;&lt;w:pStyle w:val=&quot;NormalWeb&quot;/&gt;&lt;w:rPr&gt;&lt;w:rFonts w:ascii=&quot;Times New Roman&quot; w:hAnsi=&quot;Times New Roman&quot;/&gt;&lt;w:color w:val=&quot;000000&quot;/&gt;&lt;w:sz w:val=&quot;24&quot;/&gt;&lt;w:szCs w:val=&quot;24&quot;/&gt;&lt;/w:rPr&gt;&lt;/w:pPr&gt;</value><value key="document">word\document.xml</value></props></cxt-def><cxt-def id="77" type="LocationDetails" purpose="Location"><fmt id="3"/><props><value key="StartsAt">96174</value><value key="EndsAt">96680</value><value key="ParagraphFormatting">&lt;w:pPr&gt;&lt;w:pStyle w:val=&quot;NormalWeb&quot;/&gt;&lt;w:rPr&gt;&lt;w:rFonts w:ascii=&quot;Times New Roman&quot; w:hAnsi=&quot;Times New Roman&quot;/&gt;&lt;w:color w:val=&quot;000000&quot;/&gt;&lt;w:sz w:val=&quot;24&quot;/&gt;&lt;w:szCs w:val=&quot;24&quot;/&gt;&lt;/w:rPr&gt;&lt;/w:pPr&gt;</value><value key="document">word\document.xml</value></props></cxt-def><cxt-def id="78" type="LocationDetails" purpose="Location"><fmt id="3"/><props><value key="StartsAt">96686</value><value key="EndsAt">97269</value><value key="ParagraphFormatting">&lt;w:pPr&gt;&lt;w:pStyle w:val=&quot;NormalWeb&quot;/&gt;&lt;w:numPr&gt;&lt;w:ilvl w:val=&quot;0&quot;/&gt;&lt;w:numId w:val=&quot;12&quot;/&gt;&lt;/w:numPr&gt;&lt;w:rPr&gt;&lt;w:rFonts w:ascii=&quot;Times New Roman&quot; w:hAnsi=&quot;Times New Roman&quot;/&gt;&lt;w:color w:val=&quot;000000&quot;/&gt;&lt;w:sz w:val=&quot;24&quot;/&gt;&lt;w:szCs w:val=&quot;24&quot;/&gt;&lt;/w:rPr&gt;&lt;/w:pPr&gt;</value><value key="document">word\document.xml</value></props></cxt-def><cxt-def id="79" type="LocationDetails" purpose="Location"><fmt id="3"/><props><value key="StartsAt">97275</value><value key="EndsAt">97858</value><value key="ParagraphFormatting">&lt;w:pPr&gt;&lt;w:pStyle w:val=&quot;NormalWeb&quot;/&gt;&lt;w:numPr&gt;&lt;w:ilvl w:val=&quot;0&quot;/&gt;&lt;w:numId w:val=&quot;12&quot;/&gt;&lt;/w:numPr&gt;&lt;w:rPr&gt;&lt;w:rFonts w:ascii=&quot;Times New Roman&quot; w:hAnsi=&quot;Times New Roman&quot;/&gt;&lt;w:color w:val=&quot;000000&quot;/&gt;&lt;w:sz w:val=&quot;24&quot;/&gt;&lt;w:szCs w:val=&quot;24&quot;/&gt;&lt;/w:rPr&gt;&lt;/w:pPr&gt;</value><value key="document">word\document.xml</value></props></cxt-def><cxt-def id="80" type="LocationDetails" purpose="Location"><fmt id="3"/><props><value key="StartsAt">97864</value><value key="EndsAt">98542</value><value key="ParagraphFormatting">&lt;w:pPr&gt;&lt;w:pStyle w:val=&quot;NormalWeb&quot;/&gt;&lt;w:numPr&gt;&lt;w:ilvl w:val=&quot;0&quot;/&gt;&lt;w:numId w:val=&quot;12&quot;/&gt;&lt;/w:numPr&gt;&lt;w:rPr&gt;&lt;w:rFonts w:ascii=&quot;Times New Roman&quot; w:hAnsi=&quot;Times New Roman&quot;/&gt;&lt;w:color w:val=&quot;000000&quot;/&gt;&lt;w:sz w:val=&quot;24&quot;/&gt;&lt;w:szCs w:val=&quot;24&quot;/&gt;&lt;/w:rPr&gt;&lt;/w:pPr&gt;</value><value key="document">word\document.xml</value></props></cxt-def><cxt-def id="81" type="LocationDetails" purpose="Location"><fmt id="3"/><props><value key="StartsAt">98548</value><value key="EndsAt">99114</value><value key="ParagraphFormatting">&lt;w:pPr&gt;&lt;w:pStyle w:val=&quot;NormalWeb&quot;/&gt;&lt;w:numPr&gt;&lt;w:ilvl w:val=&quot;0&quot;/&gt;&lt;w:numId w:val=&quot;12&quot;/&gt;&lt;/w:numPr&gt;&lt;w:rPr&gt;&lt;w:rFonts w:ascii=&quot;Times New Roman&quot; w:hAnsi=&quot;Times New Roman&quot;/&gt;&lt;w:color w:val=&quot;000000&quot;/&gt;&lt;w:sz w:val=&quot;24&quot;/&gt;&lt;w:szCs w:val=&quot;24&quot;/&gt;&lt;/w:rPr&gt;&lt;/w:pPr&gt;</value><value key="document">word\document.xml</value></props></cxt-def><cxt-def id="82" type="LocationDetails" purpose="Location"><fmt id="3"/><props><value key="StartsAt">99120</value><value key="EndsAt">100363</value><value key="ParagraphFormatting">&lt;w:pPr&gt;&lt;w:pStyle w:val=&quot;NormalWeb&quot;/&gt;&lt;w:spacing w:after=&quot;0&quot;/&gt;&lt;w:rPr&gt;&lt;w:rFonts w:ascii=&quot;Times New Roman&quot; w:hAnsi=&quot;Times New Roman&quot;/&gt;&lt;w:color w:val=&quot;000000&quot;/&gt;&lt;w:sz w:val=&quot;24&quot;/&gt;&lt;w:szCs w:val=&quot;24&quot;/&gt;&lt;/w:rPr&gt;&lt;/w:pPr&gt;</value><value key="document">word\document.xml</value></props></cxt-def><cxt-def id="83" type="LocationDetails" purpose="Location"><fmt id="1"/><props><value key="StartsAt">100369</value><value key="EndsAt">103925</value><value key="ParagraphFormatting">&lt;w:pPr&gt;&lt;w:rPr&gt;&lt;w:rFonts w:eastAsia=&quot;Times&quot;/&gt;&lt;w:color w:val=&quot;000000&quot;/&gt;&lt;w:szCs w:val=&quot;24&quot;/&gt;&lt;/w:rPr&gt;&lt;/w:pPr&gt;</value><value key="document">word\document.xml</value></props></cxt-def><cxt-def id="84" type="LocationDetails" purpose="Location"><fmt id="1"/><props><value key="StartsAt">104111</value><value key="EndsAt">106537</value><value key="ParagraphFormatting">&lt;w:pPr&gt;&lt;w:rPr&gt;&lt;w:rFonts w:eastAsia=&quot;Times&quot;/&gt;&lt;w:color w:val=&quot;000000&quot;/&gt;&lt;w:szCs w:val=&quot;24&quot;/&gt;&lt;/w:rPr&gt;&lt;/w:pPr&gt;</value><value key="document">word\document.xml</value></props></cxt-def><cxt-def id="85" type="LocationDetails" purpose="Location"><fmt id="1"/><props><value key="StartsAt">106723</value><value key="EndsAt">107208</value><value key="ParagraphFormatting">&lt;w:pPr&gt;&lt;w:rPr&gt;&lt;w:rFonts w:eastAsia=&quot;Times&quot;/&gt;&lt;w:color w:val=&quot;000000&quot;/&gt;&lt;w:szCs w:val=&quot;24&quot;/&gt;&lt;/w:rPr&gt;&lt;/w:pPr&gt;</value><value key="document">word\document.xml</value></props></cxt-def><cxt-def id="86" type="LocationDetails" purpose="Location"><fmt id="3"/><props><value key="StartsAt">107214</value><value key="EndsAt">108590</value><value key="SubParagraphUnitCount">1</value><value key="ParagraphFormatting">&lt;w:pPr&gt;&lt;w:pStyle w:val=&quot;NormalWeb&quot;/&gt;&lt;w:spacing w:after=&quot;0&quot;/&gt;&lt;w:rPr&gt;&lt;w:rFonts w:ascii=&quot;Times New Roman&quot; w:hAnsi=&quot;Times New Roman&quot;/&gt;&lt;w:color w:val=&quot;000000&quot;/&gt;&lt;w:sz w:val=&quot;24&quot;/&gt;&lt;w:szCs w:val=&quot;24&quot;/&gt;&lt;/w:rPr&gt;&lt;/w:pPr&gt;</value><value key="document">word\document.xml</value></props></cxt-def><cxt-def id="87" type="Hyperlink" code="ADR" name="Hyperlink-Adresse" descr="&lt;hyperlink value=&quot;http://www.allaboutcookies.org/&quot;&gt;" color=""><props><value key="HTYPE">ExternalHyperlink</value><value key="Id">rId15</value><value key="relationship">document.xml.rels</value></props></cxt-def><cxt-def id="88" type="LocationDetails" purpose="Location"><fmt id="3"/><props><value key="StartsAt">108596</value><value key="EndsAt">109103</value><value key="ParagraphFormatting">&lt;w:pPr&gt;&lt;w:pStyle w:val=&quot;NormalWeb&quot;/&gt;&lt;w:tabs&gt;&lt;w:tab w:val=&quot;left&quot; w:pos=&quot;0&quot;/&gt;&lt;/w:tabs&gt;&lt;w:rPr&gt;&lt;w:rFonts w:ascii=&quot;Times New Roman&quot; w:hAnsi=&quot;Times New Roman&quot;/&gt;&lt;w:b/&gt;&lt;w:color w:val=&quot;000000&quot;/&gt;&lt;w:sz w:val=&quot;24&quot;/&gt;&lt;w:szCs w:val=&quot;24&quot;/&gt;&lt;/w:rPr&gt;&lt;/w:pPr&gt;</value><value key="document">word\document.xml</value></props></cxt-def><cxt-def id="89" type="LocationDetails" purpose="Location"><fmt id="3"/><props><value key="StartsAt">109109</value><value key="EndsAt">109925</value><value key="ParagraphFormatting">&lt;w:pPr&gt;&lt;w:pStyle w:val=&quot;NormalWeb&quot;/&gt;&lt;w:tabs&gt;&lt;w:tab w:val=&quot;left&quot; w:pos=&quot;0&quot;/&gt;&lt;/w:tabs&gt;&lt;w:rPr&gt;&lt;w:rFonts w:ascii=&quot;Times New Roman&quot; w:hAnsi=&quot;Times New Roman&quot;/&gt;&lt;w:sz w:val=&quot;24&quot;/&gt;&lt;w:szCs w:val=&quot;24&quot;/&gt;&lt;/w:rPr&gt;&lt;/w:pPr&gt;</value><value key="document">word\document.xml</value></props></cxt-def><cxt-def id="90" type="LocationDetails" purpose="Location"><fmt id="3"/><props><value key="StartsAt">109931</value><value key="EndsAt">111529</value><value key="ParagraphFormatting">&lt;w:pPr&gt;&lt;w:pStyle w:val=&quot;NormalWeb&quot;/&gt;&lt;w:numPr&gt;&lt;w:ilvl w:val=&quot;0&quot;/&gt;&lt;w:numId w:val=&quot;22&quot;/&gt;&lt;/w:numPr&gt;&lt;w:tabs&gt;&lt;w:tab w:val=&quot;left&quot; w:pos=&quot;0&quot;/&gt;&lt;/w:tabs&gt;&lt;w:rPr&gt;&lt;w:rFonts w:ascii=&quot;Times New Roman&quot; w:hAnsi=&quot;Times New Roman&quot;/&gt;&lt;w:sz w:val=&quot;24&quot;/&gt;&lt;w:szCs w:val=&quot;24&quot;/&gt;&lt;/w:rPr&gt;&lt;/w:pPr&gt;</value><value key="document">word\document.xml</value></props></cxt-def><cxt-def id="91" type="LocationDetails" purpose="Location"><fmt id="3"/><props><value key="StartsAt">111535</value><value key="EndsAt">113409</value><value key="ParagraphFormatting">&lt;w:pPr&gt;&lt;w:pStyle w:val=&quot;NormalWeb&quot;/&gt;&lt;w:numPr&gt;&lt;w:ilvl w:val=&quot;0&quot;/&gt;&lt;w:numId w:val=&quot;22&quot;/&gt;&lt;/w:numPr&gt;&lt;w:tabs&gt;&lt;w:tab w:val=&quot;left&quot; w:pos=&quot;0&quot;/&gt;&lt;/w:tabs&gt;&lt;w:rPr&gt;&lt;w:rFonts w:ascii=&quot;Times New Roman&quot; w:hAnsi=&quot;Times New Roman&quot;/&gt;&lt;w:sz w:val=&quot;24&quot;/&gt;&lt;w:szCs w:val=&quot;24&quot;/&gt;&lt;/w:rPr&gt;&lt;/w:pPr&gt;</value><value key="document">word\document.xml</value></props></cxt-def><cxt-def id="92" type="LocationDetails" purpose="Location"><fmt id="3"/><props><value key="StartsAt">113415</value><value key="EndsAt">114563</value><value key="ParagraphFormatting">&lt;w:pPr&gt;&lt;w:pStyle w:val=&quot;NormalWeb&quot;/&gt;&lt;w:numPr&gt;&lt;w:ilvl w:val=&quot;0&quot;/&gt;&lt;w:numId w:val=&quot;22&quot;/&gt;&lt;/w:numPr&gt;&lt;w:tabs&gt;&lt;w:tab w:val=&quot;left&quot; w:pos=&quot;0&quot;/&gt;&lt;/w:tabs&gt;&lt;w:rPr&gt;&lt;w:rFonts w:ascii=&quot;Times New Roman&quot; w:hAnsi=&quot;Times New Roman&quot;/&gt;&lt;w:sz w:val=&quot;24&quot;/&gt;&lt;w:szCs w:val=&quot;24&quot;/&gt;&lt;/w:rPr&gt;&lt;/w:pPr&gt;</value><value key="document">word\document.xml</value></props></cxt-def><cxt-def id="93" type="LocationDetails" purpose="Location"><fmt id="3"/><props><value key="StartsAt">114569</value><value key="EndsAt">115110</value><value key="ParagraphFormatting">&lt;w:pPr&gt;&lt;w:pStyle w:val=&quot;NormalWeb&quot;/&gt;&lt;w:numPr&gt;&lt;w:ilvl w:val=&quot;0&quot;/&gt;&lt;w:numId w:val=&quot;22&quot;/&gt;&lt;/w:numPr&gt;&lt;w:tabs&gt;&lt;w:tab w:val=&quot;left&quot; w:pos=&quot;0&quot;/&gt;&lt;/w:tabs&gt;&lt;w:rPr&gt;&lt;w:rFonts w:ascii=&quot;Times New Roman&quot; w:hAnsi=&quot;Times New Roman&quot;/&gt;&lt;w:sz w:val=&quot;24&quot;/&gt;&lt;w:szCs w:val=&quot;24&quot;/&gt;&lt;/w:rPr&gt;&lt;/w:pPr&gt;</value><value key="document">word\document.xml</value></props></cxt-def><cxt-def id="94" type="LocationDetails" purpose="Location"><fmt id="3"/><props><value key="StartsAt">115116</value><value key="EndsAt">115999</value><value key="ParagraphFormatting">&lt;w:pPr&gt;&lt;w:pStyle w:val=&quot;NormalWeb&quot;/&gt;&lt;w:tabs&gt;&lt;w:tab w:val=&quot;left&quot; w:pos=&quot;0&quot;/&gt;&lt;/w:tabs&gt;&lt;w:ind w:left=&quot;60&quot;/&gt;&lt;w:rPr&gt;&lt;w:rFonts w:ascii=&quot;Times New Roman&quot; w:hAnsi=&quot;Times New Roman&quot;/&gt;&lt;w:sz w:val=&quot;24&quot;/&gt;&lt;w:szCs w:val=&quot;24&quot;/&gt;&lt;/w:rPr&gt;&lt;/w:pPr&gt;</value><value key="document">word\document.xml</value></props></cxt-def><cxt-def id="95" type="LocationDetails" purpose="Location"><fmt id="3"/><props><value key="StartsAt">116005</value><value key="EndsAt">117051</value><value key="ParagraphFormatting">&lt;w:pPr&gt;&lt;w:pStyle w:val=&quot;NormalWeb&quot;/&gt;&lt;w:tabs&gt;&lt;w:tab w:val=&quot;left&quot; w:pos=&quot;0&quot;/&gt;&lt;/w:tabs&gt;&lt;w:rPr&gt;&lt;w:rFonts w:ascii=&quot;Times New Roman&quot; w:hAnsi=&quot;Times New Roman&quot;/&gt;&lt;w:sz w:val=&quot;24&quot;/&gt;&lt;w:szCs w:val=&quot;24&quot;/&gt;&lt;/w:rPr&gt;&lt;/w:pPr&gt;</value><value key="document">word\document.xml</value></props></cxt-def><cxt-def id="96" type="LocationDetails" purpose="Location"><fmt id="3"/><props><value key="StartsAt">117057</value><value key="EndsAt">117646</value><value key="ParagraphFormatting">&lt;w:pPr&gt;&lt;w:pStyle w:val=&quot;NormalWeb&quot;/&gt;&lt;w:tabs&gt;&lt;w:tab w:val=&quot;left&quot; w:pos=&quot;0&quot;/&gt;&lt;/w:tabs&gt;&lt;w:spacing w:after=&quot;0&quot;/&gt;&lt;w:rPr&gt;&lt;w:rFonts w:ascii=&quot;Times New Roman&quot; w:hAnsi=&quot;Times New Roman&quot;/&gt;&lt;w:b/&gt;&lt;w:color w:val=&quot;000000&quot;/&gt;&lt;w:sz w:val=&quot;24&quot;/&gt;&lt;w:szCs w:val=&quot;24&quot;/&gt;&lt;/w:rPr&gt;&lt;/w:pPr&gt;</value><value key="document">word\document.xml</value></props></cxt-def><cxt-def id="97" type="LocationDetails" purpose="Location"><fmt id="3"/><props><value key="StartsAt">117652</value><value key="EndsAt">121414</value><value key="ParagraphFormatting">&lt;w:pPr&gt;&lt;w:pStyle w:val=&quot;NormalWeb&quot;/&gt;&lt;w:spacing w:after=&quot;0&quot;/&gt;&lt;w:rPr&gt;&lt;w:rFonts w:ascii=&quot;Times New Roman&quot; w:hAnsi=&quot;Times New Roman&quot;/&gt;&lt;w:color w:val=&quot;000000&quot;/&gt;&lt;w:sz w:val=&quot;24&quot;/&gt;&lt;w:szCs w:val=&quot;24&quot;/&gt;&lt;/w:rPr&gt;&lt;/w:pPr&gt;</value><value key="document">word\document.xml</value></props></cxt-def><cxt-def id="98" type="LocationDetails" purpose="Location"><fmt id="3"/><props><value key="StartsAt">121420</value><value key="EndsAt">122702</value><value key="ParagraphFormatting">&lt;w:pPr&gt;&lt;w:pStyle w:val=&quot;NormalWeb&quot;/&gt;&lt;w:spacing w:after=&quot;0&quot;/&gt;&lt;w:rPr&gt;&lt;w:rFonts w:ascii=&quot;Times New Roman&quot; w:hAnsi=&quot;Times New Roman&quot;/&gt;&lt;w:b/&gt;&lt;w:sz w:val=&quot;24&quot;/&gt;&lt;w:szCs w:val=&quot;24&quot;/&gt;&lt;/w:rPr&gt;&lt;/w:pPr&gt;</value><value key="document">word\document.xml</value></props></cxt-def><cxt-def id="99" type="LocationDetails" purpose="Location"><fmt id="3"/><props><value key="StartsAt">122708</value><value key="EndsAt">125936</value><value key="ParagraphFormatting">&lt;w:pPr&gt;&lt;w:pStyle w:val=&quot;NormalWeb&quot;/&gt;&lt;w:spacing w:after=&quot;0&quot;/&gt;&lt;w:rPr&gt;&lt;w:rFonts w:ascii=&quot;Times New Roman&quot; w:hAnsi=&quot;Times New Roman&quot;/&gt;&lt;w:color w:val=&quot;000000&quot;/&gt;&lt;w:sz w:val=&quot;24&quot;/&gt;&lt;w:szCs w:val=&quot;24&quot;/&gt;&lt;/w:rPr&gt;&lt;/w:pPr&gt;</value><value key="document">word\document.xml</value></props></cxt-def><cxt-def id="100" type="LocationDetails" purpose="Location"><fmt id="1"/><props><value key="StartsAt">125942</value><value key="EndsAt">128210</value><value key="SubParagraphUnitCount">1</value><value key="ParagraphFormatting">&lt;w:pPr&gt;&lt;w:spacing w:before=&quot;100&quot; w:beforeAutospacing=&quot;1&quot; w:after=&quot;225&quot; w:line=&quot;300&quot; w:lineRule=&quot;atLeast&quot;/&gt;&lt;w:rPr&gt;&lt;w:szCs w:val=&quot;24&quot;/&gt;&lt;/w:rPr&gt;&lt;/w:pPr&gt;</value><value key="document">word\document.xml</value></props></cxt-def><cxt-def id="101" type="Hyperlink" code="ADR" name="Hyperlink-Adresse" descr="&lt;hyperlink value=&quot;mailto:privacy.compliance.ccs@utc.com&quot;&gt;" color=""><props><value key="HTYPE">MailHyperlink</value><value key="Id">rId16</value><value key="relationship">document.xml.rels</value></props></cxt-def><cxt-def id="102" type="LocationDetails" purpose="Location"><fmt id="1"/><props><value key="StartsAt">128216</value><value key="EndsAt">130176</value><value key="ParagraphFormatting">&lt;w:pPr&gt;&lt;w:spacing w:before=&quot;100&quot; w:beforeAutospacing=&quot;1&quot; w:after=&quot;225&quot; w:line=&quot;300&quot; w:lineRule=&quot;atLeast&quot;/&gt;&lt;w:rPr&gt;&lt;w:szCs w:val=&quot;24&quot;/&gt;&lt;/w:rPr&gt;&lt;/w:pPr&gt;</value><value key="document">word\document.xml</value></props></cxt-def><cxt-def id="103" type="LocationDetails" purpose="Location"><fmt id="1"/><props><value key="StartsAt">130182</value><value key="EndsAt">131025</value><value key="ParagraphFormatting">&lt;w:pPr&gt;&lt;w:spacing w:before=&quot;100&quot; w:beforeAutospacing=&quot;1&quot; w:after=&quot;225&quot; w:line=&quot;300&quot; w:lineRule=&quot;atLeast&quot;/&gt;&lt;w:rPr&gt;&lt;w:szCs w:val=&quot;24&quot;/&gt;&lt;/w:rPr&gt;&lt;/w:pPr&gt;</value><value key="document">word\document.xml</value></props></cxt-def><cxt-def id="104" type="LocationDetails" purpose="Location"><fmt id="3"/><props><value key="StartsAt">131031</value><value key="EndsAt">132327</value><value key="ParagraphFormatting">&lt;w:pPr&gt;&lt;w:pStyle w:val=&quot;NormalWeb&quot;/&gt;&lt;w:spacing w:after=&quot;0&quot;/&gt;&lt;w:rPr&gt;&lt;w:rFonts w:ascii=&quot;Times New Roman&quot; w:hAnsi=&quot;Times New Roman&quot;/&gt;&lt;w:b/&gt;&lt;w:color w:val=&quot;000000&quot;/&gt;&lt;w:sz w:val=&quot;24&quot;/&gt;&lt;w:szCs w:val=&quot;24&quot;/&gt;&lt;/w:rPr&gt;&lt;/w:pPr&gt;</value><value key="document">word\document.xml</value></props></cxt-def><cxt-def id="105" type="LocationDetails" purpose="Location"><fmt id="3"/><props><value key="StartsAt">132333</value><value key="EndsAt">138265</value><value key="ParagraphFormatting">&lt;w:pPr&gt;&lt;w:pStyle w:val=&quot;NormalWeb&quot;/&gt;&lt;w:spacing w:after=&quot;0&quot;/&gt;&lt;w:rPr&gt;&lt;w:rFonts w:ascii=&quot;Times New Roman&quot; w:hAnsi=&quot;Times New Roman&quot;/&gt;&lt;w:color w:val=&quot;000000&quot;/&gt;&lt;w:sz w:val=&quot;24&quot;/&gt;&lt;w:szCs w:val=&quot;24&quot;/&gt;&lt;/w:rPr&gt;&lt;/w:pPr&gt;</value><value key="document">word\document.xml</value></props></cxt-def><cxt-def id="106" type="LocationDetails" purpose="Location"><fmt id="1"/><props><value key="StartsAt">138271</value><value key="EndsAt">138793</value><value key="ParagraphFormatting">&lt;w:pPr&gt;&lt;w:rPr&gt;&lt;w:b/&gt;&lt;w:color w:val=&quot;000000&quot;/&gt;&lt;w:szCs w:val=&quot;24&quot;/&gt;&lt;/w:rPr&gt;&lt;/w:pPr&gt;</value><value key="document">word\document.xml</value></props></cxt-def><cxt-def id="107" type="LocationDetails" purpose="Location"><fmt id="1"/><props><value key="StartsAt">138949</value><value key="EndsAt">141404</value><value key="SubParagraphUnitCount">2</value><value key="ParagraphFormatting">&lt;w:pPr&gt;&lt;w:rPr&gt;&lt;w:szCs w:val=&quot;24&quot;/&gt;&lt;/w:rPr&gt;&lt;/w:pPr&gt;</value><value key="document">word\document.xml</value></props></cxt-def><cxt-def id="108" type="Hyperlink" code="ADR" name="Hyperlink-Adresse" descr="&lt;hyperlink value=&quot;mailto:webmaster.ccs@utc.com&quot;&gt;" color=""><props><value key="HTYPE">MailHyperlink</value><value key="Id">rId17</value><value key="relationship">document.xml.rels</value></props></cxt-def><cxt-def id="109" type="Hyperlink" code="ADR" name="Hyperlink-Adresse" descr="&lt;hyperlink value=&quot;mailto:privacy.compliance.ccs@utc.com&quot;&gt;" color=""><props><value key="HTYPE">MailHyperlink</value><value key="Id">rId18</value><value key="relationship">document.xml.rels</value></props></cxt-def><cxt-def id="110" type="LocationDetails" purpose="Location"><fmt id="1"/><props><value key="StartsAt">141535</value><value key="EndsAt">142542</value><value key="SubParagraphUnitCount">1</value><value key="ParagraphFormatting">&lt;w:pPr&gt;&lt;w:rPr&gt;&lt;w:szCs w:val=&quot;24&quot;/&gt;&lt;/w:rPr&gt;&lt;/w:pPr&gt;</value><value key="document">word\document.xml</value></props></cxt-def><cxt-def id="111" type="Hyperlink" code="ADR" name="Hyperlink-Adresse" descr="&lt;hyperlink value=&quot;mailto:privacy.compliance.ccs@utc.com&quot;&gt;" color=""><props><value key="HTYPE">MailHyperlink</value><value key="Id">rId19</value><value key="relationship">document.xml.rels</value></props></cxt-def><cxt-def id="112" type="LocationDetails" purpose="Location"><fmt id="1"/><props><value key="StartsAt">142673</value><value key="EndsAt">143034</value><value key="ParagraphFormatting"></value><value key="document">word\document.xml</value></props></cxt-def></cxt-defs><node-defs xmlns="http://sdl.com/FileTypes/SdlXliff/1.0"><node-def id="1" force-name="false"><cxt id="2"/></node-def></node-defs><tag-defs xmlns="http://sdl.com/FileTypes/SdlXliff/1.0"><tag id="2"><bpt name="cf" can-hide="true" word-end="false">&lt;cf font=Times New Roman bold=True size=14&gt;</bpt><bpt-props><value key="StartTag">w:rPr</value><value key="ParentTag">w:r</value><value key="ContentFormattingTagPairTypeKey">True</value><value key="w:rFonts">&lt;w:rFonts w:ascii=&quot;Times New Roman&quot; w:hAnsi=&quot;Times New Roman&quot;/&gt;</value><value key="Parent: w:rFonts">w:r</value><value key="FontName">Times New Roman</value><value key="w:b">&lt;w:b/&gt;</value><value key="Parent: w:b">w:r</value><value key="Bold">True</value><value key="w:sz">&lt;w:sz w:val=&quot;28&quot;/&gt;</value><value key="Parent: w:sz">w:r</value><value key="FontSize">14</value><value key="w:szCs">&lt;w:szCs w:val=&quot;28&quot;/&gt;</value><value key="Parent: w:szCs">w:r</value></bpt-props><ept name="cf" can-hide="true" word-end="false">&lt;/cf&gt;</ept><fmt id="2"/></tag><tag id="11"><bpt name="cf" can-hide="true" word-end="false">&lt;cf bold=True&gt;</bpt><bpt-props><value key="StartTag">w:rPr</value><value key="ParentTag">w:r</value><value key="ContentFormattingTagPairTypeKey">True</value><value key="Parent: w:rFonts">w:r</value><value key="w:b">&lt;w:b/&gt;</value><value key="Parent: w:b">w:r</value><value key="Bold">True</value><value key="Parent: w:color">w:r</value><value key="Parent: w:sz">w:r</value><value key="Parent: w:szCs">w:r</value></bpt-props><ept name="cf" can-hide="true" word-end="false">&lt;/cf&gt;</ept><fmt id="4"/></tag><tag id="17"><bpt name="cf" can-hide="true" word-end="false">&lt;cf bold=True&gt;</bpt><bpt-props><value key="StartTag">w:rPr</value><value key="ParentTag">w:r</value><value key="ContentFormattingTagPairTypeKey">True</value><value key="Parent: w:rFonts">w:r</value><value key="w:b">&lt;w:b/&gt;</value><value key="Parent: w:b">w:r</value><value key="Bold">True</value><value key="Parent: w:color">w:r</value><value key="Parent: w:sz">w:r</value><value key="Parent: w:szCs">w:r</value></bpt-props><ept name="cf" can-hide="true" word-end="false">&lt;/cf&gt;</ept><fmt id="4"/></tag><tag id="23"><bpt name="cf" can-hide="true" word-end="false">&lt;cf bold=True&gt;</bpt><bpt-props><value key="StartTag">w:rPr</value><value key="ParentTag">w:r</value><value key="ContentFormattingTagPairTypeKey">True</value><value key="Parent: w:rFonts">w:r</value><value key="w:b">&lt;w:b/&gt;</value><value key="Parent: w:b">w:r</value><value key="Bold">True</value><value key="Parent: w:color">w:r</value><value key="Parent: w:sz">w:r</value><value key="Parent: w:szCs">w:r</value></bpt-props><ept name="cf" can-hide="true" word-end="false">&lt;/cf&gt;</ept><fmt id="4"/></tag><tag id="5"><bpt name="cf" can-hide="true" word-end="false">&lt;cf font=Times New Roman color=000000 size=12&gt;</bpt><bpt-props><value key="StartTag">w:rPr</value><value key="ParentTag">w:r</value><value key="ContentFormattingTagPairTypeKey">True</value><value key="w:rFonts">&lt;w:rFonts w:ascii=&quot;Times New Roman&quot; w:hAnsi=&quot;Times New Roman&quot;/&gt;</value><value key="Parent: w:rFonts">w:r</value><value key="FontName">Times New Roman</value><value key="w:color">&lt;w:color w:val=&quot;000000&quot;/&gt;</value><value key="Parent: w:color">w:r</value><value key="TextColor">000000</value><value key="w:sz">&lt;w:sz w:val=&quot;24&quot;/&gt;</value><value key="Parent: w:sz">w:r</value><value key="FontSize">12</value><value key="w:szCs">&lt;w:szCs w:val=&quot;24&quot;/&gt;</value><value key="Parent: w:szCs">w:r</value></bpt-props><ept name="cf" can-hide="true" word-end="false">&lt;/cf&gt;</ept><fmt id="5"/></tag><tag id="38"><bpt name="cf" can-hide="true" word-end="false">&lt;cf font=Times New Roman color=000000 size=12&gt;</bpt><bpt-props><value key="StartTag">w:rPr</value><value key="ParentTag">w:r</value><value key="ContentFormattingTagPairTypeKey">True</value><value key="w:rFonts">&lt;w:rFonts w:ascii=&quot;Times New Roman&quot; w:hAnsi=&quot;Times New Roman&quot;/&gt;</value><value key="Parent: w:rFonts">w:r</value><value key="FontName">Times New Roman</value><value key="w:color">&lt;w:color w:val=&quot;000000&quot;/&gt;</value><value key="Parent: w:color">w:r</value><value key="TextColor">000000</value><value key="w:sz">&lt;w:sz w:val=&quot;24&quot;/&gt;</value><value key="Parent: w:sz">w:r</value><value key="FontSize">12</value><value key="w:szCs">&lt;w:szCs w:val=&quot;24&quot;/&gt;</value><value key="Parent: w:szCs">w:r</value></bpt-props><ept name="cf" can-hide="true" word-end="false">&lt;/cf&gt;</ept><fmt id="5"/></tag><tag id="41"><bpt name="cf" can-hide="true" word-end="false">&lt;cf font=Times New Roman bold=True color=000000 size=12&gt;</bpt><bpt-props><value key="StartTag">w:rPr</value><value key="ParentTag">w:r</value><value key="ContentFormattingTagPairTypeKey">True</value><value key="w:rFonts">&lt;w:rFonts w:ascii=&quot;Times New Roman&quot; w:hAnsi=&quot;Times New Roman&quot;/&gt;</value><value key="Parent: w:rFonts">w:r</value><value key="FontName">Times New Roman</value><value key="w:b">&lt;w:b/&gt;</value><value key="Parent: w:b">w:r</value><value key="Bold">True</value><value key="w:color">&lt;w:color w:val=&quot;000000&quot;/&gt;</value><value key="Parent: w:color">w:r</value><value key="TextColor">000000</value><value key="w:sz">&lt;w:sz w:val=&quot;24&quot;/&gt;</value><value key="Parent: w:sz">w:r</value><value key="FontSize">12</value><value key="w:szCs">&lt;w:szCs w:val=&quot;24&quot;/&gt;</value><value key="Parent: w:szCs">w:r</value></bpt-props><ept name="cf" can-hide="true" word-end="false">&lt;/cf&gt;</ept><fmt id="6"/></tag><tag id="44"><bpt name="cf" can-hide="true" word-end="false">&lt;cf bold=True&gt;</bpt><bpt-props><value key="StartTag">w:rPr</value><value key="ParentTag">w:r</value><value key="ContentFormattingTagPairTypeKey">True</value><value key="Parent: w:rFonts">w:r</value><value key="w:b">&lt;w:b/&gt;</value><value key="Parent: w:b">w:r</value><value key="Bold">True</value><value key="Parent: w:color">w:r</value><value key="Parent: w:sz">w:r</value><value key="Parent: w:szCs">w:r</value></bpt-props><ept name="cf" can-hide="true" word-end="false">&lt;/cf&gt;</ept><fmt id="4"/></tag><tag id="47"><bpt name="cf" can-hide="true" word-end="false">&lt;cf font=Times New Roman color=000000 size=12&gt;</bpt><bpt-props><value key="StartTag">w:rPr</value><value key="ParentTag">w:r</value><value key="ContentFormattingTagPairTypeKey">True</value><value key="w:rFonts">&lt;w:rFonts w:ascii=&quot;Times New Roman&quot; w:hAnsi=&quot;Times New Roman&quot;/&gt;</value><value key="Parent: w:rFonts">w:r</value><value key="FontName">Times New Roman</value><value key="w:color">&lt;w:color w:val=&quot;000000&quot;/&gt;</value><value key="Parent: w:color">w:r</value><value key="TextColor">000000</value><value key="w:sz">&lt;w:sz w:val=&quot;24&quot;/&gt;</value><value key="Parent: w:sz">w:r</value><value key="FontSize">12</value><value key="w:szCs">&lt;w:szCs w:val=&quot;24&quot;/&gt;</value><value key="Parent: w:szCs">w:r</value></bpt-props><ept name="cf" can-hide="true" word-end="false">&lt;/cf&gt;</ept><fmt id="5"/></tag><tag id="68"><bpt name="cf" can-hide="true" word-end="false">&lt;cf font=Times New Roman color=000000 size=12&gt;</bpt><bpt-props><value key="StartTag">w:rPr</value><value key="ParentTag">w:r</value><value key="ContentFormattingTagPairTypeKey">True</value><value key="w:rFonts">&lt;w:rFonts w:ascii=&quot;Times New Roman&quot; w:hAnsi=&quot;Times New Roman&quot;/&gt;</value><value key="Parent: w:rFonts">w:r</value><value key="FontName">Times New Roman</value><value key="w:color">&lt;w:color w:val=&quot;000000&quot;/&gt;</value><value key="Parent: w:color">w:r</value><value key="TextColor">000000</value><value key="w:sz">&lt;w:sz w:val=&quot;24&quot;/&gt;</value><value key="Parent: w:sz">w:r</value><value key="FontSize">12</value><value key="w:szCs">&lt;w:szCs w:val=&quot;24&quot;/&gt;</value><value key="Parent: w:szCs">w:r</value></bpt-props><ept name="cf" can-hide="true" word-end="false">&lt;/cf&gt;</ept><fmt id="5"/></tag><tag id="113"><bpt name="cf" can-hide="true" word-end="false">&lt;cf font=Times New Roman color=000000 size=12&gt;</bpt><bpt-props><value key="StartTag">w:rPr</value><value key="ParentTag">w:r</value><value key="ContentFormattingTagPairTypeKey">True</value><value key="w:rFonts">&lt;w:rFonts w:ascii=&quot;Times New Roman&quot; w:hAnsi=&quot;Times New Roman&quot;/&gt;</value><value key="Parent: w:rFonts">w:r</value><value key="FontName">Times New Roman</value><value key="w:color">&lt;w:color w:val=&quot;000000&quot;/&gt;</value><value key="Parent: w:color">w:r</value><value key="TextColor">000000</value><value key="w:sz">&lt;w:sz w:val=&quot;24&quot;/&gt;</value><value key="Parent: w:sz">w:r</value><value key="FontSize">12</value><value key="w:szCs">&lt;w:szCs w:val=&quot;24&quot;/&gt;</value><value key="Parent: w:szCs">w:r</value></bpt-props><ept name="cf" can-hide="true" word-end="false">&lt;/cf&gt;</ept><fmt id="5"/></tag><tag id="146"><bpt name="cf" can-hide="true" word-end="false">&lt;cf font=Times New Roman color=000000 size=12&gt;</bpt><bpt-props><value key="StartTag">w:rPr</value><value key="ParentTag">w:r</value><value key="ContentFormattingTagPairTypeKey">True</value><value key="w:rFonts">&lt;w:rFonts w:ascii=&quot;Times New Roman&quot; w:hAnsi=&quot;Times New Roman&quot;/&gt;</value><value key="Parent: w:rFonts">w:r</value><value key="FontName">Times New Roman</value><value key="w:color">&lt;w:color w:val=&quot;000000&quot;/&gt;</value><value key="Parent: w:color">w:r</value><value key="TextColor">000000</value><value key="w:sz">&lt;w:sz w:val=&quot;24&quot;/&gt;</value><value key="Parent: w:sz">w:r</value><value key="FontSize">12</value><value key="w:szCs">&lt;w:szCs w:val=&quot;24&quot;/&gt;</value><value key="Parent: w:szCs">w:r</value></bpt-props><ept name="cf" can-hide="true" word-end="false">&lt;/cf&gt;</ept><fmt id="5"/></tag><tag id="194"><bpt name="cf" can-hide="true" word-end="false">&lt;cf color=000000&gt;</bpt><bpt-props><value key="StartTag">w:rPr</value><value key="ParentTag">w:r</value><value key="ContentFormattingTagPairTypeKey">True</value><value key="w:color">&lt;w:color w:val=&quot;000000&quot;/&gt;</value><value key="Parent: w:color">w:r</value><value key="TextColor">000000</value><value key="w:szCs">&lt;w:szCs w:val=&quot;24&quot;/&gt;</value><value key="Parent: w:szCs">w:r</value></bpt-props><ept name="cf" can-hide="true" word-end="false">&lt;/cf&gt;</ept><fmt id="7"/></tag><tag id="197"><bpt name="cf" can-hide="true" word-end="false">&lt;cf font=Times New Roman bold=True color=000000 size=12&gt;</bpt><bpt-props><value key="StartTag">w:rPr</value><value key="ParentTag">w:r</value><value key="ContentFormattingTagPairTypeKey">True</value><value key="w:rFonts">&lt;w:rFonts w:ascii=&quot;Times New Roman&quot; w:hAnsi=&quot;Times New Roman&quot;/&gt;</value><value key="Parent: w:rFonts">w:r</value><value key="FontName">Times New Roman</value><value key="w:b">&lt;w:b/&gt;</value><value key="Parent: w:b">w:r</value><value key="Bold">True</value><value key="w:color">&lt;w:color w:val=&quot;000000&quot;/&gt;</value><value key="Parent: w:color">w:r</value><value key="TextColor">000000</value><value key="w:sz">&lt;w:sz w:val=&quot;24&quot;/&gt;</value><value key="Parent: w:sz">w:r</value><value key="FontSize">12</value><value key="w:szCs">&lt;w:szCs w:val=&quot;24&quot;/&gt;</value><value key="Parent: w:szCs">w:r</value></bpt-props><ept name="cf" can-hide="true" word-end="false">&lt;/cf&gt;</ept><fmt id="6"/></tag><tag id="209"><bpt name="cf" can-hide="true" word-end="false">&lt;cf font=Times New Roman color=000000 size=12&gt;</bpt><bpt-props><value key="StartTag">w:rPr</value><value key="ParentTag">w:r</value><value key="ContentFormattingTagPairTypeKey">True</value><value key="w:rFonts">&lt;w:rFonts w:ascii=&quot;Times New Roman&quot; w:hAnsi=&quot;Times New Roman&quot;/&gt;</value><value key="Parent: w:rFonts">w:r</value><value key="FontName">Times New Roman</value><value key="w:color">&lt;w:color w:val=&quot;000000&quot;/&gt;</value><value key="Parent: w:color">w:r</value><value key="TextColor">000000</value><value key="w:sz">&lt;w:sz w:val=&quot;24&quot;/&gt;</value><value key="Parent: w:sz">w:r</value><value key="FontSize">12</value><value key="w:szCs">&lt;w:szCs w:val=&quot;24&quot;/&gt;</value><value key="Parent: w:szCs">w:r</value></bpt-props><ept name="cf" can-hide="true" word-end="false">&lt;/cf&gt;</ept><fmt id="5"/></tag><tag id="224"><bpt name="cf" can-hide="true" word-end="false">&lt;cf font=Times New Roman color=000000 size=12&gt;</bpt><bpt-props><value key="StartTag">w:rPr</value><value key="ParentTag">w:r</value><value key="ContentFormattingTagPairTypeKey">True</value><value key="w:rFonts">&lt;w:rFonts w:ascii=&quot;Times New Roman&quot; w:hAnsi=&quot;Times New Roman&quot;/&gt;</value><value key="Parent: w:rFonts">w:r</value><value key="FontName">Times New Roman</value><value key="w:color">&lt;w:color w:val=&quot;000000&quot;/&gt;</value><value key="Parent: w:color">w:r</value><value key="TextColor">000000</value><value key="w:sz">&lt;w:sz w:val=&quot;24&quot;/&gt;</value><value key="Parent: w:sz">w:r</value><value key="FontSize">12</value><value key="w:szCs">&lt;w:szCs w:val=&quot;24&quot;/&gt;</value><value key="Parent: w:szCs">w:r</value></bpt-props><ept name="cf" can-hide="true" word-end="false">&lt;/cf&gt;</ept><fmt id="5"/></tag><tag id="227"><bpt name="cf" can-hide="true" word-end="false">&lt;cf font=Times New Roman&gt;</bpt><bpt-props><value key="StartTag">w:rPr</value><value key="ParentTag">w:r</value><value key="ContentFormattingTagPairTypeKey">True</value><value key="w:rFonts">&lt;w:rFonts w:ascii=&quot;Times New Roman&quot; w:hAnsi=&quot;Times New Roman&quot;/&gt;</value><value key="Parent: w:rFonts">w:r</value><value key="FontName">Times New Roman</value><value key="Parent: w:color">w:r</value><value key="Parent: w:sz">w:r</value><value key="Parent: w:szCs">w:r</value></bpt-props><ept name="cf" can-hide="true" word-end="false">&lt;/cf&gt;</ept><fmt id="8"/></tag><tag id="233"><bpt name="cf" can-hide="true" word-end="false">&lt;cf fontTheme=minorHAnsi&gt;</bpt><bpt-props><value key="StartTag">w:rPr</value><value key="ParentTag">w:r</value><value key="ContentFormattingTagPairTypeKey">True</value><value key="w:rFonts">&lt;w:rFonts w:asciiTheme=&quot;minorHAnsi&quot; w:hAnsiTheme=&quot;minorHAnsi&quot;/&gt;</value><value key="Parent: w:rFonts">w:r</value><value key="FontTheme">minorHAnsi</value><value key="Parent: w:color">w:r</value><value key="Parent: w:sz">w:r</value><value key="Parent: w:szCs">w:r</value></bpt-props><ept name="cf" can-hide="true" word-end="false">&lt;/cf&gt;</ept><fmt id="9"/></tag><tag id="237"><bpt name="cf" can-hide="true" word-end="false">&lt;cf font=Times New Roman&gt;</bpt><bpt-props><value key="StartTag">w:rPr</value><value key="ParentTag">w:r</value><value key="ContentFormattingTagPairTypeKey">True</value><value key="w:rFonts">&lt;w:rFonts w:ascii=&quot;Times New Roman&quot; w:hAnsi=&quot;Times New Roman&quot;/&gt;</value><value key="Parent: w:rFonts">w:r</value><value key="FontName">Times New Roman</value><value key="Parent: w:color">w:r</value><value key="Parent: w:sz">w:r</value><value key="Parent: w:szCs">w:r</value></bpt-props><ept name="cf" can-hide="true" word-end="false">&lt;/cf&gt;</ept><fmt id="8"/></tag><tag id="234"><bpt name="cf" can-hide="true" word-end="false">&lt;cf color=000000 size=12&gt;</bpt><bpt-props><value key="w:color">&lt;w:color w:val=&quot;000000&quot;/&gt;</value><value key="TextColor">000000</value><value key="w:sz">&lt;w:sz w:val=&quot;24&quot;/&gt;</value><value key="FontSize">12</value><value key="w:szCs">&lt;w:szCs w:val=&quot;24&quot;/&gt;</value><value key="ContentFormattingTagPairTypeKey">True</value></bpt-props><ept name="cf" can-hide="true" word-end="false">&lt;/cf&gt;</ept><fmt id="10"/></tag><tag id="240"><bpt name="cf" can-hide="true" word-end="false">&lt;cf font=Times New Roman color=000000 size=12&gt;</bpt><bpt-props><value key="StartTag">w:rPr</value><value key="ParentTag">w:r</value><value key="ContentFormattingTagPairTypeKey">True</value><value key="w:rFonts">&lt;w:rFonts w:ascii=&quot;Times New Roman&quot; w:hAnsi=&quot;Times New Roman&quot;/&gt;</value><value key="Parent: w:rFonts">w:r</value><value key="FontName">Times New Roman</value><value key="w:color">&lt;w:color w:val=&quot;000000&quot;/&gt;</value><value key="Parent: w:color">w:r</value><value key="TextColor">000000</value><value key="w:sz">&lt;w:sz w:val=&quot;24&quot;/&gt;</value><value key="Parent: w:sz">w:r</value><value key="FontSize">12</value><value key="w:szCs">&lt;w:szCs w:val=&quot;24&quot;/&gt;</value><value key="Parent: w:szCs">w:r</value></bpt-props><ept name="cf" can-hide="true" word-end="false">&lt;/cf&gt;</ept><fmt id="5"/></tag><tag id="243"><bpt name="cf" can-hide="true" word-end="false">&lt;cf font=Times New Roman color=000000 size=12&gt;</bpt><bpt-props><value key="StartTag">w:rPr</value><value key="ParentTag">w:r</value><value key="ContentFormattingTagPairTypeKey">True</value><value key="w:rFonts">&lt;w:rFonts w:ascii=&quot;Times New Roman&quot; w:hAnsi=&quot;Times New Roman&quot;/&gt;</value><value key="Parent: w:rFonts">w:r</value><value key="FontName">Times New Roman</value><value key="w:color">&lt;w:color w:val=&quot;000000&quot;/&gt;</value><value key="Parent: w:color">w:r</value><value key="TextColor">000000</value><value key="w:sz">&lt;w:sz w:val=&quot;24&quot;/&gt;</value><value key="Parent: w:sz">w:r</value><value key="FontSize">12</value><value key="w:szCs">&lt;w:szCs w:val=&quot;24&quot;/&gt;</value><value key="Parent: w:szCs">w:r</value></bpt-props><ept name="cf" can-hide="true" word-end="false">&lt;/cf&gt;</ept><fmt id="5"/></tag><tag id="258"><bpt name="cf" can-hide="true" word-end="false">&lt;cf font=Times New Roman color=000000 size=12&gt;</bpt><bpt-props><value key="StartTag">w:rPr</value><value key="ParentTag">w:r</value><value key="ContentFormattingTagPairTypeKey">True</value><value key="w:rFonts">&lt;w:rFonts w:ascii=&quot;Times New Roman&quot; w:hAnsi=&quot;Times New Roman&quot;/&gt;</value><value key="Parent: w:rFonts">w:r</value><value key="FontName">Times New Roman</value><value key="w:color">&lt;w:color w:val=&quot;000000&quot;/&gt;</value><value key="Parent: w:color">w:r</value><value key="TextColor">000000</value><value key="w:sz">&lt;w:sz w:val=&quot;24&quot;/&gt;</value><value key="Parent: w:sz">w:r</value><value key="FontSize">12</value><value key="w:szCs">&lt;w:szCs w:val=&quot;24&quot;/&gt;</value><value key="Parent: w:szCs">w:r</value></bpt-props><ept name="cf" can-hide="true" word-end="false">&lt;/cf&gt;</ept><fmt id="5"/></tag><tag id="261"><bpt name="cf" can-hide="true" word-end="false">&lt;cf font=Times New Roman color=000000 size=12&gt;</bpt><bpt-props><value key="StartTag">w:rPr</value><value key="ParentTag">w:r</value><value key="ContentFormattingTagPairTypeKey">True</value><value key="w:rFonts">&lt;w:rFonts w:ascii=&quot;Times New Roman&quot; w:hAnsi=&quot;Times New Roman&quot;/&gt;</value><value key="Parent: w:rFonts">w:r</value><value key="FontName">Times New Roman</value><value key="w:color">&lt;w:color w:val=&quot;000000&quot;/&gt;</value><value key="Parent: w:color">w:r</value><value key="TextColor">000000</value><value key="w:sz">&lt;w:sz w:val=&quot;24&quot;/&gt;</value><value key="Parent: w:sz">w:r</value><value key="FontSize">12</value><value key="w:szCs">&lt;w:szCs w:val=&quot;24&quot;/&gt;</value><value key="Parent: w:szCs">w:r</value></bpt-props><ept name="cf" can-hide="true" word-end="false">&lt;/cf&gt;</ept><fmt id="5"/></tag><tag id="276"><bpt name="cf" can-hide="true" word-end="false">&lt;cf bold=True&gt;</bpt><bpt-props><value key="StartTag">w:rPr</value><value key="ParentTag">w:r</value><value key="ContentFormattingTagPairTypeKey">True</value><value key="Parent: w:rFonts">w:r</value><value key="w:b">&lt;w:b/&gt;</value><value key="Parent: w:b">w:r</value><value key="Bold">True</value><value key="Parent: w:color">w:r</value><value key="Parent: w:sz">w:r</value><value key="Parent: w:szCs">w:r</value></bpt-props><ept name="cf" can-hide="true" word-end="false">&lt;/cf&gt;</ept><fmt id="4"/></tag><tag id="267"><bpt name="cf" can-hide="true" word-end="false">&lt;cf font=Times New Roman color=000000 size=12&gt;</bpt><bpt-props><value key="StartTag">w:rPr</value><value key="ParentTag">w:r</value><value key="ContentFormattingTagPairTypeKey">True</value><value key="w:rFonts">&lt;w:rFonts w:ascii=&quot;Times New Roman&quot; w:hAnsi=&quot;Times New Roman&quot;/&gt;</value><value key="Parent: w:rFonts">w:r</value><value key="FontName">Times New Roman</value><value key="w:color">&lt;w:color w:val=&quot;000000&quot;/&gt;</value><value key="Parent: w:color">w:r</value><value key="TextColor">000000</value><value key="w:sz">&lt;w:sz w:val=&quot;24&quot;/&gt;</value><value key="Parent: w:sz">w:r</value><value key="FontSize">12</value><value key="w:szCs">&lt;w:szCs w:val=&quot;24&quot;/&gt;</value><value key="Parent: w:szCs">w:r</value></bpt-props><ept name="cf" can-hide="true" word-end="false">&lt;/cf&gt;</ept><fmt id="5"/></tag><tag id="279"><bpt name="cf" can-hide="true" word-end="false">&lt;cf font=Times New Roman color=000000 size=12&gt;</bpt><bpt-props><value key="StartTag">w:rPr</value><value key="ParentTag">w:r</value><value key="ContentFormattingTagPairTypeKey">True</value><value key="w:rFonts">&lt;w:rFonts w:ascii=&quot;Times New Roman&quot; w:hAnsi=&quot;Times New Roman&quot;/&gt;</value><value key="Parent: w:rFonts">w:r</value><value key="FontName">Times New Roman</value><value key="w:color">&lt;w:color w:val=&quot;000000&quot;/&gt;</value><value key="Parent: w:color">w:r</value><value key="TextColor">000000</value><value key="w:sz">&lt;w:sz w:val=&quot;24&quot;/&gt;</value><value key="Parent: w:sz">w:r</value><value key="FontSize">12</value><value key="w:szCs">&lt;w:szCs w:val=&quot;24&quot;/&gt;</value><value key="Parent: w:szCs">w:r</value></bpt-props><ept name="cf" can-hide="true" word-end="false">&lt;/cf&gt;</ept><fmt id="5"/></tag><tag id="282"><bpt name="cf" can-hide="true" word-end="false">&lt;cf font=Times New Roman color=000000 size=12&gt;</bpt><bpt-props><value key="StartTag">w:rPr</value><value key="ParentTag">w:r</value><value key="ContentFormattingTagPairTypeKey">True</value><value key="w:rFonts">&lt;w:rFonts w:ascii=&quot;Times New Roman&quot; w:hAnsi=&quot;Times New Roman&quot;/&gt;</value><value key="Parent: w:rFonts">w:r</value><value key="FontName">Times New Roman</value><value key="w:color">&lt;w:color w:val=&quot;000000&quot;/&gt;</value><value key="Parent: w:color">w:r</value><value key="TextColor">000000</value><value key="w:sz">&lt;w:sz w:val=&quot;24&quot;/&gt;</value><value key="Parent: w:sz">w:r</value><value key="FontSize">12</value><value key="w:szCs">&lt;w:szCs w:val=&quot;24&quot;/&gt;</value><value key="Parent: w:szCs">w:r</value></bpt-props><ept name="cf" can-hide="true" word-end="false">&lt;/cf&gt;</ept><fmt id="5"/></tag><tag id="285"><bpt name="cf" can-hide="true" word-end="false">&lt;cf font=Times New Roman color=000000 size=12&gt;</bpt><bpt-props><value key="StartTag">w:rPr</value><value key="ParentTag">w:r</value><value key="ContentFormattingTagPairTypeKey">True</value><value key="w:rFonts">&lt;w:rFonts w:ascii=&quot;Times New Roman&quot; w:hAnsi=&quot;Times New Roman&quot;/&gt;</value><value key="Parent: w:rFonts">w:r</value><value key="FontName">Times New Roman</value><value key="w:color">&lt;w:color w:val=&quot;000000&quot;/&gt;</value><value key="Parent: w:color">w:r</value><value key="TextColor">000000</value><value key="w:sz">&lt;w:sz w:val=&quot;24&quot;/&gt;</value><value key="Parent: w:sz">w:r</value><value key="FontSize">12</value><value key="w:szCs">&lt;w:szCs w:val=&quot;24&quot;/&gt;</value><value key="Parent: w:szCs">w:r</value></bpt-props><ept name="cf" can-hide="true" word-end="false">&lt;/cf&gt;</ept><fmt id="5"/></tag><tag id="288"><bpt name="cf" can-hide="true" word-end="false">&lt;cf font=Times New Roman color=000000 size=12&gt;</bpt><bpt-props><value key="StartTag">w:rPr</value><value key="ParentTag">w:r</value><value key="ContentFormattingTagPairTypeKey">True</value><value key="w:rFonts">&lt;w:rFonts w:ascii=&quot;Times New Roman&quot; w:hAnsi=&quot;Times New Roman&quot;/&gt;</value><value key="Parent: w:rFonts">w:r</value><value key="FontName">Times New Roman</value><value key="w:color">&lt;w:color w:val=&quot;000000&quot;/&gt;</value><value key="Parent: w:color">w:r</value><value key="TextColor">000000</value><value key="w:sz">&lt;w:sz w:val=&quot;24&quot;/&gt;</value><value key="Parent: w:sz">w:r</value><value key="FontSize">12</value><value key="w:szCs">&lt;w:szCs w:val=&quot;24&quot;/&gt;</value><value key="Parent: w:szCs">w:r</value></bpt-props><ept name="cf" can-hide="true" word-end="false">&lt;/cf&gt;</ept><fmt id="5"/></tag><tag id="294"><bpt name="cf" can-hide="true" word-end="false">&lt;cf font=Times New Roman color=000000 size=12&gt;</bpt><bpt-props><value key="StartTag">w:rPr</value><value key="ParentTag">w:r</value><value key="ContentFormattingTagPairTypeKey">True</value><value key="w:rFonts">&lt;w:rFonts w:ascii=&quot;Times New Roman&quot; w:hAnsi=&quot;Times New Roman&quot;/&gt;</value><value key="Parent: w:rFonts">w:r</value><value key="FontName">Times New Roman</value><value key="w:color">&lt;w:color w:val=&quot;000000&quot;/&gt;</value><value key="Parent: w:color">w:r</value><value key="TextColor">000000</value><value key="w:sz">&lt;w:sz w:val=&quot;24&quot;/&gt;</value><value key="Parent: w:sz">w:r</value><value key="FontSize">12</value><value key="w:szCs">&lt;w:szCs w:val=&quot;24&quot;/&gt;</value><value key="Parent: w:szCs">w:r</value></bpt-props><ept name="cf" can-hide="true" word-end="false">&lt;/cf&gt;</ept><fmt id="5"/></tag><tag id="297"><bpt name="cf" can-hide="true" word-end="false">&lt;cf font=Times New Roman color=000000 size=12&gt;</bpt><bpt-props><value key="StartTag">w:rPr</value><value key="ParentTag">w:r</value><value key="ContentFormattingTagPairTypeKey">True</value><value key="w:rFonts">&lt;w:rFonts w:ascii=&quot;Times New Roman&quot; w:hAnsi=&quot;Times New Roman&quot;/&gt;</value><value key="Parent: w:rFonts">w:r</value><value key="FontName">Times New Roman</value><value key="w:color">&lt;w:color w:val=&quot;000000&quot;/&gt;</value><value key="Parent: w:color">w:r</value><value key="TextColor">000000</value><value key="w:sz">&lt;w:sz w:val=&quot;24&quot;/&gt;</value><value key="Parent: w:sz">w:r</value><value key="FontSize">12</value><value key="w:szCs">&lt;w:szCs w:val=&quot;24&quot;/&gt;</value><value key="Parent: w:szCs">w:r</value></bpt-props><ept name="cf" can-hide="true" word-end="false">&lt;/cf&gt;</ept><fmt id="5"/></tag><tag id="300"><bpt name="cf" can-hide="true" word-end="false">&lt;cf font=Times New Roman bold=True color=000000 size=12&gt;</bpt><bpt-props><value key="StartTag">w:rPr</value><value key="ParentTag">w:r</value><value key="ContentFormattingTagPairTypeKey">True</value><value key="w:rFonts">&lt;w:rFonts w:ascii=&quot;Times New Roman&quot; w:hAnsi=&quot;Times New Roman&quot;/&gt;</value><value key="Parent: w:rFonts">w:r</value><value key="FontName">Times New Roman</value><value key="w:b">&lt;w:b/&gt;</value><value key="Parent: w:b">w:r</value><value key="Bold">True</value><value key="w:color">&lt;w:color w:val=&quot;000000&quot;/&gt;</value><value key="Parent: w:color">w:r</value><value key="TextColor">000000</value><value key="w:sz">&lt;w:sz w:val=&quot;24&quot;/&gt;</value><value key="Parent: w:sz">w:r</value><value key="FontSize">12</value><value key="w:szCs">&lt;w:szCs w:val=&quot;24&quot;/&gt;</value><value key="Parent: w:szCs">w:r</value></bpt-props><ept name="cf" can-hide="true" word-end="false">&lt;/cf&gt;</ept><fmt id="6"/></tag><tag id="303"><bpt name="cf" can-hide="true" word-end="false">&lt;cf font=Times New Roman color=000000 size=12&gt;</bpt><bpt-props><value key="StartTag">w:rPr</value><value key="ParentTag">w:r</value><value key="ContentFormattingTagPairTypeKey">True</value><value key="w:rFonts">&lt;w:rFonts w:ascii=&quot;Times New Roman&quot; w:hAnsi=&quot;Times New Roman&quot;/&gt;</value><value key="Parent: w:rFonts">w:r</value><value key="FontName">Times New Roman</value><value key="w:color">&lt;w:color w:val=&quot;000000&quot;/&gt;</value><value key="Parent: w:color">w:r</value><value key="TextColor">000000</value><value key="w:sz">&lt;w:sz w:val=&quot;24&quot;/&gt;</value><value key="Parent: w:sz">w:r</value><value key="FontSize">12</value><value key="w:szCs">&lt;w:szCs w:val=&quot;24&quot;/&gt;</value><value key="Parent: w:szCs">w:r</value><value key="SDL:AutoCloned">True</value></bpt-props><ept name="cf" can-hide="true" word-end="false">&lt;/cf&gt;</ept><fmt id="5"/></tag><tag id="318"><bpt name="cf" can-hide="true" word-end="false">&lt;cf bold=True&gt;</bpt><bpt-props><value key="StartTag">w:rPr</value><value key="ParentTag">w:r</value><value key="ContentFormattingTagPairTypeKey">True</value><value key="Parent: w:rFonts">w:r</value><value key="w:b">&lt;w:b/&gt;</value><value key="Parent: w:b">w:r</value><value key="Bold">True</value><value key="Parent: w:color">w:r</value><value key="Parent: w:sz">w:r</value><value key="Parent: w:szCs">w:r</value></bpt-props><ept name="cf" can-hide="true" word-end="false">&lt;/cf&gt;</ept><fmt id="4"/></tag><tag id="336"><bpt name="cf" can-hide="true" word-end="false">&lt;cf bold=True&gt;</bpt><bpt-props><value key="StartTag">w:rPr</value><value key="ParentTag">w:r</value><value key="ContentFormattingTagPairTypeKey">True</value><value key="Parent: w:rFonts">w:r</value><value key="w:b">&lt;w:b/&gt;</value><value key="Parent: w:b">w:r</value><value key="Bold">True</value><value key="Parent: w:color">w:r</value><value key="Parent: w:sz">w:r</value><value key="Parent: w:szCs">w:r</value></bpt-props><ept name="cf" can-hide="true" word-end="false">&lt;/cf&gt;</ept><fmt id="4"/></tag><tag id="340"><bpt name="hyperlink" seg-hint="Include" word-end="false"><sub xid="8fb79f0c-a614-4748-be3f-533bcd3290d7"></sub>&lt;hyperlink value=&quot;http://www.utc.com/pages/privacy.aspx&quot;&gt;</bpt><bpt-props><value key="r:id">rId9</value><value key="Target">http://www.utc.com/pages/privacy.aspx</value><value key="w:history">1</value><value key="HFILE">document.xml</value><value key="TagType">Hyperlink</value><value key="w:rStyle">&lt;w:rStyle w:val=&quot;Hyperlink&quot;/&gt;</value><value key="rStyle">Hyperlink</value><value key="w:rFonts">&lt;w:rFonts w:ascii=&quot;Times New Roman&quot; w:hAnsi=&quot;Times New Roman&quot;/&gt;</value><value key="w:sz">&lt;w:sz w:val=&quot;24&quot;/&gt;</value><value key="w:szCs">&lt;w:szCs w:val=&quot;24&quot;/&gt;</value></bpt-props><ept name="hyperlink" word-end="false">&lt;/hyperlink&gt;</ept><fmt id="11"/></tag><tag id="346"><bpt name="cf" can-hide="true" word-end="false">&lt;cf font=Times New Roman color=000000 size=12&gt;</bpt><bpt-props><value key="StartTag">w:rPr</value><value key="ParentTag">w:r</value><value key="ContentFormattingTagPairTypeKey">True</value><value key="w:rFonts">&lt;w:rFonts w:ascii=&quot;Times New Roman&quot; w:hAnsi=&quot;Times New Roman&quot;/&gt;</value><value key="Parent: w:rFonts">w:r</value><value key="FontName">Times New Roman</value><value key="w:color">&lt;w:color w:val=&quot;000000&quot;/&gt;</value><value key="Parent: w:color">w:r</value><value key="TextColor">000000</value><value key="w:sz">&lt;w:sz w:val=&quot;24&quot;/&gt;</value><value key="Parent: w:sz">w:r</value><value key="FontSize">12</value><value key="w:szCs">&lt;w:szCs w:val=&quot;24&quot;/&gt;</value><value key="Parent: w:szCs">w:r</value></bpt-props><ept name="cf" can-hide="true" word-end="false">&lt;/cf&gt;</ept><fmt id="5"/></tag><tag id="352"><bpt name="cf" can-hide="true" word-end="false">&lt;cf font=Times New Roman size=12&gt;</bpt><bpt-props><value key="StartTag">w:rPr</value><value key="ParentTag">w:r</value><value key="ContentFormattingTagPairTypeKey">True</value><value key="w:rFonts">&lt;w:rFonts w:ascii=&quot;Times New Roman&quot; w:hAnsi=&quot;Times New Roman&quot;/&gt;</value><value key="Parent: w:rFonts">w:r</value><value key="FontName">Times New Roman</value><value key="w:sz">&lt;w:sz w:val=&quot;24&quot;/&gt;</value><value key="Parent: w:sz">w:r</value><value key="FontSize">12</value><value key="w:szCs">&lt;w:szCs w:val=&quot;24&quot;/&gt;</value><value key="Parent: w:szCs">w:r</value><value key="SDL:AutoCloned">True</value></bpt-props><ept name="cf" can-hide="true" word-end="false">&lt;/cf&gt;</ept><fmt id="1"/></tag><tag id="373"><bpt name="cf" can-hide="true" word-end="false">&lt;cf font=Times New Roman size=12&gt;</bpt><bpt-props><value key="StartTag">w:rPr</value><value key="ParentTag">w:r</value><value key="ContentFormattingTagPairTypeKey">True</value><value key="w:rFonts">&lt;w:rFonts w:ascii=&quot;Times New Roman&quot; w:hAnsi=&quot;Times New Roman&quot;/&gt;</value><value key="Parent: w:rFonts">w:r</value><value key="FontName">Times New Roman</value><value key="w:sz">&lt;w:sz w:val=&quot;24&quot;/&gt;</value><value key="Parent: w:sz">w:r</value><value key="FontSize">12</value><value key="w:szCs">&lt;w:szCs w:val=&quot;24&quot;/&gt;</value><value key="Parent: w:szCs">w:r</value></bpt-props><ept name="cf" can-hide="true" word-end="false">&lt;/cf&gt;</ept><fmt id="1"/></tag><tag id="380"><bpt name="hyperlink" seg-hint="Include" word-end="false"><sub xid="453160b9-6df6-4000-9056-a12eef0e7864"></sub>&lt;hyperlink value=&quot;http://www.utc.com/pages/privacy.aspx&quot;&gt;</bpt><bpt-props><value key="r:id">rId10</value><value key="Target">http://www.utc.com/pages/privacy.aspx</value><value key="w:history">1</value><value key="HFILE">document.xml</value><value key="TagType">Hyperlink</value><value key="w:rStyle">&lt;w:rStyle w:val=&quot;Hyperlink&quot;/&gt;</value><value key="rStyle">Hyperlink</value><value key="w:rFonts">&lt;w:rFonts w:ascii=&quot;Times New Roman&quot; w:hAnsi=&quot;Times New Roman&quot;/&gt;</value><value key="w:sz">&lt;w:sz w:val=&quot;24&quot;/&gt;</value><value key="w:szCs">&lt;w:szCs w:val=&quot;24&quot;/&gt;</value></bpt-props><ept name="hyperlink" word-end="false">&lt;/hyperlink&gt;</ept><fmt id="11"/></tag><tag id="386"><bpt name="cf" can-hide="true" word-end="false">&lt;cf font=Times New Roman color=000000 size=12&gt;</bpt><bpt-props><value key="StartTag">w:rPr</value><value key="ParentTag">w:r</value><value key="ContentFormattingTagPairTypeKey">True</value><value key="w:rFonts">&lt;w:rFonts w:ascii=&quot;Times New Roman&quot; w:hAnsi=&quot;Times New Roman&quot;/&gt;</value><value key="Parent: w:rFonts">w:r</value><value key="FontName">Times New Roman</value><value key="w:color">&lt;w:color w:val=&quot;000000&quot;/&gt;</value><value key="Parent: w:color">w:r</value><value key="TextColor">000000</value><value key="w:sz">&lt;w:sz w:val=&quot;24&quot;/&gt;</value><value key="Parent: w:sz">w:r</value><value key="FontSize">12</value><value key="w:szCs">&lt;w:szCs w:val=&quot;24&quot;/&gt;</value><value key="Parent: w:szCs">w:r</value></bpt-props><ept name="cf" can-hide="true" word-end="false">&lt;/cf&gt;</ept><fmt id="5"/></tag><tag id="392"><bpt name="cf" can-hide="true" word-end="false">&lt;cf font=Times New Roman&gt;</bpt><bpt-props><value key="StartTag">w:rPr</value><value key="ParentTag">w:r</value><value key="ContentFormattingTagPairTypeKey">True</value><value key="w:rFonts">&lt;w:rFonts w:ascii=&quot;Times New Roman&quot; w:hAnsi=&quot;Times New Roman&quot;/&gt;</value><value key="Parent: w:rFonts">w:r</value><value key="FontName">Times New Roman</value><value key="Parent: w:sz">w:r</value><value key="Parent: w:szCs">w:r</value></bpt-props><ept name="cf" can-hide="true" word-end="false">&lt;/cf&gt;</ept><fmt id="8"/></tag><tag id="398"><bpt name="cf" can-hide="true" word-end="false">&lt;cf font=Times New Roman&gt;</bpt><bpt-props><value key="StartTag">w:rPr</value><value key="ParentTag">w:r</value><value key="ContentFormattingTagPairTypeKey">True</value><value key="w:rFonts">&lt;w:rFonts w:ascii=&quot;Times New Roman&quot; w:hAnsi=&quot;Times New Roman&quot;/&gt;</value><value key="Parent: w:rFonts">w:r</value><value key="FontName">Times New Roman</value><value key="Parent: w:sz">w:r</value><value key="SDL:AutoCloned">True</value><value key="Parent: w:szCs">w:r</value></bpt-props><ept name="cf" can-hide="true" word-end="false">&lt;/cf&gt;</ept><fmt id="8"/></tag><tag id="395"><bpt name="cf" can-hide="true" word-end="false">&lt;cf size=12&gt;</bpt><bpt-props><value key="StartTag">w:rPr</value><value key="ParentTag">w:r</value><value key="ContentFormattingTagPairTypeKey">True</value><value key="w:sz">&lt;w:sz w:val=&quot;24&quot;/&gt;</value><value key="Parent: w:sz">w:r</value><value key="FontSize">12</value><value key="w:szCs">&lt;w:szCs w:val=&quot;24&quot;/&gt;</value><value key="Parent: w:szCs">w:r</value><value key="SDL:AutoCloned">True</value></bpt-props><ept name="cf" can-hide="true" word-end="false">&lt;/cf&gt;</ept><fmt id="12"/></tag><tag id="401"><bpt name="cf" can-hide="true" word-end="false">&lt;cf font=Times New Roman bold=True color=000000 size=12&gt;</bpt><bpt-props><value key="StartTag">w:rPr</value><value key="ParentTag">w:r</value><value key="ContentFormattingTagPairTypeKey">True</value><value key="w:rFonts">&lt;w:rFonts w:ascii=&quot;Times New Roman&quot; w:hAnsi=&quot;Times New Roman&quot;/&gt;</value><value key="Parent: w:rFonts">w:r</value><value key="FontName">Times New Roman</value><value key="w:b">&lt;w:b/&gt;</value><value key="Parent: w:b">w:r</value><value key="Bold">True</value><value key="w:color">&lt;w:color w:val=&quot;000000&quot;/&gt;</value><value key="Parent: w:color">w:r</value><value key="TextColor">000000</value><value key="w:sz">&lt;w:sz w:val=&quot;24&quot;/&gt;</value><value key="Parent: w:sz">w:r</value><value key="FontSize">12</value><value key="w:szCs">&lt;w:szCs w:val=&quot;24&quot;/&gt;</value><value key="Parent: w:szCs">w:r</value></bpt-props><ept name="cf" can-hide="true" word-end="false">&lt;/cf&gt;</ept><fmt id="6"/></tag><tag id="404"><bpt name="cf" can-hide="true" word-end="false">&lt;cf font=Times New Roman color=000000 size=12&gt;</bpt><bpt-props><value key="StartTag">w:rPr</value><value key="ParentTag">w:r</value><value key="ContentFormattingTagPairTypeKey">True</value><value key="w:rFonts">&lt;w:rFonts w:ascii=&quot;Times New Roman&quot; w:hAnsi=&quot;Times New Roman&quot;/&gt;</value><value key="Parent: w:rFonts">w:r</value><value key="FontName">Times New Roman</value><value key="w:color">&lt;w:color w:val=&quot;000000&quot;/&gt;</value><value key="Parent: w:color">w:r</value><value key="TextColor">000000</value><value key="w:sz">&lt;w:sz w:val=&quot;24&quot;/&gt;</value><value key="Parent: w:sz">w:r</value><value key="FontSize">12</value><value key="w:szCs">&lt;w:szCs w:val=&quot;24&quot;/&gt;</value><value key="Parent: w:szCs">w:r</value><value key="SDL:AutoCloned">True</value></bpt-props><ept name="cf" can-hide="true" word-end="false">&lt;/cf&gt;</ept><fmt id="5"/></tag><tag id="438"><bpt name="hyperlink" seg-hint="Include" word-end="false"><sub xid="3f62819c-62c4-4c85-af4f-8425f8ac83ab"></sub>&lt;hyperlink value=&quot;mailto:privacy.compliance.ccs@utc.com&quot;&gt;</bpt><bpt-props><value key="r:id">rId11</value><value key="Target">mailto:privacy.compliance.ccs@utc.com</value><value key="w:history">1</value><value key="HFILE">document.xml</value><value key="TagType">Hyperlink</value><value key="w:rStyle">&lt;w:rStyle w:val=&quot;Hyperlink&quot;/&gt;</value><value key="rStyle">Hyperlink</value><value key="w:rFonts">&lt;w:rFonts w:ascii=&quot;Times New Roman&quot; w:hAnsi=&quot;Times New Roman&quot;/&gt;</value><value key="w:sz">&lt;w:sz w:val=&quot;24&quot;/&gt;</value><value key="w:szCs">&lt;w:szCs w:val=&quot;24&quot;/&gt;</value></bpt-props><ept name="hyperlink" word-end="false">&lt;/hyperlink&gt;</ept><fmt id="11"/></tag><tag id="444"><bpt name="cf" can-hide="true" word-end="false">&lt;cf font=Times New Roman color=000000 size=12&gt;</bpt><bpt-props><value key="StartTag">w:rPr</value><value key="ParentTag">w:r</value><value key="ContentFormattingTagPairTypeKey">True</value><value key="w:rFonts">&lt;w:rFonts w:ascii=&quot;Times New Roman&quot; w:hAnsi=&quot;Times New Roman&quot;/&gt;</value><value key="Parent: w:rFonts">w:r</value><value key="FontName">Times New Roman</value><value key="w:color">&lt;w:color w:val=&quot;000000&quot;/&gt;</value><value key="Parent: w:color">w:r</value><value key="TextColor">000000</value><value key="w:sz">&lt;w:sz w:val=&quot;24&quot;/&gt;</value><value key="Parent: w:sz">w:r</value><value key="FontSize">12</value><value key="w:szCs">&lt;w:szCs w:val=&quot;24&quot;/&gt;</value><value key="Parent: w:szCs">w:r</value><value key="SDL:AutoCloned">True</value></bpt-props><ept name="cf" can-hide="true" word-end="false">&lt;/cf&gt;</ept><fmt id="5"/></tag><tag id="462"><bpt name="cf" can-hide="true" word-end="false">&lt;cf font=Times New Roman bold=True color=000000 size=12&gt;</bpt><bpt-props><value key="StartTag">w:rPr</value><value key="ParentTag">w:r</value><value key="ContentFormattingTagPairTypeKey">True</value><value key="w:rFonts">&lt;w:rFonts w:ascii=&quot;Times New Roman&quot; w:hAnsi=&quot;Times New Roman&quot;/&gt;</value><value key="Parent: w:rFonts">w:r</value><value key="FontName">Times New Roman</value><value key="w:b">&lt;w:b/&gt;</value><value key="Parent: w:b">w:r</value><value key="Bold">True</value><value key="w:color">&lt;w:color w:val=&quot;000000&quot;/&gt;</value><value key="Parent: w:color">w:r</value><value key="TextColor">000000</value><value key="w:sz">&lt;w:sz w:val=&quot;24&quot;/&gt;</value><value key="Parent: w:sz">w:r</value><value key="FontSize">12</value><value key="w:szCs">&lt;w:szCs w:val=&quot;24&quot;/&gt;</value><value key="Parent: w:szCs">w:r</value></bpt-props><ept name="cf" can-hide="true" word-end="false">&lt;/cf&gt;</ept><fmt id="6"/></tag><tag id="471"><bpt name="cf" can-hide="true" word-end="false">&lt;cf font=Times New Roman color=000000 size=12&gt;</bpt><bpt-props><value key="StartTag">w:rPr</value><value key="ParentTag">w:r</value><value key="ContentFormattingTagPairTypeKey">True</value><value key="w:rFonts">&lt;w:rFonts w:ascii=&quot;Times New Roman&quot; w:hAnsi=&quot;Times New Roman&quot;/&gt;</value><value key="Parent: w:rFonts">w:r</value><value key="FontName">Times New Roman</value><value key="w:color">&lt;w:color w:val=&quot;000000&quot;/&gt;</value><value key="Parent: w:color">w:r</value><value key="TextColor">000000</value><value key="w:sz">&lt;w:sz w:val=&quot;24&quot;/&gt;</value><value key="Parent: w:sz">w:r</value><value key="FontSize">12</value><value key="w:szCs">&lt;w:szCs w:val=&quot;24&quot;/&gt;</value><value key="Parent: w:szCs">w:r</value></bpt-props><ept name="cf" can-hide="true" word-end="false">&lt;/cf&gt;</ept><fmt id="5"/></tag><tag id="507"><bpt name="cf" can-hide="true" word-end="false">&lt;cf font=Times New Roman color=000000 size=12&gt;</bpt><bpt-props><value key="StartTag">w:rPr</value><value key="ParentTag">w:r</value><value key="ContentFormattingTagPairTypeKey">True</value><value key="w:rFonts">&lt;w:rFonts w:ascii=&quot;Times New Roman&quot; w:hAnsi=&quot;Times New Roman&quot;/&gt;</value><value key="Parent: w:rFonts">w:r</value><value key="FontName">Times New Roman</value><value key="w:color">&lt;w:color w:val=&quot;000000&quot;/&gt;</value><value key="Parent: w:color">w:r</value><value key="TextColor">000000</value><value key="w:sz">&lt;w:sz w:val=&quot;24&quot;/&gt;</value><value key="Parent: w:sz">w:r</value><value key="FontSize">12</value><value key="w:szCs">&lt;w:szCs w:val=&quot;24&quot;/&gt;</value><value key="Parent: w:szCs">w:r</value></bpt-props><ept name="cf" can-hide="true" word-end="false">&lt;/cf&gt;</ept><fmt id="5"/></tag><tag id="522"><bpt name="cf" can-hide="true" word-end="false">&lt;cf font=Times New Roman color=000000 size=12&gt;</bpt><bpt-props><value key="StartTag">w:rPr</value><value key="ParentTag">w:r</value><value key="ContentFormattingTagPairTypeKey">True</value><value key="w:rFonts">&lt;w:rFonts w:ascii=&quot;Times New Roman&quot; w:hAnsi=&quot;Times New Roman&quot;/&gt;</value><value key="Parent: w:rFonts">w:r</value><value key="FontName">Times New Roman</value><value key="w:color">&lt;w:color w:val=&quot;000000&quot;/&gt;</value><value key="Parent: w:color">w:r</value><value key="TextColor">000000</value><value key="w:sz">&lt;w:sz w:val=&quot;24&quot;/&gt;</value><value key="Parent: w:sz">w:r</value><value key="FontSize">12</value><value key="w:szCs">&lt;w:szCs w:val=&quot;24&quot;/&gt;</value><value key="Parent: w:szCs">w:r</value></bpt-props><ept name="cf" can-hide="true" word-end="false">&lt;/cf&gt;</ept><fmt id="5"/></tag><tag id="537"><bpt name="cf" can-hide="true" word-end="false">&lt;cf font=Times New Roman color=000000 size=12&gt;</bpt><bpt-props><value key="StartTag">w:rPr</value><value key="ParentTag">w:r</value><value key="ContentFormattingTagPairTypeKey">True</value><value key="w:rFonts">&lt;w:rFonts w:ascii=&quot;Times New Roman&quot; w:hAnsi=&quot;Times New Roman&quot;/&gt;</value><value key="Parent: w:rFonts">w:r</value><value key="FontName">Times New Roman</value><value key="w:color">&lt;w:color w:val=&quot;000000&quot;/&gt;</value><value key="Parent: w:color">w:r</value><value key="TextColor">000000</value><value key="w:sz">&lt;w:sz w:val=&quot;24&quot;/&gt;</value><value key="Parent: w:sz">w:r</value><value key="FontSize">12</value><value key="w:szCs">&lt;w:szCs w:val=&quot;24&quot;/&gt;</value><value key="Parent: w:szCs">w:r</value></bpt-props><ept name="cf" can-hide="true" word-end="false">&lt;/cf&gt;</ept><fmt id="5"/></tag><tag id="540"><bpt name="cf" can-hide="true" word-end="false">&lt;cf font=Times New Roman color=000000 size=12&gt;</bpt><bpt-props><value key="StartTag">w:rPr</value><value key="ParentTag">w:r</value><value key="ContentFormattingTagPairTypeKey">True</value><value key="w:rFonts">&lt;w:rFonts w:ascii=&quot;Times New Roman&quot; w:hAnsi=&quot;Times New Roman&quot;/&gt;</value><value key="Parent: w:rFonts">w:r</value><value key="FontName">Times New Roman</value><value key="w:color">&lt;w:color w:val=&quot;000000&quot;/&gt;</value><value key="Parent: w:color">w:r</value><value key="TextColor">000000</value><value key="w:sz">&lt;w:sz w:val=&quot;24&quot;/&gt;</value><value key="Parent: w:sz">w:r</value><value key="FontSize">12</value><value key="w:szCs">&lt;w:szCs w:val=&quot;24&quot;/&gt;</value><value key="Parent: w:szCs">w:r</value></bpt-props><ept name="cf" can-hide="true" word-end="false">&lt;/cf&gt;</ept><fmt id="5"/></tag><tag id="543"><bpt name="cf" can-hide="true" word-end="false">&lt;cf font=Times New Roman color=000000 size=12&gt;</bpt><bpt-props><value key="StartTag">w:rPr</value><value key="ParentTag">w:r</value><value key="ContentFormattingTagPairTypeKey">True</value><value key="w:rFonts">&lt;w:rFonts w:ascii=&quot;Times New Roman&quot; w:hAnsi=&quot;Times New Roman&quot;/&gt;</value><value key="Parent: w:rFonts">w:r</value><value key="FontName">Times New Roman</value><value key="w:color">&lt;w:color w:val=&quot;000000&quot;/&gt;</value><value key="Parent: w:color">w:r</value><value key="TextColor">000000</value><value key="w:sz">&lt;w:sz w:val=&quot;24&quot;/&gt;</value><value key="Parent: w:sz">w:r</value><value key="FontSize">12</value><value key="w:szCs">&lt;w:szCs w:val=&quot;24&quot;/&gt;</value><value key="Parent: w:szCs">w:r</value></bpt-props><ept name="cf" can-hide="true" word-end="false">&lt;/cf&gt;</ept><fmt id="5"/></tag><tag id="549"><bpt name="cf" can-hide="true" word-end="false">&lt;cf font=Times New Roman color=000000 size=12&gt;</bpt><bpt-props><value key="StartTag">w:rPr</value><value key="ParentTag">w:r</value><value key="ContentFormattingTagPairTypeKey">True</value><value key="w:rFonts">&lt;w:rFonts w:ascii=&quot;Times New Roman&quot; w:hAnsi=&quot;Times New Roman&quot;/&gt;</value><value key="Parent: w:rFonts">w:r</value><value key="FontName">Times New Roman</value><value key="w:color">&lt;w:color w:val=&quot;000000&quot;/&gt;</value><value key="Parent: w:color">w:r</value><value key="TextColor">000000</value><value key="w:sz">&lt;w:sz w:val=&quot;24&quot;/&gt;</value><value key="Parent: w:sz">w:r</value><value key="FontSize">12</value><value key="w:szCs">&lt;w:szCs w:val=&quot;24&quot;/&gt;</value><value key="Parent: w:szCs">w:r</value></bpt-props><ept name="cf" can-hide="true" word-end="false">&lt;/cf&gt;</ept><fmt id="5"/></tag><tag id="555"><bpt name="cf" can-hide="true" word-end="false">&lt;cf font=Times New Roman color=000000 size=12&gt;</bpt><bpt-props><value key="StartTag">w:rPr</value><value key="ParentTag">w:r</value><value key="ContentFormattingTagPairTypeKey">True</value><value key="w:rFonts">&lt;w:rFonts w:ascii=&quot;Times New Roman&quot; w:hAnsi=&quot;Times New Roman&quot;/&gt;</value><value key="Parent: w:rFonts">w:r</value><value key="FontName">Times New Roman</value><value key="w:color">&lt;w:color w:val=&quot;000000&quot;/&gt;</value><value key="Parent: w:color">w:r</value><value key="TextColor">000000</value><value key="w:sz">&lt;w:sz w:val=&quot;24&quot;/&gt;</value><value key="Parent: w:sz">w:r</value><value key="FontSize">12</value><value key="w:szCs">&lt;w:szCs w:val=&quot;24&quot;/&gt;</value><value key="Parent: w:szCs">w:r</value></bpt-props><ept name="cf" can-hide="true" word-end="false">&lt;/cf&gt;</ept><fmt id="5"/></tag><tag id="579"><bpt name="cf" can-hide="true" word-end="false">&lt;cf font=Times New Roman bold=True color=000000 size=12&gt;</bpt><bpt-props><value key="StartTag">w:rPr</value><value key="ParentTag">w:r</value><value key="ContentFormattingTagPairTypeKey">True</value><value key="w:rFonts">&lt;w:rFonts w:ascii=&quot;Times New Roman&quot; w:hAnsi=&quot;Times New Roman&quot;/&gt;</value><value key="Parent: w:rFonts">w:r</value><value key="FontName">Times New Roman</value><value key="w:b">&lt;w:b/&gt;</value><value key="Parent: w:b">w:r</value><value key="Bold">True</value><value key="w:color">&lt;w:color w:val=&quot;000000&quot;/&gt;</value><value key="Parent: w:color">w:r</value><value key="TextColor">000000</value><value key="w:sz">&lt;w:sz w:val=&quot;24&quot;/&gt;</value><value key="Parent: w:sz">w:r</value><value key="FontSize">12</value><value key="w:szCs">&lt;w:szCs w:val=&quot;24&quot;/&gt;</value><value key="Parent: w:szCs">w:r</value></bpt-props><ept name="cf" can-hide="true" word-end="false">&lt;/cf&gt;</ept><fmt id="6"/></tag><tag id="585"><bpt name="cf" can-hide="true" word-end="false">&lt;cf bold=True&gt;</bpt><bpt-props><value key="StartTag">w:rPr</value><value key="ParentTag">w:r</value><value key="ContentFormattingTagPairTypeKey">True</value><value key="w:b">&lt;w:b/&gt;</value><value key="Parent: w:b">w:r</value><value key="Bold">True</value></bpt-props><ept name="cf" can-hide="true" word-end="false">&lt;/cf&gt;</ept><fmt id="4"/></tag><tag id="592"><bpt name="hyperlink" seg-hint="Include" word-end="false"><sub xid="6311b396-2201-412d-a4f8-7aaf9c619f6a"></sub>&lt;hyperlink value=&quot;mailto:privacy.compliance.ccs@utc.com&quot;&gt;</bpt><bpt-props><value key="r:id">rId12</value><value key="Target">mailto:privacy.compliance.ccs@utc.com</value><value key="w:history">1</value><value key="HFILE">document.xml</value><value key="TagType">Hyperlink</value><value key="w:rStyle">&lt;w:rStyle w:val=&quot;Hyperlink&quot;/&gt;</value><value key="rStyle">Hyperlink</value></bpt-props><ept name="hyperlink" word-end="false">&lt;/hyperlink&gt;</ept><fmt id="13"/></tag><tag id="598"><bpt name="cf" can-hide="true" word-end="false">&lt;cf font=Times New Roman bold=True color=000000 size=12&gt;</bpt><bpt-props><value key="StartTag">w:rPr</value><value key="ParentTag">w:r</value><value key="ContentFormattingTagPairTypeKey">True</value><value key="w:rFonts">&lt;w:rFonts w:ascii=&quot;Times New Roman&quot; w:hAnsi=&quot;Times New Roman&quot;/&gt;</value><value key="Parent: w:rFonts">w:r</value><value key="FontName">Times New Roman</value><value key="w:b">&lt;w:b/&gt;</value><value key="Parent: w:b">w:r</value><value key="Bold">True</value><value key="w:color">&lt;w:color w:val=&quot;000000&quot;/&gt;</value><value key="Parent: w:color">w:r</value><value key="TextColor">000000</value><value key="w:sz">&lt;w:sz w:val=&quot;24&quot;/&gt;</value><value key="Parent: w:sz">w:r</value><value key="FontSize">12</value><value key="w:szCs">&lt;w:szCs w:val=&quot;24&quot;/&gt;</value><value key="Parent: w:szCs">w:r</value></bpt-props><ept name="cf" can-hide="true" word-end="false">&lt;/cf&gt;</ept><fmt id="6"/></tag><tag id="601"><bpt name="cf" can-hide="true" word-end="false">&lt;cf font=Times New Roman color=000000 size=12&gt;</bpt><bpt-props><value key="StartTag">w:rPr</value><value key="ParentTag">w:r</value><value key="ContentFormattingTagPairTypeKey">True</value><value key="w:rFonts">&lt;w:rFonts w:ascii=&quot;Times New Roman&quot; w:hAnsi=&quot;Times New Roman&quot;/&gt;</value><value key="Parent: w:rFonts">w:r</value><value key="FontName">Times New Roman</value><value key="w:color">&lt;w:color w:val=&quot;000000&quot;/&gt;</value><value key="Parent: w:color">w:r</value><value key="TextColor">000000</value><value key="w:sz">&lt;w:sz w:val=&quot;24&quot;/&gt;</value><value key="Parent: w:sz">w:r</value><value key="FontSize">12</value><value key="w:szCs">&lt;w:szCs w:val=&quot;24&quot;/&gt;</value><value key="Parent: w:szCs">w:r</value></bpt-props><ept name="cf" can-hide="true" word-end="false">&lt;/cf&gt;</ept><fmt id="5"/></tag><tag id="664"><bpt name="cf" can-hide="true" word-end="false">&lt;cf font=Times New Roman bold=True color=000000 size=12&gt;</bpt><bpt-props><value key="StartTag">w:rPr</value><value key="ParentTag">w:r</value><value key="ContentFormattingTagPairTypeKey">True</value><value key="w:rFonts">&lt;w:rFonts w:ascii=&quot;Times New Roman&quot; w:hAnsi=&quot;Times New Roman&quot;/&gt;</value><value key="Parent: w:rFonts">w:r</value><value key="FontName">Times New Roman</value><value key="w:b">&lt;w:b/&gt;</value><value key="Parent: w:b">w:r</value><value key="Bold">True</value><value key="w:color">&lt;w:color w:val=&quot;000000&quot;/&gt;</value><value key="Parent: w:color">w:r</value><value key="TextColor">000000</value><value key="w:sz">&lt;w:sz w:val=&quot;24&quot;/&gt;</value><value key="Parent: w:sz">w:r</value><value key="FontSize">12</value><value key="w:szCs">&lt;w:szCs w:val=&quot;24&quot;/&gt;</value><value key="Parent: w:szCs">w:r</value></bpt-props><ept name="cf" can-hide="true" word-end="false">&lt;/cf&gt;</ept><fmt id="6"/></tag><tag id="679"><bpt name="cf" can-hide="true" word-end="false">&lt;cf font=Times New Roman bold=True italic=True color=000000 size=12&gt;</bpt><bpt-props><value key="StartTag">w:rPr</value><value key="ParentTag">w:r</value><value key="ContentFormattingTagPairTypeKey">True</value><value key="w:rFonts">&lt;w:rFonts w:ascii=&quot;Times New Roman&quot; w:hAnsi=&quot;Times New Roman&quot;/&gt;</value><value key="Parent: w:rFonts">w:r</value><value key="FontName">Times New Roman</value><value key="w:b">&lt;w:b/&gt;</value><value key="Parent: w:b">w:r</value><value key="Bold">True</value><value key="w:i">&lt;w:i/&gt;</value><value key="Parent: w:i">w:r</value><value key="Italic">True</value><value key="w:color">&lt;w:color w:val=&quot;000000&quot;/&gt;</value><value key="Parent: w:color">w:r</value><value key="TextColor">000000</value><value key="w:sz">&lt;w:sz w:val=&quot;24&quot;/&gt;</value><value key="Parent: w:sz">w:r</value><value key="FontSize">12</value><value key="w:szCs">&lt;w:szCs w:val=&quot;24&quot;/&gt;</value><value key="Parent: w:szCs">w:r</value></bpt-props><ept name="cf" can-hide="true" word-end="false">&lt;/cf&gt;</ept><fmt id="14"/></tag><tag id="682"><bpt name="cf" can-hide="true" word-end="false">&lt;cf font=Times New Roman color=000000 size=12&gt;</bpt><bpt-props><value key="StartTag">w:rPr</value><value key="ParentTag">w:r</value><value key="ContentFormattingTagPairTypeKey">True</value><value key="w:rFonts">&lt;w:rFonts w:ascii=&quot;Times New Roman&quot; w:hAnsi=&quot;Times New Roman&quot;/&gt;</value><value key="Parent: w:rFonts">w:r</value><value key="FontName">Times New Roman</value><value key="w:color">&lt;w:color w:val=&quot;000000&quot;/&gt;</value><value key="Parent: w:color">w:r</value><value key="TextColor">000000</value><value key="w:sz">&lt;w:sz w:val=&quot;24&quot;/&gt;</value><value key="Parent: w:sz">w:r</value><value key="FontSize">12</value><value key="w:szCs">&lt;w:szCs w:val=&quot;24&quot;/&gt;</value><value key="Parent: w:szCs">w:r</value></bpt-props><ept name="cf" can-hide="true" word-end="false">&lt;/cf&gt;</ept><fmt id="5"/></tag><tag id="823"><bpt name="cf" can-hide="true" word-end="false">&lt;cf font=Times New Roman color=000000 size=12&gt;</bpt><bpt-props><value key="StartTag">w:rPr</value><value key="ParentTag">w:r</value><value key="ContentFormattingTagPairTypeKey">True</value><value key="w:rFonts">&lt;w:rFonts w:ascii=&quot;Times New Roman&quot; w:hAnsi=&quot;Times New Roman&quot;/&gt;</value><value key="Parent: w:rFonts">w:r</value><value key="FontName">Times New Roman</value><value key="w:color">&lt;w:color w:val=&quot;000000&quot;/&gt;</value><value key="Parent: w:color">w:r</value><value key="TextColor">000000</value><value key="w:sz">&lt;w:sz w:val=&quot;24&quot;/&gt;</value><value key="Parent: w:sz">w:r</value><value key="FontSize">12</value><value key="w:szCs">&lt;w:szCs w:val=&quot;24&quot;/&gt;</value><value key="Parent: w:szCs">w:r</value></bpt-props><ept name="cf" can-hide="true" word-end="false">&lt;/cf&gt;</ept><fmt id="5"/></tag><tag id="838"><bpt name="cf" can-hide="true" word-end="false">&lt;cf font=Times New Roman bold=True italic=True color=000000 size=12&gt;</bpt><bpt-props><value key="StartTag">w:rPr</value><value key="ParentTag">w:r</value><value key="ContentFormattingTagPairTypeKey">True</value><value key="w:rFonts">&lt;w:rFonts w:ascii=&quot;Times New Roman&quot; w:hAnsi=&quot;Times New Roman&quot;/&gt;</value><value key="Parent: w:rFonts">w:r</value><value key="FontName">Times New Roman</value><value key="w:b">&lt;w:b/&gt;</value><value key="Parent: w:b">w:r</value><value key="Bold">True</value><value key="w:i">&lt;w:i/&gt;</value><value key="Parent: w:i">w:r</value><value key="Italic">True</value><value key="w:color">&lt;w:color w:val=&quot;000000&quot;/&gt;</value><value key="Parent: w:color">w:r</value><value key="TextColor">000000</value><value key="w:sz">&lt;w:sz w:val=&quot;24&quot;/&gt;</value><value key="Parent: w:sz">w:r</value><value key="FontSize">12</value><value key="w:szCs">&lt;w:szCs w:val=&quot;24&quot;/&gt;</value><value key="Parent: w:szCs">w:r</value></bpt-props><ept name="cf" can-hide="true" word-end="false">&lt;/cf&gt;</ept><fmt id="14"/></tag><tag id="841"><bpt name="cf" can-hide="true" word-end="false">&lt;cf font=Times New Roman color=000000 size=12&gt;</bpt><bpt-props><value key="StartTag">w:rPr</value><value key="ParentTag">w:r</value><value key="ContentFormattingTagPairTypeKey">True</value><value key="w:rFonts">&lt;w:rFonts w:ascii=&quot;Times New Roman&quot; w:hAnsi=&quot;Times New Roman&quot;/&gt;</value><value key="Parent: w:rFonts">w:r</value><value key="FontName">Times New Roman</value><value key="w:color">&lt;w:color w:val=&quot;000000&quot;/&gt;</value><value key="Parent: w:color">w:r</value><value key="TextColor">000000</value><value key="w:sz">&lt;w:sz w:val=&quot;24&quot;/&gt;</value><value key="Parent: w:sz">w:r</value><value key="FontSize">12</value><value key="w:szCs">&lt;w:szCs w:val=&quot;24&quot;/&gt;</value><value key="Parent: w:szCs">w:r</value><value key="SDL:AutoCloned">True</value></bpt-props><ept name="cf" can-hide="true" word-end="false">&lt;/cf&gt;</ept><fmt id="5"/></tag><tag id="854"><bpt name="hyperlink" seg-hint="Include" word-end="false"><sub xid="839a222a-66fb-4b80-acab-d76c43d0c61c"></sub>&lt;hyperlink value=&quot;http://www.webopedia.com/TERM/W/Web_site.html&quot;&gt;</bpt><bpt-props><value key="r:id">rId13</value><value key="Target">http://www.webopedia.com/TERM/W/Web_site.html</value><value key="w:history">1</value><value key="HFILE">document.xml</value><value key="TagType">Hyperlink</value><value key="w:rStyle">&lt;w:rStyle w:val=&quot;Hyperlink&quot;/&gt;</value><value key="rStyle">Hyperlink</value><value key="w:rFonts">&lt;w:rFonts w:ascii=&quot;Times New Roman&quot; w:hAnsi=&quot;Times New Roman&quot;/&gt;</value><value key="w:sz">&lt;w:sz w:val=&quot;24&quot;/&gt;</value><value key="w:szCs">&lt;w:szCs w:val=&quot;24&quot;/&gt;</value></bpt-props><ept name="hyperlink" word-end="false">&lt;/hyperlink&gt;</ept><fmt id="11"/></tag><tag id="860"><bpt name="cf" can-hide="true" word-end="false">&lt;cf font=Times New Roman color=000000 size=12&gt;</bpt><bpt-props><value key="StartTag">w:rPr</value><value key="ParentTag">w:r</value><value key="ContentFormattingTagPairTypeKey">True</value><value key="w:rFonts">&lt;w:rFonts w:ascii=&quot;Times New Roman&quot; w:hAnsi=&quot;Times New Roman&quot;/&gt;</value><value key="Parent: w:rFonts">w:r</value><value key="FontName">Times New Roman</value><value key="w:color">&lt;w:color w:val=&quot;000000&quot;/&gt;</value><value key="Parent: w:color">w:r</value><value key="TextColor">000000</value><value key="w:sz">&lt;w:sz w:val=&quot;24&quot;/&gt;</value><value key="Parent: w:sz">w:r</value><value key="FontSize">12</value><value key="w:szCs">&lt;w:szCs w:val=&quot;24&quot;/&gt;</value><value key="Parent: w:szCs">w:r</value><value key="SDL:AutoCloned">True</value></bpt-props><ept name="cf" can-hide="true" word-end="false">&lt;/cf&gt;</ept><fmt id="5"/></tag><tag id="876"><bpt name="hyperlink" seg-hint="Include" word-end="false"><sub xid="116646bb-d449-445f-83be-f9bb1f1630ca"></sub>&lt;hyperlink value=&quot;http://www.webopedia.com/TERM/C/cookie.html&quot;&gt;</bpt><bpt-props><value key="r:id">rId14</value><value key="Target">http://www.webopedia.com/TERM/C/cookie.html</value><value key="w:history">1</value><value key="HFILE">document.xml</value><value key="TagType">Hyperlink</value><value key="w:rStyle">&lt;w:rStyle w:val=&quot;Hyperlink&quot;/&gt;</value><value key="rStyle">Hyperlink</value><value key="w:rFonts">&lt;w:rFonts w:ascii=&quot;Times New Roman&quot; w:hAnsi=&quot;Times New Roman&quot;/&gt;</value><value key="w:sz">&lt;w:sz w:val=&quot;24&quot;/&gt;</value><value key="w:szCs">&lt;w:szCs w:val=&quot;24&quot;/&gt;</value></bpt-props><ept name="hyperlink" word-end="false">&lt;/hyperlink&gt;</ept><fmt id="11"/></tag><tag id="882"><bpt name="cf" can-hide="true" word-end="false">&lt;cf font=Times New Roman color=000000 size=12&gt;</bpt><bpt-props><value key="StartTag">w:rPr</value><value key="ParentTag">w:r</value><value key="ContentFormattingTagPairTypeKey">True</value><value key="w:rFonts">&lt;w:rFonts w:ascii=&quot;Times New Roman&quot; w:hAnsi=&quot;Times New Roman&quot;/&gt;</value><value key="Parent: w:rFonts">w:r</value><value key="FontName">Times New Roman</value><value key="w:color">&lt;w:color w:val=&quot;000000&quot;/&gt;</value><value key="Parent: w:color">w:r</value><value key="TextColor">000000</value><value key="w:sz">&lt;w:sz w:val=&quot;24&quot;/&gt;</value><value key="Parent: w:sz">w:r</value><value key="FontSize">12</value><value key="w:szCs">&lt;w:szCs w:val=&quot;24&quot;/&gt;</value><value key="Parent: w:szCs">w:r</value><value key="SDL:AutoCloned">True</value></bpt-props><ept name="cf" can-hide="true" word-end="false">&lt;/cf&gt;</ept><fmt id="5"/></tag><tag id="909"><bpt name="cf" can-hide="true" word-end="false">&lt;cf font=Times New Roman color=000000 size=12&gt;</bpt><bpt-props><value key="StartTag">w:rPr</value><value key="ParentTag">w:r</value><value key="ContentFormattingTagPairTypeKey">True</value><value key="w:rFonts">&lt;w:rFonts w:ascii=&quot;Times New Roman&quot; w:hAnsi=&quot;Times New Roman&quot;/&gt;</value><value key="Parent: w:rFonts">w:r</value><value key="FontName">Times New Roman</value><value key="w:color">&lt;w:color w:val=&quot;000000&quot;/&gt;</value><value key="Parent: w:color">w:r</value><value key="TextColor">000000</value><value key="w:sz">&lt;w:sz w:val=&quot;24&quot;/&gt;</value><value key="Parent: w:sz">w:r</value><value key="FontSize">12</value><value key="w:szCs">&lt;w:szCs w:val=&quot;24&quot;/&gt;</value><value key="Parent: w:szCs">w:r</value></bpt-props><ept name="cf" can-hide="true" word-end="false">&lt;/cf&gt;</ept><fmt id="5"/></tag><tag id="918"><bpt name="cf" can-hide="true" word-end="false">&lt;cf font=Times New Roman color=000000 size=12&gt;</bpt><bpt-props><value key="StartTag">w:rPr</value><value key="ParentTag">w:r</value><value key="ContentFormattingTagPairTypeKey">True</value><value key="w:rFonts">&lt;w:rFonts w:ascii=&quot;Times New Roman&quot; w:hAnsi=&quot;Times New Roman&quot;/&gt;</value><value key="Parent: w:rFonts">w:r</value><value key="FontName">Times New Roman</value><value key="w:color">&lt;w:color w:val=&quot;000000&quot;/&gt;</value><value key="Parent: w:color">w:r</value><value key="TextColor">000000</value><value key="w:sz">&lt;w:sz w:val=&quot;24&quot;/&gt;</value><value key="Parent: w:sz">w:r</value><value key="FontSize">12</value><value key="w:szCs">&lt;w:szCs w:val=&quot;24&quot;/&gt;</value><value key="Parent: w:szCs">w:r</value></bpt-props><ept name="cf" can-hide="true" word-end="false">&lt;/cf&gt;</ept><fmt id="5"/></tag><tag id="927"><bpt name="cf" can-hide="true" word-end="false">&lt;cf font=Times New Roman color=000000 size=12&gt;</bpt><bpt-props><value key="StartTag">w:rPr</value><value key="ParentTag">w:r</value><value key="ContentFormattingTagPairTypeKey">True</value><value key="w:rFonts">&lt;w:rFonts w:ascii=&quot;Times New Roman&quot; w:hAnsi=&quot;Times New Roman&quot;/&gt;</value><value key="Parent: w:rFonts">w:r</value><value key="FontName">Times New Roman</value><value key="w:color">&lt;w:color w:val=&quot;000000&quot;/&gt;</value><value key="Parent: w:color">w:r</value><value key="TextColor">000000</value><value key="w:sz">&lt;w:sz w:val=&quot;24&quot;/&gt;</value><value key="Parent: w:sz">w:r</value><value key="FontSize">12</value><value key="w:szCs">&lt;w:szCs w:val=&quot;24&quot;/&gt;</value><value key="Parent: w:szCs">w:r</value></bpt-props><ept name="cf" can-hide="true" word-end="false">&lt;/cf&gt;</ept><fmt id="5"/></tag><tag id="930"><bpt name="cf" can-hide="true" word-end="false">&lt;cf font=Times New Roman color=000000 size=12&gt;</bpt><bpt-props><value key="StartTag">w:rPr</value><value key="ParentTag">w:r</value><value key="ContentFormattingTagPairTypeKey">True</value><value key="w:rFonts">&lt;w:rFonts w:ascii=&quot;Times New Roman&quot; w:hAnsi=&quot;Times New Roman&quot;/&gt;</value><value key="Parent: w:rFonts">w:r</value><value key="FontName">Times New Roman</value><value key="w:color">&lt;w:color w:val=&quot;000000&quot;/&gt;</value><value key="Parent: w:color">w:r</value><value key="TextColor">000000</value><value key="w:sz">&lt;w:sz w:val=&quot;24&quot;/&gt;</value><value key="Parent: w:sz">w:r</value><value key="FontSize">12</value><value key="w:szCs">&lt;w:szCs w:val=&quot;24&quot;/&gt;</value><value key="Parent: w:szCs">w:r</value></bpt-props><ept name="cf" can-hide="true" word-end="false">&lt;/cf&gt;</ept><fmt id="5"/></tag><tag id="942"><bpt name="cf" can-hide="true" word-end="false">&lt;cf font=Times New Roman color=000000 size=12&gt;</bpt><bpt-props><value key="StartTag">w:rPr</value><value key="ParentTag">w:r</value><value key="ContentFormattingTagPairTypeKey">True</value><value key="w:rFonts">&lt;w:rFonts w:ascii=&quot;Times New Roman&quot; w:hAnsi=&quot;Times New Roman&quot;/&gt;</value><value key="Parent: w:rFonts">w:r</value><value key="FontName">Times New Roman</value><value key="w:color">&lt;w:color w:val=&quot;000000&quot;/&gt;</value><value key="Parent: w:color">w:r</value><value key="TextColor">000000</value><value key="w:sz">&lt;w:sz w:val=&quot;24&quot;/&gt;</value><value key="Parent: w:sz">w:r</value><value key="FontSize">12</value><value key="w:szCs">&lt;w:szCs w:val=&quot;24&quot;/&gt;</value><value key="Parent: w:szCs">w:r</value></bpt-props><ept name="cf" can-hide="true" word-end="false">&lt;/cf&gt;</ept><fmt id="5"/></tag><tag id="948"><bpt name="cf" can-hide="true" word-end="false">&lt;cf font=Times New Roman bold=True italic=True color=000000 size=12&gt;</bpt><bpt-props><value key="StartTag">w:rPr</value><value key="ParentTag">w:r</value><value key="ContentFormattingTagPairTypeKey">True</value><value key="w:rFonts">&lt;w:rFonts w:ascii=&quot;Times New Roman&quot; w:hAnsi=&quot;Times New Roman&quot;/&gt;</value><value key="Parent: w:rFonts">w:r</value><value key="FontName">Times New Roman</value><value key="w:b">&lt;w:b/&gt;</value><value key="Parent: w:b">w:r</value><value key="Bold">True</value><value key="w:i">&lt;w:i/&gt;</value><value key="Parent: w:i">w:r</value><value key="Italic">True</value><value key="w:color">&lt;w:color w:val=&quot;000000&quot;/&gt;</value><value key="Parent: w:color">w:r</value><value key="TextColor">000000</value><value key="w:sz">&lt;w:sz w:val=&quot;24&quot;/&gt;</value><value key="Parent: w:sz">w:r</value><value key="FontSize">12</value><value key="w:szCs">&lt;w:szCs w:val=&quot;24&quot;/&gt;</value><value key="Parent: w:szCs">w:r</value></bpt-props><ept name="cf" can-hide="true" word-end="false">&lt;/cf&gt;</ept><fmt id="14"/></tag><tag id="951"><bpt name="cf" can-hide="true" word-end="false">&lt;cf font=Times New Roman color=000000 size=12&gt;</bpt><bpt-props><value key="StartTag">w:rPr</value><value key="ParentTag">w:r</value><value key="ContentFormattingTagPairTypeKey">True</value><value key="w:rFonts">&lt;w:rFonts w:ascii=&quot;Times New Roman&quot; w:hAnsi=&quot;Times New Roman&quot;/&gt;</value><value key="Parent: w:rFonts">w:r</value><value key="FontName">Times New Roman</value><value key="w:color">&lt;w:color w:val=&quot;000000&quot;/&gt;</value><value key="Parent: w:color">w:r</value><value key="TextColor">000000</value><value key="w:sz">&lt;w:sz w:val=&quot;24&quot;/&gt;</value><value key="Parent: w:sz">w:r</value><value key="FontSize">12</value><value key="w:szCs">&lt;w:szCs w:val=&quot;24&quot;/&gt;</value><value key="Parent: w:szCs">w:r</value></bpt-props><ept name="cf" can-hide="true" word-end="false">&lt;/cf&gt;</ept><fmt id="5"/></tag><tag id="966"><bpt name="cf" can-hide="true" word-end="false">&lt;cf font=Times New Roman color=000000 size=12&gt;</bpt><bpt-props><value key="StartTag">w:rPr</value><value key="ParentTag">w:r</value><value key="ContentFormattingTagPairTypeKey">True</value><value key="w:rFonts">&lt;w:rFonts w:ascii=&quot;Times New Roman&quot; w:hAnsi=&quot;Times New Roman&quot;/&gt;</value><value key="Parent: w:rFonts">w:r</value><value key="FontName">Times New Roman</value><value key="w:color">&lt;w:color w:val=&quot;000000&quot;/&gt;</value><value key="Parent: w:color">w:r</value><value key="TextColor">000000</value><value key="w:sz">&lt;w:sz w:val=&quot;24&quot;/&gt;</value><value key="Parent: w:sz">w:r</value><value key="FontSize">12</value><value key="w:szCs">&lt;w:szCs w:val=&quot;24&quot;/&gt;</value><value key="Parent: w:szCs">w:r</value></bpt-props><ept name="cf" can-hide="true" word-end="false">&lt;/cf&gt;</ept><fmt id="5"/></tag><tag id="981"><bpt name="cf" can-hide="true" word-end="false">&lt;cf font=Times New Roman color=000000 size=12&gt;</bpt><bpt-props><value key="StartTag">w:rPr</value><value key="ParentTag">w:r</value><value key="ContentFormattingTagPairTypeKey">True</value><value key="w:rFonts">&lt;w:rFonts w:ascii=&quot;Times New Roman&quot; w:hAnsi=&quot;Times New Roman&quot;/&gt;</value><value key="Parent: w:rFonts">w:r</value><value key="FontName">Times New Roman</value><value key="w:color">&lt;w:color w:val=&quot;000000&quot;/&gt;</value><value key="Parent: w:color">w:r</value><value key="TextColor">000000</value><value key="w:sz">&lt;w:sz w:val=&quot;24&quot;/&gt;</value><value key="Parent: w:sz">w:r</value><value key="FontSize">12</value><value key="w:szCs">&lt;w:szCs w:val=&quot;24&quot;/&gt;</value><value key="Parent: w:szCs">w:r</value></bpt-props><ept name="cf" can-hide="true" word-end="false">&lt;/cf&gt;</ept><fmt id="5"/></tag><tag id="984"><bpt name="cf" can-hide="true" word-end="false">&lt;cf font=Times New Roman color=000000 size=12&gt;</bpt><bpt-props><value key="StartTag">w:rPr</value><value key="ParentTag">w:r</value><value key="ContentFormattingTagPairTypeKey">True</value><value key="w:rFonts">&lt;w:rFonts w:ascii=&quot;Times New Roman&quot; w:hAnsi=&quot;Times New Roman&quot;/&gt;</value><value key="Parent: w:rFonts">w:r</value><value key="FontName">Times New Roman</value><value key="w:color">&lt;w:color w:val=&quot;000000&quot;/&gt;</value><value key="Parent: w:color">w:r</value><value key="TextColor">000000</value><value key="w:sz">&lt;w:sz w:val=&quot;24&quot;/&gt;</value><value key="Parent: w:sz">w:r</value><value key="FontSize">12</value><value key="w:szCs">&lt;w:szCs w:val=&quot;24&quot;/&gt;</value><value key="Parent: w:szCs">w:r</value></bpt-props><ept name="cf" can-hide="true" word-end="false">&lt;/cf&gt;</ept><fmt id="5"/></tag><tag id="987"><bpt name="cf" can-hide="true" word-end="false">&lt;cf font=Times New Roman color=000000 size=12&gt;</bpt><bpt-props><value key="StartTag">w:rPr</value><value key="ParentTag">w:r</value><value key="ContentFormattingTagPairTypeKey">True</value><value key="w:rFonts">&lt;w:rFonts w:ascii=&quot;Times New Roman&quot; w:hAnsi=&quot;Times New Roman&quot;/&gt;</value><value key="Parent: w:rFonts">w:r</value><value key="FontName">Times New Roman</value><value key="w:color">&lt;w:color w:val=&quot;000000&quot;/&gt;</value><value key="Parent: w:color">w:r</value><value key="TextColor">000000</value><value key="w:sz">&lt;w:sz w:val=&quot;24&quot;/&gt;</value><value key="Parent: w:sz">w:r</value><value key="FontSize">12</value><value key="w:szCs">&lt;w:szCs w:val=&quot;24&quot;/&gt;</value><value key="Parent: w:szCs">w:r</value></bpt-props><ept name="cf" can-hide="true" word-end="false">&lt;/cf&gt;</ept><fmt id="5"/></tag><tag id="990"><bpt name="cf" can-hide="true" word-end="false">&lt;cf font=Times New Roman color=000000 size=12&gt;</bpt><bpt-props><value key="StartTag">w:rPr</value><value key="ParentTag">w:r</value><value key="ContentFormattingTagPairTypeKey">True</value><value key="w:rFonts">&lt;w:rFonts w:ascii=&quot;Times New Roman&quot; w:hAnsi=&quot;Times New Roman&quot;/&gt;</value><value key="Parent: w:rFonts">w:r</value><value key="FontName">Times New Roman</value><value key="w:color">&lt;w:color w:val=&quot;000000&quot;/&gt;</value><value key="Parent: w:color">w:r</value><value key="TextColor">000000</value><value key="w:sz">&lt;w:sz w:val=&quot;24&quot;/&gt;</value><value key="Parent: w:sz">w:r</value><value key="FontSize">12</value><value key="w:szCs">&lt;w:szCs w:val=&quot;24&quot;/&gt;</value><value key="Parent: w:szCs">w:r</value></bpt-props><ept name="cf" can-hide="true" word-end="false">&lt;/cf&gt;</ept><fmt id="5"/></tag><tag id="993"><bpt name="cf" can-hide="true" word-end="false">&lt;cf font=Times New Roman bold=True italic=True color=000000 size=12&gt;</bpt><bpt-props><value key="StartTag">w:rPr</value><value key="ParentTag">w:r</value><value key="ContentFormattingTagPairTypeKey">True</value><value key="w:rFonts">&lt;w:rFonts w:ascii=&quot;Times New Roman&quot; w:hAnsi=&quot;Times New Roman&quot;/&gt;</value><value key="Parent: w:rFonts">w:r</value><value key="FontName">Times New Roman</value><value key="w:b">&lt;w:b/&gt;</value><value key="Parent: w:b">w:r</value><value key="Bold">True</value><value key="w:i">&lt;w:i/&gt;</value><value key="Parent: w:i">w:r</value><value key="Italic">True</value><value key="w:color">&lt;w:color w:val=&quot;000000&quot;/&gt;</value><value key="Parent: w:color">w:r</value><value key="TextColor">000000</value><value key="w:sz">&lt;w:sz w:val=&quot;24&quot;/&gt;</value><value key="Parent: w:sz">w:r</value><value key="FontSize">12</value><value key="w:szCs">&lt;w:szCs w:val=&quot;24&quot;/&gt;</value><value key="Parent: w:szCs">w:r</value></bpt-props><ept name="cf" can-hide="true" word-end="false">&lt;/cf&gt;</ept><fmt id="14"/></tag><tag id="996"><bpt name="cf" can-hide="true" word-end="false">&lt;cf font=Times New Roman color=000000 size=12&gt;</bpt><bpt-props><value key="StartTag">w:rPr</value><value key="ParentTag">w:r</value><value key="ContentFormattingTagPairTypeKey">True</value><value key="w:rFonts">&lt;w:rFonts w:ascii=&quot;Times New Roman&quot; w:hAnsi=&quot;Times New Roman&quot;/&gt;</value><value key="Parent: w:rFonts">w:r</value><value key="FontName">Times New Roman</value><value key="w:color">&lt;w:color w:val=&quot;000000&quot;/&gt;</value><value key="Parent: w:color">w:r</value><value key="TextColor">000000</value><value key="w:sz">&lt;w:sz w:val=&quot;24&quot;/&gt;</value><value key="Parent: w:sz">w:r</value><value key="FontSize">12</value><value key="w:szCs">&lt;w:szCs w:val=&quot;24&quot;/&gt;</value><value key="Parent: w:szCs">w:r</value></bpt-props><ept name="cf" can-hide="true" word-end="false">&lt;/cf&gt;</ept><fmt id="5"/></tag><tag id="999"><bpt name="cf" can-hide="true" word-end="false">&lt;cf font=Times New Roman color=000000 size=12&gt;</bpt><bpt-props><value key="StartTag">w:rPr</value><value key="ParentTag">w:r</value><value key="ContentFormattingTagPairTypeKey">True</value><value key="w:rFonts">&lt;w:rFonts w:ascii=&quot;Times New Roman&quot; w:hAnsi=&quot;Times New Roman&quot;/&gt;</value><value key="Parent: w:rFonts">w:r</value><value key="FontName">Times New Roman</value><value key="w:color">&lt;w:color w:val=&quot;000000&quot;/&gt;</value><value key="Parent: w:color">w:r</value><value key="TextColor">000000</value><value key="w:sz">&lt;w:sz w:val=&quot;24&quot;/&gt;</value><value key="Parent: w:sz">w:r</value><value key="FontSize">12</value><value key="w:szCs">&lt;w:szCs w:val=&quot;24&quot;/&gt;</value><value key="Parent: w:szCs">w:r</value></bpt-props><ept name="cf" can-hide="true" word-end="false">&lt;/cf&gt;</ept><fmt id="5"/></tag><tag id="1008"><bpt name="cf" can-hide="true" word-end="false">&lt;cf font=Times New Roman color=000000 size=12&gt;</bpt><bpt-props><value key="StartTag">w:rPr</value><value key="ParentTag">w:r</value><value key="ContentFormattingTagPairTypeKey">True</value><value key="w:rFonts">&lt;w:rFonts w:ascii=&quot;Times New Roman&quot; w:hAnsi=&quot;Times New Roman&quot;/&gt;</value><value key="Parent: w:rFonts">w:r</value><value key="FontName">Times New Roman</value><value key="w:color">&lt;w:color w:val=&quot;000000&quot;/&gt;</value><value key="Parent: w:color">w:r</value><value key="TextColor">000000</value><value key="w:sz">&lt;w:sz w:val=&quot;24&quot;/&gt;</value><value key="Parent: w:sz">w:r</value><value key="FontSize">12</value><value key="w:szCs">&lt;w:szCs w:val=&quot;24&quot;/&gt;</value><value key="Parent: w:szCs">w:r</value></bpt-props><ept name="cf" can-hide="true" word-end="false">&lt;/cf&gt;</ept><fmt id="5"/></tag><tag id="1011"><bpt name="cf" can-hide="true" word-end="false">&lt;cf font=Times New Roman color=000000 size=12&gt;</bpt><bpt-props><value key="StartTag">w:rPr</value><value key="ParentTag">w:r</value><value key="ContentFormattingTagPairTypeKey">True</value><value key="w:rFonts">&lt;w:rFonts w:ascii=&quot;Times New Roman&quot; w:hAnsi=&quot;Times New Roman&quot;/&gt;</value><value key="Parent: w:rFonts">w:r</value><value key="FontName">Times New Roman</value><value key="w:color">&lt;w:color w:val=&quot;000000&quot;/&gt;</value><value key="Parent: w:color">w:r</value><value key="TextColor">000000</value><value key="w:sz">&lt;w:sz w:val=&quot;24&quot;/&gt;</value><value key="Parent: w:sz">w:r</value><value key="FontSize">12</value><value key="w:szCs">&lt;w:szCs w:val=&quot;24&quot;/&gt;</value><value key="Parent: w:szCs">w:r</value></bpt-props><ept name="cf" can-hide="true" word-end="false">&lt;/cf&gt;</ept><fmt id="5"/></tag><tag id="1014"><bpt name="cf" can-hide="true" word-end="false">&lt;cf font=Times New Roman color=000000 size=12&gt;</bpt><bpt-props><value key="StartTag">w:rPr</value><value key="ParentTag">w:r</value><value key="ContentFormattingTagPairTypeKey">True</value><value key="w:rFonts">&lt;w:rFonts w:ascii=&quot;Times New Roman&quot; w:hAnsi=&quot;Times New Roman&quot;/&gt;</value><value key="Parent: w:rFonts">w:r</value><value key="FontName">Times New Roman</value><value key="w:color">&lt;w:color w:val=&quot;000000&quot;/&gt;</value><value key="Parent: w:color">w:r</value><value key="TextColor">000000</value><value key="w:sz">&lt;w:sz w:val=&quot;24&quot;/&gt;</value><value key="Parent: w:sz">w:r</value><value key="FontSize">12</value><value key="w:szCs">&lt;w:szCs w:val=&quot;24&quot;/&gt;</value><value key="Parent: w:szCs">w:r</value></bpt-props><ept name="cf" can-hide="true" word-end="false">&lt;/cf&gt;</ept><fmt id="5"/></tag><tag id="1017"><bpt name="cf" can-hide="true" word-end="false">&lt;cf font=Times New Roman color=000000 size=12&gt;</bpt><bpt-props><value key="StartTag">w:rPr</value><value key="ParentTag">w:r</value><value key="ContentFormattingTagPairTypeKey">True</value><value key="w:rFonts">&lt;w:rFonts w:ascii=&quot;Times New Roman&quot; w:hAnsi=&quot;Times New Roman&quot;/&gt;</value><value key="Parent: w:rFonts">w:r</value><value key="FontName">Times New Roman</value><value key="w:color">&lt;w:color w:val=&quot;000000&quot;/&gt;</value><value key="Parent: w:color">w:r</value><value key="TextColor">000000</value><value key="w:sz">&lt;w:sz w:val=&quot;24&quot;/&gt;</value><value key="Parent: w:sz">w:r</value><value key="FontSize">12</value><value key="w:szCs">&lt;w:szCs w:val=&quot;24&quot;/&gt;</value><value key="Parent: w:szCs">w:r</value></bpt-props><ept name="cf" can-hide="true" word-end="false">&lt;/cf&gt;</ept><fmt id="5"/></tag><tag id="1020"><bpt name="cf" can-hide="true" word-end="false">&lt;cf font=Times New Roman color=000000 size=12&gt;</bpt><bpt-props><value key="StartTag">w:rPr</value><value key="ParentTag">w:r</value><value key="ContentFormattingTagPairTypeKey">True</value><value key="w:rFonts">&lt;w:rFonts w:ascii=&quot;Times New Roman&quot; w:hAnsi=&quot;Times New Roman&quot;/&gt;</value><value key="Parent: w:rFonts">w:r</value><value key="FontName">Times New Roman</value><value key="w:color">&lt;w:color w:val=&quot;000000&quot;/&gt;</value><value key="Parent: w:color">w:r</value><value key="TextColor">000000</value><value key="w:sz">&lt;w:sz w:val=&quot;24&quot;/&gt;</value><value key="Parent: w:sz">w:r</value><value key="FontSize">12</value><value key="w:szCs">&lt;w:szCs w:val=&quot;24&quot;/&gt;</value><value key="Parent: w:szCs">w:r</value></bpt-props><ept name="cf" can-hide="true" word-end="false">&lt;/cf&gt;</ept><fmt id="5"/></tag><tag id="1023"><bpt name="cf" can-hide="true" word-end="false">&lt;cf font=Times New Roman&gt;</bpt><bpt-props><value key="StartTag">w:rPr</value><value key="ParentTag">w:r</value><value key="ContentFormattingTagPairTypeKey">True</value><value key="w:rFonts">&lt;w:rFonts w:ascii=&quot;Times New Roman&quot; w:hAnsi=&quot;Times New Roman&quot;/&gt;</value><value key="Parent: w:rFonts">w:r</value><value key="FontName">Times New Roman</value><value key="Parent: w:b">w:r</value><value key="Parent: w:i">w:r</value><value key="Parent: w:color">w:r</value><value key="Parent: w:sz">w:r</value><value key="Parent: w:szCs">w:r</value></bpt-props><ept name="cf" can-hide="true" word-end="false">&lt;/cf&gt;</ept><fmt id="8"/></tag><tag id="1029"><bpt name="cf" can-hide="true" word-end="false">&lt;cf font=Times New Roman&gt;</bpt><bpt-props><value key="StartTag">w:rPr</value><value key="ParentTag">w:r</value><value key="ContentFormattingTagPairTypeKey">True</value><value key="w:rFonts">&lt;w:rFonts w:ascii=&quot;Times New Roman&quot; w:hAnsi=&quot;Times New Roman&quot;/&gt;</value><value key="Parent: w:rFonts">w:r</value><value key="FontName">Times New Roman</value><value key="Parent: w:b">w:r</value><value key="Parent: w:i">w:r</value><value key="Parent: w:color">w:r</value><value key="Parent: w:sz">w:r</value><value key="Parent: w:szCs">w:r</value></bpt-props><ept name="cf" can-hide="true" word-end="false">&lt;/cf&gt;</ept><fmt id="8"/></tag><tag id="1035"><bpt name="cf" can-hide="true" word-end="false">&lt;cf font=Times New Roman&gt;</bpt><bpt-props><value key="StartTag">w:rPr</value><value key="ParentTag">w:r</value><value key="ContentFormattingTagPairTypeKey">True</value><value key="w:rFonts">&lt;w:rFonts w:ascii=&quot;Times New Roman&quot; w:hAnsi=&quot;Times New Roman&quot;/&gt;</value><value key="Parent: w:rFonts">w:r</value><value key="FontName">Times New Roman</value><value key="Parent: w:b">w:r</value><value key="Parent: w:i">w:r</value><value key="Parent: w:color">w:r</value><value key="Parent: w:sz">w:r</value><value key="SDL:AutoCloned">True</value><value key="Parent: w:szCs">w:r</value></bpt-props><ept name="cf" can-hide="true" word-end="false">&lt;/cf&gt;</ept><fmt id="8"/></tag><tag id="1026"><bpt name="cf" can-hide="true" word-end="false">&lt;cf bold=True italic=True color=000000 size=12&gt;</bpt><bpt-props><value key="StartTag">w:rPr</value><value key="ParentTag">w:r</value><value key="ContentFormattingTagPairTypeKey">True</value><value key="w:b">&lt;w:b/&gt;</value><value key="Parent: w:b">w:r</value><value key="Bold">True</value><value key="w:i">&lt;w:i/&gt;</value><value key="Parent: w:i">w:r</value><value key="Italic">True</value><value key="w:color">&lt;w:color w:val=&quot;000000&quot;/&gt;</value><value key="Parent: w:color">w:r</value><value key="TextColor">000000</value><value key="w:sz">&lt;w:sz w:val=&quot;24&quot;/&gt;</value><value key="Parent: w:sz">w:r</value><value key="FontSize">12</value><value key="w:szCs">&lt;w:szCs w:val=&quot;24&quot;/&gt;</value><value key="Parent: w:szCs">w:r</value></bpt-props><ept name="cf" can-hide="true" word-end="false">&lt;/cf&gt;</ept><fmt id="15"/></tag><tag id="1038"><bpt name="cf" can-hide="true" word-end="false">&lt;cf color=000000&gt;</bpt><bpt-props><value key="StartTag">w:rPr</value><value key="ParentTag">w:r</value><value key="ContentFormattingTagPairTypeKey">True</value><value key="w:color">&lt;w:color w:val=&quot;000000&quot;/&gt;</value><value key="Parent: w:color">w:r</value><value key="TextColor">000000</value><value key="w:szCs">&lt;w:szCs w:val=&quot;24&quot;/&gt;</value><value key="Parent: w:szCs">w:r</value></bpt-props><ept name="cf" can-hide="true" word-end="false">&lt;/cf&gt;</ept><fmt id="7"/></tag><tag id="1104"><bpt name="cf" can-hide="true" word-end="false">&lt;cf color=000000&gt;</bpt><bpt-props><value key="StartTag">w:rPr</value><value key="ParentTag">w:r</value><value key="ContentFormattingTagPairTypeKey">True</value><value key="w:color">&lt;w:color w:val=&quot;000000&quot;/&gt;</value><value key="Parent: w:color">w:r</value><value key="TextColor">000000</value><value key="w:szCs">&lt;w:szCs w:val=&quot;24&quot;/&gt;</value><value key="Parent: w:szCs">w:r</value></bpt-props><ept name="cf" can-hide="true" word-end="false">&lt;/cf&gt;</ept><fmt id="7"/></tag><tag id="1146"><bpt name="cf" can-hide="true" word-end="false">&lt;cf color=000000&gt;</bpt><bpt-props><value key="StartTag">w:rPr</value><value key="ParentTag">w:r</value><value key="ContentFormattingTagPairTypeKey">True</value><value key="w:color">&lt;w:color w:val=&quot;000000&quot;/&gt;</value><value key="Parent: w:color">w:r</value><value key="TextColor">000000</value><value key="w:szCs">&lt;w:szCs w:val=&quot;24&quot;/&gt;</value><value key="Parent: w:szCs">w:r</value></bpt-props><ept name="cf" can-hide="true" word-end="false">&lt;/cf&gt;</ept><fmt id="7"/></tag><tag id="1149"><bpt name="cf" can-hide="true" word-end="false">&lt;cf font=Times New Roman color=000000 size=12&gt;</bpt><bpt-props><value key="StartTag">w:rPr</value><value key="ParentTag">w:r</value><value key="ContentFormattingTagPairTypeKey">True</value><value key="w:rFonts">&lt;w:rFonts w:ascii=&quot;Times New Roman&quot; w:hAnsi=&quot;Times New Roman&quot;/&gt;</value><value key="Parent: w:rFonts">w:r</value><value key="FontName">Times New Roman</value><value key="w:color">&lt;w:color w:val=&quot;000000&quot;/&gt;</value><value key="Parent: w:color">w:r</value><value key="TextColor">000000</value><value key="w:sz">&lt;w:sz w:val=&quot;24&quot;/&gt;</value><value key="Parent: w:sz">w:r</value><value key="FontSize">12</value><value key="w:szCs">&lt;w:szCs w:val=&quot;24&quot;/&gt;</value><value key="Parent: w:szCs">w:r</value></bpt-props><ept name="cf" can-hide="true" word-end="false">&lt;/cf&gt;</ept><fmt id="5"/></tag><tag id="1156"><bpt name="hyperlink" seg-hint="Include" word-end="false"><sub xid="acae2093-635f-45c7-bcd0-0dfb5e9bd032"></sub>&lt;hyperlink value=&quot;http://www.allaboutcookies.org/&quot;&gt;</bpt><bpt-props><value key="r:id">rId15</value><value key="Target">http://www.allaboutcookies.org/</value><value key="w:tgtFrame">_blank</value><value key="w:history">1</value><value key="HFILE">document.xml</value><value key="TagType">Hyperlink</value><value key="w:rStyle">&lt;w:rStyle w:val=&quot;Hyperlink&quot;/&gt;</value><value key="rStyle">Hyperlink</value><value key="w:rFonts">&lt;w:rFonts w:ascii=&quot;Times New Roman&quot; w:hAnsi=&quot;Times New Roman&quot;/&gt;</value><value key="w:sz">&lt;w:sz w:val=&quot;24&quot;/&gt;</value><value key="w:szCs">&lt;w:szCs w:val=&quot;24&quot;/&gt;</value></bpt-props><ept name="hyperlink" word-end="false">&lt;/hyperlink&gt;</ept><fmt id="11"/></tag><tag id="1162"><bpt name="cf" can-hide="true" word-end="false">&lt;cf font=Times New Roman color=000000 size=12&gt;</bpt><bpt-props><value key="StartTag">w:rPr</value><value key="ParentTag">w:r</value><value key="ContentFormattingTagPairTypeKey">True</value><value key="w:rFonts">&lt;w:rFonts w:ascii=&quot;Times New Roman&quot; w:hAnsi=&quot;Times New Roman&quot;/&gt;</value><value key="Parent: w:rFonts">w:r</value><value key="FontName">Times New Roman</value><value key="w:color">&lt;w:color w:val=&quot;000000&quot;/&gt;</value><value key="Parent: w:color">w:r</value><value key="TextColor">000000</value><value key="w:sz">&lt;w:sz w:val=&quot;24&quot;/&gt;</value><value key="Parent: w:sz">w:r</value><value key="FontSize">12</value><value key="w:szCs">&lt;w:szCs w:val=&quot;24&quot;/&gt;</value><value key="Parent: w:szCs">w:r</value></bpt-props><ept name="cf" can-hide="true" word-end="false">&lt;/cf&gt;</ept><fmt id="5"/></tag><tag id="1165"><bpt name="cf" can-hide="true" word-end="false">&lt;cf font=Times New Roman bold=True color=000000 size=12&gt;</bpt><bpt-props><value key="StartTag">w:rPr</value><value key="ParentTag">w:r</value><value key="ContentFormattingTagPairTypeKey">True</value><value key="w:rFonts">&lt;w:rFonts w:ascii=&quot;Times New Roman&quot; w:hAnsi=&quot;Times New Roman&quot;/&gt;</value><value key="Parent: w:rFonts">w:r</value><value key="FontName">Times New Roman</value><value key="w:b">&lt;w:b/&gt;</value><value key="Parent: w:b">w:r</value><value key="Bold">True</value><value key="w:color">&lt;w:color w:val=&quot;000000&quot;/&gt;</value><value key="Parent: w:color">w:r</value><value key="TextColor">000000</value><value key="w:sz">&lt;w:sz w:val=&quot;24&quot;/&gt;</value><value key="Parent: w:sz">w:r</value><value key="FontSize">12</value><value key="w:szCs">&lt;w:szCs w:val=&quot;24&quot;/&gt;</value><value key="Parent: w:szCs">w:r</value></bpt-props><ept name="cf" can-hide="true" word-end="false">&lt;/cf&gt;</ept><fmt id="6"/></tag><tag id="1168"><bpt name="cf" can-hide="true" word-end="false">&lt;cf font=Times New Roman size=12&gt;</bpt><bpt-props><value key="StartTag">w:rPr</value><value key="ParentTag">w:r</value><value key="ContentFormattingTagPairTypeKey">True</value><value key="w:rFonts">&lt;w:rFonts w:ascii=&quot;Times New Roman&quot; w:hAnsi=&quot;Times New Roman&quot;/&gt;</value><value key="Parent: w:rFonts">w:r</value><value key="FontName">Times New Roman</value><value key="w:sz">&lt;w:sz w:val=&quot;24&quot;/&gt;</value><value key="Parent: w:sz">w:r</value><value key="FontSize">12</value><value key="w:szCs">&lt;w:szCs w:val=&quot;24&quot;/&gt;</value><value key="Parent: w:szCs">w:r</value></bpt-props><ept name="cf" can-hide="true" word-end="false">&lt;/cf&gt;</ept><fmt id="1"/></tag><tag id="1171"><bpt name="cf" can-hide="true" word-end="false">&lt;cf font=Times New Roman size=12&gt;</bpt><bpt-props><value key="StartTag">w:rPr</value><value key="ParentTag">w:r</value><value key="ContentFormattingTagPairTypeKey">True</value><value key="w:rFonts">&lt;w:rFonts w:ascii=&quot;Times New Roman&quot; w:hAnsi=&quot;Times New Roman&quot;/&gt;</value><value key="Parent: w:rFonts">w:r</value><value key="FontName">Times New Roman</value><value key="w:sz">&lt;w:sz w:val=&quot;24&quot;/&gt;</value><value key="Parent: w:sz">w:r</value><value key="FontSize">12</value><value key="w:szCs">&lt;w:szCs w:val=&quot;24&quot;/&gt;</value><value key="Parent: w:szCs">w:r</value></bpt-props><ept name="cf" can-hide="true" word-end="false">&lt;/cf&gt;</ept><fmt id="1"/></tag><tag id="1189"><bpt name="cf" can-hide="true" word-end="false">&lt;cf font=Times New Roman size=12&gt;</bpt><bpt-props><value key="StartTag">w:rPr</value><value key="ParentTag">w:r</value><value key="ContentFormattingTagPairTypeKey">True</value><value key="w:rFonts">&lt;w:rFonts w:ascii=&quot;Times New Roman&quot; w:hAnsi=&quot;Times New Roman&quot;/&gt;</value><value key="Parent: w:rFonts">w:r</value><value key="FontName">Times New Roman</value><value key="w:sz">&lt;w:sz w:val=&quot;24&quot;/&gt;</value><value key="Parent: w:sz">w:r</value><value key="FontSize">12</value><value key="w:szCs">&lt;w:szCs w:val=&quot;24&quot;/&gt;</value><value key="Parent: w:szCs">w:r</value></bpt-props><ept name="cf" can-hide="true" word-end="false">&lt;/cf&gt;</ept><fmt id="1"/></tag><tag id="1210"><bpt name="cf" can-hide="true" word-end="false">&lt;cf font=Times New Roman size=12&gt;</bpt><bpt-props><value key="StartTag">w:rPr</value><value key="ParentTag">w:r</value><value key="ContentFormattingTagPairTypeKey">True</value><value key="w:rFonts">&lt;w:rFonts w:ascii=&quot;Times New Roman&quot; w:hAnsi=&quot;Times New Roman&quot;/&gt;</value><value key="Parent: w:rFonts">w:r</value><value key="FontName">Times New Roman</value><value key="w:sz">&lt;w:sz w:val=&quot;24&quot;/&gt;</value><value key="Parent: w:sz">w:r</value><value key="FontSize">12</value><value key="w:szCs">&lt;w:szCs w:val=&quot;24&quot;/&gt;</value><value key="Parent: w:szCs">w:r</value></bpt-props><ept name="cf" can-hide="true" word-end="false">&lt;/cf&gt;</ept><fmt id="1"/></tag><tag id="1222"><bpt name="cf" can-hide="true" word-end="false">&lt;cf font=Times New Roman size=12&gt;</bpt><bpt-props><value key="StartTag">w:rPr</value><value key="ParentTag">w:r</value><value key="ContentFormattingTagPairTypeKey">True</value><value key="w:rFonts">&lt;w:rFonts w:ascii=&quot;Times New Roman&quot; w:hAnsi=&quot;Times New Roman&quot;/&gt;</value><value key="Parent: w:rFonts">w:r</value><value key="FontName">Times New Roman</value><value key="w:sz">&lt;w:sz w:val=&quot;24&quot;/&gt;</value><value key="Parent: w:sz">w:r</value><value key="FontSize">12</value><value key="w:szCs">&lt;w:szCs w:val=&quot;24&quot;/&gt;</value><value key="Parent: w:szCs">w:r</value></bpt-props><ept name="cf" can-hide="true" word-end="false">&lt;/cf&gt;</ept><fmt id="1"/></tag><tag id="1225"><bpt name="cf" can-hide="true" word-end="false">&lt;cf font=Times New Roman size=12&gt;</bpt><bpt-props><value key="StartTag">w:rPr</value><value key="ParentTag">w:r</value><value key="ContentFormattingTagPairTypeKey">True</value><value key="w:rFonts">&lt;w:rFonts w:ascii=&quot;Times New Roman&quot; w:hAnsi=&quot;Times New Roman&quot;/&gt;</value><value key="Parent: w:rFonts">w:r</value><value key="FontName">Times New Roman</value><value key="w:sz">&lt;w:sz w:val=&quot;24&quot;/&gt;</value><value key="Parent: w:sz">w:r</value><value key="FontSize">12</value><value key="w:szCs">&lt;w:szCs w:val=&quot;24&quot;/&gt;</value><value key="Parent: w:szCs">w:r</value></bpt-props><ept name="cf" can-hide="true" word-end="false">&lt;/cf&gt;</ept><fmt id="1"/></tag><tag id="1234"><bpt name="cf" can-hide="true" word-end="false">&lt;cf font=Times New Roman size=12&gt;</bpt><bpt-props><value key="StartTag">w:rPr</value><value key="ParentTag">w:r</value><value key="ContentFormattingTagPairTypeKey">True</value><value key="w:rFonts">&lt;w:rFonts w:ascii=&quot;Times New Roman&quot; w:hAnsi=&quot;Times New Roman&quot;/&gt;</value><value key="Parent: w:rFonts">w:r</value><value key="FontName">Times New Roman</value><value key="w:sz">&lt;w:sz w:val=&quot;24&quot;/&gt;</value><value key="Parent: w:sz">w:r</value><value key="FontSize">12</value><value key="w:szCs">&lt;w:szCs w:val=&quot;24&quot;/&gt;</value><value key="Parent: w:szCs">w:r</value></bpt-props><ept name="cf" can-hide="true" word-end="false">&lt;/cf&gt;</ept><fmt id="1"/></tag><tag id="1237"><bpt name="cf" word-end="false">&lt;cf nfa=True font=Neue Helvetica W01 color=000000 size=11.5&gt;</bpt><bpt-props><value key="StartTag">w:rPr</value><value key="ParentTag">w:r</value><value key="ContentFormattingTagPairTypeKey">True</value><value key="w:rFonts">&lt;w:rFonts w:ascii=&quot;Neue Helvetica W01&quot; w:hAnsi=&quot;Neue Helvetica W01&quot;/&gt;</value><value key="Parent: w:rFonts">w:r</value><value key="FontName">Neue Helvetica W01</value><value key="w:color">&lt;w:color w:val=&quot;000000&quot;/&gt;</value><value key="Parent: w:color">w:r</value><value key="TextColor">000000</value><value key="w:sz">&lt;w:sz w:val=&quot;23&quot;/&gt;</value><value key="Parent: w:sz">w:r</value><value key="FontSize">11.5</value><value key="w:szCs">&lt;w:szCs w:val=&quot;23&quot;/&gt;</value><value key="Parent: w:szCs">w:r</value><value key="w:shd">&lt;w:shd w:val=&quot;clear&quot; w:color=&quot;auto&quot; w:fill=&quot;FFFFFF&quot;/&gt;</value><value key="Parent: w:shd">w:r</value><value key="SDL:AutoCloned">True</value></bpt-props><ept name="cf" word-end="false">&lt;/cf&gt;</ept><fmt id="16"/></tag><tag id="1240"><bpt name="cf" can-hide="true" word-end="false">&lt;cf font=Times New Roman bold=True color=000000 size=12&gt;</bpt><bpt-props><value key="StartTag">w:rPr</value><value key="ParentTag">w:r</value><value key="ContentFormattingTagPairTypeKey">True</value><value key="w:rFonts">&lt;w:rFonts w:ascii=&quot;Times New Roman&quot; w:hAnsi=&quot;Times New Roman&quot;/&gt;</value><value key="Parent: w:rFonts">w:r</value><value key="FontName">Times New Roman</value><value key="w:b">&lt;w:b/&gt;</value><value key="Parent: w:b">w:r</value><value key="Bold">True</value><value key="w:color">&lt;w:color w:val=&quot;000000&quot;/&gt;</value><value key="Parent: w:color">w:r</value><value key="TextColor">000000</value><value key="w:sz">&lt;w:sz w:val=&quot;24&quot;/&gt;</value><value key="Parent: w:sz">w:r</value><value key="FontSize">12</value><value key="w:szCs">&lt;w:szCs w:val=&quot;24&quot;/&gt;</value><value key="Parent: w:szCs">w:r</value></bpt-props><ept name="cf" can-hide="true" word-end="false">&lt;/cf&gt;</ept><fmt id="6"/></tag><tag id="1243"><bpt name="cf" can-hide="true" word-end="false">&lt;cf font=Times New Roman color=000000 size=12&gt;</bpt><bpt-props><value key="StartTag">w:rPr</value><value key="ParentTag">w:r</value><value key="ContentFormattingTagPairTypeKey">True</value><value key="w:rFonts">&lt;w:rFonts w:ascii=&quot;Times New Roman&quot; w:hAnsi=&quot;Times New Roman&quot;/&gt;</value><value key="Parent: w:rFonts">w:r</value><value key="FontName">Times New Roman</value><value key="w:color">&lt;w:color w:val=&quot;000000&quot;/&gt;</value><value key="Parent: w:color">w:r</value><value key="TextColor">000000</value><value key="w:sz">&lt;w:sz w:val=&quot;24&quot;/&gt;</value><value key="Parent: w:sz">w:r</value><value key="FontSize">12</value><value key="w:szCs">&lt;w:szCs w:val=&quot;24&quot;/&gt;</value><value key="Parent: w:szCs">w:r</value></bpt-props><ept name="cf" can-hide="true" word-end="false">&lt;/cf&gt;</ept><fmt id="5"/></tag><tag id="1285"><bpt name="cf" can-hide="true" word-end="false">&lt;cf nfa=True&gt;</bpt><bpt-props><value key="StartTag">w:rPr</value><value key="ParentTag">w:r</value><value key="ContentFormattingTagPairTypeKey">True</value><value key="Parent: w:rFonts">w:r</value><value key="Parent: w:b">w:r</value><value key="Parent: w:color">w:r</value><value key="Parent: w:sz">w:r</value><value key="w:szCs">&lt;w:szCs w:val=&quot;24&quot;/&gt;</value><value key="Parent: w:szCs">w:r</value></bpt-props><ept name="cf" can-hide="true" word-end="false">&lt;/cf&gt;</ept><fmt id="17"/></tag><tag id="1294"><bpt name="cf" can-hide="true" word-end="false">&lt;cf color=000000&gt;</bpt><bpt-props><value key="StartTag">w:rPr</value><value key="ParentTag">w:r</value><value key="ContentFormattingTagPairTypeKey">True</value><value key="Parent: w:rFonts">w:r</value><value key="Parent: w:b">w:r</value><value key="w:color">&lt;w:color w:val=&quot;000000&quot;/&gt;</value><value key="Parent: w:color">w:r</value><value key="TextColor">000000</value><value key="Parent: w:sz">w:r</value></bpt-props><ept name="cf" can-hide="true" word-end="false">&lt;/cf&gt;</ept><fmt id="7"/></tag><tag id="1297"><bpt name="cf" can-hide="true" word-end="false">&lt;cf nfa=True&gt;</bpt><bpt-props><value key="StartTag">w:rPr</value><value key="ParentTag">w:r</value><value key="ContentFormattingTagPairTypeKey">True</value><value key="Parent: w:rFonts">w:r</value><value key="Parent: w:b">w:r</value><value key="Parent: w:sz">w:r</value><value key="w:szCs">&lt;w:szCs w:val=&quot;24&quot;/&gt;</value><value key="Parent: w:szCs">w:r</value></bpt-props><ept name="cf" can-hide="true" word-end="false">&lt;/cf&gt;</ept><fmt id="17"/></tag><tag id="1298"><bpt name="cf" can-hide="true" word-end="false">&lt;cf font=Times New Roman bold=True size=12&gt;</bpt><bpt-props><value key="w:rFonts">&lt;w:rFonts w:ascii=&quot;Times New Roman&quot; w:hAnsi=&quot;Times New Roman&quot;/&gt;</value><value key="FontName">Times New Roman</value><value key="w:b">&lt;w:b/&gt;</value><value key="Bold">True</value><value key="w:sz">&lt;w:sz w:val=&quot;24&quot;/&gt;</value><value key="FontSize">12</value><value key="ContentFormattingTagPairTypeKey">True</value></bpt-props><ept name="cf" can-hide="true" word-end="false">&lt;/cf&gt;</ept><fmt id="18"/></tag><tag id="1301"><bpt name="cf" can-hide="true" word-end="false">&lt;cf bold=True&gt;</bpt><bpt-props><value key="StartTag">w:rPr</value><value key="ParentTag">w:r</value><value key="ContentFormattingTagPairTypeKey">True</value><value key="w:b">&lt;w:b/&gt;</value><value key="Parent: w:b">w:r</value><value key="Bold">True</value><value key="Parent: w:sz">w:r</value><value key="Parent: w:szCs">w:r</value></bpt-props><ept name="cf" can-hide="true" word-end="false">&lt;/cf&gt;</ept><fmt id="4"/></tag><tag id="1322"><bpt name="cf" can-hide="true" word-end="false">&lt;cf font=Times New Roman color=000000&gt;</bpt><bpt-props><value key="StartTag">w:rPr</value><value key="ParentTag">w:r</value><value key="ContentFormattingTagPairTypeKey">True</value><value key="w:rFonts">&lt;w:rFonts w:ascii=&quot;Times New Roman&quot; w:hAnsi=&quot;Times New Roman&quot;/&gt;</value><value key="Parent: w:rFonts">w:r</value><value key="FontName">Times New Roman</value><value key="w:color">&lt;w:color w:val=&quot;000000&quot;/&gt;</value><value key="Parent: w:color">w:r</value><value key="TextColor">000000</value><value key="Parent: w:sz">w:r</value><value key="SDL:AutoCloned">True</value><value key="Parent: w:szCs">w:r</value></bpt-props><ept name="cf" can-hide="true" word-end="false">&lt;/cf&gt;</ept><fmt id="19"/></tag><tag id="1316"><bpt name="cf" can-hide="true" word-end="false">&lt;cf size=12&gt;</bpt><bpt-props><value key="StartTag">w:rPr</value><value key="ParentTag">w:r</value><value key="ContentFormattingTagPairTypeKey">True</value><value key="w:sz">&lt;w:sz w:val=&quot;24&quot;/&gt;</value><value key="Parent: w:sz">w:r</value><value key="FontSize">12</value><value key="w:szCs">&lt;w:szCs w:val=&quot;24&quot;/&gt;</value><value key="Parent: w:szCs">w:r</value></bpt-props><ept name="cf" can-hide="true" word-end="false">&lt;/cf&gt;</ept><fmt id="12"/></tag><tag id="1352"><bpt name="cf" can-hide="true" word-end="false">&lt;cf bold=True&gt;</bpt><bpt-props><value key="StartTag">w:rPr</value><value key="ParentTag">w:r</value><value key="ContentFormattingTagPairTypeKey">True</value><value key="w:b">&lt;w:b/&gt;</value><value key="Parent: w:b">w:r</value><value key="Bold">True</value><value key="w:szCs">&lt;w:szCs w:val=&quot;24&quot;/&gt;</value><value key="Parent: w:szCs">w:r</value></bpt-props><ept name="cf" can-hide="true" word-end="false">&lt;/cf&gt;</ept><fmt id="4"/></tag><tag id="1377"><bpt name="hyperlink" seg-hint="Include" word-end="false"><sub xid="f68d7042-6859-4b55-84ec-999944dc70f8"></sub>&lt;hyperlink value=&quot;mailto:privacy.compliance.ccs@utc.com&quot;&gt;</bpt><bpt-props><value key="r:id">rId16</value><value key="Target">mailto:privacy.compliance.ccs@utc.com</value><value key="w:history">1</value><value key="HFILE">document.xml</value><value key="TagType">Hyperlink</value><value key="w:rStyle">&lt;w:rStyle w:val=&quot;Hyperlink&quot;/&gt;</value><value key="rStyle">Hyperlink</value></bpt-props><ept name="hyperlink" word-end="false">&lt;/hyperlink&gt;</ept><fmt id="13"/></tag><tag id="1401"><bpt name="cf" can-hide="true" word-end="false">&lt;cf bold=True&gt;</bpt><bpt-props><value key="StartTag">w:rPr</value><value key="ParentTag">w:r</value><value key="ContentFormattingTagPairTypeKey">True</value><value key="w:b">&lt;w:b/&gt;</value><value key="Parent: w:b">w:r</value><value key="Bold">True</value><value key="w:szCs">&lt;w:szCs w:val=&quot;24&quot;/&gt;</value><value key="Parent: w:szCs">w:r</value></bpt-props><ept name="cf" can-hide="true" word-end="false">&lt;/cf&gt;</ept><fmt id="4"/></tag><tag id="1443"><bpt name="cf" can-hide="true" word-end="false">&lt;cf bold=True&gt;</bpt><bpt-props><value key="StartTag">w:rPr</value><value key="ParentTag">w:r</value><value key="ContentFormattingTagPairTypeKey">True</value><value key="w:b">&lt;w:b/&gt;</value><value key="Parent: w:b">w:r</value><value key="Bold">True</value><value key="w:szCs">&lt;w:szCs w:val=&quot;24&quot;/&gt;</value><value key="Parent: w:szCs">w:r</value></bpt-props><ept name="cf" can-hide="true" word-end="false">&lt;/cf&gt;</ept><fmt id="4"/></tag><tag id="1449"><bpt name="cf" can-hide="true" word-end="false">&lt;cf font=Times New Roman bold=True color=000000 size=12&gt;</bpt><bpt-props><value key="StartTag">w:rPr</value><value key="ParentTag">w:r</value><value key="ContentFormattingTagPairTypeKey">True</value><value key="w:rFonts">&lt;w:rFonts w:ascii=&quot;Times New Roman&quot; w:hAnsi=&quot;Times New Roman&quot;/&gt;</value><value key="Parent: w:rFonts">w:r</value><value key="FontName">Times New Roman</value><value key="w:b">&lt;w:b/&gt;</value><value key="Parent: w:b">w:r</value><value key="Bold">True</value><value key="w:color">&lt;w:color w:val=&quot;000000&quot;/&gt;</value><value key="Parent: w:color">w:r</value><value key="TextColor">000000</value><value key="w:sz">&lt;w:sz w:val=&quot;24&quot;/&gt;</value><value key="Parent: w:sz">w:r</value><value key="FontSize">12</value><value key="w:szCs">&lt;w:szCs w:val=&quot;24&quot;/&gt;</value><value key="Parent: w:szCs">w:r</value></bpt-props><ept name="cf" can-hide="true" word-end="false">&lt;/cf&gt;</ept><fmt id="6"/></tag><tag id="1464"><bpt name="cf" can-hide="true" word-end="false">&lt;cf font=Times New Roman color=000000 size=12&gt;</bpt><bpt-props><value key="StartTag">w:rPr</value><value key="ParentTag">w:r</value><value key="ContentFormattingTagPairTypeKey">True</value><value key="w:rFonts">&lt;w:rFonts w:ascii=&quot;Times New Roman&quot; w:hAnsi=&quot;Times New Roman&quot;/&gt;</value><value key="Parent: w:rFonts">w:r</value><value key="FontName">Times New Roman</value><value key="w:color">&lt;w:color w:val=&quot;000000&quot;/&gt;</value><value key="Parent: w:color">w:r</value><value key="TextColor">000000</value><value key="w:sz">&lt;w:sz w:val=&quot;24&quot;/&gt;</value><value key="Parent: w:sz">w:r</value><value key="FontSize">12</value><value key="w:szCs">&lt;w:szCs w:val=&quot;24&quot;/&gt;</value><value key="Parent: w:szCs">w:r</value></bpt-props><ept name="cf" can-hide="true" word-end="false">&lt;/cf&gt;</ept><fmt id="5"/></tag><tag id="1548"><bpt name="cf" can-hide="true" word-end="false">&lt;cf bold=True color=000000&gt;</bpt><bpt-props><value key="StartTag">w:rPr</value><value key="ParentTag">w:r</value><value key="ContentFormattingTagPairTypeKey">True</value><value key="w:b">&lt;w:b/&gt;</value><value key="Parent: w:b">w:r</value><value key="Bold">True</value><value key="w:color">&lt;w:color w:val=&quot;000000&quot;/&gt;</value><value key="Parent: w:color">w:r</value><value key="TextColor">000000</value><value key="w:szCs">&lt;w:szCs w:val=&quot;24&quot;/&gt;</value><value key="Parent: w:szCs">w:r</value></bpt-props><ept name="cf" can-hide="true" word-end="false">&lt;/cf&gt;</ept><fmt id="20"/></tag><tag id="1557"><bpt name="cf" can-hide="true" word-end="false">&lt;cf color=000000&gt;</bpt><bpt-props><value key="StartTag">w:rPr</value><value key="ParentTag">w:r</value><value key="ContentFormattingTagPairTypeKey">True</value><value key="w:color">&lt;w:color w:val=&quot;000000&quot;/&gt;</value><value key="Parent: w:color">w:r</value><value key="TextColor">000000</value><value key="w:szCs">&lt;w:szCs w:val=&quot;24&quot;/&gt;</value><value key="Parent: w:szCs">w:r</value></bpt-props><ept name="cf" can-hide="true" word-end="false">&lt;/cf&gt;</ept><fmt id="7"/></tag><tag id="1591"><bpt name="hyperlink" seg-hint="Include" word-end="false"><sub xid="b8d10e52-2b09-4e15-aaed-37eef10a6f2a"></sub>&lt;hyperlink value=&quot;mailto:webmaster.ccs@utc.com&quot;&gt;</bpt><bpt-props><value key="r:id">rId17</value><value key="Target">mailto:webmaster.ccs@utc.com</value><value key="w:history">1</value><value key="HFILE">document.xml</value><value key="TagType">Hyperlink</value><value key="w:rStyle">&lt;w:rStyle w:val=&quot;Hyperlink&quot;/&gt;</value><value key="rStyle">Hyperlink</value></bpt-props><ept name="hyperlink" word-end="false">&lt;/hyperlink&gt;</ept><fmt id="13"/></tag><tag id="1597"><bpt name="cf" can-hide="true" word-end="false">&lt;cf color=000000&gt;</bpt><bpt-props><value key="StartTag">w:rPr</value><value key="ParentTag">w:r</value><value key="ContentFormattingTagPairTypeKey">True</value><value key="w:color">&lt;w:color w:val=&quot;000000&quot;/&gt;</value><value key="Parent: w:color">w:r</value><value key="TextColor">000000</value><value key="w:szCs">&lt;w:szCs w:val=&quot;24&quot;/&gt;</value><value key="Parent: w:szCs">w:r</value><value key="SDL:AutoCloned">True</value></bpt-props><ept name="cf" can-hide="true" word-end="false">&lt;/cf&gt;</ept><fmt id="7"/></tag><tag id="1601"><bpt name="hyperlink" seg-hint="Include" word-end="false"><sub xid="c017d0af-1ad1-4974-9f46-1b36faf2c4c4"></sub>&lt;hyperlink value=&quot;mailto:privacy.compliance.ccs@utc.com&quot;&gt;</bpt><bpt-props><value key="r:id">rId18</value><value key="Target">mailto:privacy.compliance.ccs@utc.com</value><value key="w:history">1</value><value key="HFILE">document.xml</value><value key="TagType">Hyperlink</value><value key="w:rStyle">&lt;w:rStyle w:val=&quot;Hyperlink&quot;/&gt;</value><value key="rStyle">Hyperlink</value></bpt-props><ept name="hyperlink" word-end="false">&lt;/hyperlink&gt;</ept><fmt id="13"/></tag><tag id="1617"><bpt name="hyperlink" seg-hint="Include" word-end="false"><sub xid="4e929f39-a2b4-43c1-a2b3-ffd63c9183dc"></sub>&lt;hyperlink value=&quot;mailto:privacy.compliance.ccs@utc.com&quot;&gt;</bpt><bpt-props><value key="r:id">rId19</value><value key="Target">mailto:privacy.compliance.ccs@utc.com</value><value key="w:history">1</value><value key="HFILE">document.xml</value><value key="TagType">Hyperlink</value><value key="w:rStyle">&lt;w:rStyle w:val=&quot;Hyperlink&quot;/&gt;</value><value key="rStyle">Hyperlink</value></bpt-props><ept name="hyperlink" word-end="false">&lt;/hyperlink&gt;</ept><fmt id="13"/></tag></tag-defs></header><body><group><sdl:cxts><sdl:cxt id="1"/><sdl:cxt id="2"/><sdl:node id="1"/></sdl:cxts><trans-unit id="d0971caa-19d0-47c9-ac1b-5bcf6f6a1501"><source><g id="2">Privacy Notice</g></source><seg-source><g id="2"><mrk mtype="seg" mid="1">Privacy Notice</mrk></g></seg-source><target><g id="2"><mrk mtype="seg" mid="1">Datenschutzhinweis</mrk></g></target><sdl:seg-defs><sdl:seg id="1" conf="Translated" origin="tm" origin-system="LocalizationKit_en-US_de-DE" percent="100" text-match="SourceAndTarget"><sdl:value key="SegmentIdentityHash">dDcf6cAiWzF/nf+lIyYDUWl/4W8=</sdl:value><sdl:value key="created_by">DESKTOP-USI39UT\Brigitta</sdl:value><sdl:value key="created_on">10/04/2017 12:48:06</sdl:value><sdl:value key="last_modified_by">DESKTOP-USI39UT\Brigitta</sdl:value><sdl:value key="modified_on">10/06/2017 10:28:20</sdl:value><sdl:value key="SDL:OriginalTranslationHash">331774029</sdl:value></sdl:seg></sdl:seg-defs></trans-unit></group><group><sdl:cxts><sdl:cxt id="3"/><sdl:cxt id="4"/></sdl:cxts><trans-unit id="87ef5054-350c-4436-b730-1c15d01284d3"><source><g id="5">UTC Climate, Controls &amp; Security and its subsidiaries and affiliates (collectively, “<g id="11">CCS</g>”), are committed to protecting the privacy of visitors to this website (<g id="17">“Website”</g>) and users of its mobile applications (<g id="23">“Apps”</g>).   It is important that our users understand how we collect, use and disclose Personal Information (as defined below).  </g></source><seg-source><g id="5"><mrk mtype="seg" mid="2">UTC Climate, Controls &amp; Security and its subsidiaries and affiliates (collectively, “<g id="11">CCS</g>”), are committed to protecting the privacy of visitors to this website (<g id="17">“Website”</g>) and users of its mobile applications (<g id="23">“Apps”</g>).</mrk>   <mrk mtype="seg" mid="3">It is important that our users understand how we collect, use and disclose Personal Information (as defined below).</mrk>  </g></seg-source><target><g id="5"><mrk mtype="seg" mid="2">UTC Climate, Controls &amp; Security und seine Tochter- und Konzerngesellschaften (gemeinsam „<g id="11">CCS</g>“) verpflichten sich, die Privatsphäre der Besucher dieser Website (<g id="17">„Website“</g>) und der Nutzer der bereitgestellten mobilen Anwendungen (<g id="23">„Apps“</g>) zu schützen.</mrk>   <mrk mtype="seg" mid="3">Es ist wichtig, dass unsere Nutzer verstehen, wie wir personenbezogene Daten (wie nachstehend definiert) erfassen, verwenden und weitergeben.</mrk>  </g></target><sdl:seg-defs><sdl:seg id="2" conf="Translated" origin="interactive" percent="100" text-match="SourceAndTarget"><sdl:prev-origin origin="tm" origin-system="LocalizationKit_en-US_de-DE" percent="100" text-match="SourceAndTarget"><sdl:prev-origin/><sdl:value key="SegmentIdentityHash">fPqh6mNP+jjGkSeQDKeDYZ/s2cc=</sdl:value><sdl:value key="created_by">DESKTOP-USI39UT\Brigitta</sdl:value><sdl:value key="created_on">10/04/2017 12:48:18</sdl:value><sdl:value key="last_modified_by">DESKTOP-USI39UT\Brigitta</sdl:value><sdl:value key="modified_on">10/06/2017 10:28:23</sdl:value><sdl:value key="SDL:OriginalTranslationHash">469901198</sdl:value></sdl:prev-origin><sdl:value key="SegmentIdentityHash">fPqh6mNP+jjGkSeQDKeDYZ/s2cc=</sdl:value><sdl:value key="created_by">RHEINDOM\d.bartsch</sdl:value><sdl:value key="created_on">10/10/2017 07:19:55</sdl:value><sdl:value key="last_modified_by">RHEINDOM\d.bartsch</sdl:value><sdl:value key="modified_on">10/10/2017 07:19:55</sdl:value><sdl:value key="SDL:OriginalTranslationHash">1108094862</sdl:value></sdl:seg><sdl:seg id="3" conf="Translated" origin="tm" origin-system="LocalizationKit_en-US_de-DE" percent="100" text-match="SourceAndTarget"><sdl:value key="SegmentIdentityHash">ptpFtnPEXhnD00P8WD8XliYpLCw=</sdl:value><sdl:value key="created_by">DESKTOP-USI39UT\Brigitta</sdl:value><sdl:value key="created_on">10/04/2017 12:53:03</sdl:value><sdl:value key="last_modified_by">DESKTOP-USI39UT\Brigitta</sdl:value><sdl:value key="modified_on">10/06/2017 10:28:26</sdl:value><sdl:value key="SDL:OriginalTranslationHash">447274851</sdl:value></sdl:seg></sdl:seg-defs></trans-unit></group><group><sdl:cxts><sdl:cxt id="5"/><sdl:cxt id="4"/></sdl:cxts><trans-unit id="6688c23d-4566-41df-9926-04d38acdc193"><source><g id="38">This Privacy Notice describes our practices related to Personal Information collected through CCS websites and mobile applications, unless there is a separate privacy notice for a particular website or mobile application.  </g></source><seg-source><g id="38"><mrk mtype="seg" mid="4">This Privacy Notice describes our practices related to Personal Information collected through CCS websites and mobile applications, unless there is a separate privacy notice for a particular website or mobile application.</mrk>  </g></seg-source><target><g id="38"><mrk mtype="seg" mid="4">Dieser Datenschutzhinweis beschreibt unsere Datenschutzmaßnahmen im Zusammenhang mit den über die CCS Websites und mobilen Anwendungen erfassten personenbezogenen Daten, sofern nicht ein separater Datenschutzhinweis für eine bestimmte Website oder eine bestimmte mobile Anwendung vorliegt.</mrk>  </g></target><sdl:seg-defs><sdl:seg id="4" conf="Translated" origin="tm" origin-system="LocalizationKit_en-US_de-DE" percent="100" text-match="SourceAndTarget"><sdl:value key="SegmentIdentityHash">gwlYjjzEWiRBnDgrJ0d5f0IWhTQ=</sdl:value><sdl:value key="created_by">DESKTOP-USI39UT\Brigitta</sdl:value><sdl:value key="created_on">10/04/2017 12:55:15</sdl:value><sdl:value key="last_modified_by">DESKTOP-USI39UT\Brigitta</sdl:value><sdl:value key="modified_on">10/06/2017 10:28:27</sdl:value><sdl:value key="SDL:OriginalTranslationHash">139030099</sdl:value></sdl:seg></sdl:seg-defs></trans-unit></group><group><sdl:cxts><sdl:cxt id="6"/><sdl:cxt id="4"/></sdl:cxts><trans-unit id="5f71c1d7-715f-4628-b2a7-54b73b8210b9"><source><g id="41">What Personal Information does CCS collect? How does it collect such Information?</g></source><seg-source><g id="41"><mrk mtype="seg" mid="5">What Personal Information does CCS collect?</mrk> <mrk mtype="seg" mid="6">How does it collect such Information?</mrk></g></seg-source><target><g id="41"><mrk mtype="seg" mid="5">Welche personenbezogenen Daten erfasst CCS?</mrk> <mrk mtype="seg" mid="6">Wie werden diese Daten erfasst?</mrk></g></target><sdl:seg-defs><sdl:seg id="5" conf="Translated" origin="tm" origin-system="LocalizationKit_en-US_de-DE" percent="100" text-match="SourceAndTarget"><sdl:value key="SegmentIdentityHash">VvDIWRotySu0EiW8uw4Qdh3in8w=</sdl:value><sdl:value key="created_by">DESKTOP-USI39UT\Brigitta</sdl:value><sdl:value key="created_on">10/04/2017 12:58:03</sdl:value><sdl:value key="last_modified_by">DESKTOP-USI39UT\Brigitta</sdl:value><sdl:value key="modified_on">10/06/2017 10:28:31</sdl:value><sdl:value key="SDL:OriginalTranslationHash">-1189090831</sdl:value></sdl:seg><sdl:seg id="6" conf="Translated" origin="tm" origin-system="LocalizationKit_en-US_de-DE" percent="100" text-match="SourceAndTarget"><sdl:value key="SegmentIdentityHash">9QrvLo9TOgzz+Tar0UZL48wHXAU=</sdl:value><sdl:value key="created_by">DESKTOP-USI39UT\Brigitta</sdl:value><sdl:value key="created_on">10/04/2017 12:58:15</sdl:value><sdl:value key="last_modified_by">DESKTOP-USI39UT\Brigitta</sdl:value><sdl:value key="modified_on">10/06/2017 10:28:32</sdl:value><sdl:value key="SDL:OriginalTranslationHash">-238172660</sdl:value></sdl:seg></sdl:seg-defs></trans-unit></group><group><sdl:cxts><sdl:cxt id="7"/><sdl:cxt id="4"/></sdl:cxts><trans-unit id="0fc7e370-fbb3-49e5-ab95-99ea49e3d00b"><source><g id="47"><g id="44">“Personal Information”</g> is information through which a natural person is identifiable or may be identified.  CCS may collect, use and process your Personal Information in order to provide you with services, products or information that you request.  </g></source><seg-source><g id="47"><mrk mtype="seg" mid="7"><g id="44">“Personal Information”</g> is information through which a natural person is identifiable or may be identified.</mrk>  <mrk mtype="seg" mid="8">CCS may collect, use and process your Personal Information in order to provide you with services, products or information that you request.</mrk>  </g></seg-source><target><g id="47"><mrk mtype="seg" mid="7"><g id="44">„Personenbezogene Daten“</g> sind Informationen, anhand derer die Identität einer natürlichen Person bestimmbar ist oder bestimmt werden könnte.</mrk>  <mrk mtype="seg" mid="8">CCS kann Ihre personenbezogenen Daten erfassen, verwenden und verarbeiten, um von Ihnen angeforderte Dienstleistungen, Produkte oder Informationen bereitzustellen.</mrk>  </g></target><sdl:seg-defs><sdl:seg id="7" conf="Translated" origin="tm" origin-system="LocalizationKit_en-US_de-DE" percent="100" text-match="SourceAndTarget"><sdl:value key="SegmentIdentityHash">CJqT98wZ+3SnxOpYXbnHTqee+vw=</sdl:value><sdl:value key="created_by">DESKTOP-USI39UT\Brigitta</sdl:value><sdl:value key="created_on">10/04/2017 12:58:32</sdl:value><sdl:value key="last_modified_by">DESKTOP-USI39UT\Brigitta</sdl:value><sdl:value key="modified_on">10/06/2017 10:28:33</sdl:value><sdl:value key="SDL:OriginalTranslationHash">-844362432</sdl:value></sdl:seg><sdl:seg id="8" conf="Translated" origin="tm" origin-system="LocalizationKit_en-US_de-DE" percent="100" text-match="SourceAndTarget"><sdl:value key="SegmentIdentityHash">o6N/n/LVfDLib3OBSm/06+g/u7o=</sdl:value><sdl:value key="created_by">DESKTOP-USI39UT\Brigitta</sdl:value><sdl:value key="created_on">10/04/2017 13:13:47</sdl:value><sdl:value key="last_modified_by">DESKTOP-USI39UT\Brigitta</sdl:value><sdl:value key="modified_on">10/06/2017 10:28:35</sdl:value><sdl:value key="SDL:OriginalTranslationHash">1260249513</sdl:value></sdl:seg></sdl:seg-defs></trans-unit></group><group><sdl:cxts><sdl:cxt id="8"/><sdl:cxt id="4"/></sdl:cxts><trans-unit id="f77339ac-3b4f-467f-a092-caf2cb7621b1"><source><g id="68">The collection of information will be transparent to you, and you will have the opportunity to decide whether or not to provide it. If you choose not to provide any of the Personal Information requested, CCS may be unable to complete your transaction, or provide the information, services or products you have requested.</g></source><seg-source><g id="68"><mrk mtype="seg" mid="9">The collection of information will be transparent to you, and you will have the opportunity to decide whether or not to provide it.</mrk> <mrk mtype="seg" mid="10">If you choose not to provide any of the Personal Information requested, CCS may be unable to complete your transaction, or provide the information, services or products you have requested.</mrk></g></seg-source><target><g id="68"><mrk mtype="seg" mid="9">Die Datenerfassung ist für Sie transparent, und Sie haben die Möglichkeit zu entscheiden, ob Sie die Daten übermitteln wollen oder nicht.</mrk> <mrk mtype="seg" mid="10">Falls Sie entscheiden sollten, angeforderte personenbezogene Daten nicht zur Verfügung zu stellen, ist CCS unter Umständen nicht in der Lage, die betreffende Transaktion durchzuführen oder die von Ihnen angeforderten Informationen, Dienstleistungen oder Produkte bereitzustellen.</mrk></g></target><sdl:seg-defs><sdl:seg id="9" conf="Translated" origin="tm" origin-system="LocalizationKit_en-US_de-DE" percent="100" text-match="SourceAndTarget"><sdl:value key="SegmentIdentityHash">Ynp9DuuMtgBJWPi1bZR6V78/PZg=</sdl:value><sdl:value key="created_by">DESKTOP-USI39UT\Brigitta</sdl:value><sdl:value key="created_on">10/04/2017 13:14:37</sdl:value><sdl:value key="last_modified_by">DESKTOP-USI39UT\Brigitta</sdl:value><sdl:value key="modified_on">10/06/2017 10:28:37</sdl:value><sdl:value key="SDL:OriginalTranslationHash">-816081375</sdl:value></sdl:seg><sdl:seg id="10" conf="Translated" origin="tm" origin-system="LocalizationKit_en-US_de-DE" percent="100" text-match="SourceAndTarget"><sdl:value key="SegmentIdentityHash">AMj7Msog/IKi139if/jy6O/f/bc=</sdl:value><sdl:value key="created_by">DESKTOP-USI39UT\Brigitta</sdl:value><sdl:value key="created_on">10/04/2017 13:17:28</sdl:value><sdl:value key="last_modified_by">DESKTOP-USI39UT\Brigitta</sdl:value><sdl:value key="modified_on">10/06/2017 10:28:38</sdl:value><sdl:value key="SDL:OriginalTranslationHash">716679629</sdl:value></sdl:seg></sdl:seg-defs></trans-unit></group><group><sdl:cxts><sdl:cxt id="9"/><sdl:cxt id="4"/></sdl:cxts><trans-unit id="1802baba-122e-4385-9f12-df8b362af2bd"><source><g id="113">CCS may collect information, including Personal Information, from you when you submit a form or request, or register a product with CCS, such as:  name, physical address, the company for whom you work, phone number, email address and fax number. CCS may also ask you to provide information about the product you are registering or the person/company that installed or maintains it.</g></source><seg-source><g id="113"><mrk mtype="seg" mid="11">CCS may collect information, including Personal Information, from you when you submit a form or request, or register a product with CCS, such as:</mrk>  <mrk mtype="seg" mid="12">name, physical address, the company for whom you work, phone number, email address and fax number.</mrk> <mrk mtype="seg" mid="13">CCS may also ask you to provide information about the product you are registering or the person/company that installed or maintains it.</mrk></g></seg-source><target><g id="113"><mrk mtype="seg" mid="11">CCS kann Informationen einschließlich Ihrer personenbezogenen Daten erfassen, wenn Sie uns ein Formular oder eine Anfrage übermitteln oder ein Produkt bei CCS registrieren. Dies sind zum Beispiel:</mrk>  <mrk mtype="seg" mid="12">Name, physische Adresse, das Unternehmen, für das Sie arbeiten, Telefonnummer, E-Mail-Adresse und Faxnummer.</mrk> <mrk mtype="seg" mid="13">CCS kann von Ihnen auch Angaben zum Produkt erfragen, dessen Registrierung Sie vornehmen, oder zur Person oder dem Unternehmen, das die Installation durchgeführt hat oder die Wartung vornimmt.</mrk></g></target><sdl:seg-defs><sdl:seg id="11" conf="Translated" origin="tm" origin-system="LocalizationKit_en-US_de-DE" percent="100" text-match="SourceAndTarget"><sdl:value key="SegmentIdentityHash">Vq//yZS90MM98R/UBL9xwTxpJqo=</sdl:value><sdl:value key="created_by">DESKTOP-USI39UT\Brigitta</sdl:value><sdl:value key="created_on">10/04/2017 13:19:31</sdl:value><sdl:value key="last_modified_by">DESKTOP-USI39UT\Brigitta</sdl:value><sdl:value key="modified_on">10/06/2017 10:28:41</sdl:value><sdl:value key="SDL:OriginalTranslationHash">-187566618</sdl:value></sdl:seg><sdl:seg id="12" conf="Translated" origin="tm" origin-system="LocalizationKit_en-US_de-DE" percent="100" text-match="SourceAndTarget"><sdl:value key="SegmentIdentityHash">ZceAJlyE4uHuJI7NewOrxaEkNB4=</sdl:value><sdl:value key="created_by">DESKTOP-USI39UT\Brigitta</sdl:value><sdl:value key="created_on">10/04/2017 13:21:18</sdl:value><sdl:value key="last_modified_by">DESKTOP-USI39UT\Brigitta</sdl:value><sdl:value key="modified_on">10/06/2017 10:28:42</sdl:value><sdl:value key="SDL:OriginalTranslationHash">-1683358755</sdl:value></sdl:seg><sdl:seg id="13" conf="Translated" origin="tm" origin-system="LocalizationKit_en-US_de-DE" percent="100" text-match="SourceAndTarget"><sdl:value key="SegmentIdentityHash">x/4FJSHqTL02+hydq6jnxpdDE10=</sdl:value><sdl:value key="created_by">DESKTOP-USI39UT\Brigitta</sdl:value><sdl:value key="created_on">10/04/2017 13:22:29</sdl:value><sdl:value key="last_modified_by">DESKTOP-USI39UT\Brigitta</sdl:value><sdl:value key="modified_on">10/06/2017 10:28:44</sdl:value><sdl:value key="SDL:OriginalTranslationHash">559188349</sdl:value></sdl:seg></sdl:seg-defs></trans-unit></group><group><sdl:cxts><sdl:cxt id="10"/><sdl:cxt id="4"/></sdl:cxts><trans-unit id="c656594b-4522-4d5b-a5bf-5dcea2ed25b0"><source><g id="146">CCS may also collect information through your use of our Websites or Apps, such as device identifiers, IP address, log files, and location data. Please see “How does CCS use cookies or other tracking technologies?” below for more information.</g></source><seg-source><g id="146"><mrk mtype="seg" mid="14">CCS may also collect information through your use of our Websites or Apps, such as device identifiers, IP address, log files, and location data.</mrk> <mrk mtype="seg" mid="15">Please see “How does CCS use cookies or other tracking technologies?” below for more information.</mrk></g></seg-source><target><g id="146"><mrk mtype="seg" mid="14">CCS kann außerdem über Ihre Nutzung unserer Websites oder Apps Daten erfassen wie beispielsweise Geräteidentifikatoren, IP-Adresse, Protokolldateien und Standortdaten.</mrk> <mrk mtype="seg" mid="15">Weitere Informationen finden Sie nachstehend im Abschnitt „Wie verwendet CCS Cookies und andere Tracking-Technologien?“.</mrk></g></target><sdl:seg-defs><sdl:seg id="14" conf="Translated" origin="tm" origin-system="LocalizationKit_en-US_de-DE" percent="100" text-match="SourceAndTarget"><sdl:value key="SegmentIdentityHash">/hT5T2eLU/Tws4hEkgic42qgU28=</sdl:value><sdl:value key="created_by">DESKTOP-USI39UT\Brigitta</sdl:value><sdl:value key="created_on">10/04/2017 13:24:17</sdl:value><sdl:value key="last_modified_by">DESKTOP-USI39UT\Brigitta</sdl:value><sdl:value key="modified_on">10/06/2017 10:28:46</sdl:value><sdl:value key="SDL:OriginalTranslationHash">-431909080</sdl:value></sdl:seg><sdl:seg id="15" conf="Translated" origin="tm" origin-system="LocalizationKit_en-US_de-DE" percent="100" text-match="SourceAndTarget"><sdl:value key="SegmentIdentityHash">Ujq8caict2vn90rNE8eQlTkl5ho=</sdl:value><sdl:value key="created_by">DESKTOP-USI39UT\Brigitta</sdl:value><sdl:value key="created_on">10/04/2017 13:31:02</sdl:value><sdl:value key="last_modified_by">DESKTOP-USI39UT\Brigitta</sdl:value><sdl:value key="modified_on">10/06/2017 10:28:48</sdl:value><sdl:value key="SDL:OriginalTranslationHash">1835799489</sdl:value></sdl:seg></sdl:seg-defs></trans-unit></group><group><sdl:cxts><sdl:cxt id="11"/><sdl:cxt id="4"/></sdl:cxts><trans-unit id="7b433626-9ca0-415b-a98f-31931d0e3ab7"><source><g id="194">We might need to collect other information for a specific form, feature, or other service that you may use or request. The content of such information will vary depending on the method of collection and the specific purpose(s) for which the information is being collected.</g></source><seg-source><g id="194"><mrk mtype="seg" mid="16">We might need to collect other information for a specific form, feature, or other service that you may use or request.</mrk> <mrk mtype="seg" mid="17">The content of such information will vary depending on the method of collection and the specific purpose(s) for which the information is being collected.</mrk></g></seg-source><target><g id="194"><mrk mtype="seg" mid="16">Unter Umständen benötigen wir für bestimmte Formulare, Funktionen oder sonstige Services, die Sie nutzen oder von uns anfordern, noch weitere Informationen.</mrk> <mrk mtype="seg" mid="17">Der Inhalt dieser weiteren Informationen ist davon abhängig, nach welcher Methode wir dieses Daten erfassen und für welche spezifischen Zwecke.</mrk></g></target><sdl:seg-defs><sdl:seg id="16" conf="Translated" origin="tm" origin-system="LocalizationKit_en-US_de-DE" percent="100" text-match="Source"><sdl:value key="SegmentIdentityHash">iaEtwOfqZthiBlvpwv/ZWjhSqj8=</sdl:value><sdl:value key="created_by">DESKTOP-USI39UT\Brigitta</sdl:value><sdl:value key="created_on">10/04/2017 13:32:53</sdl:value><sdl:value key="last_modified_by">DESKTOP-USI39UT\Brigitta</sdl:value><sdl:value key="modified_on">10/06/2017 10:28:47</sdl:value><sdl:value key="SDL:OriginalTranslationHash">-2028002372</sdl:value></sdl:seg><sdl:seg id="17" conf="Translated" origin="tm" origin-system="LocalizationKit_en-US_de-DE" percent="100" text-match="SourceAndTarget"><sdl:value key="SegmentIdentityHash">gM2lA2a0qc5bOrjjhzRl4WZq8Cg=</sdl:value><sdl:value key="created_by">DESKTOP-USI39UT\Brigitta</sdl:value><sdl:value key="created_on">10/04/2017 13:34:16</sdl:value><sdl:value key="last_modified_by">DESKTOP-USI39UT\Brigitta</sdl:value><sdl:value key="modified_on">10/06/2017 10:28:50</sdl:value><sdl:value key="SDL:OriginalTranslationHash">1841757824</sdl:value></sdl:seg></sdl:seg-defs></trans-unit></group><group><sdl:cxts><sdl:cxt id="12"/><sdl:cxt id="4"/></sdl:cxts><trans-unit id="9d395620-d5ab-4e42-8056-69bd40b323d3"><source><g id="197">Why does CCS collect your Personal Information?</g></source><seg-source><g id="197"><mrk mtype="seg" mid="18">Why does CCS collect your Personal Information?</mrk></g></seg-source><target><g id="197"><mrk mtype="seg" mid="18">Warum erfasst CCS Ihre personenbezogenen Daten?</mrk></g></target><sdl:seg-defs><sdl:seg id="18" conf="Translated" origin="tm" origin-system="LocalizationKit_en-US_de-DE" percent="100" text-match="SourceAndTarget"><sdl:value key="SegmentIdentityHash">sn98/sitHujwWakxVKI5tt37mIo=</sdl:value><sdl:value key="created_by">DESKTOP-USI39UT\Brigitta</sdl:value><sdl:value key="created_on">10/04/2017 13:36:48</sdl:value><sdl:value key="last_modified_by">DESKTOP-USI39UT\Brigitta</sdl:value><sdl:value key="modified_on">10/06/2017 10:28:51</sdl:value><sdl:value key="SDL:OriginalTranslationHash">-268259706</sdl:value></sdl:seg></sdl:seg-defs></trans-unit></group><group><sdl:cxts><sdl:cxt id="13"/><sdl:cxt id="4"/></sdl:cxts><trans-unit id="61721f98-8ddc-4804-93ac-174802430794"><source>Our purpose in collecting this information is to provide customized services and content relevant to your specific needs and interests.  Your information may be used by CCS to carry out our contractual obligations, authenticate you as a user and allow you access to certain areas of our Website, Apps or social media sites or allow you to apply for a position at CCS.  </source><seg-source><mrk mtype="seg" mid="19">Our purpose in collecting this information is to provide customized services and content relevant to your specific needs and interests.</mrk>  <mrk mtype="seg" mid="20">Your information may be used by CCS to carry out our contractual obligations, authenticate you as a user and allow you access to certain areas of our Website, Apps or social media sites or allow you to apply for a position at CCS.</mrk>  </seg-source><target><mrk mtype="seg" mid="19">Wir erfassen diese Daten, damit wir Ihnen maßgeschneiderte Services und Inhalte bereitstellen können, die auf Ihre spezifischen Anforderungen und Interessen abgestimmt sind.</mrk>  <mrk mtype="seg" mid="20">CCS kann Ihre Daten verwenden, um seine vertraglichen Verpflichtungen zu erfüllen, Sie als Nutzer zu authentifizieren und Ihnen Zugang zu bestimmten Bereichen unserer Website, Apps oder Social Media-Seiten zu gewähren oder auch, um Ihnen zu ermöglichen, sich für eine Stelle bei CCS zu bewerben.</mrk>  </target><sdl:seg-defs><sdl:seg id="19" conf="Translated" origin="tm" origin-system="LocalizationKit_en-US_de-DE" percent="100" text-match="SourceAndTarget"><sdl:value key="SegmentIdentityHash">2kkrv4FqhHbnD7+AfwKygclXH+0=</sdl:value><sdl:value key="created_by">DESKTOP-USI39UT\Brigitta</sdl:value><sdl:value key="created_on">10/04/2017 13:37:12</sdl:value><sdl:value key="last_modified_by">DESKTOP-USI39UT\Brigitta</sdl:value><sdl:value key="modified_on">10/06/2017 10:28:52</sdl:value><sdl:value key="SDL:OriginalTranslationHash">-928233434</sdl:value></sdl:seg><sdl:seg id="20" conf="Translated" origin="tm" origin-system="LocalizationKit_en-US_de-DE" percent="100" text-match="SourceAndTarget"><sdl:value key="SegmentIdentityHash">0Tpf6nxIOabaGZggbS7nXlZCQn4=</sdl:value><sdl:value key="created_by">DESKTOP-USI39UT\Brigitta</sdl:value><sdl:value key="created_on">10/04/2017 13:38:37</sdl:value><sdl:value key="last_modified_by">DESKTOP-USI39UT\Brigitta</sdl:value><sdl:value key="modified_on">10/06/2017 10:28:54</sdl:value><sdl:value key="SDL:OriginalTranslationHash">-94345451</sdl:value></sdl:seg></sdl:seg-defs></trans-unit></group><group><sdl:cxts><sdl:cxt id="14"/><sdl:cxt id="4"/></sdl:cxts><trans-unit id="673b0eab-bf89-4074-a11c-47adb23c9f83"><source><g id="209">Personal Information collected on a Website or App may be used to:</g></source><seg-source><g id="209"><mrk mtype="seg" mid="21">Personal Information collected on a Website or App may be used to:</mrk></g></seg-source><target><g id="209"><mrk mtype="seg" mid="21">Auf einer Website oder über eine App erfasste personenbezogene Daten können verwendet werden, um:</mrk></g></target><sdl:seg-defs><sdl:seg id="21" conf="Translated" origin="tm" origin-system="LocalizationKit_en-US_de-DE" percent="100" text-match="SourceAndTarget"><sdl:value key="SegmentIdentityHash">15RFLcgKPYu75k7AX39Y7p1LhVE=</sdl:value><sdl:value key="created_by">DESKTOP-USI39UT\Brigitta</sdl:value><sdl:value key="created_on">10/04/2017 13:41:28</sdl:value><sdl:value key="last_modified_by">DESKTOP-USI39UT\Brigitta</sdl:value><sdl:value key="modified_on">10/06/2017 10:28:56</sdl:value><sdl:value key="SDL:OriginalTranslationHash">987264891</sdl:value></sdl:seg></sdl:seg-defs></trans-unit></group><group><sdl:cxts><sdl:cxt id="15"/><sdl:cxt id="16"/></sdl:cxts><trans-unit id="73444968-b207-400c-afd1-87501c49133c"><source><g id="224">Provide requested information, items, or services; </g></source><seg-source><g id="224"><mrk mtype="seg" mid="22">Provide requested information, items, or services;</mrk> </g></seg-source><target><g id="224"><mrk mtype="seg" mid="22">Von Ihnen angeforderte Informationen, Artikel oder Dienstleistungen bereitzustellen;</mrk> </g></target><sdl:seg-defs><sdl:seg id="22" conf="Translated" origin="tm" origin-system="LocalizationKit_en-US_de-DE" percent="100" text-match="SourceAndTarget"><sdl:value key="SegmentIdentityHash">kB4JPjPTLMYne34tElweTm0iiig=</sdl:value><sdl:value key="created_by">DESKTOP-USI39UT\Brigitta</sdl:value><sdl:value key="created_on">10/04/2017 13:41:51</sdl:value><sdl:value key="last_modified_by">DESKTOP-USI39UT\Brigitta</sdl:value><sdl:value key="modified_on">10/06/2017 10:28:58</sdl:value><sdl:value key="SDL:OriginalTranslationHash">-958228659</sdl:value></sdl:seg></sdl:seg-defs></trans-unit></group><group><sdl:cxts><sdl:cxt id="17"/><sdl:cxt id="16"/></sdl:cxts><trans-unit id="5f4b6e66-9744-410b-b80d-b691c860373e"><source><g id="234"><g id="227">Advertise</g><g id="233"> </g><g id="237">products, services, promotions and events relating to CCS;</g></g></source><seg-source><g id="234"><mrk mtype="seg" mid="23"><g id="227">Advertise</g><g id="233"> </g><g id="237">products, services, promotions and events relating to CCS;</g></mrk></g></seg-source><target><g id="234"><mrk mtype="seg" mid="23"><g id="237">Produkte, Dienstleistungen, Aktionen und Events, die mit CCS in Zusammenhang stehen, zu bewerben;</g></mrk></g></target><sdl:seg-defs><sdl:seg id="23" conf="Translated" origin="tm" origin-system="LocalizationKit_en-US_de-DE" percent="100" text-match="SourceAndTarget"><sdl:value key="SegmentIdentityHash">3ZOoERzFDdeft3j7RvIOrDVPZ4Q=</sdl:value><sdl:value key="created_by">DESKTOP-USI39UT\Brigitta</sdl:value><sdl:value key="created_on">10/04/2017 13:42:16</sdl:value><sdl:value key="last_modified_by">DESKTOP-USI39UT\Brigitta</sdl:value><sdl:value key="modified_on">10/06/2017 10:29:00</sdl:value><sdl:value key="SDL:OriginalTranslationHash">-59527752</sdl:value></sdl:seg></sdl:seg-defs></trans-unit></group><group><sdl:cxts><sdl:cxt id="18"/><sdl:cxt id="16"/></sdl:cxts><trans-unit id="6650d76b-df00-4e4b-9dd5-8d9858feb2f2"><source><g id="240">Improve our products, services, surveys, Websites and Apps;</g></source><seg-source><g id="240"><mrk mtype="seg" mid="24">Improve our products, services, surveys, Websites and Apps;</mrk></g></seg-source><target><g id="240"><mrk mtype="seg" mid="24">Unsere Produkte, Dienstleistungen, Umfragen, Websites und Apps zu verbessern;</mrk></g></target><sdl:seg-defs><sdl:seg id="24" conf="Translated" origin="tm" origin-system="LocalizationKit_en-US_de-DE" percent="100" text-match="SourceAndTarget"><sdl:value key="SegmentIdentityHash">heVMrrzuFBo6vgjarYia5DTS+KY=</sdl:value><sdl:value key="created_by">DESKTOP-USI39UT\Brigitta</sdl:value><sdl:value key="created_on">10/04/2017 13:42:39</sdl:value><sdl:value key="last_modified_by">DESKTOP-USI39UT\Brigitta</sdl:value><sdl:value key="modified_on">10/06/2017 10:29:01</sdl:value><sdl:value key="SDL:OriginalTranslationHash">-49083158</sdl:value></sdl:seg></sdl:seg-defs></trans-unit></group><group><sdl:cxts><sdl:cxt id="19"/><sdl:cxt id="16"/></sdl:cxts><trans-unit id="e970eec7-d417-4780-8a88-ed6ff9d0210b"><source><g id="243">Analyze your behavior on our Website and Apps;</g></source><seg-source><g id="243"><mrk mtype="seg" mid="25">Analyze your behavior on our Website and Apps;</mrk></g></seg-source><target><g id="243"><mrk mtype="seg" mid="25">Unser Verhalten auf unserer Website und unseren Apps zu analysieren;</mrk></g></target><sdl:seg-defs><sdl:seg id="25" conf="Translated" origin="tm" origin-system="LocalizationKit_en-US_de-DE" percent="100" text-match="SourceAndTarget"><sdl:value key="SegmentIdentityHash">nj93r1Y+Rjoihu4fEejxmay9Uxs=</sdl:value><sdl:value key="created_by">DESKTOP-USI39UT\Brigitta</sdl:value><sdl:value key="created_on">10/04/2017 13:42:57</sdl:value><sdl:value key="last_modified_by">DESKTOP-USI39UT\Brigitta</sdl:value><sdl:value key="modified_on">10/06/2017 10:29:03</sdl:value><sdl:value key="SDL:OriginalTranslationHash">374766567</sdl:value></sdl:seg></sdl:seg-defs></trans-unit></group><group><sdl:cxts><sdl:cxt id="20"/><sdl:cxt id="16"/></sdl:cxts><trans-unit id="5fdebfe4-5690-4a55-b477-81da31911a6c"><source><g id="258">Provide investor services;</g></source><seg-source><g id="258"><mrk mtype="seg" mid="26">Provide investor services;</mrk></g></seg-source><target><g id="258"><mrk mtype="seg" mid="26">Dienstleistungen für Investoren bereitzustellen;</mrk></g></target><sdl:seg-defs><sdl:seg id="26" conf="Translated" origin="tm" origin-system="LocalizationKit_en-US_de-DE" percent="100" text-match="SourceAndTarget"><sdl:value key="SegmentIdentityHash">Eb4zi9gUg1nRMAwiYM90OxfrhTA=</sdl:value><sdl:value key="created_by">DESKTOP-USI39UT\Brigitta</sdl:value><sdl:value key="created_on">10/04/2017 13:47:56</sdl:value><sdl:value key="last_modified_by">DESKTOP-USI39UT\Brigitta</sdl:value><sdl:value key="modified_on">10/06/2017 10:29:04</sdl:value><sdl:value key="SDL:OriginalTranslationHash">-2119566626</sdl:value></sdl:seg></sdl:seg-defs></trans-unit></group><group><sdl:cxts><sdl:cxt id="21"/><sdl:cxt id="16"/></sdl:cxts><trans-unit id="dd6b2cef-b09b-4bb0-86b4-1d2b1f080bed"><source><g id="261">If you are applying for a job, evaluate your interest in and/or allow you to apply for employment with CCS;</g></source><seg-source><g id="261"><mrk mtype="seg" mid="27">If you are applying for a job, evaluate your interest in and/or allow you to apply for employment with CCS;</mrk></g></seg-source><target><g id="261"><mrk mtype="seg" mid="27">Im Fall einer Stellenbewerbung Ihr Interesse zu bewerten und/oder Ihnen zu ermöglichen, sich für einen Arbeitsplatz bei CCS zu bewerben;</mrk></g></target><sdl:seg-defs><sdl:seg id="27" conf="Translated" origin="tm" origin-system="LocalizationKit_en-US_de-DE" percent="100" text-match="SourceAndTarget"><sdl:value key="SegmentIdentityHash">OhZscfO+0XMyuYIVzs1FSPH9H8U=</sdl:value><sdl:value key="created_by">DESKTOP-USI39UT\Brigitta</sdl:value><sdl:value key="created_on">10/04/2017 13:48:10</sdl:value><sdl:value key="last_modified_by">DESKTOP-USI39UT\Brigitta</sdl:value><sdl:value key="modified_on">10/06/2017 10:29:05</sdl:value><sdl:value key="SDL:OriginalTranslationHash">-1572875930</sdl:value></sdl:seg></sdl:seg-defs></trans-unit></group><group><sdl:cxts><sdl:cxt id="22"/><sdl:cxt id="16"/></sdl:cxts><trans-unit id="481e4a18-881b-469d-8ffa-205513fcfa1a"><source><g id="267">Obtain your location data in order to provide requested information or services<g id="276">;</g></g></source><seg-source><g id="267"><mrk mtype="seg" mid="28">Obtain your location data in order to provide requested information or services<g id="276">;</g></mrk></g></seg-source><target><g id="267"><mrk mtype="seg" mid="28">Ihre Standortdaten zu erhalten, damit wir Ihnen die angeforderten Informationen oder Services liefern können;</mrk></g></target><sdl:seg-defs><sdl:seg id="28" conf="Translated" origin="tm" origin-system="LocalizationKit_en-US_de-DE" percent="100" text-match="SourceAndTarget"><sdl:value key="SegmentIdentityHash">gTi/PBHm29kv1GxlCBBrxzSi03s=</sdl:value><sdl:value key="created_by">DESKTOP-USI39UT\Brigitta</sdl:value><sdl:value key="created_on">10/04/2017 13:49:05</sdl:value><sdl:value key="last_modified_by">DESKTOP-USI39UT\Brigitta</sdl:value><sdl:value key="modified_on">10/06/2017 10:29:07</sdl:value><sdl:value key="SDL:OriginalTranslationHash">-2062422986</sdl:value></sdl:seg></sdl:seg-defs></trans-unit></group><group><sdl:cxts><sdl:cxt id="23"/><sdl:cxt id="16"/></sdl:cxts><trans-unit id="e8589938-2de8-40a5-8fdc-cc5735f9cb9d"><source><g id="279">Protect against fraud or investigate suspected or actual illegal activity; </g></source><seg-source><g id="279"><mrk mtype="seg" mid="29">Protect against fraud or investigate suspected or actual illegal activity;</mrk> </g></seg-source><target><g id="279"><mrk mtype="seg" mid="29">Betrug zu verhindern oder mutmaßlich oder tatsächlich illegale Aktivitäten zu untersuchen;</mrk> </g></target><sdl:seg-defs><sdl:seg id="29" conf="Translated" origin="interactive" percent="100" text-match="SourceAndTarget"><sdl:prev-origin origin="tm" origin-system="LocalizationKit_en-US_de-DE" percent="100" text-match="SourceAndTarget"><sdl:prev-origin/><sdl:value key="SegmentIdentityHash">ZPBfej6gS8gHaeP+o/UEwQhX7xE=</sdl:value><sdl:value key="created_by">DESKTOP-USI39UT\Brigitta</sdl:value><sdl:value key="created_on">10/04/2017 13:49:35</sdl:value><sdl:value key="last_modified_by">DESKTOP-USI39UT\Brigitta</sdl:value><sdl:value key="modified_on">10/06/2017 10:29:08</sdl:value><sdl:value key="SDL:OriginalTranslationHash">-7519901</sdl:value></sdl:prev-origin><sdl:value key="SegmentIdentityHash">ZPBfej6gS8gHaeP+o/UEwQhX7xE=</sdl:value><sdl:value key="created_by">RHEINDOM\d.bartsch</sdl:value><sdl:value key="created_on">10/10/2017 07:20:19</sdl:value><sdl:value key="last_modified_by">RHEINDOM\d.bartsch</sdl:value><sdl:value key="modified_on">10/10/2017 07:20:32</sdl:value><sdl:value key="SDL:OriginalTranslationHash">-332446814</sdl:value></sdl:seg></sdl:seg-defs></trans-unit></group><group><sdl:cxts><sdl:cxt id="24"/><sdl:cxt id="16"/></sdl:cxts><trans-unit id="af850c23-29a4-4d76-b8de-92288a0908dd"><source><g id="282">Screen against sanctions and antiterrorism lists as required by  law;</g></source><seg-source><g id="282"><mrk mtype="seg" mid="30">Screen against sanctions and antiterrorism lists as required by  law;</mrk></g></seg-source><target><g id="282"><mrk mtype="seg" mid="30">Einen Abgleich mit Sanktions- und Antiterrorlisten durchzuführen, wie gesetzlich vorgeschrieben;</mrk></g></target><sdl:seg-defs><sdl:seg id="30" conf="Translated" origin="tm" origin-system="LocalizationKit_en-US_de-DE" percent="100" text-match="SourceAndTarget"><sdl:value key="SegmentIdentityHash">LZX9Go1wLMdnBKnqVaKUylHKWQA=</sdl:value><sdl:value key="created_by">DESKTOP-USI39UT\Brigitta</sdl:value><sdl:value key="created_on">10/04/2017 13:51:48</sdl:value><sdl:value key="last_modified_by">DESKTOP-USI39UT\Brigitta</sdl:value><sdl:value key="modified_on">10/06/2017 10:29:09</sdl:value><sdl:value key="SDL:OriginalTranslationHash">958872520</sdl:value></sdl:seg></sdl:seg-defs></trans-unit></group><group><sdl:cxts><sdl:cxt id="25"/><sdl:cxt id="16"/></sdl:cxts><trans-unit id="4bb26677-ae3f-4693-8715-222f5b359fb6"><source><g id="285">Respond to a legitimate legal request from law enforcement authorities or other government regulators;</g></source><seg-source><g id="285"><mrk mtype="seg" mid="31">Respond to a legitimate legal request from law enforcement authorities or other government regulators;</mrk></g></seg-source><target><g id="285"><mrk mtype="seg" mid="31">Ein legitimes Rechtsersuchen einer Strafverfolgungsbehörde oder sonstigen staatlichen Aufsichtsbehörde zu beantworten;</mrk></g></target><sdl:seg-defs><sdl:seg id="31" conf="Translated" origin="tm" origin-system="LocalizationKit_en-US_de-DE" percent="100" text-match="SourceAndTarget"><sdl:value key="SegmentIdentityHash">LgnPfhU2aZs5kN/DAw64kPUcenI=</sdl:value><sdl:value key="created_by">DESKTOP-USI39UT\Brigitta</sdl:value><sdl:value key="created_on">10/04/2017 13:53:58</sdl:value><sdl:value key="last_modified_by">DESKTOP-USI39UT\Brigitta</sdl:value><sdl:value key="modified_on">10/06/2017 10:29:10</sdl:value><sdl:value key="SDL:OriginalTranslationHash">1612043141</sdl:value></sdl:seg></sdl:seg-defs></trans-unit></group><group><sdl:cxts><sdl:cxt id="26"/><sdl:cxt id="16"/></sdl:cxts><trans-unit id="bc63b18f-afad-4c2a-9c13-f3917fb9c9d5"><source><g id="288">Develop new offerings, improve the quality of our products, improve and personalize user experience, and better prepare future content based upon your interests and those of our general user population; or</g></source><seg-source><g id="288"><mrk mtype="seg" mid="32">Develop new offerings, improve the quality of our products, improve and personalize user experience, and better prepare future content based upon your interests and those of our general user population; or</mrk></g></seg-source><target><g id="288"><mrk mtype="seg" mid="32">Neue Angebote zu entwickeln, die Qualität unserer Produkte zu verbessern, das Benutzererlebnis zu verbessern und zu personalisieren und zukünftige Inhalte besser auf Ihre Interessen und diejenigen der allgemeinen Nutzerschaft abzustimmen oder</mrk></g></target><sdl:seg-defs><sdl:seg id="32" conf="Translated" origin="tm" origin-system="LocalizationKit_en-US_de-DE" percent="100" text-match="SourceAndTarget"><sdl:value key="SegmentIdentityHash">jDGAqtjJ5xuCzhV51E4w/FLawww=</sdl:value><sdl:value key="created_by">DESKTOP-USI39UT\Brigitta</sdl:value><sdl:value key="created_on">10/04/2017 13:55:56</sdl:value><sdl:value key="last_modified_by">DESKTOP-USI39UT\Brigitta</sdl:value><sdl:value key="modified_on">10/06/2017 10:29:12</sdl:value><sdl:value key="SDL:OriginalTranslationHash">-1388343197</sdl:value></sdl:seg></sdl:seg-defs></trans-unit></group><group><sdl:cxts><sdl:cxt id="27"/><sdl:cxt id="16"/></sdl:cxts><trans-unit id="299b4f40-69ac-4470-9f35-c7f3482c974e"><source><g id="294">Conduct investigations to ensure compliance with, and comply with, legal obligations.</g></source><seg-source><g id="294"><mrk mtype="seg" mid="33">Conduct investigations to ensure compliance with, and comply with, legal obligations.</mrk></g></seg-source><target><g id="294"><mrk mtype="seg" mid="33">Untersuchungen durchzuführen, um die Einhaltung der Rechtsvorschriften sicherzustellen und die gesetzlichen Verpflichtungen zu erfüllen.</mrk></g></target><sdl:seg-defs><sdl:seg id="33" conf="Translated" origin="tm" origin-system="LocalizationKit_en-US_de-DE" percent="100" text-match="SourceAndTarget"><sdl:value key="SegmentIdentityHash">UcQ4o7gnlTOc9g86VWmynTknczs=</sdl:value><sdl:value key="created_by">DESKTOP-USI39UT\Brigitta</sdl:value><sdl:value key="created_on">10/04/2017 13:58:10</sdl:value><sdl:value key="last_modified_by">DESKTOP-USI39UT\Brigitta</sdl:value><sdl:value key="modified_on">10/06/2017 10:29:14</sdl:value><sdl:value key="SDL:OriginalTranslationHash">1991340044</sdl:value></sdl:seg></sdl:seg-defs></trans-unit></group><group><sdl:cxts><sdl:cxt id="28"/><sdl:cxt id="4"/></sdl:cxts><trans-unit id="3e26f066-e4ce-4bd8-a93e-6ca8549eb376"><source><g id="297">Except where used in support of a contract with you or to fulfill a legal obligation, our use of your Personal Information will be only for legitimate business interests as set out above.</g></source><seg-source><g id="297"><mrk mtype="seg" mid="34">Except where used in support of a contract with you or to fulfill a legal obligation, our use of your Personal Information will be only for legitimate business interests as set out above.</mrk></g></seg-source><target><g id="297"><mrk mtype="seg" mid="34">Mit Ausnahme der Fälle, in denen Ihre personenbezogenen Daten zur Erfüllung eines mit Ihnen bestehenden Vertrags oder einer gesetzlichen Verpflichtung verwendet werden, erfolgt die Verwendung ausschließlich für berechtigte Geschäftsinteressen, wie vorstehend beschrieben.</mrk></g></target><sdl:seg-defs><sdl:seg id="34" conf="Translated" origin="interactive" percent="100" text-match="SourceAndTarget"><sdl:prev-origin origin="tm" origin-system="LocalizationKit_en-US_de-DE" percent="100" text-match="SourceAndTarget"><sdl:prev-origin/><sdl:value key="SegmentIdentityHash">bXGDwrVZMNkVNvl032SaPI35aO4=</sdl:value><sdl:value key="created_by">DESKTOP-USI39UT\Brigitta</sdl:value><sdl:value key="created_on">10/04/2017 13:59:12</sdl:value><sdl:value key="last_modified_by">DESKTOP-USI39UT\Brigitta</sdl:value><sdl:value key="modified_on">10/06/2017 10:29:16</sdl:value><sdl:value key="SDL:OriginalTranslationHash">-341028701</sdl:value></sdl:prev-origin><sdl:value key="SegmentIdentityHash">bXGDwrVZMNkVNvl032SaPI35aO4=</sdl:value><sdl:value key="created_by">RHEINDOM\d.bartsch</sdl:value><sdl:value key="created_on">10/10/2017 07:20:52</sdl:value><sdl:value key="last_modified_by">RHEINDOM\d.bartsch</sdl:value><sdl:value key="modified_on">10/10/2017 07:20:52</sdl:value><sdl:value key="SDL:OriginalTranslationHash">-1251539555</sdl:value></sdl:seg></sdl:seg-defs></trans-unit></group><group><sdl:cxts><sdl:cxt id="29"/><sdl:cxt id="4"/></sdl:cxts><trans-unit id="eab1aac0-ad15-4255-a8c1-2623eda6560a"><source><g id="300">Where is Personal Information stored?</g></source><seg-source><g id="300"><mrk mtype="seg" mid="35">Where is Personal Information stored?</mrk></g></seg-source><target><g id="300"><mrk mtype="seg" mid="35">Wo werden Ihre personenbezogenen Daten gespeichert?</mrk></g></target><sdl:seg-defs><sdl:seg id="35" conf="Translated" origin="tm" origin-system="LocalizationKit_en-US_de-DE" percent="100" text-match="SourceAndTarget"><sdl:value key="SegmentIdentityHash">x9IaZcWcVHiC9ra35zhwuq07qzo=</sdl:value><sdl:value key="created_by">DESKTOP-USI39UT\Brigitta</sdl:value><sdl:value key="created_on">10/04/2017 14:00:18</sdl:value><sdl:value key="last_modified_by">DESKTOP-USI39UT\Brigitta</sdl:value><sdl:value key="modified_on">10/06/2017 10:29:18</sdl:value><sdl:value key="SDL:OriginalTranslationHash">1556444546</sdl:value></sdl:seg></sdl:seg-defs></trans-unit></group><group><sdl:cxts><sdl:cxt id="30"/><sdl:cxt id="4"/></sdl:cxts><trans-unit id="95d7b408-fde7-46e3-bc25-b497fe81ec79"><source><g id="303">Because CCS, and its parent company, United Technologies Corporation (“UTC”), are global companies with locations in many different countries, we may transfer your information from one legal entity to another or from one country to another within the CCS and UTC group of companies in order to accomplish the purposes listed above.</g><g id="303">  These countries include, at a minimum, the United States, the member states of the European Union, Canada, and<g id="318"> </g>other countries, including some in Asia.</g><g id="303"><g id="336"> </g>We will transfer your Personal Information consistent with applicable legal requirements and only to the extent necessary for the purposes set out above.</g><g id="303">  </g><g id="303">Within the UTC and CCS group of companies, information is transferred subject to the </g><g id="340" xid="8fb79f0c-a614-4748-be3f-533bcd3290d7">Binding Corporate Rules</g><g id="346">.</g></source><seg-source><g id="303"><mrk mtype="seg" mid="36">Because CCS, and its parent company, United Technologies Corporation (“UTC”), are global companies with locations in many different countries, we may transfer your information from one legal entity to another or from one country to another within the CCS and UTC group of companies in order to accomplish the purposes listed above.</mrk></g><g id="303">  <mrk mtype="seg" mid="37">These countries include, at a minimum, the United States, the member states of the European Union, Canada, and<g id="318"> </g>other countries, including some in Asia.</mrk></g><g id="303"><g id="336"> </g><mrk mtype="seg" mid="38">We will transfer your Personal Information consistent with applicable legal requirements and only to the extent necessary for the purposes set out above.</mrk></g><g id="303">  </g><mrk mtype="seg" mid="39"><g id="303">Within the UTC and CCS group of companies, information is transferred subject to the </g><g id="340" xid="8fb79f0c-a614-4748-be3f-533bcd3290d7">Binding Corporate Rules</g><g id="346">.</g></mrk></seg-source><target><g id="303"><mrk mtype="seg" mid="36">Da das Unternehmen CCS und seine Muttergesellschaft United Technologies Corporation („UTC“) weltweit agierende Unternehmen sind und Standorte in vielen verschiedenen Ländern haben, können wir zur Durchführung der oben beschriebenen Zwecke Ihre Daten von einem Unternehmen an ein anderes bzw. von einem Land in ein anderes Land innerhalb des CCS und UTC Konzerns übertragen.</mrk></g><g id="303">  <mrk mtype="seg" mid="37">Zu diesen Ländern zählen zumindest die USA, die Mitgliedstaaten der Europäischen Union, Kanada und andere Länder, darunter auch einige Länder in Asien.</mrk></g><g id="303"><g id="336"> </g><mrk mtype="seg" mid="38">Die Übertragung Ihrer personenbezogenen Daten erfolgt unter Einhaltung der geltenden gesetzlichen Vorschriften und nur in dem für die oben beschriebenen Zwecke notwendigen Umfang.</mrk></g><g id="303">  </g><mrk mtype="seg" mid="39"><g id="303">Die Datenübertragung innerhalb des UTC- und CCS-Konzerns erfolgt gemäß den </g><g id="340" xid="8fb79f0c-a614-4748-be3f-533bcd3290d7">verbindlichen unternehmensinternen Vorschriften</g><g id="346">.</g></mrk></target><sdl:seg-defs><sdl:seg id="36" conf="Translated" origin="tm" origin-system="LocalizationKit_en-US_de-DE" percent="100" text-match="SourceAndTarget"><sdl:value key="SegmentIdentityHash">AXQuudb4lFFkzR+O4EUzYw+M9rI=</sdl:value><sdl:value key="created_by">DESKTOP-USI39UT\Brigitta</sdl:value><sdl:value key="created_on">10/04/2017 14:00:36</sdl:value><sdl:value key="last_modified_by">DESKTOP-USI39UT\Brigitta</sdl:value><sdl:value key="modified_on">10/06/2017 10:29:19</sdl:value><sdl:value key="SDL:OriginalTranslationHash">1748442606</sdl:value></sdl:seg><sdl:seg id="37" conf="Translated" origin="tm" origin-system="LocalizationKit_en-US_de-DE" percent="100" text-match="SourceAndTarget"><sdl:value key="SegmentIdentityHash">F32Leb4xWhfBHwDIUj0XxPDZnYA=</sdl:value><sdl:value key="created_by">DESKTOP-USI39UT\Brigitta</sdl:value><sdl:value key="created_on">10/04/2017 14:03:15</sdl:value><sdl:value key="last_modified_by">DESKTOP-USI39UT\Brigitta</sdl:value><sdl:value key="modified_on">10/06/2017 10:29:21</sdl:value><sdl:value key="SDL:OriginalTranslationHash">-216935650</sdl:value></sdl:seg><sdl:seg id="38" conf="Translated" origin="tm" origin-system="LocalizationKit_en-US_de-DE" percent="100" text-match="SourceAndTarget"><sdl:value key="SegmentIdentityHash">4Cw8YV7agBrdcqEkUxsxVf80syo=</sdl:value><sdl:value key="created_by">DESKTOP-USI39UT\Brigitta</sdl:value><sdl:value key="created_on">10/04/2017 14:04:47</sdl:value><sdl:value key="last_modified_by">DESKTOP-USI39UT\Brigitta</sdl:value><sdl:value key="modified_on">10/06/2017 10:29:23</sdl:value><sdl:value key="SDL:OriginalTranslationHash">-2080666087</sdl:value></sdl:seg><sdl:seg id="39" conf="Translated" origin="interactive" percent="100" text-match="SourceAndTarget"><sdl:prev-origin origin="tm" origin-system="LocalizationKit_en-US_de-DE" percent="100" text-match="SourceAndTarget"><sdl:prev-origin/><sdl:value key="SegmentIdentityHash">YYX6d1eSvM+p/LsJAg2rum9IkfE=</sdl:value><sdl:value key="created_by">DESKTOP-USI39UT\Brigitta</sdl:value><sdl:value key="created_on">10/04/2017 14:05:41</sdl:value><sdl:value key="last_modified_by">DESKTOP-USI39UT\Brigitta</sdl:value><sdl:value key="modified_on">10/06/2017 10:29:24</sdl:value><sdl:value key="SDL:OriginalTranslationHash">2131890244</sdl:value></sdl:prev-origin><sdl:value key="SegmentIdentityHash">YYX6d1eSvM+p/LsJAg2rum9IkfE=</sdl:value><sdl:value key="created_by">RHEINDOM\d.bartsch</sdl:value><sdl:value key="created_on">10/10/2017 07:21:12</sdl:value><sdl:value key="last_modified_by">RHEINDOM\d.bartsch</sdl:value><sdl:value key="modified_on">10/10/2017 07:21:12</sdl:value><sdl:value key="SDL:OriginalTranslationHash">1992835524</sdl:value></sdl:seg></sdl:seg-defs></trans-unit></group><group><sdl:cxts><sdl:cxt id="31"/></sdl:cxts><trans-unit id="8fb79f0c-a614-4748-be3f-533bcd3290d7"><source>http://www.utc.com/pages/privacy.aspx</source><seg-source><mrk mtype="seg" mid="40">http://www.utc.com/pages/privacy.aspx</mrk></seg-source><target><mrk mtype="seg" mid="40">http://www.utc.com/pages/privacy.aspx</mrk></target><sdl:seg-defs><sdl:seg id="40" conf="Translated" origin="tm" origin-system="LocalizationKit_en-US_de-DE" percent="100"><sdl:rep id="7ZdnrmvZzFuqd0UpcfHaO3zMfds="/><sdl:value key="SegmentIdentityHash">7ZdnrmvZzFuqd0UpcfHaO3zMfds=</sdl:value><sdl:value key="created_by">DESKTOP-USI39UT\Brigitta</sdl:value><sdl:value key="created_on">10/04/2017 14:07:04</sdl:value><sdl:value key="last_modified_by">DESKTOP-USI39UT\Brigitta</sdl:value><sdl:value key="modified_on">10/06/2017 10:29:26</sdl:value><sdl:value key="SDL:OriginalTranslationHash">655664524</sdl:value></sdl:seg></sdl:seg-defs></trans-unit></group><group><sdl:cxts><sdl:cxt id="32"/><sdl:cxt id="4"/></sdl:cxts><trans-unit id="53860175-a932-467f-9ffe-8614bdc370d7"><source>CCS<g id="352"> relies on available legal mechanisms to enable the legal transfer of personal information across borders.</g><g id="352"> </g><g id="352">To the extent that</g> CCS<g id="373"> relies on the standard contractual clauses (also called the model clauses) or</g> <g id="380" xid="453160b9-6df6-4000-9056-a12eef0e7864">Binding Corporate Rules</g><g id="386"> to authorize transfer, </g>CCS<g id="395"><g id="392"> will comply with those requirements, including where there may be a conflict between those requirements and this </g>Privacy <g id="398">Notice.</g></g><g id="395"><g id="398"> </g></g></source><seg-source><mrk mtype="seg" mid="41">CCS<g id="352"> relies on available legal mechanisms to enable the legal transfer of personal information across borders.</g></mrk><g id="352"> </g><mrk mtype="seg" mid="42"><g id="352">To the extent that</g> CCS<g id="373"> relies on the standard contractual clauses (also called the model clauses) or</g> <g id="380" xid="453160b9-6df6-4000-9056-a12eef0e7864">Binding Corporate Rules</g><g id="386"> to authorize transfer, </g>CCS<g id="395"><g id="392"> will comply with those requirements, including where there may be a conflict between those requirements and this </g>Privacy <g id="398">Notice.</g></g></mrk><g id="395"><g id="398"> </g></g></seg-source><target><mrk mtype="seg" mid="41">CCS<g id="352"> stützt sich auf die verfügbaren Rechtsinstrumente, um eine legale grenzüberschreitende Übermittlung personenbezogener Daten zu ermöglichen</g>.</mrk><g id="352"> </g><mrk mtype="seg" mid="42"><g id="352">Soweit sich CCS mit Bezug auf die Genehmigung der Datenübermittlung auf die Standard-Vertragsklauseln (auch als Modellklauseln bezeichnet)</g><g id="373"> bzw. die</g> <g id="380" xid="453160b9-6df6-4000-9056-a12eef0e7864">verbindlichen unternehmensinternen Vorschriften</g><g id="386"> beruft, wird CCS </g><g id="395"><g id="392">die entsprechenden Vorschriften einhalten; dies gilt auch, falls ein Widerspruch zwischen diesen Vorschriften und dem vorliegenden </g><g id="398">Datenschutzhinweis besteht.</g></g></mrk><g id="395"><g id="398"> </g></g></target><sdl:seg-defs><sdl:seg id="41" conf="Translated" origin="tm" origin-system="LocalizationKit_en-US_de-DE" percent="100" text-match="SourceAndTarget"><sdl:value key="SegmentIdentityHash">MKh+s7LKcO/eeD7dPn4WD+zl/qc=</sdl:value><sdl:value key="created_by">DESKTOP-USI39UT\Brigitta</sdl:value><sdl:value key="created_on">10/04/2017 14:08:38</sdl:value><sdl:value key="last_modified_by">DESKTOP-USI39UT\Brigitta</sdl:value><sdl:value key="modified_on">10/06/2017 10:29:27</sdl:value><sdl:value key="SDL:OriginalTranslationHash">1442108150</sdl:value></sdl:seg><sdl:seg id="42" conf="Translated" origin="interactive" percent="99"><sdl:prev-origin origin="tm" origin-system="LocalizationKit_en-US_de-DE" percent="99"><sdl:prev-origin/><sdl:value key="SegmentIdentityHash">eQUEIPuvCrNA10mWxzcGVGrlA6k=</sdl:value><sdl:value key="created_by">DESKTOP-USI39UT\Brigitta</sdl:value><sdl:value key="created_on">10/06/2017 10:29:29</sdl:value><sdl:value key="last_modified_by">DESKTOP-USI39UT\Brigitta</sdl:value><sdl:value key="modified_on">10/06/2017 10:29:29</sdl:value></sdl:prev-origin><sdl:value key="SegmentIdentityHash">eQUEIPuvCrNA10mWxzcGVGrlA6k=</sdl:value><sdl:value key="created_by">DESKTOP-USI39UT\Brigitta</sdl:value><sdl:value key="created_on">10/06/2017 10:29:39</sdl:value><sdl:value key="last_modified_by">DESKTOP-USI39UT\Brigitta</sdl:value><sdl:value key="modified_on">10/06/2017 10:29:39</sdl:value><sdl:value key="SDL:OriginalTranslationHash">-1433673312</sdl:value></sdl:seg></sdl:seg-defs></trans-unit></group><group><sdl:cxts><sdl:cxt id="33"/></sdl:cxts><trans-unit id="453160b9-6df6-4000-9056-a12eef0e7864"><source>http://www.utc.com/pages/privacy.aspx</source><seg-source><mrk mtype="seg" mid="43">http://www.utc.com/pages/privacy.aspx</mrk></seg-source><target><mrk mtype="seg" mid="43">http://www.utc.com/pages/privacy.aspx</mrk></target><sdl:seg-defs><sdl:seg id="43" conf="Translated" origin="tm" origin-system="LocalizationKit_en-US_de-DE" percent="100" text-match="SourceAndTarget"><sdl:rep id="7ZdnrmvZzFuqd0UpcfHaO3zMfds="/><sdl:value key="SegmentIdentityHash">7ZdnrmvZzFuqd0UpcfHaO3zMfds=</sdl:value><sdl:value key="created_by">DESKTOP-USI39UT\Brigitta</sdl:value><sdl:value key="created_on">10/04/2017 14:07:04</sdl:value><sdl:value key="last_modified_by">DESKTOP-USI39UT\Brigitta</sdl:value><sdl:value key="modified_on">10/06/2017 10:29:40</sdl:value><sdl:value key="SDL:OriginalTranslationHash">655664524</sdl:value></sdl:seg></sdl:seg-defs></trans-unit></group><group><sdl:cxts><sdl:cxt id="34"/><sdl:cxt id="4"/></sdl:cxts><trans-unit id="afdfcb6d-8164-464d-bd96-6389e8329662"><source><g id="401">Does CCS use your Personal Information to contact you?</g></source><seg-source><g id="401"><mrk mtype="seg" mid="44">Does CCS use your Personal Information to contact you?</mrk></g></seg-source><target><g id="401"><mrk mtype="seg" mid="44">Verwendet CCS Ihre personenbezogenen Daten für die Kontaktaufnahme?</mrk></g></target><sdl:seg-defs><sdl:seg id="44" conf="Translated" origin="tm" origin-system="LocalizationKit_en-US_de-DE" percent="100" text-match="SourceAndTarget"><sdl:value key="SegmentIdentityHash">NdKdsStpzXWdNUOuzVciK83uSQg=</sdl:value><sdl:value key="created_by">DESKTOP-USI39UT\Brigitta</sdl:value><sdl:value key="created_on">10/04/2017 14:13:47</sdl:value><sdl:value key="last_modified_by">DESKTOP-USI39UT\Brigitta</sdl:value><sdl:value key="modified_on">10/06/2017 10:29:40</sdl:value><sdl:value key="SDL:OriginalTranslationHash">1033644672</sdl:value></sdl:seg></sdl:seg-defs></trans-unit></group><group><sdl:cxts><sdl:cxt id="35"/><sdl:cxt id="4"/></sdl:cxts><trans-unit id="7ebdfc0e-9e1b-4c30-8e91-72a3cd859649"><source><g id="404">CCS may use the Personal Information you provide to contact you about products, services, promotions, special offers, surveys, and other information that may be of interest to you.</g><g id="404">  </g><g id="404">If you prefer not to receive such communications, please use the “unsubscribe” function within the Website or App, or let us know by sending an email to </g><g id="438" xid="3f62819c-62c4-4c85-af4f-8425f8ac83ab">privacy.compliance.ccs@utc.com</g><g id="444">.</g><g id="444">  Also, CCS will ensure that any marketing communications sent by electronic means will provide a simple method for you to opt-out or unsubscribe. Please note that if you unsubscribe from marketing communications, you may continue to receive communications about our account or transactions with us. </g></source><seg-source><g id="404"><mrk mtype="seg" mid="45">CCS may use the Personal Information you provide to contact you about products, services, promotions, special offers, surveys, and other information that may be of interest to you.</mrk></g><g id="404">  </g><mrk mtype="seg" mid="46"><g id="404">If you prefer not to receive such communications, please use the “unsubscribe” function within the Website or App, or let us know by sending an email to </g><g id="438" xid="3f62819c-62c4-4c85-af4f-8425f8ac83ab">privacy.compliance.ccs@utc.com</g><g id="444">.</g></mrk><g id="444">  <mrk mtype="seg" mid="47">Also, CCS will ensure that any marketing communications sent by electronic means will provide a simple method for you to opt-out or unsubscribe.</mrk> <mrk mtype="seg" mid="48">Please note that if you unsubscribe from marketing communications, you may continue to receive communications about our account or transactions with us.</mrk> </g></seg-source><target><g id="404"><mrk mtype="seg" mid="45">CCS kann die von Ihnen übermittelten personenbezogenen Daten verwenden, um Sie zu kontaktieren und über Produkte, Dienstleistungen, Aktionen, Sonderangebote, Umfragen oder sonstige Dinge, die für Sie von Interesse sein könnten, zu informieren.</mrk></g><g id="404">  </g><mrk mtype="seg" mid="46"><g id="404">Wenn Sie keine Mitteilungen dieser Art erhalten wollen, nutzen Sie bitte die „Abbestellen“-Funktion auf der Website oder in der App oder schicken Sie uns eine E-Mail an </g><g id="438" xid="3f62819c-62c4-4c85-af4f-8425f8ac83ab">privacy.compliance.ccs@utc.com</g><g id="444">.</g></mrk><g id="444">  <mrk mtype="seg" mid="47">CCS wird außerdem sicherstellen, dass bei allen Marketingmitteilungen, die über elektronische Wege gesendet werden, eine einfache Abbestellmöglichkeit zur Verfügung steht.</mrk> <mrk mtype="seg" mid="48">Beachten Sie bitte, dass Sie weiterhin Mitteilungen zu Ihrem Konto oder Ihren Transaktionen mit uns erhalten, auch wenn Sie dem Erhalt von Marketingmitteilungen widersprechen.</mrk> </g></target><sdl:seg-defs><sdl:seg id="45" conf="Translated" origin="tm" origin-system="LocalizationKit_en-US_de-DE" percent="100" text-match="SourceAndTarget"><sdl:value key="SegmentIdentityHash">fETS0XGzB2wMx6i+f/0vXuWLGco=</sdl:value><sdl:value key="created_by">DESKTOP-USI39UT\Brigitta</sdl:value><sdl:value key="created_on">10/04/2017 14:14:19</sdl:value><sdl:value key="last_modified_by">DESKTOP-USI39UT\Brigitta</sdl:value><sdl:value key="modified_on">10/06/2017 10:29:41</sdl:value><sdl:value key="SDL:OriginalTranslationHash">-1526923068</sdl:value></sdl:seg><sdl:seg id="46" conf="Translated" origin="tm" origin-system="LocalizationKit_en-US_de-DE" percent="100" text-match="SourceAndTarget"><sdl:value key="SegmentIdentityHash">4rAb/f/bNoapj44m2Kk8cvOU55o=</sdl:value><sdl:value key="created_by">DESKTOP-USI39UT\Brigitta</sdl:value><sdl:value key="created_on">10/04/2017 14:15:16</sdl:value><sdl:value key="last_modified_by">DESKTOP-USI39UT\Brigitta</sdl:value><sdl:value key="modified_on">10/06/2017 10:29:41</sdl:value><sdl:value key="SDL:OriginalTranslationHash">-280774476</sdl:value></sdl:seg><sdl:seg id="47" conf="Translated" origin="tm" origin-system="LocalizationKit_en-US_de-DE" percent="100" text-match="SourceAndTarget"><sdl:value key="SegmentIdentityHash">3CIN1b/XsrMMAKm+JsFUE/TfkHI=</sdl:value><sdl:value key="created_by">DESKTOP-USI39UT\Brigitta</sdl:value><sdl:value key="created_on">10/04/2017 14:19:09</sdl:value><sdl:value key="last_modified_by">DESKTOP-USI39UT\Brigitta</sdl:value><sdl:value key="modified_on">10/06/2017 10:29:41</sdl:value><sdl:value key="SDL:OriginalTranslationHash">1425447579</sdl:value></sdl:seg><sdl:seg id="48" conf="Translated" origin="tm" origin-system="LocalizationKit_en-US_de-DE" percent="100" text-match="SourceAndTarget"><sdl:value key="SegmentIdentityHash">8zUzjt+Qph2iCjq3WrekHV8tbSM=</sdl:value><sdl:value key="created_by">DESKTOP-USI39UT\Brigitta</sdl:value><sdl:value key="created_on">10/04/2017 14:20:31</sdl:value><sdl:value key="last_modified_by">DESKTOP-USI39UT\Brigitta</sdl:value><sdl:value key="modified_on">10/06/2017 10:29:42</sdl:value><sdl:value key="SDL:OriginalTranslationHash">1452357057</sdl:value></sdl:seg></sdl:seg-defs></trans-unit></group><group><sdl:cxts><sdl:cxt id="36"/></sdl:cxts><trans-unit id="3f62819c-62c4-4c85-af4f-8425f8ac83ab"><source>privacy.compliance.ccs@utc.com</source><seg-source><mrk mtype="seg" mid="49">privacy.compliance.ccs@utc.com</mrk></seg-source><target><mrk mtype="seg" mid="49">privacy.compliance.ccs@utc.com</mrk></target><sdl:seg-defs><sdl:seg id="49" conf="Translated" origin="tm" origin-system="LocalizationKit_en-US_de-DE" percent="100"><sdl:rep id="XIkr2gLBu88J61TndouhKBSsqW4="/><sdl:value key="SegmentIdentityHash">XIkr2gLBu88J61TndouhKBSsqW4=</sdl:value><sdl:value key="created_by">DESKTOP-USI39UT\Brigitta</sdl:value><sdl:value key="created_on">10/04/2017 14:21:26</sdl:value><sdl:value key="last_modified_by">DESKTOP-USI39UT\Brigitta</sdl:value><sdl:value key="modified_on">10/06/2017 10:29:42</sdl:value><sdl:value key="SDL:OriginalTranslationHash">-1650288057</sdl:value></sdl:seg></sdl:seg-defs></trans-unit></group><group><sdl:cxts><sdl:cxt id="37"/><sdl:cxt id="4"/></sdl:cxts><trans-unit id="72851416-7c4e-4b1c-9631-709be2023e22"><source><g id="462">Does CCS share the information it collects?</g></source><seg-source><g id="462"><mrk mtype="seg" mid="50">Does CCS share the information it collects?</mrk></g></seg-source><target><g id="462"><mrk mtype="seg" mid="50">Gibt CCS die erfassten Informationen weiter?</mrk></g></target><sdl:seg-defs><sdl:seg id="50" conf="Translated" origin="tm" origin-system="LocalizationKit_en-US_de-DE" percent="100" text-match="SourceAndTarget"><sdl:value key="SegmentIdentityHash">UhONIMa0xqU+/kVqsMUO0pPelKA=</sdl:value><sdl:value key="created_by">DESKTOP-USI39UT\Brigitta</sdl:value><sdl:value key="created_on">10/04/2017 14:21:31</sdl:value><sdl:value key="last_modified_by">DESKTOP-USI39UT\Brigitta</sdl:value><sdl:value key="modified_on">10/06/2017 10:29:42</sdl:value><sdl:value key="SDL:OriginalTranslationHash">1374178501</sdl:value></sdl:seg></sdl:seg-defs></trans-unit></group><group><sdl:cxts><sdl:cxt id="38"/><sdl:cxt id="4"/></sdl:cxts><trans-unit id="79c54ede-48c0-4318-a604-6d0f96e1604a"><source><g id="471">CCS may share your Personal Information with our affiliated companies, such as companies in UTC’s group of companies, and/or companies in which CCS has control, through either direct or indirect ownership for the purposes set out above.</g></source><seg-source><g id="471"><mrk mtype="seg" mid="51">CCS may share your Personal Information with our affiliated companies, such as companies in UTC’s group of companies, and/or companies in which CCS has control, through either direct or indirect ownership for the purposes set out above.</mrk></g></seg-source><target><g id="471"><mrk mtype="seg" mid="51">CCS kann Ihre personenbezogenen Daten für die oben beschriebenen Zwecke an seine verbundenen Unternehmen wie beispielsweise Unternehmen, die zum UTC-Konzern gehören, bzw. Unternehmen, die von CCS entweder direkt oder indirekt beherrscht werden, weitergeben.</mrk></g></target><sdl:seg-defs><sdl:seg id="51" conf="Translated" origin="interactive" percent="100" text-match="SourceAndTarget"><sdl:prev-origin origin="tm" origin-system="LocalizationKit_en-US_de-DE" percent="100" text-match="SourceAndTarget"><sdl:prev-origin/><sdl:value key="SegmentIdentityHash">FU2AATlh+9BFuU0tYw8qwLd0mkc=</sdl:value><sdl:value key="created_by">DESKTOP-USI39UT\Brigitta</sdl:value><sdl:value key="created_on">10/04/2017 14:21:47</sdl:value><sdl:value key="last_modified_by">DESKTOP-USI39UT\Brigitta</sdl:value><sdl:value key="modified_on">10/06/2017 10:29:43</sdl:value><sdl:value key="SDL:OriginalTranslationHash">1388726299</sdl:value></sdl:prev-origin><sdl:value key="SegmentIdentityHash">FU2AATlh+9BFuU0tYw8qwLd0mkc=</sdl:value><sdl:value key="created_by">RHEINDOM\d.bartsch</sdl:value><sdl:value key="created_on">10/10/2017 07:21:37</sdl:value><sdl:value key="last_modified_by">RHEINDOM\d.bartsch</sdl:value><sdl:value key="modified_on">10/10/2017 07:21:37</sdl:value><sdl:value key="SDL:OriginalTranslationHash">-1704325408</sdl:value></sdl:seg></sdl:seg-defs></trans-unit></group><group><sdl:cxts><sdl:cxt id="39"/><sdl:cxt id="4"/></sdl:cxts><trans-unit id="c666158a-963b-4e0f-a8a1-de49c5e83166"><source><g id="507">CCS will not sell or otherwise transfer or share your Personal Information outside of the companies identified above, except to:</g></source><seg-source><g id="507"><mrk mtype="seg" mid="52">CCS will not sell or otherwise transfer or share your Personal Information outside of the companies identified above, except to:</mrk></g></seg-source><target><g id="507"><mrk mtype="seg" mid="52">Es erfolgt durch CCS kein Verkauf bzw. keine sonstige Übertragung oder Weitergabe Ihrer personenbezogenen Daten an andere als die oben beschriebenen Unternehmen, mit Ausnahme von:</mrk></g></target><sdl:seg-defs><sdl:seg id="52" conf="Translated" origin="tm" origin-system="LocalizationKit_en-US_de-DE" percent="100" text-match="SourceAndTarget"><sdl:value key="SegmentIdentityHash">BlFzomoswq7/ySpJeuIqlHUTQMU=</sdl:value><sdl:value key="created_by">DESKTOP-USI39UT\Brigitta</sdl:value><sdl:value key="created_on">10/04/2017 14:23:55</sdl:value><sdl:value key="last_modified_by">DESKTOP-USI39UT\Brigitta</sdl:value><sdl:value key="modified_on">10/06/2017 10:29:43</sdl:value><sdl:value key="SDL:OriginalTranslationHash">446677434</sdl:value></sdl:seg></sdl:seg-defs></trans-unit></group><group><sdl:cxts><sdl:cxt id="40"/><sdl:cxt id="16"/></sdl:cxts><trans-unit id="b7ebc40d-847f-4972-905b-5c27e8048993"><source><g id="522">Service providers, dealers, distributors, agents or contractors that CCS has retained to perform services on our behalf.  CCS will only share your Personal Information with third parties whom CCS has contractually restricted from using or disclosing the information except as necessary to perform services on our behalf or to comply with  legal requirements;</g></source><seg-source><g id="522"><mrk mtype="seg" mid="53">Service providers, dealers, distributors, agents or contractors that CCS has retained to perform services on our behalf.</mrk>  <mrk mtype="seg" mid="54">CCS will only share your Personal Information with third parties whom CCS has contractually restricted from using or disclosing the information except as necessary to perform services on our behalf or to comply with  legal requirements;</mrk></g></seg-source><target><g id="522"><mrk mtype="seg" mid="53">Dienstleistern, Händlern, Distributoren, Vertretern oder Auftragnehmern, die von CCS mit der Durchführung von Dienstleistungen beauftragt wurden.</mrk>  <mrk mtype="seg" mid="54">CCS wird Ihre personenbezogenen Daten nur an Dritte weitergeben, die sich gegenüber CCS vertraglich verpflichtet haben, die Informationen ausschließlich insoweit zu verwenden oder offenzulegen, wie es zur Durchführung der Dienstleistungen in unserem Auftrag oder zur Erfüllung der gesetzlichen Vorschriften notwendig ist;</mrk></g></target><sdl:seg-defs><sdl:seg id="53" conf="Translated" origin="tm" origin-system="LocalizationKit_en-US_de-DE" percent="100" text-match="SourceAndTarget"><sdl:value key="SegmentIdentityHash">1+S0vAfsqh0QRvF07NlC5QKwQIE=</sdl:value><sdl:value key="created_by">DESKTOP-USI39UT\Brigitta</sdl:value><sdl:value key="created_on">10/04/2017 14:24:57</sdl:value><sdl:value key="last_modified_by">DESKTOP-USI39UT\Brigitta</sdl:value><sdl:value key="modified_on">10/06/2017 10:29:44</sdl:value><sdl:value key="SDL:OriginalTranslationHash">347778734</sdl:value></sdl:seg><sdl:seg id="54" conf="Translated" origin="tm" origin-system="LocalizationKit_en-US_de-DE" percent="100" text-match="SourceAndTarget"><sdl:value key="SegmentIdentityHash">+tgwoujC6gflOaYNBM7tyX58gHQ=</sdl:value><sdl:value key="created_by">DESKTOP-USI39UT\Brigitta</sdl:value><sdl:value key="created_on">10/04/2017 14:26:11</sdl:value><sdl:value key="last_modified_by">DESKTOP-USI39UT\Brigitta</sdl:value><sdl:value key="modified_on">10/06/2017 10:29:44</sdl:value><sdl:value key="SDL:OriginalTranslationHash">-525539317</sdl:value></sdl:seg></sdl:seg-defs></trans-unit></group><group><sdl:cxts><sdl:cxt id="41"/><sdl:cxt id="16"/></sdl:cxts><trans-unit id="3846f72c-7878-4d30-9bae-5d99acfc9588"><source><g id="537">Comply with legal obligations, such as in response to a legitimate legal request from law enforcement authorities, courts or other government regulators or authorities, among other things;</g></source><seg-source><g id="537"><mrk mtype="seg" mid="55">Comply with legal obligations, such as in response to a legitimate legal request from law enforcement authorities, courts or other government regulators or authorities, among other things;</mrk></g></seg-source><target><g id="537"><mrk mtype="seg" mid="55">Um gesetzlichen Verpflichtungen nachzukommen, zum Beispiel, um ein legitimes Rechtsersuchen einer Strafverfolgungsbehörde, eines Gerichts oder einer anderen staatlichen Aufsichtsbehörde oder sonstigen Behörde zu beantworten;</mrk></g></target><sdl:seg-defs><sdl:seg id="55" conf="Translated" origin="tm" origin-system="LocalizationKit_en-US_de-DE" percent="100" text-match="SourceAndTarget"><sdl:value key="SegmentIdentityHash">8AtCkaiephsnwsSvO8tpRAaG8Fg=</sdl:value><sdl:value key="created_by">DESKTOP-USI39UT\Brigitta</sdl:value><sdl:value key="created_on">10/04/2017 14:29:48</sdl:value><sdl:value key="last_modified_by">DESKTOP-USI39UT\Brigitta</sdl:value><sdl:value key="modified_on">10/06/2017 10:29:44</sdl:value><sdl:value key="SDL:OriginalTranslationHash">-478842546</sdl:value></sdl:seg></sdl:seg-defs></trans-unit></group><group><sdl:cxts><sdl:cxt id="42"/><sdl:cxt id="16"/></sdl:cxts><trans-unit id="7ce39aa0-cac5-4d93-90fc-b6194ab24b99"><source><g id="540">Investigate suspected or actual illegal activity;</g></source><seg-source><g id="540"><mrk mtype="seg" mid="56">Investigate suspected or actual illegal activity;</mrk></g></seg-source><target><g id="540"><mrk mtype="seg" mid="56">Vermutete oder tatsächliche rechtswidrige Handlungen zu untersuchen;</mrk></g></target><sdl:seg-defs><sdl:seg id="56" conf="Translated" origin="tm" origin-system="LocalizationKit_en-US_de-DE" percent="100" text-match="Source"><sdl:value key="SegmentIdentityHash">o/RLOU4wgaUseiDKlAjrPpu/2Tk=</sdl:value><sdl:value key="created_by">DESKTOP-USI39UT\Brigitta</sdl:value><sdl:value key="created_on">10/04/2017 14:30:43</sdl:value><sdl:value key="last_modified_by">DESKTOP-USI39UT\Brigitta</sdl:value><sdl:value key="modified_on">10/06/2017 10:29:45</sdl:value><sdl:value key="SDL:OriginalTranslationHash">1243374134</sdl:value></sdl:seg></sdl:seg-defs></trans-unit></group><group><sdl:cxts><sdl:cxt id="43"/><sdl:cxt id="16"/></sdl:cxts><trans-unit id="129db6e8-97e8-4c6c-961c-470d0cef3fb9"><source><g id="543">Prevent physical harm or financial loss; or</g></source><seg-source><g id="543"><mrk mtype="seg" mid="57">Prevent physical harm or financial loss; or</mrk></g></seg-source><target><g id="543"><mrk mtype="seg" mid="57">Physische Schäden oder finanzielle Verluste zu verhindern oder</mrk></g></target><sdl:seg-defs><sdl:seg id="57" conf="Translated" origin="tm" origin-system="LocalizationKit_en-US_de-DE" percent="100" text-match="SourceAndTarget"><sdl:value key="SegmentIdentityHash">dEVAeb7KqcBnvZ259Q1xlWkQC18=</sdl:value><sdl:value key="created_by">DESKTOP-USI39UT\Brigitta</sdl:value><sdl:value key="created_on">10/04/2017 14:31:03</sdl:value><sdl:value key="last_modified_by">DESKTOP-USI39UT\Brigitta</sdl:value><sdl:value key="modified_on">10/06/2017 10:29:45</sdl:value><sdl:value key="SDL:OriginalTranslationHash">2024556147</sdl:value></sdl:seg></sdl:seg-defs></trans-unit></group><group><sdl:cxts><sdl:cxt id="44"/><sdl:cxt id="16"/></sdl:cxts><trans-unit id="1e216987-fd20-40df-85f1-185190588af4"><source><g id="549">Support the sale or transfer of all or a portion of our business or assets (including through bankruptcy).</g></source><seg-source><g id="549"><mrk mtype="seg" mid="58">Support the sale or transfer of all or a portion of our business or assets (including through bankruptcy).</mrk></g></seg-source><target><g id="549"><mrk mtype="seg" mid="58">Den Verkauf oder die Übertragung des gesamten oder von Teilen unseres Geschäfts oder unserer Vermögenswerte (einschließlich im Falle eines Konkurses) zu ermöglichen.</mrk></g></target><sdl:seg-defs><sdl:seg id="58" conf="Translated" origin="tm" origin-system="LocalizationKit_en-US_de-DE" percent="100"><sdl:value key="SegmentIdentityHash">1Q9/I/K7HQFTOPYh8GsUuJgw3AA=</sdl:value><sdl:value key="created_by">DESKTOP-USI39UT\Brigitta</sdl:value><sdl:value key="created_on">10/04/2017 14:31:28</sdl:value><sdl:value key="last_modified_by">DESKTOP-USI39UT\Brigitta</sdl:value><sdl:value key="modified_on">10/06/2017 10:29:45</sdl:value><sdl:value key="SDL:OriginalTranslationHash">1246538444</sdl:value></sdl:seg></sdl:seg-defs></trans-unit></group><group><sdl:cxts><sdl:cxt id="45"/><sdl:cxt id="4"/></sdl:cxts><trans-unit id="9e957833-1bd4-4b1d-a120-9f2aec393f21"><source><g id="555">Your personal information may also be maintained and processed by our service providers in the United States, the member states of the European Union, Canada, Asia, and in other jurisdictions.</g></source><seg-source><g id="555"><mrk mtype="seg" mid="59">Your personal information may also be maintained and processed by our service providers in the United States, the member states of the European Union, Canada, Asia, and in other jurisdictions.</mrk></g></seg-source><target><g id="555"><mrk mtype="seg" mid="59">Ihre personenbezogenen Daten können auch von unseren Dienstleistern in den USA, den Mitgliedstaaten der Europäischen Union, in Kanada, Asien und in anderen Ländern gespeichert und verarbeitet werden.</mrk></g></target><sdl:seg-defs><sdl:seg id="59" conf="Translated" origin="tm" origin-system="LocalizationKit_en-US_de-DE" percent="100" text-match="SourceAndTarget"><sdl:value key="SegmentIdentityHash">qFiM8kkzroeO5CP9fB2RrdUMVHA=</sdl:value><sdl:value key="created_by">DESKTOP-USI39UT\Brigitta</sdl:value><sdl:value key="created_on">10/04/2017 14:34:32</sdl:value><sdl:value key="last_modified_by">DESKTOP-USI39UT\Brigitta</sdl:value><sdl:value key="modified_on">10/06/2017 10:29:46</sdl:value><sdl:value key="SDL:OriginalTranslationHash">-1144312300</sdl:value></sdl:seg></sdl:seg-defs></trans-unit></group><group><sdl:cxts><sdl:cxt id="46"/><sdl:cxt id="4"/></sdl:cxts><trans-unit id="81b71f29-a4ef-4291-b622-a72ea8a477af"><source><g id="579">How does CCS secure Personal Information?</g></source><seg-source><g id="579"><mrk mtype="seg" mid="60">How does CCS secure Personal Information?</mrk></g></seg-source><target><g id="579"><mrk mtype="seg" mid="60">Wie sichert CCS Ihre personenbezogenen Daten?</mrk></g></target><sdl:seg-defs><sdl:seg id="60" conf="Translated" origin="tm" origin-system="LocalizationKit_en-US_de-DE" percent="100" text-match="SourceAndTarget"><sdl:value key="SegmentIdentityHash">ySoSIWYu8c6o0RWgmXiDwB4NSwY=</sdl:value><sdl:value key="created_by">DESKTOP-USI39UT\Brigitta</sdl:value><sdl:value key="created_on">10/04/2017 14:35:14</sdl:value><sdl:value key="last_modified_by">DESKTOP-USI39UT\Brigitta</sdl:value><sdl:value key="modified_on">10/06/2017 10:29:46</sdl:value><sdl:value key="SDL:OriginalTranslationHash">-1028308408</sdl:value></sdl:seg></sdl:seg-defs></trans-unit></group><group><sdl:cxts><sdl:cxt id="47"/><sdl:cxt id="4"/></sdl:cxts><trans-unit id="839ad11d-757f-46af-8ea6-235c5dc95f6d"><source>CCS is committed to ensuring the security and integrity of Personal Information. CCS has adopted reasonable physical, electronic and managerial procedures to safeguard your Personal Information.  However, due to the nature of Internet communications, we cannot guarantee or warrant that your transmission to us is secure.  </source><seg-source><mrk mtype="seg" mid="61">CCS is committed to ensuring the security and integrity of Personal Information.</mrk> <mrk mtype="seg" mid="62">CCS has adopted reasonable physical, electronic and managerial procedures to safeguard your Personal Information.</mrk>  <mrk mtype="seg" mid="63">However, due to the nature of Internet communications, we cannot guarantee or warrant that your transmission to us is secure.</mrk>  </seg-source><target><mrk mtype="seg" mid="61">CCS verpflichtet sich, für die Sicherheit und Unversehrtheit Ihrer personenbezogenen Daten Sorge zu tragen.</mrk> <mrk mtype="seg" mid="62">CCS hat angemessene physikalische, elektronische und verwaltungstechnische Verfahren eingeführt, um Ihre personenbezogenen Daten zu schützen.</mrk>  <mrk mtype="seg" mid="63">Aufgrund der Natur der Kommunikation über das Internet können wir jedoch keine Garantie oder Gewähr dafür bieten, dass die Datenübertragung an uns sicher ist.</mrk>  </target><sdl:seg-defs><sdl:seg id="61" conf="Translated" origin="tm" origin-system="LocalizationKit_en-US_de-DE" percent="100" text-match="SourceAndTarget"><sdl:value key="SegmentIdentityHash">k2fcPhkOyAy7H76hvfDvpbvYN1E=</sdl:value><sdl:value key="created_by">DESKTOP-USI39UT\Brigitta</sdl:value><sdl:value key="created_on">10/04/2017 14:35:30</sdl:value><sdl:value key="last_modified_by">DESKTOP-USI39UT\Brigitta</sdl:value><sdl:value key="modified_on">10/06/2017 10:29:47</sdl:value><sdl:value key="SDL:OriginalTranslationHash">-1421503373</sdl:value></sdl:seg><sdl:seg id="62" conf="Translated" origin="tm" origin-system="LocalizationKit_en-US_de-DE" percent="100" text-match="SourceAndTarget"><sdl:value key="SegmentIdentityHash">Q27CvMy8wJD12LCTi+rVQx+o5Vg=</sdl:value><sdl:value key="created_by">DESKTOP-USI39UT\Brigitta</sdl:value><sdl:value key="created_on">10/04/2017 14:37:40</sdl:value><sdl:value key="last_modified_by">DESKTOP-USI39UT\Brigitta</sdl:value><sdl:value key="modified_on">10/06/2017 10:29:47</sdl:value><sdl:value key="SDL:OriginalTranslationHash">171990192</sdl:value></sdl:seg><sdl:seg id="63" conf="Translated" origin="tm" origin-system="LocalizationKit_en-US_de-DE" percent="100" text-match="SourceAndTarget"><sdl:value key="SegmentIdentityHash">twS2YxxbJV1b2aUwfsEIYerSBs8=</sdl:value><sdl:value key="created_by">DESKTOP-USI39UT\Brigitta</sdl:value><sdl:value key="created_on">10/04/2017 14:39:09</sdl:value><sdl:value key="last_modified_by">DESKTOP-USI39UT\Brigitta</sdl:value><sdl:value key="modified_on">10/06/2017 10:29:47</sdl:value><sdl:value key="SDL:OriginalTranslationHash">604875321</sdl:value></sdl:seg></sdl:seg-defs></trans-unit></group><group><sdl:cxts><sdl:cxt id="48"/><sdl:cxt id="4"/></sdl:cxts><trans-unit id="e7344224-8942-400d-8fef-a735b0c1f5da"><source><g id="585">How can you correct, change or delete your information held by CCS?</g></source><seg-source><g id="585"><mrk mtype="seg" mid="64">How can you correct, change or delete your information held by CCS?</mrk></g></seg-source><target><g id="585"><mrk mtype="seg" mid="64">Wie können Sie Ihre von CCS gespeicherten Daten berichtigen, ändern oder löschen?</mrk></g></target><sdl:seg-defs><sdl:seg id="64" conf="Translated" origin="tm" origin-system="LocalizationKit_en-US_de-DE" percent="100" text-match="SourceAndTarget"><sdl:value key="SegmentIdentityHash">k9x0BroZjvT39RDNgeSr+mNqpnE=</sdl:value><sdl:value key="created_by">DESKTOP-USI39UT\Brigitta</sdl:value><sdl:value key="created_on">10/04/2017 14:41:40</sdl:value><sdl:value key="last_modified_by">DESKTOP-USI39UT\Brigitta</sdl:value><sdl:value key="modified_on">10/06/2017 10:29:48</sdl:value><sdl:value key="SDL:OriginalTranslationHash">276153046</sdl:value></sdl:seg></sdl:seg-defs></trans-unit></group><group><sdl:cxts><sdl:cxt id="49"/><sdl:cxt id="4"/></sdl:cxts><trans-unit id="ba12d196-93bd-496a-b6b1-c9328fa1ea2b"><source>You may request to access, update, correct, change, or delete your Personal Information at any time. CCS will use reasonable efforts to timely update and/or remove information.  To protect the user’s privacy and security, CCS will take steps to verify the user’s identity before making any requested change.  To access, change, or delete your Personal Information, to report problems with the Website, to ask questions or to raise concerns, send an email to <g id="592" xid="6311b396-2201-412d-a4f8-7aaf9c619f6a">privacy.compliance.ccs@utc.com</g>. Some of our Websites, Apps, and social media accounts allow you to make corrections directly at the site without need to further contact CCS.  </source><seg-source><mrk mtype="seg" mid="65">You may request to access, update, correct, change, or delete your Personal Information at any time.</mrk> <mrk mtype="seg" mid="66">CCS will use reasonable efforts to timely update and/or remove information.</mrk>  <mrk mtype="seg" mid="67">To protect the user’s privacy and security, CCS will take steps to verify the user’s identity before making any requested change.</mrk>  <mrk mtype="seg" mid="68">To access, change, or delete your Personal Information, to report problems with the Website, to ask questions or to raise concerns, send an email to <g id="592" xid="6311b396-2201-412d-a4f8-7aaf9c619f6a">privacy.compliance.ccs@utc.com</g>.</mrk> <mrk mtype="seg" mid="69">Some of our Websites, Apps, and social media accounts allow you to make corrections directly at the site without need to further contact CCS.</mrk>  </seg-source><target><mrk mtype="seg" mid="65">Sie können zu jeder Zeit Zugriff auf Ihre personenbezogenen Daten verlangen und diese aktualisieren, berichtigen, ändern oder löschen.</mrk> <mrk mtype="seg" mid="66">CCS wird angemessene Anstrengungen unternehmen, um die betreffenden Daten zeitnah zu aktualisieren bzw. zu entfernen.</mrk>  <mrk mtype="seg" mid="67">Um die Privatsphäre und Sicherheit der Nutzer zu schützen, wird CCS entsprechende Schritte unternehmen, um die Identität des Nutzers zu überprüfen, bevor eine verlangte Änderung ausgeführt wird.</mrk>  <mrk mtype="seg" mid="68">Um Zugriff auf Ihre personenbezogenen Daten zu erhalten, diese zu ändern oder zu löschen oder Probleme in Zusammenhang mit der Website zu melden, Fragen zu stellen oder Bedenken zu äußern, senden Sie bitte eine E-Mail an <g id="592" xid="6311b396-2201-412d-a4f8-7aaf9c619f6a">privacy.compliance.ccs@utc.com</g>.</mrk> <mrk mtype="seg" mid="69">Bei einigen unserer Websites, Apps und Social Media-Konten ist es auch möglich, die Daten direkt auf der Website zu berichtigen, ohne dass Sie zuvor CCS kontaktieren müssen.</mrk>  </target><sdl:seg-defs><sdl:seg id="65" conf="Translated" origin="interactive" percent="100" text-match="SourceAndTarget"><sdl:prev-origin origin="tm" origin-system="LocalizationKit_en-US_de-DE" percent="100" text-match="SourceAndTarget"><sdl:prev-origin/><sdl:value key="SegmentIdentityHash">iMHV5wfuN6SaoUpqu0ztkE1ZyYE=</sdl:value><sdl:value key="created_by">DESKTOP-USI39UT\Brigitta</sdl:value><sdl:value key="created_on">10/04/2017 14:42:12</sdl:value><sdl:value key="last_modified_by">DESKTOP-USI39UT\Brigitta</sdl:value><sdl:value key="modified_on">10/06/2017 10:29:48</sdl:value><sdl:value key="SDL:OriginalTranslationHash">1561807192</sdl:value></sdl:prev-origin><sdl:value key="SegmentIdentityHash">iMHV5wfuN6SaoUpqu0ztkE1ZyYE=</sdl:value><sdl:value key="created_by">RHEINDOM\d.bartsch</sdl:value><sdl:value key="created_on">10/10/2017 07:22:27</sdl:value><sdl:value key="last_modified_by">RHEINDOM\d.bartsch</sdl:value><sdl:value key="modified_on">10/10/2017 07:22:27</sdl:value><sdl:value key="SDL:OriginalTranslationHash">1548423420</sdl:value></sdl:seg><sdl:seg id="66" conf="Translated" origin="tm" origin-system="LocalizationKit_en-US_de-DE" percent="100" text-match="SourceAndTarget"><sdl:value key="SegmentIdentityHash">RqFVUH7t/8OPAzS8mbZwRj1BLnQ=</sdl:value><sdl:value key="created_by">DESKTOP-USI39UT\Brigitta</sdl:value><sdl:value key="created_on">10/04/2017 14:43:04</sdl:value><sdl:value key="last_modified_by">DESKTOP-USI39UT\Brigitta</sdl:value><sdl:value key="modified_on">10/06/2017 10:29:48</sdl:value><sdl:value key="SDL:OriginalTranslationHash">2126328387</sdl:value></sdl:seg><sdl:seg id="67" conf="Translated" origin="tm" origin-system="LocalizationKit_en-US_de-DE" percent="100" text-match="SourceAndTarget"><sdl:value key="SegmentIdentityHash">aJSmlcyeyyMnmwy+UiPfTyLVFd0=</sdl:value><sdl:value key="created_by">DESKTOP-USI39UT\Brigitta</sdl:value><sdl:value key="created_on">10/04/2017 14:43:35</sdl:value><sdl:value key="last_modified_by">DESKTOP-USI39UT\Brigitta</sdl:value><sdl:value key="modified_on">10/06/2017 10:29:49</sdl:value><sdl:value key="SDL:OriginalTranslationHash">-1428392580</sdl:value></sdl:seg><sdl:seg id="68" conf="Translated" origin="tm" origin-system="LocalizationKit_en-US_de-DE" percent="100" text-match="SourceAndTarget"><sdl:value key="SegmentIdentityHash">WzPjzrV2ludaSHT4f19AzeYwJBQ=</sdl:value><sdl:value key="created_by">DESKTOP-USI39UT\Brigitta</sdl:value><sdl:value key="created_on">10/04/2017 14:45:08</sdl:value><sdl:value key="last_modified_by">DESKTOP-USI39UT\Brigitta</sdl:value><sdl:value key="modified_on">10/06/2017 10:29:49</sdl:value><sdl:value key="SDL:OriginalTranslationHash">-1904082498</sdl:value></sdl:seg><sdl:seg id="69" conf="Translated" origin="interactive" percent="100" text-match="SourceAndTarget"><sdl:prev-origin origin="tm" origin-system="LocalizationKit_en-US_de-DE" percent="100" text-match="SourceAndTarget"><sdl:prev-origin/><sdl:value key="SegmentIdentityHash">A96bcDmIeN6dBhOXXMqQY/jKeVo=</sdl:value><sdl:value key="created_by">DESKTOP-USI39UT\Brigitta</sdl:value><sdl:value key="created_on">10/04/2017 14:46:07</sdl:value><sdl:value key="last_modified_by">DESKTOP-USI39UT\Brigitta</sdl:value><sdl:value key="modified_on">10/06/2017 10:29:50</sdl:value><sdl:value key="SDL:OriginalTranslationHash">-517003094</sdl:value></sdl:prev-origin><sdl:value key="SegmentIdentityHash">A96bcDmIeN6dBhOXXMqQY/jKeVo=</sdl:value><sdl:value key="created_by">RHEINDOM\d.bartsch</sdl:value><sdl:value key="created_on">10/10/2017 07:23:12</sdl:value><sdl:value key="last_modified_by">RHEINDOM\d.bartsch</sdl:value><sdl:value key="modified_on">10/10/2017 07:23:12</sdl:value><sdl:value key="SDL:OriginalTranslationHash">2041276912</sdl:value></sdl:seg></sdl:seg-defs></trans-unit></group><group><sdl:cxts><sdl:cxt id="50"/></sdl:cxts><trans-unit id="6311b396-2201-412d-a4f8-7aaf9c619f6a"><source>privacy.compliance.ccs@utc.com</source><seg-source><mrk mtype="seg" mid="70">privacy.compliance.ccs@utc.com</mrk></seg-source><target><mrk mtype="seg" mid="70">privacy.compliance.ccs@utc.com</mrk></target><sdl:seg-defs><sdl:seg id="70" conf="Translated" origin="tm" origin-system="LocalizationKit_en-US_de-DE" percent="100" text-match="SourceAndTarget"><sdl:rep id="XIkr2gLBu88J61TndouhKBSsqW4="/><sdl:value key="SegmentIdentityHash">XIkr2gLBu88J61TndouhKBSsqW4=</sdl:value><sdl:value key="created_by">DESKTOP-USI39UT\Brigitta</sdl:value><sdl:value key="created_on">10/04/2017 14:21:26</sdl:value><sdl:value key="last_modified_by">DESKTOP-USI39UT\Brigitta</sdl:value><sdl:value key="modified_on">10/06/2017 10:29:50</sdl:value><sdl:value key="SDL:OriginalTranslationHash">-1650288057</sdl:value></sdl:seg></sdl:seg-defs></trans-unit></group><group><sdl:cxts><sdl:cxt id="51"/><sdl:cxt id="4"/></sdl:cxts><trans-unit id="903ff94d-c9cd-4d13-a9a0-e8ba8d45b497"><source>Please note that while we will assist you in protecting your Personal Information, it is your responsibility to protect your passwords and other access credentials from others.  </source><seg-source><mrk mtype="seg" mid="71">Please note that while we will assist you in protecting your Personal Information, it is your responsibility to protect your passwords and other access credentials from others.</mrk>  </seg-source><target><mrk mtype="seg" mid="71">Bitte beachten Sie, dass wir Sie zwar beim Schutz Ihrer personenbezogenen Daten unterstützen, die Verantwortung für den Schutz Ihrer Passwörter und anderen Anmeldedaten vor dem Zugriff Dritter jedoch bei Ihnen liegt.</mrk>  </target><sdl:seg-defs><sdl:seg id="71" conf="Translated" origin="tm" origin-system="LocalizationKit_en-US_de-DE" percent="100" text-match="SourceAndTarget"><sdl:value key="SegmentIdentityHash">WMnhrLhFeQcgjk+cKSuyt+WD5js=</sdl:value><sdl:value key="created_by">DESKTOP-USI39UT\Brigitta</sdl:value><sdl:value key="created_on">10/04/2017 14:47:06</sdl:value><sdl:value key="last_modified_by">DESKTOP-USI39UT\Brigitta</sdl:value><sdl:value key="modified_on">10/06/2017 10:29:50</sdl:value><sdl:value key="SDL:OriginalTranslationHash">-1167432452</sdl:value></sdl:seg></sdl:seg-defs></trans-unit></group><group><sdl:cxts><sdl:cxt id="52"/><sdl:cxt id="4"/></sdl:cxts><trans-unit id="16669b9e-d25e-4c5a-b2de-caaa42a533e9"><source><g id="598">What should you understand about the third party links that may appear on this Website?</g></source><seg-source><g id="598"><mrk mtype="seg" mid="72">What should you understand about the third party links that may appear on this Website?</mrk></g></seg-source><target><g id="598"><mrk mtype="seg" mid="72">Was sollten Sie über Links Dritter, die auf dieser Website erscheinen, wissen?</mrk></g></target><sdl:seg-defs><sdl:seg id="72" conf="Translated" origin="tm" origin-system="LocalizationKit_en-US_de-DE" percent="100" text-match="SourceAndTarget"><sdl:value key="SegmentIdentityHash">SZ5fIf+OC4ARu9km4yVORJusoHc=</sdl:value><sdl:value key="created_by">DESKTOP-USI39UT\Brigitta</sdl:value><sdl:value key="created_on">10/04/2017 14:48:25</sdl:value><sdl:value key="last_modified_by">DESKTOP-USI39UT\Brigitta</sdl:value><sdl:value key="modified_on">10/06/2017 10:29:51</sdl:value><sdl:value key="SDL:OriginalTranslationHash">936796909</sdl:value></sdl:seg></sdl:seg-defs></trans-unit></group><group><sdl:cxts><sdl:cxt id="53"/><sdl:cxt id="4"/></sdl:cxts><trans-unit id="abcf9ef6-92dd-4b17-95cc-ef87f42894e2"><source><g id="601">In some instances, CCS may provide links to non-CCS controlled websites, which CCS will make reasonable efforts to identify as such.  CCS does not control such third party websites, however, and cannot be responsible for the content or the privacy practices employed by other websites.  Furthermore, this Privacy Notice does not govern information collected about you by third parties.</g></source><seg-source><g id="601"><mrk mtype="seg" mid="73">In some instances, CCS may provide links to non-CCS controlled websites, which CCS will make reasonable efforts to identify as such.</mrk>  <mrk mtype="seg" mid="74">CCS does not control such third party websites, however, and cannot be responsible for the content or the privacy practices employed by other websites.</mrk>  <mrk mtype="seg" mid="75">Furthermore, this Privacy Notice does not govern information collected about you by third parties.</mrk></g></seg-source><target><g id="601"><mrk mtype="seg" mid="73">In einigen Fällen kann CCS Links auf nicht von CCS überwachten Websites zur Verfügung stellen; CCS wird angemessene Anstrengungen unternehmen, um diese als solche kenntlich zu machen.</mrk>  <mrk mtype="seg" mid="74">CCS überwacht jedoch solche Websites Dritter nicht und kann nicht für die Inhalte oder die von anderen Websites angewandten Datenschutzmaßnahmen haftbar gemacht werden.</mrk>  <mrk mtype="seg" mid="75">Außerdem regelt dieser Datenschutzhinweis nicht, welche Informationen diese Websites Dritter über Sie erfassen.</mrk></g></target><sdl:seg-defs><sdl:seg id="73" conf="Translated" origin="interactive" percent="100" text-match="SourceAndTarget"><sdl:prev-origin origin="tm" origin-system="LocalizationKit_en-US_de-DE" percent="100" text-match="SourceAndTarget"><sdl:prev-origin/><sdl:value key="SegmentIdentityHash">FQPwEs+YdW62+Zws8usuF9Td3bU=</sdl:value><sdl:value key="created_by">DESKTOP-USI39UT\Brigitta</sdl:value><sdl:value key="created_on">10/04/2017 14:49:19</sdl:value><sdl:value key="last_modified_by">DESKTOP-USI39UT\Brigitta</sdl:value><sdl:value key="modified_on">10/06/2017 10:29:51</sdl:value><sdl:value key="SDL:OriginalTranslationHash">1202242907</sdl:value></sdl:prev-origin><sdl:value key="SegmentIdentityHash">FQPwEs+YdW62+Zws8usuF9Td3bU=</sdl:value><sdl:value key="created_by">RHEINDOM\d.bartsch</sdl:value><sdl:value key="created_on">10/10/2017 07:23:40</sdl:value><sdl:value key="last_modified_by">RHEINDOM\d.bartsch</sdl:value><sdl:value key="modified_on">10/10/2017 07:23:40</sdl:value><sdl:value key="SDL:OriginalTranslationHash">-586305410</sdl:value></sdl:seg><sdl:seg id="74" conf="Translated" origin="interactive" percent="100" text-match="SourceAndTarget"><sdl:prev-origin origin="tm" origin-system="LocalizationKit_en-US_de-DE" percent="100" text-match="SourceAndTarget"><sdl:prev-origin/><sdl:value key="SegmentIdentityHash">nFz15OOy6/LaMudXDjP50RlhyWw=</sdl:value><sdl:value key="created_by">DESKTOP-USI39UT\Brigitta</sdl:value><sdl:value key="created_on">10/04/2017 14:50:27</sdl:value><sdl:value key="last_modified_by">DESKTOP-USI39UT\Brigitta</sdl:value><sdl:value key="modified_on">10/06/2017 10:29:51</sdl:value><sdl:value key="SDL:OriginalTranslationHash">-1855122118</sdl:value></sdl:prev-origin><sdl:value key="SegmentIdentityHash">nFz15OOy6/LaMudXDjP50RlhyWw=</sdl:value><sdl:value key="created_by">RHEINDOM\d.bartsch</sdl:value><sdl:value key="created_on">10/10/2017 07:23:41</sdl:value><sdl:value key="last_modified_by">RHEINDOM\d.bartsch</sdl:value><sdl:value key="modified_on">10/10/2017 07:23:41</sdl:value><sdl:value key="SDL:OriginalTranslationHash">1123958613</sdl:value></sdl:seg><sdl:seg id="75" conf="Translated" origin="tm" origin-system="LocalizationKit_en-US_de-DE" percent="100" text-match="SourceAndTarget"><sdl:value key="SegmentIdentityHash">+qxdFOgW64ACuHXS1Hy9tQejvxQ=</sdl:value><sdl:value key="created_by">DESKTOP-USI39UT\Brigitta</sdl:value><sdl:value key="created_on">10/04/2017 14:51:04</sdl:value><sdl:value key="last_modified_by">DESKTOP-USI39UT\Brigitta</sdl:value><sdl:value key="modified_on">10/06/2017 10:29:52</sdl:value><sdl:value key="SDL:OriginalTranslationHash">1234531182</sdl:value></sdl:seg></sdl:seg-defs></trans-unit></group><group><sdl:cxts><sdl:cxt id="54"/><sdl:cxt id="4"/></sdl:cxts><trans-unit id="3e1730c0-43c4-4577-880a-b55f6f06f7af"><source><g id="664">How does CCS use cookies or other tracking technologies?</g></source><seg-source><g id="664"><mrk mtype="seg" mid="76">How does CCS use cookies or other tracking technologies?</mrk></g></seg-source><target><g id="664"><mrk mtype="seg" mid="76">Wie verwendet CCS Cookies und andere Tracking-Technologien?</mrk></g></target><sdl:seg-defs><sdl:seg id="76" conf="Translated" origin="tm" origin-system="LocalizationKit_en-US_de-DE" percent="100" text-match="SourceAndTarget"><sdl:value key="SegmentIdentityHash">z9pWOx1B7u83N2BCt/tL11xIcz8=</sdl:value><sdl:value key="created_by">DESKTOP-USI39UT\Brigitta</sdl:value><sdl:value key="created_on">10/04/2017 14:51:43</sdl:value><sdl:value key="last_modified_by">DESKTOP-USI39UT\Brigitta</sdl:value><sdl:value key="modified_on">10/06/2017 10:29:52</sdl:value><sdl:value key="SDL:OriginalTranslationHash">1893673920</sdl:value></sdl:seg></sdl:seg-defs></trans-unit></group><group><sdl:cxts><sdl:cxt id="55"/><sdl:cxt id="4"/></sdl:cxts><trans-unit id="0ce1b43b-3f62-4403-bf40-368662784319"><source><g id="679">Cookies</g></source><seg-source><g id="679"><mrk mtype="seg" mid="77">Cookies</mrk></g></seg-source><target><g id="679"><mrk mtype="seg" mid="77">Cookies</mrk></g></target><sdl:seg-defs><sdl:seg id="77" conf="Translated" origin="tm" origin-system="LocalizationKit_en-US_de-DE" percent="100" text-match="SourceAndTarget"><sdl:value key="SegmentIdentityHash">ARPge0+KZDtUJNEGq1p3nMCNhDA=</sdl:value><sdl:value key="created_by">DESKTOP-USI39UT\Brigitta</sdl:value><sdl:value key="created_on">10/06/2017 08:59:32</sdl:value><sdl:value key="last_modified_by">DESKTOP-USI39UT\Brigitta</sdl:value><sdl:value key="modified_on">10/06/2017 10:29:53</sdl:value><sdl:value key="SDL:OriginalTranslationHash">-1705928916</sdl:value></sdl:seg></sdl:seg-defs></trans-unit></group><group><sdl:cxts><sdl:cxt id="56"/><sdl:cxt id="4"/></sdl:cxts><trans-unit id="44e8ad90-0503-4f9b-aea6-8119f4694f3c"><source><g id="682">CCS may use cookies on this Website.  Cookies are small text files sent to and stored on users’ computers. We use cookies to allow the Website to recognize repeat users, facilitate users’ access to the Website, and allow the Website to compile aggregate data that will allow content improvements.  Cookies do not damage users’ computers or files.  If you do not want cookies to be accessible by this or any other CCS Website, you should adjust the settings on your browser program to deny or disable the use of cookies. However, denying or disabling cookies or similar technology may prevent you from accessing some of our content or using some of the features on the Website. CCS may also use cookies and similar technology placed by one of our business or advertising partners to enable CCS to learn which advertisements bring users to our Website.  </g></source><seg-source><g id="682"><mrk mtype="seg" mid="78">CCS may use cookies on this Website.</mrk>  <mrk mtype="seg" mid="79">Cookies are small text files sent to and stored on users’ computers.</mrk> <mrk mtype="seg" mid="80">We use cookies to allow the Website to recognize repeat users, facilitate users’ access to the Website, and allow the Website to compile aggregate data that will allow content improvements.</mrk>  <mrk mtype="seg" mid="81">Cookies do not damage users’ computers or files.</mrk>  <mrk mtype="seg" mid="82">If you do not want cookies to be accessible by this or any other CCS Website, you should adjust the settings on your browser program to deny or disable the use of cookies.</mrk> <mrk mtype="seg" mid="83">However, denying or disabling cookies or similar technology may prevent you from accessing some of our content or using some of the features on the Website.</mrk> <mrk mtype="seg" mid="84">CCS may also use cookies and similar technology placed by one of our business or advertising partners to enable CCS to learn which advertisements bring users to our Website.</mrk>  </g></seg-source><target><g id="682"><mrk mtype="seg" mid="78">CCS kann auf dieser Website Cookies verwenden.</mrk>  <mrk mtype="seg" mid="79">Cookies sind kleine Textdateien, die an den Computer des Nutzers gesendet und dort gespeichert werden.</mrk> <mrk mtype="seg" mid="80">Wir verwenden Cookies, um Benutzer, die die Website wiederholt besuchen, zu erkennen, den Zugriff der Nutzer auf die Website zu erleichtern und der Website zu ermöglichen, aggregierte Daten zusammenzufassen, mit denen wir die Inhalte der Website verbessern können.</mrk>  <mrk mtype="seg" mid="81">Cookies richten keinen Schaden am Computer oder den Dateien des Nutzers an.</mrk>  <mrk mtype="seg" mid="82">Wenn Sie nicht wollen, dass von dieser oder einer anderen CCS-Website Cookies gesetzt werden, müssen Sie die Einstellungen in Ihrem Browser-Programm so wählen, dass die Verwendung von Cookies abgelehnt oder deaktiviert wird.</mrk> <mrk mtype="seg" mid="83">Wenn Sie die Verwendung von Cookies oder ähnlichen Technologien ablehnen oder deaktivieren, kann dies jedoch dazu führen, dass der Zugriff auf einige unserer Inhalte oder die Verwendung einiger Funktionen auf unserer Website verhindert wird.</mrk> <mrk mtype="seg" mid="84">CCS kann Cookies und ähnliche Technologien, die von einem unserer Geschäfts- oder Werbepartner gesetzt werden, auch verwenden, um herauszufinden, über welche Anzeigen Nutzer auf unserer Website landen.</mrk>  </g></target><sdl:seg-defs><sdl:seg id="78" conf="Translated" origin="tm" origin-system="LocalizationKit_en-US_de-DE" percent="100" text-match="SourceAndTarget"><sdl:value key="SegmentIdentityHash">H2GghROhsQnAahb+IWVGJ5NDHSw=</sdl:value><sdl:value key="created_by">DESKTOP-USI39UT\Brigitta</sdl:value><sdl:value key="created_on">10/04/2017 14:52:07</sdl:value><sdl:value key="last_modified_by">DESKTOP-USI39UT\Brigitta</sdl:value><sdl:value key="modified_on">10/06/2017 10:29:53</sdl:value><sdl:value key="SDL:OriginalTranslationHash">-1517685771</sdl:value></sdl:seg><sdl:seg id="79" conf="Translated" origin="tm" origin-system="LocalizationKit_en-US_de-DE" percent="100" text-match="Source"><sdl:value key="SegmentIdentityHash">EhTh5ijL6lgRHlAu1XRcMxX5tRg=</sdl:value><sdl:value key="created_by">DESKTOP-USI39UT\Brigitta</sdl:value><sdl:value key="created_on">10/04/2017 14:52:18</sdl:value><sdl:value key="last_modified_by">DESKTOP-USI39UT\Brigitta</sdl:value><sdl:value key="modified_on">10/06/2017 10:29:53</sdl:value><sdl:value key="SDL:OriginalTranslationHash">-1699983204</sdl:value></sdl:seg><sdl:seg id="80" conf="Translated" origin="interactive" percent="100" text-match="SourceAndTarget"><sdl:prev-origin origin="tm" origin-system="LocalizationKit_en-US_de-DE" percent="100" text-match="SourceAndTarget"><sdl:prev-origin/><sdl:value key="SegmentIdentityHash">HcvO3YjgPnhhfhW6b4avhDiqgIg=</sdl:value><sdl:value key="created_by">DESKTOP-USI39UT\Brigitta</sdl:value><sdl:value key="created_on">10/04/2017 14:53:57</sdl:value><sdl:value key="last_modified_by">DESKTOP-USI39UT\Brigitta</sdl:value><sdl:value key="modified_on">10/06/2017 10:29:54</sdl:value><sdl:value key="SDL:OriginalTranslationHash">-1667534614</sdl:value></sdl:prev-origin><sdl:value key="SegmentIdentityHash">HcvO3YjgPnhhfhW6b4avhDiqgIg=</sdl:value><sdl:value key="created_by">RHEINDOM\d.bartsch</sdl:value><sdl:value key="created_on">10/10/2017 07:24:20</sdl:value><sdl:value key="last_modified_by">RHEINDOM\d.bartsch</sdl:value><sdl:value key="modified_on">10/10/2017 07:24:20</sdl:value><sdl:value key="SDL:OriginalTranslationHash">-532110009</sdl:value></sdl:seg><sdl:seg id="81" conf="Translated" origin="tm" origin-system="LocalizationKit_en-US_de-DE" percent="100" text-match="SourceAndTarget"><sdl:value key="SegmentIdentityHash">VPyruTHp/SVaapUz5bkWAMDU21Y=</sdl:value><sdl:value key="created_by">DESKTOP-USI39UT\Brigitta</sdl:value><sdl:value key="created_on">10/04/2017 14:56:58</sdl:value><sdl:value key="last_modified_by">DESKTOP-USI39UT\Brigitta</sdl:value><sdl:value key="modified_on">10/06/2017 10:29:54</sdl:value><sdl:value key="SDL:OriginalTranslationHash">-894040030</sdl:value></sdl:seg><sdl:seg id="82" conf="Translated" origin="interactive" percent="100" text-match="SourceAndTarget"><sdl:prev-origin origin="tm" origin-system="LocalizationKit_en-US_de-DE" percent="100" text-match="SourceAndTarget"><sdl:prev-origin/><sdl:value key="SegmentIdentityHash">Lxp1Y5JPxPouiAlaac6wY+iPWzk=</sdl:value><sdl:value key="created_by">DESKTOP-USI39UT\Brigitta</sdl:value><sdl:value key="created_on">10/04/2017 14:57:37</sdl:value><sdl:value key="last_modified_by">DESKTOP-USI39UT\Brigitta</sdl:value><sdl:value key="modified_on">10/06/2017 10:29:54</sdl:value><sdl:value key="SDL:OriginalTranslationHash">1393627897</sdl:value></sdl:prev-origin><sdl:value key="SegmentIdentityHash">Lxp1Y5JPxPouiAlaac6wY+iPWzk=</sdl:value><sdl:value key="created_by">RHEINDOM\d.bartsch</sdl:value><sdl:value key="created_on">10/10/2017 07:24:31</sdl:value><sdl:value key="last_modified_by">RHEINDOM\d.bartsch</sdl:value><sdl:value key="modified_on">10/10/2017 07:24:31</sdl:value><sdl:value key="SDL:OriginalTranslationHash">382464881</sdl:value></sdl:seg><sdl:seg id="83" conf="Translated" origin="tm" origin-system="LocalizationKit_en-US_de-DE" percent="100" text-match="SourceAndTarget"><sdl:value key="SegmentIdentityHash">lu8fHefKkoJdLTXS/UY69EiNvWc=</sdl:value><sdl:value key="created_by">DESKTOP-USI39UT\Brigitta</sdl:value><sdl:value key="created_on">10/04/2017 14:59:46</sdl:value><sdl:value key="last_modified_by">DESKTOP-USI39UT\Brigitta</sdl:value><sdl:value key="modified_on">10/06/2017 10:29:55</sdl:value><sdl:value key="SDL:OriginalTranslationHash">146109854</sdl:value></sdl:seg><sdl:seg id="84" conf="Translated" origin="interactive" percent="100" text-match="SourceAndTarget"><sdl:prev-origin origin="tm" origin-system="LocalizationKit_en-US_de-DE" percent="100" text-match="SourceAndTarget"><sdl:prev-origin/><sdl:value key="SegmentIdentityHash">JTj5QQUqE811vJ00asakkBXHxRk=</sdl:value><sdl:value key="created_by">DESKTOP-USI39UT\Brigitta</sdl:value><sdl:value key="created_on">10/04/2017 15:00:48</sdl:value><sdl:value key="last_modified_by">DESKTOP-USI39UT\Brigitta</sdl:value><sdl:value key="modified_on">10/06/2017 10:29:55</sdl:value><sdl:value key="SDL:OriginalTranslationHash">-1898439213</sdl:value></sdl:prev-origin><sdl:value key="SegmentIdentityHash">JTj5QQUqE811vJ00asakkBXHxRk=</sdl:value><sdl:value key="created_by">RHEINDOM\d.bartsch</sdl:value><sdl:value key="created_on">10/10/2017 07:24:50</sdl:value><sdl:value key="last_modified_by">RHEINDOM\d.bartsch</sdl:value><sdl:value key="modified_on">10/10/2017 07:24:50</sdl:value><sdl:value key="SDL:OriginalTranslationHash">-229711016</sdl:value></sdl:seg></sdl:seg-defs></trans-unit></group><group><sdl:cxts><sdl:cxt id="57"/><sdl:cxt id="4"/></sdl:cxts><trans-unit id="9a27493d-18b6-4697-a86b-45af24a52778"><source><g id="823">In addition, CCS monitors user traffic patterns throughout its Websites according to a user&apos;s domain name, browser type, date and time of access, and pages viewed. Our Web servers collect the domain names but not the email addresses of visitors. This information is collected in order to measure the number of visitors to our Website and to determine which areas of the Website users find useful based upon the amount of traffic to particular areas. CCS uses this information to enhance users’ experience at the Website and to better prepare future content based on the interests of users.</g></source><seg-source><g id="823"><mrk mtype="seg" mid="85">In addition, CCS monitors user traffic patterns throughout its Websites according to a user&apos;s domain name, browser type, date and time of access, and pages viewed.</mrk> <mrk mtype="seg" mid="86">Our Web servers collect the domain names but not the email addresses of visitors.</mrk> <mrk mtype="seg" mid="87">This information is collected in order to measure the number of visitors to our Website and to determine which areas of the Website users find useful based upon the amount of traffic to particular areas.</mrk> <mrk mtype="seg" mid="88">CCS uses this information to enhance users’ experience at the Website and to better prepare future content based on the interests of users.</mrk></g></seg-source><target><g id="823"><mrk mtype="seg" mid="85">Darüber hinaus überwacht CCS die Datenverkehrsmuster auf den Websites und erfasst für jeden Benutzer Domain-Name, Browsertyp, Datum und Uhrzeit des Zugriffs und angesehene Seiten.</mrk> <mrk mtype="seg" mid="86">Unsere Webserver erfassen die Domain-Namen, nicht jedoch die E-Mail-Adressen der Besucher.</mrk> <mrk mtype="seg" mid="87">Die betreffenden Informationen werden erfasst, um die Zahl der Besucher auf unserer Website zu ermitteln und durch Messung des Nutzerverkehrs in bestimmten Bereichen festzustellen, welche Bereiche der Website von den Nutzern besonders geschätzt werden.</mrk> <mrk mtype="seg" mid="88">CCS verwendet diese Informationen, um die Nutzererfahrung auf der Website zu verbessern und zukünftige Inhalte besser auf die Interessen der Nutzer abzustimmen.</mrk></g></target><sdl:seg-defs><sdl:seg id="85" conf="Translated" origin="tm" origin-system="LocalizationKit_en-US_de-DE" percent="100" text-match="SourceAndTarget"><sdl:value key="SegmentIdentityHash">TqO6EDYOMtp+7XnQbPiFQQcWSPo=</sdl:value><sdl:value key="created_by">DESKTOP-USI39UT\Brigitta</sdl:value><sdl:value key="created_on">10/04/2017 15:03:51</sdl:value><sdl:value key="last_modified_by">DESKTOP-USI39UT\Brigitta</sdl:value><sdl:value key="modified_on">10/06/2017 10:29:56</sdl:value><sdl:value key="SDL:OriginalTranslationHash">378274970</sdl:value></sdl:seg><sdl:seg id="86" conf="Translated" origin="tm" origin-system="LocalizationKit_en-US_de-DE" percent="100" text-match="SourceAndTarget"><sdl:value key="SegmentIdentityHash">YZ3jZ0tvnhhgnWTUgm4aOIwEYc4=</sdl:value><sdl:value key="created_by">DESKTOP-USI39UT\Brigitta</sdl:value><sdl:value key="created_on">10/04/2017 15:11:57</sdl:value><sdl:value key="last_modified_by">DESKTOP-USI39UT\Brigitta</sdl:value><sdl:value key="modified_on">10/06/2017 10:29:56</sdl:value><sdl:value key="SDL:OriginalTranslationHash">-239816762</sdl:value></sdl:seg><sdl:seg id="87" conf="Translated" origin="tm" origin-system="LocalizationKit_en-US_de-DE" percent="100" text-match="SourceAndTarget"><sdl:value key="SegmentIdentityHash">sMAR6iazk5/Lm6wOL6pMyInMyzE=</sdl:value><sdl:value key="created_by">DESKTOP-USI39UT\Brigitta</sdl:value><sdl:value key="created_on">10/04/2017 15:15:20</sdl:value><sdl:value key="last_modified_by">DESKTOP-USI39UT\Brigitta</sdl:value><sdl:value key="modified_on">10/06/2017 10:29:56</sdl:value><sdl:value key="SDL:OriginalTranslationHash">1025394694</sdl:value></sdl:seg><sdl:seg id="88" conf="Translated" origin="tm" origin-system="LocalizationKit_en-US_de-DE" percent="100" text-match="Source"><sdl:value key="SegmentIdentityHash">AUosp7sh85XnvFJ3VG+WDgwh2ds=</sdl:value><sdl:value key="created_by">DESKTOP-USI39UT\Brigitta</sdl:value><sdl:value key="created_on">10/04/2017 15:17:40</sdl:value><sdl:value key="last_modified_by">DESKTOP-USI39UT\Brigitta</sdl:value><sdl:value key="modified_on">10/06/2017 10:29:57</sdl:value><sdl:value key="SDL:OriginalTranslationHash">-804155742</sdl:value></sdl:seg></sdl:seg-defs></trans-unit></group><group><sdl:cxts><sdl:cxt id="58"/><sdl:cxt id="4"/></sdl:cxts><trans-unit id="19d0158b-a1f1-4d2d-9037-2f6fba732e29"><source><g id="838">Web Beacons</g></source><seg-source><g id="838"><mrk mtype="seg" mid="89">Web Beacons</mrk></g></seg-source><target><g id="838"><mrk mtype="seg" mid="89">Web Beacons</mrk></g></target><sdl:seg-defs><sdl:seg id="89" conf="Translated" origin="tm" origin-system="LocalizationKit_en-US_de-DE" percent="100"><sdl:value key="SegmentIdentityHash">joaBwLrg5tiQf2GcaIE9h/0eL9w=</sdl:value><sdl:value key="created_by">DESKTOP-USI39UT\Brigitta</sdl:value><sdl:value key="created_on">10/04/2017 15:18:24</sdl:value><sdl:value key="last_modified_by">DESKTOP-USI39UT\Brigitta</sdl:value><sdl:value key="modified_on">10/06/2017 10:29:57</sdl:value><sdl:value key="SDL:OriginalTranslationHash">-388835777</sdl:value></sdl:seg></sdl:seg-defs></trans-unit></group><group><sdl:cxts><sdl:cxt id="59"/><sdl:cxt id="4"/></sdl:cxts><trans-unit id="0d57342d-52fd-4701-97a5-ffff7b37864d"><source><g id="841">This Website may also use web beacons.</g><g id="841">  </g><g id="841">A web beacon is usually a pixel on a </g><g id="854" xid="839a222a-66fb-4b80-acab-d76c43d0c61c">website</g><g id="860"> that can be used to track whether a user has visited a particular website to deliver targeted advertising.</g><g id="860">  </g><g id="860">Web beacons are used in combination with </g><g id="876" xid="116646bb-d449-445f-83be-f9bb1f1630ca">cookies</g><g id="882">, which means that, if you turn off your browser&apos;s cookies, the web beacons will not be able to track your activity.</g><g id="882">  The web beacon will still count as a website visit, but your unique information will not be recorded.</g></source><seg-source><g id="841"><mrk mtype="seg" mid="90">This Website may also use web beacons.</mrk></g><g id="841">  </g><mrk mtype="seg" mid="91"><g id="841">A web beacon is usually a pixel on a </g><g id="854" xid="839a222a-66fb-4b80-acab-d76c43d0c61c">website</g><g id="860"> that can be used to track whether a user has visited a particular website to deliver targeted advertising.</g></mrk><g id="860">  </g><mrk mtype="seg" mid="92"><g id="860">Web beacons are used in combination with </g><g id="876" xid="116646bb-d449-445f-83be-f9bb1f1630ca">cookies</g><g id="882">, which means that, if you turn off your browser&apos;s cookies, the web beacons will not be able to track your activity.</g></mrk><g id="882">  <mrk mtype="seg" mid="93">The web beacon will still count as a website visit, but your unique information will not be recorded.</mrk></g></seg-source><target><g id="841"><mrk mtype="seg" mid="90">Auf dieser Website können auch Web Beacons verwendet werden.</mrk></g><g id="841">  </g><mrk mtype="seg" mid="91"><g id="841">Ein Web Beacon ist normalerweise ein Pixel auf einer </g><g id="854" xid="839a222a-66fb-4b80-acab-d76c43d0c61c">Website</g>, <g id="860">das verwendet werden kann, um nachzuverfolgen, ob ein Nutzer eine bestimmte Website besucht hat, damit zielgerichtete Anzeigen platziert werden können</g>.</mrk><g id="860">  </g><mrk mtype="seg" mid="92"><g id="860">Web Beacons werden in Kombination mit </g><g id="876" xid="116646bb-d449-445f-83be-f9bb1f1630ca">Cookies</g> <g id="882">verwendet; das heißt, wenn Sie in Ihrem Browser Cookies deaktivieren, sind die Web Beacons nicht in der Lage, Ihre Aktivitäten zu verfolgen</g>.</mrk><g id="882">  <mrk mtype="seg" mid="93">Das Web Beacon zählt zwar den Besuch der Website, Ihre individuellen Daten werden jedoch nicht aufgezeichnet.</mrk></g></target><sdl:seg-defs><sdl:seg id="90" conf="Translated" origin="tm" origin-system="LocalizationKit_en-US_de-DE" percent="100" text-match="SourceAndTarget"><sdl:value key="SegmentIdentityHash">kp/XkbS7HVxgO5sfibfAUlZQ2cI=</sdl:value><sdl:value key="created_by">DESKTOP-USI39UT\Brigitta</sdl:value><sdl:value key="created_on">10/04/2017 15:18:26</sdl:value><sdl:value key="last_modified_by">DESKTOP-USI39UT\Brigitta</sdl:value><sdl:value key="modified_on">10/06/2017 10:29:57</sdl:value><sdl:value key="SDL:OriginalTranslationHash">-923953897</sdl:value></sdl:seg><sdl:seg id="91" conf="Translated" origin="interactive" percent="100" text-match="SourceAndTarget"><sdl:prev-origin origin="tm" origin-system="LocalizationKit_en-US_de-DE" percent="100" text-match="SourceAndTarget"><sdl:prev-origin/><sdl:value key="SegmentIdentityHash">HYkAJVHm85Vo0djEmYP4mdIYa7I=</sdl:value><sdl:value key="created_by">DESKTOP-USI39UT\Brigitta</sdl:value><sdl:value key="created_on">10/04/2017 15:18:49</sdl:value><sdl:value key="last_modified_by">DESKTOP-USI39UT\Brigitta</sdl:value><sdl:value key="modified_on">10/06/2017 10:29:58</sdl:value><sdl:value key="SDL:OriginalTranslationHash">166694818</sdl:value></sdl:prev-origin><sdl:value key="SegmentIdentityHash">HYkAJVHm85Vo0djEmYP4mdIYa7I=</sdl:value><sdl:value key="created_by">RHEINDOM\d.bartsch</sdl:value><sdl:value key="created_on">10/10/2017 07:28:52</sdl:value><sdl:value key="last_modified_by">RHEINDOM\d.bartsch</sdl:value><sdl:value key="modified_on">10/10/2017 07:28:52</sdl:value><sdl:value key="SDL:OriginalTranslationHash">-297239962</sdl:value></sdl:seg><sdl:seg id="92" conf="Translated" origin="tm" origin-system="LocalizationKit_en-US_de-DE" percent="100" text-match="SourceAndTarget"><sdl:value key="SegmentIdentityHash">VW0wkoMKWG3ixqIeKkudjLoDqjs=</sdl:value><sdl:value key="created_by">DESKTOP-USI39UT\Brigitta</sdl:value><sdl:value key="created_on">10/04/2017 15:20:51</sdl:value><sdl:value key="last_modified_by">DESKTOP-USI39UT\Brigitta</sdl:value><sdl:value key="modified_on">10/06/2017 10:29:58</sdl:value><sdl:value key="SDL:OriginalTranslationHash">-54240574</sdl:value></sdl:seg><sdl:seg id="93" conf="Translated" origin="tm" origin-system="LocalizationKit_en-US_de-DE" percent="100" text-match="SourceAndTarget"><sdl:value key="SegmentIdentityHash">Vl9hkWg2kwb/PyjZVXUITvvJiHI=</sdl:value><sdl:value key="created_by">DESKTOP-USI39UT\Brigitta</sdl:value><sdl:value key="created_on">10/04/2017 17:44:57</sdl:value><sdl:value key="last_modified_by">DESKTOP-USI39UT\Brigitta</sdl:value><sdl:value key="modified_on">10/06/2017 10:29:58</sdl:value><sdl:value key="SDL:OriginalTranslationHash">-267380006</sdl:value></sdl:seg></sdl:seg-defs></trans-unit></group><group><sdl:cxts><sdl:cxt id="60"/></sdl:cxts><trans-unit id="839a222a-66fb-4b80-acab-d76c43d0c61c"><source>http://www.webopedia.com/TERM/W/Web_site.html</source><seg-source><mrk mtype="seg" mid="94">http://www.webopedia.com/TERM/W/Web_site.html</mrk></seg-source><target><mrk mtype="seg" mid="94">http://www.webopedia.com/TERM/W/Web_site.html</mrk></target><sdl:seg-defs><sdl:seg id="94" conf="Translated" origin="tm" origin-system="LocalizationKit_en-US_de-DE" percent="100"><sdl:value key="SegmentIdentityHash">ihQPnfYr96DPO9qE/Oh00rxb0rA=</sdl:value><sdl:value key="created_by">DESKTOP-USI39UT\Brigitta</sdl:value><sdl:value key="created_on">10/04/2017 17:45:29</sdl:value><sdl:value key="last_modified_by">DESKTOP-USI39UT\Brigitta</sdl:value><sdl:value key="modified_on">10/06/2017 10:29:59</sdl:value><sdl:value key="SDL:OriginalTranslationHash">-1525541069</sdl:value></sdl:seg></sdl:seg-defs></trans-unit></group><group><sdl:cxts><sdl:cxt id="61"/></sdl:cxts><trans-unit id="116646bb-d449-445f-83be-f9bb1f1630ca"><source>http://www.webopedia.com/TERM/C/cookie.html</source><seg-source><mrk mtype="seg" mid="95">http://www.webopedia.com/TERM/C/cookie.html</mrk></seg-source><target><mrk mtype="seg" mid="95">http://www.webopedia.com/TERM/C/cookie.html</mrk></target><sdl:seg-defs><sdl:seg id="95" conf="Translated" origin="tm" origin-system="LocalizationKit_en-US_de-DE" percent="100" text-match="SourceAndTarget"><sdl:value key="SegmentIdentityHash">Es+PL7zpI2mCGCjJLPVWkk7FtvI=</sdl:value><sdl:value key="created_by">DESKTOP-USI39UT\Brigitta</sdl:value><sdl:value key="created_on">10/04/2017 17:45:31</sdl:value><sdl:value key="last_modified_by">DESKTOP-USI39UT\Brigitta</sdl:value><sdl:value key="modified_on">10/06/2017 10:29:59</sdl:value><sdl:value key="SDL:OriginalTranslationHash">-206148528</sdl:value></sdl:seg></sdl:seg-defs></trans-unit></group><group><sdl:cxts><sdl:cxt id="62"/><sdl:cxt id="4"/></sdl:cxts><trans-unit id="ecb9b2cd-2c10-46b0-a247-a50487381754"><source><g id="909">Information collected by web beacons may include IP address information (see below). Web beacon information is also used for:</g></source><seg-source><g id="909"><mrk mtype="seg" mid="96">Information collected by web beacons may include IP address information (see below).</mrk> <mrk mtype="seg" mid="97">Web beacon information is also used for:</mrk></g></seg-source><target><g id="909"><mrk mtype="seg" mid="96">Die durch Web Beacons erfassten Informationen können auch IP-Adressdaten umfassen (siehe unten).</mrk> <mrk mtype="seg" mid="97">Die mittels Web Beacons erfassten Informationen werden auch für folgende Zwecke verwendet:</mrk></g></target><sdl:seg-defs><sdl:seg id="96" conf="Translated" origin="tm" origin-system="LocalizationKit_en-US_de-DE" percent="100" text-match="SourceAndTarget"><sdl:value key="SegmentIdentityHash">Feo93qkciL3Vxuy2ktMO6I88jGU=</sdl:value><sdl:value key="created_by">DESKTOP-USI39UT\Brigitta</sdl:value><sdl:value key="created_on">10/05/2017 09:18:35</sdl:value><sdl:value key="last_modified_by">DESKTOP-USI39UT\Brigitta</sdl:value><sdl:value key="modified_on">10/06/2017 10:30:00</sdl:value><sdl:value key="SDL:OriginalTranslationHash">-27918802</sdl:value></sdl:seg><sdl:seg id="97" conf="Translated" origin="tm" origin-system="LocalizationKit_en-US_de-DE" percent="100" text-match="SourceAndTarget"><sdl:value key="SegmentIdentityHash">xUN5iiS/Psna2vRViHiYS7MCZvY=</sdl:value><sdl:value key="created_by">DESKTOP-USI39UT\Brigitta</sdl:value><sdl:value key="created_on">10/05/2017 09:19:16</sdl:value><sdl:value key="last_modified_by">DESKTOP-USI39UT\Brigitta</sdl:value><sdl:value key="modified_on">10/06/2017 10:30:00</sdl:value><sdl:value key="SDL:OriginalTranslationHash">-180726831</sdl:value></sdl:seg></sdl:seg-defs></trans-unit></group><group><sdl:cxts><sdl:cxt id="63"/><sdl:cxt id="16"/></sdl:cxts><trans-unit id="4b450d9e-63d5-43e4-b8d8-73b77cf7fe6d"><source><g id="918">Advertising and email auditing, and reporting;</g></source><seg-source><g id="918"><mrk mtype="seg" mid="98">Advertising and email auditing, and reporting;</mrk></g></seg-source><target><g id="918"><mrk mtype="seg" mid="98">Werbung und E-Mail-Prüfung und -Reporting</mrk></g></target><sdl:seg-defs><sdl:seg id="98" conf="Translated" origin="tm" origin-system="LocalizationKit_en-US_de-DE" percent="100" text-match="SourceAndTarget"><sdl:value key="SegmentIdentityHash">NKEiiSmjDcgjkpl+rVy8gy7zXXQ=</sdl:value><sdl:value key="created_by">DESKTOP-USI39UT\Brigitta</sdl:value><sdl:value key="created_on">10/05/2017 09:22:02</sdl:value><sdl:value key="last_modified_by">DESKTOP-USI39UT\Brigitta</sdl:value><sdl:value key="modified_on">10/06/2017 10:30:00</sdl:value><sdl:value key="SDL:OriginalTranslationHash">121119078</sdl:value></sdl:seg></sdl:seg-defs></trans-unit></group><group><sdl:cxts><sdl:cxt id="64"/><sdl:cxt id="16"/></sdl:cxts><trans-unit id="59b21d2c-26c8-47d7-8309-2e71492067ae"><source><g id="927">Personalization;</g></source><seg-source><g id="927"><mrk mtype="seg" mid="99">Personalization;</mrk></g></seg-source><target><g id="927"><mrk mtype="seg" mid="99">Personalisierung</mrk></g></target><sdl:seg-defs><sdl:seg id="99" conf="Translated" origin="tm" origin-system="LocalizationKit_en-US_de-DE" percent="100" text-match="SourceAndTarget"><sdl:value key="SegmentIdentityHash">wJaIw5aP6v3pBQlgLDhkOPo55YA=</sdl:value><sdl:value key="created_by">DESKTOP-USI39UT\Brigitta</sdl:value><sdl:value key="created_on">10/05/2017 09:22:36</sdl:value><sdl:value key="last_modified_by">DESKTOP-USI39UT\Brigitta</sdl:value><sdl:value key="modified_on">10/06/2017 10:30:00</sdl:value><sdl:value key="SDL:OriginalTranslationHash">-1595099732</sdl:value></sdl:seg></sdl:seg-defs></trans-unit></group><group><sdl:cxts><sdl:cxt id="65"/><sdl:cxt id="16"/></sdl:cxts><trans-unit id="bb03ff0a-381a-46ac-b964-009684ce1a02"><source><g id="930">Site traffic reporting; and </g></source><seg-source><g id="930"><mrk mtype="seg" mid="100">Site traffic reporting; and</mrk> </g></seg-source><target><g id="930"><mrk mtype="seg" mid="100">Traffic-Reporting und</mrk> </g></target><sdl:seg-defs><sdl:seg id="100" conf="Translated" origin="tm" origin-system="LocalizationKit_en-US_de-DE" percent="100" text-match="SourceAndTarget"><sdl:value key="SegmentIdentityHash">9D4vuFTlHhsdL2C62Fi/UjewFTM=</sdl:value><sdl:value key="created_by">DESKTOP-USI39UT\Brigitta</sdl:value><sdl:value key="created_on">10/05/2017 09:22:41</sdl:value><sdl:value key="last_modified_by">DESKTOP-USI39UT\Brigitta</sdl:value><sdl:value key="modified_on">10/06/2017 10:30:01</sdl:value><sdl:value key="SDL:OriginalTranslationHash">-488112851</sdl:value></sdl:seg></sdl:seg-defs></trans-unit></group><group><sdl:cxts><sdl:cxt id="66"/><sdl:cxt id="16"/></sdl:cxts><trans-unit id="1ed28e50-7be3-4e54-952d-e53007eddd72"><source><g id="942">Unique visitor counts. </g></source><seg-source><g id="942"><mrk mtype="seg" mid="101">Unique visitor counts.</mrk> </g></seg-source><target><g id="942"><mrk mtype="seg" mid="101">Besucherzählung</mrk> </g></target><sdl:seg-defs><sdl:seg id="101" conf="Translated" origin="tm" origin-system="LocalizationKit_en-US_de-DE" percent="100" text-match="SourceAndTarget"><sdl:value key="SegmentIdentityHash">Y79aU5eWz0uoRWio4rU3Roxe3eM=</sdl:value><sdl:value key="created_by">DESKTOP-USI39UT\Brigitta</sdl:value><sdl:value key="created_on">10/05/2017 09:23:09</sdl:value><sdl:value key="last_modified_by">DESKTOP-USI39UT\Brigitta</sdl:value><sdl:value key="modified_on">10/06/2017 10:30:01</sdl:value><sdl:value key="SDL:OriginalTranslationHash">-205981030</sdl:value></sdl:seg></sdl:seg-defs></trans-unit></group><group><sdl:cxts><sdl:cxt id="67"/><sdl:cxt id="4"/></sdl:cxts><trans-unit id="cd6c0f58-fd41-4baa-b333-c52a072ef5cf"><source><g id="948">IP Addresses</g></source><seg-source><g id="948"><mrk mtype="seg" mid="102">IP Addresses</mrk></g></seg-source><target><g id="948"><mrk mtype="seg" mid="102">IP-Adressen</mrk></g></target><sdl:seg-defs><sdl:seg id="102" conf="Translated" origin="tm" origin-system="LocalizationKit_en-US_de-DE" percent="100" text-match="SourceAndTarget"><sdl:value key="SegmentIdentityHash">M3F0htkHisIl/fxSXPamJllHfkA=</sdl:value><sdl:value key="created_by">DESKTOP-USI39UT\Brigitta</sdl:value><sdl:value key="created_on">10/05/2017 09:23:13</sdl:value><sdl:value key="last_modified_by">DESKTOP-USI39UT\Brigitta</sdl:value><sdl:value key="modified_on">10/06/2017 10:30:02</sdl:value><sdl:value key="SDL:OriginalTranslationHash">-411597066</sdl:value></sdl:seg></sdl:seg-defs></trans-unit></group><group><sdl:cxts><sdl:cxt id="68"/><sdl:cxt id="4"/></sdl:cxts><trans-unit id="e00946fe-bcec-4082-a1cc-fa1414e58214"><source><g id="951">An Internet Protocol (IP) address is a number that is used by computers on the network to identify your computer every time you log on to the Internet.</g></source><seg-source><g id="951"><mrk mtype="seg" mid="103">An Internet Protocol (IP) address is a number that is used by computers on the network to identify your computer every time you log on to the Internet.</mrk></g></seg-source><target><g id="951"><mrk mtype="seg" mid="103">Eine Internetprotokoll- (IP) Adresse ist eine Nummer, die von Rechnern im Netz verwendet wird, um Ihren Computer zu identifizieren, sobald Sie sich mit dem Internet verbinden.</mrk></g></target><sdl:seg-defs><sdl:seg id="103" conf="Translated" origin="tm" origin-system="LocalizationKit_en-US_de-DE" percent="100" text-match="SourceAndTarget"><sdl:value key="SegmentIdentityHash">cTwNnAp76kS8axyuU6y2xviDFwk=</sdl:value><sdl:value key="created_by">DESKTOP-USI39UT\Brigitta</sdl:value><sdl:value key="created_on">10/05/2017 09:23:24</sdl:value><sdl:value key="last_modified_by">DESKTOP-USI39UT\Brigitta</sdl:value><sdl:value key="modified_on">10/06/2017 10:30:02</sdl:value><sdl:value key="SDL:OriginalTranslationHash">1755486891</sdl:value></sdl:seg></sdl:seg-defs></trans-unit></group><group><sdl:cxts><sdl:cxt id="69"/><sdl:cxt id="4"/></sdl:cxts><trans-unit id="11842ebf-8ce7-4c20-8f86-1a1aec85bb85"><source><g id="966">CCS may collect and keep track of IP addresses to, among other things: </g></source><seg-source><g id="966"><mrk mtype="seg" mid="104">CCS may collect and keep track of IP addresses to, among other things:</mrk> </g></seg-source><target><g id="966"><mrk mtype="seg" mid="104">CCS kann IP-Adressen erfassen und nachverfolgen, um zum Beispiel:</mrk> </g></target><sdl:seg-defs><sdl:seg id="104" conf="Translated" origin="tm" origin-system="LocalizationKit_en-US_de-DE" percent="100" text-match="SourceAndTarget"><sdl:value key="SegmentIdentityHash">UZBadsRM/dzKzi4mcwmMxH4sbO4=</sdl:value><sdl:value key="created_by">DESKTOP-USI39UT\Brigitta</sdl:value><sdl:value key="created_on">10/05/2017 09:27:35</sdl:value><sdl:value key="last_modified_by">DESKTOP-USI39UT\Brigitta</sdl:value><sdl:value key="modified_on">10/06/2017 10:30:02</sdl:value><sdl:value key="SDL:OriginalTranslationHash">1449601852</sdl:value></sdl:seg></sdl:seg-defs></trans-unit></group><group><sdl:cxts><sdl:cxt id="70"/><sdl:cxt id="16"/></sdl:cxts><trans-unit id="4f429e75-0a32-44c4-8e0a-1ab5f4391a68"><source><g id="981">Maintain Website safety and security; </g></source><seg-source><g id="981"><mrk mtype="seg" mid="105">Maintain Website safety and security;</mrk> </g></seg-source><target><g id="981"><mrk mtype="seg" mid="105">Die Sicherheit der Website aufrechtzuerhalten;</mrk> </g></target><sdl:seg-defs><sdl:seg id="105" conf="Translated" origin="tm" origin-system="LocalizationKit_en-US_de-DE" percent="100" text-match="SourceAndTarget"><sdl:value key="SegmentIdentityHash">gywSHL7uV58f8yKoXB08tBuj+6U=</sdl:value><sdl:value key="created_by">DESKTOP-USI39UT\Brigitta</sdl:value><sdl:value key="created_on">10/05/2017 09:28:03</sdl:value><sdl:value key="last_modified_by">DESKTOP-USI39UT\Brigitta</sdl:value><sdl:value key="modified_on">10/06/2017 10:30:03</sdl:value><sdl:value key="SDL:OriginalTranslationHash">-978693401</sdl:value></sdl:seg></sdl:seg-defs></trans-unit></group><group><sdl:cxts><sdl:cxt id="71"/><sdl:cxt id="16"/></sdl:cxts><trans-unit id="5d559bbd-3912-4c57-bb4c-aa15b2bbc15d"><source><g id="984">Restrict access to our Websites to certain users; </g></source><seg-source><g id="984"><mrk mtype="seg" mid="106">Restrict access to our Websites to certain users;</mrk> </g></seg-source><target><g id="984"><mrk mtype="seg" mid="106">Den Zugriff auf unsere Websites auf bestimmte Nutzer zu beschränken;</mrk> </g></target><sdl:seg-defs><sdl:seg id="106" conf="Translated" origin="tm" origin-system="LocalizationKit_en-US_de-DE" percent="100" text-match="SourceAndTarget"><sdl:value key="SegmentIdentityHash">iPjS53RDhsw5Jt2lXXdJszqJkkU=</sdl:value><sdl:value key="created_by">DESKTOP-USI39UT\Brigitta</sdl:value><sdl:value key="created_on">10/05/2017 09:28:13</sdl:value><sdl:value key="last_modified_by">DESKTOP-USI39UT\Brigitta</sdl:value><sdl:value key="modified_on">10/06/2017 10:30:03</sdl:value><sdl:value key="SDL:OriginalTranslationHash">1504358191</sdl:value></sdl:seg></sdl:seg-defs></trans-unit></group><group><sdl:cxts><sdl:cxt id="72"/><sdl:cxt id="16"/></sdl:cxts><trans-unit id="dddf6cac-f234-4e01-b1d7-93e8dc32be5e"><source><g id="987">Troubleshoot technical issues; and</g></source><seg-source><g id="987"><mrk mtype="seg" mid="107">Troubleshoot technical issues; and</mrk></g></seg-source><target><g id="987"><mrk mtype="seg" mid="107">Technische Probleme zu lösen und</mrk></g></target><sdl:seg-defs><sdl:seg id="107" conf="Translated" origin="tm" origin-system="LocalizationKit_en-US_de-DE" percent="100" text-match="SourceAndTarget"><sdl:value key="SegmentIdentityHash">Rj4nTEwZn0lko74+tmfTlwXCavY=</sdl:value><sdl:value key="created_by">DESKTOP-USI39UT\Brigitta</sdl:value><sdl:value key="created_on">10/05/2017 09:28:27</sdl:value><sdl:value key="last_modified_by">DESKTOP-USI39UT\Brigitta</sdl:value><sdl:value key="modified_on">10/06/2017 10:30:03</sdl:value><sdl:value key="SDL:OriginalTranslationHash">-2075402154</sdl:value></sdl:seg></sdl:seg-defs></trans-unit></group><group><sdl:cxts><sdl:cxt id="73"/><sdl:cxt id="16"/></sdl:cxts><trans-unit id="11758f65-7151-4ad5-8004-3db68ed17f08"><source><g id="990">Better understand how CCS Websites are used. </g></source><seg-source><g id="990"><mrk mtype="seg" mid="108">Better understand how CCS Websites are used.</mrk> </g></seg-source><target><g id="990"><mrk mtype="seg" mid="108">Besser zu verstehen, wie die CCS-Websites genutzt werden.</mrk> </g></target><sdl:seg-defs><sdl:seg id="108" conf="Translated" origin="interactive" percent="100" text-match="SourceAndTarget"><sdl:prev-origin origin="tm" origin-system="LocalizationKit_en-US_de-DE" percent="100" text-match="SourceAndTarget"><sdl:prev-origin/><sdl:value key="SegmentIdentityHash">MFGNJ3ZQ4LOINx/Q2kOux9Mvb+A=</sdl:value><sdl:value key="created_by">DESKTOP-USI39UT\Brigitta</sdl:value><sdl:value key="created_on">10/05/2017 09:28:37</sdl:value><sdl:value key="last_modified_by">DESKTOP-USI39UT\Brigitta</sdl:value><sdl:value key="modified_on">10/06/2017 10:30:04</sdl:value><sdl:value key="SDL:OriginalTranslationHash">266977679</sdl:value></sdl:prev-origin><sdl:value key="SegmentIdentityHash">MFGNJ3ZQ4LOINx/Q2kOux9Mvb+A=</sdl:value><sdl:value key="created_by">RHEINDOM\d.bartsch</sdl:value><sdl:value key="created_on">10/10/2017 07:29:16</sdl:value><sdl:value key="last_modified_by">RHEINDOM\d.bartsch</sdl:value><sdl:value key="modified_on">10/10/2017 07:29:16</sdl:value><sdl:value key="SDL:OriginalTranslationHash">-780376495</sdl:value></sdl:seg></sdl:seg-defs></trans-unit></group><group><sdl:cxts><sdl:cxt id="74"/><sdl:cxt id="4"/></sdl:cxts><trans-unit id="52bf1428-7cb5-4ff4-a561-f719e449257a"><source><g id="993">Log Files</g></source><seg-source><g id="993"><mrk mtype="seg" mid="109">Log Files</mrk></g></seg-source><target><g id="993"><mrk mtype="seg" mid="109">Protokolldateien</mrk></g></target><sdl:seg-defs><sdl:seg id="109" conf="Translated" origin="tm" origin-system="LocalizationKit_en-US_de-DE" percent="100" text-match="SourceAndTarget"><sdl:value key="SegmentIdentityHash">QzP64oXGQQIawuricrr1bBdtfMA=</sdl:value><sdl:value key="created_by">DESKTOP-USI39UT\Brigitta</sdl:value><sdl:value key="created_on">10/05/2017 09:28:53</sdl:value><sdl:value key="last_modified_by">DESKTOP-USI39UT\Brigitta</sdl:value><sdl:value key="modified_on">10/06/2017 10:30:04</sdl:value><sdl:value key="SDL:OriginalTranslationHash">-835345971</sdl:value></sdl:seg></sdl:seg-defs></trans-unit></group><group><sdl:cxts><sdl:cxt id="75"/><sdl:cxt id="4"/></sdl:cxts><trans-unit id="18560b50-8b8f-4b96-a417-08af2200f993"><source><g id="996">CCS (or third parties on behalf of CCS) may collect information in the form of log files that are recording Website activities and statistics about web users&apos; habits. </g></source><seg-source><g id="996"><mrk mtype="seg" mid="110">CCS (or third parties on behalf of CCS) may collect information in the form of log files that are recording Website activities and statistics about web users&apos; habits.</mrk> </g></seg-source><target><g id="996"><mrk mtype="seg" mid="110">CCS kann (oder Dritte im Auftrag von CCS können) Informationen in Form von Protokolldateien erfassen, in denen Website-Aktivitäten und Statistiken über das Nutzerverhalten aufgezeichnet werden.</mrk> </g></target><sdl:seg-defs><sdl:seg id="110" conf="Translated" origin="interactive" percent="100" text-match="SourceAndTarget"><sdl:prev-origin origin="tm" origin-system="LocalizationKit_en-US_de-DE" percent="100" text-match="SourceAndTarget"><sdl:prev-origin/><sdl:value key="SegmentIdentityHash">DppihSWWErhMoPHzz8RClgwCC4Q=</sdl:value><sdl:value key="created_by">DESKTOP-USI39UT\Brigitta</sdl:value><sdl:value key="created_on">10/05/2017 09:29:34</sdl:value><sdl:value key="last_modified_by">DESKTOP-USI39UT\Brigitta</sdl:value><sdl:value key="modified_on">10/06/2017 10:30:04</sdl:value><sdl:value key="SDL:OriginalTranslationHash">-1646842145</sdl:value></sdl:prev-origin><sdl:value key="SegmentIdentityHash">DppihSWWErhMoPHzz8RClgwCC4Q=</sdl:value><sdl:value key="created_by">RHEINDOM\d.bartsch</sdl:value><sdl:value key="created_on">10/10/2017 07:29:42</sdl:value><sdl:value key="last_modified_by">RHEINDOM\d.bartsch</sdl:value><sdl:value key="modified_on">10/10/2017 07:29:42</sdl:value><sdl:value key="SDL:OriginalTranslationHash">-666163473</sdl:value></sdl:seg></sdl:seg-defs></trans-unit></group><group><sdl:cxts><sdl:cxt id="76"/><sdl:cxt id="4"/></sdl:cxts><trans-unit id="2df751cc-8d3d-400a-a127-aa845750d544"><source><g id="999">Log files are used for internal purposes only.  By using log files, CCS can constantly improve and customize their Websites and applications.</g></source><seg-source><g id="999"><mrk mtype="seg" mid="111">Log files are used for internal purposes only.</mrk>  <mrk mtype="seg" mid="112">By using log files, CCS can constantly improve and customize their Websites and applications.</mrk></g></seg-source><target><g id="999"><mrk mtype="seg" mid="111">Protokolldateien werden nur für interne Zwecke verwendet.</mrk>  <mrk mtype="seg" mid="112">Durch die Verwendung von Protokolldateien kann CCS seine Websites und Anwendungen kontinuierlich verbessern und anpassen.</mrk></g></target><sdl:seg-defs><sdl:seg id="111" conf="Translated" origin="tm" origin-system="LocalizationKit_en-US_de-DE" percent="100" text-match="SourceAndTarget"><sdl:value key="SegmentIdentityHash">1odq0SNWe6vSpu+qpeFeYbduayg=</sdl:value><sdl:value key="created_by">DESKTOP-USI39UT\Brigitta</sdl:value><sdl:value key="created_on">10/05/2017 09:31:04</sdl:value><sdl:value key="last_modified_by">DESKTOP-USI39UT\Brigitta</sdl:value><sdl:value key="modified_on">10/06/2017 10:30:05</sdl:value><sdl:value key="SDL:OriginalTranslationHash">269153873</sdl:value></sdl:seg><sdl:seg id="112" conf="Translated" origin="tm" origin-system="LocalizationKit_en-US_de-DE" percent="100" text-match="SourceAndTarget"><sdl:value key="SegmentIdentityHash">QofigQwi+3mRUn5Ot0U+c12QDTo=</sdl:value><sdl:value key="created_by">DESKTOP-USI39UT\Brigitta</sdl:value><sdl:value key="created_on">10/05/2017 09:31:22</sdl:value><sdl:value key="last_modified_by">DESKTOP-USI39UT\Brigitta</sdl:value><sdl:value key="modified_on">10/06/2017 10:30:05</sdl:value><sdl:value key="SDL:OriginalTranslationHash">1893706633</sdl:value></sdl:seg></sdl:seg-defs></trans-unit></group><group><sdl:cxts><sdl:cxt id="77"/><sdl:cxt id="4"/></sdl:cxts><trans-unit id="d528bb64-da96-47fc-804e-26ac90616ac3"><source><g id="1008">The entries help us gather, among other things:</g></source><seg-source><g id="1008"><mrk mtype="seg" mid="113">The entries help us gather, among other things:</mrk></g></seg-source><target><g id="1008"><mrk mtype="seg" mid="113">Die Protokolle helfen uns unter anderem beim Sammeln folgender Informationen:</mrk></g></target><sdl:seg-defs><sdl:seg id="113" conf="Translated" origin="tm" origin-system="LocalizationKit_en-US_de-DE" percent="100" text-match="SourceAndTarget"><sdl:value key="SegmentIdentityHash">r/7cQZm8qtxUbwofr9gwgsSEMr4=</sdl:value><sdl:value key="created_by">DESKTOP-USI39UT\Brigitta</sdl:value><sdl:value key="created_on">10/05/2017 09:31:46</sdl:value><sdl:value key="last_modified_by">DESKTOP-USI39UT\Brigitta</sdl:value><sdl:value key="modified_on">10/06/2017 10:30:06</sdl:value><sdl:value key="SDL:OriginalTranslationHash">138199874</sdl:value></sdl:seg></sdl:seg-defs></trans-unit></group><group><sdl:cxts><sdl:cxt id="78"/><sdl:cxt id="16"/></sdl:cxts><trans-unit id="599cf005-be39-44c4-af70-c09b7eedbed7"><source><g id="1011">Internal marketing and demographic studies; </g></source><seg-source><g id="1011"><mrk mtype="seg" mid="114">Internal marketing and demographic studies;</mrk> </g></seg-source><target><g id="1011"><mrk mtype="seg" mid="114">Interne Marketing- und demografische Studien;</mrk> </g></target><sdl:seg-defs><sdl:seg id="114" conf="Translated" origin="tm" origin-system="LocalizationKit_en-US_de-DE" percent="100" text-match="SourceAndTarget"><sdl:value key="SegmentIdentityHash">nLgxKjEa1FHRyZv5bimx0OQEhho=</sdl:value><sdl:value key="created_by">DESKTOP-USI39UT\Brigitta</sdl:value><sdl:value key="created_on">10/05/2017 09:34:11</sdl:value><sdl:value key="last_modified_by">DESKTOP-USI39UT\Brigitta</sdl:value><sdl:value key="modified_on">10/06/2017 10:30:06</sdl:value><sdl:value key="SDL:OriginalTranslationHash">-425192182</sdl:value></sdl:seg></sdl:seg-defs></trans-unit></group><group><sdl:cxts><sdl:cxt id="79"/><sdl:cxt id="16"/></sdl:cxts><trans-unit id="eceb70eb-8bd2-4229-a4ce-f83f1b024921"><source><g id="1014">A user’s browser type and operating system; </g></source><seg-source><g id="1014"><mrk mtype="seg" mid="115">A user’s browser type and operating system;</mrk> </g></seg-source><target><g id="1014"><mrk mtype="seg" mid="115">Browser-Typ und Betriebssystem eines Nutzers;</mrk> </g></target><sdl:seg-defs><sdl:seg id="115" conf="Translated" origin="tm" origin-system="LocalizationKit_en-US_de-DE" percent="100" text-match="SourceAndTarget"><sdl:value key="SegmentIdentityHash">sH8yxsvdYvyRogOGxP1gbBbALUY=</sdl:value><sdl:value key="created_by">DESKTOP-USI39UT\Brigitta</sdl:value><sdl:value key="created_on">10/05/2017 09:34:29</sdl:value><sdl:value key="last_modified_by">DESKTOP-USI39UT\Brigitta</sdl:value><sdl:value key="modified_on">10/06/2017 10:30:06</sdl:value><sdl:value key="SDL:OriginalTranslationHash">757024998</sdl:value></sdl:seg></sdl:seg-defs></trans-unit></group><group><sdl:cxts><sdl:cxt id="80"/><sdl:cxt id="16"/></sdl:cxts><trans-unit id="6258ea5a-defd-4ea6-9f3c-ab51b5cd52ce"><source><g id="1017">Information about a user’s session (such as the URL, the date and time our Website was visited and which pages and for how long were viewed on our Website); and</g></source><seg-source><g id="1017"><mrk mtype="seg" mid="116">Information about a user’s session (such as the URL, the date and time our Website was visited and which pages and for how long were viewed on our Website); and</mrk></g></seg-source><target><g id="1017"><mrk mtype="seg" mid="116">Informationen zur Session des Nutzers (wie URL, Datum und Uhrzeit, wann unsere Website besucht wurde, welche Seiten unserer Website angesehen wurden und für wie lange) und</mrk></g></target><sdl:seg-defs><sdl:seg id="116" conf="Translated" origin="tm" origin-system="LocalizationKit_en-US_de-DE" percent="100" text-match="SourceAndTarget"><sdl:value key="SegmentIdentityHash">sK9kGppkj7WK8pADZIJf/OLq+xM=</sdl:value><sdl:value key="created_by">DESKTOP-USI39UT\Brigitta</sdl:value><sdl:value key="created_on">10/05/2017 09:35:01</sdl:value><sdl:value key="last_modified_by">DESKTOP-USI39UT\Brigitta</sdl:value><sdl:value key="modified_on">10/06/2017 10:30:07</sdl:value><sdl:value key="SDL:OriginalTranslationHash">1501248315</sdl:value></sdl:seg></sdl:seg-defs></trans-unit></group><group><sdl:cxts><sdl:cxt id="81"/><sdl:cxt id="16"/></sdl:cxts><trans-unit id="d591f2f2-f9c8-4c15-9869-ed30f9887c0d"><source><g id="1020">Other similar navigational or click-stream data.</g></source><seg-source><g id="1020"><mrk mtype="seg" mid="117">Other similar navigational or click-stream data.</mrk></g></seg-source><target><g id="1020"><mrk mtype="seg" mid="117">Andere ähnliche Navigations- oder Click-Stream-Daten.</mrk></g></target><sdl:seg-defs><sdl:seg id="117" conf="Translated" origin="tm" origin-system="LocalizationKit_en-US_de-DE" percent="100" text-match="SourceAndTarget"><sdl:value key="SegmentIdentityHash">sNUAAooGKNxiUEiYS+HtgwCIYPo=</sdl:value><sdl:value key="created_by">DESKTOP-USI39UT\Brigitta</sdl:value><sdl:value key="created_on">10/05/2017 09:37:51</sdl:value><sdl:value key="last_modified_by">DESKTOP-USI39UT\Brigitta</sdl:value><sdl:value key="modified_on">10/06/2017 10:30:07</sdl:value><sdl:value key="SDL:OriginalTranslationHash">2966669</sdl:value></sdl:seg></sdl:seg-defs></trans-unit></group><group><sdl:cxts><sdl:cxt id="82"/><sdl:cxt id="4"/></sdl:cxts><trans-unit id="63d9f188-561d-4a25-9150-3dc2d6068539"><source><g id="1026"><g id="1023">Social </g>N<g id="1029">etwork </g>I<g id="1035">nformation</g><g id="1035"> </g></g></source><seg-source><g id="1026"><mrk mtype="seg" mid="118"><g id="1023">Social </g>N<g id="1029">etwork </g>I<g id="1035">nformation</g></mrk><g id="1035"> </g></g></seg-source><target><g id="1026"><mrk mtype="seg" mid="118"><g id="1023">Daten von sozialen Netzwerken</g></mrk><g id="1035"> </g></g></target><sdl:seg-defs><sdl:seg id="118" conf="Translated" origin="tm" origin-system="LocalizationKit_en-US_de-DE" percent="100" text-match="SourceAndTarget"><sdl:value key="SegmentIdentityHash">+q8w1cSWL6y7l1Ipk/pOVS4DrRI=</sdl:value><sdl:value key="created_by">DESKTOP-USI39UT\Brigitta</sdl:value><sdl:value key="created_on">10/06/2017 09:14:32</sdl:value><sdl:value key="last_modified_by">DESKTOP-USI39UT\Brigitta</sdl:value><sdl:value key="modified_on">10/06/2017 10:30:07</sdl:value><sdl:value key="SDL:OriginalTranslationHash">945039396</sdl:value></sdl:seg></sdl:seg-defs></trans-unit></group><group><sdl:cxts><sdl:cxt id="83"/><sdl:cxt id="4"/></sdl:cxts><trans-unit id="67da50ee-e809-445e-bbf1-08067a98ff19"><source><g id="1038">Social network information is any information that you permit a third party social network to share with third party application developers such as CCS.  Social network information includes any information that is part of your profile on a third party social network.  Such social network may include, but is not limited to, Twitter, Facebook, google+.</g></source><seg-source><g id="1038"><mrk mtype="seg" mid="119">Social network information is any information that you permit a third party social network to share with third party application developers such as CCS.</mrk>  <mrk mtype="seg" mid="120">Social network information includes any information that is part of your profile on a third party social network.</mrk>  <mrk mtype="seg" mid="121">Such social network may include, but is not limited to, Twitter, Facebook, google+.</mrk></g></seg-source><target><g id="1038"><mrk mtype="seg" mid="119">Daten von sozialen Netzwerken sind alle Daten, für die Sie in einem sozialen Netzwerk Dritter die Erlaubnis zum Teilen mit Drittanbieter-Entwicklern, wie z. B. CCS, gegeben haben.</mrk>  <mrk mtype="seg" mid="120">Daten von sozialen Netzwerken umfassen Informationen, die Teil Ihres Profils in den betreffenden sozialen Netzwerken sind.</mrk>  <mrk mtype="seg" mid="121">Zu diesen sozialen Netzwerken zählen insbesondere Twitter, Facebook, google+.</mrk></g></target><sdl:seg-defs><sdl:seg id="119" conf="Translated" origin="interactive" percent="100" text-match="SourceAndTarget"><sdl:prev-origin origin="tm" origin-system="LocalizationKit_en-US_de-DE" percent="100" text-match="SourceAndTarget"><sdl:prev-origin/><sdl:value key="SegmentIdentityHash">3bgsoma3u6nhcrhlYCe4/vsiDdU=</sdl:value><sdl:value key="created_by">DESKTOP-USI39UT\Brigitta</sdl:value><sdl:value key="created_on">10/05/2017 09:40:58</sdl:value><sdl:value key="last_modified_by">DESKTOP-USI39UT\Brigitta</sdl:value><sdl:value key="modified_on">10/06/2017 10:30:08</sdl:value><sdl:value key="SDL:OriginalTranslationHash">1211428655</sdl:value></sdl:prev-origin><sdl:value key="SegmentIdentityHash">3bgsoma3u6nhcrhlYCe4/vsiDdU=</sdl:value><sdl:value key="created_by">DESKTOP-USI39UT\Brigitta</sdl:value><sdl:value key="created_on">10/05/2017 09:40:58</sdl:value><sdl:value key="last_modified_by">RHEINDOM\d.bartsch</sdl:value><sdl:value key="modified_on">10/12/2017 13:36:05</sdl:value><sdl:value key="SDL:OriginalTranslationHash">-1949502886</sdl:value></sdl:seg><sdl:seg id="120" conf="Translated" origin="tm" origin-system="LocalizationKit_en-US_de-DE" percent="100" text-match="Source"><sdl:value key="SegmentIdentityHash">rY4/IkuX01IgsoC5W6zfgP3pMOQ=</sdl:value><sdl:value key="created_by">DESKTOP-USI39UT\Brigitta</sdl:value><sdl:value key="created_on">10/05/2017 09:46:13</sdl:value><sdl:value key="last_modified_by">DESKTOP-USI39UT\Brigitta</sdl:value><sdl:value key="modified_on">10/06/2017 10:30:08</sdl:value><sdl:value key="SDL:OriginalTranslationHash">-1283844563</sdl:value></sdl:seg><sdl:seg id="121" conf="Translated" origin="interactive" percent="100" text-match="SourceAndTarget"><sdl:prev-origin origin="tm" origin-system="LocalizationKit_en-US_de-DE" percent="100" text-match="SourceAndTarget"><sdl:prev-origin/><sdl:value key="SegmentIdentityHash">4eHQwtYMn3Zr9pl1bq6bDpdSB2w=</sdl:value><sdl:value key="created_by">DESKTOP-USI39UT\Brigitta</sdl:value><sdl:value key="created_on">10/05/2017 09:46:52</sdl:value><sdl:value key="last_modified_by">DESKTOP-USI39UT\Brigitta</sdl:value><sdl:value key="modified_on">10/06/2017 10:30:08</sdl:value><sdl:value key="SDL:OriginalTranslationHash">-1275082568</sdl:value></sdl:prev-origin><sdl:value key="SegmentIdentityHash">4eHQwtYMn3Zr9pl1bq6bDpdSB2w=</sdl:value><sdl:value key="created_by">RHEINDOM\d.bartsch</sdl:value><sdl:value key="created_on">10/10/2017 07:30:27</sdl:value><sdl:value key="last_modified_by">RHEINDOM\d.bartsch</sdl:value><sdl:value key="modified_on">10/10/2017 07:30:27</sdl:value><sdl:value key="SDL:OriginalTranslationHash">-1564422205</sdl:value></sdl:seg></sdl:seg-defs></trans-unit></group><group><sdl:cxts><sdl:cxt id="84"/><sdl:cxt id="4"/></sdl:cxts><trans-unit id="686e3f4c-6209-4935-8403-9256ed58debe"><source><g id="1104">To find out how your information from a social network may be obtained by us (or other third party application developers), please go on the settings page of the relevant social network.  Furthermore, you acknowledge that we may use your Personal Information to match information with a social network for advertising purposes. </g></source><seg-source><g id="1104"><mrk mtype="seg" mid="122">To find out how your information from a social network may be obtained by us (or other third party application developers), please go on the settings page of the relevant social network.</mrk>  <mrk mtype="seg" mid="123">Furthermore, you acknowledge that we may use your Personal Information to match information with a social network for advertising purposes.</mrk> </g></seg-source><target><g id="1104"><mrk mtype="seg" mid="122">Um herauszufinden, wie wir (oder andere Drittanbieter-Entwickler) gegebenenfalls Ihre Daten aus einem sozialen Netzwerk erhalten, überprüfen Sie bitte Ihre Einstellungen im betreffenden sozialen Netzwerk.</mrk>  <mrk mtype="seg" mid="123">Außerdem erkennen Sie an, dass wir Ihre personenbezogenen Daten verwenden können, um die Daten mit einem sozialen Netzwerk für Werbezwecke abzugleichen.</mrk> </g></target><sdl:seg-defs><sdl:seg id="122" conf="Translated" origin="tm" origin-system="LocalizationKit_en-US_de-DE" percent="100" text-match="SourceAndTarget"><sdl:value key="SegmentIdentityHash">1c6zeo5iVBy7nGzUhBbzWMUHNaE=</sdl:value><sdl:value key="created_by">DESKTOP-USI39UT\Brigitta</sdl:value><sdl:value key="created_on">10/05/2017 09:47:18</sdl:value><sdl:value key="last_modified_by">DESKTOP-USI39UT\Brigitta</sdl:value><sdl:value key="modified_on">10/06/2017 10:30:09</sdl:value><sdl:value key="SDL:OriginalTranslationHash">2114550081</sdl:value></sdl:seg><sdl:seg id="123" conf="Translated" origin="tm" origin-system="LocalizationKit_en-US_de-DE" percent="100" text-match="SourceAndTarget"><sdl:value key="SegmentIdentityHash">9ByAVvCgHy5EmV2facyxYxtoIgw=</sdl:value><sdl:value key="created_by">DESKTOP-USI39UT\Brigitta</sdl:value><sdl:value key="created_on">10/05/2017 09:51:06</sdl:value><sdl:value key="last_modified_by">DESKTOP-USI39UT\Brigitta</sdl:value><sdl:value key="modified_on">10/06/2017 10:30:09</sdl:value><sdl:value key="SDL:OriginalTranslationHash">-318548165</sdl:value></sdl:seg></sdl:seg-defs></trans-unit></group><group><sdl:cxts><sdl:cxt id="85"/><sdl:cxt id="4"/></sdl:cxts><trans-unit id="22300147-0194-415a-aedf-96efdbdcc7c7"><source><g id="1146">CCS cannot make assurances about the security of information that you share with third parties, including information you share with social media sites.</g></source><seg-source><g id="1146"><mrk mtype="seg" mid="124">CCS cannot make assurances about the security of information that you share with third parties, including information you share with social media sites.</mrk></g></seg-source><target><g id="1146"><mrk mtype="seg" mid="124">CCS kann keine Zusicherungen in Bezug auf die Sicherheit der Daten, die Sie an Dritte weitergeben, einschließlich der Daten, die Sie an Social-Media-Websites weitergeben, leisten.</mrk></g></target><sdl:seg-defs><sdl:seg id="124" conf="Translated" origin="tm" origin-system="LocalizationKit_en-US_de-DE" percent="100" text-match="SourceAndTarget"><sdl:value key="SegmentIdentityHash">b9DqLyeoGvVL26bdhR2MK5GyLOE=</sdl:value><sdl:value key="created_by">DESKTOP-USI39UT\Brigitta</sdl:value><sdl:value key="created_on">10/05/2017 09:52:48</sdl:value><sdl:value key="last_modified_by">DESKTOP-USI39UT\Brigitta</sdl:value><sdl:value key="modified_on">10/06/2017 10:30:10</sdl:value><sdl:value key="SDL:OriginalTranslationHash">-79444891</sdl:value></sdl:seg></sdl:seg-defs></trans-unit></group><group><sdl:cxts><sdl:cxt id="86"/><sdl:cxt id="4"/></sdl:cxts><trans-unit id="671f3fe9-d308-434e-a450-e23d883fb19f"><source><g id="1149">For more information about cookies and other tracking technologies, click </g><g id="1156" xid="acae2093-635f-45c7-bcd0-0dfb5e9bd032">here</g><g id="1162">.</g></source><seg-source><mrk mtype="seg" mid="125"><g id="1149">For more information about cookies and other tracking technologies, click </g><g id="1156" xid="acae2093-635f-45c7-bcd0-0dfb5e9bd032">here</g><g id="1162">.</g></mrk></seg-source><target><mrk mtype="seg" mid="125"><g id="1149">Für weitere Informationen über Cookies und andere Tracking-Technologien klicken Sie bitte </g><g id="1156" xid="acae2093-635f-45c7-bcd0-0dfb5e9bd032">hier</g><g id="1162">.</g></mrk></target><sdl:seg-defs><sdl:seg id="125" conf="Translated" origin="tm" origin-system="LocalizationKit_en-US_de-DE" percent="100" text-match="SourceAndTarget"><sdl:value key="SegmentIdentityHash">rscYF1Gy/AEQVmgsYn0vgvU5y/E=</sdl:value><sdl:value key="created_by">DESKTOP-USI39UT\Brigitta</sdl:value><sdl:value key="created_on">10/05/2017 09:54:37</sdl:value><sdl:value key="last_modified_by">DESKTOP-USI39UT\Brigitta</sdl:value><sdl:value key="modified_on">10/06/2017 10:30:10</sdl:value><sdl:value key="SDL:OriginalTranslationHash">-1989595564</sdl:value></sdl:seg></sdl:seg-defs></trans-unit></group><group><sdl:cxts><sdl:cxt id="87"/></sdl:cxts><trans-unit id="acae2093-635f-45c7-bcd0-0dfb5e9bd032"><source>http://www.allaboutcookies.org/</source><seg-source><mrk mtype="seg" mid="126">http://www.allaboutcookies.org/</mrk></seg-source><target><mrk mtype="seg" mid="126">http://www.allaboutcookies.org/</mrk></target><sdl:seg-defs><sdl:seg id="126" conf="Translated" origin="tm" origin-system="LocalizationKit_en-US_de-DE" percent="100"><sdl:value key="SegmentIdentityHash">ni/8vgMHjDZoIWyz6oQNrvHnmf0=</sdl:value><sdl:value key="created_by">DESKTOP-USI39UT\Brigitta</sdl:value><sdl:value key="created_on">10/05/2017 09:55:00</sdl:value><sdl:value key="last_modified_by">DESKTOP-USI39UT\Brigitta</sdl:value><sdl:value key="modified_on">10/06/2017 10:30:10</sdl:value><sdl:value key="SDL:OriginalTranslationHash">1275795081</sdl:value></sdl:seg></sdl:seg-defs></trans-unit></group><group><sdl:cxts><sdl:cxt id="88"/><sdl:cxt id="4"/></sdl:cxts><trans-unit id="ea98af89-e9d0-4b27-afab-8a451f79461a"><source><g id="1165">How may CCS use location data?</g></source><seg-source><g id="1165"><mrk mtype="seg" mid="127">How may CCS use location data?</mrk></g></seg-source><target><g id="1165"><mrk mtype="seg" mid="127">Wie kann CCS Standortdaten verwenden?</mrk></g></target><sdl:seg-defs><sdl:seg id="127" conf="Translated" origin="tm" origin-system="LocalizationKit_en-US_de-DE" percent="100" text-match="SourceAndTarget"><sdl:value key="SegmentIdentityHash">DIzSxe1g1MQHJh99lGAZ954JyuM=</sdl:value><sdl:value key="created_by">DESKTOP-USI39UT\Brigitta</sdl:value><sdl:value key="created_on">10/05/2017 09:55:03</sdl:value><sdl:value key="last_modified_by">DESKTOP-USI39UT\Brigitta</sdl:value><sdl:value key="modified_on">10/06/2017 10:30:11</sdl:value><sdl:value key="SDL:OriginalTranslationHash">1594389026</sdl:value></sdl:seg></sdl:seg-defs></trans-unit></group><group><sdl:cxts><sdl:cxt id="89"/><sdl:cxt id="4"/></sdl:cxts><trans-unit id="16840d06-364f-4723-a4ea-4bbccd7d906c"><source><g id="1168">CCS is a global provider of building technologies.  Our fire safety, security, building automation, heating, ventilating, air-conditioning and refrigeration systems and services promote integrated, high-performance buildings that are safer, smarter and sustainable.  As such, the following are some examples of when location data may be requested to provide some of the services that CCS has to offer:</g></source><seg-source><g id="1168"><mrk mtype="seg" mid="128">CCS is a global provider of building technologies.</mrk>  <mrk mtype="seg" mid="129">Our fire safety, security, building automation, heating, ventilating, air-conditioning and refrigeration systems and services promote integrated, high-performance buildings that are safer, smarter and sustainable.</mrk>  <mrk mtype="seg" mid="130">As such, the following are some examples of when location data may be requested to provide some of the services that CCS has to offer:</mrk></g></seg-source><target><g id="1168"><mrk mtype="seg" mid="128">CCS ist ein globaler Anbieter von Gebäudetechnologien.</mrk>  <mrk mtype="seg" mid="129">Mit unseren Anlagen und Dienstleistungen im Bereich Brandschutz, Sicherheit, Gebäudeautomation, Heizung, Belüftung, Klimatisierung und Kühlung fördern wir integrierte hochleistungsfähige Gebäude, die sicherer, intelligenter und nachhaltig sind.</mrk>  <mrk mtype="seg" mid="130">Nachstehend finden Sie einige Beispiele für Fälle, in denen CCS Standortdaten benötigt, um manche der Leistungen, die CCS im Angebot hat, erbringen zu können:</mrk></g></target><sdl:seg-defs><sdl:seg id="128" conf="Translated" origin="tm" origin-system="LocalizationKit_en-US_de-DE" percent="100" text-match="SourceAndTarget"><sdl:value key="SegmentIdentityHash">5SvrMy+w4S1YsNhNDzDyId8qFRM=</sdl:value><sdl:value key="created_by">DESKTOP-USI39UT\Brigitta</sdl:value><sdl:value key="created_on">10/05/2017 09:55:13</sdl:value><sdl:value key="last_modified_by">DESKTOP-USI39UT\Brigitta</sdl:value><sdl:value key="modified_on">10/06/2017 10:30:11</sdl:value><sdl:value key="SDL:OriginalTranslationHash">264500613</sdl:value></sdl:seg><sdl:seg id="129" conf="Translated" origin="tm" origin-system="LocalizationKit_en-US_de-DE" percent="100" text-match="SourceAndTarget"><sdl:value key="SegmentIdentityHash">lGiASL4qRWJjfRmcmnTFx902Ml0=</sdl:value><sdl:value key="created_by">DESKTOP-USI39UT\Brigitta</sdl:value><sdl:value key="created_on">10/05/2017 09:55:25</sdl:value><sdl:value key="last_modified_by">DESKTOP-USI39UT\Brigitta</sdl:value><sdl:value key="modified_on">10/06/2017 10:30:11</sdl:value><sdl:value key="SDL:OriginalTranslationHash">-1612769084</sdl:value></sdl:seg><sdl:seg id="130" conf="Translated" origin="interactive" percent="100" text-match="SourceAndTarget"><sdl:prev-origin origin="tm" origin-system="LocalizationKit_en-US_de-DE" percent="100" text-match="SourceAndTarget"><sdl:prev-origin/><sdl:value key="SegmentIdentityHash">7bIYQskubifrYCCuVxhvSJeW8qI=</sdl:value><sdl:value key="created_by">DESKTOP-USI39UT\Brigitta</sdl:value><sdl:value key="created_on">10/05/2017 09:57:01</sdl:value><sdl:value key="last_modified_by">DESKTOP-USI39UT\Brigitta</sdl:value><sdl:value key="modified_on">10/06/2017 10:30:12</sdl:value><sdl:value key="SDL:OriginalTranslationHash">1372483182</sdl:value></sdl:prev-origin><sdl:value key="SegmentIdentityHash">7bIYQskubifrYCCuVxhvSJeW8qI=</sdl:value><sdl:value key="created_by">RHEINDOM\d.bartsch</sdl:value><sdl:value key="created_on">10/10/2017 07:30:49</sdl:value><sdl:value key="last_modified_by">RHEINDOM\d.bartsch</sdl:value><sdl:value key="modified_on">10/10/2017 07:30:49</sdl:value><sdl:value key="SDL:OriginalTranslationHash">-2121672304</sdl:value></sdl:seg></sdl:seg-defs></trans-unit></group><group><sdl:cxts><sdl:cxt id="90"/><sdl:cxt id="16"/></sdl:cxts><trans-unit id="ba5c78e8-07e9-48e5-b18a-407fcacc4351"><source><g id="1171">To improve building product capability, such as use your location data in one of our buildings to dynamically adjust ventilation, heating and cooling settings, to turn the lights on or off, or to unlock doors;</g></source><seg-source><g id="1171"><mrk mtype="seg" mid="131">To improve building product capability, such as use your location data in one of our buildings to dynamically adjust ventilation, heating and cooling settings, to turn the lights on or off, or to unlock doors;</mrk></g></seg-source><target><g id="1171"><mrk mtype="seg" mid="131">Zur Verbesserung der Leistungsfähigkeit unserer Bauprodukte können wir zum Beispiel Ihre Standortdaten in einem unserer Gebäude verwenden, um die Einstellungen für Belüftung, Heizung und Kühlung dynamisch anzupassen, das Licht an- oder auszuschalten oder die Türen zu entriegeln;</mrk></g></target><sdl:seg-defs><sdl:seg id="131" conf="Translated" origin="tm" origin-system="LocalizationKit_en-US_de-DE" percent="100" text-match="SourceAndTarget"><sdl:value key="SegmentIdentityHash">vmmG6jIftK2EFtDNQ/pqgBkga6k=</sdl:value><sdl:value key="created_by">DESKTOP-USI39UT\Brigitta</sdl:value><sdl:value key="created_on">10/05/2017 09:58:54</sdl:value><sdl:value key="last_modified_by">DESKTOP-USI39UT\Brigitta</sdl:value><sdl:value key="modified_on">10/06/2017 10:30:12</sdl:value><sdl:value key="SDL:OriginalTranslationHash">-1830661213</sdl:value></sdl:seg></sdl:seg-defs></trans-unit></group><group><sdl:cxts><sdl:cxt id="91"/><sdl:cxt id="16"/></sdl:cxts><trans-unit id="8e9d04ee-9676-4669-a49b-45f356388943"><source><g id="1189">If you are a visitor to or an employee at our headquarters, use your location data to help you locate the nearest printer or conference room, in order to provide an enhanced experience at our headquarters;  </g></source><seg-source><g id="1189"><mrk mtype="seg" mid="132">If you are a visitor to or an employee at our headquarters, use your location data to help you locate the nearest printer or conference room, in order to provide an enhanced experience at our headquarters;</mrk>  </g></seg-source><target><g id="1189"><mrk mtype="seg" mid="132">Wenn Sie Besucher oder Mitarbeiter an unserem Hauptsitz sind, können wir zum Beispiel Ihre Standortdaten verwenden, damit Sie schneller den nächsten Drucker oder den Konferenzraum finden, sodass wir Ihnen ein besseres Nutzungserlebnis in unserem Gebäude ermöglichen;</mrk>  </g></target><sdl:seg-defs><sdl:seg id="132" conf="Translated" origin="tm" origin-system="LocalizationKit_en-US_de-DE" percent="100" text-match="SourceAndTarget"><sdl:value key="SegmentIdentityHash">ylkMwtwC3/7PmHy+ACosIX9oZLw=</sdl:value><sdl:value key="created_by">DESKTOP-USI39UT\Brigitta</sdl:value><sdl:value key="created_on">10/05/2017 10:01:38</sdl:value><sdl:value key="last_modified_by">DESKTOP-USI39UT\Brigitta</sdl:value><sdl:value key="modified_on">10/06/2017 10:30:12</sdl:value><sdl:value key="SDL:OriginalTranslationHash">-165781827</sdl:value></sdl:seg></sdl:seg-defs></trans-unit></group><group><sdl:cxts><sdl:cxt id="92"/><sdl:cxt id="16"/></sdl:cxts><trans-unit id="8bb13b69-2eaf-48a3-a1f3-cecc809327fc"><source><g id="1210">To enable real estate agents using our Supra™ services to obtain or provide listing or showing information while using Supra’s Apps; or</g></source><seg-source><g id="1210"><mrk mtype="seg" mid="133">To enable real estate agents using our Supra™ services to obtain or provide listing or showing information while using Supra’s Apps; or</mrk></g></seg-source><target><g id="1210"><mrk mtype="seg" mid="133">Wir können Standortdaten verwenden, damit Immobilienmakler, die unsere Supra™ Services nutzen, Angebote erhalten oder weitergeben oder Informationen anzeigen können, während sie die Apps von Supra verwenden; oder</mrk></g></target><sdl:seg-defs><sdl:seg id="133" conf="Translated" origin="tm" origin-system="LocalizationKit_en-US_de-DE" percent="100" text-match="SourceAndTarget"><sdl:value key="SegmentIdentityHash">MN/M8Ki3N2vXysgLm4HXBvEpu2g=</sdl:value><sdl:value key="created_by">DESKTOP-USI39UT\Brigitta</sdl:value><sdl:value key="created_on">10/05/2017 10:06:14</sdl:value><sdl:value key="last_modified_by">DESKTOP-USI39UT\Brigitta</sdl:value><sdl:value key="modified_on">10/06/2017 10:30:13</sdl:value><sdl:value key="SDL:OriginalTranslationHash">1097809158</sdl:value></sdl:seg></sdl:seg-defs></trans-unit></group><group><sdl:cxts><sdl:cxt id="93"/><sdl:cxt id="16"/></sdl:cxts><trans-unit id="7d3659ba-69b6-4cf0-9f83-8b5a4176a167"><source><g id="1222">To determine which service technician is closest to a service call.</g></source><seg-source><g id="1222"><mrk mtype="seg" mid="134">To determine which service technician is closest to a service call.</mrk></g></seg-source><target><g id="1222"><mrk mtype="seg" mid="134">Um bei einem Serviceanruf feststellen zu können, welcher Servicetechniker sich in nächster Nähe befindet.</mrk></g></target><sdl:seg-defs><sdl:seg id="134" conf="Translated" origin="tm" origin-system="LocalizationKit_en-US_de-DE" percent="100" text-match="SourceAndTarget"><sdl:value key="SegmentIdentityHash">gGTN9cRnUAZcASO3MguS24Zhk/g=</sdl:value><sdl:value key="created_by">DESKTOP-USI39UT\Brigitta</sdl:value><sdl:value key="created_on">10/05/2017 10:38:28</sdl:value><sdl:value key="last_modified_by">DESKTOP-USI39UT\Brigitta</sdl:value><sdl:value key="modified_on">10/06/2017 10:30:13</sdl:value><sdl:value key="SDL:OriginalTranslationHash">-5609327</sdl:value></sdl:seg></sdl:seg-defs></trans-unit></group><group><sdl:cxts><sdl:cxt id="94"/><sdl:cxt id="4"/></sdl:cxts><trans-unit id="5835d827-681f-4def-bc8e-175d8c2a831e"><source><g id="1225">In addition, CCS may use location data for location and/or timekeeping purposes for employees or contractors.  </g></source><seg-source><g id="1225"><mrk mtype="seg" mid="135">In addition, CCS may use location data for location and/or timekeeping purposes for employees or contractors.</mrk>  </g></seg-source><target><g id="1225"><mrk mtype="seg" mid="135">Darüber hinaus kann CCS Standortdaten auch für die Orts- und Arbeitszeiterfassung von Mitarbeitern oder Auftragnehmern verwenden.</mrk>  </g></target><sdl:seg-defs><sdl:seg id="135" conf="Translated" origin="tm" origin-system="LocalizationKit_en-US_de-DE" percent="100" text-match="SourceAndTarget"><sdl:value key="SegmentIdentityHash">sDq5/ZWlhEnwBf6fg+5q4enqM/g=</sdl:value><sdl:value key="created_by">DESKTOP-USI39UT\Brigitta</sdl:value><sdl:value key="created_on">10/05/2017 10:39:17</sdl:value><sdl:value key="last_modified_by">DESKTOP-USI39UT\Brigitta</sdl:value><sdl:value key="modified_on">10/06/2017 10:30:14</sdl:value><sdl:value key="SDL:OriginalTranslationHash">-1544063034</sdl:value></sdl:seg></sdl:seg-defs></trans-unit></group><group><sdl:cxts><sdl:cxt id="95"/><sdl:cxt id="4"/></sdl:cxts><trans-unit id="6634da1c-0bde-4217-9e4e-414e60b9fb77"><source><g id="1234">In all of these cases, </g><g id="1237">CCS will ask permission to collect your location data and so the collection of this data will be transparent to you – you will have the opportunity to decide whether or not to provide your location data.</g><g id="1237">  If you choose not to provide your location data, CCS may be unable to provide the requested service or complete the requested transaction.</g></source><seg-source><mrk mtype="seg" mid="136"><g id="1234">In all of these cases, </g><g id="1237">CCS will ask permission to collect your location data and so the collection of this data will be transparent to you – you will have the opportunity to decide whether or not to provide your location data.</g></mrk><g id="1237">  <mrk mtype="seg" mid="137">If you choose not to provide your location data, CCS may be unable to provide the requested service or complete the requested transaction.</mrk></g></seg-source><target><mrk mtype="seg" mid="136"><g id="1234">In all diesen Fällen wird </g><g id="1237">CCS die Erlaubnis zur Erfassung der Standortdaten einholen; die Datenerfassung ist somit für Sie transparent und Sie haben die Möglichkeit zu entscheiden, ob Sie die Standortdaten weitergeben wollen oder nicht.</g></mrk><g id="1237">  <mrk mtype="seg" mid="137">Falls Sie sich gegen die Übermittlung Ihrer Standortdaten entscheiden, ist CCS unter Umständen nicht in der Lage, den angeforderten Service bereitzustellen oder die angeforderte Transaktion durchzuführen.</mrk></g></target><sdl:seg-defs><sdl:seg id="136" conf="Translated" origin="tm" origin-system="LocalizationKit_en-US_de-DE" percent="100" text-match="SourceAndTarget"><sdl:value key="SegmentIdentityHash">UxkgMsevwl3c9lGrykwgYd8FiDA=</sdl:value><sdl:value key="created_by">DESKTOP-USI39UT\Brigitta</sdl:value><sdl:value key="created_on">10/05/2017 10:40:29</sdl:value><sdl:value key="last_modified_by">DESKTOP-USI39UT\Brigitta</sdl:value><sdl:value key="modified_on">10/06/2017 10:30:14</sdl:value><sdl:value key="SDL:OriginalTranslationHash">492108304</sdl:value></sdl:seg><sdl:seg id="137" conf="Translated" origin="tm" origin-system="LocalizationKit_en-US_de-DE" percent="100" text-match="SourceAndTarget"><sdl:value key="SegmentIdentityHash">tgl0CW6P7A68aYxI6RqZyylPvpk=</sdl:value><sdl:value key="created_by">DESKTOP-USI39UT\Brigitta</sdl:value><sdl:value key="created_on">10/05/2017 10:42:33</sdl:value><sdl:value key="last_modified_by">DESKTOP-USI39UT\Brigitta</sdl:value><sdl:value key="modified_on">10/06/2017 10:30:14</sdl:value><sdl:value key="SDL:OriginalTranslationHash">1265554170</sdl:value></sdl:seg></sdl:seg-defs></trans-unit></group><group><sdl:cxts><sdl:cxt id="96"/><sdl:cxt id="4"/></sdl:cxts><trans-unit id="c4afb8a3-e5b6-4bf7-8e25-86b6ae55cd7c"><source><g id="1240">How long do we keep your Personal Information?</g></source><seg-source><g id="1240"><mrk mtype="seg" mid="138">How long do we keep your Personal Information?</mrk></g></seg-source><target><g id="1240"><mrk mtype="seg" mid="138">Für wie lange werden Ihre personenbezogenen Daten gespeichert?</mrk></g></target><sdl:seg-defs><sdl:seg id="138" conf="Translated" origin="tm" origin-system="LocalizationKit_en-US_de-DE" percent="100" text-match="SourceAndTarget"><sdl:value key="SegmentIdentityHash">B11qvGKYdoh6rrH+MwK3xUHhzCE=</sdl:value><sdl:value key="created_by">DESKTOP-USI39UT\Brigitta</sdl:value><sdl:value key="created_on">10/05/2017 10:44:18</sdl:value><sdl:value key="last_modified_by">DESKTOP-USI39UT\Brigitta</sdl:value><sdl:value key="modified_on">10/06/2017 10:30:15</sdl:value><sdl:value key="SDL:OriginalTranslationHash">2073963474</sdl:value></sdl:seg></sdl:seg-defs></trans-unit></group><group><sdl:cxts><sdl:cxt id="97"/><sdl:cxt id="4"/></sdl:cxts><trans-unit id="94c82e16-1895-45e4-9e02-7daf8c9579f8"><source><g id="1243">The Personal Information you provide to CCS is only kept for as long as it is reasonably necessary for the purposes for which it was collected, taking into account our need to comply with contractual obligations, resolve customer service issues, comply with legal requirements and provide new or improved services to users.  This means that we may retain your Personal Information for a reasonable period after you stopped using the CCS Website or App. After this period, your Personal Information will be deleted from all systems of CCS without notice.</g></source><seg-source><g id="1243"><mrk mtype="seg" mid="139">The Personal Information you provide to CCS is only kept for as long as it is reasonably necessary for the purposes for which it was collected, taking into account our need to comply with contractual obligations, resolve customer service issues, comply with legal requirements and provide new or improved services to users.</mrk>  <mrk mtype="seg" mid="140">This means that we may retain your Personal Information for a reasonable period after you stopped using the CCS Website or App.</mrk> <mrk mtype="seg" mid="141">After this period, your Personal Information will be deleted from all systems of CCS without notice.</mrk></g></seg-source><target><g id="1243"><mrk mtype="seg" mid="139">Die von Ihnen an CCS weitergegebenen personenbezogenen Daten werden nur so lange gespeichert, wie dies vernünftigerweise zur Erfüllung der mit der Erfassung der Daten verbundenen Zwecke notwendig ist unter Berücksichtigung der Tatsache, dass wir vertragliche Verpflichtungen einhalten, Kundendienstanfragen bearbeiten und gesetzliche Vorschriften erfüllen müssen und unseren Nutzern neue oder verbesserte Services anbieten wollen.</mrk>  <mrk mtype="seg" mid="140">Dies bedeutet, dass wir Ihre personenbezogenen Daten noch für einen angemessenen Zeitraum, nachdem Sie die Verwendung der CCS Website oder App beendet haben, speichern können.</mrk> <mrk mtype="seg" mid="141">Nach Ablauf dieses Zeitraums werden Ihre personenbezogenen Daten ohne Benachrichtigung von allen Systemen von CCS gelöscht.</mrk></g></target><sdl:seg-defs><sdl:seg id="139" conf="Translated" origin="interactive" percent="99"><sdl:prev-origin origin="tm" origin-system="LocalizationKit_en-US_de-DE" percent="99"><sdl:prev-origin/><sdl:value key="SegmentIdentityHash">+xVI/XldeasbatyVCgDo8K8QQvI=</sdl:value><sdl:value key="created_by">DESKTOP-USI39UT\Brigitta</sdl:value><sdl:value key="created_on">10/06/2017 10:30:37</sdl:value><sdl:value key="last_modified_by">DESKTOP-USI39UT\Brigitta</sdl:value><sdl:value key="modified_on">10/06/2017 10:30:37</sdl:value><sdl:value key="SDL:OriginalTranslationHash">953332456</sdl:value></sdl:prev-origin><sdl:value key="SegmentIdentityHash">+xVI/XldeasbatyVCgDo8K8QQvI=</sdl:value><sdl:value key="created_by">RHEINDOM\d.bartsch</sdl:value><sdl:value key="created_on">10/10/2017 07:33:27</sdl:value><sdl:value key="last_modified_by">RHEINDOM\d.bartsch</sdl:value><sdl:value key="modified_on">10/10/2017 07:33:27</sdl:value><sdl:value key="SDL:OriginalTranslationHash">872295151</sdl:value></sdl:seg><sdl:seg id="140" conf="Translated" origin="tm" origin-system="LocalizationKit_en-US_de-DE" percent="100" text-match="SourceAndTarget"><sdl:value key="SegmentIdentityHash">yyAtBsNbaEAO5baAGSk+s3vSNAQ=</sdl:value><sdl:value key="created_by">DESKTOP-USI39UT\Brigitta</sdl:value><sdl:value key="created_on">10/05/2017 10:48:58</sdl:value><sdl:value key="last_modified_by">DESKTOP-USI39UT\Brigitta</sdl:value><sdl:value key="modified_on">10/06/2017 10:30:37</sdl:value><sdl:value key="SDL:OriginalTranslationHash">-1336318381</sdl:value></sdl:seg><sdl:seg id="141" conf="Translated" origin="tm" origin-system="LocalizationKit_en-US_de-DE" percent="100" text-match="SourceAndTarget"><sdl:value key="SegmentIdentityHash">iWTd3PmadwLlHIntsh+V08JVSBs=</sdl:value><sdl:value key="created_by">DESKTOP-USI39UT\Brigitta</sdl:value><sdl:value key="created_on">10/05/2017 10:49:47</sdl:value><sdl:value key="last_modified_by">DESKTOP-USI39UT\Brigitta</sdl:value><sdl:value key="modified_on">10/06/2017 10:30:38</sdl:value><sdl:value key="SDL:OriginalTranslationHash">-1865708604</sdl:value></sdl:seg></sdl:seg-defs></trans-unit></group><group><sdl:cxts><sdl:cxt id="98"/><sdl:cxt id="4"/></sdl:cxts><trans-unit id="eb197f67-4f2e-4426-aa39-0268a4eb3cb2"><source><g id="1298"><g id="1294"><g id="1285">What additional information should specific users</g> </g><g id="1297">know?</g></g></source><seg-source><g id="1298"><mrk mtype="seg" mid="142"><g id="1294"><g id="1285">What additional information should specific users</g> </g><g id="1297">know?</g></mrk></g></seg-source><target><g id="1298"><mrk mtype="seg" mid="142">Welche zusätzlichen Informationen sollten spezifische Nutzer kennen?</mrk></g></target><sdl:seg-defs><sdl:seg id="142" conf="Translated" origin="tm" origin-system="LocalizationKit_en-US_de-DE" percent="100" text-match="SourceAndTarget"><sdl:value key="SegmentIdentityHash">dRdiHMRh8TMU1rIIhEDnGCbVsPg=</sdl:value><sdl:value key="created_by">DESKTOP-USI39UT\Brigitta</sdl:value><sdl:value key="created_on">10/05/2017 10:50:38</sdl:value><sdl:value key="last_modified_by">DESKTOP-USI39UT\Brigitta</sdl:value><sdl:value key="modified_on">10/06/2017 10:30:38</sdl:value><sdl:value key="SDL:OriginalTranslationHash">-2038595298</sdl:value></sdl:seg></sdl:seg-defs></trans-unit></group><group><sdl:cxts><sdl:cxt id="99"/><sdl:cxt id="4"/></sdl:cxts><trans-unit id="8259b488-4ca1-4c3e-adf5-802173c6a751"><source><g id="1316"><g id="1301">Parents, Guardians, and Children:</g>  Our Apps and W<g id="1322">ebsites are intended for visitors who are at least 18 years of age, or the age of majority in their jurisdiction of residence.</g><g id="1322">  CCS does not knowingly solicit information from, or market products or services to, children.  If you do not meet the age requirements set out above, please do not enter your Personal Information on this or any other CCS Website or App.</g></g></source><seg-source><g id="1316"><g id="1301"><mrk mtype="seg" mid="143">Parents, Guardians, and Children:</mrk></g>  <mrk mtype="seg" mid="144">Our Apps and W<g id="1322">ebsites are intended for visitors who are at least 18 years of age, or the age of majority in their jurisdiction of residence.</g></mrk><g id="1322">  <mrk mtype="seg" mid="145">CCS does not knowingly solicit information from, or market products or services to, children.</mrk>  <mrk mtype="seg" mid="146">If you do not meet the age requirements set out above, please do not enter your Personal Information on this or any other CCS Website or App.</mrk></g></g></seg-source><target><g id="1316"><g id="1301"><mrk mtype="seg" mid="143">Eltern, Erziehungsberechtigte und Kinder:</mrk></g>  <mrk mtype="seg" mid="144"><g id="1322">Unsere Apps und Websites sind für Besucher konzipiert, die mindestens 18 Jahre alt sind bzw. das in ihrem Land geltende Volljährigkeitsalter erreicht haben.</g></mrk><g id="1322">  <mrk mtype="seg" mid="145">CCS holt nicht wissentlich Informationen von Kindern ein und vermarktet seine Produkte und Dienstleistungen nicht an Kinder.</mrk>  <mrk mtype="seg" mid="146">Wenn Sie die oben beschriebenen Altersvoraussetzungen nicht erfüllen, geben Sie bitte keine personenbezogenen Daten auf dieser oder einer anderen CCS-Website oder App ein.</mrk></g></g></target><sdl:seg-defs><sdl:seg id="143" conf="Translated" origin="tm" origin-system="LocalizationKit_en-US_de-DE" percent="100" text-match="SourceAndTarget"><sdl:value key="SegmentIdentityHash">uEzXFpT6mLZU7qjqIrB4XVVW66g=</sdl:value><sdl:value key="created_by">DESKTOP-USI39UT\Brigitta</sdl:value><sdl:value key="created_on">10/05/2017 10:50:54</sdl:value><sdl:value key="last_modified_by">DESKTOP-USI39UT\Brigitta</sdl:value><sdl:value key="modified_on">10/06/2017 10:30:39</sdl:value><sdl:value key="SDL:OriginalTranslationHash">228206492</sdl:value></sdl:seg><sdl:seg id="144" conf="Translated" origin="tm" origin-system="LocalizationKit_en-US_de-DE" percent="100" text-match="SourceAndTarget"><sdl:value key="SegmentIdentityHash">1aAoiUk5le5UcE0Z2MFDq5kYp0s=</sdl:value><sdl:value key="created_by">DESKTOP-USI39UT\Brigitta</sdl:value><sdl:value key="created_on">10/05/2017 10:51:10</sdl:value><sdl:value key="last_modified_by">DESKTOP-USI39UT\Brigitta</sdl:value><sdl:value key="modified_on">10/06/2017 10:30:39</sdl:value><sdl:value key="SDL:OriginalTranslationHash">-1247230898</sdl:value></sdl:seg><sdl:seg id="145" conf="Translated" origin="tm" origin-system="LocalizationKit_en-US_de-DE" percent="100" text-match="SourceAndTarget"><sdl:value key="SegmentIdentityHash">yXf1RpGcVMoMx3lFtBh4nTpdNEU=</sdl:value><sdl:value key="created_by">DESKTOP-USI39UT\Brigitta</sdl:value><sdl:value key="created_on">10/05/2017 10:55:48</sdl:value><sdl:value key="last_modified_by">DESKTOP-USI39UT\Brigitta</sdl:value><sdl:value key="modified_on">10/06/2017 10:30:39</sdl:value><sdl:value key="SDL:OriginalTranslationHash">-1410037859</sdl:value></sdl:seg><sdl:seg id="146" conf="Translated" origin="interactive" percent="100" text-match="SourceAndTarget"><sdl:prev-origin origin="tm" origin-system="LocalizationKit_en-US_de-DE" percent="100" text-match="SourceAndTarget"><sdl:prev-origin/><sdl:value key="SegmentIdentityHash">Rr0g1FECiLzn4rwXBtEka+CVwy0=</sdl:value><sdl:value key="created_by">DESKTOP-USI39UT\Brigitta</sdl:value><sdl:value key="created_on">10/05/2017 10:56:27</sdl:value><sdl:value key="last_modified_by">DESKTOP-USI39UT\Brigitta</sdl:value><sdl:value key="modified_on">10/06/2017 10:30:40</sdl:value><sdl:value key="SDL:OriginalTranslationHash">-1410356079</sdl:value></sdl:prev-origin><sdl:value key="SegmentIdentityHash">Rr0g1FECiLzn4rwXBtEka+CVwy0=</sdl:value><sdl:value key="created_by">RHEINDOM\d.bartsch</sdl:value><sdl:value key="created_on">10/10/2017 07:33:52</sdl:value><sdl:value key="last_modified_by">RHEINDOM\d.bartsch</sdl:value><sdl:value key="modified_on">10/10/2017 07:33:52</sdl:value><sdl:value key="SDL:OriginalTranslationHash">-1784392109</sdl:value></sdl:seg></sdl:seg-defs></trans-unit></group><group><sdl:cxts><sdl:cxt id="100"/><sdl:cxt id="4"/></sdl:cxts><trans-unit id="af489a89-fdba-44e5-b6d4-b1ba807b6c64"><source><g id="1352">Users from California:  </g>Annually California residents may request and obtain information that CCS shared with other businesses for their own direct marketing use within the prior calendar year (as defined by California’s “Shine the Light Law”).  If applicable, this information would include a list of the categories of Personal Information that was shared and the names and addresses of all third parties with which CCS shared this information in the immediately preceding calendar year.  To obtain this information, please send an email message to <g id="1377" xid="f68d7042-6859-4b55-84ec-999944dc70f8">privacy.compliance.ccs@utc.com</g> with “California Shine the Light Privacy Request” in the subject line as well as in the body of your message.  </source><seg-source><g id="1352"><mrk mtype="seg" mid="147">Users from California:</mrk>  </g><mrk mtype="seg" mid="148">Annually California residents may request and obtain information that CCS shared with other businesses for their own direct marketing use within the prior calendar year (as defined by California’s “Shine the Light Law”).</mrk>  <mrk mtype="seg" mid="149">If applicable, this information would include a list of the categories of Personal Information that was shared and the names and addresses of all third parties with which CCS shared this information in the immediately preceding calendar year.</mrk>  <mrk mtype="seg" mid="150">To obtain this information, please send an email message to <g id="1377" xid="f68d7042-6859-4b55-84ec-999944dc70f8">privacy.compliance.ccs@utc.com</g> with “California Shine the Light Privacy Request” in the subject line as well as in the body of your message.</mrk>  </seg-source><target><g id="1352"><mrk mtype="seg" mid="147">Nutzer aus Kalifornien:</mrk>  </g><mrk mtype="seg" mid="148">Einwohner des US-Bundesstaates Kalifornien sind berechtigt, einmal im Jahr eine Übersicht der Daten anzufordern und zu erhalten, die CCS im vorangegangenen Kalenderjahr an andere Unternehmen für Zwecke des Direktmarketings weitergegeben hat (wie im sogenannten „Shine the Light“-Gesetz von Kalifornien definiert).</mrk>  <mrk mtype="seg" mid="149">Falls anwendbar, enthalten diese Informationen eine Liste der Kategorien von personenbezogenen Daten, die weitergegeben wurden, sowie die Namen und Adressen aller Dritten, an die CCS diese Informationen im unmittelbar vorangegangenen Kalenderjahr weitergeben hat.</mrk>  <mrk mtype="seg" mid="150">Um diese Informationen zu erhalten, senden Sie bitte eine E-Mail an <g id="1377" xid="f68d7042-6859-4b55-84ec-999944dc70f8">privacy.compliance.ccs@utc.com</g> mit dem Wortlaut „California Shine the Light Privacy Request“ in der Betreffzeile sowie im Hauptteil der E-Mail-Nachricht.</mrk>  </target><sdl:seg-defs><sdl:seg id="147" conf="Translated" origin="tm" origin-system="LocalizationKit_en-US_de-DE" percent="100" text-match="SourceAndTarget"><sdl:value key="SegmentIdentityHash">V9TLsLGsVBqW6yPHM+3Ym0m6UY4=</sdl:value><sdl:value key="created_by">DESKTOP-USI39UT\Brigitta</sdl:value><sdl:value key="created_on">10/05/2017 10:57:12</sdl:value><sdl:value key="last_modified_by">DESKTOP-USI39UT\Brigitta</sdl:value><sdl:value key="modified_on">10/06/2017 10:30:40</sdl:value><sdl:value key="SDL:OriginalTranslationHash">1185452117</sdl:value></sdl:seg><sdl:seg id="148" conf="Translated" origin="tm" origin-system="LocalizationKit_en-US_de-DE" percent="100" text-match="SourceAndTarget"><sdl:value key="SegmentIdentityHash">LUK0lGX/+LO1q+r8ikJ4QDYjqmY=</sdl:value><sdl:value key="created_by">DESKTOP-USI39UT\Brigitta</sdl:value><sdl:value key="created_on">10/05/2017 10:57:23</sdl:value><sdl:value key="last_modified_by">DESKTOP-USI39UT\Brigitta</sdl:value><sdl:value key="modified_on">10/06/2017 10:30:41</sdl:value><sdl:value key="SDL:OriginalTranslationHash">940260241</sdl:value></sdl:seg><sdl:seg id="149" conf="Translated" origin="tm" origin-system="LocalizationKit_en-US_de-DE" percent="100" text-match="SourceAndTarget"><sdl:value key="SegmentIdentityHash">di9jMNwv/azUqhuuEj8tEszwwVo=</sdl:value><sdl:value key="created_by">DESKTOP-USI39UT\Brigitta</sdl:value><sdl:value key="created_on">10/05/2017 11:04:42</sdl:value><sdl:value key="last_modified_by">DESKTOP-USI39UT\Brigitta</sdl:value><sdl:value key="modified_on">10/06/2017 10:30:41</sdl:value><sdl:value key="SDL:OriginalTranslationHash">30062981</sdl:value></sdl:seg><sdl:seg id="150" conf="Translated" origin="tm" origin-system="LocalizationKit_en-US_de-DE" percent="100" text-match="SourceAndTarget"><sdl:value key="SegmentIdentityHash">cOeP8Gpl84wacGTIesSapjMJGx4=</sdl:value><sdl:value key="created_by">DESKTOP-USI39UT\Brigitta</sdl:value><sdl:value key="created_on">10/05/2017 11:06:25</sdl:value><sdl:value key="last_modified_by">DESKTOP-USI39UT\Brigitta</sdl:value><sdl:value key="modified_on">10/06/2017 10:30:41</sdl:value><sdl:value key="SDL:OriginalTranslationHash">-1439683387</sdl:value></sdl:seg></sdl:seg-defs></trans-unit></group><group><sdl:cxts><sdl:cxt id="101"/></sdl:cxts><trans-unit id="f68d7042-6859-4b55-84ec-999944dc70f8"><source>privacy.compliance.ccs@utc.com</source><seg-source><mrk mtype="seg" mid="151">privacy.compliance.ccs@utc.com</mrk></seg-source><target><mrk mtype="seg" mid="151">privacy.compliance.ccs@utc.com</mrk></target><sdl:seg-defs><sdl:seg id="151" conf="Translated" origin="tm" origin-system="LocalizationKit_en-US_de-DE" percent="100"><sdl:rep id="XIkr2gLBu88J61TndouhKBSsqW4="/><sdl:value key="SegmentIdentityHash">XIkr2gLBu88J61TndouhKBSsqW4=</sdl:value><sdl:value key="created_by">DESKTOP-USI39UT\Brigitta</sdl:value><sdl:value key="created_on">10/04/2017 14:21:26</sdl:value><sdl:value key="last_modified_by">DESKTOP-USI39UT\Brigitta</sdl:value><sdl:value key="modified_on">10/06/2017 10:30:42</sdl:value><sdl:value key="SDL:OriginalTranslationHash">-1650288057</sdl:value></sdl:seg></sdl:seg-defs></trans-unit></group><group><sdl:cxts><sdl:cxt id="102"/><sdl:cxt id="4"/></sdl:cxts><trans-unit id="ff1bcf3d-2a30-43d7-bac5-23b9354c73c2"><source><g id="1401">Users from the EU:</g>  You have the right to lodge a complaint with your national or state data protection authority, which may also be known as a supervisory authority.  You also have the right to:  (i) request access to and correction or erasure of your Personal Information; (ii) seek restrictions on; or (iii) object to the processing of certain Personal Information, and seek data portability under certain circumstances.  To contact CCS about a request to access, correct, erase, object or seek restrictions or portability, please use the contact methods indicated at the end of this notice.</source><seg-source><g id="1401"><mrk mtype="seg" mid="152">Users from the EU:</mrk></g>  <mrk mtype="seg" mid="153">You have the right to lodge a complaint with your national or state data protection authority, which may also be known as a supervisory authority.</mrk>  <mrk mtype="seg" mid="154">You also have the right to:</mrk>  <mrk mtype="seg" mid="155">(i) request access to and correction or erasure of your Personal Information; (ii) seek restrictions on; or (iii) object to the processing of certain Personal Information, and seek data portability under certain circumstances.</mrk>  <mrk mtype="seg" mid="156">To contact CCS about a request to access, correct, erase, object or seek restrictions or portability, please use the contact methods indicated at the end of this notice.</mrk></seg-source><target><g id="1401"><mrk mtype="seg" mid="152">Nutzer aus der EU:</mrk></g>  <mrk mtype="seg" mid="153">Sie sind berechtigt, eine Beschwerde an Ihre nationale oder staatliche Datenschutzbehörde, die möglicherweise auch als Aufsichtsbehörde bekannt ist, zu richten.</mrk>  <mrk mtype="seg" mid="154">Außerdem haben Sie das Recht:</mrk>  <mrk mtype="seg" mid="155">(i) Zugriff auf Ihre personenbezogenen Daten und deren Berichtigung oder Löschung zu verlangen; (ii) die Einschränkung der Verarbeitung Ihrer personenbezogenen Daten zu verlangen oder (iii) der Verarbeitung zu widersprechen und unter bestimmten Umständen Datenportabilität zu beantragen.</mrk>  <mrk mtype="seg" mid="156">Wenn Sie CCS in Zusammenhang mit Ihrem Recht auf Zugriff, Berichtigung, Löschung, Widerspruch gegen die Datenverarbeitung oder Einschränkung der Verarbeitung oder Ihres Rechts auf Datenportabilität kontaktieren wollen, verwenden Sie bitte eine der Kontaktmethoden, die am Ende dieses Datenschutzhinweises genannt sind.</mrk></target><sdl:seg-defs><sdl:seg id="152" conf="Translated" origin="tm" origin-system="LocalizationKit_en-US_de-DE" percent="100" text-match="SourceAndTarget"><sdl:rep id="84Mpati6cyi2nqS+2oNhFLzHDuU="/><sdl:value key="SegmentIdentityHash">84Mpati6cyi2nqS+2oNhFLzHDuU=</sdl:value><sdl:value key="created_by">DESKTOP-USI39UT\Brigitta</sdl:value><sdl:value key="created_on">10/05/2017 11:08:59</sdl:value><sdl:value key="last_modified_by">DESKTOP-USI39UT\Brigitta</sdl:value><sdl:value key="modified_on">10/06/2017 10:30:42</sdl:value><sdl:value key="SDL:OriginalTranslationHash">-2071276597</sdl:value></sdl:seg><sdl:seg id="153" conf="Translated" origin="interactive" percent="100" text-match="SourceAndTarget"><sdl:prev-origin origin="tm" origin-system="LocalizationKit_en-US_de-DE" percent="100" text-match="SourceAndTarget"><sdl:prev-origin/><sdl:value key="SegmentIdentityHash">y/hpSxryEJj5KwBzYE9ZndW9z5Q=</sdl:value><sdl:value key="created_by">DESKTOP-USI39UT\Brigitta</sdl:value><sdl:value key="created_on">10/05/2017 11:09:12</sdl:value><sdl:value key="last_modified_by">DESKTOP-USI39UT\Brigitta</sdl:value><sdl:value key="modified_on">10/06/2017 10:30:42</sdl:value><sdl:value key="SDL:OriginalTranslationHash">1742048200</sdl:value></sdl:prev-origin><sdl:value key="SegmentIdentityHash">y/hpSxryEJj5KwBzYE9ZndW9z5Q=</sdl:value><sdl:value key="created_by">RHEINDOM\d.bartsch</sdl:value><sdl:value key="created_on">10/10/2017 07:34:20</sdl:value><sdl:value key="last_modified_by">RHEINDOM\d.bartsch</sdl:value><sdl:value key="modified_on">10/10/2017 07:34:20</sdl:value><sdl:value key="SDL:OriginalTranslationHash">1265326535</sdl:value></sdl:seg><sdl:seg id="154" conf="Translated" origin="tm" origin-system="LocalizationKit_en-US_de-DE" percent="100" text-match="SourceAndTarget"><sdl:value key="SegmentIdentityHash">Uc8YL2cw3dRoK43BuGTNS2erd+E=</sdl:value><sdl:value key="created_by">DESKTOP-USI39UT\Brigitta</sdl:value><sdl:value key="created_on">10/05/2017 11:09:45</sdl:value><sdl:value key="last_modified_by">DESKTOP-USI39UT\Brigitta</sdl:value><sdl:value key="modified_on">10/06/2017 10:30:43</sdl:value><sdl:value key="SDL:OriginalTranslationHash">789152666</sdl:value></sdl:seg><sdl:seg id="155" conf="Translated" origin="tm" origin-system="LocalizationKit_en-US_de-DE" percent="100" text-match="SourceAndTarget"><sdl:value key="SegmentIdentityHash">O6w4UivcxWFfkKbStY9VwTrUGdo=</sdl:value><sdl:value key="created_by">DESKTOP-USI39UT\Brigitta</sdl:value><sdl:value key="created_on">10/05/2017 11:10:13</sdl:value><sdl:value key="last_modified_by">DESKTOP-USI39UT\Brigitta</sdl:value><sdl:value key="modified_on">10/06/2017 10:30:43</sdl:value><sdl:value key="SDL:OriginalTranslationHash">1044454459</sdl:value></sdl:seg><sdl:seg id="156" conf="Translated" origin="interactive" percent="100" text-match="SourceAndTarget"><sdl:prev-origin origin="tm" origin-system="LocalizationKit_en-US_de-DE" percent="100" text-match="SourceAndTarget"><sdl:prev-origin/><sdl:value key="SegmentIdentityHash">Pxe55mCU1xRWUelPeWCitQ0u7LU=</sdl:value><sdl:value key="created_by">DESKTOP-USI39UT\Brigitta</sdl:value><sdl:value key="created_on">10/05/2017 11:14:41</sdl:value><sdl:value key="last_modified_by">DESKTOP-USI39UT\Brigitta</sdl:value><sdl:value key="modified_on">10/06/2017 10:30:44</sdl:value><sdl:value key="SDL:OriginalTranslationHash">1438222975</sdl:value></sdl:prev-origin><sdl:value key="SegmentIdentityHash">Pxe55mCU1xRWUelPeWCitQ0u7LU=</sdl:value><sdl:value key="created_by">RHEINDOM\d.bartsch</sdl:value><sdl:value key="created_on">10/10/2017 07:35:02</sdl:value><sdl:value key="last_modified_by">RHEINDOM\d.bartsch</sdl:value><sdl:value key="modified_on">10/10/2017 07:35:02</sdl:value><sdl:value key="SDL:OriginalTranslationHash">626203598</sdl:value></sdl:seg></sdl:seg-defs></trans-unit></group><group><sdl:cxts><sdl:cxt id="103"/><sdl:cxt id="4"/></sdl:cxts><trans-unit id="05e15054-028b-40d2-88d2-4b90383c199a"><source><g id="1443">Users from the US:</g>  CCS does not collect Social Security Numbers through its websites.  CCS does, however, collect Social Security Numbers where required by law, such as for tax and payroll purposes for its employees.  When CCS collects and/or uses Social Security Numbers, CCS will take proper care by protecting confidentiality, limiting access on a need-to-know basis, and implementing appropriate technical safeguards and retention plans.</source><seg-source><g id="1443"><mrk mtype="seg" mid="157">Users from the US:</mrk></g>  <mrk mtype="seg" mid="158">CCS does not collect Social Security Numbers through its websites.</mrk>  <mrk mtype="seg" mid="159">CCS does, however, collect Social Security Numbers where required by law, such as for tax and payroll purposes for its employees.</mrk>  <mrk mtype="seg" mid="160">When CCS collects and/or uses Social Security Numbers, CCS will take proper care by protecting confidentiality, limiting access on a need-to-know basis, and implementing appropriate technical safeguards and retention plans.</mrk></seg-source><target><g id="1443"><mrk mtype="seg" mid="157">Nutzer aus den USA:</mrk></g>  <mrk mtype="seg" mid="158">CCS erfasst über seine Websites keine Sozialversicherungsnummern.</mrk>  <mrk mtype="seg" mid="159">CCS erfasst jedoch Sozialversicherungsnummern in Fällen, in denen das Unternehmen dazu gesetzlich verpflichtet ist, zum Beispiel zu steuerlichen Zwecken oder für die Gehaltsabrechnung der Mitarbeiter.</mrk>  <mrk mtype="seg" mid="160">Wenn CCS Sozialversicherungsnummern erfasst und/oder verwendet, wird das Unternehmen mit der gebotenen Sorgfalt vorgehen, indem es die Vertraulichkeit wahrt, den Zugriff auf die Daten nach dem Grundsatz „Kenntnis nur wenn nötig“ beschränkt und angemessene technische Schutzmaßnahmen und Datenspeicherpläne einführt.</mrk></target><sdl:seg-defs><sdl:seg id="157" conf="Translated" origin="tm" origin-system="LocalizationKit_en-US_de-DE" percent="100" text-match="SourceAndTarget"><sdl:rep id="84Mpati6cyi2nqS+2oNhFLzHDuU="/><sdl:value key="SegmentIdentityHash">84Mpati6cyi2nqS+2oNhFLzHDuU=</sdl:value><sdl:value key="created_by">DESKTOP-USI39UT\Brigitta</sdl:value><sdl:value key="created_on">10/05/2017 11:17:08</sdl:value><sdl:value key="last_modified_by">DESKTOP-USI39UT\Brigitta</sdl:value><sdl:value key="modified_on">10/06/2017 10:30:44</sdl:value><sdl:value key="SDL:OriginalTranslationHash">-806012840</sdl:value></sdl:seg><sdl:seg id="158" conf="Translated" origin="tm" origin-system="LocalizationKit_en-US_de-DE" percent="100" text-match="SourceAndTarget"><sdl:value key="SegmentIdentityHash">gSwHGfJVFefb9KNsDx4RKAoG3IY=</sdl:value><sdl:value key="created_by">DESKTOP-USI39UT\Brigitta</sdl:value><sdl:value key="created_on">10/05/2017 11:17:15</sdl:value><sdl:value key="last_modified_by">DESKTOP-USI39UT\Brigitta</sdl:value><sdl:value key="modified_on">10/06/2017 10:30:44</sdl:value><sdl:value key="SDL:OriginalTranslationHash">-790511508</sdl:value></sdl:seg><sdl:seg id="159" conf="Translated" origin="tm" origin-system="LocalizationKit_en-US_de-DE" percent="100" text-match="SourceAndTarget"><sdl:value key="SegmentIdentityHash">9N1jOPnb32XL5XyULfvUuMfz7cU=</sdl:value><sdl:value key="created_by">DESKTOP-USI39UT\Brigitta</sdl:value><sdl:value key="created_on">10/05/2017 11:17:34</sdl:value><sdl:value key="last_modified_by">DESKTOP-USI39UT\Brigitta</sdl:value><sdl:value key="modified_on">10/06/2017 10:30:45</sdl:value><sdl:value key="SDL:OriginalTranslationHash">2053553286</sdl:value></sdl:seg><sdl:seg id="160" conf="Translated" origin="interactive" percent="100" text-match="SourceAndTarget"><sdl:prev-origin origin="tm" origin-system="LocalizationKit_en-US_de-DE" percent="100" text-match="SourceAndTarget"><sdl:prev-origin/><sdl:value key="SegmentIdentityHash">zo9+IyFSAKDznwXoN+L6+DY5eC0=</sdl:value><sdl:value key="created_by">DESKTOP-USI39UT\Brigitta</sdl:value><sdl:value key="created_on">10/05/2017 11:18:29</sdl:value><sdl:value key="last_modified_by">DESKTOP-USI39UT\Brigitta</sdl:value><sdl:value key="modified_on">10/06/2017 10:30:45</sdl:value><sdl:value key="SDL:OriginalTranslationHash">1731994123</sdl:value></sdl:prev-origin><sdl:value key="SegmentIdentityHash">zo9+IyFSAKDznwXoN+L6+DY5eC0=</sdl:value><sdl:value key="created_by">RHEINDOM\d.bartsch</sdl:value><sdl:value key="created_on">10/10/2017 07:35:11</sdl:value><sdl:value key="last_modified_by">RHEINDOM\d.bartsch</sdl:value><sdl:value key="modified_on">10/10/2017 07:35:11</sdl:value><sdl:value key="SDL:OriginalTranslationHash">-1731128497</sdl:value></sdl:seg></sdl:seg-defs></trans-unit></group><group><sdl:cxts><sdl:cxt id="104"/><sdl:cxt id="4"/></sdl:cxts><trans-unit id="baac1c0c-7aba-4f14-af6f-c39924fe4457"><source><g id="1449">How might CCS change this Privacy Notice?</g></source><seg-source><g id="1449"><mrk mtype="seg" mid="161">How might CCS change this Privacy Notice?</mrk></g></seg-source><target><g id="1449"><mrk mtype="seg" mid="161">Wie kann CCS diesen Datenschutzhinweis ändern?</mrk></g></target><sdl:seg-defs><sdl:seg id="161" conf="Translated" origin="tm" origin-system="LocalizationKit_en-US_de-DE" percent="100" text-match="SourceAndTarget"><sdl:value key="SegmentIdentityHash">d6HGCSowN2pwCeWyw6FocCh2FuM=</sdl:value><sdl:value key="created_by">DESKTOP-USI39UT\Brigitta</sdl:value><sdl:value key="created_on">10/05/2017 11:24:48</sdl:value><sdl:value key="last_modified_by">DESKTOP-USI39UT\Brigitta</sdl:value><sdl:value key="modified_on">10/06/2017 10:30:45</sdl:value><sdl:value key="SDL:OriginalTranslationHash">384944383</sdl:value></sdl:seg></sdl:seg-defs></trans-unit></group><group><sdl:cxts><sdl:cxt id="105"/><sdl:cxt id="4"/></sdl:cxts><trans-unit id="e7ebc515-3d46-4a37-b044-439cf535b6e2"><source><g id="1464">As CCS expands and improves its Websites and its Apps, we may need to update this Privacy Notice.  This Privacy Notice may be modified from time to time without prior notice.  We encourage you to review this Privacy Notice on a regular basis for any changes.  Substantive changes will be identified at the top of the Privacy Notice.  </g></source><seg-source><g id="1464"><mrk mtype="seg" mid="162">As CCS expands and improves its Websites and its Apps, we may need to update this Privacy Notice.</mrk>  <mrk mtype="seg" mid="163">This Privacy Notice may be modified from time to time without prior notice.</mrk>  <mrk mtype="seg" mid="164">We encourage you to review this Privacy Notice on a regular basis for any changes.</mrk>  <mrk mtype="seg" mid="165">Substantive changes will be identified at the top of the Privacy Notice.</mrk>  </g></seg-source><target><g id="1464"><mrk mtype="seg" mid="162">Da CCS seine Websites und Apps stetig erweitert und verbessert, kann es notwendig sein, diesen Datenschutzhinweis zu aktualisieren.</mrk>  <mrk mtype="seg" mid="163">Dieser Datenschutzhinweis kann von Zeit zu Zeit ohne vorherige Ankündigung geändert werden.</mrk>  <mrk mtype="seg" mid="164">Wir möchten Sie deshalb bitten, diesen Datenschutzhinweis regelmäßig auf eventuelle Änderungen zu überprüfen.</mrk>  <mrk mtype="seg" mid="165">Auf wesentliche Änderungen wird zu Beginn des Datenschutzhinweises hingewiesen.</mrk>  </g></target><sdl:seg-defs><sdl:seg id="162" conf="Translated" origin="tm" origin-system="LocalizationKit_en-US_de-DE" percent="100" text-match="SourceAndTarget"><sdl:value key="SegmentIdentityHash">u4fxXnbh3beLwUjuJ3AAFlZDhpA=</sdl:value><sdl:value key="created_by">DESKTOP-USI39UT\Brigitta</sdl:value><sdl:value key="created_on">10/05/2017 11:24:59</sdl:value><sdl:value key="last_modified_by">DESKTOP-USI39UT\Brigitta</sdl:value><sdl:value key="modified_on">10/06/2017 10:30:46</sdl:value><sdl:value key="SDL:OriginalTranslationHash">1575730070</sdl:value></sdl:seg><sdl:seg id="163" conf="Translated" origin="tm" origin-system="LocalizationKit_en-US_de-DE" percent="100" text-match="SourceAndTarget"><sdl:value key="SegmentIdentityHash">X1bHwxv5OvkfbPpwyueAedZE2Hg=</sdl:value><sdl:value key="created_by">DESKTOP-USI39UT\Brigitta</sdl:value><sdl:value key="created_on">10/05/2017 11:25:40</sdl:value><sdl:value key="last_modified_by">DESKTOP-USI39UT\Brigitta</sdl:value><sdl:value key="modified_on">10/06/2017 10:30:46</sdl:value><sdl:value key="SDL:OriginalTranslationHash">1420450304</sdl:value></sdl:seg><sdl:seg id="164" conf="Translated" origin="tm" origin-system="LocalizationKit_en-US_de-DE" percent="100" text-match="SourceAndTarget"><sdl:value key="SegmentIdentityHash">kKtcK8+7blCsKTfHBAkT7fkW8a0=</sdl:value><sdl:value key="created_by">DESKTOP-USI39UT\Brigitta</sdl:value><sdl:value key="created_on">10/05/2017 11:25:59</sdl:value><sdl:value key="last_modified_by">DESKTOP-USI39UT\Brigitta</sdl:value><sdl:value key="modified_on">10/06/2017 10:30:47</sdl:value><sdl:value key="SDL:OriginalTranslationHash">411566679</sdl:value></sdl:seg><sdl:seg id="165" conf="Translated" origin="tm" origin-system="LocalizationKit_en-US_de-DE" percent="100" text-match="SourceAndTarget"><sdl:value key="SegmentIdentityHash">IDu5rGEyGap3Vjnz0rPhH6Dqyns=</sdl:value><sdl:value key="created_by">DESKTOP-USI39UT\Brigitta</sdl:value><sdl:value key="created_on">10/05/2017 11:26:30</sdl:value><sdl:value key="last_modified_by">DESKTOP-USI39UT\Brigitta</sdl:value><sdl:value key="modified_on">10/06/2017 10:30:47</sdl:value><sdl:value key="SDL:OriginalTranslationHash">-1796433874</sdl:value></sdl:seg></sdl:seg-defs></trans-unit></group><group><sdl:cxts><sdl:cxt id="106"/><sdl:cxt id="4"/></sdl:cxts><trans-unit id="38154289-34d3-496c-947d-92b325fec57e"><source><g id="1548">How can you contact CCS?</g></source><seg-source><g id="1548"><mrk mtype="seg" mid="166">How can you contact CCS?</mrk></g></seg-source><target><g id="1548"><mrk mtype="seg" mid="166">Wie können Sie CCS kontaktieren?</mrk></g></target><sdl:seg-defs><sdl:seg id="166" conf="Translated" origin="tm" origin-system="LocalizationKit_en-US_de-DE" percent="100" text-match="SourceAndTarget"><sdl:value key="SegmentIdentityHash">DFf+V3gGjCPJe8SFIHoxH/694vg=</sdl:value><sdl:value key="created_by">DESKTOP-USI39UT\Brigitta</sdl:value><sdl:value key="created_on">10/05/2017 11:26:50</sdl:value><sdl:value key="last_modified_by">DESKTOP-USI39UT\Brigitta</sdl:value><sdl:value key="modified_on">10/06/2017 10:30:47</sdl:value><sdl:value key="SDL:OriginalTranslationHash">-1772320556</sdl:value></sdl:seg></sdl:seg-defs></trans-unit></group><group><sdl:cxts><sdl:cxt id="107"/><sdl:cxt id="4"/></sdl:cxts><trans-unit id="2f7d2d38-124a-4448-b954-caa2156a21f8"><source><g id="1557">If you have any comments or questions about this Privacy Notice or to obtain information on the manner in which we or our service providers treat your personal information, or if there are other things we can do to maximize the value of this Website or App to you, please email </g><g id="1591" xid="b8d10e52-2b09-4e15-aaed-37eef10a6f2a">webmaster.ccs@utc.com</g><g id="1597">.</g><g id="1597">  </g><g id="1597">If you have questions about CCS’s privacy practices in general, please email</g><g id="1601" xid="c017d0af-1ad1-4974-9f46-1b36faf2c4c4"> privacy.compliance.ccs@utc.com</g>. </source><seg-source><mrk mtype="seg" mid="167"><g id="1557">If you have any comments or questions about this Privacy Notice or to obtain information on the manner in which we or our service providers treat your personal information, or if there are other things we can do to maximize the value of this Website or App to you, please email </g><g id="1591" xid="b8d10e52-2b09-4e15-aaed-37eef10a6f2a">webmaster.ccs@utc.com</g><g id="1597">.</g></mrk><g id="1597">  </g><mrk mtype="seg" mid="168"><g id="1597">If you have questions about CCS’s privacy practices in general, please email</g><g id="1601" xid="c017d0af-1ad1-4974-9f46-1b36faf2c4c4"> privacy.compliance.ccs@utc.com</g>.</mrk> </seg-source><target><mrk mtype="seg" mid="167"><g id="1557">Falls Sie Anmerkungen oder Fragen zu diesem Datenschutzhinweis haben oder Informationen dazu erhalten wollen, wie wir oder unsere Dienstleister Ihre personenbezogenen Daten behandeln, oder falls es andere Dinge gibt, die wir tun können, damit diese Website oder App für Sie den größtmöglichen Nutzen bringt, senden Sie uns bitte eine E-Mail an </g><g id="1591" xid="b8d10e52-2b09-4e15-aaed-37eef10a6f2a">webmaster.ccs@utc.com</g><g id="1597">.</g></mrk><g id="1597">  </g><mrk mtype="seg" mid="168"><g id="1597">Falls Sie allgemeine Fragen zu den Datenschutzmaßnahmen von CCS haben, senden Sie bitte eine E-Mail an</g><g id="1601" xid="c017d0af-1ad1-4974-9f46-1b36faf2c4c4"> privacy.compliance.ccs@utc.com</g>.</mrk> </target><sdl:seg-defs><sdl:seg id="167" conf="Translated" origin="interactive"><sdl:prev-origin origin="source"><sdl:prev-origin origin="tm" origin-system="LocalizationKit_en-US_de-DE" percent="100" text-match="SourceAndTarget"><sdl:prev-origin/><sdl:value key="SegmentIdentityHash">Qf11gqlbTEEF3rgQWPLyBNymf7M=</sdl:value><sdl:value key="created_by">DESKTOP-USI39UT\Brigitta</sdl:value><sdl:value key="created_on">10/05/2017 11:26:58</sdl:value><sdl:value key="last_modified_by">DESKTOP-USI39UT\Brigitta</sdl:value><sdl:value key="modified_on">10/06/2017 10:30:48</sdl:value><sdl:value key="SDL:OriginalTranslationHash">-1600156396</sdl:value></sdl:prev-origin><sdl:value key="SegmentIdentityHash">Qf11gqlbTEEF3rgQWPLyBNymf7M=</sdl:value><sdl:value key="created_by">RHEINDOM\d.bartsch</sdl:value><sdl:value key="created_on">10/10/2017 07:35:26</sdl:value><sdl:value key="last_modified_by">RHEINDOM\d.bartsch</sdl:value><sdl:value key="modified_on">10/10/2017 07:35:33</sdl:value><sdl:value key="SDL:OriginalTranslationHash">604740884</sdl:value></sdl:prev-origin><sdl:value key="SegmentIdentityHash">Qf11gqlbTEEF3rgQWPLyBNymf7M=</sdl:value><sdl:value key="created_by">RHEINDOM\d.bartsch</sdl:value><sdl:value key="created_on">10/10/2017 07:35:37</sdl:value><sdl:value key="last_modified_by">RHEINDOM\d.bartsch</sdl:value><sdl:value key="modified_on">10/10/2017 07:35:39</sdl:value><sdl:value key="SDL:OriginalTranslationHash">-433772204</sdl:value></sdl:seg><sdl:seg id="168" conf="Translated" origin="tm" origin-system="LocalizationKit_en-US_de-DE" percent="100" text-match="SourceAndTarget"><sdl:value key="SegmentIdentityHash">9lCRPW/aNu0yaWe4IzxRJUG9Wc8=</sdl:value><sdl:value key="created_by">DESKTOP-USI39UT\Brigitta</sdl:value><sdl:value key="created_on">10/05/2017 11:29:02</sdl:value><sdl:value key="last_modified_by">DESKTOP-USI39UT\Brigitta</sdl:value><sdl:value key="modified_on">10/06/2017 10:30:48</sdl:value><sdl:value key="SDL:OriginalTranslationHash">1663766654</sdl:value></sdl:seg></sdl:seg-defs></trans-unit></group><group><sdl:cxts><sdl:cxt id="108"/></sdl:cxts><trans-unit id="b8d10e52-2b09-4e15-aaed-37eef10a6f2a"><source>webmaster.ccs@utc.com</source><seg-source><mrk mtype="seg" mid="169">webmaster.ccs@utc.com</mrk></seg-source><target><mrk mtype="seg" mid="169">webmaster.ccs@utc.com</mrk></target><sdl:seg-defs><sdl:seg id="169" conf="Translated" origin="tm" origin-system="LocalizationKit_en-US_de-DE" percent="100"><sdl:value key="SegmentIdentityHash">iLGaZy8lXbvuN66Nqx6hU/v/f7I=</sdl:value><sdl:value key="created_by">DESKTOP-USI39UT\Brigitta</sdl:value><sdl:value key="created_on">10/05/2017 11:29:33</sdl:value><sdl:value key="last_modified_by">DESKTOP-USI39UT\Brigitta</sdl:value><sdl:value key="modified_on">10/06/2017 10:30:48</sdl:value><sdl:value key="SDL:OriginalTranslationHash">-2044780151</sdl:value></sdl:seg></sdl:seg-defs></trans-unit></group><group><sdl:cxts><sdl:cxt id="109"/></sdl:cxts><trans-unit id="c017d0af-1ad1-4974-9f46-1b36faf2c4c4"><source>privacy.compliance.ccs@utc.com</source><seg-source><mrk mtype="seg" mid="170">privacy.compliance.ccs@utc.com</mrk></seg-source><target><mrk mtype="seg" mid="170">privacy.compliance.ccs@utc.com</mrk></target><sdl:seg-defs><sdl:seg id="170" conf="Translated" origin="tm" origin-system="LocalizationKit_en-US_de-DE" percent="100" text-match="SourceAndTarget"><sdl:rep id="XIkr2gLBu88J61TndouhKBSsqW4="/><sdl:value key="SegmentIdentityHash">XIkr2gLBu88J61TndouhKBSsqW4=</sdl:value><sdl:value key="created_by">DESKTOP-USI39UT\Brigitta</sdl:value><sdl:value key="created_on">10/04/2017 14:21:26</sdl:value><sdl:value key="last_modified_by">DESKTOP-USI39UT\Brigitta</sdl:value><sdl:value key="modified_on">10/06/2017 10:30:49</sdl:value><sdl:value key="SDL:OriginalTranslationHash">-1650288057</sdl:value></sdl:seg></sdl:seg-defs></trans-unit></group><group><sdl:cxts><sdl:cxt id="110"/><sdl:cxt id="4"/></sdl:cxts><trans-unit id="28652701-14a9-4446-baba-a829e512b445"><source>In the event that you are located in a country that will be governed by the General Data Protection Regulation and would like to contact the local Data Protection Officer, please note that in your email and your inquiry will be directed to the appropriate person.  If you wish to opt-out from sharing your Personal Information with us or have your Personal Information be removed, you should follow <g id="1617" xid="4e929f39-a2b4-43c1-a2b3-ffd63c9183dc">this link</g>.</source><seg-source><mrk mtype="seg" mid="171">In the event that you are located in a country that will be governed by the General Data Protection Regulation and would like to contact the local Data Protection Officer, please note that in your email and your inquiry will be directed to the appropriate person.</mrk>  <mrk mtype="seg" mid="172">If you wish to opt-out from sharing your Personal Information with us or have your Personal Information be removed, you should follow <g id="1617" xid="4e929f39-a2b4-43c1-a2b3-ffd63c9183dc">this link</g>.</mrk></seg-source><target><mrk mtype="seg" mid="171">Falls Sie in einem Land leben, in dem die Datenschutz-Grundverordnung gilt, und Sie gerne den lokalen Datenschutzbeauftragten kontaktieren möchten, vermerken Sie dies bitte in Ihrer E-Mail, damit wir Ihre Anfrage an die zuständige Person weiterleiten können.</mrk>  <mrk mtype="seg" mid="172">Wenn Sie keine personenbezogenen Daten mehr an uns weitergegeben wollen oder wünschen, dass Ihre personenbezogenen Daten gelöscht werden, folgen Sie bitte <g id="1617" xid="4e929f39-a2b4-43c1-a2b3-ffd63c9183dc">diesem Link</g>.</mrk></target><sdl:seg-defs><sdl:seg id="171" conf="Translated" origin="interactive" percent="100" text-match="SourceAndTarget"><sdl:prev-origin origin="tm" origin-system="LocalizationKit_en-US_de-DE" percent="100" text-match="SourceAndTarget"><sdl:prev-origin/><sdl:value key="SegmentIdentityHash">or7l/9Kga9eGPLIfF2/B9y3ycHM=</sdl:value><sdl:value key="created_by">DESKTOP-USI39UT\Brigitta</sdl:value><sdl:value key="created_on">10/05/2017 11:30:47</sdl:value><sdl:value key="last_modified_by">DESKTOP-USI39UT\Brigitta</sdl:value><sdl:value key="modified_on">10/06/2017 10:30:49</sdl:value><sdl:value key="SDL:OriginalTranslationHash">1719458181</sdl:value></sdl:prev-origin><sdl:value key="SegmentIdentityHash">or7l/9Kga9eGPLIfF2/B9y3ycHM=</sdl:value><sdl:value key="created_by">RHEINDOM\d.bartsch</sdl:value><sdl:value key="created_on">10/10/2017 07:35:59</sdl:value><sdl:value key="last_modified_by">RHEINDOM\d.bartsch</sdl:value><sdl:value key="modified_on">10/10/2017 07:35:59</sdl:value><sdl:value key="SDL:OriginalTranslationHash">-512523932</sdl:value></sdl:seg><sdl:seg id="172" conf="Translated" origin="tm" origin-system="LocalizationKit_en-US_de-DE" percent="100" text-match="SourceAndTarget"><sdl:value key="SegmentIdentityHash">WNJ4xkq57K8hhkwaKDMXppZCrjU=</sdl:value><sdl:value key="created_by">DESKTOP-USI39UT\Brigitta</sdl:value><sdl:value key="created_on">10/05/2017 11:32:39</sdl:value><sdl:value key="last_modified_by">DESKTOP-USI39UT\Brigitta</sdl:value><sdl:value key="modified_on">10/06/2017 10:30:49</sdl:value><sdl:value key="SDL:OriginalTranslationHash">-2124590154</sdl:value></sdl:seg></sdl:seg-defs></trans-unit></group><group><sdl:cxts><sdl:cxt id="111"/></sdl:cxts><trans-unit id="4e929f39-a2b4-43c1-a2b3-ffd63c9183dc"><source>privacy.compliance.ccs@utc.com</source><seg-source><mrk mtype="seg" mid="173">privacy.compliance.ccs@utc.com</mrk></seg-source><target><mrk mtype="seg" mid="173">privacy.compliance.ccs@utc.com</mrk></target><sdl:seg-defs><sdl:seg id="173" conf="Translated" origin="tm" origin-system="LocalizationKit_en-US_de-DE" percent="100"><sdl:rep id="XIkr2gLBu88J61TndouhKBSsqW4="/><sdl:value key="SegmentIdentityHash">XIkr2gLBu88J61TndouhKBSsqW4=</sdl:value><sdl:value key="created_by">DESKTOP-USI39UT\Brigitta</sdl:value><sdl:value key="created_on">10/04/2017 14:21:26</sdl:value><sdl:value key="last_modified_by">DESKTOP-USI39UT\Brigitta</sdl:value><sdl:value key="modified_on">10/06/2017 10:30:50</sdl:value><sdl:value key="SDL:OriginalTranslationHash">-1650288057</sdl:value></sdl:seg></sdl:seg-defs></trans-unit></group><group><sdl:cxts><sdl:cxt id="112"/><sdl:cxt id="4"/></sdl:cxts><trans-unit id="7e6dc7b1-6409-44dc-a8b0-155b83177650"><source>Last updated on August 28, 2017</source><seg-source><mrk mtype="seg" mid="174">Last updated on August 28, 2017</mrk></seg-source><target><mrk mtype="seg" mid="174">Stand: 28. August 2017</mrk></target><sdl:seg-defs><sdl:seg id="174" conf="Translated" origin="tm" origin-system="LocalizationKit_en-US_de-DE" percent="100" text-match="SourceAndTarget"><sdl:value key="SegmentIdentityHash">FibRPlTa8Qpt4dpln4B7tQQ6xMg=</sdl:value><sdl:value key="created_by">DESKTOP-USI39UT\Brigitta</sdl:value><sdl:value key="created_on">10/05/2017 11:36:09</sdl:value><sdl:value key="last_modified_by">DESKTOP-USI39UT\Brigitta</sdl:value><sdl:value key="modified_on">10/06/2017 10:30:50</sdl:value><sdl:value key="SDL:OriginalTranslationHash">-863305466</sdl:value></sdl:seg></sdl:seg-defs></trans-unit></group></body></file></xliff>